This is pdfTeX, Version 3.14159265-2.6-1.40.21 (TeX Live 2020) (preloaded format=pdflatex 2020.10.21)  23 MAR 2021 18:57
entering extended mode
 restricted \write18 enabled.
 %&-line parsing enabled.
**plots/plot.tex
(./plots/plot.tex
LaTeX2e <2020-02-02> patch level 5
L3 programming layer <2020-03-06>
(/usr/local/texlive/2020/texmf-dist/tex/latex/base/article.cls
Document Class: article 2019/12/20 v1.4l Standard LaTeX document class
(/usr/local/texlive/2020/texmf-dist/tex/latex/base/size11.clo
File: size11.clo 2019/12/20 v1.4l Standard LaTeX file (size option)
)
\c@part=\count167
\c@section=\count168
\c@subsection=\count169
\c@subsubsection=\count170
\c@paragraph=\count171
\c@subparagraph=\count172
\c@figure=\count173
\c@table=\count174
\abovecaptionskip=\skip47
\belowcaptionskip=\skip48
\bibindent=\dimen134
)
(/usr/local/texlive/2020/texmf-dist/tex/latex/geometry/geometry.sty
Package: geometry 2020/01/02 v5.9 Page Geometry

(/usr/local/texlive/2020/texmf-dist/tex/latex/graphics/keyval.sty
Package: keyval 2014/10/28 v1.15 key=value parser (DPC)
\KV@toks@=\toks15
)
(/usr/local/texlive/2020/texmf-dist/tex/generic/iftex/ifvtex.sty
Package: ifvtex 2019/10/25 v1.7 ifvtex legacy package. Use iftex instead.

(/usr/local/texlive/2020/texmf-dist/tex/generic/iftex/iftex.sty
Package: iftex 2020/03/06 v1.0d TeX engine tests
))
\Gm@cnth=\count175
\Gm@cntv=\count176
\c@Gm@tempcnt=\count177
\Gm@bindingoffset=\dimen135
\Gm@wd@mp=\dimen136
\Gm@odd@mp=\dimen137
\Gm@even@mp=\dimen138
\Gm@layoutwidth=\dimen139
\Gm@layoutheight=\dimen140
\Gm@layouthoffset=\dimen141
\Gm@layoutvoffset=\dimen142
\Gm@dimlist=\toks16
)
(/usr/local/texlive/2020/texmf-dist/tex/latex/graphics/graphicx.sty
Package: graphicx 2019/11/30 v1.2a Enhanced LaTeX Graphics (DPC,SPQR)

(/usr/local/texlive/2020/texmf-dist/tex/latex/graphics/graphics.sty
Package: graphics 2019/11/30 v1.4a Standard LaTeX Graphics (DPC,SPQR)

(/usr/local/texlive/2020/texmf-dist/tex/latex/graphics/trig.sty
Package: trig 2016/01/03 v1.10 sin cos tan (DPC)
)
(/usr/local/texlive/2020/texmf-dist/tex/latex/graphics-cfg/graphics.cfg
File: graphics.cfg 2016/06/04 v1.11 sample graphics configuration
)
Package graphics Info: Driver file: pdftex.def on input line 105.

(/usr/local/texlive/2020/texmf-dist/tex/latex/graphics-def/pdftex.def
File: pdftex.def 2018/01/08 v1.0l Graphics/color driver for pdftex
))
\Gin@req@height=\dimen143
\Gin@req@width=\dimen144
)
(/usr/local/texlive/2020/texmf-dist/tex/latex/booktabs/booktabs.sty
Package: booktabs 2020/01/12 v1.61803398 Publication quality tables
\heavyrulewidth=\dimen145
\lightrulewidth=\dimen146
\cmidrulewidth=\dimen147
\belowrulesep=\dimen148
\belowbottomsep=\dimen149
\aboverulesep=\dimen150
\abovetopsep=\dimen151
\cmidrulesep=\dimen152
\cmidrulekern=\dimen153
\defaultaddspace=\dimen154
\@cmidla=\count178
\@cmidlb=\count179
\@aboverulesep=\dimen155
\@belowrulesep=\dimen156
\@thisruleclass=\count180
\@lastruleclass=\count181
\@thisrulewidth=\dimen157
)
(/usr/local/texlive/2020/texmf-dist/tex/latex/multirow/multirow.sty
Package: multirow 2019/05/31 v2.5 Span multiple rows of a table
\multirow@colwidth=\skip49
\multirow@cntb=\count182
\multirow@dima=\skip50
\bigstrutjot=\dimen158
)
(/usr/local/texlive/2020/texmf-dist/tex/latex/tools/longtable.sty
Package: longtable 2020/01/07 v4.13 Multi-page Table package (DPC)
\LTleft=\skip51
\LTright=\skip52
\LTpre=\skip53
\LTpost=\skip54
\LTchunksize=\count183
\LTcapwidth=\dimen159
\LT@head=\box45
\LT@firsthead=\box46
\LT@foot=\box47
\LT@lastfoot=\box48
\LT@cols=\count184
\LT@rows=\count185
\c@LT@tables=\count186
\c@LT@chunks=\count187
\LT@p@ftn=\toks17
)
(/usr/local/texlive/2020/texmf-dist/tex/latex/l3backend/l3backend-pdfmode.def
File: l3backend-pdfmode.def 2020-03-12 L3 backend support: PDF mode
\l__kernel_color_stack_int=\count188
\l__pdf_internal_box=\box49
)
(./plot.aux)
\openout1 = `plot.aux'.

LaTeX Font Info:    Checking defaults for OML/cmm/m/it on input line 8.
LaTeX Font Info:    ... okay on input line 8.
LaTeX Font Info:    Checking defaults for OMS/cmsy/m/n on input line 8.
LaTeX Font Info:    ... okay on input line 8.
LaTeX Font Info:    Checking defaults for OT1/cmr/m/n on input line 8.
LaTeX Font Info:    ... okay on input line 8.
LaTeX Font Info:    Checking defaults for T1/cmr/m/n on input line 8.
LaTeX Font Info:    ... okay on input line 8.
LaTeX Font Info:    Checking defaults for TS1/cmr/m/n on input line 8.
LaTeX Font Info:    ... okay on input line 8.
LaTeX Font Info:    Checking defaults for OMX/cmex/m/n on input line 8.
LaTeX Font Info:    ... okay on input line 8.
LaTeX Font Info:    Checking defaults for U/cmr/m/n on input line 8.
LaTeX Font Info:    ... okay on input line 8.

*geometry* driver: auto-detecting
*geometry* detected driver: pdftex
*geometry* verbose mode - [ preamble ] result:
* driver: pdftex
* paper: custom
* layout: <same size as paper>
* layoutoffset:(h,v)=(0.0pt,0.0pt)
* modes: landscape 
* h-part:(L,W,R)=(14.22636pt, 1394.18506pt, 14.22636pt)
* v-part:(T,H,B)=(14.22636pt, 2247.76773pt, 14.22636pt)
* \paperwidth=1422.63779pt
* \paperheight=2276.22046pt
* \textwidth=1394.18506pt
* \textheight=2247.76773pt
* \oddsidemargin=-58.04362pt
* \evensidemargin=-58.04362pt
* \topmargin=-95.04362pt
* \headheight=12.0pt
* \headsep=25.0pt
* \topskip=11.0pt
* \footskip=30.0pt
* \marginparwidth=59.0pt
* \marginparsep=10.0pt
* \columnsep=10.0pt
* \skip\footins=10.0pt plus 4.0pt minus 2.0pt
* \hoffset=0.0pt
* \voffset=0.0pt
* \mag=1000
* \@twocolumnfalse
* \@twosidefalse
* \@mparswitchfalse
* \@reversemarginfalse
* (1in=72.27pt=25.4mm, 1cm=28.453pt)

(/usr/local/texlive/2020/texmf-dist/tex/context/base/mkii/supp-pdf.mkii
[Loading MPS to PDF converter (version 2006.09.02).]
\scratchcounter=\count189
\scratchdimen=\dimen160
\scratchbox=\box50
\nofMPsegments=\count190
\nofMParguments=\count191
\everyMPshowfont=\toks18
\MPscratchCnt=\count192
\MPscratchDim=\dimen161
\MPnumerator=\count193
\makeMPintoPDFobject=\count194
\everyMPtoPDFconversion=\toks19
) (/usr/local/texlive/2020/texmf-dist/tex/latex/epstopdf-pkg/epstopdf-base.sty
Package: epstopdf-base 2020-01-24 v2.11 Base part for package epstopdf
Package epstopdf-base Info: Redefining graphics rule for `.eps' on input line 4
85.

(/usr/local/texlive/2020/texmf-dist/tex/latex/latexconfig/epstopdf-sys.cfg
File: epstopdf-sys.cfg 2010/07/13 v1.3 Configuration of (r)epstopdf for TeX Liv
e
))
<images/indelible_4.png, id=1, 1445.4pt x 867.24pt>
File: images/indelible_4.png Graphic file (type png)
<use images/indelible_4.png>
Package pdftex.def Info: images/indelible_4.png  used on input line 12.
(pdftex.def)             Requested size: 79.99348pt x 79.99348pt.
<images/ancestralcost_4.png, id=3, 1445.4pt x 867.24pt>
File: images/ancestralcost_4.png Graphic file (type png)
<use images/ancestralcost_4.png>
Package pdftex.def Info: images/ancestralcost_4.png  used on input line 12.
(pdftex.def)             Requested size: 79.99348pt x 79.99348pt.
<images/BEML_4.png, id=4, 1445.4pt x 867.24pt>
File: images/BEML_4.png Graphic file (type png)
<use images/BEML_4.png>
Package pdftex.def Info: images/BEML_4.png  used on input line 12.
(pdftex.def)             Requested size: 79.99348pt x 79.99348pt.
<images/PSML_4.png, id=5, 1445.4pt x 867.24pt>
File: images/PSML_4.png Graphic file (type png)
<use images/PSML_4.png>
Package pdftex.def Info: images/PSML_4.png  used on input line 12.
(pdftex.def)             Requested size: 79.99348pt x 79.99348pt.
<images/BEP_4.png, id=6, 1445.4pt x 867.24pt>
File: images/BEP_4.png Graphic file (type png)
<use images/BEP_4.png>
Package pdftex.def Info: images/BEP_4.png  used on input line 12.
(pdftex.def)             Requested size: 79.99348pt x 79.99348pt.
<images/PSP_4.png, id=7, 1445.4pt x 867.24pt>
File: images/PSP_4.png Graphic file (type png)
<use images/PSP_4.png>
Package pdftex.def Info: images/PSP_4.png  used on input line 12.
(pdftex.def)             Requested size: 79.99348pt x 79.99348pt.
<images/indelible_5.png, id=8, 1445.4pt x 867.24pt>
File: images/indelible_5.png Graphic file (type png)
<use images/indelible_5.png>
Package pdftex.def Info: images/indelible_5.png  used on input line 18.
(pdftex.def)             Requested size: 79.99348pt x 79.99348pt.
<images/ancestralcost_5.png, id=9, 1445.4pt x 867.24pt>
File: images/ancestralcost_5.png Graphic file (type png)
<use images/ancestralcost_5.png>
Package pdftex.def Info: images/ancestralcost_5.png  used on input line 18.
(pdftex.def)             Requested size: 79.99348pt x 79.99348pt.
<images/BEML_5.png, id=10, 1445.4pt x 867.24pt>
File: images/BEML_5.png Graphic file (type png)
<use images/BEML_5.png>
Package pdftex.def Info: images/BEML_5.png  used on input line 18.
(pdftex.def)             Requested size: 79.99348pt x 79.99348pt.
<images/PSML_5.png, id=11, 1445.4pt x 867.24pt>
File: images/PSML_5.png Graphic file (type png)
<use images/PSML_5.png>
Package pdftex.def Info: images/PSML_5.png  used on input line 18.
(pdftex.def)             Requested size: 79.99348pt x 79.99348pt.
<images/BEP_5.png, id=12, 1445.4pt x 867.24pt>
File: images/BEP_5.png Graphic file (type png)
<use images/BEP_5.png>
Package pdftex.def Info: images/BEP_5.png  used on input line 18.
(pdftex.def)             Requested size: 79.99348pt x 79.99348pt.
<images/PSP_5.png, id=13, 1445.4pt x 867.24pt>
File: images/PSP_5.png Graphic file (type png)
<use images/PSP_5.png>
Package pdftex.def Info: images/PSP_5.png  used on input line 18.
(pdftex.def)             Requested size: 79.99348pt x 79.99348pt.
<images/indelible_6.png, id=14, 1445.4pt x 867.24pt>
File: images/indelible_6.png Graphic file (type png)
<use images/indelible_6.png>
Package pdftex.def Info: images/indelible_6.png  used on input line 24.
(pdftex.def)             Requested size: 79.99348pt x 79.99348pt.
<images/ancestralcost_6.png, id=15, 1445.4pt x 867.24pt>
File: images/ancestralcost_6.png Graphic file (type png)
<use images/ancestralcost_6.png>
Package pdftex.def Info: images/ancestralcost_6.png  used on input line 24.
(pdftex.def)             Requested size: 79.99348pt x 79.99348pt.
<images/BEML_6.png, id=16, 1445.4pt x 867.24pt>
File: images/BEML_6.png Graphic file (type png)
<use images/BEML_6.png>
Package pdftex.def Info: images/BEML_6.png  used on input line 24.
(pdftex.def)             Requested size: 79.99348pt x 79.99348pt.
<images/PSML_6.png, id=17, 1445.4pt x 867.24pt>
File: images/PSML_6.png Graphic file (type png)
<use images/PSML_6.png>
Package pdftex.def Info: images/PSML_6.png  used on input line 24.
(pdftex.def)             Requested size: 79.99348pt x 79.99348pt.
<images/BEP_6.png, id=18, 1445.4pt x 867.24pt>
File: images/BEP_6.png Graphic file (type png)
<use images/BEP_6.png>
Package pdftex.def Info: images/BEP_6.png  used on input line 24.
(pdftex.def)             Requested size: 79.99348pt x 79.99348pt.
<images/PSP_6.png, id=19, 1445.4pt x 867.24pt>
File: images/PSP_6.png Graphic file (type png)
<use images/PSP_6.png>
Package pdftex.def Info: images/PSP_6.png  used on input line 24.
(pdftex.def)             Requested size: 79.99348pt x 79.99348pt.
<images/indelible_7.png, id=20, 1445.4pt x 867.24pt>
File: images/indelible_7.png Graphic file (type png)
<use images/indelible_7.png>
Package pdftex.def Info: images/indelible_7.png  used on input line 30.
(pdftex.def)             Requested size: 79.99348pt x 79.99348pt.
<images/ancestralcost_7.png, id=21, 1445.4pt x 867.24pt>
File: images/ancestralcost_7.png Graphic file (type png)
<use images/ancestralcost_7.png>
Package pdftex.def Info: images/ancestralcost_7.png  used on input line 30.
(pdftex.def)             Requested size: 79.99348pt x 79.99348pt.
<images/BEML_7.png, id=22, 1445.4pt x 867.24pt>
File: images/BEML_7.png Graphic file (type png)
<use images/BEML_7.png>
Package pdftex.def Info: images/BEML_7.png  used on input line 30.
(pdftex.def)             Requested size: 79.99348pt x 79.99348pt.
<images/PSML_7.png, id=23, 1445.4pt x 867.24pt>
File: images/PSML_7.png Graphic file (type png)
<use images/PSML_7.png>
Package pdftex.def Info: images/PSML_7.png  used on input line 30.
(pdftex.def)             Requested size: 79.99348pt x 79.99348pt.
<images/BEP_7.png, id=24, 1445.4pt x 867.24pt>
File: images/BEP_7.png Graphic file (type png)
<use images/BEP_7.png>
Package pdftex.def Info: images/BEP_7.png  used on input line 30.
(pdftex.def)             Requested size: 79.99348pt x 79.99348pt.
<images/PSP_7.png, id=25, 1445.4pt x 867.24pt>
File: images/PSP_7.png Graphic file (type png)
<use images/PSP_7.png>
Package pdftex.def Info: images/PSP_7.png  used on input line 30.
(pdftex.def)             Requested size: 79.99348pt x 79.99348pt.

Underfull \vbox (badness 10000) detected at line 30
 []

<images/indelible_8.png, id=26, 1445.4pt x 867.24pt>
File: images/indelible_8.png Graphic file (type png)
<use images/indelible_8.png>
Package pdftex.def Info: images/indelible_8.png  used on input line 36.
(pdftex.def)             Requested size: 79.99348pt x 79.99348pt.
<images/ancestralcost_8.png, id=27, 1445.4pt x 867.24pt>
File: images/ancestralcost_8.png Graphic file (type png)
<use images/ancestralcost_8.png>
Package pdftex.def Info: images/ancestralcost_8.png  used on input line 36.
(pdftex.def)             Requested size: 79.99348pt x 79.99348pt.
<images/BEML_8.png, id=28, 1445.4pt x 867.24pt>
File: images/BEML_8.png Graphic file (type png)
<use images/BEML_8.png>
Package pdftex.def Info: images/BEML_8.png  used on input line 36.
(pdftex.def)             Requested size: 79.99348pt x 79.99348pt.
<images/PSML_8.png, id=29, 1445.4pt x 867.24pt>
File: images/PSML_8.png Graphic file (type png)
<use images/PSML_8.png>
Package pdftex.def Info: images/PSML_8.png  used on input line 36.
(pdftex.def)             Requested size: 79.99348pt x 79.99348pt.
<images/BEP_8.png, id=30, 1445.4pt x 867.24pt>
File: images/BEP_8.png Graphic file (type png)
<use images/BEP_8.png>
Package pdftex.def Info: images/BEP_8.png  used on input line 36.
(pdftex.def)             Requested size: 79.99348pt x 79.99348pt.
<images/PSP_8.png, id=31, 1445.4pt x 867.24pt>
File: images/PSP_8.png Graphic file (type png)
<use images/PSP_8.png>
Package pdftex.def Info: images/PSP_8.png  used on input line 36.
(pdftex.def)             Requested size: 79.99348pt x 79.99348pt.
<images/indelible_9.png, id=32, 1445.4pt x 867.24pt>
File: images/indelible_9.png Graphic file (type png)
<use images/indelible_9.png>
Package pdftex.def Info: images/indelible_9.png  used on input line 42.
(pdftex.def)             Requested size: 79.99348pt x 79.99348pt.
<images/ancestralcost_9.png, id=33, 1445.4pt x 867.24pt>
File: images/ancestralcost_9.png Graphic file (type png)
<use images/ancestralcost_9.png>
Package pdftex.def Info: images/ancestralcost_9.png  used on input line 42.
(pdftex.def)             Requested size: 79.99348pt x 79.99348pt.
<images/BEML_9.png, id=34, 1445.4pt x 867.24pt>
File: images/BEML_9.png Graphic file (type png)
<use images/BEML_9.png>
Package pdftex.def Info: images/BEML_9.png  used on input line 42.
(pdftex.def)             Requested size: 79.99348pt x 79.99348pt.
<images/PSML_9.png, id=35, 1445.4pt x 867.24pt>
File: images/PSML_9.png Graphic file (type png)
<use images/PSML_9.png>
Package pdftex.def Info: images/PSML_9.png  used on input line 42.
(pdftex.def)             Requested size: 79.99348pt x 79.99348pt.
<images/BEP_9.png, id=36, 1445.4pt x 867.24pt>
File: images/BEP_9.png Graphic file (type png)
<use images/BEP_9.png>
Package pdftex.def Info: images/BEP_9.png  used on input line 42.
(pdftex.def)             Requested size: 79.99348pt x 79.99348pt.
<images/PSP_9.png, id=37, 1445.4pt x 867.24pt>
File: images/PSP_9.png Graphic file (type png)
<use images/PSP_9.png>
Package pdftex.def Info: images/PSP_9.png  used on input line 42.
(pdftex.def)             Requested size: 79.99348pt x 79.99348pt.
<images/indelible_10.png, id=38, 1445.4pt x 867.24pt>
File: images/indelible_10.png Graphic file (type png)
<use images/indelible_10.png>
Package pdftex.def Info: images/indelible_10.png  used on input line 48.
(pdftex.def)             Requested size: 79.99348pt x 79.99348pt.
<images/ancestralcost_10.png, id=39, 1445.4pt x 867.24pt>
File: images/ancestralcost_10.png Graphic file (type png)
<use images/ancestralcost_10.png>
Package pdftex.def Info: images/ancestralcost_10.png  used on input line 48.
(pdftex.def)             Requested size: 79.99348pt x 79.99348pt.
<images/BEML_10.png, id=40, 1445.4pt x 867.24pt>
File: images/BEML_10.png Graphic file (type png)
<use images/BEML_10.png>
Package pdftex.def Info: images/BEML_10.png  used on input line 48.
(pdftex.def)             Requested size: 79.99348pt x 79.99348pt.
<images/PSML_10.png, id=41, 1445.4pt x 867.24pt>
File: images/PSML_10.png Graphic file (type png)
<use images/PSML_10.png>
Package pdftex.def Info: images/PSML_10.png  used on input line 48.
(pdftex.def)             Requested size: 79.99348pt x 79.99348pt.
<images/BEP_10.png, id=42, 1445.4pt x 867.24pt>
File: images/BEP_10.png Graphic file (type png)
<use images/BEP_10.png>
Package pdftex.def Info: images/BEP_10.png  used on input line 48.
(pdftex.def)             Requested size: 79.99348pt x 79.99348pt.
<images/PSP_10.png, id=43, 1445.4pt x 867.24pt>
File: images/PSP_10.png Graphic file (type png)
<use images/PSP_10.png>
Package pdftex.def Info: images/PSP_10.png  used on input line 48.
(pdftex.def)             Requested size: 79.99348pt x 79.99348pt.
<images/indelible_11.png, id=44, 1445.4pt x 867.24pt>
File: images/indelible_11.png Graphic file (type png)
<use images/indelible_11.png>
Package pdftex.def Info: images/indelible_11.png  used on input line 54.
(pdftex.def)             Requested size: 79.99348pt x 79.99348pt.
<images/ancestralcost_11.png, id=45, 1445.4pt x 867.24pt>
File: images/ancestralcost_11.png Graphic file (type png)
<use images/ancestralcost_11.png>
Package pdftex.def Info: images/ancestralcost_11.png  used on input line 54.
(pdftex.def)             Requested size: 79.99348pt x 79.99348pt.
<images/BEML_11.png, id=46, 1445.4pt x 867.24pt>
File: images/BEML_11.png Graphic file (type png)
<use images/BEML_11.png>
Package pdftex.def Info: images/BEML_11.png  used on input line 54.
(pdftex.def)             Requested size: 79.99348pt x 79.99348pt.
<images/PSML_11.png, id=47, 1445.4pt x 867.24pt>
File: images/PSML_11.png Graphic file (type png)
<use images/PSML_11.png>
Package pdftex.def Info: images/PSML_11.png  used on input line 54.
(pdftex.def)             Requested size: 79.99348pt x 79.99348pt.
<images/BEP_11.png, id=48, 1445.4pt x 867.24pt>
File: images/BEP_11.png Graphic file (type png)
<use images/BEP_11.png>
Package pdftex.def Info: images/BEP_11.png  used on input line 54.
(pdftex.def)             Requested size: 79.99348pt x 79.99348pt.
<images/PSP_11.png, id=49, 1445.4pt x 867.24pt>
File: images/PSP_11.png Graphic file (type png)
<use images/PSP_11.png>
Package pdftex.def Info: images/PSP_11.png  used on input line 54.
(pdftex.def)             Requested size: 79.99348pt x 79.99348pt.
<images/indelible_12.png, id=50, 1445.4pt x 867.24pt>
File: images/indelible_12.png Graphic file (type png)
<use images/indelible_12.png>
Package pdftex.def Info: images/indelible_12.png  used on input line 60.
(pdftex.def)             Requested size: 79.99348pt x 79.99348pt.
<images/ancestralcost_12.png, id=51, 1445.4pt x 867.24pt>
File: images/ancestralcost_12.png Graphic file (type png)
<use images/ancestralcost_12.png>
Package pdftex.def Info: images/ancestralcost_12.png  used on input line 60.
(pdftex.def)             Requested size: 79.99348pt x 79.99348pt.
<images/BEML_12.png, id=52, 1445.4pt x 867.24pt>
File: images/BEML_12.png Graphic file (type png)
<use images/BEML_12.png>
Package pdftex.def Info: images/BEML_12.png  used on input line 60.
(pdftex.def)             Requested size: 79.99348pt x 79.99348pt.
<images/PSML_12.png, id=53, 1445.4pt x 867.24pt>
File: images/PSML_12.png Graphic file (type png)
<use images/PSML_12.png>
Package pdftex.def Info: images/PSML_12.png  used on input line 60.
(pdftex.def)             Requested size: 79.99348pt x 79.99348pt.
<images/BEP_12.png, id=54, 1445.4pt x 867.24pt>
File: images/BEP_12.png Graphic file (type png)
<use images/BEP_12.png>
Package pdftex.def Info: images/BEP_12.png  used on input line 60.
(pdftex.def)             Requested size: 79.99348pt x 79.99348pt.
<images/PSP_12.png, id=55, 1445.4pt x 867.24pt>
File: images/PSP_12.png Graphic file (type png)
<use images/PSP_12.png>
Package pdftex.def Info: images/PSP_12.png  used on input line 60.
(pdftex.def)             Requested size: 79.99348pt x 79.99348pt.
<images/indelible_13.png, id=56, 1445.4pt x 867.24pt>
File: images/indelible_13.png Graphic file (type png)
<use images/indelible_13.png>
Package pdftex.def Info: images/indelible_13.png  used on input line 66.
(pdftex.def)             Requested size: 79.99348pt x 79.99348pt.
<images/ancestralcost_13.png, id=57, 1445.4pt x 867.24pt>
File: images/ancestralcost_13.png Graphic file (type png)
<use images/ancestralcost_13.png>
Package pdftex.def Info: images/ancestralcost_13.png  used on input line 66.
(pdftex.def)             Requested size: 79.99348pt x 79.99348pt.
<images/BEML_13.png, id=58, 1445.4pt x 867.24pt>
File: images/BEML_13.png Graphic file (type png)
<use images/BEML_13.png>
Package pdftex.def Info: images/BEML_13.png  used on input line 66.
(pdftex.def)             Requested size: 79.99348pt x 79.99348pt.
<images/PSML_13.png, id=59, 1445.4pt x 867.24pt>
File: images/PSML_13.png Graphic file (type png)
<use images/PSML_13.png>
Package pdftex.def Info: images/PSML_13.png  used on input line 66.
(pdftex.def)             Requested size: 79.99348pt x 79.99348pt.
<images/BEP_13.png, id=60, 1445.4pt x 867.24pt>
File: images/BEP_13.png Graphic file (type png)
<use images/BEP_13.png>
Package pdftex.def Info: images/BEP_13.png  used on input line 66.
(pdftex.def)             Requested size: 79.99348pt x 79.99348pt.
<images/PSP_13.png, id=61, 1445.4pt x 867.24pt>
File: images/PSP_13.png Graphic file (type png)
<use images/PSP_13.png>
Package pdftex.def Info: images/PSP_13.png  used on input line 66.
(pdftex.def)             Requested size: 79.99348pt x 79.99348pt.
<images/indelible_14.png, id=62, 1445.4pt x 867.24pt>
File: images/indelible_14.png Graphic file (type png)
<use images/indelible_14.png>
Package pdftex.def Info: images/indelible_14.png  used on input line 72.
(pdftex.def)             Requested size: 79.99348pt x 79.99348pt.
<images/ancestralcost_14.png, id=63, 1445.4pt x 867.24pt>
File: images/ancestralcost_14.png Graphic file (type png)
<use images/ancestralcost_14.png>
Package pdftex.def Info: images/ancestralcost_14.png  used on input line 72.
(pdftex.def)             Requested size: 79.99348pt x 79.99348pt.
<images/BEML_14.png, id=64, 1445.4pt x 867.24pt>
File: images/BEML_14.png Graphic file (type png)
<use images/BEML_14.png>
Package pdftex.def Info: images/BEML_14.png  used on input line 72.
(pdftex.def)             Requested size: 79.99348pt x 79.99348pt.
<images/PSML_14.png, id=65, 1445.4pt x 867.24pt>
File: images/PSML_14.png Graphic file (type png)
<use images/PSML_14.png>
Package pdftex.def Info: images/PSML_14.png  used on input line 72.
(pdftex.def)             Requested size: 79.99348pt x 79.99348pt.
<images/BEP_14.png, id=66, 1445.4pt x 867.24pt>
File: images/BEP_14.png Graphic file (type png)
<use images/BEP_14.png>
Package pdftex.def Info: images/BEP_14.png  used on input line 72.
(pdftex.def)             Requested size: 79.99348pt x 79.99348pt.
<images/PSP_14.png, id=67, 1445.4pt x 867.24pt>
File: images/PSP_14.png Graphic file (type png)
<use images/PSP_14.png>
Package pdftex.def Info: images/PSP_14.png  used on input line 72.
(pdftex.def)             Requested size: 79.99348pt x 79.99348pt.
<images/indelible_15.png, id=68, 1445.4pt x 867.24pt>
File: images/indelible_15.png Graphic file (type png)
<use images/indelible_15.png>
Package pdftex.def Info: images/indelible_15.png  used on input line 78.
(pdftex.def)             Requested size: 79.99348pt x 79.99348pt.
<images/ancestralcost_15.png, id=69, 1445.4pt x 867.24pt>
File: images/ancestralcost_15.png Graphic file (type png)
<use images/ancestralcost_15.png>
Package pdftex.def Info: images/ancestralcost_15.png  used on input line 78.
(pdftex.def)             Requested size: 79.99348pt x 79.99348pt.
<images/BEML_15.png, id=70, 1445.4pt x 867.24pt>
File: images/BEML_15.png Graphic file (type png)
<use images/BEML_15.png>
Package pdftex.def Info: images/BEML_15.png  used on input line 78.
(pdftex.def)             Requested size: 79.99348pt x 79.99348pt.
<images/PSML_15.png, id=71, 1445.4pt x 867.24pt>
File: images/PSML_15.png Graphic file (type png)
<use images/PSML_15.png>
Package pdftex.def Info: images/PSML_15.png  used on input line 78.
(pdftex.def)             Requested size: 79.99348pt x 79.99348pt.
<images/BEP_15.png, id=72, 1445.4pt x 867.24pt>
File: images/BEP_15.png Graphic file (type png)
<use images/BEP_15.png>
Package pdftex.def Info: images/BEP_15.png  used on input line 78.
(pdftex.def)             Requested size: 79.99348pt x 79.99348pt.
<images/PSP_15.png, id=73, 1445.4pt x 867.24pt>
File: images/PSP_15.png Graphic file (type png)
<use images/PSP_15.png>
Package pdftex.def Info: images/PSP_15.png  used on input line 78.
(pdftex.def)             Requested size: 79.99348pt x 79.99348pt.
<images/indelible_16.png, id=74, 1445.4pt x 867.24pt>
File: images/indelible_16.png Graphic file (type png)
<use images/indelible_16.png>
Package pdftex.def Info: images/indelible_16.png  used on input line 84.
(pdftex.def)             Requested size: 79.99348pt x 79.99348pt.
<images/ancestralcost_16.png, id=75, 1445.4pt x 867.24pt>
File: images/ancestralcost_16.png Graphic file (type png)
<use images/ancestralcost_16.png>
Package pdftex.def Info: images/ancestralcost_16.png  used on input line 84.
(pdftex.def)             Requested size: 79.99348pt x 79.99348pt.
<images/BEML_16.png, id=76, 1445.4pt x 867.24pt>
File: images/BEML_16.png Graphic file (type png)
<use images/BEML_16.png>
Package pdftex.def Info: images/BEML_16.png  used on input line 84.
(pdftex.def)             Requested size: 79.99348pt x 79.99348pt.
<images/PSML_16.png, id=77, 1445.4pt x 867.24pt>
File: images/PSML_16.png Graphic file (type png)
<use images/PSML_16.png>
Package pdftex.def Info: images/PSML_16.png  used on input line 84.
(pdftex.def)             Requested size: 79.99348pt x 79.99348pt.
<images/BEP_16.png, id=78, 1445.4pt x 867.24pt>
File: images/BEP_16.png Graphic file (type png)
<use images/BEP_16.png>
Package pdftex.def Info: images/BEP_16.png  used on input line 84.
(pdftex.def)             Requested size: 79.99348pt x 79.99348pt.
<images/PSP_16.png, id=79, 1445.4pt x 867.24pt>
File: images/PSP_16.png Graphic file (type png)
<use images/PSP_16.png>
Package pdftex.def Info: images/PSP_16.png  used on input line 84.
(pdftex.def)             Requested size: 79.99348pt x 79.99348pt.
<images/indelible_17.png, id=80, 1445.4pt x 867.24pt>
File: images/indelible_17.png Graphic file (type png)
<use images/indelible_17.png>
Package pdftex.def Info: images/indelible_17.png  used on input line 90.
(pdftex.def)             Requested size: 79.99348pt x 79.99348pt.
<images/ancestralcost_17.png, id=81, 1445.4pt x 867.24pt>
File: images/ancestralcost_17.png Graphic file (type png)
<use images/ancestralcost_17.png>
Package pdftex.def Info: images/ancestralcost_17.png  used on input line 90.
(pdftex.def)             Requested size: 79.99348pt x 79.99348pt.
<images/BEML_17.png, id=82, 1445.4pt x 867.24pt>
File: images/BEML_17.png Graphic file (type png)
<use images/BEML_17.png>
Package pdftex.def Info: images/BEML_17.png  used on input line 90.
(pdftex.def)             Requested size: 79.99348pt x 79.99348pt.
<images/PSML_17.png, id=83, 1445.4pt x 867.24pt>
File: images/PSML_17.png Graphic file (type png)
<use images/PSML_17.png>
Package pdftex.def Info: images/PSML_17.png  used on input line 90.
(pdftex.def)             Requested size: 79.99348pt x 79.99348pt.
<images/BEP_17.png, id=84, 1445.4pt x 867.24pt>
File: images/BEP_17.png Graphic file (type png)
<use images/BEP_17.png>
Package pdftex.def Info: images/BEP_17.png  used on input line 90.
(pdftex.def)             Requested size: 79.99348pt x 79.99348pt.
<images/PSP_17.png, id=85, 1445.4pt x 867.24pt>
File: images/PSP_17.png Graphic file (type png)
<use images/PSP_17.png>
Package pdftex.def Info: images/PSP_17.png  used on input line 90.
(pdftex.def)             Requested size: 79.99348pt x 79.99348pt.
<images/indelible_18.png, id=86, 1445.4pt x 867.24pt>
File: images/indelible_18.png Graphic file (type png)
<use images/indelible_18.png>
Package pdftex.def Info: images/indelible_18.png  used on input line 96.
(pdftex.def)             Requested size: 79.99348pt x 79.99348pt.
<images/ancestralcost_18.png, id=87, 1445.4pt x 867.24pt>
File: images/ancestralcost_18.png Graphic file (type png)
<use images/ancestralcost_18.png>
Package pdftex.def Info: images/ancestralcost_18.png  used on input line 96.
(pdftex.def)             Requested size: 79.99348pt x 79.99348pt.
<images/BEML_18.png, id=88, 1445.4pt x 867.24pt>
File: images/BEML_18.png Graphic file (type png)
<use images/BEML_18.png>
Package pdftex.def Info: images/BEML_18.png  used on input line 96.
(pdftex.def)             Requested size: 79.99348pt x 79.99348pt.
<images/PSML_18.png, id=89, 1445.4pt x 867.24pt>
File: images/PSML_18.png Graphic file (type png)
<use images/PSML_18.png>
Package pdftex.def Info: images/PSML_18.png  used on input line 96.
(pdftex.def)             Requested size: 79.99348pt x 79.99348pt.
<images/BEP_18.png, id=90, 1445.4pt x 867.24pt>
File: images/BEP_18.png Graphic file (type png)
<use images/BEP_18.png>
Package pdftex.def Info: images/BEP_18.png  used on input line 96.
(pdftex.def)             Requested size: 79.99348pt x 79.99348pt.
<images/PSP_18.png, id=91, 1445.4pt x 867.24pt>
File: images/PSP_18.png Graphic file (type png)
<use images/PSP_18.png>
Package pdftex.def Info: images/PSP_18.png  used on input line 96.
(pdftex.def)             Requested size: 79.99348pt x 79.99348pt.
<images/indelible_19.png, id=92, 1445.4pt x 867.24pt>
File: images/indelible_19.png Graphic file (type png)
<use images/indelible_19.png>
Package pdftex.def Info: images/indelible_19.png  used on input line 102.
(pdftex.def)             Requested size: 79.99348pt x 79.99348pt.
<images/ancestralcost_19.png, id=93, 1445.4pt x 867.24pt>
File: images/ancestralcost_19.png Graphic file (type png)
<use images/ancestralcost_19.png>
Package pdftex.def Info: images/ancestralcost_19.png  used on input line 102.
(pdftex.def)             Requested size: 79.99348pt x 79.99348pt.
<images/BEML_19.png, id=94, 1445.4pt x 867.24pt>
File: images/BEML_19.png Graphic file (type png)
<use images/BEML_19.png>
Package pdftex.def Info: images/BEML_19.png  used on input line 102.
(pdftex.def)             Requested size: 79.99348pt x 79.99348pt.
<images/PSML_19.png, id=95, 1445.4pt x 867.24pt>
File: images/PSML_19.png Graphic file (type png)
<use images/PSML_19.png>
Package pdftex.def Info: images/PSML_19.png  used on input line 102.
(pdftex.def)             Requested size: 79.99348pt x 79.99348pt.
<images/BEP_19.png, id=96, 1445.4pt x 867.24pt>
File: images/BEP_19.png Graphic file (type png)
<use images/BEP_19.png>
Package pdftex.def Info: images/BEP_19.png  used on input line 102.
(pdftex.def)             Requested size: 79.99348pt x 79.99348pt.
<images/PSP_19.png, id=97, 1445.4pt x 867.24pt>
File: images/PSP_19.png Graphic file (type png)
<use images/PSP_19.png>
Package pdftex.def Info: images/PSP_19.png  used on input line 102.
(pdftex.def)             Requested size: 79.99348pt x 79.99348pt.
<images/indelible_20.png, id=98, 1445.4pt x 867.24pt>
File: images/indelible_20.png Graphic file (type png)
<use images/indelible_20.png>
Package pdftex.def Info: images/indelible_20.png  used on input line 108.
(pdftex.def)             Requested size: 79.99348pt x 79.99348pt.
<images/ancestralcost_20.png, id=99, 1445.4pt x 867.24pt>
File: images/ancestralcost_20.png Graphic file (type png)
<use images/ancestralcost_20.png>
Package pdftex.def Info: images/ancestralcost_20.png  used on input line 108.
(pdftex.def)             Requested size: 79.99348pt x 79.99348pt.
<images/BEML_20.png, id=100, 1445.4pt x 867.24pt>
File: images/BEML_20.png Graphic file (type png)
<use images/BEML_20.png>
Package pdftex.def Info: images/BEML_20.png  used on input line 108.
(pdftex.def)             Requested size: 79.99348pt x 79.99348pt.
<images/PSML_20.png, id=101, 1445.4pt x 867.24pt>
File: images/PSML_20.png Graphic file (type png)
<use images/PSML_20.png>
Package pdftex.def Info: images/PSML_20.png  used on input line 108.
(pdftex.def)             Requested size: 79.99348pt x 79.99348pt.
<images/BEP_20.png, id=102, 1445.4pt x 867.24pt>
File: images/BEP_20.png Graphic file (type png)
<use images/BEP_20.png>
Package pdftex.def Info: images/BEP_20.png  used on input line 108.
(pdftex.def)             Requested size: 79.99348pt x 79.99348pt.
<images/PSP_20.png, id=103, 1445.4pt x 867.24pt>
File: images/PSP_20.png Graphic file (type png)
<use images/PSP_20.png>
Package pdftex.def Info: images/PSP_20.png  used on input line 108.
(pdftex.def)             Requested size: 79.99348pt x 79.99348pt.
[1

{/usr/local/texlive/2020/texmf-var/fonts/map/pdftex/updmap/pdftex.map} <./image
s/indelible_4.png> <./images/ancestralcost_4.png> <./images/BEML_4.png> <./imag
es/PSML_4.png> <./images/BEP_4.png> <./images/PSP_4.png> <./images/indelible_5.
png> <./images/ancestralcost_5.png> <./images/BEML_5.png> <./images/PSML_5.png>
 <./images/BEP_5.png> <./images/PSP_5.png> <./images/indelible_6.png> <./images
/ancestralcost_6.png> <./images/BEML_6.png> <./images/PSML_6.png> <./images/BEP
_6.png> <./images/PSP_6.png> <./images/indelible_7.png> <./images/ancestralcost
_7.png> <./images/BEML_7.png> <./images/PSML_7.png> <./images/BEP_7.png> <./ima
ges/PSP_7.png> <./images/indelible_8.png> <./images/ancestralcost_8.png> <./ima
ges/BEML_8.png> <./images/PSML_8.png> <./images/BEP_8.png> <./images/PSP_8.png>
 <./images/indelible_9.png> <./images/ancestralcost_9.png> <./images/BEML_9.png
> <./images/PSML_9.png> <./images/BEP_9.png> <./images/PSP_9.png> <./images/ind
elible_10.png> <./images/ancestralcost_10.png> <./images/BEML_10.png> <./images
/PSML_10.png> <./images/BEP_10.png> <./images/PSP_10.png> <./images/indelible_1
1.png> <./images/ancestralcost_11.png> <./images/BEML_11.png> <./images/PSML_11
.png> <./images/BEP_11.png> <./images/PSP_11.png> <./images/indelible_12.png> <
./images/ancestralcost_12.png> <./images/BEML_12.png> <./images/PSML_12.png> <.
/images/BEP_12.png> <./images/PSP_12.png> <./images/indelible_13.png> <./images
/ancestralcost_13.png> <./images/BEML_13.png> <./images/PSML_13.png> <./images/
BEP_13.png> <./images/PSP_13.png> <./images/indelible_14.png> <./images/ancestr
alcost_14.png> <./images/BEML_14.png> <./images/PSML_14.png> <./images/BEP_14.p
ng> <./images/PSP_14.png> <./images/indelible_15.png> <./images/ancestralcost_1
5.png> <./images/BEML_15.png> <./images/PSML_15.png> <./images/BEP_15.png> <./i
mages/PSP_15.png>]
<images/indelible_21.png, id=183, 1445.4pt x 867.24pt>
File: images/indelible_21.png Graphic file (type png)
<use images/indelible_21.png>
Package pdftex.def Info: images/indelible_21.png  used on input line 114.
(pdftex.def)             Requested size: 79.99348pt x 79.99348pt.
<images/ancestralcost_21.png, id=184, 1445.4pt x 867.24pt>
File: images/ancestralcost_21.png Graphic file (type png)
<use images/ancestralcost_21.png>
Package pdftex.def Info: images/ancestralcost_21.png  used on input line 114.
(pdftex.def)             Requested size: 79.99348pt x 79.99348pt.
<images/BEML_21.png, id=185, 1445.4pt x 867.24pt>
File: images/BEML_21.png Graphic file (type png)
<use images/BEML_21.png>
Package pdftex.def Info: images/BEML_21.png  used on input line 114.
(pdftex.def)             Requested size: 79.99348pt x 79.99348pt.
<images/PSML_21.png, id=186, 1445.4pt x 867.24pt>
File: images/PSML_21.png Graphic file (type png)
<use images/PSML_21.png>
Package pdftex.def Info: images/PSML_21.png  used on input line 114.
(pdftex.def)             Requested size: 79.99348pt x 79.99348pt.
<images/BEP_21.png, id=187, 1445.4pt x 867.24pt>
File: images/BEP_21.png Graphic file (type png)
<use images/BEP_21.png>
Package pdftex.def Info: images/BEP_21.png  used on input line 114.
(pdftex.def)             Requested size: 79.99348pt x 79.99348pt.
<images/PSP_21.png, id=188, 1445.4pt x 867.24pt>
File: images/PSP_21.png Graphic file (type png)
<use images/PSP_21.png>
Package pdftex.def Info: images/PSP_21.png  used on input line 114.
(pdftex.def)             Requested size: 79.99348pt x 79.99348pt.
<images/indelible_22.png, id=189, 1445.4pt x 867.24pt>
File: images/indelible_22.png Graphic file (type png)
<use images/indelible_22.png>
Package pdftex.def Info: images/indelible_22.png  used on input line 120.
(pdftex.def)             Requested size: 79.99348pt x 79.99348pt.
<images/ancestralcost_22.png, id=190, 1445.4pt x 867.24pt>
File: images/ancestralcost_22.png Graphic file (type png)
<use images/ancestralcost_22.png>
Package pdftex.def Info: images/ancestralcost_22.png  used on input line 120.
(pdftex.def)             Requested size: 79.99348pt x 79.99348pt.
<images/BEML_22.png, id=191, 1445.4pt x 867.24pt>
File: images/BEML_22.png Graphic file (type png)
<use images/BEML_22.png>
Package pdftex.def Info: images/BEML_22.png  used on input line 120.
(pdftex.def)             Requested size: 79.99348pt x 79.99348pt.
<images/PSML_22.png, id=192, 1445.4pt x 867.24pt>
File: images/PSML_22.png Graphic file (type png)
<use images/PSML_22.png>
Package pdftex.def Info: images/PSML_22.png  used on input line 120.
(pdftex.def)             Requested size: 79.99348pt x 79.99348pt.
<images/BEP_22.png, id=193, 1445.4pt x 867.24pt>
File: images/BEP_22.png Graphic file (type png)
<use images/BEP_22.png>
Package pdftex.def Info: images/BEP_22.png  used on input line 120.
(pdftex.def)             Requested size: 79.99348pt x 79.99348pt.
<images/PSP_22.png, id=194, 1445.4pt x 867.24pt>
File: images/PSP_22.png Graphic file (type png)
<use images/PSP_22.png>
Package pdftex.def Info: images/PSP_22.png  used on input line 120.
(pdftex.def)             Requested size: 79.99348pt x 79.99348pt.
<images/indelible_23.png, id=195, 1445.4pt x 867.24pt>
File: images/indelible_23.png Graphic file (type png)
<use images/indelible_23.png>
Package pdftex.def Info: images/indelible_23.png  used on input line 126.
(pdftex.def)             Requested size: 79.99348pt x 79.99348pt.
<images/ancestralcost_23.png, id=196, 1445.4pt x 867.24pt>
File: images/ancestralcost_23.png Graphic file (type png)
<use images/ancestralcost_23.png>
Package pdftex.def Info: images/ancestralcost_23.png  used on input line 126.
(pdftex.def)             Requested size: 79.99348pt x 79.99348pt.
<images/BEML_23.png, id=197, 1445.4pt x 867.24pt>
File: images/BEML_23.png Graphic file (type png)
<use images/BEML_23.png>
Package pdftex.def Info: images/BEML_23.png  used on input line 126.
(pdftex.def)             Requested size: 79.99348pt x 79.99348pt.
<images/PSML_23.png, id=198, 1445.4pt x 867.24pt>
File: images/PSML_23.png Graphic file (type png)
<use images/PSML_23.png>
Package pdftex.def Info: images/PSML_23.png  used on input line 126.
(pdftex.def)             Requested size: 79.99348pt x 79.99348pt.
<images/BEP_23.png, id=199, 1445.4pt x 867.24pt>
File: images/BEP_23.png Graphic file (type png)
<use images/BEP_23.png>
Package pdftex.def Info: images/BEP_23.png  used on input line 126.
(pdftex.def)             Requested size: 79.99348pt x 79.99348pt.
<images/PSP_23.png, id=200, 1445.4pt x 867.24pt>
File: images/PSP_23.png Graphic file (type png)
<use images/PSP_23.png>
Package pdftex.def Info: images/PSP_23.png  used on input line 126.
(pdftex.def)             Requested size: 79.99348pt x 79.99348pt.
<images/indelible_24.png, id=201, 1445.4pt x 867.24pt>
File: images/indelible_24.png Graphic file (type png)
<use images/indelible_24.png>
Package pdftex.def Info: images/indelible_24.png  used on input line 132.
(pdftex.def)             Requested size: 79.99348pt x 79.99348pt.
<images/ancestralcost_24.png, id=202, 1445.4pt x 867.24pt>
File: images/ancestralcost_24.png Graphic file (type png)
<use images/ancestralcost_24.png>
Package pdftex.def Info: images/ancestralcost_24.png  used on input line 132.
(pdftex.def)             Requested size: 79.99348pt x 79.99348pt.
<images/BEML_24.png, id=203, 1445.4pt x 867.24pt>
File: images/BEML_24.png Graphic file (type png)
<use images/BEML_24.png>
Package pdftex.def Info: images/BEML_24.png  used on input line 132.
(pdftex.def)             Requested size: 79.99348pt x 79.99348pt.
<images/PSML_24.png, id=204, 1445.4pt x 867.24pt>
File: images/PSML_24.png Graphic file (type png)
<use images/PSML_24.png>
Package pdftex.def Info: images/PSML_24.png  used on input line 132.
(pdftex.def)             Requested size: 79.99348pt x 79.99348pt.
<images/BEP_24.png, id=205, 1445.4pt x 867.24pt>
File: images/BEP_24.png Graphic file (type png)
<use images/BEP_24.png>
Package pdftex.def Info: images/BEP_24.png  used on input line 132.
(pdftex.def)             Requested size: 79.99348pt x 79.99348pt.
<images/PSP_24.png, id=206, 1445.4pt x 867.24pt>
File: images/PSP_24.png Graphic file (type png)
<use images/PSP_24.png>
Package pdftex.def Info: images/PSP_24.png  used on input line 132.
(pdftex.def)             Requested size: 79.99348pt x 79.99348pt.
<images/indelible_25.png, id=207, 1445.4pt x 867.24pt>
File: images/indelible_25.png Graphic file (type png)
<use images/indelible_25.png>
Package pdftex.def Info: images/indelible_25.png  used on input line 138.
(pdftex.def)             Requested size: 79.99348pt x 79.99348pt.
<images/ancestralcost_25.png, id=208, 1445.4pt x 867.24pt>
File: images/ancestralcost_25.png Graphic file (type png)
<use images/ancestralcost_25.png>
Package pdftex.def Info: images/ancestralcost_25.png  used on input line 138.
(pdftex.def)             Requested size: 79.99348pt x 79.99348pt.
<images/BEML_25.png, id=209, 1445.4pt x 867.24pt>
File: images/BEML_25.png Graphic file (type png)
<use images/BEML_25.png>
Package pdftex.def Info: images/BEML_25.png  used on input line 138.
(pdftex.def)             Requested size: 79.99348pt x 79.99348pt.
<images/PSML_25.png, id=210, 1445.4pt x 867.24pt>
File: images/PSML_25.png Graphic file (type png)
<use images/PSML_25.png>
Package pdftex.def Info: images/PSML_25.png  used on input line 138.
(pdftex.def)             Requested size: 79.99348pt x 79.99348pt.
<images/BEP_25.png, id=211, 1445.4pt x 867.24pt>
File: images/BEP_25.png Graphic file (type png)
<use images/BEP_25.png>
Package pdftex.def Info: images/BEP_25.png  used on input line 138.
(pdftex.def)             Requested size: 79.99348pt x 79.99348pt.
<images/PSP_25.png, id=212, 1445.4pt x 867.24pt>
File: images/PSP_25.png Graphic file (type png)
<use images/PSP_25.png>
Package pdftex.def Info: images/PSP_25.png  used on input line 138.
(pdftex.def)             Requested size: 79.99348pt x 79.99348pt.
<images/indelible_26.png, id=213, 1445.4pt x 867.24pt>
File: images/indelible_26.png Graphic file (type png)
<use images/indelible_26.png>
Package pdftex.def Info: images/indelible_26.png  used on input line 144.
(pdftex.def)             Requested size: 79.99348pt x 79.99348pt.
<images/ancestralcost_26.png, id=214, 1445.4pt x 867.24pt>
File: images/ancestralcost_26.png Graphic file (type png)
<use images/ancestralcost_26.png>
Package pdftex.def Info: images/ancestralcost_26.png  used on input line 144.
(pdftex.def)             Requested size: 79.99348pt x 79.99348pt.
<images/BEML_26.png, id=215, 1445.4pt x 867.24pt>
File: images/BEML_26.png Graphic file (type png)
<use images/BEML_26.png>
Package pdftex.def Info: images/BEML_26.png  used on input line 144.
(pdftex.def)             Requested size: 79.99348pt x 79.99348pt.
<images/PSML_26.png, id=216, 1445.4pt x 867.24pt>
File: images/PSML_26.png Graphic file (type png)
<use images/PSML_26.png>
Package pdftex.def Info: images/PSML_26.png  used on input line 144.
(pdftex.def)             Requested size: 79.99348pt x 79.99348pt.
<images/BEP_26.png, id=217, 1445.4pt x 867.24pt>
File: images/BEP_26.png Graphic file (type png)
<use images/BEP_26.png>
Package pdftex.def Info: images/BEP_26.png  used on input line 144.
(pdftex.def)             Requested size: 79.99348pt x 79.99348pt.
<images/PSP_26.png, id=218, 1445.4pt x 867.24pt>
File: images/PSP_26.png Graphic file (type png)
<use images/PSP_26.png>
Package pdftex.def Info: images/PSP_26.png  used on input line 144.
(pdftex.def)             Requested size: 79.99348pt x 79.99348pt.
<images/indelible_27.png, id=219, 1445.4pt x 867.24pt>
File: images/indelible_27.png Graphic file (type png)
<use images/indelible_27.png>
Package pdftex.def Info: images/indelible_27.png  used on input line 150.
(pdftex.def)             Requested size: 79.99348pt x 79.99348pt.
<images/ancestralcost_27.png, id=220, 1445.4pt x 867.24pt>
File: images/ancestralcost_27.png Graphic file (type png)
<use images/ancestralcost_27.png>
Package pdftex.def Info: images/ancestralcost_27.png  used on input line 150.
(pdftex.def)             Requested size: 79.99348pt x 79.99348pt.
<images/BEML_27.png, id=221, 1445.4pt x 867.24pt>
File: images/BEML_27.png Graphic file (type png)
<use images/BEML_27.png>
Package pdftex.def Info: images/BEML_27.png  used on input line 150.
(pdftex.def)             Requested size: 79.99348pt x 79.99348pt.
<images/PSML_27.png, id=222, 1445.4pt x 867.24pt>
File: images/PSML_27.png Graphic file (type png)
<use images/PSML_27.png>
Package pdftex.def Info: images/PSML_27.png  used on input line 150.
(pdftex.def)             Requested size: 79.99348pt x 79.99348pt.
<images/BEP_27.png, id=223, 1445.4pt x 867.24pt>
File: images/BEP_27.png Graphic file (type png)
<use images/BEP_27.png>
Package pdftex.def Info: images/BEP_27.png  used on input line 150.
(pdftex.def)             Requested size: 79.99348pt x 79.99348pt.
<images/PSP_27.png, id=224, 1445.4pt x 867.24pt>
File: images/PSP_27.png Graphic file (type png)
<use images/PSP_27.png>
Package pdftex.def Info: images/PSP_27.png  used on input line 150.
(pdftex.def)             Requested size: 79.99348pt x 79.99348pt.
<images/indelible_28.png, id=225, 1445.4pt x 867.24pt>
File: images/indelible_28.png Graphic file (type png)
<use images/indelible_28.png>
Package pdftex.def Info: images/indelible_28.png  used on input line 156.
(pdftex.def)             Requested size: 79.99348pt x 79.99348pt.
<images/ancestralcost_28.png, id=226, 1445.4pt x 867.24pt>
File: images/ancestralcost_28.png Graphic file (type png)
<use images/ancestralcost_28.png>
Package pdftex.def Info: images/ancestralcost_28.png  used on input line 156.
(pdftex.def)             Requested size: 79.99348pt x 79.99348pt.
<images/BEML_28.png, id=227, 1445.4pt x 867.24pt>
File: images/BEML_28.png Graphic file (type png)
<use images/BEML_28.png>
Package pdftex.def Info: images/BEML_28.png  used on input line 156.
(pdftex.def)             Requested size: 79.99348pt x 79.99348pt.
<images/PSML_28.png, id=228, 1445.4pt x 867.24pt>
File: images/PSML_28.png Graphic file (type png)
<use images/PSML_28.png>
Package pdftex.def Info: images/PSML_28.png  used on input line 156.
(pdftex.def)             Requested size: 79.99348pt x 79.99348pt.
<images/BEP_28.png, id=229, 1445.4pt x 867.24pt>
File: images/BEP_28.png Graphic file (type png)
<use images/BEP_28.png>
Package pdftex.def Info: images/BEP_28.png  used on input line 156.
(pdftex.def)             Requested size: 79.99348pt x 79.99348pt.
<images/PSP_28.png, id=230, 1445.4pt x 867.24pt>
File: images/PSP_28.png Graphic file (type png)
<use images/PSP_28.png>
Package pdftex.def Info: images/PSP_28.png  used on input line 156.
(pdftex.def)             Requested size: 79.99348pt x 79.99348pt.
<images/indelible_29.png, id=231, 1445.4pt x 867.24pt>
File: images/indelible_29.png Graphic file (type png)
<use images/indelible_29.png>
Package pdftex.def Info: images/indelible_29.png  used on input line 162.
(pdftex.def)             Requested size: 79.99348pt x 79.99348pt.
<images/ancestralcost_29.png, id=232, 1445.4pt x 867.24pt>
File: images/ancestralcost_29.png Graphic file (type png)
<use images/ancestralcost_29.png>
Package pdftex.def Info: images/ancestralcost_29.png  used on input line 162.
(pdftex.def)             Requested size: 79.99348pt x 79.99348pt.
<images/BEML_29.png, id=233, 1445.4pt x 867.24pt>
File: images/BEML_29.png Graphic file (type png)
<use images/BEML_29.png>
Package pdftex.def Info: images/BEML_29.png  used on input line 162.
(pdftex.def)             Requested size: 79.99348pt x 79.99348pt.
<images/PSML_29.png, id=234, 1445.4pt x 867.24pt>
File: images/PSML_29.png Graphic file (type png)
<use images/PSML_29.png>
Package pdftex.def Info: images/PSML_29.png  used on input line 162.
(pdftex.def)             Requested size: 79.99348pt x 79.99348pt.
<images/BEP_29.png, id=235, 1445.4pt x 867.24pt>
File: images/BEP_29.png Graphic file (type png)
<use images/BEP_29.png>
Package pdftex.def Info: images/BEP_29.png  used on input line 162.
(pdftex.def)             Requested size: 79.99348pt x 79.99348pt.
<images/PSP_29.png, id=236, 1445.4pt x 867.24pt>
File: images/PSP_29.png Graphic file (type png)
<use images/PSP_29.png>
Package pdftex.def Info: images/PSP_29.png  used on input line 162.
(pdftex.def)             Requested size: 79.99348pt x 79.99348pt.
<images/indelible_30.png, id=237, 1445.4pt x 867.24pt>
File: images/indelible_30.png Graphic file (type png)
<use images/indelible_30.png>
Package pdftex.def Info: images/indelible_30.png  used on input line 168.
(pdftex.def)             Requested size: 79.99348pt x 79.99348pt.
<images/ancestralcost_30.png, id=238, 1445.4pt x 867.24pt>
File: images/ancestralcost_30.png Graphic file (type png)
<use images/ancestralcost_30.png>
Package pdftex.def Info: images/ancestralcost_30.png  used on input line 168.
(pdftex.def)             Requested size: 79.99348pt x 79.99348pt.
<images/BEML_30.png, id=239, 1445.4pt x 867.24pt>
File: images/BEML_30.png Graphic file (type png)
<use images/BEML_30.png>
Package pdftex.def Info: images/BEML_30.png  used on input line 168.
(pdftex.def)             Requested size: 79.99348pt x 79.99348pt.
<images/PSML_30.png, id=240, 1445.4pt x 867.24pt>
File: images/PSML_30.png Graphic file (type png)
<use images/PSML_30.png>
Package pdftex.def Info: images/PSML_30.png  used on input line 168.
(pdftex.def)             Requested size: 79.99348pt x 79.99348pt.
<images/BEP_30.png, id=241, 1445.4pt x 867.24pt>
File: images/BEP_30.png Graphic file (type png)
<use images/BEP_30.png>
Package pdftex.def Info: images/BEP_30.png  used on input line 168.
(pdftex.def)             Requested size: 79.99348pt x 79.99348pt.
<images/PSP_30.png, id=242, 1445.4pt x 867.24pt>
File: images/PSP_30.png Graphic file (type png)
<use images/PSP_30.png>
Package pdftex.def Info: images/PSP_30.png  used on input line 168.
(pdftex.def)             Requested size: 79.99348pt x 79.99348pt.
 [2 <./images/indelible_16.png> <./images/ancestralcost_16.png> <./images/BEML_
16.png> <./images/PSML_16.png> <./images/BEP_16.png> <./images/PSP_16.png> <./i
mages/indelible_17.png> <./images/ancestralcost_17.png> <./images/BEML_17.png> 
<./images/PSML_17.png> <./images/BEP_17.png> <./images/PSP_17.png> <./images/in
delible_18.png> <./images/ancestralcost_18.png> <./images/BEML_18.png> <./image
s/PSML_18.png> <./images/BEP_18.png> <./images/PSP_18.png> <./images/indelible_
19.png> <./images/ancestralcost_19.png> <./images/BEML_19.png> <./images/PSML_1
9.png> <./images/BEP_19.png> <./images/PSP_19.png> <./images/indelible_20.png> 
<./images/ancestralcost_20.png> <./images/BEML_20.png> <./images/PSML_20.png> <
./images/BEP_20.png> <./images/PSP_20.png> <./images/indelible_21.png> <./image
s/ancestralcost_21.png> <./images/BEML_21.png> <./images/PSML_21.png> <./images
/BEP_21.png> <./images/PSP_21.png> <./images/indelible_22.png> <./images/ancest
ralcost_22.png> <./images/BEML_22.png> <./images/PSML_22.png> <./images/BEP_22.
png> <./images/PSP_22.png> <./images/indelible_23.png> <./images/ancestralcost_
23.png> <./images/BEML_23.png> <./images/PSML_23.png> <./images/BEP_23.png> <./
images/PSP_23.png> <./images/indelible_24.png> <./images/ancestralcost_24.png> 
<./images/BEML_24.png> <./images/PSML_24.png> <./images/BEP_24.png> <./images/P
SP_24.png> <./images/indelible_25.png> <./images/ancestralcost_25.png> <./image
s/BEML_25.png> <./images/PSML_25.png> <./images/BEP_25.png> <./images/PSP_25.pn
g> <./images/indelible_26.png> <./images/ancestralcost_26.png> <./images/BEML_2
6.png> <./images/PSML_26.png> <./images/BEP_26.png> <./images/PSP_26.png> <./im
ages/indelible_27.png> <./images/ancestralcost_27.png> <./images/BEML_27.png> <
./images/PSML_27.png> <./images/BEP_27.png> <./images/PSP_27.png>]

Package longtable Warning: Column widths have changed
(longtable)                in table 1 on input line 175.


Package longtable Warning: Table widths have changed. Rerun LaTeX.

[3 <./images/indelible_28.png> <./images/ancestralcost_28.png> <./images/BEML_2
8.png> <./images/PSML_28.png> <./images/BEP_28.png> <./images/PSP_28.png> <./im
ages/indelible_29.png> <./images/ancestralcost_29.png> <./images/BEML_29.png> <
./images/PSML_29.png> <./images/BEP_29.png> <./images/PSP_29.png> <./images/ind
elible_30.png> <./images/ancestralcost_30.png> <./images/BEML_30.png> <./images
/PSML_30.png> <./images/BEP_30.png> <./images/PSP_30.png>] (./plot.aux) ) 
Here is how much of TeX's memory you used:
 2815 strings out of 480608
 48008 string characters out of 5903629
 366671 words of memory out of 5000000
 18568 multiletter control sequences out of 15000+600000
 532946 words of font info for 26 fonts, out of 8000000 for 9000
 1141 hyphenation exceptions out of 8191
 30i,7n,34p,703b,267s stack positions out of 5000i,500n,10000p,200000b,80000s
</usr/
local/texlive/2020/texmf-dist/fonts/type1/public/amsfonts/cm/cmbx10.pfb></usr/l
ocal/texlive/2020/texmf-dist/fonts/type1/public/amsfonts/cm/cmr10.pfb>
Output written on plot.pdf (3 pages, 7627603 bytes).
PDF statistics:
 347 PDF objects out of 1000 (max. 8388607)
 15 compressed objects within 1 object stream
 0 named destinations out of 1000 (max. 500000)
 811 words of extra memory for PDF output out of 10000 (max. 10000000)

