This is pdfTeX, Version 3.14159265-2.6-1.40.21 (TeX Live 2020) (preloaded format=pdflatex 2020.10.21)  3 FEB 2021 12:11
entering extended mode
 restricted \write18 enabled.
 %&-line parsing enabled.
**plots/plot2.tex
(./plots/plot2.tex
LaTeX2e <2020-02-02> patch level 5
L3 programming layer <2020-03-06>
(/usr/local/texlive/2020/texmf-dist/tex/latex/base/article.cls
Document Class: article 2019/12/20 v1.4l Standard LaTeX document class
(/usr/local/texlive/2020/texmf-dist/tex/latex/base/size10.clo
File: size10.clo 2019/12/20 v1.4l Standard LaTeX file (size option)
)
\c@part=\count167
\c@section=\count168
\c@subsection=\count169
\c@subsubsection=\count170
\c@paragraph=\count171
\c@subparagraph=\count172
\c@figure=\count173
\c@table=\count174
\abovecaptionskip=\skip47
\belowcaptionskip=\skip48
\bibindent=\dimen134
)
(/usr/local/texlive/2020/texmf-dist/tex/latex/geometry/geometry.sty
Package: geometry 2020/01/02 v5.9 Page Geometry

(/usr/local/texlive/2020/texmf-dist/tex/latex/graphics/keyval.sty
Package: keyval 2014/10/28 v1.15 key=value parser (DPC)
\KV@toks@=\toks15
)
(/usr/local/texlive/2020/texmf-dist/tex/generic/iftex/ifvtex.sty
Package: ifvtex 2019/10/25 v1.7 ifvtex legacy package. Use iftex instead.

(/usr/local/texlive/2020/texmf-dist/tex/generic/iftex/iftex.sty
Package: iftex 2020/03/06 v1.0d TeX engine tests
))
\Gm@cnth=\count175
\Gm@cntv=\count176
\c@Gm@tempcnt=\count177
\Gm@bindingoffset=\dimen135
\Gm@wd@mp=\dimen136
\Gm@odd@mp=\dimen137
\Gm@even@mp=\dimen138
\Gm@layoutwidth=\dimen139
\Gm@layoutheight=\dimen140
\Gm@layouthoffset=\dimen141
\Gm@layoutvoffset=\dimen142
\Gm@dimlist=\toks16
)
(/usr/local/texlive/2020/texmf-dist/tex/latex/graphics/graphicx.sty
Package: graphicx 2019/11/30 v1.2a Enhanced LaTeX Graphics (DPC,SPQR)

(/usr/local/texlive/2020/texmf-dist/tex/latex/graphics/graphics.sty
Package: graphics 2019/11/30 v1.4a Standard LaTeX Graphics (DPC,SPQR)

(/usr/local/texlive/2020/texmf-dist/tex/latex/graphics/trig.sty
Package: trig 2016/01/03 v1.10 sin cos tan (DPC)
)
(/usr/local/texlive/2020/texmf-dist/tex/latex/graphics-cfg/graphics.cfg
File: graphics.cfg 2016/06/04 v1.11 sample graphics configuration
)
Package graphics Info: Driver file: pdftex.def on input line 105.

(/usr/local/texlive/2020/texmf-dist/tex/latex/graphics-def/pdftex.def
File: pdftex.def 2018/01/08 v1.0l Graphics/color driver for pdftex
))
\Gin@req@height=\dimen143
\Gin@req@width=\dimen144
)
(/usr/local/texlive/2020/texmf-dist/tex/latex/tools/longtable.sty
Package: longtable 2020/01/07 v4.13 Multi-page Table package (DPC)
\LTleft=\skip49
\LTright=\skip50
\LTpre=\skip51
\LTpost=\skip52
\LTchunksize=\count178
\LTcapwidth=\dimen145
\LT@head=\box45
\LT@firsthead=\box46
\LT@foot=\box47
\LT@lastfoot=\box48
\LT@cols=\count179
\LT@rows=\count180
\c@LT@tables=\count181
\c@LT@chunks=\count182
\LT@p@ftn=\toks17
)
(/usr/local/texlive/2020/texmf-dist/tex/latex/booktabs/booktabs.sty
Package: booktabs 2020/01/12 v1.61803398 Publication quality tables
\heavyrulewidth=\dimen146
\lightrulewidth=\dimen147
\cmidrulewidth=\dimen148
\belowrulesep=\dimen149
\belowbottomsep=\dimen150
\aboverulesep=\dimen151
\abovetopsep=\dimen152
\cmidrulesep=\dimen153
\cmidrulekern=\dimen154
\defaultaddspace=\dimen155
\@cmidla=\count183
\@cmidlb=\count184
\@aboverulesep=\dimen156
\@belowrulesep=\dimen157
\@thisruleclass=\count185
\@lastruleclass=\count186
\@thisrulewidth=\dimen158
)
(/usr/local/texlive/2020/texmf-dist/tex/latex/multirow/multirow.sty
Package: multirow 2019/05/31 v2.5 Span multiple rows of a table
\multirow@colwidth=\skip53
\multirow@cntb=\count187
\multirow@dima=\skip54
\bigstrutjot=\dimen159
)
(/usr/local/texlive/2020/texmf-dist/tex/latex/l3backend/l3backend-pdfmode.def
File: l3backend-pdfmode.def 2020-03-12 L3 backend support: PDF mode
\l__kernel_color_stack_int=\count188
\l__pdf_internal_box=\box49
)

LaTeX Warning: Unused global option(s):
    [2pt].

(plots2/plot2.aux)
\openout1 = `plot2.aux'.

LaTeX Font Info:    Checking defaults for OML/cmm/m/it on input line 7.
LaTeX Font Info:    ... okay on input line 7.
LaTeX Font Info:    Checking defaults for OMS/cmsy/m/n on input line 7.
LaTeX Font Info:    ... okay on input line 7.
LaTeX Font Info:    Checking defaults for OT1/cmr/m/n on input line 7.
LaTeX Font Info:    ... okay on input line 7.
LaTeX Font Info:    Checking defaults for T1/cmr/m/n on input line 7.
LaTeX Font Info:    ... okay on input line 7.
LaTeX Font Info:    Checking defaults for TS1/cmr/m/n on input line 7.
LaTeX Font Info:    ... okay on input line 7.
LaTeX Font Info:    Checking defaults for OMX/cmex/m/n on input line 7.
LaTeX Font Info:    ... okay on input line 7.
LaTeX Font Info:    Checking defaults for U/cmr/m/n on input line 7.
LaTeX Font Info:    ... okay on input line 7.

*geometry* driver: auto-detecting
*geometry* detected driver: pdftex
*geometry* verbose mode - [ preamble ] result:
* driver: pdftex
* paper: custom
* layout: <same size as paper>
* layoutoffset:(h,v)=(0.0pt,0.0pt)
* modes: landscape 
* h-part:(L,W,R)=(14.22636pt, 1394.18506pt, 14.22636pt)
* v-part:(T,H,B)=(14.22636pt, 2247.76773pt, 14.22636pt)
* \paperwidth=1422.63779pt
* \paperheight=2276.22046pt
* \textwidth=1394.18506pt
* \textheight=2247.76773pt
* \oddsidemargin=-58.04362pt
* \evensidemargin=-58.04362pt
* \topmargin=-95.04362pt
* \headheight=12.0pt
* \headsep=25.0pt
* \topskip=10.0pt
* \footskip=30.0pt
* \marginparwidth=65.0pt
* \marginparsep=11.0pt
* \columnsep=10.0pt
* \skip\footins=9.0pt plus 4.0pt minus 2.0pt
* \hoffset=0.0pt
* \voffset=0.0pt
* \mag=1000
* \@twocolumnfalse
* \@twosidefalse
* \@mparswitchfalse
* \@reversemarginfalse
* (1in=72.27pt=25.4mm, 1cm=28.453pt)

(/usr/local/texlive/2020/texmf-dist/tex/context/base/mkii/supp-pdf.mkii
[Loading MPS to PDF converter (version 2006.09.02).]
\scratchcounter=\count189
\scratchdimen=\dimen160
\scratchbox=\box50
\nofMPsegments=\count190
\nofMParguments=\count191
\everyMPshowfont=\toks18
\MPscratchCnt=\count192
\MPscratchDim=\dimen161
\MPnumerator=\count193
\makeMPintoPDFobject=\count194
\everyMPtoPDFconversion=\toks19
) (/usr/local/texlive/2020/texmf-dist/tex/latex/epstopdf-pkg/epstopdf-base.sty
Package: epstopdf-base 2020-01-24 v2.11 Base part for package epstopdf
Package epstopdf-base Info: Redefining graphics rule for `.eps' on input line 4
85.

(/usr/local/texlive/2020/texmf-dist/tex/latex/latexconfig/epstopdf-sys.cfg
File: epstopdf-sys.cfg 2010/07/13 v1.3 Configuration of (r)epstopdf for TeX Liv
e
))

LaTeX Warning: No positions in optional float specifier.
               Default added (so using `tbp') on input line 8.

<images/indelible_5.png, id=1, 1445.4pt x 867.24pt>
File: images/indelible_5.png Graphic file (type png)
<use images/indelible_5.png>
Package pdftex.def Info: images/indelible_5.png  used on input line 12.
(pdftex.def)             Requested size: 79.99348pt x 79.99348pt.
<images/fastML_5.png, id=3, 1445.4pt x 867.24pt>
File: images/fastML_5.png Graphic file (type png)
<use images/fastML_5.png>
Package pdftex.def Info: images/fastML_5.png  used on input line 12.
(pdftex.def)             Requested size: 79.99348pt x 79.99348pt.
<images/BEML_5.png, id=4, 1445.4pt x 867.24pt>
File: images/BEML_5.png Graphic file (type png)
<use images/BEML_5.png>
Package pdftex.def Info: images/BEML_5.png  used on input line 12.
(pdftex.def)             Requested size: 79.99348pt x 79.99348pt.
<images/SICML_5.png, id=5, 1445.4pt x 867.24pt>
File: images/SICML_5.png Graphic file (type png)
<use images/SICML_5.png>
Package pdftex.def Info: images/SICML_5.png  used on input line 12.
(pdftex.def)             Requested size: 79.99348pt x 79.99348pt.
<images/SICP_5.png, id=6, 1445.4pt x 867.24pt>
File: images/SICP_5.png Graphic file (type png)
<use images/SICP_5.png>
Package pdftex.def Info: images/SICP_5.png  used on input line 12.
(pdftex.def)             Requested size: 79.99348pt x 79.99348pt.
<images/BEP_5.png, id=7, 1445.4pt x 867.24pt>
File: images/BEP_5.png Graphic file (type png)
<use images/BEP_5.png>
Package pdftex.def Info: images/BEP_5.png  used on input line 12.
(pdftex.def)             Requested size: 79.99348pt x 79.99348pt.
<images/indelible_10.png, id=8, 1445.4pt x 867.24pt>
File: images/indelible_10.png Graphic file (type png)
<use images/indelible_10.png>
Package pdftex.def Info: images/indelible_10.png  used on input line 18.
(pdftex.def)             Requested size: 79.99348pt x 79.99348pt.
<images/fastML_10.png, id=9, 1445.4pt x 867.24pt>
File: images/fastML_10.png Graphic file (type png)
<use images/fastML_10.png>
Package pdftex.def Info: images/fastML_10.png  used on input line 18.
(pdftex.def)             Requested size: 79.99348pt x 79.99348pt.
<images/BEML_10.png, id=10, 1445.4pt x 867.24pt>
File: images/BEML_10.png Graphic file (type png)
<use images/BEML_10.png>
Package pdftex.def Info: images/BEML_10.png  used on input line 18.
(pdftex.def)             Requested size: 79.99348pt x 79.99348pt.
<images/SICML_10.png, id=11, 1445.4pt x 867.24pt>
File: images/SICML_10.png Graphic file (type png)
<use images/SICML_10.png>
Package pdftex.def Info: images/SICML_10.png  used on input line 18.
(pdftex.def)             Requested size: 79.99348pt x 79.99348pt.
<images/SICP_10.png, id=12, 1445.4pt x 867.24pt>
File: images/SICP_10.png Graphic file (type png)
<use images/SICP_10.png>
Package pdftex.def Info: images/SICP_10.png  used on input line 18.
(pdftex.def)             Requested size: 79.99348pt x 79.99348pt.
<images/BEP_10.png, id=13, 1445.4pt x 867.24pt>
File: images/BEP_10.png Graphic file (type png)
<use images/BEP_10.png>
Package pdftex.def Info: images/BEP_10.png  used on input line 18.
(pdftex.def)             Requested size: 79.99348pt x 79.99348pt.
<images/indelible_25.png, id=14, 1445.4pt x 867.24pt>
File: images/indelible_25.png Graphic file (type png)
<use images/indelible_25.png>
Package pdftex.def Info: images/indelible_25.png  used on input line 24.
(pdftex.def)             Requested size: 79.99348pt x 79.99348pt.
<images/fastML_25.png, id=15, 1445.4pt x 867.24pt>
File: images/fastML_25.png Graphic file (type png)
<use images/fastML_25.png>
Package pdftex.def Info: images/fastML_25.png  used on input line 24.
(pdftex.def)             Requested size: 79.99348pt x 79.99348pt.
<images/BEML_25.png, id=16, 1445.4pt x 867.24pt>
File: images/BEML_25.png Graphic file (type png)
<use images/BEML_25.png>
Package pdftex.def Info: images/BEML_25.png  used on input line 24.
(pdftex.def)             Requested size: 79.99348pt x 79.99348pt.
<images/SICML_25.png, id=17, 1445.4pt x 867.24pt>
File: images/SICML_25.png Graphic file (type png)
<use images/SICML_25.png>
Package pdftex.def Info: images/SICML_25.png  used on input line 24.
(pdftex.def)             Requested size: 79.99348pt x 79.99348pt.
<images/SICP_25.png, id=18, 1445.4pt x 867.24pt>
File: images/SICP_25.png Graphic file (type png)
<use images/SICP_25.png>
Package pdftex.def Info: images/SICP_25.png  used on input line 24.
(pdftex.def)             Requested size: 79.99348pt x 79.99348pt.
<images/BEP_25.png, id=19, 1445.4pt x 867.24pt>
File: images/BEP_25.png Graphic file (type png)
<use images/BEP_25.png>
Package pdftex.def Info: images/BEP_25.png  used on input line 24.
(pdftex.def)             Requested size: 79.99348pt x 79.99348pt.
<images/indelible_50.png, id=20, 1445.4pt x 867.24pt>
File: images/indelible_50.png Graphic file (type png)
<use images/indelible_50.png>
Package pdftex.def Info: images/indelible_50.png  used on input line 30.
(pdftex.def)             Requested size: 79.99348pt x 79.99348pt.
<images/fastML_50.png, id=21, 1445.4pt x 867.24pt>
File: images/fastML_50.png Graphic file (type png)
<use images/fastML_50.png>
Package pdftex.def Info: images/fastML_50.png  used on input line 30.
(pdftex.def)             Requested size: 79.99348pt x 79.99348pt.
<images/BEML_50.png, id=22, 1445.4pt x 867.24pt>
File: images/BEML_50.png Graphic file (type png)
<use images/BEML_50.png>
Package pdftex.def Info: images/BEML_50.png  used on input line 30.
(pdftex.def)             Requested size: 79.99348pt x 79.99348pt.
<images/SICML_50.png, id=23, 1445.4pt x 867.24pt>
File: images/SICML_50.png Graphic file (type png)
<use images/SICML_50.png>
Package pdftex.def Info: images/SICML_50.png  used on input line 30.
(pdftex.def)             Requested size: 79.99348pt x 79.99348pt.
<images/SICP_50.png, id=24, 1445.4pt x 867.24pt>
File: images/SICP_50.png Graphic file (type png)
<use images/SICP_50.png>
Package pdftex.def Info: images/SICP_50.png  used on input line 30.
(pdftex.def)             Requested size: 79.99348pt x 79.99348pt.
<images/BEP_50.png, id=25, 1445.4pt x 867.24pt>
File: images/BEP_50.png Graphic file (type png)
<use images/BEP_50.png>
Package pdftex.def Info: images/BEP_50.png  used on input line 30.
(pdftex.def)             Requested size: 79.99348pt x 79.99348pt.

Underfull \vbox (badness 10000) detected at line 30
 []

[1{/usr/local/texlive/2020/texmf-var/fonts/map/pdftex/updmap/pdftex.map} <./ima
ges/indelible_5.png> <./images/fastML_5.png> <./images/BEML_5.png> <./images/SI
CML_5.png> <./images/SICP_5.png> <./images/BEP_5.png> <./images/indelible_10.pn
g> <./images/fastML_10.png> <./images/BEML_10.png> <./images/SICML_10.png> <./i
mages/SICP_10.png> <./images/BEP_10.png> <./images/indelible_25.png> <./images/
fastML_25.png> <./images/BEML_25.png> <./images/SICML_25.png> <./images/SICP_25
.png> <./images/BEP_25.png> <./images/indelible_50.png> <./images/fastML_50.png
> <./images/BEML_50.png> <./images/SICML_50.png> <./images/SICP_50.png> <./imag
es/BEP_50.png>] (plots2/plot2.aux) ) 
Here is how much of TeX's memory you used:
 1989 strings out of 480608
 29902 string characters out of 5903629
 301998 words of memory out of 5000000
 17878 multiletter control sequences out of 15000+600000
 532646 words of font info for 25 fonts, out of 8000000 for 9000
 1141 hyphenation exceptions out of 8191
 30i,8n,34p,694b,335s stack positions out of 5000i,500n,10000p,200000b,80000s
</usr/local/texlive/2020/texmf-dist/fonts/t
ype1/public/amsfonts/cm/cmbx10.pfb></usr/local/texlive/2020/texmf-dist/fonts/ty
pe1/public/amsfonts/cm/cmr10.pfb>
Output written on plots2/plot2.pdf (1 page, 1066812 bytes).
PDF statistics:
 65 PDF objects out of 1000 (max. 8388607)
 11 compressed objects within 1 object stream
 0 named destinations out of 1000 (max. 500000)
 121 words of extra memory for PDF output out of 10000 (max. 10000000)

