Building DAG of jobs...
Using shell: /bin/bash
Provided cores: 1 (use --cores to define parallelism)
Rules claiming more threads will be scaled down.
Job counts:
	count	jobs
	1	clean_fastml
	1	clean_indelible
	1	compile_latex
	3	concat_fasta
	1	concat_fastml_summaries
	1	concat_indelible
	1	concat_indelible_summaries
	3	concat_summaries
	1	generate_latex
	1	generate_output_dict
	1	get_indelible_dict
	1	run_fastml
	3	run_grasp
	1	summarise_fastml_indels
	1	summarise_indelible
	3	summarise_indels
	24
Select jobs to execute...

[Tue Feb  2 12:32:03 2021]
rule concat_indelible:
    input: indelible_output/6/6_TRUE_2.fasta, indelible_output/6/6_ANCESTRAL_2.fasta
    output: indelible_output/6/concatenated/6_2.fasta
    jobid: 16
    wildcards: taxon=6, rep=2

[Tue Feb  2 12:32:03 2021]
Finished job 16.
1 of 24 steps (4%) done
Select jobs to execute...

[Tue Feb  2 12:32:03 2021]
rule clean_indelible:
    input: indelible_output/6/N0_trees/2.nwk, indelible_output/6/concatenated/6_2.fasta
    output: indelible_output/6/cleaned_aln/2.fasta, indelible_output/6/concatenated/2.fasta, indelible_output/6/cleaned_trees/2.nwk, indelible_output/6/cleaned_N0_trees/2.nwk, indelible_output/6/cleaned_no_internal_trees/2.nwk
    jobid: 14
    wildcards: taxon=6, rep=2

[Tue Feb  2 12:32:05 2021]
Finished job 14.
2 of 24 steps (8%) done
Select jobs to execute...

[Tue Feb  2 12:32:05 2021]
rule run_grasp:
    input: indelible_output/6/cleaned_aln/2.fasta, indelible_output/6/cleaned_N0_trees/2.nwk
    output: grasp_results/6/SICML/2, grasp_results/6/SICML/2/GRASP_ancestors.fasta, grasp_results/6/SICML/2/tree.nwk
    jobid: 31
    wildcards: taxon=6, method=SICML, rep=2

[Tue Feb  2 12:32:06 2021]
Finished job 31.
3 of 24 steps (12%) done
Select jobs to execute...

[Tue Feb  2 12:32:06 2021]
rule run_fastml:
    input: indelible_output/6/cleaned_aln/2.fasta, indelible_output/6/cleaned_no_internal_trees/2.nwk
    output: fastml_results/6/2/seq.joint.txt, fastml_results/6/2/tree.newick.txt, fastml_results/6/2
    jobid: 39
    wildcards: taxon=6, rep=2

[Tue Feb  2 12:32:10 2021]
Finished job 39.
4 of 24 steps (17%) done
Select jobs to execute...

[Tue Feb  2 12:32:10 2021]
rule clean_fastml:
    input: fastml_results/6/2/seq.joint.txt, fastml_results/6/2/tree.newick.txt
    output: fastml_results/6/concatenated/2/FastML_ancestors.fasta, fastml_results/6/cleaned_N0_trees/2/tree.nwk
    jobid: 38
    wildcards: taxon=6, rep=2

[Tue Feb  2 12:32:12 2021]
Finished job 38.
5 of 24 steps (21%) done
Select jobs to execute...

[Tue Feb  2 12:32:12 2021]
rule run_grasp:
    input: indelible_output/6/cleaned_aln/2.fasta, indelible_output/6/cleaned_N0_trees/2.nwk
    output: grasp_results/6/SICP/2, grasp_results/6/SICP/2/GRASP_ancestors.fasta, grasp_results/6/SICP/2/tree.nwk
    jobid: 24
    wildcards: taxon=6, method=SICP, rep=2

[Tue Feb  2 12:32:13 2021]
Finished job 24.
6 of 24 steps (25%) done
Select jobs to execute...

[Tue Feb  2 12:32:13 2021]
rule concat_fasta:
    input: indelible_output/6/cleaned_aln/2.fasta, grasp_results/6/SICP/2/GRASP_ancestors.fasta
    output: grasp_results/concatenated/6/SICP/2/GRASP_ancestors.fasta
    jobid: 25
    wildcards: taxon=6, method=SICP, rep=2

[Tue Feb  2 12:32:13 2021]
Finished job 25.
7 of 24 steps (29%) done
Select jobs to execute...

[Tue Feb  2 12:32:13 2021]
rule run_grasp:
    input: indelible_output/6/cleaned_aln/2.fasta, indelible_output/6/cleaned_N0_trees/2.nwk
    output: grasp_results/6/BEP/2, grasp_results/6/BEP/2/GRASP_ancestors.fasta, grasp_results/6/BEP/2/tree.nwk
    jobid: 13
    wildcards: taxon=6, method=BEP, rep=2

[Tue Feb  2 12:32:14 2021]
Finished job 13.
8 of 24 steps (33%) done
Select jobs to execute...

[Tue Feb  2 12:32:14 2021]
rule concat_fasta:
    input: indelible_output/6/cleaned_aln/2.fasta, grasp_results/6/SICML/2/GRASP_ancestors.fasta
    output: grasp_results/concatenated/6/SICML/2/GRASP_ancestors.fasta
    jobid: 32
    wildcards: taxon=6, method=SICML, rep=2

[Tue Feb  2 12:32:14 2021]
Finished job 32.
9 of 24 steps (38%) done
Select jobs to execute...

[Tue Feb  2 12:32:14 2021]
rule concat_fasta:
    input: indelible_output/6/cleaned_aln/2.fasta, grasp_results/6/BEP/2/GRASP_ancestors.fasta
    output: grasp_results/concatenated/6/BEP/2/GRASP_ancestors.fasta
    jobid: 17
    wildcards: taxon=6, method=BEP, rep=2

[Tue Feb  2 12:32:14 2021]
Finished job 17.
10 of 24 steps (42%) done
Select jobs to execute...

[Tue Feb  2 12:32:14 2021]
rule get_indelible_dict:
    input: indelible_output/6/concatenated/2.fasta, indelible_output/6/cleaned_N0_trees/2.nwk
    output: indelible_dicts/6/leaves_2.p, indelible_dicts/6/gaps_2.p
    jobid: 18
    wildcards: taxon=6, rep=2

[Tue Feb  2 12:32:16 2021]
Finished job 18.
11 of 24 steps (46%) done
Select jobs to execute...

[Tue Feb  2 12:32:16 2021]
rule summarise_indels:
    input: grasp_results/6/BEP/2/tree.nwk, grasp_results/concatenated/6/BEP/2/GRASP_ancestors.fasta, indelible_output/6/cleaned_N0_trees/2.nwk, indelible_output/6/concatenated/2.fasta, indelible_dicts/6/leaves_2.p, indelible_dicts/6/gaps_2.p
    output: summaries/6/BEP/2.csv
    jobid: 12
    wildcards: taxon=6, method=BEP, rep=2

[Tue Feb  2 12:32:17 2021]
Finished job 12.
12 of 24 steps (50%) done
Select jobs to execute...

[Tue Feb  2 12:32:17 2021]
rule summarise_indelible:
    input: indelible_output/6/cleaned_N0_trees/2.nwk, indelible_output/6/concatenated/2.fasta, indelible_output/6/cleaned_N0_trees/2.nwk, indelible_output/6/concatenated/2.fasta, indelible_dicts/6/leaves_2.p, indelible_dicts/6/gaps_2.p
    output: indelible_summaries/6/2.csv
    jobid: 42
    wildcards: taxon=6, rep=2

[Tue Feb  2 12:32:18 2021]
Finished job 42.
13 of 24 steps (54%) done
Select jobs to execute...

[Tue Feb  2 12:32:18 2021]
rule summarise_indels:
    input: grasp_results/6/SICP/2/tree.nwk, grasp_results/concatenated/6/SICP/2/GRASP_ancestors.fasta, indelible_output/6/cleaned_N0_trees/2.nwk, indelible_output/6/concatenated/2.fasta, indelible_dicts/6/leaves_2.p, indelible_dicts/6/gaps_2.p
    output: summaries/6/SICP/2.csv
    jobid: 23
    wildcards: taxon=6, method=SICP, rep=2

[Tue Feb  2 12:32:19 2021]
Finished job 23.
14 of 24 steps (58%) done
Select jobs to execute...

[Tue Feb  2 12:32:19 2021]
rule concat_summaries:
    input: summaries/6/BEP/1.csv, summaries/6/BEP/2.csv
    output: concatenated_summaries/6_BEP.csv
    jobid: 3
    wildcards: taxon=6, method=BEP

[Tue Feb  2 12:32:20 2021]
Finished job 3.
15 of 24 steps (62%) done
Select jobs to execute...

[Tue Feb  2 12:32:20 2021]
rule concat_indelible_summaries:
    input: indelible_summaries/6/1.csv, indelible_summaries/6/2.csv
    output: concatenated_indelible_summaries/6.csv
    jobid: 40
    wildcards: taxon=6

[Tue Feb  2 12:32:20 2021]
Finished job 40.
16 of 24 steps (67%) done
Select jobs to execute...

[Tue Feb  2 12:32:20 2021]
rule summarise_indels:
    input: grasp_results/6/SICML/2/tree.nwk, grasp_results/concatenated/6/SICML/2/GRASP_ancestors.fasta, indelible_output/6/cleaned_N0_trees/2.nwk, indelible_output/6/concatenated/2.fasta, indelible_dicts/6/leaves_2.p, indelible_dicts/6/gaps_2.p
    output: summaries/6/SICML/2.csv
    jobid: 30
    wildcards: taxon=6, method=SICML, rep=2

[Tue Feb  2 12:32:21 2021]
Finished job 30.
17 of 24 steps (71%) done
Select jobs to execute...

[Tue Feb  2 12:32:21 2021]
rule concat_summaries:
    input: summaries/6/SICML/1.csv, summaries/6/SICML/2.csv
    output: concatenated_summaries/6_SICML.csv
    jobid: 26
    wildcards: taxon=6, method=SICML

[Tue Feb  2 12:32:21 2021]
Finished job 26.
18 of 24 steps (75%) done
Select jobs to execute...

[Tue Feb  2 12:32:21 2021]
rule concat_summaries:
    input: summaries/6/SICP/1.csv, summaries/6/SICP/2.csv
    output: concatenated_summaries/6_SICP.csv
    jobid: 19
    wildcards: taxon=6, method=SICP

[Tue Feb  2 12:32:21 2021]
Finished job 19.
19 of 24 steps (79%) done
Select jobs to execute...

[Tue Feb  2 12:32:21 2021]
rule summarise_fastml_indels:
    input: fastml_results/6/concatenated/2/FastML_ancestors.fasta, fastml_results/6/cleaned_N0_trees/2/tree.nwk, indelible_output/6/cleaned_N0_trees/2.nwk, indelible_output/6/concatenated/2.fasta, indelible_dicts/6/leaves_2.p, indelible_dicts/6/gaps_2.p
    output: fastml_summaries/6/fastml/2.csv
    jobid: 37
    wildcards: taxon=6, rep=2

[Tue Feb  2 12:32:22 2021]
Finished job 37.
20 of 24 steps (83%) done
Select jobs to execute...

[Tue Feb  2 12:32:22 2021]
rule concat_fastml_summaries:
    input: fastml_summaries/6/fastml/1.csv, fastml_summaries/6/fastml/2.csv
    output: concatenated_fastml_summaries/6.csv
    jobid: 33
    wildcards: taxon=6

[Tue Feb  2 12:32:22 2021]
Finished job 33.
21 of 24 steps (88%) done
Select jobs to execute...

[Tue Feb  2 12:32:22 2021]
rule generate_output_dict:
    input: concatenated_summaries/6_BEP.csv, concatenated_summaries/6_SICP.csv, concatenated_summaries/6_SICML.csv, concatenated_fastml_summaries/6.csv, concatenated_indelible_summaries/6.csv
    output: output_dicts/output.p
    jobid: 2

[Tue Feb  2 12:32:26 2021]
Finished job 2.
22 of 24 steps (92%) done
Select jobs to execute...

[Tue Feb  2 12:32:26 2021]
rule generate_latex:
    input: output_dicts/output.p
    output: plots/plot.tex
    jobid: 1

[Tue Feb  2 12:32:27 2021]
Finished job 1.
23 of 24 steps (96%) done
Select jobs to execute...

[Tue Feb  2 12:32:27 2021]
rule compile_latex:
    input: plots/plot.tex
    output: plots/plot.pdf
    jobid: 0

[Tue Feb  2 12:32:30 2021]
Finished job 0.
24 of 24 steps (100%) done
Complete log: /Users/gabefoley/Dropbox/PhD/20210121_Indel_Evaluation_Project/Indel_Evaluation_Snakemake/.snakemake/log/2021-02-02T123203.390507.snakemake.log
