Building DAG of jobs...
Using shell: /bin/bash
Provided cores: 1 (use --cores to define parallelism)
Rules claiming more threads will be scaled down.
Job counts:
	count	jobs
	2	clean_fastml
	2	clean_indelible
	1	compile_latex
	6	concat_fasta
	1	concat_fastml_summaries
	2	concat_indelible
	1	concat_indelible_summaries
	3	concat_summaries
	1	create_control_files
	1	generate_latex
	1	generate_output_dict
	2	get_indelible_dict
	2	run_fastml
	6	run_grasp
	2	run_indelible
	2	summarise_fastml_indels
	2	summarise_indelible
	6	summarise_indels
	43
Select jobs to execute...

[Tue Feb  2 10:51:08 2021]
rule create_control_files:
    output: indelible/6_control.txt
    jobid: 8
    wildcards: taxon=6

[Tue Feb  2 10:51:09 2021]
Finished job 8.
1 of 43 steps (2%) done
Select jobs to execute...

[Tue Feb  2 10:51:09 2021]
rule run_indelible:
    input: indelible/6_control.txt
    output: indelible_output/6/trees/2.nwk, indelible_output/6/6_TRUE_2.fasta, indelible_output/6/6_ANCESTRAL_2.fasta, indelible_output/6/N0_trees/2.nwk
    jobid: 15
    wildcards: taxon=6, rep=2

[Tue Feb  2 10:51:10 2021]
Finished job 15.
2 of 43 steps (5%) done
Select jobs to execute...

[Tue Feb  2 10:51:10 2021]
rule concat_indelible:
    input: indelible_output/6/6_TRUE_2.fasta, indelible_output/6/6_ANCESTRAL_2.fasta
    output: indelible_output/6/concatenated/6_2.fasta
    jobid: 16
    wildcards: taxon=6, rep=2

[Tue Feb  2 10:51:10 2021]
Finished job 16.
3 of 43 steps (7%) done
Select jobs to execute...

[Tue Feb  2 10:51:10 2021]
rule clean_indelible:
    input: indelible_output/6/N0_trees/2.nwk, indelible_output/6/concatenated/6_2.fasta
    output: indelible_output/6/cleaned_aln/2.fasta, indelible_output/6/concatenated/2.fasta, indelible_output/6/cleaned_trees/2.nwk, indelible_output/6/cleaned_N0_trees/2.nwk, indelible_output/6/cleaned_no_internal_trees/2.nwk
    jobid: 14
    wildcards: taxon=6, rep=2

[Tue Feb  2 10:51:11 2021]
Finished job 14.
4 of 43 steps (9%) done
Select jobs to execute...

[Tue Feb  2 10:51:11 2021]
rule run_fastml:
    input: indelible_output/6/cleaned_aln/2.fasta, indelible_output/6/cleaned_no_internal_trees/2.nwk
    output: fastml_results/6/2/seq.joint.txt, fastml_results/6/2/tree.newick.txt, fastml_results/6/2
    jobid: 39
    wildcards: taxon=6, rep=2

[Tue Feb  2 10:51:15 2021]
Finished job 39.
5 of 43 steps (12%) done
Select jobs to execute...

[Tue Feb  2 10:51:15 2021]
rule clean_fastml:
    input: fastml_results/6/2/seq.joint.txt, fastml_results/6/2/tree.newick.txt
    output: fastml_results/6/concatenated/2/FastML_ancestors.fasta, fastml_results/6/cleaned_N0_trees/2/tree.nwk
    jobid: 38
    wildcards: taxon=6, rep=2

[Tue Feb  2 10:51:16 2021]
Finished job 38.
6 of 43 steps (14%) done
Select jobs to execute...

[Tue Feb  2 10:51:16 2021]
rule run_grasp:
    input: indelible_output/6/cleaned_aln/2.fasta, indelible_output/6/cleaned_N0_trees/2.nwk
    output: grasp_results/6/SICML/2, grasp_results/6/SICML/2/GRASP_ancestors.fasta, grasp_results/6/SICML/2/tree.nwk
    jobid: 31
    wildcards: taxon=6, method=SICML, rep=2

[Tue Feb  2 10:51:18 2021]
Finished job 31.
7 of 43 steps (16%) done
Select jobs to execute...

[Tue Feb  2 10:51:18 2021]
rule get_indelible_dict:
    input: indelible_output/6/concatenated/2.fasta, indelible_output/6/cleaned_N0_trees/2.nwk
    output: indelible_dicts/6/leaves_2.p, indelible_dicts/6/gaps_2.p
    jobid: 18
    wildcards: taxon=6, rep=2

[Tue Feb  2 10:51:19 2021]
Finished job 18.
8 of 43 steps (19%) done
Select jobs to execute...

[Tue Feb  2 10:51:19 2021]
rule summarise_indelible:
    input: indelible_output/6/cleaned_N0_trees/2.nwk, indelible_output/6/concatenated/2.fasta, indelible_output/6/cleaned_N0_trees/2.nwk, indelible_output/6/concatenated/2.fasta, indelible_dicts/6/leaves_2.p, indelible_dicts/6/gaps_2.p
    output: indelible_summaries/6/2.csv
    jobid: 42
    wildcards: taxon=6, rep=2

[Tue Feb  2 10:51:20 2021]
Finished job 42.
9 of 43 steps (21%) done
Select jobs to execute...

[Tue Feb  2 10:51:20 2021]
rule run_indelible:
    input: indelible/6_control.txt
    output: indelible_output/6/trees/1.nwk, indelible_output/6/6_TRUE_1.fasta, indelible_output/6/6_ANCESTRAL_1.fasta, indelible_output/6/N0_trees/1.nwk
    jobid: 7
    wildcards: taxon=6, rep=1

Warning: the following output files of rule run_indelible were not present when the DAG was created:
{'indelible_output/6/6_ANCESTRAL_1.fasta', 'indelible_output/6/6_TRUE_1.fasta', 'indelible_output/6/N0_trees/1.nwk'}
[Tue Feb  2 10:51:21 2021]
Finished job 7.
10 of 43 steps (23%) done
Select jobs to execute...

[Tue Feb  2 10:51:21 2021]
rule concat_indelible:
    input: indelible_output/6/6_TRUE_1.fasta, indelible_output/6/6_ANCESTRAL_1.fasta
    output: indelible_output/6/concatenated/6_1.fasta
    jobid: 9
    wildcards: taxon=6, rep=1

[Tue Feb  2 10:51:21 2021]
Finished job 9.
11 of 43 steps (26%) done
Select jobs to execute...

[Tue Feb  2 10:51:21 2021]
rule run_grasp:
    input: indelible_output/6/cleaned_aln/2.fasta, indelible_output/6/cleaned_N0_trees/2.nwk
    output: grasp_results/6/SICP/2, grasp_results/6/SICP/2/GRASP_ancestors.fasta, grasp_results/6/SICP/2/tree.nwk
    jobid: 24
    wildcards: taxon=6, method=SICP, rep=2

[Tue Feb  2 10:51:22 2021]
Finished job 24.
12 of 43 steps (28%) done
Select jobs to execute...

[Tue Feb  2 10:51:22 2021]
rule concat_fasta:
    input: indelible_output/6/cleaned_aln/2.fasta, grasp_results/6/SICP/2/GRASP_ancestors.fasta
    output: grasp_results/concatenated/6/SICP/2/GRASP_ancestors.fasta
    jobid: 25
    wildcards: taxon=6, method=SICP, rep=2

[Tue Feb  2 10:51:22 2021]
Finished job 25.
13 of 43 steps (30%) done
Select jobs to execute...

[Tue Feb  2 10:51:22 2021]
rule summarise_indels:
    input: grasp_results/6/SICP/2/tree.nwk, grasp_results/concatenated/6/SICP/2/GRASP_ancestors.fasta, indelible_output/6/cleaned_N0_trees/2.nwk, indelible_output/6/concatenated/2.fasta, indelible_dicts/6/leaves_2.p, indelible_dicts/6/gaps_2.p
    output: summaries/6/SICP/2.csv
    jobid: 23
    wildcards: taxon=6, method=SICP, rep=2

[Tue Feb  2 10:51:24 2021]
Finished job 23.
14 of 43 steps (33%) done
Select jobs to execute...

[Tue Feb  2 10:51:24 2021]
rule clean_indelible:
    input: indelible_output/6/N0_trees/1.nwk, indelible_output/6/concatenated/6_1.fasta
    output: indelible_output/6/cleaned_aln/1.fasta, indelible_output/6/concatenated/1.fasta, indelible_output/6/cleaned_trees/1.nwk, indelible_output/6/cleaned_N0_trees/1.nwk, indelible_output/6/cleaned_no_internal_trees/1.nwk
    jobid: 6
    wildcards: taxon=6, rep=1

[Tue Feb  2 10:51:25 2021]
Finished job 6.
15 of 43 steps (35%) done
Select jobs to execute...

[Tue Feb  2 10:51:25 2021]
rule get_indelible_dict:
    input: indelible_output/6/concatenated/1.fasta, indelible_output/6/cleaned_N0_trees/1.nwk
    output: indelible_dicts/6/leaves_1.p, indelible_dicts/6/gaps_1.p
    jobid: 11
    wildcards: taxon=6, rep=1

[Tue Feb  2 10:51:26 2021]
Finished job 11.
16 of 43 steps (37%) done
Select jobs to execute...

[Tue Feb  2 10:51:26 2021]
rule run_grasp:
    input: indelible_output/6/cleaned_aln/1.fasta, indelible_output/6/cleaned_N0_trees/1.nwk
    output: grasp_results/6/BEP/1, grasp_results/6/BEP/1/GRASP_ancestors.fasta, grasp_results/6/BEP/1/tree.nwk
    jobid: 5
    wildcards: taxon=6, method=BEP, rep=1

[Tue Feb  2 10:51:27 2021]
Finished job 5.
17 of 43 steps (40%) done
Select jobs to execute...

[Tue Feb  2 10:51:27 2021]
rule concat_fasta:
    input: indelible_output/6/cleaned_aln/1.fasta, grasp_results/6/BEP/1/GRASP_ancestors.fasta
    output: grasp_results/concatenated/6/BEP/1/GRASP_ancestors.fasta
    jobid: 10
    wildcards: taxon=6, method=BEP, rep=1

[Tue Feb  2 10:51:27 2021]
Finished job 10.
18 of 43 steps (42%) done
Select jobs to execute...

[Tue Feb  2 10:51:27 2021]
rule summarise_indels:
    input: grasp_results/6/BEP/1/tree.nwk, grasp_results/concatenated/6/BEP/1/GRASP_ancestors.fasta, indelible_output/6/cleaned_N0_trees/1.nwk, indelible_output/6/concatenated/1.fasta, indelible_dicts/6/leaves_1.p, indelible_dicts/6/gaps_1.p
    output: summaries/6/BEP/1.csv
    jobid: 4
    wildcards: taxon=6, method=BEP, rep=1

[Tue Feb  2 10:51:28 2021]
Finished job 4.
19 of 43 steps (44%) done
Select jobs to execute...

[Tue Feb  2 10:51:28 2021]
rule summarise_indelible:
    input: indelible_output/6/cleaned_N0_trees/1.nwk, indelible_output/6/concatenated/1.fasta, indelible_output/6/cleaned_N0_trees/1.nwk, indelible_output/6/concatenated/1.fasta, indelible_dicts/6/leaves_1.p, indelible_dicts/6/gaps_1.p
    output: indelible_summaries/6/1.csv
    jobid: 41
    wildcards: taxon=6, rep=1

[Tue Feb  2 10:51:29 2021]
Finished job 41.
20 of 43 steps (47%) done
Select jobs to execute...

[Tue Feb  2 10:51:29 2021]
rule concat_indelible_summaries:
    input: indelible_summaries/6/1.csv, indelible_summaries/6/2.csv
    output: concatenated_indelible_summaries/6.csv
    jobid: 40
    wildcards: taxon=6

[Tue Feb  2 10:51:29 2021]
Finished job 40.
21 of 43 steps (49%) done
Select jobs to execute...

[Tue Feb  2 10:51:29 2021]
rule run_fastml:
    input: indelible_output/6/cleaned_aln/1.fasta, indelible_output/6/cleaned_no_internal_trees/1.nwk
    output: fastml_results/6/1/seq.joint.txt, fastml_results/6/1/tree.newick.txt, fastml_results/6/1
    jobid: 36
    wildcards: taxon=6, rep=1

[Tue Feb  2 10:51:33 2021]
Finished job 36.
22 of 43 steps (51%) done
Select jobs to execute...

[Tue Feb  2 10:51:33 2021]
rule clean_fastml:
    input: fastml_results/6/1/seq.joint.txt, fastml_results/6/1/tree.newick.txt
    output: fastml_results/6/concatenated/1/FastML_ancestors.fasta, fastml_results/6/cleaned_N0_trees/1/tree.nwk
    jobid: 35
    wildcards: taxon=6, rep=1

[Tue Feb  2 10:51:34 2021]
Finished job 35.
23 of 43 steps (53%) done
Select jobs to execute...

[Tue Feb  2 10:51:34 2021]
rule summarise_fastml_indels:
    input: fastml_results/6/concatenated/1/FastML_ancestors.fasta, fastml_results/6/cleaned_N0_trees/1/tree.nwk, indelible_output/6/cleaned_N0_trees/1.nwk, indelible_output/6/concatenated/1.fasta, indelible_dicts/6/leaves_1.p, indelible_dicts/6/gaps_1.p
    output: fastml_summaries/6/fastml/1.csv
    jobid: 34
    wildcards: taxon=6, rep=1

[Tue Feb  2 10:51:35 2021]
Finished job 34.
24 of 43 steps (56%) done
Select jobs to execute...

[Tue Feb  2 10:51:35 2021]
rule run_grasp:
    input: indelible_output/6/cleaned_aln/1.fasta, indelible_output/6/cleaned_N0_trees/1.nwk
    output: grasp_results/6/SICP/1, grasp_results/6/SICP/1/GRASP_ancestors.fasta, grasp_results/6/SICP/1/tree.nwk
    jobid: 21
    wildcards: taxon=6, method=SICP, rep=1

[Tue Feb  2 10:51:36 2021]
Finished job 21.
25 of 43 steps (58%) done
Select jobs to execute...

[Tue Feb  2 10:51:36 2021]
rule concat_fasta:
    input: indelible_output/6/cleaned_aln/1.fasta, grasp_results/6/SICP/1/GRASP_ancestors.fasta
    output: grasp_results/concatenated/6/SICP/1/GRASP_ancestors.fasta
    jobid: 22
    wildcards: taxon=6, method=SICP, rep=1

[Tue Feb  2 10:51:36 2021]
Finished job 22.
26 of 43 steps (60%) done
Select jobs to execute...

[Tue Feb  2 10:51:36 2021]
rule summarise_indels:
    input: grasp_results/6/SICP/1/tree.nwk, grasp_results/concatenated/6/SICP/1/GRASP_ancestors.fasta, indelible_output/6/cleaned_N0_trees/1.nwk, indelible_output/6/concatenated/1.fasta, indelible_dicts/6/leaves_1.p, indelible_dicts/6/gaps_1.p
    output: summaries/6/SICP/1.csv
    jobid: 20
    wildcards: taxon=6, method=SICP, rep=1

[Tue Feb  2 10:51:37 2021]
Finished job 20.
27 of 43 steps (63%) done
Select jobs to execute...

[Tue Feb  2 10:51:37 2021]
rule run_grasp:
    input: indelible_output/6/cleaned_aln/2.fasta, indelible_output/6/cleaned_N0_trees/2.nwk
    output: grasp_results/6/BEP/2, grasp_results/6/BEP/2/GRASP_ancestors.fasta, grasp_results/6/BEP/2/tree.nwk
    jobid: 13
    wildcards: taxon=6, method=BEP, rep=2

[Tue Feb  2 10:51:38 2021]
Finished job 13.
28 of 43 steps (65%) done
Select jobs to execute...

[Tue Feb  2 10:51:38 2021]
rule concat_fasta:
    input: indelible_output/6/cleaned_aln/2.fasta, grasp_results/6/BEP/2/GRASP_ancestors.fasta
    output: grasp_results/concatenated/6/BEP/2/GRASP_ancestors.fasta
    jobid: 17
    wildcards: taxon=6, method=BEP, rep=2

[Tue Feb  2 10:51:38 2021]
Finished job 17.
29 of 43 steps (67%) done
Select jobs to execute...

[Tue Feb  2 10:51:38 2021]
rule summarise_indels:
    input: grasp_results/6/BEP/2/tree.nwk, grasp_results/concatenated/6/BEP/2/GRASP_ancestors.fasta, indelible_output/6/cleaned_N0_trees/2.nwk, indelible_output/6/concatenated/2.fasta, indelible_dicts/6/leaves_2.p, indelible_dicts/6/gaps_2.p
    output: summaries/6/BEP/2.csv
    jobid: 12
    wildcards: taxon=6, method=BEP, rep=2

[Tue Feb  2 10:51:39 2021]
Finished job 12.
30 of 43 steps (70%) done
Select jobs to execute...

[Tue Feb  2 10:51:39 2021]
rule concat_summaries:
    input: summaries/6/BEP/1.csv, summaries/6/BEP/2.csv
    output: concatenated_summaries/6_BEP.csv
    jobid: 3
    wildcards: taxon=6, method=BEP

[Tue Feb  2 10:51:39 2021]
Finished job 3.
31 of 43 steps (72%) done
Select jobs to execute...

[Tue Feb  2 10:51:39 2021]
rule concat_fasta:
    input: indelible_output/6/cleaned_aln/2.fasta, grasp_results/6/SICML/2/GRASP_ancestors.fasta
    output: grasp_results/concatenated/6/SICML/2/GRASP_ancestors.fasta
    jobid: 32
    wildcards: taxon=6, method=SICML, rep=2

[Tue Feb  2 10:51:39 2021]
Finished job 32.
32 of 43 steps (74%) done
Select jobs to execute...

[Tue Feb  2 10:51:40 2021]
rule summarise_fastml_indels:
    input: fastml_results/6/concatenated/2/FastML_ancestors.fasta, fastml_results/6/cleaned_N0_trees/2/tree.nwk, indelible_output/6/cleaned_N0_trees/2.nwk, indelible_output/6/concatenated/2.fasta, indelible_dicts/6/leaves_2.p, indelible_dicts/6/gaps_2.p
    output: fastml_summaries/6/fastml/2.csv
    jobid: 37
    wildcards: taxon=6, rep=2

[Tue Feb  2 10:51:41 2021]
Finished job 37.
33 of 43 steps (77%) done
Select jobs to execute...

[Tue Feb  2 10:51:41 2021]
rule run_grasp:
    input: indelible_output/6/cleaned_aln/1.fasta, indelible_output/6/cleaned_N0_trees/1.nwk
    output: grasp_results/6/SICML/1, grasp_results/6/SICML/1/GRASP_ancestors.fasta, grasp_results/6/SICML/1/tree.nwk
    jobid: 28
    wildcards: taxon=6, method=SICML, rep=1

[Tue Feb  2 10:51:42 2021]
Finished job 28.
34 of 43 steps (79%) done
Select jobs to execute...

[Tue Feb  2 10:51:42 2021]
rule concat_summaries:
    input: summaries/6/SICP/1.csv, summaries/6/SICP/2.csv
    output: concatenated_summaries/6_SICP.csv
    jobid: 19
    wildcards: taxon=6, method=SICP

[Tue Feb  2 10:51:42 2021]
Finished job 19.
35 of 43 steps (81%) done
Select jobs to execute...

[Tue Feb  2 10:51:42 2021]
rule summarise_indels:
    input: grasp_results/6/SICML/2/tree.nwk, grasp_results/concatenated/6/SICML/2/GRASP_ancestors.fasta, indelible_output/6/cleaned_N0_trees/2.nwk, indelible_output/6/concatenated/2.fasta, indelible_dicts/6/leaves_2.p, indelible_dicts/6/gaps_2.p
    output: summaries/6/SICML/2.csv
    jobid: 30
    wildcards: taxon=6, method=SICML, rep=2

[Tue Feb  2 10:51:43 2021]
Finished job 30.
36 of 43 steps (84%) done
Select jobs to execute...

[Tue Feb  2 10:51:43 2021]
rule concat_fasta:
    input: indelible_output/6/cleaned_aln/1.fasta, grasp_results/6/SICML/1/GRASP_ancestors.fasta
    output: grasp_results/concatenated/6/SICML/1/GRASP_ancestors.fasta
    jobid: 29
    wildcards: taxon=6, method=SICML, rep=1

[Tue Feb  2 10:51:43 2021]
Finished job 29.
37 of 43 steps (86%) done
Select jobs to execute...

[Tue Feb  2 10:51:43 2021]
rule concat_fastml_summaries:
    input: fastml_summaries/6/fastml/1.csv, fastml_summaries/6/fastml/2.csv
    output: concatenated_fastml_summaries/6.csv
    jobid: 33
    wildcards: taxon=6

[Tue Feb  2 10:51:43 2021]
Finished job 33.
38 of 43 steps (88%) done
Select jobs to execute...

[Tue Feb  2 10:51:43 2021]
rule summarise_indels:
    input: grasp_results/6/SICML/1/tree.nwk, grasp_results/concatenated/6/SICML/1/GRASP_ancestors.fasta, indelible_output/6/cleaned_N0_trees/1.nwk, indelible_output/6/concatenated/1.fasta, indelible_dicts/6/leaves_1.p, indelible_dicts/6/gaps_1.p
    output: summaries/6/SICML/1.csv
    jobid: 27
    wildcards: taxon=6, method=SICML, rep=1

[Tue Feb  2 10:51:44 2021]
Finished job 27.
39 of 43 steps (91%) done
Select jobs to execute...

[Tue Feb  2 10:51:44 2021]
rule concat_summaries:
    input: summaries/6/SICML/1.csv, summaries/6/SICML/2.csv
    output: concatenated_summaries/6_SICML.csv
    jobid: 26
    wildcards: taxon=6, method=SICML

[Tue Feb  2 10:51:44 2021]
Finished job 26.
40 of 43 steps (93%) done
Select jobs to execute...

[Tue Feb  2 10:51:44 2021]
rule generate_output_dict:
    input: concatenated_summaries/6_BEP.csv, concatenated_summaries/6_SICP.csv, concatenated_summaries/6_SICML.csv, concatenated_fastml_summaries/6.csv, concatenated_indelible_summaries/6.csv
    output: output_dicts/output.p
    jobid: 2

[Tue Feb  2 10:51:47 2021]
Finished job 2.
41 of 43 steps (95%) done
Select jobs to execute...

[Tue Feb  2 10:51:47 2021]
rule generate_latex:
    input: output_dicts/output.p
    output: plots/plot.tex
    jobid: 1

[Tue Feb  2 10:51:48 2021]
Finished job 1.
42 of 43 steps (98%) done
Select jobs to execute...

[Tue Feb  2 10:51:48 2021]
rule compile_latex:
    input: plots/plot.tex
    output: plots/plot.pdf
    jobid: 0

[Tue Feb  2 10:51:50 2021]
Finished job 0.
43 of 43 steps (100%) done
Complete log: /Users/gabefoley/Dropbox/PhD/20210121_Indel_Evaluation_Project/Indel_Evaluation_Snakemake/.snakemake/log/2021-02-02T105108.696390.snakemake.log
