Building DAG of jobs...
File path grasp_results/4/ancestors/BEP/4_output_1//GRASP_ancestors.fasta contains double '/'. This is likely unintended. It can also lead to inconsistent results of the file-matching approach used by Snakemake.
File path grasp_results/4/ancestors/BEP/4_output_1//GRASP_ancestors.fasta contains double '/'. This is likely unintended. It can also lead to inconsistent results of the file-matching approach used by Snakemake.
File path grasp_results/4/ancestors/BEP/4_output_1//tree.nwk contains double '/'. This is likely unintended. It can also lead to inconsistent results of the file-matching approach used by Snakemake.
File path grasp_results/4/ancestors/BEP/4_output_2//GRASP_ancestors.fasta contains double '/'. This is likely unintended. It can also lead to inconsistent results of the file-matching approach used by Snakemake.
File path grasp_results/4/ancestors/BEP/4_output_2//GRASP_ancestors.fasta contains double '/'. This is likely unintended. It can also lead to inconsistent results of the file-matching approach used by Snakemake.
File path grasp_results/4/ancestors/BEP/4_output_2//tree.nwk contains double '/'. This is likely unintended. It can also lead to inconsistent results of the file-matching approach used by Snakemake.
File path grasp_results/4/ancestors/SICP/4_output_1//GRASP_ancestors.fasta contains double '/'. This is likely unintended. It can also lead to inconsistent results of the file-matching approach used by Snakemake.
File path grasp_results/4/ancestors/SICP/4_output_1//GRASP_ancestors.fasta contains double '/'. This is likely unintended. It can also lead to inconsistent results of the file-matching approach used by Snakemake.
File path grasp_results/4/ancestors/SICP/4_output_1//tree.nwk contains double '/'. This is likely unintended. It can also lead to inconsistent results of the file-matching approach used by Snakemake.
File path grasp_results/4/ancestors/SICP/4_output_2//GRASP_ancestors.fasta contains double '/'. This is likely unintended. It can also lead to inconsistent results of the file-matching approach used by Snakemake.
File path grasp_results/4/ancestors/SICP/4_output_2//GRASP_ancestors.fasta contains double '/'. This is likely unintended. It can also lead to inconsistent results of the file-matching approach used by Snakemake.
File path grasp_results/4/ancestors/SICP/4_output_2//tree.nwk contains double '/'. This is likely unintended. It can also lead to inconsistent results of the file-matching approach used by Snakemake.
File path grasp_results/4/ancestors/SICML/4_output_1//GRASP_ancestors.fasta contains double '/'. This is likely unintended. It can also lead to inconsistent results of the file-matching approach used by Snakemake.
File path grasp_results/4/ancestors/SICML/4_output_1//GRASP_ancestors.fasta contains double '/'. This is likely unintended. It can also lead to inconsistent results of the file-matching approach used by Snakemake.
File path grasp_results/4/ancestors/SICML/4_output_1//tree.nwk contains double '/'. This is likely unintended. It can also lead to inconsistent results of the file-matching approach used by Snakemake.
File path grasp_results/4/ancestors/SICML/4_output_2//GRASP_ancestors.fasta contains double '/'. This is likely unintended. It can also lead to inconsistent results of the file-matching approach used by Snakemake.
File path grasp_results/4/ancestors/SICML/4_output_2//GRASP_ancestors.fasta contains double '/'. This is likely unintended. It can also lead to inconsistent results of the file-matching approach used by Snakemake.
File path grasp_results/4/ancestors/SICML/4_output_2//tree.nwk contains double '/'. This is likely unintended. It can also lead to inconsistent results of the file-matching approach used by Snakemake.
File path grasp_results/8/ancestors/BEP/8_output_1//GRASP_ancestors.fasta contains double '/'. This is likely unintended. It can also lead to inconsistent results of the file-matching approach used by Snakemake.
File path grasp_results/8/ancestors/BEP/8_output_1//GRASP_ancestors.fasta contains double '/'. This is likely unintended. It can also lead to inconsistent results of the file-matching approach used by Snakemake.
File path grasp_results/8/ancestors/BEP/8_output_1//tree.nwk contains double '/'. This is likely unintended. It can also lead to inconsistent results of the file-matching approach used by Snakemake.
File path grasp_results/8/ancestors/BEP/8_output_2//GRASP_ancestors.fasta contains double '/'. This is likely unintended. It can also lead to inconsistent results of the file-matching approach used by Snakemake.
File path grasp_results/8/ancestors/BEP/8_output_2//GRASP_ancestors.fasta contains double '/'. This is likely unintended. It can also lead to inconsistent results of the file-matching approach used by Snakemake.
File path grasp_results/8/ancestors/BEP/8_output_2//tree.nwk contains double '/'. This is likely unintended. It can also lead to inconsistent results of the file-matching approach used by Snakemake.
File path grasp_results/8/ancestors/SICP/8_output_1//GRASP_ancestors.fasta contains double '/'. This is likely unintended. It can also lead to inconsistent results of the file-matching approach used by Snakemake.
File path grasp_results/8/ancestors/SICP/8_output_1//GRASP_ancestors.fasta contains double '/'. This is likely unintended. It can also lead to inconsistent results of the file-matching approach used by Snakemake.
File path grasp_results/8/ancestors/SICP/8_output_1//tree.nwk contains double '/'. This is likely unintended. It can also lead to inconsistent results of the file-matching approach used by Snakemake.
File path grasp_results/8/ancestors/SICP/8_output_2//GRASP_ancestors.fasta contains double '/'. This is likely unintended. It can also lead to inconsistent results of the file-matching approach used by Snakemake.
File path grasp_results/8/ancestors/SICP/8_output_2//GRASP_ancestors.fasta contains double '/'. This is likely unintended. It can also lead to inconsistent results of the file-matching approach used by Snakemake.
File path grasp_results/8/ancestors/SICP/8_output_2//tree.nwk contains double '/'. This is likely unintended. It can also lead to inconsistent results of the file-matching approach used by Snakemake.
File path grasp_results/8/ancestors/SICML/8_output_1//GRASP_ancestors.fasta contains double '/'. This is likely unintended. It can also lead to inconsistent results of the file-matching approach used by Snakemake.
File path grasp_results/8/ancestors/SICML/8_output_1//GRASP_ancestors.fasta contains double '/'. This is likely unintended. It can also lead to inconsistent results of the file-matching approach used by Snakemake.
File path grasp_results/8/ancestors/SICML/8_output_1//tree.nwk contains double '/'. This is likely unintended. It can also lead to inconsistent results of the file-matching approach used by Snakemake.
File path grasp_results/8/ancestors/SICML/8_output_2//GRASP_ancestors.fasta contains double '/'. This is likely unintended. It can also lead to inconsistent results of the file-matching approach used by Snakemake.
File path grasp_results/8/ancestors/SICML/8_output_2//GRASP_ancestors.fasta contains double '/'. This is likely unintended. It can also lead to inconsistent results of the file-matching approach used by Snakemake.
File path grasp_results/8/ancestors/SICML/8_output_2//tree.nwk contains double '/'. This is likely unintended. It can also lead to inconsistent results of the file-matching approach used by Snakemake.
Using shell: /bin/bash
Provided cores: 1 (use --cores to define parallelism)
Rules claiming more threads will be scaled down.
Job counts:
	count	jobs
	1	all
	8	clean_fasta
	12	concat_fasta
	2	create_control_files
	24	run_grasp
	8	run_indelible
	12	summarise_indels
	67
Select jobs to execute...

[Thu Jan 28 13:22:05 2021]
rule create_control_files:
    output: indelible/4_control.txt
    jobid: 5
    wildcards: taxon=4

[Thu Jan 28 13:22:05 2021]
Finished job 5.
1 of 67 steps (1%) done
Select jobs to execute...

[Thu Jan 28 13:22:05 2021]
rule run_indelible:
    input: indelible/4_control.txt
    output: indelible_output/4/cleaned_trees/4_tree_2.nwk, indelible_output/4/4_TRUE_2.fasta
    jobid: 13
    wildcards: taxon=4, rep=2

[Thu Jan 28 13:22:06 2021]
Finished job 13.
2 of 67 steps (3%) done
Select jobs to execute...

[Thu Jan 28 13:22:06 2021]
rule clean_fasta:
    input: indelible_output/4/4_TRUE_2.fasta
    output: indelible_output/4/cleaned_aln/4_TRUE_2.fasta
    jobid: 12
    wildcards: taxon=4, rep=2

[Thu Jan 28 13:22:06 2021]
Finished job 12.
3 of 67 steps (4%) done
Select jobs to execute...

[Thu Jan 28 13:22:06 2021]
rule run_indelible:
    input: indelible/4_control.txt
    output: indelible_output/4/cleaned_trees/4_tree_1.nwk, indelible_output/4/4_TRUE_1.fasta
    jobid: 4
    wildcards: taxon=4, rep=1

Warning: the following output files of rule run_indelible were not present when the DAG was created:
{'indelible_output/4/cleaned_trees/4_tree_1.nwk', 'indelible_output/4/4_TRUE_1.fasta'}
[Thu Jan 28 13:22:07 2021]
Finished job 4.
4 of 67 steps (6%) done
Select jobs to execute...

[Thu Jan 28 13:22:07 2021]
rule clean_fasta:
    input: indelible_output/4/4_TRUE_1.fasta
    output: indelible_output/4/cleaned_aln/4_TRUE_1.fasta
    jobid: 3
    wildcards: taxon=4, rep=1

[Thu Jan 28 13:22:07 2021]
Finished job 3.
5 of 67 steps (7%) done
Select jobs to execute...

[Thu Jan 28 13:22:07 2021]
rule run_grasp:
    input: indelible_output/4/cleaned_aln/4_TRUE_1.fasta, indelible_output/4/cleaned_trees/4_tree_1.nwk
    output: grasp_results/4/ancestors/BEP/4_output_1/GRASP_ancestors.fasta, grasp_results/4/ancestors/BEP/4_output_1/tree.nwk
    jobid: 2
    wildcards: taxon=4, method=BEP, rep=1

ImproperOutputException in line 43 of /Users/gabefoley/Dropbox/PhD/20210121_Indel_Evaluation_Project/Indel_Evaluation_Snakemake/Snakefile:
Outputs of incorrect type (directories when expecting files or vice versa). Output directories must be flagged with directory(). for rule run_grasp:
grasp_results/4/ancestors/BEP/4_output_1/GRASP_ancestors.fasta
  File "/Users/gabefoley/miniconda3_latest/envs/indel_snakemake/lib/python3.9/site-packages/snakemake/executors/__init__.py", line 583, in handle_job_success
  File "/Users/gabefoley/miniconda3_latest/envs/indel_snakemake/lib/python3.9/site-packages/snakemake/executors/__init__.py", line 252, in handle_job_success
Removing output files of failed job run_grasp since they might be corrupted:
grasp_results/4/ancestors/BEP/4_output_1/GRASP_ancestors.fasta, grasp_results/4/ancestors/BEP/4_output_1/tree.nwk
[Errno 66] Directory not empty: 'grasp_results/4/ancestors/BEP/4_output_1/GRASP_ancestors.fasta'
Shutting down, this might take some time.
Exiting because a job execution failed. Look above for error message
Complete log: /Users/gabefoley/Dropbox/PhD/20210121_Indel_Evaluation_Project/Indel_Evaluation_Snakemake/.snakemake/log/2021-01-28T132205.450491.snakemake.log
