Building DAG of jobs...
Using shell: /bin/bash
Provided cores: 1 (use --cores to define parallelism)
Rules claiming more threads will be scaled down.
Job counts:
	count	jobs
	4	clean_indelible
	1	compile_latex
	16	concat_fasta
	4	concat_indelible
	2	concat_indelible_summaries
	8	concat_summaries
	2	create_control_files
	1	generate_latex
	1	generate_output_dict
	4	get_indelible_dict
	16	run_grasp
	4	run_indelible
	4	summarise_indelible
	16	summarise_indels
	83
Select jobs to execute...

[Wed Feb 17 10:59:13 2021]
rule create_control_files:
    output: indelible/10_control.txt
    jobid: 45
    wildcards: taxon=10

[Wed Feb 17 10:59:13 2021]
Finished job 45.
1 of 83 steps (1%) done
Select jobs to execute...

[Wed Feb 17 10:59:13 2021]
rule create_control_files:
    output: indelible/5_control.txt
    jobid: 8
    wildcards: taxon=5

[Wed Feb 17 10:59:13 2021]
Finished job 8.
2 of 83 steps (2%) done
Select jobs to execute...

[Wed Feb 17 10:59:14 2021]
rule run_indelible:
    input: indelible/10_control.txt
    output: indelible_output/10/trees/2.nwk, indelible_output/10/10_TRUE_2.fasta, indelible_output/10/10_ANCESTRAL_2.fasta, indelible_output/10/N0_trees/2.nwk
    jobid: 52
    wildcards: taxon=10, rep=2

[Wed Feb 17 10:59:15 2021]
Finished job 52.
3 of 83 steps (4%) done
Select jobs to execute...

[Wed Feb 17 10:59:15 2021]
rule concat_indelible:
    input: indelible_output/10/10_TRUE_2.fasta, indelible_output/10/10_ANCESTRAL_2.fasta
    output: indelible_output/10/concatenated/10_2.fasta
    jobid: 53
    wildcards: taxon=10, rep=2

[Wed Feb 17 10:59:15 2021]
Finished job 53.
4 of 83 steps (5%) done
Select jobs to execute...

[Wed Feb 17 10:59:15 2021]
rule run_indelible:
    input: indelible/5_control.txt
    output: indelible_output/5/trees/1.nwk, indelible_output/5/5_TRUE_1.fasta, indelible_output/5/5_ANCESTRAL_1.fasta, indelible_output/5/N0_trees/1.nwk
    jobid: 7
    wildcards: taxon=5, rep=1

[Wed Feb 17 10:59:16 2021]
Finished job 7.
5 of 83 steps (6%) done
Select jobs to execute...

[Wed Feb 17 10:59:16 2021]
rule concat_indelible:
    input: indelible_output/5/5_TRUE_1.fasta, indelible_output/5/5_ANCESTRAL_1.fasta
    output: indelible_output/5/concatenated/5_1.fasta
    jobid: 9
    wildcards: taxon=5, rep=1

[Wed Feb 17 10:59:16 2021]
Finished job 9.
6 of 83 steps (7%) done
Select jobs to execute...

[Wed Feb 17 10:59:16 2021]
rule clean_indelible:
    input: indelible_output/5/N0_trees/1.nwk, indelible_output/5/concatenated/5_1.fasta
    output: indelible_output/5/cleaned_aln/1.fasta, indelible_output/5/concatenated/1.fasta, indelible_output/5/cleaned_trees/1.nwk, indelible_output/5/cleaned_N0_trees/1.nwk, indelible_output/5/cleaned_no_internal_trees/1.nwk
    jobid: 6
    wildcards: taxon=5, rep=1

[Wed Feb 17 10:59:17 2021]
Finished job 6.
7 of 83 steps (8%) done
Select jobs to execute...

[Wed Feb 17 10:59:17 2021]
rule run_grasp:
    input: indelible_output/5/cleaned_aln/1.fasta, indelible_output/5/cleaned_N0_trees/1.nwk
    output: grasp_results/5/SICP/1, grasp_results/5/SICP/1/GRASP_ancestors.fasta, grasp_results/5/SICP/1/GRASP_ancestors.nwk
    jobid: 28
    wildcards: taxon=5, method=SICP, rep=1

[Wed Feb 17 10:59:17 2021]
Finished job 28.
8 of 83 steps (10%) done
Select jobs to execute...

[Wed Feb 17 10:59:17 2021]
rule run_grasp:
    input: indelible_output/5/cleaned_aln/1.fasta, indelible_output/5/cleaned_N0_trees/1.nwk
    output: grasp_results/5/BEML/1, grasp_results/5/BEML/1/GRASP_ancestors.fasta, grasp_results/5/BEML/1/GRASP_ancestors.nwk
    jobid: 21
    wildcards: taxon=5, method=BEML, rep=1

[Wed Feb 17 10:59:18 2021]
Finished job 21.
9 of 83 steps (11%) done
Select jobs to execute...

[Wed Feb 17 10:59:18 2021]
rule run_indelible:
    input: indelible/5_control.txt
    output: indelible_output/5/trees/2.nwk, indelible_output/5/5_TRUE_2.fasta, indelible_output/5/5_ANCESTRAL_2.fasta, indelible_output/5/N0_trees/2.nwk
    jobid: 15
    wildcards: taxon=5, rep=2

Warning: the following output files of rule run_indelible were not present when the DAG was created:
{'indelible_output/5/N0_trees/2.nwk', 'indelible_output/5/5_ANCESTRAL_2.fasta', 'indelible_output/5/5_TRUE_2.fasta'}
[Wed Feb 17 10:59:19 2021]
Finished job 15.
10 of 83 steps (12%) done
Select jobs to execute...

[Wed Feb 17 10:59:19 2021]
rule concat_indelible:
    input: indelible_output/5/5_TRUE_2.fasta, indelible_output/5/5_ANCESTRAL_2.fasta
    output: indelible_output/5/concatenated/5_2.fasta
    jobid: 16
    wildcards: taxon=5, rep=2

[Wed Feb 17 10:59:19 2021]
Finished job 16.
11 of 83 steps (13%) done
Select jobs to execute...

[Wed Feb 17 10:59:19 2021]
rule clean_indelible:
    input: indelible_output/5/N0_trees/2.nwk, indelible_output/5/concatenated/5_2.fasta
    output: indelible_output/5/cleaned_aln/2.fasta, indelible_output/5/concatenated/2.fasta, indelible_output/5/cleaned_trees/2.nwk, indelible_output/5/cleaned_N0_trees/2.nwk, indelible_output/5/cleaned_no_internal_trees/2.nwk
    jobid: 14
    wildcards: taxon=5, rep=2

[Wed Feb 17 10:59:20 2021]
Finished job 14.
12 of 83 steps (14%) done
Select jobs to execute...

[Wed Feb 17 10:59:20 2021]
rule concat_fasta:
    input: indelible_output/5/cleaned_aln/1.fasta, grasp_results/5/BEML/1/GRASP_ancestors.fasta
    output: grasp_results/concatenated/5/BEML/1/GRASP_ancestors.fasta
    jobid: 22
    wildcards: taxon=5, method=BEML, rep=1

[Wed Feb 17 10:59:20 2021]
Finished job 22.
13 of 83 steps (16%) done
Select jobs to execute...

[Wed Feb 17 10:59:20 2021]
rule run_grasp:
    input: indelible_output/5/cleaned_aln/2.fasta, indelible_output/5/cleaned_N0_trees/2.nwk
    output: grasp_results/5/BEP/2, grasp_results/5/BEP/2/GRASP_ancestors.fasta, grasp_results/5/BEP/2/GRASP_ancestors.nwk
    jobid: 13
    wildcards: taxon=5, method=BEP, rep=2

[Wed Feb 17 10:59:20 2021]
Finished job 13.
14 of 83 steps (17%) done
Select jobs to execute...

[Wed Feb 17 10:59:20 2021]
rule concat_fasta:
    input: indelible_output/5/cleaned_aln/2.fasta, grasp_results/5/BEP/2/GRASP_ancestors.fasta
    output: grasp_results/concatenated/5/BEP/2/GRASP_ancestors.fasta
    jobid: 17
    wildcards: taxon=5, method=BEP, rep=2

[Wed Feb 17 10:59:21 2021]
Finished job 17.
15 of 83 steps (18%) done
Select jobs to execute...

[Wed Feb 17 10:59:21 2021]
rule run_grasp:
    input: indelible_output/5/cleaned_aln/2.fasta, indelible_output/5/cleaned_N0_trees/2.nwk
    output: grasp_results/5/BEML/2, grasp_results/5/BEML/2/GRASP_ancestors.fasta, grasp_results/5/BEML/2/GRASP_ancestors.nwk
    jobid: 24
    wildcards: taxon=5, method=BEML, rep=2

[Wed Feb 17 10:59:21 2021]
Finished job 24.
16 of 83 steps (19%) done
Select jobs to execute...

[Wed Feb 17 10:59:21 2021]
rule concat_fasta:
    input: indelible_output/5/cleaned_aln/2.fasta, grasp_results/5/BEML/2/GRASP_ancestors.fasta
    output: grasp_results/concatenated/5/BEML/2/GRASP_ancestors.fasta
    jobid: 25
    wildcards: taxon=5, method=BEML, rep=2

[Wed Feb 17 10:59:21 2021]
Finished job 25.
17 of 83 steps (20%) done
Select jobs to execute...

[Wed Feb 17 10:59:21 2021]
rule concat_fasta:
    input: indelible_output/5/cleaned_aln/1.fasta, grasp_results/5/SICP/1/GRASP_ancestors.fasta
    output: grasp_results/concatenated/5/SICP/1/GRASP_ancestors.fasta
    jobid: 29
    wildcards: taxon=5, method=SICP, rep=1

[Wed Feb 17 10:59:21 2021]
Finished job 29.
18 of 83 steps (22%) done
Select jobs to execute...

[Wed Feb 17 10:59:21 2021]
rule clean_indelible:
    input: indelible_output/10/N0_trees/2.nwk, indelible_output/10/concatenated/10_2.fasta
    output: indelible_output/10/cleaned_aln/2.fasta, indelible_output/10/concatenated/2.fasta, indelible_output/10/cleaned_trees/2.nwk, indelible_output/10/cleaned_N0_trees/2.nwk, indelible_output/10/cleaned_no_internal_trees/2.nwk
    jobid: 51
    wildcards: taxon=10, rep=2

[Wed Feb 17 10:59:22 2021]
Finished job 51.
19 of 83 steps (23%) done
Select jobs to execute...

[Wed Feb 17 10:59:22 2021]
rule run_grasp:
    input: indelible_output/10/cleaned_aln/2.fasta, indelible_output/10/cleaned_N0_trees/2.nwk
    output: grasp_results/10/BEML/2, grasp_results/10/BEML/2/GRASP_ancestors.fasta, grasp_results/10/BEML/2/GRASP_ancestors.nwk
    jobid: 61
    wildcards: taxon=10, method=BEML, rep=2

[Wed Feb 17 10:59:23 2021]
Finished job 61.
20 of 83 steps (24%) done
Select jobs to execute...

[Wed Feb 17 10:59:23 2021]
rule run_grasp:
    input: indelible_output/10/cleaned_aln/2.fasta, indelible_output/10/cleaned_N0_trees/2.nwk
    output: grasp_results/10/SICP/2, grasp_results/10/SICP/2/GRASP_ancestors.fasta, grasp_results/10/SICP/2/GRASP_ancestors.nwk
    jobid: 68
    wildcards: taxon=10, method=SICP, rep=2

[Wed Feb 17 10:59:23 2021]
Finished job 68.
21 of 83 steps (25%) done
Select jobs to execute...

[Wed Feb 17 10:59:23 2021]
rule concat_fasta:
    input: indelible_output/10/cleaned_aln/2.fasta, grasp_results/10/BEML/2/GRASP_ancestors.fasta
    output: grasp_results/concatenated/10/BEML/2/GRASP_ancestors.fasta
    jobid: 62
    wildcards: taxon=10, method=BEML, rep=2

[Wed Feb 17 10:59:23 2021]
Finished job 62.
22 of 83 steps (27%) done
Select jobs to execute...

[Wed Feb 17 10:59:23 2021]
rule concat_fasta:
    input: indelible_output/10/cleaned_aln/2.fasta, grasp_results/10/SICP/2/GRASP_ancestors.fasta
    output: grasp_results/concatenated/10/SICP/2/GRASP_ancestors.fasta
    jobid: 69
    wildcards: taxon=10, method=SICP, rep=2

[Wed Feb 17 10:59:23 2021]
Finished job 69.
23 of 83 steps (28%) done
Select jobs to execute...

[Wed Feb 17 10:59:23 2021]
rule run_grasp:
    input: indelible_output/10/cleaned_aln/2.fasta, indelible_output/10/cleaned_N0_trees/2.nwk
    output: grasp_results/10/SICML/2, grasp_results/10/SICML/2/GRASP_ancestors.fasta, grasp_results/10/SICML/2/GRASP_ancestors.nwk
    jobid: 75
    wildcards: taxon=10, method=SICML, rep=2

[Wed Feb 17 10:59:24 2021]
Finished job 75.
24 of 83 steps (29%) done
Select jobs to execute...

[Wed Feb 17 10:59:24 2021]
rule concat_fasta:
    input: indelible_output/10/cleaned_aln/2.fasta, grasp_results/10/SICML/2/GRASP_ancestors.fasta
    output: grasp_results/concatenated/10/SICML/2/GRASP_ancestors.fasta
    jobid: 76
    wildcards: taxon=10, method=SICML, rep=2

[Wed Feb 17 10:59:24 2021]
Finished job 76.
25 of 83 steps (30%) done
Select jobs to execute...

[Wed Feb 17 10:59:24 2021]
rule get_indelible_dict:
    input: indelible_output/10/concatenated/2.fasta, indelible_output/10/cleaned_N0_trees/2.nwk
    output: indelible_dicts/10/leaves_2.p, indelible_dicts/10/gaps_2.p
    jobid: 55
    wildcards: taxon=10, rep=2

[Wed Feb 17 10:59:25 2021]
Finished job 55.
26 of 83 steps (31%) done
Select jobs to execute...

[Wed Feb 17 10:59:25 2021]
rule summarise_indels:
    input: grasp_results/10/SICP/2/GRASP_ancestors.nwk, grasp_results/concatenated/10/SICP/2/GRASP_ancestors.fasta, indelible_output/10/cleaned_N0_trees/2.nwk, indelible_output/10/concatenated/2.fasta, indelible_dicts/10/leaves_2.p, indelible_dicts/10/gaps_2.p
    output: summaries/10/SICP/2.csv
    jobid: 67
    wildcards: taxon=10, method=SICP, rep=2

[Wed Feb 17 10:59:26 2021]
Finished job 67.
27 of 83 steps (33%) done
Select jobs to execute...

[Wed Feb 17 10:59:26 2021]
rule summarise_indelible:
    input: indelible_output/10/cleaned_N0_trees/2.nwk, indelible_output/10/concatenated/2.fasta, indelible_output/10/cleaned_N0_trees/2.nwk, indelible_output/10/concatenated/2.fasta, indelible_dicts/10/leaves_2.p, indelible_dicts/10/gaps_2.p
    output: indelible_summaries/10/2.csv
    jobid: 82
    wildcards: taxon=10, rep=2

[Wed Feb 17 10:59:27 2021]
Finished job 82.
28 of 83 steps (34%) done
Select jobs to execute...

[Wed Feb 17 10:59:27 2021]
rule summarise_indels:
    input: grasp_results/10/BEML/2/GRASP_ancestors.nwk, grasp_results/concatenated/10/BEML/2/GRASP_ancestors.fasta, indelible_output/10/cleaned_N0_trees/2.nwk, indelible_output/10/concatenated/2.fasta, indelible_dicts/10/leaves_2.p, indelible_dicts/10/gaps_2.p
    output: summaries/10/BEML/2.csv
    jobid: 60
    wildcards: taxon=10, method=BEML, rep=2

[Wed Feb 17 10:59:28 2021]
Finished job 60.
29 of 83 steps (35%) done
Select jobs to execute...

[Wed Feb 17 10:59:28 2021]
rule summarise_indels:
    input: grasp_results/10/SICML/2/GRASP_ancestors.nwk, grasp_results/concatenated/10/SICML/2/GRASP_ancestors.fasta, indelible_output/10/cleaned_N0_trees/2.nwk, indelible_output/10/concatenated/2.fasta, indelible_dicts/10/leaves_2.p, indelible_dicts/10/gaps_2.p
    output: summaries/10/SICML/2.csv
    jobid: 74
    wildcards: taxon=10, method=SICML, rep=2

[Wed Feb 17 10:59:28 2021]
Finished job 74.
30 of 83 steps (36%) done
Select jobs to execute...

[Wed Feb 17 10:59:28 2021]
rule run_grasp:
    input: indelible_output/10/cleaned_aln/2.fasta, indelible_output/10/cleaned_N0_trees/2.nwk
    output: grasp_results/10/BEP/2, grasp_results/10/BEP/2/GRASP_ancestors.fasta, grasp_results/10/BEP/2/GRASP_ancestors.nwk
    jobid: 50
    wildcards: taxon=10, method=BEP, rep=2

[Wed Feb 17 10:59:29 2021]
Finished job 50.
31 of 83 steps (37%) done
Select jobs to execute...

[Wed Feb 17 10:59:29 2021]
rule concat_fasta:
    input: indelible_output/10/cleaned_aln/2.fasta, grasp_results/10/BEP/2/GRASP_ancestors.fasta
    output: grasp_results/concatenated/10/BEP/2/GRASP_ancestors.fasta
    jobid: 54
    wildcards: taxon=10, method=BEP, rep=2

[Wed Feb 17 10:59:29 2021]
Finished job 54.
32 of 83 steps (39%) done
Select jobs to execute...

[Wed Feb 17 10:59:29 2021]
rule summarise_indels:
    input: grasp_results/10/BEP/2/GRASP_ancestors.nwk, grasp_results/concatenated/10/BEP/2/GRASP_ancestors.fasta, indelible_output/10/cleaned_N0_trees/2.nwk, indelible_output/10/concatenated/2.fasta, indelible_dicts/10/leaves_2.p, indelible_dicts/10/gaps_2.p
    output: summaries/10/BEP/2.csv
    jobid: 49
    wildcards: taxon=10, method=BEP, rep=2

[Wed Feb 17 10:59:30 2021]
Finished job 49.
33 of 83 steps (40%) done
Select jobs to execute...

[Wed Feb 17 10:59:30 2021]
rule run_grasp:
    input: indelible_output/5/cleaned_aln/2.fasta, indelible_output/5/cleaned_N0_trees/2.nwk
    output: grasp_results/5/SICML/2, grasp_results/5/SICML/2/GRASP_ancestors.fasta, grasp_results/5/SICML/2/GRASP_ancestors.nwk
    jobid: 38
    wildcards: taxon=5, method=SICML, rep=2

[Wed Feb 17 10:59:30 2021]
Finished job 38.
34 of 83 steps (41%) done
Select jobs to execute...

[Wed Feb 17 10:59:30 2021]
rule concat_fasta:
    input: indelible_output/5/cleaned_aln/2.fasta, grasp_results/5/SICML/2/GRASP_ancestors.fasta
    output: grasp_results/concatenated/5/SICML/2/GRASP_ancestors.fasta
    jobid: 39
    wildcards: taxon=5, method=SICML, rep=2

[Wed Feb 17 10:59:30 2021]
Finished job 39.
35 of 83 steps (42%) done
Select jobs to execute...

[Wed Feb 17 10:59:30 2021]
rule run_grasp:
    input: indelible_output/5/cleaned_aln/2.fasta, indelible_output/5/cleaned_N0_trees/2.nwk
    output: grasp_results/5/SICP/2, grasp_results/5/SICP/2/GRASP_ancestors.fasta, grasp_results/5/SICP/2/GRASP_ancestors.nwk
    jobid: 31
    wildcards: taxon=5, method=SICP, rep=2

[Wed Feb 17 10:59:31 2021]
Finished job 31.
36 of 83 steps (43%) done
Select jobs to execute...

[Wed Feb 17 10:59:31 2021]
rule concat_fasta:
    input: indelible_output/5/cleaned_aln/2.fasta, grasp_results/5/SICP/2/GRASP_ancestors.fasta
    output: grasp_results/concatenated/5/SICP/2/GRASP_ancestors.fasta
    jobid: 32
    wildcards: taxon=5, method=SICP, rep=2

[Wed Feb 17 10:59:31 2021]
Finished job 32.
37 of 83 steps (45%) done
Select jobs to execute...

[Wed Feb 17 10:59:31 2021]
rule run_grasp:
    input: indelible_output/5/cleaned_aln/1.fasta, indelible_output/5/cleaned_N0_trees/1.nwk
    output: grasp_results/5/SICML/1, grasp_results/5/SICML/1/GRASP_ancestors.fasta, grasp_results/5/SICML/1/GRASP_ancestors.nwk
    jobid: 35
    wildcards: taxon=5, method=SICML, rep=1

[Wed Feb 17 10:59:31 2021]
Finished job 35.
38 of 83 steps (46%) done
Select jobs to execute...

[Wed Feb 17 10:59:31 2021]
rule concat_fasta:
    input: indelible_output/5/cleaned_aln/1.fasta, grasp_results/5/SICML/1/GRASP_ancestors.fasta
    output: grasp_results/concatenated/5/SICML/1/GRASP_ancestors.fasta
    jobid: 36
    wildcards: taxon=5, method=SICML, rep=1

[Wed Feb 17 10:59:31 2021]
Finished job 36.
39 of 83 steps (47%) done
Select jobs to execute...

[Wed Feb 17 10:59:31 2021]
rule get_indelible_dict:
    input: indelible_output/5/concatenated/1.fasta, indelible_output/5/cleaned_N0_trees/1.nwk
    output: indelible_dicts/5/leaves_1.p, indelible_dicts/5/gaps_1.p
    jobid: 11
    wildcards: taxon=5, rep=1

[Wed Feb 17 10:59:32 2021]
Finished job 11.
40 of 83 steps (48%) done
Select jobs to execute...

[Wed Feb 17 10:59:32 2021]
rule summarise_indels:
    input: grasp_results/5/SICML/1/GRASP_ancestors.nwk, grasp_results/concatenated/5/SICML/1/GRASP_ancestors.fasta, indelible_output/5/cleaned_N0_trees/1.nwk, indelible_output/5/concatenated/1.fasta, indelible_dicts/5/leaves_1.p, indelible_dicts/5/gaps_1.p
    output: summaries/5/SICML/1.csv
    jobid: 34
    wildcards: taxon=5, method=SICML, rep=1

[Wed Feb 17 10:59:33 2021]
Finished job 34.
41 of 83 steps (49%) done
Select jobs to execute...

[Wed Feb 17 10:59:33 2021]
rule summarise_indelible:
    input: indelible_output/5/cleaned_N0_trees/1.nwk, indelible_output/5/concatenated/1.fasta, indelible_output/5/cleaned_N0_trees/1.nwk, indelible_output/5/concatenated/1.fasta, indelible_dicts/5/leaves_1.p, indelible_dicts/5/gaps_1.p
    output: indelible_summaries/5/1.csv
    jobid: 78
    wildcards: taxon=5, rep=1

[Wed Feb 17 10:59:34 2021]
Finished job 78.
42 of 83 steps (51%) done
Select jobs to execute...

[Wed Feb 17 10:59:34 2021]
rule summarise_indels:
    input: grasp_results/5/SICP/1/GRASP_ancestors.nwk, grasp_results/concatenated/5/SICP/1/GRASP_ancestors.fasta, indelible_output/5/cleaned_N0_trees/1.nwk, indelible_output/5/concatenated/1.fasta, indelible_dicts/5/leaves_1.p, indelible_dicts/5/gaps_1.p
    output: summaries/5/SICP/1.csv
    jobid: 27
    wildcards: taxon=5, method=SICP, rep=1

[Wed Feb 17 10:59:35 2021]
Finished job 27.
43 of 83 steps (52%) done
Select jobs to execute...

[Wed Feb 17 10:59:35 2021]
rule run_indelible:
    input: indelible/10_control.txt
    output: indelible_output/10/trees/1.nwk, indelible_output/10/10_TRUE_1.fasta, indelible_output/10/10_ANCESTRAL_1.fasta, indelible_output/10/N0_trees/1.nwk
    jobid: 44
    wildcards: taxon=10, rep=1

Warning: the following output files of rule run_indelible were not present when the DAG was created:
{'indelible_output/10/10_ANCESTRAL_1.fasta', 'indelible_output/10/N0_trees/1.nwk', 'indelible_output/10/10_TRUE_1.fasta'}
[Wed Feb 17 10:59:36 2021]
Finished job 44.
44 of 83 steps (53%) done
Select jobs to execute...

[Wed Feb 17 10:59:36 2021]
rule concat_indelible:
    input: indelible_output/10/10_TRUE_1.fasta, indelible_output/10/10_ANCESTRAL_1.fasta
    output: indelible_output/10/concatenated/10_1.fasta
    jobid: 46
    wildcards: taxon=10, rep=1

[Wed Feb 17 10:59:36 2021]
Finished job 46.
45 of 83 steps (54%) done
Select jobs to execute...

[Wed Feb 17 10:59:36 2021]
rule run_grasp:
    input: indelible_output/5/cleaned_aln/1.fasta, indelible_output/5/cleaned_N0_trees/1.nwk
    output: grasp_results/5/BEP/1, grasp_results/5/BEP/1/GRASP_ancestors.fasta, grasp_results/5/BEP/1/GRASP_ancestors.nwk
    jobid: 5
    wildcards: taxon=5, method=BEP, rep=1

[Wed Feb 17 10:59:36 2021]
Finished job 5.
46 of 83 steps (55%) done
Select jobs to execute...

[Wed Feb 17 10:59:36 2021]
rule get_indelible_dict:
    input: indelible_output/5/concatenated/2.fasta, indelible_output/5/cleaned_N0_trees/2.nwk
    output: indelible_dicts/5/leaves_2.p, indelible_dicts/5/gaps_2.p
    jobid: 18
    wildcards: taxon=5, rep=2

[Wed Feb 17 10:59:37 2021]
Finished job 18.
47 of 83 steps (57%) done
Select jobs to execute...

[Wed Feb 17 10:59:37 2021]
rule summarise_indelible:
    input: indelible_output/5/cleaned_N0_trees/2.nwk, indelible_output/5/concatenated/2.fasta, indelible_output/5/cleaned_N0_trees/2.nwk, indelible_output/5/concatenated/2.fasta, indelible_dicts/5/leaves_2.p, indelible_dicts/5/gaps_2.p
    output: indelible_summaries/5/2.csv
    jobid: 79
    wildcards: taxon=5, rep=2

[Wed Feb 17 10:59:38 2021]
Finished job 79.
48 of 83 steps (58%) done
Select jobs to execute...

[Wed Feb 17 10:59:38 2021]
rule summarise_indels:
    input: grasp_results/5/SICP/2/GRASP_ancestors.nwk, grasp_results/concatenated/5/SICP/2/GRASP_ancestors.fasta, indelible_output/5/cleaned_N0_trees/2.nwk, indelible_output/5/concatenated/2.fasta, indelible_dicts/5/leaves_2.p, indelible_dicts/5/gaps_2.p
    output: summaries/5/SICP/2.csv
    jobid: 30
    wildcards: taxon=5, method=SICP, rep=2

[Wed Feb 17 10:59:39 2021]
Finished job 30.
49 of 83 steps (59%) done
Select jobs to execute...

[Wed Feb 17 10:59:39 2021]
rule concat_summaries:
    input: summaries/5/SICP/1.csv, summaries/5/SICP/2.csv
    output: concatenated_summaries/5_SICP.csv
    jobid: 26
    wildcards: taxon=5, method=SICP

[Wed Feb 17 10:59:39 2021]
Finished job 26.
50 of 83 steps (60%) done
Select jobs to execute...

[Wed Feb 17 10:59:39 2021]
rule concat_fasta:
    input: indelible_output/5/cleaned_aln/1.fasta, grasp_results/5/BEP/1/GRASP_ancestors.fasta
    output: grasp_results/concatenated/5/BEP/1/GRASP_ancestors.fasta
    jobid: 10
    wildcards: taxon=5, method=BEP, rep=1

[Wed Feb 17 10:59:39 2021]
Finished job 10.
51 of 83 steps (61%) done
Select jobs to execute...

[Wed Feb 17 10:59:39 2021]
rule summarise_indels:
    input: grasp_results/5/BEP/1/GRASP_ancestors.nwk, grasp_results/concatenated/5/BEP/1/GRASP_ancestors.fasta, indelible_output/5/cleaned_N0_trees/1.nwk, indelible_output/5/concatenated/1.fasta, indelible_dicts/5/leaves_1.p, indelible_dicts/5/gaps_1.p
    output: summaries/5/BEP/1.csv
    jobid: 4
    wildcards: taxon=5, method=BEP, rep=1

[Wed Feb 17 10:59:40 2021]
Finished job 4.
52 of 83 steps (63%) done
Select jobs to execute...

[Wed Feb 17 10:59:40 2021]
rule concat_indelible_summaries:
    input: indelible_summaries/5/1.csv, indelible_summaries/5/2.csv
    output: concatenated_indelible_summaries/5.csv
    jobid: 77
    wildcards: taxon=5

[Wed Feb 17 10:59:40 2021]
Finished job 77.
53 of 83 steps (64%) done
Select jobs to execute...

[Wed Feb 17 10:59:40 2021]
rule summarise_indels:
    input: grasp_results/5/BEP/2/GRASP_ancestors.nwk, grasp_results/concatenated/5/BEP/2/GRASP_ancestors.fasta, indelible_output/5/cleaned_N0_trees/2.nwk, indelible_output/5/concatenated/2.fasta, indelible_dicts/5/leaves_2.p, indelible_dicts/5/gaps_2.p
    output: summaries/5/BEP/2.csv
    jobid: 12
    wildcards: taxon=5, method=BEP, rep=2

[Wed Feb 17 10:59:41 2021]
Finished job 12.
54 of 83 steps (65%) done
Select jobs to execute...

[Wed Feb 17 10:59:41 2021]
rule summarise_indels:
    input: grasp_results/5/BEML/2/GRASP_ancestors.nwk, grasp_results/concatenated/5/BEML/2/GRASP_ancestors.fasta, indelible_output/5/cleaned_N0_trees/2.nwk, indelible_output/5/concatenated/2.fasta, indelible_dicts/5/leaves_2.p, indelible_dicts/5/gaps_2.p
    output: summaries/5/BEML/2.csv
    jobid: 23
    wildcards: taxon=5, method=BEML, rep=2

[Wed Feb 17 10:59:42 2021]
Finished job 23.
55 of 83 steps (66%) done
Select jobs to execute...

[Wed Feb 17 10:59:42 2021]
rule summarise_indels:
    input: grasp_results/5/BEML/1/GRASP_ancestors.nwk, grasp_results/concatenated/5/BEML/1/GRASP_ancestors.fasta, indelible_output/5/cleaned_N0_trees/1.nwk, indelible_output/5/concatenated/1.fasta, indelible_dicts/5/leaves_1.p, indelible_dicts/5/gaps_1.p
    output: summaries/5/BEML/1.csv
    jobid: 20
    wildcards: taxon=5, method=BEML, rep=1

[Wed Feb 17 10:59:43 2021]
Finished job 20.
56 of 83 steps (67%) done
Select jobs to execute...

[Wed Feb 17 10:59:43 2021]
rule clean_indelible:
    input: indelible_output/10/N0_trees/1.nwk, indelible_output/10/concatenated/10_1.fasta
    output: indelible_output/10/cleaned_aln/1.fasta, indelible_output/10/concatenated/1.fasta, indelible_output/10/cleaned_trees/1.nwk, indelible_output/10/cleaned_N0_trees/1.nwk, indelible_output/10/cleaned_no_internal_trees/1.nwk
    jobid: 43
    wildcards: taxon=10, rep=1

[Wed Feb 17 10:59:44 2021]
Finished job 43.
57 of 83 steps (69%) done
Select jobs to execute...

[Wed Feb 17 10:59:44 2021]
rule get_indelible_dict:
    input: indelible_output/10/concatenated/1.fasta, indelible_output/10/cleaned_N0_trees/1.nwk
    output: indelible_dicts/10/leaves_1.p, indelible_dicts/10/gaps_1.p
    jobid: 48
    wildcards: taxon=10, rep=1

[Wed Feb 17 10:59:45 2021]
Finished job 48.
58 of 83 steps (70%) done
Select jobs to execute...

[Wed Feb 17 10:59:45 2021]
rule concat_summaries:
    input: summaries/5/BEML/1.csv, summaries/5/BEML/2.csv
    output: concatenated_summaries/5_BEML.csv
    jobid: 19
    wildcards: taxon=5, method=BEML

[Wed Feb 17 10:59:45 2021]
Finished job 19.
59 of 83 steps (71%) done
Select jobs to execute...

[Wed Feb 17 10:59:45 2021]
rule run_grasp:
    input: indelible_output/10/cleaned_aln/1.fasta, indelible_output/10/cleaned_N0_trees/1.nwk
    output: grasp_results/10/BEML/1, grasp_results/10/BEML/1/GRASP_ancestors.fasta, grasp_results/10/BEML/1/GRASP_ancestors.nwk
    jobid: 58
    wildcards: taxon=10, method=BEML, rep=1

[Wed Feb 17 10:59:46 2021]
Finished job 58.
60 of 83 steps (72%) done
Select jobs to execute...

[Wed Feb 17 10:59:46 2021]
rule summarise_indelible:
    input: indelible_output/10/cleaned_N0_trees/1.nwk, indelible_output/10/concatenated/1.fasta, indelible_output/10/cleaned_N0_trees/1.nwk, indelible_output/10/concatenated/1.fasta, indelible_dicts/10/leaves_1.p, indelible_dicts/10/gaps_1.p
    output: indelible_summaries/10/1.csv
    jobid: 81
    wildcards: taxon=10, rep=1

[Wed Feb 17 10:59:47 2021]
Finished job 81.
61 of 83 steps (73%) done
Select jobs to execute...

[Wed Feb 17 10:59:47 2021]
rule concat_fasta:
    input: indelible_output/10/cleaned_aln/1.fasta, grasp_results/10/BEML/1/GRASP_ancestors.fasta
    output: grasp_results/concatenated/10/BEML/1/GRASP_ancestors.fasta
    jobid: 59
    wildcards: taxon=10, method=BEML, rep=1

[Wed Feb 17 10:59:47 2021]
Finished job 59.
62 of 83 steps (75%) done
Select jobs to execute...

[Wed Feb 17 10:59:47 2021]
rule concat_summaries:
    input: summaries/5/BEP/1.csv, summaries/5/BEP/2.csv
    output: concatenated_summaries/5_BEP.csv
    jobid: 3
    wildcards: taxon=5, method=BEP

[Wed Feb 17 10:59:47 2021]
Finished job 3.
63 of 83 steps (76%) done
Select jobs to execute...

[Wed Feb 17 10:59:47 2021]
rule summarise_indels:
    input: grasp_results/5/SICML/2/GRASP_ancestors.nwk, grasp_results/concatenated/5/SICML/2/GRASP_ancestors.fasta, indelible_output/5/cleaned_N0_trees/2.nwk, indelible_output/5/concatenated/2.fasta, indelible_dicts/5/leaves_2.p, indelible_dicts/5/gaps_2.p
    output: summaries/5/SICML/2.csv
    jobid: 37
    wildcards: taxon=5, method=SICML, rep=2

[Wed Feb 17 10:59:48 2021]
Finished job 37.
64 of 83 steps (77%) done
Select jobs to execute...

[Wed Feb 17 10:59:48 2021]
rule concat_summaries:
    input: summaries/5/SICML/1.csv, summaries/5/SICML/2.csv
    output: concatenated_summaries/5_SICML.csv
    jobid: 33
    wildcards: taxon=5, method=SICML

[Wed Feb 17 10:59:48 2021]
Finished job 33.
65 of 83 steps (78%) done
Select jobs to execute...

[Wed Feb 17 10:59:48 2021]
rule run_grasp:
    input: indelible_output/10/cleaned_aln/1.fasta, indelible_output/10/cleaned_N0_trees/1.nwk
    output: grasp_results/10/SICML/1, grasp_results/10/SICML/1/GRASP_ancestors.fasta, grasp_results/10/SICML/1/GRASP_ancestors.nwk
    jobid: 72
    wildcards: taxon=10, method=SICML, rep=1

[Wed Feb 17 10:59:48 2021]
Finished job 72.
66 of 83 steps (80%) done
Select jobs to execute...

[Wed Feb 17 10:59:48 2021]
rule concat_fasta:
    input: indelible_output/10/cleaned_aln/1.fasta, grasp_results/10/SICML/1/GRASP_ancestors.fasta
    output: grasp_results/concatenated/10/SICML/1/GRASP_ancestors.fasta
    jobid: 73
    wildcards: taxon=10, method=SICML, rep=1

[Wed Feb 17 10:59:48 2021]
Finished job 73.
67 of 83 steps (81%) done
Select jobs to execute...

[Wed Feb 17 10:59:48 2021]
rule summarise_indels:
    input: grasp_results/10/SICML/1/GRASP_ancestors.nwk, grasp_results/concatenated/10/SICML/1/GRASP_ancestors.fasta, indelible_output/10/cleaned_N0_trees/1.nwk, indelible_output/10/concatenated/1.fasta, indelible_dicts/10/leaves_1.p, indelible_dicts/10/gaps_1.p
    output: summaries/10/SICML/1.csv
    jobid: 71
    wildcards: taxon=10, method=SICML, rep=1

[Wed Feb 17 10:59:49 2021]
Finished job 71.
68 of 83 steps (82%) done
Select jobs to execute...

[Wed Feb 17 10:59:49 2021]
rule summarise_indels:
    input: grasp_results/10/BEML/1/GRASP_ancestors.nwk, grasp_results/concatenated/10/BEML/1/GRASP_ancestors.fasta, indelible_output/10/cleaned_N0_trees/1.nwk, indelible_output/10/concatenated/1.fasta, indelible_dicts/10/leaves_1.p, indelible_dicts/10/gaps_1.p
    output: summaries/10/BEML/1.csv
    jobid: 57
    wildcards: taxon=10, method=BEML, rep=1

[Wed Feb 17 10:59:50 2021]
Finished job 57.
69 of 83 steps (83%) done
Select jobs to execute...

[Wed Feb 17 10:59:50 2021]
rule concat_summaries:
    input: summaries/10/BEML/1.csv, summaries/10/BEML/2.csv
    output: concatenated_summaries/10_BEML.csv
    jobid: 56
    wildcards: taxon=10, method=BEML

[Wed Feb 17 10:59:50 2021]
Finished job 56.
70 of 83 steps (84%) done
Select jobs to execute...

[Wed Feb 17 10:59:50 2021]
rule concat_summaries:
    input: summaries/10/SICML/1.csv, summaries/10/SICML/2.csv
    output: concatenated_summaries/10_SICML.csv
    jobid: 70
    wildcards: taxon=10, method=SICML

[Wed Feb 17 10:59:50 2021]
Finished job 70.
71 of 83 steps (86%) done
Select jobs to execute...

[Wed Feb 17 10:59:50 2021]
rule concat_indelible_summaries:
    input: indelible_summaries/10/1.csv, indelible_summaries/10/2.csv
    output: concatenated_indelible_summaries/10.csv
    jobid: 80
    wildcards: taxon=10

[Wed Feb 17 10:59:50 2021]
Finished job 80.
72 of 83 steps (87%) done
Select jobs to execute...

[Wed Feb 17 10:59:50 2021]
rule run_grasp:
    input: indelible_output/10/cleaned_aln/1.fasta, indelible_output/10/cleaned_N0_trees/1.nwk
    output: grasp_results/10/SICP/1, grasp_results/10/SICP/1/GRASP_ancestors.fasta, grasp_results/10/SICP/1/GRASP_ancestors.nwk
    jobid: 65
    wildcards: taxon=10, method=SICP, rep=1

[Wed Feb 17 10:59:51 2021]
Finished job 65.
73 of 83 steps (88%) done
Select jobs to execute...

[Wed Feb 17 10:59:51 2021]
rule concat_fasta:
    input: indelible_output/10/cleaned_aln/1.fasta, grasp_results/10/SICP/1/GRASP_ancestors.fasta
    output: grasp_results/concatenated/10/SICP/1/GRASP_ancestors.fasta
    jobid: 66
    wildcards: taxon=10, method=SICP, rep=1

[Wed Feb 17 10:59:51 2021]
Finished job 66.
74 of 83 steps (89%) done
Select jobs to execute...

[Wed Feb 17 10:59:51 2021]
rule summarise_indels:
    input: grasp_results/10/SICP/1/GRASP_ancestors.nwk, grasp_results/concatenated/10/SICP/1/GRASP_ancestors.fasta, indelible_output/10/cleaned_N0_trees/1.nwk, indelible_output/10/concatenated/1.fasta, indelible_dicts/10/leaves_1.p, indelible_dicts/10/gaps_1.p
    output: summaries/10/SICP/1.csv
    jobid: 64
    wildcards: taxon=10, method=SICP, rep=1

[Wed Feb 17 10:59:52 2021]
Finished job 64.
75 of 83 steps (90%) done
Select jobs to execute...

[Wed Feb 17 10:59:52 2021]
rule concat_summaries:
    input: summaries/10/SICP/1.csv, summaries/10/SICP/2.csv
    output: concatenated_summaries/10_SICP.csv
    jobid: 63
    wildcards: taxon=10, method=SICP

[Wed Feb 17 10:59:52 2021]
Finished job 63.
76 of 83 steps (92%) done
Select jobs to execute...

[Wed Feb 17 10:59:52 2021]
rule run_grasp:
    input: indelible_output/10/cleaned_aln/1.fasta, indelible_output/10/cleaned_N0_trees/1.nwk
    output: grasp_results/10/BEP/1, grasp_results/10/BEP/1/GRASP_ancestors.fasta, grasp_results/10/BEP/1/GRASP_ancestors.nwk
    jobid: 42
    wildcards: taxon=10, method=BEP, rep=1

[Wed Feb 17 10:59:52 2021]
Finished job 42.
77 of 83 steps (93%) done
Select jobs to execute...

[Wed Feb 17 10:59:52 2021]
rule concat_fasta:
    input: indelible_output/10/cleaned_aln/1.fasta, grasp_results/10/BEP/1/GRASP_ancestors.fasta
    output: grasp_results/concatenated/10/BEP/1/GRASP_ancestors.fasta
    jobid: 47
    wildcards: taxon=10, method=BEP, rep=1

[Wed Feb 17 10:59:52 2021]
Finished job 47.
78 of 83 steps (94%) done
Select jobs to execute...

[Wed Feb 17 10:59:52 2021]
rule summarise_indels:
    input: grasp_results/10/BEP/1/GRASP_ancestors.nwk, grasp_results/concatenated/10/BEP/1/GRASP_ancestors.fasta, indelible_output/10/cleaned_N0_trees/1.nwk, indelible_output/10/concatenated/1.fasta, indelible_dicts/10/leaves_1.p, indelible_dicts/10/gaps_1.p
    output: summaries/10/BEP/1.csv
    jobid: 41
    wildcards: taxon=10, method=BEP, rep=1

[Wed Feb 17 10:59:53 2021]
Finished job 41.
79 of 83 steps (95%) done
Select jobs to execute...

[Wed Feb 17 10:59:53 2021]
rule concat_summaries:
    input: summaries/10/BEP/1.csv, summaries/10/BEP/2.csv
    output: concatenated_summaries/10_BEP.csv
    jobid: 40
    wildcards: taxon=10, method=BEP

[Wed Feb 17 10:59:53 2021]
Finished job 40.
80 of 83 steps (96%) done
Select jobs to execute...

[Wed Feb 17 10:59:53 2021]
rule generate_output_dict:
    input: concatenated_summaries/5_BEP.csv, concatenated_summaries/5_BEML.csv, concatenated_summaries/5_SICP.csv, concatenated_summaries/5_SICML.csv, concatenated_summaries/10_BEP.csv, concatenated_summaries/10_BEML.csv, concatenated_summaries/10_SICP.csv, concatenated_summaries/10_SICML.csv, concatenated_indelible_summaries/5.csv, concatenated_indelible_summaries/10.csv
    output: output_dicts/output.p
    jobid: 2

[Wed Feb 17 10:59:58 2021]
Finished job 2.
81 of 83 steps (98%) done
Select jobs to execute...

[Wed Feb 17 10:59:58 2021]
rule generate_latex:
    input: output_dicts/output.p
    output: plots/plot.tex
    jobid: 1

[Wed Feb 17 10:59:58 2021]
Finished job 1.
82 of 83 steps (99%) done
Select jobs to execute...

[Wed Feb 17 10:59:58 2021]
rule compile_latex:
    input: plots/plot.tex
    output: plots/plot.pdf
    jobid: 0

[Wed Feb 17 11:00:01 2021]
Finished job 0.
83 of 83 steps (100%) done
Complete log: /Users/gabefoley/Dropbox/PhD/20210121_Indel_Evaluation_Project/Indel_Evaluation_Snakemake/.snakemake/log/2021-02-17T105913.176727.snakemake.log
