Building DAG of jobs...
Using shell: /bin/bash
Provided cores: 1 (use --cores to define parallelism)
Rules claiming more threads will be scaled down.
Job counts:
	count	jobs
	4	clean_indelible
	1	compile_latex
	12	concat_fasta
	4	concat_indelible
	6	concat_summaries
	2	create_control_files
	1	generate_latex
	1	generate_output_dict
	4	get_indelible_dict
	12	run_grasp
	4	run_indelible
	12	summarise_indels
	63
Select jobs to execute...

[Mon Feb  1 15:34:16 2021]
rule create_control_files:
    output: indelible/6_control.txt
    jobid: 8
    wildcards: taxon=6

[Mon Feb  1 15:34:17 2021]
Finished job 8.
1 of 63 steps (2%) done
Select jobs to execute...

[Mon Feb  1 15:34:17 2021]
rule create_control_files:
    output: indelible/8_control.txt
    jobid: 38
    wildcards: taxon=8

[Mon Feb  1 15:34:18 2021]
Finished job 38.
2 of 63 steps (3%) done
Select jobs to execute...

[Mon Feb  1 15:34:18 2021]
rule run_indelible:
    input: indelible/6_control.txt
    output: indelible_output/6/trees/1.nwk, indelible_output/6/6_TRUE_1.fasta, indelible_output/6/6_ANCESTRAL_1.fasta, indelible_output/6/N0_trees/1.nwk
    jobid: 7
    wildcards: taxon=6, rep=1

[Mon Feb  1 15:34:19 2021]
Finished job 7.
3 of 63 steps (5%) done
Select jobs to execute...

[Mon Feb  1 15:34:19 2021]
rule run_indelible:
    input: indelible/8_control.txt
    output: indelible_output/8/trees/1.nwk, indelible_output/8/8_TRUE_1.fasta, indelible_output/8/8_ANCESTRAL_1.fasta, indelible_output/8/N0_trees/1.nwk
    jobid: 37
    wildcards: taxon=8, rep=1

[Mon Feb  1 15:34:21 2021]
Finished job 37.
4 of 63 steps (6%) done
Select jobs to execute...

[Mon Feb  1 15:34:21 2021]
rule concat_indelible:
    input: indelible_output/6/6_TRUE_1.fasta, indelible_output/6/6_ANCESTRAL_1.fasta
    output: indelible_output/6/concatenated/6_1.fasta
    jobid: 9
    wildcards: taxon=6, rep=1

[Mon Feb  1 15:34:21 2021]
Finished job 9.
5 of 63 steps (8%) done
Select jobs to execute...

[Mon Feb  1 15:34:21 2021]
rule concat_indelible:
    input: indelible_output/8/8_TRUE_1.fasta, indelible_output/8/8_ANCESTRAL_1.fasta
    output: indelible_output/8/concatenated/8_1.fasta
    jobid: 39
    wildcards: taxon=8, rep=1

[Mon Feb  1 15:34:21 2021]
Finished job 39.
6 of 63 steps (10%) done
Select jobs to execute...

[Mon Feb  1 15:34:21 2021]
rule clean_indelible:
    input: indelible_output/8/N0_trees/1.nwk, indelible_output/8/concatenated/8_1.fasta
    output: indelible_output/8/cleaned_aln/1.fasta, indelible_output/8/concatenated/1.fasta, indelible_output/8/cleaned_N0_trees/1.nwk
    jobid: 36
    wildcards: taxon=8, rep=1

[Mon Feb  1 15:34:23 2021]
Finished job 36.
7 of 63 steps (11%) done
Select jobs to execute...

[Mon Feb  1 15:34:23 2021]
rule get_indelible_dict:
    input: indelible_output/8/concatenated/1.fasta, indelible_output/8/cleaned_N0_trees/1.nwk
    output: indelible_dicts/8/leaves_1.p, indelible_dicts/8/gaps_1.p
    jobid: 41
    wildcards: taxon=8, rep=1

[Mon Feb  1 15:34:25 2021]
Finished job 41.
8 of 63 steps (13%) done
Select jobs to execute...

[Mon Feb  1 15:34:25 2021]
rule run_grasp:
    input: indelible_output/8/cleaned_aln/1.fasta, indelible_output/8/cleaned_N0_trees/1.nwk
    output: grasp_results/8/BEP/1, grasp_results/8/BEP/1/GRASP_ancestors.fasta, grasp_results/8/BEP/1/tree.nwk
    jobid: 35
    wildcards: taxon=8, method=BEP, rep=1

[Mon Feb  1 15:34:26 2021]
Finished job 35.
9 of 63 steps (14%) done
Select jobs to execute...

[Mon Feb  1 15:34:26 2021]
rule concat_fasta:
    input: indelible_output/8/cleaned_aln/1.fasta, grasp_results/8/BEP/1/GRASP_ancestors.fasta
    output: grasp_results/concatenated/8/BEP/1/GRASP_ancestors.fasta
    jobid: 40
    wildcards: taxon=8, method=BEP, rep=1

[Mon Feb  1 15:34:26 2021]
Finished job 40.
10 of 63 steps (16%) done
Select jobs to execute...

[Mon Feb  1 15:34:26 2021]
rule summarise_indels:
    input: grasp_results/8/BEP/1/tree.nwk, grasp_results/concatenated/8/BEP/1/GRASP_ancestors.fasta, indelible_output/8/cleaned_N0_trees/1.nwk, indelible_output/8/concatenated/1.fasta, indelible_dicts/8/leaves_1.p, indelible_dicts/8/gaps_1.p
    output: summaries/8/BEP/1.csv
    jobid: 34
    wildcards: taxon=8, method=BEP, rep=1

[Mon Feb  1 15:34:28 2021]
Finished job 34.
11 of 63 steps (17%) done
Select jobs to execute...

[Mon Feb  1 15:34:28 2021]
rule run_grasp:
    input: indelible_output/8/cleaned_aln/1.fasta, indelible_output/8/cleaned_N0_trees/1.nwk
    output: grasp_results/8/SICML/1, grasp_results/8/SICML/1/GRASP_ancestors.fasta, grasp_results/8/SICML/1/tree.nwk
    jobid: 58
    wildcards: taxon=8, method=SICML, rep=1

[Mon Feb  1 15:34:29 2021]
Finished job 58.
12 of 63 steps (19%) done
Select jobs to execute...

[Mon Feb  1 15:34:29 2021]
rule concat_fasta:
    input: indelible_output/8/cleaned_aln/1.fasta, grasp_results/8/SICML/1/GRASP_ancestors.fasta
    output: grasp_results/concatenated/8/SICML/1/GRASP_ancestors.fasta
    jobid: 59
    wildcards: taxon=8, method=SICML, rep=1

[Mon Feb  1 15:34:29 2021]
Finished job 59.
13 of 63 steps (21%) done
Select jobs to execute...

[Mon Feb  1 15:34:29 2021]
rule summarise_indels:
    input: grasp_results/8/SICML/1/tree.nwk, grasp_results/concatenated/8/SICML/1/GRASP_ancestors.fasta, indelible_output/8/cleaned_N0_trees/1.nwk, indelible_output/8/concatenated/1.fasta, indelible_dicts/8/leaves_1.p, indelible_dicts/8/gaps_1.p
    output: summaries/8/SICML/1.csv
    jobid: 57
    wildcards: taxon=8, method=SICML, rep=1

[Mon Feb  1 15:34:30 2021]
Finished job 57.
14 of 63 steps (22%) done
Select jobs to execute...

[Mon Feb  1 15:34:30 2021]
rule clean_indelible:
    input: indelible_output/6/N0_trees/1.nwk, indelible_output/6/concatenated/6_1.fasta
    output: indelible_output/6/cleaned_aln/1.fasta, indelible_output/6/concatenated/1.fasta, indelible_output/6/cleaned_N0_trees/1.nwk
    jobid: 6
    wildcards: taxon=6, rep=1

[Mon Feb  1 15:34:32 2021]
Finished job 6.
15 of 63 steps (24%) done
Select jobs to execute...

[Mon Feb  1 15:34:32 2021]
rule get_indelible_dict:
    input: indelible_output/6/concatenated/1.fasta, indelible_output/6/cleaned_N0_trees/1.nwk
    output: indelible_dicts/6/leaves_1.p, indelible_dicts/6/gaps_1.p
    jobid: 11
    wildcards: taxon=6, rep=1

[Mon Feb  1 15:34:34 2021]
Finished job 11.
16 of 63 steps (25%) done
Select jobs to execute...

[Mon Feb  1 15:34:34 2021]
rule run_grasp:
    input: indelible_output/6/cleaned_aln/1.fasta, indelible_output/6/cleaned_N0_trees/1.nwk
    output: grasp_results/6/BEP/1, grasp_results/6/BEP/1/GRASP_ancestors.fasta, grasp_results/6/BEP/1/tree.nwk
    jobid: 5
    wildcards: taxon=6, method=BEP, rep=1

[Mon Feb  1 15:34:35 2021]
Finished job 5.
17 of 63 steps (27%) done
Select jobs to execute...

[Mon Feb  1 15:34:35 2021]
rule concat_fasta:
    input: indelible_output/6/cleaned_aln/1.fasta, grasp_results/6/BEP/1/GRASP_ancestors.fasta
    output: grasp_results/concatenated/6/BEP/1/GRASP_ancestors.fasta
    jobid: 10
    wildcards: taxon=6, method=BEP, rep=1

[Mon Feb  1 15:34:35 2021]
Finished job 10.
18 of 63 steps (29%) done
Select jobs to execute...

[Mon Feb  1 15:34:35 2021]
rule summarise_indels:
    input: grasp_results/6/BEP/1/tree.nwk, grasp_results/concatenated/6/BEP/1/GRASP_ancestors.fasta, indelible_output/6/cleaned_N0_trees/1.nwk, indelible_output/6/concatenated/1.fasta, indelible_dicts/6/leaves_1.p, indelible_dicts/6/gaps_1.p
    output: summaries/6/BEP/1.csv
    jobid: 4
    wildcards: taxon=6, method=BEP, rep=1

[Mon Feb  1 15:34:36 2021]
Finished job 4.
19 of 63 steps (30%) done
Select jobs to execute...

[Mon Feb  1 15:34:36 2021]
rule run_grasp:
    input: indelible_output/6/cleaned_aln/1.fasta, indelible_output/6/cleaned_N0_trees/1.nwk
    output: grasp_results/6/SICP/1, grasp_results/6/SICP/1/GRASP_ancestors.fasta, grasp_results/6/SICP/1/tree.nwk
    jobid: 21
    wildcards: taxon=6, method=SICP, rep=1

[Mon Feb  1 15:34:37 2021]
Finished job 21.
20 of 63 steps (32%) done
Select jobs to execute...

[Mon Feb  1 15:34:37 2021]
rule concat_fasta:
    input: indelible_output/6/cleaned_aln/1.fasta, grasp_results/6/SICP/1/GRASP_ancestors.fasta
    output: grasp_results/concatenated/6/SICP/1/GRASP_ancestors.fasta
    jobid: 22
    wildcards: taxon=6, method=SICP, rep=1

[Mon Feb  1 15:34:37 2021]
Finished job 22.
21 of 63 steps (33%) done
Select jobs to execute...

[Mon Feb  1 15:34:37 2021]
rule summarise_indels:
    input: grasp_results/6/SICP/1/tree.nwk, grasp_results/concatenated/6/SICP/1/GRASP_ancestors.fasta, indelible_output/6/cleaned_N0_trees/1.nwk, indelible_output/6/concatenated/1.fasta, indelible_dicts/6/leaves_1.p, indelible_dicts/6/gaps_1.p
    output: summaries/6/SICP/1.csv
    jobid: 20
    wildcards: taxon=6, method=SICP, rep=1

[Mon Feb  1 15:34:39 2021]
Finished job 20.
22 of 63 steps (35%) done
Select jobs to execute...

[Mon Feb  1 15:34:39 2021]
rule run_indelible:
    input: indelible/6_control.txt
    output: indelible_output/6/trees/2.nwk, indelible_output/6/6_TRUE_2.fasta, indelible_output/6/6_ANCESTRAL_2.fasta, indelible_output/6/N0_trees/2.nwk
    jobid: 15
    wildcards: taxon=6, rep=2

Warning: the following output files of rule run_indelible were not present when the DAG was created:
{'indelible_output/6/6_ANCESTRAL_2.fasta', 'indelible_output/6/N0_trees/2.nwk', 'indelible_output/6/6_TRUE_2.fasta'}
[Mon Feb  1 15:34:40 2021]
Finished job 15.
23 of 63 steps (37%) done
Select jobs to execute...

[Mon Feb  1 15:34:40 2021]
rule run_indelible:
    input: indelible/8_control.txt
    output: indelible_output/8/trees/2.nwk, indelible_output/8/8_TRUE_2.fasta, indelible_output/8/8_ANCESTRAL_2.fasta, indelible_output/8/N0_trees/2.nwk
    jobid: 45
    wildcards: taxon=8, rep=2

Warning: the following output files of rule run_indelible were not present when the DAG was created:
{'indelible_output/8/8_TRUE_2.fasta', 'indelible_output/8/8_ANCESTRAL_2.fasta', 'indelible_output/8/N0_trees/2.nwk'}
[Mon Feb  1 15:34:42 2021]
Finished job 45.
24 of 63 steps (38%) done
Select jobs to execute...

[Mon Feb  1 15:34:42 2021]
rule concat_indelible:
    input: indelible_output/8/8_TRUE_2.fasta, indelible_output/8/8_ANCESTRAL_2.fasta
    output: indelible_output/8/concatenated/8_2.fasta
    jobid: 46
    wildcards: taxon=8, rep=2

[Mon Feb  1 15:34:42 2021]
Finished job 46.
25 of 63 steps (40%) done
Select jobs to execute...

[Mon Feb  1 15:34:42 2021]
rule run_grasp:
    input: indelible_output/8/cleaned_aln/1.fasta, indelible_output/8/cleaned_N0_trees/1.nwk
    output: grasp_results/8/SICP/1, grasp_results/8/SICP/1/GRASP_ancestors.fasta, grasp_results/8/SICP/1/tree.nwk
    jobid: 51
    wildcards: taxon=8, method=SICP, rep=1

[Mon Feb  1 15:34:43 2021]
Finished job 51.
26 of 63 steps (41%) done
Select jobs to execute...

[Mon Feb  1 15:34:43 2021]
rule concat_fasta:
    input: indelible_output/8/cleaned_aln/1.fasta, grasp_results/8/SICP/1/GRASP_ancestors.fasta
    output: grasp_results/concatenated/8/SICP/1/GRASP_ancestors.fasta
    jobid: 52
    wildcards: taxon=8, method=SICP, rep=1

[Mon Feb  1 15:34:43 2021]
Finished job 52.
27 of 63 steps (43%) done
Select jobs to execute...

[Mon Feb  1 15:34:43 2021]
rule run_grasp:
    input: indelible_output/6/cleaned_aln/1.fasta, indelible_output/6/cleaned_N0_trees/1.nwk
    output: grasp_results/6/SICML/1, grasp_results/6/SICML/1/GRASP_ancestors.fasta, grasp_results/6/SICML/1/tree.nwk
    jobid: 28
    wildcards: taxon=6, method=SICML, rep=1

[Mon Feb  1 15:34:44 2021]
Finished job 28.
28 of 63 steps (44%) done
Select jobs to execute...

[Mon Feb  1 15:34:44 2021]
rule concat_indelible:
    input: indelible_output/6/6_TRUE_2.fasta, indelible_output/6/6_ANCESTRAL_2.fasta
    output: indelible_output/6/concatenated/6_2.fasta
    jobid: 16
    wildcards: taxon=6, rep=2

[Mon Feb  1 15:34:44 2021]
Finished job 16.
29 of 63 steps (46%) done
Select jobs to execute...

[Mon Feb  1 15:34:44 2021]
rule clean_indelible:
    input: indelible_output/8/N0_trees/2.nwk, indelible_output/8/concatenated/8_2.fasta
    output: indelible_output/8/cleaned_aln/2.fasta, indelible_output/8/concatenated/2.fasta, indelible_output/8/cleaned_N0_trees/2.nwk
    jobid: 44
    wildcards: taxon=8, rep=2

[Mon Feb  1 15:34:45 2021]
Finished job 44.
30 of 63 steps (48%) done
Select jobs to execute...

[Mon Feb  1 15:34:45 2021]
rule run_grasp:
    input: indelible_output/8/cleaned_aln/2.fasta, indelible_output/8/cleaned_N0_trees/2.nwk
    output: grasp_results/8/SICML/2, grasp_results/8/SICML/2/GRASP_ancestors.fasta, grasp_results/8/SICML/2/tree.nwk
    jobid: 61
    wildcards: taxon=8, method=SICML, rep=2

[Mon Feb  1 15:34:46 2021]
Finished job 61.
31 of 63 steps (49%) done
Select jobs to execute...

[Mon Feb  1 15:34:46 2021]
rule get_indelible_dict:
    input: indelible_output/8/concatenated/2.fasta, indelible_output/8/cleaned_N0_trees/2.nwk
    output: indelible_dicts/8/leaves_2.p, indelible_dicts/8/gaps_2.p
    jobid: 48
    wildcards: taxon=8, rep=2

[Mon Feb  1 15:34:47 2021]
Finished job 48.
32 of 63 steps (51%) done
Select jobs to execute...

[Mon Feb  1 15:34:47 2021]
rule concat_fasta:
    input: indelible_output/6/cleaned_aln/1.fasta, grasp_results/6/SICML/1/GRASP_ancestors.fasta
    output: grasp_results/concatenated/6/SICML/1/GRASP_ancestors.fasta
    jobid: 29
    wildcards: taxon=6, method=SICML, rep=1

[Mon Feb  1 15:34:47 2021]
Finished job 29.
33 of 63 steps (52%) done
Select jobs to execute...

[Mon Feb  1 15:34:47 2021]
rule summarise_indels:
    input: grasp_results/6/SICML/1/tree.nwk, grasp_results/concatenated/6/SICML/1/GRASP_ancestors.fasta, indelible_output/6/cleaned_N0_trees/1.nwk, indelible_output/6/concatenated/1.fasta, indelible_dicts/6/leaves_1.p, indelible_dicts/6/gaps_1.p
    output: summaries/6/SICML/1.csv
    jobid: 27
    wildcards: taxon=6, method=SICML, rep=1

[Mon Feb  1 15:34:49 2021]
Finished job 27.
34 of 63 steps (54%) done
Select jobs to execute...

[Mon Feb  1 15:34:49 2021]
rule summarise_indels:
    input: grasp_results/8/SICP/1/tree.nwk, grasp_results/concatenated/8/SICP/1/GRASP_ancestors.fasta, indelible_output/8/cleaned_N0_trees/1.nwk, indelible_output/8/concatenated/1.fasta, indelible_dicts/8/leaves_1.p, indelible_dicts/8/gaps_1.p
    output: summaries/8/SICP/1.csv
    jobid: 50
    wildcards: taxon=8, method=SICP, rep=1

[Mon Feb  1 15:34:50 2021]
Finished job 50.
35 of 63 steps (56%) done
Select jobs to execute...

[Mon Feb  1 15:34:50 2021]
rule run_grasp:
    input: indelible_output/8/cleaned_aln/2.fasta, indelible_output/8/cleaned_N0_trees/2.nwk
    output: grasp_results/8/SICP/2, grasp_results/8/SICP/2/GRASP_ancestors.fasta, grasp_results/8/SICP/2/tree.nwk
    jobid: 54
    wildcards: taxon=8, method=SICP, rep=2

[Mon Feb  1 15:34:51 2021]
Finished job 54.
36 of 63 steps (57%) done
Select jobs to execute...

[Mon Feb  1 15:34:51 2021]
rule concat_fasta:
    input: indelible_output/8/cleaned_aln/2.fasta, grasp_results/8/SICP/2/GRASP_ancestors.fasta
    output: grasp_results/concatenated/8/SICP/2/GRASP_ancestors.fasta
    jobid: 55
    wildcards: taxon=8, method=SICP, rep=2

[Mon Feb  1 15:34:51 2021]
Finished job 55.
37 of 63 steps (59%) done
Select jobs to execute...

[Mon Feb  1 15:34:51 2021]
rule summarise_indels:
    input: grasp_results/8/SICP/2/tree.nwk, grasp_results/concatenated/8/SICP/2/GRASP_ancestors.fasta, indelible_output/8/cleaned_N0_trees/2.nwk, indelible_output/8/concatenated/2.fasta, indelible_dicts/8/leaves_2.p, indelible_dicts/8/gaps_2.p
    output: summaries/8/SICP/2.csv
    jobid: 53
    wildcards: taxon=8, method=SICP, rep=2

[Mon Feb  1 15:34:52 2021]
Finished job 53.
38 of 63 steps (60%) done
Select jobs to execute...

[Mon Feb  1 15:34:52 2021]
rule clean_indelible:
    input: indelible_output/6/N0_trees/2.nwk, indelible_output/6/concatenated/6_2.fasta
    output: indelible_output/6/cleaned_aln/2.fasta, indelible_output/6/concatenated/2.fasta, indelible_output/6/cleaned_N0_trees/2.nwk
    jobid: 14
    wildcards: taxon=6, rep=2

[Mon Feb  1 15:34:54 2021]
Finished job 14.
39 of 63 steps (62%) done
Select jobs to execute...

[Mon Feb  1 15:34:54 2021]
rule run_grasp:
    input: indelible_output/6/cleaned_aln/2.fasta, indelible_output/6/cleaned_N0_trees/2.nwk
    output: grasp_results/6/SICML/2, grasp_results/6/SICML/2/GRASP_ancestors.fasta, grasp_results/6/SICML/2/tree.nwk
    jobid: 31
    wildcards: taxon=6, method=SICML, rep=2

[Mon Feb  1 15:34:55 2021]
Finished job 31.
40 of 63 steps (63%) done
Select jobs to execute...

[Mon Feb  1 15:34:55 2021]
rule get_indelible_dict:
    input: indelible_output/6/concatenated/2.fasta, indelible_output/6/cleaned_N0_trees/2.nwk
    output: indelible_dicts/6/leaves_2.p, indelible_dicts/6/gaps_2.p
    jobid: 18
    wildcards: taxon=6, rep=2

[Mon Feb  1 15:34:56 2021]
Finished job 18.
41 of 63 steps (65%) done
Select jobs to execute...

[Mon Feb  1 15:34:56 2021]
rule concat_fasta:
    input: indelible_output/6/cleaned_aln/2.fasta, grasp_results/6/SICML/2/GRASP_ancestors.fasta
    output: grasp_results/concatenated/6/SICML/2/GRASP_ancestors.fasta
    jobid: 32
    wildcards: taxon=6, method=SICML, rep=2

[Mon Feb  1 15:34:56 2021]
Finished job 32.
42 of 63 steps (67%) done
Select jobs to execute...

[Mon Feb  1 15:34:56 2021]
rule summarise_indels:
    input: grasp_results/6/SICML/2/tree.nwk, grasp_results/concatenated/6/SICML/2/GRASP_ancestors.fasta, indelible_output/6/cleaned_N0_trees/2.nwk, indelible_output/6/concatenated/2.fasta, indelible_dicts/6/leaves_2.p, indelible_dicts/6/gaps_2.p
    output: summaries/6/SICML/2.csv
    jobid: 30
    wildcards: taxon=6, method=SICML, rep=2

[Mon Feb  1 15:34:58 2021]
Finished job 30.
43 of 63 steps (68%) done
Select jobs to execute...

[Mon Feb  1 15:34:58 2021]
rule concat_summaries:
    input: summaries/6/SICML/1.csv, summaries/6/SICML/2.csv
    output: concatenated_summaries/6_SICML.csv
    jobid: 26
    wildcards: taxon=6, method=SICML

[Mon Feb  1 15:34:58 2021]
Finished job 26.
44 of 63 steps (70%) done
Select jobs to execute...

[Mon Feb  1 15:34:58 2021]
rule run_grasp:
    input: indelible_output/6/cleaned_aln/2.fasta, indelible_output/6/cleaned_N0_trees/2.nwk
    output: grasp_results/6/SICP/2, grasp_results/6/SICP/2/GRASP_ancestors.fasta, grasp_results/6/SICP/2/tree.nwk
    jobid: 24
    wildcards: taxon=6, method=SICP, rep=2

[Mon Feb  1 15:34:58 2021]
Finished job 24.
45 of 63 steps (71%) done
Select jobs to execute...

[Mon Feb  1 15:34:58 2021]
rule concat_fasta:
    input: indelible_output/6/cleaned_aln/2.fasta, grasp_results/6/SICP/2/GRASP_ancestors.fasta
    output: grasp_results/concatenated/6/SICP/2/GRASP_ancestors.fasta
    jobid: 25
    wildcards: taxon=6, method=SICP, rep=2

[Mon Feb  1 15:34:58 2021]
Finished job 25.
46 of 63 steps (73%) done
Select jobs to execute...

[Mon Feb  1 15:34:58 2021]
rule summarise_indels:
    input: grasp_results/6/SICP/2/tree.nwk, grasp_results/concatenated/6/SICP/2/GRASP_ancestors.fasta, indelible_output/6/cleaned_N0_trees/2.nwk, indelible_output/6/concatenated/2.fasta, indelible_dicts/6/leaves_2.p, indelible_dicts/6/gaps_2.p
    output: summaries/6/SICP/2.csv
    jobid: 23
    wildcards: taxon=6, method=SICP, rep=2

[Mon Feb  1 15:35:00 2021]
Finished job 23.
47 of 63 steps (75%) done
Select jobs to execute...

[Mon Feb  1 15:35:00 2021]
rule concat_summaries:
    input: summaries/6/SICP/1.csv, summaries/6/SICP/2.csv
    output: concatenated_summaries/6_SICP.csv
    jobid: 19
    wildcards: taxon=6, method=SICP

[Mon Feb  1 15:35:00 2021]
Finished job 19.
48 of 63 steps (76%) done
Select jobs to execute...

[Mon Feb  1 15:35:00 2021]
rule run_grasp:
    input: indelible_output/8/cleaned_aln/2.fasta, indelible_output/8/cleaned_N0_trees/2.nwk
    output: grasp_results/8/BEP/2, grasp_results/8/BEP/2/GRASP_ancestors.fasta, grasp_results/8/BEP/2/tree.nwk
    jobid: 43
    wildcards: taxon=8, method=BEP, rep=2

[Mon Feb  1 15:35:01 2021]
Finished job 43.
49 of 63 steps (78%) done
Select jobs to execute...

[Mon Feb  1 15:35:01 2021]
rule concat_fasta:
    input: indelible_output/8/cleaned_aln/2.fasta, grasp_results/8/SICML/2/GRASP_ancestors.fasta
    output: grasp_results/concatenated/8/SICML/2/GRASP_ancestors.fasta
    jobid: 62
    wildcards: taxon=8, method=SICML, rep=2

[Mon Feb  1 15:35:01 2021]
Finished job 62.
50 of 63 steps (79%) done
Select jobs to execute...

[Mon Feb  1 15:35:01 2021]
rule concat_summaries:
    input: summaries/8/SICP/1.csv, summaries/8/SICP/2.csv
    output: concatenated_summaries/8_SICP.csv
    jobid: 49
    wildcards: taxon=8, method=SICP

[Mon Feb  1 15:35:01 2021]
Finished job 49.
51 of 63 steps (81%) done
Select jobs to execute...

[Mon Feb  1 15:35:01 2021]
rule run_grasp:
    input: indelible_output/6/cleaned_aln/2.fasta, indelible_output/6/cleaned_N0_trees/2.nwk
    output: grasp_results/6/BEP/2, grasp_results/6/BEP/2/GRASP_ancestors.fasta, grasp_results/6/BEP/2/tree.nwk
    jobid: 13
    wildcards: taxon=6, method=BEP, rep=2

[Mon Feb  1 15:35:02 2021]
Finished job 13.
52 of 63 steps (83%) done
Select jobs to execute...

[Mon Feb  1 15:35:02 2021]
rule concat_fasta:
    input: indelible_output/8/cleaned_aln/2.fasta, grasp_results/8/BEP/2/GRASP_ancestors.fasta
    output: grasp_results/concatenated/8/BEP/2/GRASP_ancestors.fasta
    jobid: 47
    wildcards: taxon=8, method=BEP, rep=2

[Mon Feb  1 15:35:02 2021]
Finished job 47.
53 of 63 steps (84%) done
Select jobs to execute...

[Mon Feb  1 15:35:02 2021]
rule summarise_indels:
    input: grasp_results/8/BEP/2/tree.nwk, grasp_results/concatenated/8/BEP/2/GRASP_ancestors.fasta, indelible_output/8/cleaned_N0_trees/2.nwk, indelible_output/8/concatenated/2.fasta, indelible_dicts/8/leaves_2.p, indelible_dicts/8/gaps_2.p
    output: summaries/8/BEP/2.csv
    jobid: 42
    wildcards: taxon=8, method=BEP, rep=2

[Mon Feb  1 15:35:03 2021]
Finished job 42.
54 of 63 steps (86%) done
Select jobs to execute...

[Mon Feb  1 15:35:03 2021]
rule summarise_indels:
    input: grasp_results/8/SICML/2/tree.nwk, grasp_results/concatenated/8/SICML/2/GRASP_ancestors.fasta, indelible_output/8/cleaned_N0_trees/2.nwk, indelible_output/8/concatenated/2.fasta, indelible_dicts/8/leaves_2.p, indelible_dicts/8/gaps_2.p
    output: summaries/8/SICML/2.csv
    jobid: 60
    wildcards: taxon=8, method=SICML, rep=2

[Mon Feb  1 15:35:05 2021]
Finished job 60.
55 of 63 steps (87%) done
Select jobs to execute...

[Mon Feb  1 15:35:05 2021]
rule concat_summaries:
    input: summaries/8/SICML/1.csv, summaries/8/SICML/2.csv
    output: concatenated_summaries/8_SICML.csv
    jobid: 56
    wildcards: taxon=8, method=SICML

[Mon Feb  1 15:35:05 2021]
Finished job 56.
56 of 63 steps (89%) done
Select jobs to execute...

[Mon Feb  1 15:35:05 2021]
rule concat_summaries:
    input: summaries/8/BEP/1.csv, summaries/8/BEP/2.csv
    output: concatenated_summaries/8_BEP.csv
    jobid: 33
    wildcards: taxon=8, method=BEP

[Mon Feb  1 15:35:05 2021]
Finished job 33.
57 of 63 steps (90%) done
Select jobs to execute...

[Mon Feb  1 15:35:05 2021]
rule concat_fasta:
    input: indelible_output/6/cleaned_aln/2.fasta, grasp_results/6/BEP/2/GRASP_ancestors.fasta
    output: grasp_results/concatenated/6/BEP/2/GRASP_ancestors.fasta
    jobid: 17
    wildcards: taxon=6, method=BEP, rep=2

[Mon Feb  1 15:35:05 2021]
Finished job 17.
58 of 63 steps (92%) done
Select jobs to execute...

[Mon Feb  1 15:35:05 2021]
rule summarise_indels:
    input: grasp_results/6/BEP/2/tree.nwk, grasp_results/concatenated/6/BEP/2/GRASP_ancestors.fasta, indelible_output/6/cleaned_N0_trees/2.nwk, indelible_output/6/concatenated/2.fasta, indelible_dicts/6/leaves_2.p, indelible_dicts/6/gaps_2.p
    output: summaries/6/BEP/2.csv
    jobid: 12
    wildcards: taxon=6, method=BEP, rep=2

[Mon Feb  1 15:35:06 2021]
Finished job 12.
59 of 63 steps (94%) done
Select jobs to execute...

[Mon Feb  1 15:35:06 2021]
rule concat_summaries:
    input: summaries/6/BEP/1.csv, summaries/6/BEP/2.csv
    output: concatenated_summaries/6_BEP.csv
    jobid: 3
    wildcards: taxon=6, method=BEP

[Mon Feb  1 15:35:06 2021]
Finished job 3.
60 of 63 steps (95%) done
Select jobs to execute...

[Mon Feb  1 15:35:06 2021]
rule generate_output_dict:
    input: concatenated_summaries/6_BEP.csv, concatenated_summaries/6_SICP.csv, concatenated_summaries/6_SICML.csv, concatenated_summaries/8_BEP.csv, concatenated_summaries/8_SICP.csv, concatenated_summaries/8_SICML.csv
    output: output_dicts/output.p
    jobid: 2

[Mon Feb  1 15:35:09 2021]
Error in rule generate_output_dict:
    jobid: 2
    output: output_dicts/output.p

RuleException:
CalledProcessError in line 153 of /Users/gabefoley/Dropbox/PhD/20210121_Indel_Evaluation_Project/Indel_Evaluation_Snakemake/Snakefile:
Command 'set -euo pipefail;  /Users/gabefoley/miniconda3_latest/envs/indel_snakemake/bin/python3.9 /Users/gabefoley/Dropbox/PhD/20210121_Indel_Evaluation_Project/Indel_Evaluation_Snakemake/.snakemake/scripts/tmp08pqj2b9.generate_output_dict.py' returned non-zero exit status 1.
  File "/Users/gabefoley/miniconda3_latest/envs/indel_snakemake/lib/python3.9/site-packages/snakemake/executors/__init__.py", line 2319, in run_wrapper
  File "/Users/gabefoley/Dropbox/PhD/20210121_Indel_Evaluation_Project/Indel_Evaluation_Snakemake/Snakefile", line 153, in __rule_generate_output_dict
  File "/Users/gabefoley/miniconda3_latest/envs/indel_snakemake/lib/python3.9/site-packages/snakemake/executors/__init__.py", line 568, in _callback
  File "/Users/gabefoley/miniconda3_latest/envs/indel_snakemake/lib/python3.9/concurrent/futures/thread.py", line 52, in run
  File "/Users/gabefoley/miniconda3_latest/envs/indel_snakemake/lib/python3.9/site-packages/snakemake/executors/__init__.py", line 554, in cached_or_run
  File "/Users/gabefoley/miniconda3_latest/envs/indel_snakemake/lib/python3.9/site-packages/snakemake/executors/__init__.py", line 2350, in run_wrapper
Shutting down, this might take some time.
Exiting because a job execution failed. Look above for error message
Complete log: /Users/gabefoley/Dropbox/PhD/20210121_Indel_Evaluation_Project/Indel_Evaluation_Snakemake/.snakemake/log/2021-02-01T153416.726256.snakemake.log
