Building DAG of jobs...
Using shell: /bin/bash
Provided cores: 1 (use --cores to define parallelism)
Rules claiming more threads will be scaled down.
Job counts:
	count	jobs
	15	clean_fastml
	15	clean_indelible
	1	compile_latex
	60	concat_fasta
	5	concat_fastml_summaries
	15	concat_indelible
	5	concat_indelible_summaries
	20	concat_summaries
	5	create_control_files
	1	generate_latex
	1	generate_output_dict
	15	get_indelible_dict
	15	run_fastml
	60	run_grasp
	15	run_indelible
	15	summarise_fastml_indels
	15	summarise_indelible
	60	summarise_indels
	338
Select jobs to execute...

[Wed Feb  3 10:16:27 2021]
rule create_control_files:
    output: indelible/5_control.txt
    jobid: 8
    wildcards: taxon=5

[Wed Feb  3 10:16:28 2021]
Finished job 8.
1 of 338 steps (0.30%) done
Select jobs to execute...

[Wed Feb  3 10:16:28 2021]
rule run_indelible:
    input: indelible/5_control.txt
    output: indelible_output/5/trees/3.nwk, indelible_output/5/5_TRUE_3.fasta, indelible_output/5/5_ANCESTRAL_3.fasta, indelible_output/5/N0_trees/3.nwk
    jobid: 22
    wildcards: taxon=5, rep=3

[Wed Feb  3 10:16:29 2021]
Finished job 22.
2 of 338 steps (0.59%) done
Select jobs to execute...

[Wed Feb  3 10:16:29 2021]
rule run_indelible:
    input: indelible/5_control.txt
    output: indelible_output/5/trees/2.nwk, indelible_output/5/5_TRUE_2.fasta, indelible_output/5/5_ANCESTRAL_2.fasta, indelible_output/5/N0_trees/2.nwk
    jobid: 15
    wildcards: taxon=5, rep=2

Warning: the following output files of rule run_indelible were not present when the DAG was created:
{'indelible_output/5/5_ANCESTRAL_2.fasta', 'indelible_output/5/5_TRUE_2.fasta', 'indelible_output/5/N0_trees/2.nwk'}
[Wed Feb  3 10:16:30 2021]
Finished job 15.
3 of 338 steps (0.89%) done
Select jobs to execute...

[Wed Feb  3 10:16:30 2021]
rule run_indelible:
    input: indelible/5_control.txt
    output: indelible_output/5/trees/1.nwk, indelible_output/5/5_TRUE_1.fasta, indelible_output/5/5_ANCESTRAL_1.fasta, indelible_output/5/N0_trees/1.nwk
    jobid: 7
    wildcards: taxon=5, rep=1

Warning: the following output files of rule run_indelible were not present when the DAG was created:
{'indelible_output/5/5_TRUE_1.fasta', 'indelible_output/5/5_ANCESTRAL_1.fasta', 'indelible_output/5/N0_trees/1.nwk'}
[Wed Feb  3 10:16:31 2021]
Finished job 7.
4 of 338 steps (1%) done
Select jobs to execute...

[Wed Feb  3 10:16:31 2021]
rule concat_indelible:
    input: indelible_output/5/5_TRUE_1.fasta, indelible_output/5/5_ANCESTRAL_1.fasta
    output: indelible_output/5/concatenated/5_1.fasta
    jobid: 9
    wildcards: taxon=5, rep=1

[Wed Feb  3 10:16:31 2021]
Finished job 9.
5 of 338 steps (1%) done
Select jobs to execute...

[Wed Feb  3 10:16:31 2021]
rule clean_indelible:
    input: indelible_output/5/N0_trees/1.nwk, indelible_output/5/concatenated/5_1.fasta
    output: indelible_output/5/cleaned_aln/1.fasta, indelible_output/5/concatenated/1.fasta, indelible_output/5/cleaned_trees/1.nwk, indelible_output/5/cleaned_N0_trees/1.nwk, indelible_output/5/cleaned_no_internal_trees/1.nwk
    jobid: 6
    wildcards: taxon=5, rep=1

[Wed Feb  3 10:16:32 2021]
Finished job 6.
6 of 338 steps (2%) done
Select jobs to execute...

[Wed Feb  3 10:16:32 2021]
rule run_fastml:
    input: indelible_output/5/cleaned_aln/1.fasta, indelible_output/5/cleaned_no_internal_trees/1.nwk
    output: fastml_results/5/1/seq.joint.txt, fastml_results/5/1/tree.newick.txt, fastml_results/5/1
    jobid: 271
    wildcards: taxon=5, rep=1

[Wed Feb  3 10:16:34 2021]
Finished job 271.
7 of 338 steps (2%) done
Select jobs to execute...

[Wed Feb  3 10:16:34 2021]
rule run_grasp:
    input: indelible_output/5/cleaned_aln/1.fasta, indelible_output/5/cleaned_N0_trees/1.nwk
    output: grasp_results/5/BEML/1, grasp_results/5/BEML/1/GRASP_ancestors.fasta, grasp_results/5/BEML/1/tree.nwk
    jobid: 48
    wildcards: taxon=5, method=BEML, rep=1

[Wed Feb  3 10:16:34 2021]
Finished job 48.
8 of 338 steps (2%) done
Select jobs to execute...

[Wed Feb  3 10:16:34 2021]
rule concat_indelible:
    input: indelible_output/5/5_TRUE_2.fasta, indelible_output/5/5_ANCESTRAL_2.fasta
    output: indelible_output/5/concatenated/5_2.fasta
    jobid: 16
    wildcards: taxon=5, rep=2

[Wed Feb  3 10:16:34 2021]
Finished job 16.
9 of 338 steps (3%) done
Select jobs to execute...

[Wed Feb  3 10:16:34 2021]
rule run_grasp:
    input: indelible_output/5/cleaned_aln/1.fasta, indelible_output/5/cleaned_N0_trees/1.nwk
    output: grasp_results/5/BEP/1, grasp_results/5/BEP/1/GRASP_ancestors.fasta, grasp_results/5/BEP/1/tree.nwk
    jobid: 5
    wildcards: taxon=5, method=BEP, rep=1

[Wed Feb  3 10:16:35 2021]
Finished job 5.
10 of 338 steps (3%) done
Select jobs to execute...

[Wed Feb  3 10:16:35 2021]
rule concat_fasta:
    input: indelible_output/5/cleaned_aln/1.fasta, grasp_results/5/BEP/1/GRASP_ancestors.fasta
    output: grasp_results/concatenated/5/BEP/1/GRASP_ancestors.fasta
    jobid: 10
    wildcards: taxon=5, method=BEP, rep=1

[Wed Feb  3 10:16:35 2021]
Finished job 10.
11 of 338 steps (3%) done
Select jobs to execute...

[Wed Feb  3 10:16:35 2021]
rule run_grasp:
    input: indelible_output/5/cleaned_aln/1.fasta, indelible_output/5/cleaned_N0_trees/1.nwk
    output: grasp_results/5/SICP/1, grasp_results/5/SICP/1/GRASP_ancestors.fasta, grasp_results/5/SICP/1/tree.nwk
    jobid: 28
    wildcards: taxon=5, method=SICP, rep=1

[Wed Feb  3 10:16:36 2021]
Finished job 28.
12 of 338 steps (4%) done
Select jobs to execute...

[Wed Feb  3 10:16:36 2021]
rule concat_fasta:
    input: indelible_output/5/cleaned_aln/1.fasta, grasp_results/5/SICP/1/GRASP_ancestors.fasta
    output: grasp_results/concatenated/5/SICP/1/GRASP_ancestors.fasta
    jobid: 29
    wildcards: taxon=5, method=SICP, rep=1

[Wed Feb  3 10:16:36 2021]
Finished job 29.
13 of 338 steps (4%) done
Select jobs to execute...

[Wed Feb  3 10:16:36 2021]
rule clean_indelible:
    input: indelible_output/5/N0_trees/2.nwk, indelible_output/5/concatenated/5_2.fasta
    output: indelible_output/5/cleaned_aln/2.fasta, indelible_output/5/concatenated/2.fasta, indelible_output/5/cleaned_trees/2.nwk, indelible_output/5/cleaned_N0_trees/2.nwk, indelible_output/5/cleaned_no_internal_trees/2.nwk
    jobid: 14
    wildcards: taxon=5, rep=2

[Wed Feb  3 10:16:37 2021]
Finished job 14.
14 of 338 steps (4%) done
Select jobs to execute...

[Wed Feb  3 10:16:37 2021]
rule create_control_files:
    output: indelible/50_control.txt
    jobid: 167
    wildcards: taxon=50

[Wed Feb  3 10:16:37 2021]
Finished job 167.
15 of 338 steps (4%) done
Select jobs to execute...

[Wed Feb  3 10:16:37 2021]
rule run_indelible:
    input: indelible/50_control.txt
    output: indelible_output/50/trees/2.nwk, indelible_output/50/50_TRUE_2.fasta, indelible_output/50/50_ANCESTRAL_2.fasta, indelible_output/50/N0_trees/2.nwk
    jobid: 174
    wildcards: taxon=50, rep=2

[Wed Feb  3 10:16:38 2021]
Finished job 174.
16 of 338 steps (5%) done
Select jobs to execute...

[Wed Feb  3 10:16:38 2021]
rule create_control_files:
    output: indelible/100_control.txt
    jobid: 220
    wildcards: taxon=100

[Wed Feb  3 10:16:38 2021]
Finished job 220.
17 of 338 steps (5%) done
Select jobs to execute...

[Wed Feb  3 10:16:38 2021]
rule run_indelible:
    input: indelible/100_control.txt
    output: indelible_output/100/trees/2.nwk, indelible_output/100/100_TRUE_2.fasta, indelible_output/100/100_ANCESTRAL_2.fasta, indelible_output/100/N0_trees/2.nwk
    jobid: 227
    wildcards: taxon=100, rep=2

[Wed Feb  3 10:16:40 2021]
Finished job 227.
18 of 338 steps (5%) done
Select jobs to execute...

[Wed Feb  3 10:16:40 2021]
rule run_grasp:
    input: indelible_output/5/cleaned_aln/2.fasta, indelible_output/5/cleaned_N0_trees/2.nwk
    output: grasp_results/5/BEML/2, grasp_results/5/BEML/2/GRASP_ancestors.fasta, grasp_results/5/BEML/2/tree.nwk
    jobid: 51
    wildcards: taxon=5, method=BEML, rep=2

[Wed Feb  3 10:16:40 2021]
Finished job 51.
19 of 338 steps (6%) done
Select jobs to execute...

[Wed Feb  3 10:16:40 2021]
rule concat_indelible:
    input: indelible_output/100/100_TRUE_2.fasta, indelible_output/100/100_ANCESTRAL_2.fasta
    output: indelible_output/100/concatenated/100_2.fasta
    jobid: 228
    wildcards: taxon=100, rep=2

[Wed Feb  3 10:16:40 2021]
Finished job 228.
20 of 338 steps (6%) done
Select jobs to execute...

[Wed Feb  3 10:16:40 2021]
rule run_fastml:
    input: indelible_output/5/cleaned_aln/2.fasta, indelible_output/5/cleaned_no_internal_trees/2.nwk
    output: fastml_results/5/2/seq.joint.txt, fastml_results/5/2/tree.newick.txt, fastml_results/5/2
    jobid: 274
    wildcards: taxon=5, rep=2

[Wed Feb  3 10:16:42 2021]
Finished job 274.
21 of 338 steps (6%) done
Select jobs to execute...

[Wed Feb  3 10:16:42 2021]
rule concat_indelible:
    input: indelible_output/50/50_TRUE_2.fasta, indelible_output/50/50_ANCESTRAL_2.fasta
    output: indelible_output/50/concatenated/50_2.fasta
    jobid: 175
    wildcards: taxon=50, rep=2

[Wed Feb  3 10:16:42 2021]
Finished job 175.
22 of 338 steps (7%) done
Select jobs to execute...

[Wed Feb  3 10:16:42 2021]
rule concat_fasta:
    input: indelible_output/5/cleaned_aln/2.fasta, grasp_results/5/BEML/2/GRASP_ancestors.fasta
    output: grasp_results/concatenated/5/BEML/2/GRASP_ancestors.fasta
    jobid: 52
    wildcards: taxon=5, method=BEML, rep=2

[Wed Feb  3 10:16:42 2021]
Finished job 52.
23 of 338 steps (7%) done
Select jobs to execute...

[Wed Feb  3 10:16:42 2021]
rule run_grasp:
    input: indelible_output/5/cleaned_aln/1.fasta, indelible_output/5/cleaned_N0_trees/1.nwk
    output: grasp_results/5/SICML/1, grasp_results/5/SICML/1/GRASP_ancestors.fasta, grasp_results/5/SICML/1/tree.nwk
    jobid: 38
    wildcards: taxon=5, method=SICML, rep=1

[Wed Feb  3 10:16:43 2021]
Finished job 38.
24 of 338 steps (7%) done
Select jobs to execute...

[Wed Feb  3 10:16:43 2021]
rule clean_fastml:
    input: fastml_results/5/1/seq.joint.txt, fastml_results/5/1/tree.newick.txt
    output: fastml_results/5/concatenated/1/FastML_ancestors.fasta, fastml_results/5/cleaned_N0_trees/1/tree.nwk
    jobid: 270
    wildcards: taxon=5, rep=1

[Wed Feb  3 10:16:44 2021]
Finished job 270.
25 of 338 steps (7%) done
Select jobs to execute...

[Wed Feb  3 10:16:44 2021]
rule get_indelible_dict:
    input: indelible_output/5/concatenated/2.fasta, indelible_output/5/cleaned_N0_trees/2.nwk
    output: indelible_dicts/5/leaves_2.p, indelible_dicts/5/gaps_2.p
    jobid: 18
    wildcards: taxon=5, rep=2

[Wed Feb  3 10:16:45 2021]
Finished job 18.
26 of 338 steps (8%) done
Select jobs to execute...

[Wed Feb  3 10:16:45 2021]
rule get_indelible_dict:
    input: indelible_output/5/concatenated/1.fasta, indelible_output/5/cleaned_N0_trees/1.nwk
    output: indelible_dicts/5/leaves_1.p, indelible_dicts/5/gaps_1.p
    jobid: 11
    wildcards: taxon=5, rep=1

[Wed Feb  3 10:16:46 2021]
Finished job 11.
27 of 338 steps (8%) done
Select jobs to execute...

[Wed Feb  3 10:16:46 2021]
rule summarise_indels:
    input: grasp_results/5/SICP/1/tree.nwk, grasp_results/concatenated/5/SICP/1/GRASP_ancestors.fasta, indelible_output/5/cleaned_N0_trees/1.nwk, indelible_output/5/concatenated/1.fasta, indelible_dicts/5/leaves_1.p, indelible_dicts/5/gaps_1.p
    output: summaries/5/SICP/1.csv
    jobid: 27
    wildcards: taxon=5, method=SICP, rep=1

[Wed Feb  3 10:16:47 2021]
Finished job 27.
28 of 338 steps (8%) done
Select jobs to execute...

[Wed Feb  3 10:16:47 2021]
rule run_grasp:
    input: indelible_output/5/cleaned_aln/2.fasta, indelible_output/5/cleaned_N0_trees/2.nwk
    output: grasp_results/5/BEP/2, grasp_results/5/BEP/2/GRASP_ancestors.fasta, grasp_results/5/BEP/2/tree.nwk
    jobid: 13
    wildcards: taxon=5, method=BEP, rep=2

[Wed Feb  3 10:16:47 2021]
Finished job 13.
29 of 338 steps (9%) done
Select jobs to execute...

[Wed Feb  3 10:16:47 2021]
rule summarise_indels:
    input: grasp_results/5/BEML/2/tree.nwk, grasp_results/concatenated/5/BEML/2/GRASP_ancestors.fasta, indelible_output/5/cleaned_N0_trees/2.nwk, indelible_output/5/concatenated/2.fasta, indelible_dicts/5/leaves_2.p, indelible_dicts/5/gaps_2.p
    output: summaries/5/BEML/2.csv
    jobid: 50
    wildcards: taxon=5, method=BEML, rep=2

[Wed Feb  3 10:16:48 2021]
Finished job 50.
30 of 338 steps (9%) done
Select jobs to execute...

[Wed Feb  3 10:16:48 2021]
rule summarise_indelible:
    input: indelible_output/5/cleaned_N0_trees/1.nwk, indelible_output/5/concatenated/1.fasta, indelible_output/5/cleaned_N0_trees/1.nwk, indelible_output/5/concatenated/1.fasta, indelible_dicts/5/leaves_1.p, indelible_dicts/5/gaps_1.p
    output: indelible_summaries/5/1.csv
    jobid: 319
    wildcards: taxon=5, rep=1

[Wed Feb  3 10:16:49 2021]
Finished job 319.
31 of 338 steps (9%) done
Select jobs to execute...

[Wed Feb  3 10:16:49 2021]
rule summarise_indelible:
    input: indelible_output/5/cleaned_N0_trees/2.nwk, indelible_output/5/concatenated/2.fasta, indelible_output/5/cleaned_N0_trees/2.nwk, indelible_output/5/concatenated/2.fasta, indelible_dicts/5/leaves_2.p, indelible_dicts/5/gaps_2.p
    output: indelible_summaries/5/2.csv
    jobid: 320
    wildcards: taxon=5, rep=2

[Wed Feb  3 10:16:50 2021]
Finished job 320.
32 of 338 steps (9%) done
Select jobs to execute...

[Wed Feb  3 10:16:50 2021]
rule concat_fasta:
    input: indelible_output/5/cleaned_aln/2.fasta, grasp_results/5/BEP/2/GRASP_ancestors.fasta
    output: grasp_results/concatenated/5/BEP/2/GRASP_ancestors.fasta
    jobid: 17
    wildcards: taxon=5, method=BEP, rep=2

[Wed Feb  3 10:16:50 2021]
Finished job 17.
33 of 338 steps (10%) done
Select jobs to execute...

[Wed Feb  3 10:16:50 2021]
rule run_grasp:
    input: indelible_output/5/cleaned_aln/2.fasta, indelible_output/5/cleaned_N0_trees/2.nwk
    output: grasp_results/5/SICP/2, grasp_results/5/SICP/2/GRASP_ancestors.fasta, grasp_results/5/SICP/2/tree.nwk
    jobid: 31
    wildcards: taxon=5, method=SICP, rep=2

[Wed Feb  3 10:16:50 2021]
Finished job 31.
34 of 338 steps (10%) done
Select jobs to execute...

[Wed Feb  3 10:16:50 2021]
rule summarise_indels:
    input: grasp_results/5/BEP/2/tree.nwk, grasp_results/concatenated/5/BEP/2/GRASP_ancestors.fasta, indelible_output/5/cleaned_N0_trees/2.nwk, indelible_output/5/concatenated/2.fasta, indelible_dicts/5/leaves_2.p, indelible_dicts/5/gaps_2.p
    output: summaries/5/BEP/2.csv
    jobid: 12
    wildcards: taxon=5, method=BEP, rep=2

[Wed Feb  3 10:16:51 2021]
Finished job 12.
35 of 338 steps (10%) done
Select jobs to execute...

[Wed Feb  3 10:16:51 2021]
rule clean_indelible:
    input: indelible_output/100/N0_trees/2.nwk, indelible_output/100/concatenated/100_2.fasta
    output: indelible_output/100/cleaned_aln/2.fasta, indelible_output/100/concatenated/2.fasta, indelible_output/100/cleaned_trees/2.nwk, indelible_output/100/cleaned_N0_trees/2.nwk, indelible_output/100/cleaned_no_internal_trees/2.nwk
    jobid: 226
    wildcards: taxon=100, rep=2

[Wed Feb  3 10:16:52 2021]
Finished job 226.
36 of 338 steps (11%) done
Select jobs to execute...

[Wed Feb  3 10:16:52 2021]
rule summarise_indels:
    input: grasp_results/5/BEP/1/tree.nwk, grasp_results/concatenated/5/BEP/1/GRASP_ancestors.fasta, indelible_output/5/cleaned_N0_trees/1.nwk, indelible_output/5/concatenated/1.fasta, indelible_dicts/5/leaves_1.p, indelible_dicts/5/gaps_1.p
    output: summaries/5/BEP/1.csv
    jobid: 4
    wildcards: taxon=5, method=BEP, rep=1

[Wed Feb  3 10:16:53 2021]
Finished job 4.
37 of 338 steps (11%) done
Select jobs to execute...

[Wed Feb  3 10:16:53 2021]
rule run_grasp:
    input: indelible_output/100/cleaned_aln/2.fasta, indelible_output/100/cleaned_N0_trees/2.nwk
    output: grasp_results/100/SICP/2, grasp_results/100/SICP/2/GRASP_ancestors.fasta, grasp_results/100/SICP/2/tree.nwk
    jobid: 243
    wildcards: taxon=100, method=SICP, rep=2

[Wed Feb  3 10:17:01 2021]
Finished job 243.
38 of 338 steps (11%) done
Select jobs to execute...

[Wed Feb  3 10:17:01 2021]
rule concat_fasta:
    input: indelible_output/100/cleaned_aln/2.fasta, grasp_results/100/SICP/2/GRASP_ancestors.fasta
    output: grasp_results/concatenated/100/SICP/2/GRASP_ancestors.fasta
    jobid: 244
    wildcards: taxon=100, method=SICP, rep=2

[Wed Feb  3 10:17:01 2021]
Finished job 244.
39 of 338 steps (12%) done
Select jobs to execute...

[Wed Feb  3 10:17:01 2021]
rule run_grasp:
    input: indelible_output/100/cleaned_aln/2.fasta, indelible_output/100/cleaned_N0_trees/2.nwk
    output: grasp_results/100/SICML/2, grasp_results/100/SICML/2/GRASP_ancestors.fasta, grasp_results/100/SICML/2/tree.nwk
    jobid: 253
    wildcards: taxon=100, method=SICML, rep=2

[Wed Feb  3 10:17:14 2021]
Finished job 253.
40 of 338 steps (12%) done
Select jobs to execute...

[Wed Feb  3 10:17:14 2021]
rule summarise_fastml_indels:
    input: fastml_results/5/concatenated/1/FastML_ancestors.fasta, fastml_results/5/cleaned_N0_trees/1/tree.nwk, indelible_output/5/cleaned_N0_trees/1.nwk, indelible_output/5/concatenated/1.fasta, indelible_dicts/5/leaves_1.p, indelible_dicts/5/gaps_1.p
    output: fastml_summaries/5/fastml/1.csv
    jobid: 269
    wildcards: taxon=5, rep=1

[Wed Feb  3 10:17:15 2021]
Finished job 269.
41 of 338 steps (12%) done
Select jobs to execute...

[Wed Feb  3 10:17:15 2021]
rule get_indelible_dict:
    input: indelible_output/100/concatenated/2.fasta, indelible_output/100/cleaned_N0_trees/2.nwk
    output: indelible_dicts/100/leaves_2.p, indelible_dicts/100/gaps_2.p
    jobid: 230
    wildcards: taxon=100, rep=2

[Wed Feb  3 10:17:16 2021]
Finished job 230.
42 of 338 steps (12%) done
Select jobs to execute...

[Wed Feb  3 10:17:16 2021]
rule summarise_indelible:
    input: indelible_output/100/cleaned_N0_trees/2.nwk, indelible_output/100/concatenated/2.fasta, indelible_output/100/cleaned_N0_trees/2.nwk, indelible_output/100/concatenated/2.fasta, indelible_dicts/100/leaves_2.p, indelible_dicts/100/gaps_2.p
    output: indelible_summaries/100/2.csv
    jobid: 336
    wildcards: taxon=100, rep=2

[Wed Feb  3 10:17:17 2021]
Finished job 336.
43 of 338 steps (13%) done
Select jobs to execute...

[Wed Feb  3 10:17:17 2021]
rule run_fastml:
    input: indelible_output/100/cleaned_aln/2.fasta, indelible_output/100/cleaned_no_internal_trees/2.nwk
    output: fastml_results/100/2/seq.joint.txt, fastml_results/100/2/tree.newick.txt, fastml_results/100/2
    jobid: 314
    wildcards: taxon=100, rep=2

[Wed Feb  3 10:49:19 2021]
Finished job 314.
44 of 338 steps (13%) done
Select jobs to execute...

[Wed Feb  3 10:49:19 2021]
rule run_grasp:
    input: indelible_output/100/cleaned_aln/2.fasta, indelible_output/100/cleaned_N0_trees/2.nwk
    output: grasp_results/100/BEP/2, grasp_results/100/BEP/2/GRASP_ancestors.fasta, grasp_results/100/BEP/2/tree.nwk
    jobid: 225
    wildcards: taxon=100, method=BEP, rep=2

[Wed Feb  3 10:49:36 2021]
Finished job 225.
45 of 338 steps (13%) done
Select jobs to execute...

[Wed Feb  3 10:49:36 2021]
rule clean_indelible:
    input: indelible_output/50/N0_trees/2.nwk, indelible_output/50/concatenated/50_2.fasta
    output: indelible_output/50/cleaned_aln/2.fasta, indelible_output/50/concatenated/2.fasta, indelible_output/50/cleaned_trees/2.nwk, indelible_output/50/cleaned_N0_trees/2.nwk, indelible_output/50/cleaned_no_internal_trees/2.nwk
    jobid: 173
    wildcards: taxon=50, rep=2

[Wed Feb  3 10:49:37 2021]
Finished job 173.
46 of 338 steps (14%) done
Select jobs to execute...

[Wed Feb  3 10:49:37 2021]
rule run_fastml:
    input: indelible_output/50/cleaned_aln/2.fasta, indelible_output/50/cleaned_no_internal_trees/2.nwk
    output: fastml_results/50/2/seq.joint.txt, fastml_results/50/2/tree.newick.txt, fastml_results/50/2
    jobid: 304
    wildcards: taxon=50, rep=2

[Wed Feb  3 10:54:15 2021]
Finished job 304.
47 of 338 steps (14%) done
Select jobs to execute...

[Wed Feb  3 10:54:15 2021]
rule clean_fastml:
    input: fastml_results/100/2/seq.joint.txt, fastml_results/100/2/tree.newick.txt
    output: fastml_results/100/concatenated/2/FastML_ancestors.fasta, fastml_results/100/cleaned_N0_trees/2/tree.nwk
    jobid: 313
    wildcards: taxon=100, rep=2

[Wed Feb  3 10:54:17 2021]
Finished job 313.
48 of 338 steps (14%) done
Select jobs to execute...

[Wed Feb  3 10:54:17 2021]
rule summarise_fastml_indels:
    input: fastml_results/100/concatenated/2/FastML_ancestors.fasta, fastml_results/100/cleaned_N0_trees/2/tree.nwk, indelible_output/100/cleaned_N0_trees/2.nwk, indelible_output/100/concatenated/2.fasta, indelible_dicts/100/leaves_2.p, indelible_dicts/100/gaps_2.p
    output: fastml_summaries/100/fastml/2.csv
    jobid: 312
    wildcards: taxon=100, rep=2

[Wed Feb  3 10:54:20 2021]
Finished job 312.
49 of 338 steps (14%) done
Select jobs to execute...

[Wed Feb  3 10:54:20 2021]
rule run_grasp:
    input: indelible_output/50/cleaned_aln/2.fasta, indelible_output/50/cleaned_N0_trees/2.nwk
    output: grasp_results/50/SICML/2, grasp_results/50/SICML/2/GRASP_ancestors.fasta, grasp_results/50/SICML/2/tree.nwk
    jobid: 200
    wildcards: taxon=50, method=SICML, rep=2

[Wed Feb  3 10:54:26 2021]
Finished job 200.
50 of 338 steps (15%) done
Select jobs to execute...

[Wed Feb  3 10:54:26 2021]
rule concat_fasta:
    input: indelible_output/100/cleaned_aln/2.fasta, grasp_results/100/SICML/2/GRASP_ancestors.fasta
    output: grasp_results/concatenated/100/SICML/2/GRASP_ancestors.fasta
    jobid: 254
    wildcards: taxon=100, method=SICML, rep=2

[Wed Feb  3 10:54:26 2021]
Finished job 254.
51 of 338 steps (15%) done
Select jobs to execute...

[Wed Feb  3 10:54:26 2021]
rule summarise_indels:
    input: grasp_results/100/SICML/2/tree.nwk, grasp_results/concatenated/100/SICML/2/GRASP_ancestors.fasta, indelible_output/100/cleaned_N0_trees/2.nwk, indelible_output/100/concatenated/2.fasta, indelible_dicts/100/leaves_2.p, indelible_dicts/100/gaps_2.p
    output: summaries/100/SICML/2.csv
    jobid: 252
    wildcards: taxon=100, method=SICML, rep=2

[Wed Feb  3 10:54:28 2021]
Finished job 252.
52 of 338 steps (15%) done
Select jobs to execute...

[Wed Feb  3 10:54:29 2021]
rule concat_fasta:
    input: indelible_output/50/cleaned_aln/2.fasta, grasp_results/50/SICML/2/GRASP_ancestors.fasta
    output: grasp_results/concatenated/50/SICML/2/GRASP_ancestors.fasta
    jobid: 201
    wildcards: taxon=50, method=SICML, rep=2

[Wed Feb  3 10:54:29 2021]
Finished job 201.
53 of 338 steps (16%) done
Select jobs to execute...

[Wed Feb  3 10:54:29 2021]
rule run_grasp:
    input: indelible_output/50/cleaned_aln/2.fasta, indelible_output/50/cleaned_N0_trees/2.nwk
    output: grasp_results/50/BEML/2, grasp_results/50/BEML/2/GRASP_ancestors.fasta, grasp_results/50/BEML/2/tree.nwk
    jobid: 210
    wildcards: taxon=50, method=BEML, rep=2

[Wed Feb  3 10:54:37 2021]
Finished job 210.
54 of 338 steps (16%) done
Select jobs to execute...

[Wed Feb  3 10:54:37 2021]
rule run_grasp:
    input: indelible_output/50/cleaned_aln/2.fasta, indelible_output/50/cleaned_N0_trees/2.nwk
    output: grasp_results/50/BEP/2, grasp_results/50/BEP/2/GRASP_ancestors.fasta, grasp_results/50/BEP/2/tree.nwk
    jobid: 172
    wildcards: taxon=50, method=BEP, rep=2

[Wed Feb  3 10:54:43 2021]
Finished job 172.
55 of 338 steps (16%) done
Select jobs to execute...

[Wed Feb  3 10:54:43 2021]
rule concat_fasta:
    input: indelible_output/5/cleaned_aln/1.fasta, grasp_results/5/SICML/1/GRASP_ancestors.fasta
    output: grasp_results/concatenated/5/SICML/1/GRASP_ancestors.fasta
    jobid: 39
    wildcards: taxon=5, method=SICML, rep=1

[Wed Feb  3 10:54:43 2021]
Finished job 39.
56 of 338 steps (17%) done
Select jobs to execute...

[Wed Feb  3 10:54:43 2021]
rule summarise_indels:
    input: grasp_results/5/SICML/1/tree.nwk, grasp_results/concatenated/5/SICML/1/GRASP_ancestors.fasta, indelible_output/5/cleaned_N0_trees/1.nwk, indelible_output/5/concatenated/1.fasta, indelible_dicts/5/leaves_1.p, indelible_dicts/5/gaps_1.p
    output: summaries/5/SICML/1.csv
    jobid: 37
    wildcards: taxon=5, method=SICML, rep=1

[Wed Feb  3 10:54:44 2021]
Finished job 37.
57 of 338 steps (17%) done
Select jobs to execute...

[Wed Feb  3 10:54:44 2021]
rule concat_fasta:
    input: indelible_output/5/cleaned_aln/2.fasta, grasp_results/5/SICP/2/GRASP_ancestors.fasta
    output: grasp_results/concatenated/5/SICP/2/GRASP_ancestors.fasta
    jobid: 32
    wildcards: taxon=5, method=SICP, rep=2

[Wed Feb  3 10:54:44 2021]
Finished job 32.
58 of 338 steps (17%) done
Select jobs to execute...

[Wed Feb  3 10:54:44 2021]
rule summarise_indels:
    input: grasp_results/5/SICP/2/tree.nwk, grasp_results/concatenated/5/SICP/2/GRASP_ancestors.fasta, indelible_output/5/cleaned_N0_trees/2.nwk, indelible_output/5/concatenated/2.fasta, indelible_dicts/5/leaves_2.p, indelible_dicts/5/gaps_2.p
    output: summaries/5/SICP/2.csv
    jobid: 30
    wildcards: taxon=5, method=SICP, rep=2

[Wed Feb  3 10:54:45 2021]
Finished job 30.
59 of 338 steps (17%) done
Select jobs to execute...

[Wed Feb  3 10:54:45 2021]
rule concat_indelible:
    input: indelible_output/5/5_TRUE_3.fasta, indelible_output/5/5_ANCESTRAL_3.fasta
    output: indelible_output/5/concatenated/5_3.fasta
    jobid: 23
    wildcards: taxon=5, rep=3

[Wed Feb  3 10:54:45 2021]
Finished job 23.
60 of 338 steps (18%) done
Select jobs to execute...

[Wed Feb  3 10:54:46 2021]
rule summarise_indels:
    input: grasp_results/100/SICP/2/tree.nwk, grasp_results/concatenated/100/SICP/2/GRASP_ancestors.fasta, indelible_output/100/cleaned_N0_trees/2.nwk, indelible_output/100/concatenated/2.fasta, indelible_dicts/100/leaves_2.p, indelible_dicts/100/gaps_2.p
    output: summaries/100/SICP/2.csv
    jobid: 242
    wildcards: taxon=100, method=SICP, rep=2

[Wed Feb  3 10:54:47 2021]
Finished job 242.
61 of 338 steps (18%) done
Select jobs to execute...

[Wed Feb  3 10:54:47 2021]
rule clean_indelible:
    input: indelible_output/5/N0_trees/3.nwk, indelible_output/5/concatenated/5_3.fasta
    output: indelible_output/5/cleaned_aln/3.fasta, indelible_output/5/concatenated/3.fasta, indelible_output/5/cleaned_trees/3.nwk, indelible_output/5/cleaned_N0_trees/3.nwk, indelible_output/5/cleaned_no_internal_trees/3.nwk
    jobid: 21
    wildcards: taxon=5, rep=3

[Wed Feb  3 10:54:48 2021]
Finished job 21.
62 of 338 steps (18%) done
Select jobs to execute...

[Wed Feb  3 10:54:48 2021]
rule run_grasp:
    input: indelible_output/5/cleaned_aln/3.fasta, indelible_output/5/cleaned_N0_trees/3.nwk
    output: grasp_results/5/SICP/3, grasp_results/5/SICP/3/GRASP_ancestors.fasta, grasp_results/5/SICP/3/tree.nwk
    jobid: 34
    wildcards: taxon=5, method=SICP, rep=3

[Wed Feb  3 10:54:49 2021]
Finished job 34.
63 of 338 steps (19%) done
Select jobs to execute...

[Wed Feb  3 10:54:49 2021]
rule run_grasp:
    input: indelible_output/5/cleaned_aln/3.fasta, indelible_output/5/cleaned_N0_trees/3.nwk
    output: grasp_results/5/BEP/3, grasp_results/5/BEP/3/GRASP_ancestors.fasta, grasp_results/5/BEP/3/tree.nwk
    jobid: 20
    wildcards: taxon=5, method=BEP, rep=3

[Wed Feb  3 10:54:50 2021]
Finished job 20.
64 of 338 steps (19%) done
Select jobs to execute...

[Wed Feb  3 10:54:50 2021]
rule concat_fasta:
    input: indelible_output/5/cleaned_aln/3.fasta, grasp_results/5/SICP/3/GRASP_ancestors.fasta
    output: grasp_results/concatenated/5/SICP/3/GRASP_ancestors.fasta
    jobid: 35
    wildcards: taxon=5, method=SICP, rep=3

[Wed Feb  3 10:54:50 2021]
Finished job 35.
65 of 338 steps (19%) done
Select jobs to execute...

[Wed Feb  3 10:54:50 2021]
rule run_grasp:
    input: indelible_output/5/cleaned_aln/3.fasta, indelible_output/5/cleaned_N0_trees/3.nwk
    output: grasp_results/5/SICML/3, grasp_results/5/SICML/3/GRASP_ancestors.fasta, grasp_results/5/SICML/3/tree.nwk
    jobid: 44
    wildcards: taxon=5, method=SICML, rep=3

[Wed Feb  3 10:54:50 2021]
Finished job 44.
66 of 338 steps (20%) done
Select jobs to execute...

[Wed Feb  3 10:54:50 2021]
rule concat_fasta:
    input: indelible_output/5/cleaned_aln/3.fasta, grasp_results/5/BEP/3/GRASP_ancestors.fasta
    output: grasp_results/concatenated/5/BEP/3/GRASP_ancestors.fasta
    jobid: 24
    wildcards: taxon=5, method=BEP, rep=3

[Wed Feb  3 10:54:50 2021]
Finished job 24.
67 of 338 steps (20%) done
Select jobs to execute...

[Wed Feb  3 10:54:51 2021]
rule concat_fasta:
    input: indelible_output/5/cleaned_aln/3.fasta, grasp_results/5/SICML/3/GRASP_ancestors.fasta
    output: grasp_results/concatenated/5/SICML/3/GRASP_ancestors.fasta
    jobid: 45
    wildcards: taxon=5, method=SICML, rep=3

[Wed Feb  3 10:54:51 2021]
Finished job 45.
68 of 338 steps (20%) done
Select jobs to execute...

[Wed Feb  3 10:54:51 2021]
rule get_indelible_dict:
    input: indelible_output/5/concatenated/3.fasta, indelible_output/5/cleaned_N0_trees/3.nwk
    output: indelible_dicts/5/leaves_3.p, indelible_dicts/5/gaps_3.p
    jobid: 25
    wildcards: taxon=5, rep=3

[Wed Feb  3 10:54:52 2021]
Finished job 25.
69 of 338 steps (20%) done
Select jobs to execute...

[Wed Feb  3 10:54:52 2021]
rule summarise_indels:
    input: grasp_results/5/BEP/3/tree.nwk, grasp_results/concatenated/5/BEP/3/GRASP_ancestors.fasta, indelible_output/5/cleaned_N0_trees/3.nwk, indelible_output/5/concatenated/3.fasta, indelible_dicts/5/leaves_3.p, indelible_dicts/5/gaps_3.p
    output: summaries/5/BEP/3.csv
    jobid: 19
    wildcards: taxon=5, method=BEP, rep=3

[Wed Feb  3 10:54:53 2021]
Finished job 19.
70 of 338 steps (21%) done
Select jobs to execute...

[Wed Feb  3 10:54:53 2021]
rule summarise_indels:
    input: grasp_results/5/SICML/3/tree.nwk, grasp_results/concatenated/5/SICML/3/GRASP_ancestors.fasta, indelible_output/5/cleaned_N0_trees/3.nwk, indelible_output/5/concatenated/3.fasta, indelible_dicts/5/leaves_3.p, indelible_dicts/5/gaps_3.p
    output: summaries/5/SICML/3.csv
    jobid: 43
    wildcards: taxon=5, method=SICML, rep=3

[Wed Feb  3 10:54:54 2021]
Finished job 43.
71 of 338 steps (21%) done
Select jobs to execute...

[Wed Feb  3 10:54:54 2021]
rule summarise_indelible:
    input: indelible_output/5/cleaned_N0_trees/3.nwk, indelible_output/5/concatenated/3.fasta, indelible_output/5/cleaned_N0_trees/3.nwk, indelible_output/5/concatenated/3.fasta, indelible_dicts/5/leaves_3.p, indelible_dicts/5/gaps_3.p
    output: indelible_summaries/5/3.csv
    jobid: 321
    wildcards: taxon=5, rep=3

[Wed Feb  3 10:54:55 2021]
Finished job 321.
72 of 338 steps (21%) done
Select jobs to execute...

[Wed Feb  3 10:54:55 2021]
rule run_grasp:
    input: indelible_output/100/cleaned_aln/2.fasta, indelible_output/100/cleaned_N0_trees/2.nwk
    output: grasp_results/100/BEML/2, grasp_results/100/BEML/2/GRASP_ancestors.fasta, grasp_results/100/BEML/2/tree.nwk
    jobid: 263
    wildcards: taxon=100, method=BEML, rep=2

[Wed Feb  3 10:55:19 2021]
Finished job 263.
73 of 338 steps (22%) done
Select jobs to execute...

[Wed Feb  3 10:55:19 2021]
rule concat_fasta:
    input: indelible_output/100/cleaned_aln/2.fasta, grasp_results/100/BEP/2/GRASP_ancestors.fasta
    output: grasp_results/concatenated/100/BEP/2/GRASP_ancestors.fasta
    jobid: 229
    wildcards: taxon=100, method=BEP, rep=2

[Wed Feb  3 10:55:19 2021]
Finished job 229.
74 of 338 steps (22%) done
Select jobs to execute...

[Wed Feb  3 10:55:19 2021]
rule summarise_indels:
    input: grasp_results/100/BEP/2/tree.nwk, grasp_results/concatenated/100/BEP/2/GRASP_ancestors.fasta, indelible_output/100/cleaned_N0_trees/2.nwk, indelible_output/100/concatenated/2.fasta, indelible_dicts/100/leaves_2.p, indelible_dicts/100/gaps_2.p
    output: summaries/100/BEP/2.csv
    jobid: 224
    wildcards: taxon=100, method=BEP, rep=2

[Wed Feb  3 10:55:21 2021]
Finished job 224.
75 of 338 steps (22%) done
Select jobs to execute...

[Wed Feb  3 10:55:21 2021]
rule concat_fasta:
    input: indelible_output/50/cleaned_aln/2.fasta, grasp_results/50/BEML/2/GRASP_ancestors.fasta
    output: grasp_results/concatenated/50/BEML/2/GRASP_ancestors.fasta
    jobid: 211
    wildcards: taxon=50, method=BEML, rep=2

[Wed Feb  3 10:55:21 2021]
Finished job 211.
76 of 338 steps (22%) done
Select jobs to execute...

[Wed Feb  3 10:55:21 2021]
rule concat_fasta:
    input: indelible_output/50/cleaned_aln/2.fasta, grasp_results/50/BEP/2/GRASP_ancestors.fasta
    output: grasp_results/concatenated/50/BEP/2/GRASP_ancestors.fasta
    jobid: 176
    wildcards: taxon=50, method=BEP, rep=2

[Wed Feb  3 10:55:21 2021]
Finished job 176.
77 of 338 steps (23%) done
Select jobs to execute...

[Wed Feb  3 10:55:21 2021]
rule summarise_indels:
    input: grasp_results/5/SICP/3/tree.nwk, grasp_results/concatenated/5/SICP/3/GRASP_ancestors.fasta, indelible_output/5/cleaned_N0_trees/3.nwk, indelible_output/5/concatenated/3.fasta, indelible_dicts/5/leaves_3.p, indelible_dicts/5/gaps_3.p
    output: summaries/5/SICP/3.csv
    jobid: 33
    wildcards: taxon=5, method=SICP, rep=3

[Wed Feb  3 10:55:22 2021]
Finished job 33.
78 of 338 steps (23%) done
Select jobs to execute...

[Wed Feb  3 10:55:22 2021]
rule concat_summaries:
    input: summaries/5/BEP/1.csv, summaries/5/BEP/2.csv, summaries/5/BEP/3.csv
    output: concatenated_summaries/5_BEP.csv
    jobid: 3
    wildcards: taxon=5, method=BEP

[Wed Feb  3 10:55:22 2021]
Finished job 3.
79 of 338 steps (23%) done
Select jobs to execute...

[Wed Feb  3 10:55:22 2021]
rule concat_indelible_summaries:
    input: indelible_summaries/5/1.csv, indelible_summaries/5/2.csv, indelible_summaries/5/3.csv
    output: concatenated_indelible_summaries/5.csv
    jobid: 318
    wildcards: taxon=5

[Wed Feb  3 10:55:22 2021]
Finished job 318.
80 of 338 steps (24%) done
Select jobs to execute...

[Wed Feb  3 10:55:22 2021]
rule concat_fasta:
    input: indelible_output/100/cleaned_aln/2.fasta, grasp_results/100/BEML/2/GRASP_ancestors.fasta
    output: grasp_results/concatenated/100/BEML/2/GRASP_ancestors.fasta
    jobid: 264
    wildcards: taxon=100, method=BEML, rep=2

[Wed Feb  3 10:55:22 2021]
Finished job 264.
81 of 338 steps (24%) done
Select jobs to execute...

[Wed Feb  3 10:55:22 2021]
rule summarise_indels:
    input: grasp_results/100/BEML/2/tree.nwk, grasp_results/concatenated/100/BEML/2/GRASP_ancestors.fasta, indelible_output/100/cleaned_N0_trees/2.nwk, indelible_output/100/concatenated/2.fasta, indelible_dicts/100/leaves_2.p, indelible_dicts/100/gaps_2.p
    output: summaries/100/BEML/2.csv
    jobid: 262
    wildcards: taxon=100, method=BEML, rep=2

[Wed Feb  3 10:55:23 2021]
Finished job 262.
82 of 338 steps (24%) done
Select jobs to execute...

[Wed Feb  3 10:55:23 2021]
rule run_grasp:
    input: indelible_output/5/cleaned_aln/3.fasta, indelible_output/5/cleaned_N0_trees/3.nwk
    output: grasp_results/5/BEML/3, grasp_results/5/BEML/3/GRASP_ancestors.fasta, grasp_results/5/BEML/3/tree.nwk
    jobid: 54
    wildcards: taxon=5, method=BEML, rep=3

[Wed Feb  3 10:55:24 2021]
Finished job 54.
83 of 338 steps (25%) done
Select jobs to execute...

[Wed Feb  3 10:55:24 2021]
rule concat_fasta:
    input: indelible_output/5/cleaned_aln/3.fasta, grasp_results/5/BEML/3/GRASP_ancestors.fasta
    output: grasp_results/concatenated/5/BEML/3/GRASP_ancestors.fasta
    jobid: 55
    wildcards: taxon=5, method=BEML, rep=3

[Wed Feb  3 10:55:24 2021]
Finished job 55.
84 of 338 steps (25%) done
Select jobs to execute...

[Wed Feb  3 10:55:24 2021]
rule summarise_indels:
    input: grasp_results/5/BEML/3/tree.nwk, grasp_results/concatenated/5/BEML/3/GRASP_ancestors.fasta, indelible_output/5/cleaned_N0_trees/3.nwk, indelible_output/5/concatenated/3.fasta, indelible_dicts/5/leaves_3.p, indelible_dicts/5/gaps_3.p
    output: summaries/5/BEML/3.csv
    jobid: 53
    wildcards: taxon=5, method=BEML, rep=3

[Wed Feb  3 10:55:25 2021]
Finished job 53.
85 of 338 steps (25%) done
Select jobs to execute...

[Wed Feb  3 10:55:25 2021]
rule run_fastml:
    input: indelible_output/5/cleaned_aln/3.fasta, indelible_output/5/cleaned_no_internal_trees/3.nwk
    output: fastml_results/5/3/seq.joint.txt, fastml_results/5/3/tree.newick.txt, fastml_results/5/3
    jobid: 277
    wildcards: taxon=5, rep=3

[Wed Feb  3 10:55:27 2021]
Finished job 277.
86 of 338 steps (25%) done
Select jobs to execute...

[Wed Feb  3 10:55:27 2021]
rule clean_fastml:
    input: fastml_results/5/3/seq.joint.txt, fastml_results/5/3/tree.newick.txt
    output: fastml_results/5/concatenated/3/FastML_ancestors.fasta, fastml_results/5/cleaned_N0_trees/3/tree.nwk
    jobid: 276
    wildcards: taxon=5, rep=3

[Wed Feb  3 10:55:28 2021]
Finished job 276.
87 of 338 steps (26%) done
Select jobs to execute...

[Wed Feb  3 10:55:28 2021]
rule summarise_fastml_indels:
    input: fastml_results/5/concatenated/3/FastML_ancestors.fasta, fastml_results/5/cleaned_N0_trees/3/tree.nwk, indelible_output/5/cleaned_N0_trees/3.nwk, indelible_output/5/concatenated/3.fasta, indelible_dicts/5/leaves_3.p, indelible_dicts/5/gaps_3.p
    output: fastml_summaries/5/fastml/3.csv
    jobid: 275
    wildcards: taxon=5, rep=3

[Wed Feb  3 10:55:29 2021]
Finished job 275.
88 of 338 steps (26%) done
Select jobs to execute...

[Wed Feb  3 10:55:29 2021]
rule run_grasp:
    input: indelible_output/5/cleaned_aln/2.fasta, indelible_output/5/cleaned_N0_trees/2.nwk
    output: grasp_results/5/SICML/2, grasp_results/5/SICML/2/GRASP_ancestors.fasta, grasp_results/5/SICML/2/tree.nwk
    jobid: 41
    wildcards: taxon=5, method=SICML, rep=2

[Wed Feb  3 10:55:29 2021]
Finished job 41.
89 of 338 steps (26%) done
Select jobs to execute...

[Wed Feb  3 10:55:29 2021]
rule concat_fasta:
    input: indelible_output/5/cleaned_aln/2.fasta, grasp_results/5/SICML/2/GRASP_ancestors.fasta
    output: grasp_results/concatenated/5/SICML/2/GRASP_ancestors.fasta
    jobid: 42
    wildcards: taxon=5, method=SICML, rep=2

[Wed Feb  3 10:55:29 2021]
Finished job 42.
90 of 338 steps (27%) done
Select jobs to execute...

[Wed Feb  3 10:55:29 2021]
rule summarise_indels:
    input: grasp_results/5/SICML/2/tree.nwk, grasp_results/concatenated/5/SICML/2/GRASP_ancestors.fasta, indelible_output/5/cleaned_N0_trees/2.nwk, indelible_output/5/concatenated/2.fasta, indelible_dicts/5/leaves_2.p, indelible_dicts/5/gaps_2.p
    output: summaries/5/SICML/2.csv
    jobid: 40
    wildcards: taxon=5, method=SICML, rep=2

[Wed Feb  3 10:55:30 2021]
Finished job 40.
91 of 338 steps (27%) done
Select jobs to execute...

[Wed Feb  3 10:55:30 2021]
rule concat_summaries:
    input: summaries/5/SICML/1.csv, summaries/5/SICML/2.csv, summaries/5/SICML/3.csv
    output: concatenated_summaries/5_SICML.csv
    jobid: 36
    wildcards: taxon=5, method=SICML

[Wed Feb  3 10:55:31 2021]
Finished job 36.
92 of 338 steps (27%) done
Select jobs to execute...

[Wed Feb  3 10:55:31 2021]
rule get_indelible_dict:
    input: indelible_output/50/concatenated/2.fasta, indelible_output/50/cleaned_N0_trees/2.nwk
    output: indelible_dicts/50/leaves_2.p, indelible_dicts/50/gaps_2.p
    jobid: 177
    wildcards: taxon=50, rep=2

[Wed Feb  3 10:55:32 2021]
Finished job 177.
93 of 338 steps (28%) done
Select jobs to execute...

[Wed Feb  3 10:55:32 2021]
rule summarise_indelible:
    input: indelible_output/50/cleaned_N0_trees/2.nwk, indelible_output/50/concatenated/2.fasta, indelible_output/50/cleaned_N0_trees/2.nwk, indelible_output/50/concatenated/2.fasta, indelible_dicts/50/leaves_2.p, indelible_dicts/50/gaps_2.p
    output: indelible_summaries/50/2.csv
    jobid: 332
    wildcards: taxon=50, rep=2

[Wed Feb  3 10:55:32 2021]
Finished job 332.
94 of 338 steps (28%) done
Select jobs to execute...

[Wed Feb  3 10:55:32 2021]
rule summarise_indels:
    input: grasp_results/50/SICML/2/tree.nwk, grasp_results/concatenated/50/SICML/2/GRASP_ancestors.fasta, indelible_output/50/cleaned_N0_trees/2.nwk, indelible_output/50/concatenated/2.fasta, indelible_dicts/50/leaves_2.p, indelible_dicts/50/gaps_2.p
    output: summaries/50/SICML/2.csv
    jobid: 199
    wildcards: taxon=50, method=SICML, rep=2

[Wed Feb  3 10:55:33 2021]
Finished job 199.
95 of 338 steps (28%) done
Select jobs to execute...

[Wed Feb  3 10:55:33 2021]
rule run_grasp:
    input: indelible_output/50/cleaned_aln/2.fasta, indelible_output/50/cleaned_N0_trees/2.nwk
    output: grasp_results/50/SICP/2, grasp_results/50/SICP/2/GRASP_ancestors.fasta, grasp_results/50/SICP/2/tree.nwk
    jobid: 190
    wildcards: taxon=50, method=SICP, rep=2

[Wed Feb  3 10:55:38 2021]
Finished job 190.
96 of 338 steps (28%) done
Select jobs to execute...

[Wed Feb  3 10:55:38 2021]
rule concat_fasta:
    input: indelible_output/50/cleaned_aln/2.fasta, grasp_results/50/SICP/2/GRASP_ancestors.fasta
    output: grasp_results/concatenated/50/SICP/2/GRASP_ancestors.fasta
    jobid: 191
    wildcards: taxon=50, method=SICP, rep=2

[Wed Feb  3 10:55:38 2021]
Finished job 191.
97 of 338 steps (29%) done
Select jobs to execute...

[Wed Feb  3 10:55:38 2021]
rule summarise_indels:
    input: grasp_results/50/SICP/2/tree.nwk, grasp_results/concatenated/50/SICP/2/GRASP_ancestors.fasta, indelible_output/50/cleaned_N0_trees/2.nwk, indelible_output/50/concatenated/2.fasta, indelible_dicts/50/leaves_2.p, indelible_dicts/50/gaps_2.p
    output: summaries/50/SICP/2.csv
    jobid: 189
    wildcards: taxon=50, method=SICP, rep=2

[Wed Feb  3 10:55:39 2021]
Finished job 189.
98 of 338 steps (29%) done
Select jobs to execute...

[Wed Feb  3 10:55:39 2021]
rule concat_summaries:
    input: summaries/5/SICP/1.csv, summaries/5/SICP/2.csv, summaries/5/SICP/3.csv
    output: concatenated_summaries/5_SICP.csv
    jobid: 26
    wildcards: taxon=5, method=SICP

[Wed Feb  3 10:55:39 2021]
Finished job 26.
99 of 338 steps (29%) done
Select jobs to execute...

[Wed Feb  3 10:55:39 2021]
rule summarise_indels:
    input: grasp_results/50/BEP/2/tree.nwk, grasp_results/concatenated/50/BEP/2/GRASP_ancestors.fasta, indelible_output/50/cleaned_N0_trees/2.nwk, indelible_output/50/concatenated/2.fasta, indelible_dicts/50/leaves_2.p, indelible_dicts/50/gaps_2.p
    output: summaries/50/BEP/2.csv
    jobid: 171
    wildcards: taxon=50, method=BEP, rep=2

[Wed Feb  3 10:55:40 2021]
Finished job 171.
100 of 338 steps (30%) done
Select jobs to execute...

[Wed Feb  3 10:55:40 2021]
rule summarise_indels:
    input: grasp_results/50/BEML/2/tree.nwk, grasp_results/concatenated/50/BEML/2/GRASP_ancestors.fasta, indelible_output/50/cleaned_N0_trees/2.nwk, indelible_output/50/concatenated/2.fasta, indelible_dicts/50/leaves_2.p, indelible_dicts/50/gaps_2.p
    output: summaries/50/BEML/2.csv
    jobid: 209
    wildcards: taxon=50, method=BEML, rep=2

[Wed Feb  3 10:55:41 2021]
Finished job 209.
101 of 338 steps (30%) done
Select jobs to execute...

[Wed Feb  3 10:55:41 2021]
rule clean_fastml:
    input: fastml_results/50/2/seq.joint.txt, fastml_results/50/2/tree.newick.txt
    output: fastml_results/50/concatenated/2/FastML_ancestors.fasta, fastml_results/50/cleaned_N0_trees/2/tree.nwk
    jobid: 303
    wildcards: taxon=50, rep=2

[Wed Feb  3 10:55:42 2021]
Finished job 303.
102 of 338 steps (30%) done
Select jobs to execute...

[Wed Feb  3 10:55:42 2021]
rule summarise_fastml_indels:
    input: fastml_results/50/concatenated/2/FastML_ancestors.fasta, fastml_results/50/cleaned_N0_trees/2/tree.nwk, indelible_output/50/cleaned_N0_trees/2.nwk, indelible_output/50/concatenated/2.fasta, indelible_dicts/50/leaves_2.p, indelible_dicts/50/gaps_2.p
    output: fastml_summaries/50/fastml/2.csv
    jobid: 302
    wildcards: taxon=50, rep=2

[Wed Feb  3 10:55:43 2021]
Finished job 302.
103 of 338 steps (30%) done
Select jobs to execute...

[Wed Feb  3 10:55:43 2021]
rule clean_fastml:
    input: fastml_results/5/2/seq.joint.txt, fastml_results/5/2/tree.newick.txt
    output: fastml_results/5/concatenated/2/FastML_ancestors.fasta, fastml_results/5/cleaned_N0_trees/2/tree.nwk
    jobid: 273
    wildcards: taxon=5, rep=2

[Wed Feb  3 10:55:44 2021]
Finished job 273.
104 of 338 steps (31%) done
Select jobs to execute...

[Wed Feb  3 10:55:44 2021]
rule summarise_fastml_indels:
    input: fastml_results/5/concatenated/2/FastML_ancestors.fasta, fastml_results/5/cleaned_N0_trees/2/tree.nwk, indelible_output/5/cleaned_N0_trees/2.nwk, indelible_output/5/concatenated/2.fasta, indelible_dicts/5/leaves_2.p, indelible_dicts/5/gaps_2.p
    output: fastml_summaries/5/fastml/2.csv
    jobid: 272
    wildcards: taxon=5, rep=2

[Wed Feb  3 10:55:45 2021]
Finished job 272.
105 of 338 steps (31%) done
Select jobs to execute...

[Wed Feb  3 10:55:45 2021]
rule concat_fastml_summaries:
    input: fastml_summaries/5/fastml/1.csv, fastml_summaries/5/fastml/2.csv, fastml_summaries/5/fastml/3.csv
    output: concatenated_fastml_summaries/5.csv
    jobid: 268
    wildcards: taxon=5

[Wed Feb  3 10:55:45 2021]
Finished job 268.
106 of 338 steps (31%) done
Select jobs to execute...

[Wed Feb  3 10:55:45 2021]
rule run_indelible:
    input: indelible/100_control.txt
    output: indelible_output/100/trees/1.nwk, indelible_output/100/100_TRUE_1.fasta, indelible_output/100/100_ANCESTRAL_1.fasta, indelible_output/100/N0_trees/1.nwk
    jobid: 219
    wildcards: taxon=100, rep=1

Warning: the following output files of rule run_indelible were not present when the DAG was created:
{'indelible_output/100/100_ANCESTRAL_1.fasta', 'indelible_output/100/100_TRUE_1.fasta', 'indelible_output/100/N0_trees/1.nwk'}
[Wed Feb  3 10:55:46 2021]
Finished job 219.
107 of 338 steps (32%) done
Select jobs to execute...

[Wed Feb  3 10:55:46 2021]
rule concat_indelible:
    input: indelible_output/100/100_TRUE_1.fasta, indelible_output/100/100_ANCESTRAL_1.fasta
    output: indelible_output/100/concatenated/100_1.fasta
    jobid: 221
    wildcards: taxon=100, rep=1

[Wed Feb  3 10:55:46 2021]
Finished job 221.
108 of 338 steps (32%) done
Select jobs to execute...

[Wed Feb  3 10:55:46 2021]
rule clean_indelible:
    input: indelible_output/100/N0_trees/1.nwk, indelible_output/100/concatenated/100_1.fasta
    output: indelible_output/100/cleaned_aln/1.fasta, indelible_output/100/concatenated/1.fasta, indelible_output/100/cleaned_trees/1.nwk, indelible_output/100/cleaned_N0_trees/1.nwk, indelible_output/100/cleaned_no_internal_trees/1.nwk
    jobid: 218
    wildcards: taxon=100, rep=1

[Wed Feb  3 10:55:47 2021]
Finished job 218.
109 of 338 steps (32%) done
Select jobs to execute...

[Wed Feb  3 10:55:47 2021]
rule run_fastml:
    input: indelible_output/100/cleaned_aln/1.fasta, indelible_output/100/cleaned_no_internal_trees/1.nwk
    output: fastml_results/100/1/seq.joint.txt, fastml_results/100/1/tree.newick.txt, fastml_results/100/1
    jobid: 311
    wildcards: taxon=100, rep=1

Terminating processes on user request, this might take some time.
Waiting at most 1 seconds for missing files.
MissingOutputException in line 53 of /Users/gabefoley/Dropbox/PhD/20210121_Indel_Evaluation_Project/Indel_Evaluation_Snakemake/Snakefile:
Job Missing files after 1 seconds:
fastml_results/100/1/seq.joint.txt
This might be due to filesystem latency. If that is the case, consider to increase the wait time with --latency-wait.
Job id: 311 completed successfully, but some output files are missing. 311
  File "/Users/gabefoley/miniconda3_latest/envs/indel_snakemake/lib/python3.9/site-packages/snakemake/executors/__init__.py", line 583, in handle_job_success
  File "/Users/gabefoley/miniconda3_latest/envs/indel_snakemake/lib/python3.9/site-packages/snakemake/executors/__init__.py", line 252, in handle_job_success
Removing output files of failed job run_fastml since they might be corrupted:
fastml_results/100/1/tree.newick.txt, fastml_results/100/1
Complete log: /Users/gabefoley/Dropbox/PhD/20210121_Indel_Evaluation_Project/Indel_Evaluation_Snakemake/.snakemake/log/2021-02-03T101627.357850.snakemake.log
