Building DAG of jobs...
Using shell: /bin/bash
Provided cores: 1 (use --cores to define parallelism)
Rules claiming more threads will be scaled down.
Job counts:
	count	jobs
	4	clean_indelible
	1	compile_latex
	12	concat_fasta
	4	concat_indelible
	6	concat_summaries
	2	create_control_files
	1	generate_latex
	4	get_indelible_dict
	12	run_grasp
	4	run_indelible
	12	summarise_indels
	62
Select jobs to execute...

[Mon Feb  1 11:21:46 2021]
rule create_control_files:
    output: indelible/6_control.txt
    jobid: 7
    wildcards: taxon=6

[Mon Feb  1 11:21:47 2021]
Finished job 7.
1 of 62 steps (2%) done
Select jobs to execute...

[Mon Feb  1 11:21:47 2021]
rule create_control_files:
    output: indelible/8_control.txt
    jobid: 37
    wildcards: taxon=8

[Mon Feb  1 11:21:47 2021]
Finished job 37.
2 of 62 steps (3%) done
Select jobs to execute...

[Mon Feb  1 11:21:47 2021]
rule run_indelible:
    input: indelible/8_control.txt
    output: indelible_output/8/trees/1.nwk, indelible_output/8/8_TRUE_1.fasta, indelible_output/8/8_ANCESTRAL_1.fasta, indelible_output/8/N0_trees/1.nwk
    jobid: 36
    wildcards: taxon=8, rep=1

[Mon Feb  1 11:21:48 2021]
Finished job 36.
3 of 62 steps (5%) done
Select jobs to execute...

[Mon Feb  1 11:21:48 2021]
rule concat_indelible:
    input: indelible_output/8/8_TRUE_1.fasta, indelible_output/8/8_ANCESTRAL_1.fasta
    output: indelible_output/8/concatenated/8_1.fasta
    jobid: 38
    wildcards: taxon=8, rep=1

[Mon Feb  1 11:21:48 2021]
Finished job 38.
4 of 62 steps (6%) done
Select jobs to execute...

[Mon Feb  1 11:21:49 2021]
rule run_indelible:
    input: indelible/6_control.txt
    output: indelible_output/6/trees/1.nwk, indelible_output/6/6_TRUE_1.fasta, indelible_output/6/6_ANCESTRAL_1.fasta, indelible_output/6/N0_trees/1.nwk
    jobid: 6
    wildcards: taxon=6, rep=1

[Mon Feb  1 11:21:49 2021]
Finished job 6.
5 of 62 steps (8%) done
Select jobs to execute...

[Mon Feb  1 11:21:50 2021]
rule concat_indelible:
    input: indelible_output/6/6_TRUE_1.fasta, indelible_output/6/6_ANCESTRAL_1.fasta
    output: indelible_output/6/concatenated/6_1.fasta
    jobid: 8
    wildcards: taxon=6, rep=1

[Mon Feb  1 11:21:50 2021]
Finished job 8.
6 of 62 steps (10%) done
Select jobs to execute...

[Mon Feb  1 11:21:50 2021]
rule run_indelible:
    input: indelible/6_control.txt
    output: indelible_output/6/trees/2.nwk, indelible_output/6/6_TRUE_2.fasta, indelible_output/6/6_ANCESTRAL_2.fasta, indelible_output/6/N0_trees/2.nwk
    jobid: 14
    wildcards: taxon=6, rep=2

Warning: the following output files of rule run_indelible were not present when the DAG was created:
{'indelible_output/6/6_TRUE_2.fasta', 'indelible_output/6/6_ANCESTRAL_2.fasta', 'indelible_output/6/N0_trees/2.nwk'}
[Mon Feb  1 11:21:51 2021]
Finished job 14.
7 of 62 steps (11%) done
Select jobs to execute...

[Mon Feb  1 11:21:51 2021]
rule run_indelible:
    input: indelible/8_control.txt
    output: indelible_output/8/trees/2.nwk, indelible_output/8/8_TRUE_2.fasta, indelible_output/8/8_ANCESTRAL_2.fasta, indelible_output/8/N0_trees/2.nwk
    jobid: 44
    wildcards: taxon=8, rep=2

Warning: the following output files of rule run_indelible were not present when the DAG was created:
{'indelible_output/8/8_TRUE_2.fasta', 'indelible_output/8/8_ANCESTRAL_2.fasta', 'indelible_output/8/N0_trees/2.nwk'}
[Mon Feb  1 11:21:52 2021]
Finished job 44.
8 of 62 steps (13%) done
Select jobs to execute...

[Mon Feb  1 11:21:52 2021]
rule clean_indelible:
    input: indelible_output/8/N0_trees/1.nwk, indelible_output/8/concatenated/8_1.fasta
    output: indelible_output/8/cleaned_aln/1.fasta, indelible_output/8/concatenated/1.fasta, indelible_output/8/cleaned_N0_trees/1.nwk
    jobid: 35
    wildcards: taxon=8, rep=1

[Mon Feb  1 11:21:53 2021]
Finished job 35.
9 of 62 steps (15%) done
Select jobs to execute...

[Mon Feb  1 11:21:53 2021]
rule run_grasp:
    input: indelible_output/8/cleaned_aln/1.fasta, indelible_output/8/cleaned_N0_trees/1.nwk
    output: grasp_results/8/SICML/1, grasp_results/8/SICML/1/GRASP_ancestors.fasta, grasp_results/8/SICML/1/tree.nwk
    jobid: 57
    wildcards: taxon=8, method=SICML, rep=1

[Mon Feb  1 11:21:53 2021]
Finished job 57.
10 of 62 steps (16%) done
Select jobs to execute...

[Mon Feb  1 11:21:53 2021]
rule run_grasp:
    input: indelible_output/8/cleaned_aln/1.fasta, indelible_output/8/cleaned_N0_trees/1.nwk
    output: grasp_results/8/SICP/1, grasp_results/8/SICP/1/GRASP_ancestors.fasta, grasp_results/8/SICP/1/tree.nwk
    jobid: 50
    wildcards: taxon=8, method=SICP, rep=1

[Mon Feb  1 11:21:54 2021]
Finished job 50.
11 of 62 steps (18%) done
Select jobs to execute...

[Mon Feb  1 11:21:54 2021]
rule get_indelible_dict:
    input: indelible_output/8/concatenated/1.fasta, indelible_output/8/cleaned_N0_trees/1.nwk
    output: indelible_dicts/8/leaves_1.p, indelible_dicts/8/gaps_1.p
    jobid: 40
    wildcards: taxon=8, rep=1

[Mon Feb  1 11:21:55 2021]
Finished job 40.
12 of 62 steps (19%) done
Select jobs to execute...

[Mon Feb  1 11:21:55 2021]
rule concat_indelible:
    input: indelible_output/8/8_TRUE_2.fasta, indelible_output/8/8_ANCESTRAL_2.fasta
    output: indelible_output/8/concatenated/8_2.fasta
    jobid: 45
    wildcards: taxon=8, rep=2

[Mon Feb  1 11:21:55 2021]
Finished job 45.
13 of 62 steps (21%) done
Select jobs to execute...

[Mon Feb  1 11:21:55 2021]
rule concat_indelible:
    input: indelible_output/6/6_TRUE_2.fasta, indelible_output/6/6_ANCESTRAL_2.fasta
    output: indelible_output/6/concatenated/6_2.fasta
    jobid: 15
    wildcards: taxon=6, rep=2

[Mon Feb  1 11:21:55 2021]
Finished job 15.
14 of 62 steps (23%) done
Select jobs to execute...

[Mon Feb  1 11:21:55 2021]
rule clean_indelible:
    input: indelible_output/6/N0_trees/1.nwk, indelible_output/6/concatenated/6_1.fasta
    output: indelible_output/6/cleaned_aln/1.fasta, indelible_output/6/concatenated/1.fasta, indelible_output/6/cleaned_N0_trees/1.nwk
    jobid: 5
    wildcards: taxon=6, rep=1

[Mon Feb  1 11:21:56 2021]
Finished job 5.
15 of 62 steps (24%) done
Select jobs to execute...

[Mon Feb  1 11:21:56 2021]
rule run_grasp:
    input: indelible_output/6/cleaned_aln/1.fasta, indelible_output/6/cleaned_N0_trees/1.nwk
    output: grasp_results/6/SICML/1, grasp_results/6/SICML/1/GRASP_ancestors.fasta, grasp_results/6/SICML/1/tree.nwk
    jobid: 27
    wildcards: taxon=6, method=SICML, rep=1

[Mon Feb  1 11:21:56 2021]
Finished job 27.
16 of 62 steps (26%) done
Select jobs to execute...

[Mon Feb  1 11:21:56 2021]
rule run_grasp:
    input: indelible_output/6/cleaned_aln/1.fasta, indelible_output/6/cleaned_N0_trees/1.nwk
    output: grasp_results/6/SICP/1, grasp_results/6/SICP/1/GRASP_ancestors.fasta, grasp_results/6/SICP/1/tree.nwk
    jobid: 20
    wildcards: taxon=6, method=SICP, rep=1

[Mon Feb  1 11:21:57 2021]
Finished job 20.
17 of 62 steps (27%) done
Select jobs to execute...

[Mon Feb  1 11:21:57 2021]
rule get_indelible_dict:
    input: indelible_output/6/concatenated/1.fasta, indelible_output/6/cleaned_N0_trees/1.nwk
    output: indelible_dicts/6/leaves_1.p, indelible_dicts/6/gaps_1.p
    jobid: 10
    wildcards: taxon=6, rep=1

[Mon Feb  1 11:21:58 2021]
Finished job 10.
18 of 62 steps (29%) done
Select jobs to execute...

[Mon Feb  1 11:21:58 2021]
rule concat_fasta:
    input: indelible_output/6/cleaned_aln/1.fasta, grasp_results/6/SICP/1/GRASP_ancestors.fasta
    output: grasp_results/concatenated/6/SICP/1/GRASP_ancestors.fasta
    jobid: 21
    wildcards: taxon=6, method=SICP, rep=1

[Mon Feb  1 11:21:58 2021]
Finished job 21.
19 of 62 steps (31%) done
Select jobs to execute...

[Mon Feb  1 11:21:58 2021]
rule concat_fasta:
    input: indelible_output/6/cleaned_aln/1.fasta, grasp_results/6/SICML/1/GRASP_ancestors.fasta
    output: grasp_results/concatenated/6/SICML/1/GRASP_ancestors.fasta
    jobid: 28
    wildcards: taxon=6, method=SICML, rep=1

[Mon Feb  1 11:21:58 2021]
Finished job 28.
20 of 62 steps (32%) done
Select jobs to execute...

[Mon Feb  1 11:21:58 2021]
rule clean_indelible:
    input: indelible_output/6/N0_trees/2.nwk, indelible_output/6/concatenated/6_2.fasta
    output: indelible_output/6/cleaned_aln/2.fasta, indelible_output/6/concatenated/2.fasta, indelible_output/6/cleaned_N0_trees/2.nwk
    jobid: 13
    wildcards: taxon=6, rep=2

[Mon Feb  1 11:21:59 2021]
Finished job 13.
21 of 62 steps (34%) done
Select jobs to execute...

[Mon Feb  1 11:21:59 2021]
rule run_grasp:
    input: indelible_output/6/cleaned_aln/2.fasta, indelible_output/6/cleaned_N0_trees/2.nwk
    output: grasp_results/6/BEP/2, grasp_results/6/BEP/2/GRASP_ancestors.fasta, grasp_results/6/BEP/2/tree.nwk
    jobid: 12
    wildcards: taxon=6, method=BEP, rep=2

[Mon Feb  1 11:21:59 2021]
Finished job 12.
22 of 62 steps (35%) done
Select jobs to execute...

[Mon Feb  1 11:21:59 2021]
rule run_grasp:
    input: indelible_output/6/cleaned_aln/2.fasta, indelible_output/6/cleaned_N0_trees/2.nwk
    output: grasp_results/6/SICP/2, grasp_results/6/SICP/2/GRASP_ancestors.fasta, grasp_results/6/SICP/2/tree.nwk
    jobid: 23
    wildcards: taxon=6, method=SICP, rep=2

[Mon Feb  1 11:22:00 2021]
Finished job 23.
23 of 62 steps (37%) done
Select jobs to execute...

[Mon Feb  1 11:22:00 2021]
rule concat_fasta:
    input: indelible_output/6/cleaned_aln/2.fasta, grasp_results/6/SICP/2/GRASP_ancestors.fasta
    output: grasp_results/concatenated/6/SICP/2/GRASP_ancestors.fasta
    jobid: 24
    wildcards: taxon=6, method=SICP, rep=2

[Mon Feb  1 11:22:00 2021]
Finished job 24.
24 of 62 steps (39%) done
Select jobs to execute...

[Mon Feb  1 11:22:00 2021]
rule concat_fasta:
    input: indelible_output/6/cleaned_aln/2.fasta, grasp_results/6/BEP/2/GRASP_ancestors.fasta
    output: grasp_results/concatenated/6/BEP/2/GRASP_ancestors.fasta
    jobid: 16
    wildcards: taxon=6, method=BEP, rep=2

[Mon Feb  1 11:22:00 2021]
Finished job 16.
25 of 62 steps (40%) done
Select jobs to execute...

[Mon Feb  1 11:22:00 2021]
rule get_indelible_dict:
    input: indelible_output/6/concatenated/2.fasta, indelible_output/6/cleaned_N0_trees/2.nwk
    output: indelible_dicts/6/leaves_2.p, indelible_dicts/6/gaps_2.p
    jobid: 17
    wildcards: taxon=6, rep=2

[Mon Feb  1 11:22:01 2021]
Finished job 17.
26 of 62 steps (42%) done
Select jobs to execute...

[Mon Feb  1 11:22:01 2021]
rule clean_indelible:
    input: indelible_output/8/N0_trees/2.nwk, indelible_output/8/concatenated/8_2.fasta
    output: indelible_output/8/cleaned_aln/2.fasta, indelible_output/8/concatenated/2.fasta, indelible_output/8/cleaned_N0_trees/2.nwk
    jobid: 43
    wildcards: taxon=8, rep=2

[Mon Feb  1 11:22:02 2021]
Finished job 43.
27 of 62 steps (44%) done
Select jobs to execute...

[Mon Feb  1 11:22:02 2021]
rule concat_fasta:
    input: indelible_output/8/cleaned_aln/1.fasta, grasp_results/8/SICP/1/GRASP_ancestors.fasta
    output: grasp_results/concatenated/8/SICP/1/GRASP_ancestors.fasta
    jobid: 51
    wildcards: taxon=8, method=SICP, rep=1

[Mon Feb  1 11:22:02 2021]
Finished job 51.
28 of 62 steps (45%) done
Select jobs to execute...

[Mon Feb  1 11:22:02 2021]
rule concat_fasta:
    input: indelible_output/8/cleaned_aln/1.fasta, grasp_results/8/SICML/1/GRASP_ancestors.fasta
    output: grasp_results/concatenated/8/SICML/1/GRASP_ancestors.fasta
    jobid: 58
    wildcards: taxon=8, method=SICML, rep=1

[Mon Feb  1 11:22:02 2021]
Finished job 58.
29 of 62 steps (47%) done
Select jobs to execute...

[Mon Feb  1 11:22:02 2021]
rule summarise_indels:
    input: grasp_results/8/SICML/1/tree.nwk, grasp_results/concatenated/8/SICML/1/GRASP_ancestors.fasta, indelible_output/8/cleaned_N0_trees/1.nwk, indelible_output/8/concatenated/1.fasta, indelible_dicts/8/leaves_1.p, indelible_dicts/8/gaps_1.p
    output: summaries/8/SICML/1.csv
    jobid: 56
    wildcards: taxon=8, method=SICML, rep=1

[Mon Feb  1 11:22:03 2021]
Finished job 56.
30 of 62 steps (48%) done
Select jobs to execute...

[Mon Feb  1 11:22:03 2021]
rule get_indelible_dict:
    input: indelible_output/8/concatenated/2.fasta, indelible_output/8/cleaned_N0_trees/2.nwk
    output: indelible_dicts/8/leaves_2.p, indelible_dicts/8/gaps_2.p
    jobid: 47
    wildcards: taxon=8, rep=2

[Mon Feb  1 11:22:04 2021]
Finished job 47.
31 of 62 steps (50%) done
Select jobs to execute...

[Mon Feb  1 11:22:04 2021]
rule run_grasp:
    input: indelible_output/8/cleaned_aln/2.fasta, indelible_output/8/cleaned_N0_trees/2.nwk
    output: grasp_results/8/BEP/2, grasp_results/8/BEP/2/GRASP_ancestors.fasta, grasp_results/8/BEP/2/tree.nwk
    jobid: 42
    wildcards: taxon=8, method=BEP, rep=2

[Mon Feb  1 11:22:04 2021]
Finished job 42.
32 of 62 steps (52%) done
Select jobs to execute...

[Mon Feb  1 11:22:04 2021]
rule run_grasp:
    input: indelible_output/8/cleaned_aln/2.fasta, indelible_output/8/cleaned_N0_trees/2.nwk
    output: grasp_results/8/SICP/2, grasp_results/8/SICP/2/GRASP_ancestors.fasta, grasp_results/8/SICP/2/tree.nwk
    jobid: 53
    wildcards: taxon=8, method=SICP, rep=2

[Mon Feb  1 11:22:05 2021]
Finished job 53.
33 of 62 steps (53%) done
Select jobs to execute...

[Mon Feb  1 11:22:05 2021]
rule concat_fasta:
    input: indelible_output/8/cleaned_aln/2.fasta, grasp_results/8/SICP/2/GRASP_ancestors.fasta
    output: grasp_results/concatenated/8/SICP/2/GRASP_ancestors.fasta
    jobid: 54
    wildcards: taxon=8, method=SICP, rep=2

[Mon Feb  1 11:22:05 2021]
Finished job 54.
34 of 62 steps (55%) done
Select jobs to execute...

[Mon Feb  1 11:22:05 2021]
rule summarise_indels:
    input: grasp_results/8/SICP/2/tree.nwk, grasp_results/concatenated/8/SICP/2/GRASP_ancestors.fasta, indelible_output/8/cleaned_N0_trees/2.nwk, indelible_output/8/concatenated/2.fasta, indelible_dicts/8/leaves_2.p, indelible_dicts/8/gaps_2.p
    output: summaries/8/SICP/2.csv
    jobid: 52
    wildcards: taxon=8, method=SICP, rep=2

[Mon Feb  1 11:22:06 2021]
Finished job 52.
35 of 62 steps (56%) done
Select jobs to execute...

[Mon Feb  1 11:22:06 2021]
rule concat_fasta:
    input: indelible_output/8/cleaned_aln/2.fasta, grasp_results/8/BEP/2/GRASP_ancestors.fasta
    output: grasp_results/concatenated/8/BEP/2/GRASP_ancestors.fasta
    jobid: 46
    wildcards: taxon=8, method=BEP, rep=2

[Mon Feb  1 11:22:06 2021]
Finished job 46.
36 of 62 steps (58%) done
Select jobs to execute...

[Mon Feb  1 11:22:06 2021]
rule summarise_indels:
    input: grasp_results/8/BEP/2/tree.nwk, grasp_results/concatenated/8/BEP/2/GRASP_ancestors.fasta, indelible_output/8/cleaned_N0_trees/2.nwk, indelible_output/8/concatenated/2.fasta, indelible_dicts/8/leaves_2.p, indelible_dicts/8/gaps_2.p
    output: summaries/8/BEP/2.csv
    jobid: 41
    wildcards: taxon=8, method=BEP, rep=2

[Mon Feb  1 11:22:06 2021]
Finished job 41.
37 of 62 steps (60%) done
Select jobs to execute...

[Mon Feb  1 11:22:06 2021]
rule summarise_indels:
    input: grasp_results/8/SICP/1/tree.nwk, grasp_results/concatenated/8/SICP/1/GRASP_ancestors.fasta, indelible_output/8/cleaned_N0_trees/1.nwk, indelible_output/8/concatenated/1.fasta, indelible_dicts/8/leaves_1.p, indelible_dicts/8/gaps_1.p
    output: summaries/8/SICP/1.csv
    jobid: 49
    wildcards: taxon=8, method=SICP, rep=1

[Mon Feb  1 11:22:07 2021]
Finished job 49.
38 of 62 steps (61%) done
Select jobs to execute...

[Mon Feb  1 11:22:07 2021]
rule concat_summaries:
    input: summaries/8/SICP/1.csv, summaries/8/SICP/2.csv
    output: concatenated_summaries/8_SICP.csv
    jobid: 48
    wildcards: taxon=8, method=SICP

[Mon Feb  1 11:22:07 2021]
Finished job 48.
39 of 62 steps (63%) done
Select jobs to execute...

[Mon Feb  1 11:22:07 2021]
rule run_grasp:
    input: indelible_output/8/cleaned_aln/2.fasta, indelible_output/8/cleaned_N0_trees/2.nwk
    output: grasp_results/8/SICML/2, grasp_results/8/SICML/2/GRASP_ancestors.fasta, grasp_results/8/SICML/2/tree.nwk
    jobid: 60
    wildcards: taxon=8, method=SICML, rep=2

[Mon Feb  1 11:22:08 2021]
Finished job 60.
40 of 62 steps (65%) done
Select jobs to execute...

[Mon Feb  1 11:22:08 2021]
rule concat_fasta:
    input: indelible_output/8/cleaned_aln/2.fasta, grasp_results/8/SICML/2/GRASP_ancestors.fasta
    output: grasp_results/concatenated/8/SICML/2/GRASP_ancestors.fasta
    jobid: 61
    wildcards: taxon=8, method=SICML, rep=2

[Mon Feb  1 11:22:08 2021]
Finished job 61.
41 of 62 steps (66%) done
Select jobs to execute...

[Mon Feb  1 11:22:08 2021]
rule summarise_indels:
    input: grasp_results/8/SICML/2/tree.nwk, grasp_results/concatenated/8/SICML/2/GRASP_ancestors.fasta, indelible_output/8/cleaned_N0_trees/2.nwk, indelible_output/8/concatenated/2.fasta, indelible_dicts/8/leaves_2.p, indelible_dicts/8/gaps_2.p
    output: summaries/8/SICML/2.csv
    jobid: 59
    wildcards: taxon=8, method=SICML, rep=2

[Mon Feb  1 11:22:09 2021]
Finished job 59.
42 of 62 steps (68%) done
Select jobs to execute...

[Mon Feb  1 11:22:09 2021]
rule concat_summaries:
    input: summaries/8/SICML/1.csv, summaries/8/SICML/2.csv
    output: concatenated_summaries/8_SICML.csv
    jobid: 55
    wildcards: taxon=8, method=SICML

[Mon Feb  1 11:22:09 2021]
Finished job 55.
43 of 62 steps (69%) done
Select jobs to execute...

[Mon Feb  1 11:22:09 2021]
rule summarise_indels:
    input: grasp_results/6/SICP/2/tree.nwk, grasp_results/concatenated/6/SICP/2/GRASP_ancestors.fasta, indelible_output/6/cleaned_N0_trees/2.nwk, indelible_output/6/concatenated/2.fasta, indelible_dicts/6/leaves_2.p, indelible_dicts/6/gaps_2.p
    output: summaries/6/SICP/2.csv
    jobid: 22
    wildcards: taxon=6, method=SICP, rep=2

[Mon Feb  1 11:22:10 2021]
Finished job 22.
44 of 62 steps (71%) done
Select jobs to execute...

[Mon Feb  1 11:22:10 2021]
rule summarise_indels:
    input: grasp_results/6/BEP/2/tree.nwk, grasp_results/concatenated/6/BEP/2/GRASP_ancestors.fasta, indelible_output/6/cleaned_N0_trees/2.nwk, indelible_output/6/concatenated/2.fasta, indelible_dicts/6/leaves_2.p, indelible_dicts/6/gaps_2.p
    output: summaries/6/BEP/2.csv
    jobid: 11
    wildcards: taxon=6, method=BEP, rep=2

[Mon Feb  1 11:22:11 2021]
Finished job 11.
45 of 62 steps (73%) done
Select jobs to execute...

[Mon Feb  1 11:22:11 2021]
rule summarise_indels:
    input: grasp_results/6/SICML/1/tree.nwk, grasp_results/concatenated/6/SICML/1/GRASP_ancestors.fasta, indelible_output/6/cleaned_N0_trees/1.nwk, indelible_output/6/concatenated/1.fasta, indelible_dicts/6/leaves_1.p, indelible_dicts/6/gaps_1.p
    output: summaries/6/SICML/1.csv
    jobid: 26
    wildcards: taxon=6, method=SICML, rep=1

[Mon Feb  1 11:22:11 2021]
Finished job 26.
46 of 62 steps (74%) done
Select jobs to execute...

[Mon Feb  1 11:22:11 2021]
rule summarise_indels:
    input: grasp_results/6/SICP/1/tree.nwk, grasp_results/concatenated/6/SICP/1/GRASP_ancestors.fasta, indelible_output/6/cleaned_N0_trees/1.nwk, indelible_output/6/concatenated/1.fasta, indelible_dicts/6/leaves_1.p, indelible_dicts/6/gaps_1.p
    output: summaries/6/SICP/1.csv
    jobid: 19
    wildcards: taxon=6, method=SICP, rep=1

[Mon Feb  1 11:22:12 2021]
Finished job 19.
47 of 62 steps (76%) done
Select jobs to execute...

[Mon Feb  1 11:22:12 2021]
rule run_grasp:
    input: indelible_output/8/cleaned_aln/1.fasta, indelible_output/8/cleaned_N0_trees/1.nwk
    output: grasp_results/8/BEP/1, grasp_results/8/BEP/1/GRASP_ancestors.fasta, grasp_results/8/BEP/1/tree.nwk
    jobid: 34
    wildcards: taxon=8, method=BEP, rep=1

[Mon Feb  1 11:22:13 2021]
Finished job 34.
48 of 62 steps (77%) done
Select jobs to execute...

[Mon Feb  1 11:22:13 2021]
rule concat_fasta:
    input: indelible_output/8/cleaned_aln/1.fasta, grasp_results/8/BEP/1/GRASP_ancestors.fasta
    output: grasp_results/concatenated/8/BEP/1/GRASP_ancestors.fasta
    jobid: 39
    wildcards: taxon=8, method=BEP, rep=1

[Mon Feb  1 11:22:13 2021]
Finished job 39.
49 of 62 steps (79%) done
Select jobs to execute...

[Mon Feb  1 11:22:13 2021]
rule summarise_indels:
    input: grasp_results/8/BEP/1/tree.nwk, grasp_results/concatenated/8/BEP/1/GRASP_ancestors.fasta, indelible_output/8/cleaned_N0_trees/1.nwk, indelible_output/8/concatenated/1.fasta, indelible_dicts/8/leaves_1.p, indelible_dicts/8/gaps_1.p
    output: summaries/8/BEP/1.csv
    jobid: 33
    wildcards: taxon=8, method=BEP, rep=1

[Mon Feb  1 11:22:14 2021]
Finished job 33.
50 of 62 steps (81%) done
Select jobs to execute...

[Mon Feb  1 11:22:14 2021]
rule concat_summaries:
    input: summaries/8/BEP/1.csv, summaries/8/BEP/2.csv
    output: concatenated_summaries/8_BEP.csv
    jobid: 32
    wildcards: taxon=8, method=BEP

[Mon Feb  1 11:22:14 2021]
Finished job 32.
51 of 62 steps (82%) done
Select jobs to execute...

[Mon Feb  1 11:22:14 2021]
rule run_grasp:
    input: indelible_output/6/cleaned_aln/1.fasta, indelible_output/6/cleaned_N0_trees/1.nwk
    output: grasp_results/6/BEP/1, grasp_results/6/BEP/1/GRASP_ancestors.fasta, grasp_results/6/BEP/1/tree.nwk
    jobid: 4
    wildcards: taxon=6, method=BEP, rep=1

[Mon Feb  1 11:22:14 2021]
Finished job 4.
52 of 62 steps (84%) done
Select jobs to execute...

[Mon Feb  1 11:22:14 2021]
rule concat_fasta:
    input: indelible_output/6/cleaned_aln/1.fasta, grasp_results/6/BEP/1/GRASP_ancestors.fasta
    output: grasp_results/concatenated/6/BEP/1/GRASP_ancestors.fasta
    jobid: 9
    wildcards: taxon=6, method=BEP, rep=1

[Mon Feb  1 11:22:14 2021]
Finished job 9.
53 of 62 steps (85%) done
Select jobs to execute...

[Mon Feb  1 11:22:14 2021]
rule run_grasp:
    input: indelible_output/6/cleaned_aln/2.fasta, indelible_output/6/cleaned_N0_trees/2.nwk
    output: grasp_results/6/SICML/2, grasp_results/6/SICML/2/GRASP_ancestors.fasta, grasp_results/6/SICML/2/tree.nwk
    jobid: 30
    wildcards: taxon=6, method=SICML, rep=2

[Mon Feb  1 11:22:15 2021]
Finished job 30.
54 of 62 steps (87%) done
Select jobs to execute...

[Mon Feb  1 11:22:15 2021]
rule concat_summaries:
    input: summaries/6/SICP/1.csv, summaries/6/SICP/2.csv
    output: concatenated_summaries/6_SICP.csv
    jobid: 18
    wildcards: taxon=6, method=SICP

[Mon Feb  1 11:22:15 2021]
Finished job 18.
55 of 62 steps (89%) done
Select jobs to execute...

[Mon Feb  1 11:22:15 2021]
rule concat_fasta:
    input: indelible_output/6/cleaned_aln/2.fasta, grasp_results/6/SICML/2/GRASP_ancestors.fasta
    output: grasp_results/concatenated/6/SICML/2/GRASP_ancestors.fasta
    jobid: 31
    wildcards: taxon=6, method=SICML, rep=2

[Mon Feb  1 11:22:15 2021]
Finished job 31.
56 of 62 steps (90%) done
Select jobs to execute...

[Mon Feb  1 11:22:15 2021]
rule summarise_indels:
    input: grasp_results/6/SICML/2/tree.nwk, grasp_results/concatenated/6/SICML/2/GRASP_ancestors.fasta, indelible_output/6/cleaned_N0_trees/2.nwk, indelible_output/6/concatenated/2.fasta, indelible_dicts/6/leaves_2.p, indelible_dicts/6/gaps_2.p
    output: summaries/6/SICML/2.csv
    jobid: 29
    wildcards: taxon=6, method=SICML, rep=2

[Mon Feb  1 11:22:16 2021]
Finished job 29.
57 of 62 steps (92%) done
Select jobs to execute...

[Mon Feb  1 11:22:16 2021]
rule summarise_indels:
    input: grasp_results/6/BEP/1/tree.nwk, grasp_results/concatenated/6/BEP/1/GRASP_ancestors.fasta, indelible_output/6/cleaned_N0_trees/1.nwk, indelible_output/6/concatenated/1.fasta, indelible_dicts/6/leaves_1.p, indelible_dicts/6/gaps_1.p
    output: summaries/6/BEP/1.csv
    jobid: 3
    wildcards: taxon=6, method=BEP, rep=1

[Mon Feb  1 11:22:16 2021]
Finished job 3.
58 of 62 steps (94%) done
Select jobs to execute...

[Mon Feb  1 11:22:17 2021]
rule concat_summaries:
    input: summaries/6/BEP/1.csv, summaries/6/BEP/2.csv
    output: concatenated_summaries/6_BEP.csv
    jobid: 2
    wildcards: taxon=6, method=BEP

[Mon Feb  1 11:22:17 2021]
Finished job 2.
59 of 62 steps (95%) done
Select jobs to execute...

[Mon Feb  1 11:22:17 2021]
rule concat_summaries:
    input: summaries/6/SICML/1.csv, summaries/6/SICML/2.csv
    output: concatenated_summaries/6_SICML.csv
    jobid: 25
    wildcards: taxon=6, method=SICML

[Mon Feb  1 11:22:17 2021]
Finished job 25.
60 of 62 steps (97%) done
Select jobs to execute...

[Mon Feb  1 11:22:17 2021]
rule generate_latex:
    input: concatenated_summaries/6_BEP.csv, concatenated_summaries/6_SICP.csv, concatenated_summaries/6_SICML.csv, concatenated_summaries/8_BEP.csv, concatenated_summaries/8_SICP.csv, concatenated_summaries/8_SICML.csv
    output: plots/plot.tex
    jobid: 1

[Mon Feb  1 11:22:17 2021]
Finished job 1.
61 of 62 steps (98%) done
Select jobs to execute...

[Mon Feb  1 11:22:18 2021]
rule compile_latex:
    input: plots/plot.tex
    output: plots/plot.pdf
    jobid: 0

[Mon Feb  1 11:22:19 2021]
Finished job 0.
62 of 62 steps (100%) done
Complete log: /Users/gabefoley/Dropbox/PhD/20210121_Indel_Evaluation_Project/Indel_Evaluation_Snakemake/.snakemake/log/2021-02-01T112146.698987.snakemake.log
