Building DAG of jobs...
Using shell: /bin/bash
Provided cores: 1 (use --cores to define parallelism)
Rules claiming more threads will be scaled down.
Job counts:
	count	jobs
	1	all
	3	clean_fasta
	12	concat_fasta
	12	run_grasp
	12	summarise_indels
	40
Select jobs to execute...

[Thu Jan 28 12:06:32 2021]
rule run_grasp:
    input: indelible_output/8/cleaned_aln/8_TRUE_1.fasta, indelible_output/8/cleaned_trees/8_tree_1.nwk
    output: grasp_results/8/ancestors/SICP_8_output_1, grasp_results/8/ancestors/SICP_8_output_1/8_output_1.nwk
    jobid: 36
    wildcards: taxon=8, method=SICP, rep=1

Waiting at most 100 seconds for missing files.
Terminating processes on user request, this might take some time.
Cancelling snakemake on user request.
