Building DAG of jobs...
Using shell: /bin/bash
Provided cores: 1 (use --cores to define parallelism)
Rules claiming more threads will be scaled down.
Conda environments: ignored
Job counts:
	count	jobs
	1	all
	2	create_control_files
	2	run_indelible
	5
Select jobs to execute...

[Sun Jan 24 18:37:10 2021]
rule create_control_files:
    output: indelible/40_control.txt
    jobid: 2
    wildcards: taxon=40

[Sun Jan 24 18:37:11 2021]
Finished job 2.
1 of 5 steps (20%) done
Select jobs to execute...

[Sun Jan 24 18:37:11 2021]
rule create_control_files:
    output: indelible/80_control.txt
    jobid: 4
    wildcards: taxon=80

[Sun Jan 24 18:37:11 2021]
Finished job 4.
2 of 5 steps (40%) done
Select jobs to execute...

[Sun Jan 24 18:37:11 2021]
rule run_indelible:
    input: indelible/40_control.txt
    output: indelible_output/40/40_TRUE.phy
    jobid: 1
    wildcards: taxon=40

Waiting at most 5 seconds for missing files.
MissingOutputException in line 14 of /Users/gabefoley/Dropbox/PhD/20210121_Indel_Evaluation_Project/Indel_Evaluation_Snakemake/Snakefile:
Job Missing files after 5 seconds:
indelible_output/40/40_TRUE.phy
This might be due to filesystem latency. If that is the case, consider to increase the wait time with --latency-wait.
Job id: 1 completed successfully, but some output files are missing. 1
  File "/Users/gabefoley/miniconda3_latest/envs/indel_snakemake/lib/python3.9/site-packages/snakemake/executors/__init__.py", line 583, in handle_job_success
  File "/Users/gabefoley/miniconda3_latest/envs/indel_snakemake/lib/python3.9/site-packages/snakemake/executors/__init__.py", line 252, in handle_job_success
Shutting down, this might take some time.
Exiting because a job execution failed. Look above for error message
Complete log: /Users/gabefoley/Dropbox/PhD/20210121_Indel_Evaluation_Project/Indel_Evaluation_Snakemake/.snakemake/log/2021-01-24T183710.768549.snakemake.log
