Building DAG of jobs...
Using shell: /bin/bash
Provided cores: 1 (use --cores to define parallelism)
Rules claiming more threads will be scaled down.
Job counts:
	count	jobs
	1	clean_indelible
	1	concat_indelible
	1	create_control_files
	1	run_fastml
	1	run_indelible
	5
Select jobs to execute...

[Mon Feb  1 17:57:27 2021]
rule create_control_files:
    output: indelible/10_control.txt
    jobid: 3
    wildcards: taxon=10

[Mon Feb  1 17:57:28 2021]
Finished job 3.
1 of 5 steps (20%) done
Select jobs to execute...

[Mon Feb  1 17:57:28 2021]
rule run_indelible:
    input: indelible/10_control.txt
    output: indelible_output/10/trees/1.nwk, indelible_output/10/10_TRUE_1.fasta, indelible_output/10/10_ANCESTRAL_1.fasta, indelible_output/10/N0_trees/1.nwk
    jobid: 2
    wildcards: taxon=10, rep=1

[Mon Feb  1 17:57:30 2021]
Finished job 2.
2 of 5 steps (40%) done
Select jobs to execute...

[Mon Feb  1 17:57:30 2021]
rule concat_indelible:
    input: indelible_output/10/10_TRUE_1.fasta, indelible_output/10/10_ANCESTRAL_1.fasta
    output: indelible_output/10/concatenated/10_1.fasta
    jobid: 4
    wildcards: taxon=10, rep=1

[Mon Feb  1 17:57:30 2021]
Finished job 4.
3 of 5 steps (60%) done
Select jobs to execute...

[Mon Feb  1 17:57:30 2021]
rule clean_indelible:
    input: indelible_output/10/N0_trees/1.nwk, indelible_output/10/concatenated/10_1.fasta
    output: indelible_output/10/cleaned_aln/1.fasta, indelible_output/10/concatenated/1.fasta, indelible_output/10/cleaned_N0_trees/1.nwk
    jobid: 1
    wildcards: taxon=10, rep=1

[Mon Feb  1 17:57:32 2021]
Finished job 1.
4 of 5 steps (80%) done
Select jobs to execute...

[Mon Feb  1 17:57:32 2021]
rule run_fastml:
    input: indelible_output/10/cleaned_aln/1.fasta, indelible_output/10/cleaned_N0_trees/1.nwk
    output: fastml_results/10/1
    jobid: 0
    wildcards: taxon=10, rep=1

[Mon Feb  1 17:57:32 2021]
Finished job 0.
5 of 5 steps (100%) done
Complete log: /Users/gabefoley/Dropbox/PhD/20210121_Indel_Evaluation_Project/Indel_Evaluation_Snakemake/.snakemake/log/2021-02-01T175727.847483.snakemake.log
