Building DAG of jobs...
Using shell: /bin/bash
Provided cores: 1 (use --cores to define parallelism)
Rules claiming more threads will be scaled down.
Job counts:
	count	jobs
	6	clean_indelible
	6	concat_fasta
	6	concat_indelible
	2	concat_indelible_summaries
	2	concat_summaries
	1	generate_latex
	1	generate_output_dict
	6	get_indelible_dict
	6	run_grasp
	6	summarise_indelible
	6	summarise_indels
	48
Select jobs to execute...

[Mon Mar  1 17:11:01 2021]
rule concat_indelible:
    input: indelible_output/10/10_TRUE_3.fasta, indelible_output/10/10_ANCESTRAL_3.fasta
    output: indelible_output/10/concatenated/10_3.fasta
    jobid: 52
    wildcards: taxon=10, rep=3

[Mon Mar  1 17:11:01 2021]
Finished job 52.
1 of 48 steps (2%) done
Select jobs to execute...

[Mon Mar  1 17:11:01 2021]
rule clean_indelible:
    input: indelible_output/10/N0_trees/3.nwk, indelible_output/10/concatenated/10_3.fasta
    output: indelible_output/10/cleaned_aln/3.fasta, indelible_output/10/concatenated/3.fasta, indelible_output/10/cleaned_trees/3.nwk, indelible_output/10/cleaned_N0_trees/3.nwk, indelible_output/10/cleaned_no_internal_trees/3.nwk
    jobid: 50
    wildcards: taxon=10, rep=3

[Mon Mar  1 17:11:03 2021]
Finished job 50.
2 of 48 steps (4%) done
Select jobs to execute...

[Mon Mar  1 17:11:03 2021]
rule concat_indelible:
    input: indelible_output/10/10_TRUE_2.fasta, indelible_output/10/10_ANCESTRAL_2.fasta
    output: indelible_output/10/concatenated/10_2.fasta
    jobid: 45
    wildcards: taxon=10, rep=2

[Mon Mar  1 17:11:03 2021]
Finished job 45.
3 of 48 steps (6%) done
Select jobs to execute...

[Mon Mar  1 17:11:03 2021]
rule concat_indelible:
    input: indelible_output/5/5_TRUE_3.fasta, indelible_output/5/5_ANCESTRAL_3.fasta
    output: indelible_output/5/concatenated/5_3.fasta
    jobid: 22
    wildcards: taxon=5, rep=3

[Mon Mar  1 17:11:03 2021]
Finished job 22.
4 of 48 steps (8%) done
Select jobs to execute...

[Mon Mar  1 17:11:03 2021]
rule clean_indelible:
    input: indelible_output/5/N0_trees/3.nwk, indelible_output/5/concatenated/5_3.fasta
    output: indelible_output/5/cleaned_aln/3.fasta, indelible_output/5/concatenated/3.fasta, indelible_output/5/cleaned_trees/3.nwk, indelible_output/5/cleaned_N0_trees/3.nwk, indelible_output/5/cleaned_no_internal_trees/3.nwk
    jobid: 20
    wildcards: taxon=5, rep=3

[Mon Mar  1 17:11:04 2021]
Finished job 20.
5 of 48 steps (10%) done
Select jobs to execute...

[Mon Mar  1 17:11:04 2021]
rule concat_indelible:
    input: indelible_output/5/5_TRUE_2.fasta, indelible_output/5/5_ANCESTRAL_2.fasta
    output: indelible_output/5/concatenated/5_2.fasta
    jobid: 15
    wildcards: taxon=5, rep=2

[Mon Mar  1 17:11:04 2021]
Finished job 15.
6 of 48 steps (12%) done
Select jobs to execute...

[Mon Mar  1 17:11:04 2021]
rule clean_indelible:
    input: indelible_output/5/N0_trees/2.nwk, indelible_output/5/concatenated/5_2.fasta
    output: indelible_output/5/cleaned_aln/2.fasta, indelible_output/5/concatenated/2.fasta, indelible_output/5/cleaned_trees/2.nwk, indelible_output/5/cleaned_N0_trees/2.nwk, indelible_output/5/cleaned_no_internal_trees/2.nwk
    jobid: 13
    wildcards: taxon=5, rep=2

[Mon Mar  1 17:11:05 2021]
Finished job 13.
7 of 48 steps (15%) done
Select jobs to execute...

[Mon Mar  1 17:11:05 2021]
rule run_grasp:
    input: indelible_output/5/cleaned_aln/2.fasta, indelible_output/5/cleaned_N0_trees/2.nwk
    output: grasp_results/5/PSML/2, grasp_results/5/PSML/2/GRASP_ancestors.fasta, grasp_results/5/PSML/2/GRASP_ancestors.nwk
    jobid: 12
    wildcards: taxon=5, method=PSML, rep=2

[Mon Mar  1 17:11:06 2021]
Finished job 12.
8 of 48 steps (17%) done
Select jobs to execute...

[Mon Mar  1 17:11:06 2021]
rule concat_fasta:
    input: indelible_output/5/cleaned_aln/2.fasta, grasp_results/5/PSML/2/GRASP_ancestors.fasta
    output: grasp_results/concatenated/5/PSML/2/GRASP_ancestors.fasta
    jobid: 16
    wildcards: taxon=5, method=PSML, rep=2

[Mon Mar  1 17:11:06 2021]
Finished job 16.
9 of 48 steps (19%) done
Select jobs to execute...

[Mon Mar  1 17:11:06 2021]
rule get_indelible_dict:
    input: indelible_output/5/concatenated/2.fasta, indelible_output/5/cleaned_N0_trees/2.nwk
    output: indelible_dicts/5/leaves_2.p, indelible_dicts/5/gaps_2.p
    jobid: 17
    wildcards: taxon=5, rep=2

[Mon Mar  1 17:11:07 2021]
Finished job 17.
10 of 48 steps (21%) done
Select jobs to execute...

[Mon Mar  1 17:11:07 2021]
rule get_indelible_dict:
    input: indelible_output/5/concatenated/3.fasta, indelible_output/5/cleaned_N0_trees/3.nwk
    output: indelible_dicts/5/leaves_3.p, indelible_dicts/5/gaps_3.p
    jobid: 24
    wildcards: taxon=5, rep=3

[Mon Mar  1 17:11:08 2021]
Finished job 24.
11 of 48 steps (23%) done
Select jobs to execute...

[Mon Mar  1 17:11:08 2021]
rule summarise_indelible:
    input: indelible_output/5/cleaned_N0_trees/3.nwk, indelible_output/5/concatenated/3.fasta, indelible_output/5/cleaned_N0_trees/3.nwk, indelible_output/5/concatenated/3.fasta, indelible_dicts/5/leaves_3.p, indelible_dicts/5/gaps_3.p
    output: indelible_summaries/5/3.csv
    jobid: 95
    wildcards: taxon=5, rep=3

[Mon Mar  1 17:11:09 2021]
Finished job 95.
12 of 48 steps (25%) done
Select jobs to execute...

[Mon Mar  1 17:11:09 2021]
rule clean_indelible:
    input: indelible_output/10/N0_trees/2.nwk, indelible_output/10/concatenated/10_2.fasta
    output: indelible_output/10/cleaned_aln/2.fasta, indelible_output/10/concatenated/2.fasta, indelible_output/10/cleaned_trees/2.nwk, indelible_output/10/cleaned_N0_trees/2.nwk, indelible_output/10/cleaned_no_internal_trees/2.nwk
    jobid: 43
    wildcards: taxon=10, rep=2

[Mon Mar  1 17:11:10 2021]
Finished job 43.
13 of 48 steps (27%) done
Select jobs to execute...

[Mon Mar  1 17:11:10 2021]
rule run_grasp:
    input: indelible_output/10/cleaned_aln/2.fasta, indelible_output/10/cleaned_N0_trees/2.nwk
    output: grasp_results/10/PSML/2, grasp_results/10/PSML/2/GRASP_ancestors.fasta, grasp_results/10/PSML/2/GRASP_ancestors.nwk
    jobid: 42
    wildcards: taxon=10, method=PSML, rep=2

[Mon Mar  1 17:11:11 2021]
Finished job 42.
14 of 48 steps (29%) done
Select jobs to execute...

[Mon Mar  1 17:11:11 2021]
rule concat_fasta:
    input: indelible_output/10/cleaned_aln/2.fasta, grasp_results/10/PSML/2/GRASP_ancestors.fasta
    output: grasp_results/concatenated/10/PSML/2/GRASP_ancestors.fasta
    jobid: 46
    wildcards: taxon=10, method=PSML, rep=2

[Mon Mar  1 17:11:11 2021]
Finished job 46.
15 of 48 steps (31%) done
Select jobs to execute...

[Mon Mar  1 17:11:11 2021]
rule get_indelible_dict:
    input: indelible_output/10/concatenated/2.fasta, indelible_output/10/cleaned_N0_trees/2.nwk
    output: indelible_dicts/10/leaves_2.p, indelible_dicts/10/gaps_2.p
    jobid: 47
    wildcards: taxon=10, rep=2

[Mon Mar  1 17:11:12 2021]
Finished job 47.
16 of 48 steps (33%) done
Select jobs to execute...

[Mon Mar  1 17:11:12 2021]
rule summarise_indelible:
    input: indelible_output/10/cleaned_N0_trees/2.nwk, indelible_output/10/concatenated/2.fasta, indelible_output/10/cleaned_N0_trees/2.nwk, indelible_output/10/concatenated/2.fasta, indelible_dicts/10/leaves_2.p, indelible_dicts/10/gaps_2.p
    output: indelible_summaries/10/2.csv
    jobid: 99
    wildcards: taxon=10, rep=2

[Mon Mar  1 17:11:13 2021]
Finished job 99.
17 of 48 steps (35%) done
Select jobs to execute...

[Mon Mar  1 17:11:13 2021]
rule get_indelible_dict:
    input: indelible_output/10/concatenated/3.fasta, indelible_output/10/cleaned_N0_trees/3.nwk
    output: indelible_dicts/10/leaves_3.p, indelible_dicts/10/gaps_3.p
    jobid: 54
    wildcards: taxon=10, rep=3

[Mon Mar  1 17:11:13 2021]
Finished job 54.
18 of 48 steps (38%) done
Select jobs to execute...

[Mon Mar  1 17:11:13 2021]
rule summarise_indelible:
    input: indelible_output/10/cleaned_N0_trees/3.nwk, indelible_output/10/concatenated/3.fasta, indelible_output/10/cleaned_N0_trees/3.nwk, indelible_output/10/concatenated/3.fasta, indelible_dicts/10/leaves_3.p, indelible_dicts/10/gaps_3.p
    output: indelible_summaries/10/3.csv
    jobid: 100
    wildcards: taxon=10, rep=3

[Mon Mar  1 17:11:14 2021]
Finished job 100.
19 of 48 steps (40%) done
Select jobs to execute...

[Mon Mar  1 17:11:14 2021]
rule summarise_indels:
    input: grasp_results/10/PSML/2/GRASP_ancestors.nwk, grasp_results/concatenated/10/PSML/2/GRASP_ancestors.fasta, indelible_output/10/cleaned_N0_trees/2.nwk, indelible_output/10/concatenated/2.fasta, indelible_dicts/10/leaves_2.p, indelible_dicts/10/gaps_2.p
    output: summaries/10/PSML/2.csv
    jobid: 41
    wildcards: taxon=10, method=PSML, rep=2

[Mon Mar  1 17:11:15 2021]
Finished job 41.
20 of 48 steps (42%) done
Select jobs to execute...

[Mon Mar  1 17:11:15 2021]
rule summarise_indelible:
    input: indelible_output/5/cleaned_N0_trees/2.nwk, indelible_output/5/concatenated/2.fasta, indelible_output/5/cleaned_N0_trees/2.nwk, indelible_output/5/concatenated/2.fasta, indelible_dicts/5/leaves_2.p, indelible_dicts/5/gaps_2.p
    output: indelible_summaries/5/2.csv
    jobid: 94
    wildcards: taxon=5, rep=2

[Mon Mar  1 17:11:16 2021]
Finished job 94.
21 of 48 steps (44%) done
Select jobs to execute...

[Mon Mar  1 17:11:16 2021]
rule summarise_indels:
    input: grasp_results/5/PSML/2/GRASP_ancestors.nwk, grasp_results/concatenated/5/PSML/2/GRASP_ancestors.fasta, indelible_output/5/cleaned_N0_trees/2.nwk, indelible_output/5/concatenated/2.fasta, indelible_dicts/5/leaves_2.p, indelible_dicts/5/gaps_2.p
    output: summaries/5/PSML/2.csv
    jobid: 11
    wildcards: taxon=5, method=PSML, rep=2

[Mon Mar  1 17:11:17 2021]
Finished job 11.
22 of 48 steps (46%) done
Select jobs to execute...

[Mon Mar  1 17:11:17 2021]
rule run_grasp:
    input: indelible_output/5/cleaned_aln/3.fasta, indelible_output/5/cleaned_N0_trees/3.nwk
    output: grasp_results/5/PSML/3, grasp_results/5/PSML/3/GRASP_ancestors.fasta, grasp_results/5/PSML/3/GRASP_ancestors.nwk
    jobid: 19
    wildcards: taxon=5, method=PSML, rep=3

[Mon Mar  1 17:11:18 2021]
Finished job 19.
23 of 48 steps (48%) done
Select jobs to execute...

[Mon Mar  1 17:11:18 2021]
rule concat_indelible:
    input: indelible_output/10/10_TRUE_4.fasta, indelible_output/10/10_ANCESTRAL_4.fasta
    output: indelible_output/10/concatenated/10_4.fasta
    jobid: 59
    wildcards: taxon=10, rep=4

[Mon Mar  1 17:11:18 2021]
Finished job 59.
24 of 48 steps (50%) done
Select jobs to execute...

[Mon Mar  1 17:11:18 2021]
rule clean_indelible:
    input: indelible_output/10/N0_trees/4.nwk, indelible_output/10/concatenated/10_4.fasta
    output: indelible_output/10/cleaned_aln/4.fasta, indelible_output/10/concatenated/4.fasta, indelible_output/10/cleaned_trees/4.nwk, indelible_output/10/cleaned_N0_trees/4.nwk, indelible_output/10/cleaned_no_internal_trees/4.nwk
    jobid: 57
    wildcards: taxon=10, rep=4

[Mon Mar  1 17:11:19 2021]
Finished job 57.
25 of 48 steps (52%) done
Select jobs to execute...

[Mon Mar  1 17:11:19 2021]
rule get_indelible_dict:
    input: indelible_output/10/concatenated/4.fasta, indelible_output/10/cleaned_N0_trees/4.nwk
    output: indelible_dicts/10/leaves_4.p, indelible_dicts/10/gaps_4.p
    jobid: 61
    wildcards: taxon=10, rep=4

[Mon Mar  1 17:11:20 2021]
Finished job 61.
26 of 48 steps (54%) done
Select jobs to execute...

[Mon Mar  1 17:11:20 2021]
rule run_grasp:
    input: indelible_output/10/cleaned_aln/4.fasta, indelible_output/10/cleaned_N0_trees/4.nwk
    output: grasp_results/10/PSML/4, grasp_results/10/PSML/4/GRASP_ancestors.fasta, grasp_results/10/PSML/4/GRASP_ancestors.nwk
    jobid: 56
    wildcards: taxon=10, method=PSML, rep=4

[Mon Mar  1 17:11:20 2021]
Finished job 56.
27 of 48 steps (56%) done
Select jobs to execute...

[Mon Mar  1 17:11:20 2021]
rule summarise_indelible:
    input: indelible_output/10/cleaned_N0_trees/4.nwk, indelible_output/10/concatenated/4.fasta, indelible_output/10/cleaned_N0_trees/4.nwk, indelible_output/10/concatenated/4.fasta, indelible_dicts/10/leaves_4.p, indelible_dicts/10/gaps_4.p
    output: indelible_summaries/10/4.csv
    jobid: 101
    wildcards: taxon=10, rep=4

[Mon Mar  1 17:11:21 2021]
Finished job 101.
28 of 48 steps (58%) done
Select jobs to execute...

[Mon Mar  1 17:11:21 2021]
rule concat_fasta:
    input: indelible_output/10/cleaned_aln/4.fasta, grasp_results/10/PSML/4/GRASP_ancestors.fasta
    output: grasp_results/concatenated/10/PSML/4/GRASP_ancestors.fasta
    jobid: 60
    wildcards: taxon=10, method=PSML, rep=4

[Mon Mar  1 17:11:21 2021]
Finished job 60.
29 of 48 steps (60%) done
Select jobs to execute...

[Mon Mar  1 17:11:21 2021]
rule summarise_indels:
    input: grasp_results/10/PSML/4/GRASP_ancestors.nwk, grasp_results/concatenated/10/PSML/4/GRASP_ancestors.fasta, indelible_output/10/cleaned_N0_trees/4.nwk, indelible_output/10/concatenated/4.fasta, indelible_dicts/10/leaves_4.p, indelible_dicts/10/gaps_4.p
    output: summaries/10/PSML/4.csv
    jobid: 55
    wildcards: taxon=10, method=PSML, rep=4

[Mon Mar  1 17:11:22 2021]
Finished job 55.
30 of 48 steps (62%) done
Select jobs to execute...

[Mon Mar  1 17:11:22 2021]
rule concat_indelible_summaries:
    input: indelible_summaries/10/1.csv, indelible_summaries/10/2.csv, indelible_summaries/10/3.csv, indelible_summaries/10/4.csv
    output: concatenated_indelible_summaries/10.csv
    jobid: 97
    wildcards: taxon=10

[Mon Mar  1 17:11:22 2021]
Finished job 97.
31 of 48 steps (65%) done
Select jobs to execute...

[Mon Mar  1 17:11:22 2021]
rule concat_indelible:
    input: indelible_output/5/5_TRUE_4.fasta, indelible_output/5/5_ANCESTRAL_4.fasta
    output: indelible_output/5/concatenated/5_4.fasta
    jobid: 29
    wildcards: taxon=5, rep=4

[Mon Mar  1 17:11:22 2021]
Finished job 29.
32 of 48 steps (67%) done
Select jobs to execute...

[Mon Mar  1 17:11:22 2021]
rule clean_indelible:
    input: indelible_output/5/N0_trees/4.nwk, indelible_output/5/concatenated/5_4.fasta
    output: indelible_output/5/cleaned_aln/4.fasta, indelible_output/5/concatenated/4.fasta, indelible_output/5/cleaned_trees/4.nwk, indelible_output/5/cleaned_N0_trees/4.nwk, indelible_output/5/cleaned_no_internal_trees/4.nwk
    jobid: 27
    wildcards: taxon=5, rep=4

[Mon Mar  1 17:11:23 2021]
Finished job 27.
33 of 48 steps (69%) done
Select jobs to execute...

[Mon Mar  1 17:11:23 2021]
rule run_grasp:
    input: indelible_output/5/cleaned_aln/4.fasta, indelible_output/5/cleaned_N0_trees/4.nwk
    output: grasp_results/5/PSML/4, grasp_results/5/PSML/4/GRASP_ancestors.fasta, grasp_results/5/PSML/4/GRASP_ancestors.nwk
    jobid: 26
    wildcards: taxon=5, method=PSML, rep=4

[Mon Mar  1 17:11:24 2021]
Finished job 26.
34 of 48 steps (71%) done
Select jobs to execute...

[Mon Mar  1 17:11:24 2021]
rule concat_fasta:
    input: indelible_output/5/cleaned_aln/4.fasta, grasp_results/5/PSML/4/GRASP_ancestors.fasta
    output: grasp_results/concatenated/5/PSML/4/GRASP_ancestors.fasta
    jobid: 30
    wildcards: taxon=5, method=PSML, rep=4

[Mon Mar  1 17:11:24 2021]
Finished job 30.
35 of 48 steps (73%) done
Select jobs to execute...

[Mon Mar  1 17:11:24 2021]
rule run_grasp:
    input: indelible_output/10/cleaned_aln/3.fasta, indelible_output/10/cleaned_N0_trees/3.nwk
    output: grasp_results/10/PSML/3, grasp_results/10/PSML/3/GRASP_ancestors.fasta, grasp_results/10/PSML/3/GRASP_ancestors.nwk
    jobid: 49
    wildcards: taxon=10, method=PSML, rep=3

[Mon Mar  1 17:11:25 2021]
Finished job 49.
36 of 48 steps (75%) done
Select jobs to execute...

[Mon Mar  1 17:11:25 2021]
rule concat_fasta:
    input: indelible_output/10/cleaned_aln/3.fasta, grasp_results/10/PSML/3/GRASP_ancestors.fasta
    output: grasp_results/concatenated/10/PSML/3/GRASP_ancestors.fasta
    jobid: 53
    wildcards: taxon=10, method=PSML, rep=3

[Mon Mar  1 17:11:25 2021]
Finished job 53.
37 of 48 steps (77%) done
Select jobs to execute...

[Mon Mar  1 17:11:25 2021]
rule concat_fasta:
    input: indelible_output/5/cleaned_aln/3.fasta, grasp_results/5/PSML/3/GRASP_ancestors.fasta
    output: grasp_results/concatenated/5/PSML/3/GRASP_ancestors.fasta
    jobid: 23
    wildcards: taxon=5, method=PSML, rep=3

[Mon Mar  1 17:11:25 2021]
Finished job 23.
38 of 48 steps (79%) done
Select jobs to execute...

[Mon Mar  1 17:11:25 2021]
rule summarise_indels:
    input: grasp_results/5/PSML/3/GRASP_ancestors.nwk, grasp_results/concatenated/5/PSML/3/GRASP_ancestors.fasta, indelible_output/5/cleaned_N0_trees/3.nwk, indelible_output/5/concatenated/3.fasta, indelible_dicts/5/leaves_3.p, indelible_dicts/5/gaps_3.p
    output: summaries/5/PSML/3.csv
    jobid: 18
    wildcards: taxon=5, method=PSML, rep=3

[Mon Mar  1 17:11:26 2021]
Finished job 18.
39 of 48 steps (81%) done
Select jobs to execute...

[Mon Mar  1 17:11:26 2021]
rule summarise_indels:
    input: grasp_results/10/PSML/3/GRASP_ancestors.nwk, grasp_results/concatenated/10/PSML/3/GRASP_ancestors.fasta, indelible_output/10/cleaned_N0_trees/3.nwk, indelible_output/10/concatenated/3.fasta, indelible_dicts/10/leaves_3.p, indelible_dicts/10/gaps_3.p
    output: summaries/10/PSML/3.csv
    jobid: 48
    wildcards: taxon=10, method=PSML, rep=3

[Mon Mar  1 17:11:27 2021]
Finished job 48.
40 of 48 steps (83%) done
Select jobs to execute...

[Mon Mar  1 17:11:27 2021]
rule get_indelible_dict:
    input: indelible_output/5/concatenated/4.fasta, indelible_output/5/cleaned_N0_trees/4.nwk
    output: indelible_dicts/5/leaves_4.p, indelible_dicts/5/gaps_4.p
    jobid: 31
    wildcards: taxon=5, rep=4

[Mon Mar  1 17:11:28 2021]
Finished job 31.
41 of 48 steps (85%) done
Select jobs to execute...

[Mon Mar  1 17:11:28 2021]
rule summarise_indels:
    input: grasp_results/5/PSML/4/GRASP_ancestors.nwk, grasp_results/concatenated/5/PSML/4/GRASP_ancestors.fasta, indelible_output/5/cleaned_N0_trees/4.nwk, indelible_output/5/concatenated/4.fasta, indelible_dicts/5/leaves_4.p, indelible_dicts/5/gaps_4.p
    output: summaries/5/PSML/4.csv
    jobid: 25
    wildcards: taxon=5, method=PSML, rep=4

[Mon Mar  1 17:11:29 2021]
Finished job 25.
42 of 48 steps (88%) done
Select jobs to execute...

[Mon Mar  1 17:11:29 2021]
rule concat_summaries:
    input: summaries/5/PSML/1.csv, summaries/5/PSML/2.csv, summaries/5/PSML/3.csv, summaries/5/PSML/4.csv
    output: concatenated_summaries/5_PSML.csv
    jobid: 2
    wildcards: taxon=5, method=PSML

[Mon Mar  1 17:11:29 2021]
Finished job 2.
43 of 48 steps (90%) done
Select jobs to execute...

[Mon Mar  1 17:11:29 2021]
rule concat_summaries:
    input: summaries/10/PSML/1.csv, summaries/10/PSML/2.csv, summaries/10/PSML/3.csv, summaries/10/PSML/4.csv
    output: concatenated_summaries/10_PSML.csv
    jobid: 32
    wildcards: taxon=10, method=PSML

[Mon Mar  1 17:11:29 2021]
Finished job 32.
44 of 48 steps (92%) done
Select jobs to execute...

[Mon Mar  1 17:11:29 2021]
rule summarise_indelible:
    input: indelible_output/5/cleaned_N0_trees/4.nwk, indelible_output/5/concatenated/4.fasta, indelible_output/5/cleaned_N0_trees/4.nwk, indelible_output/5/concatenated/4.fasta, indelible_dicts/5/leaves_4.p, indelible_dicts/5/gaps_4.p
    output: indelible_summaries/5/4.csv
    jobid: 96
    wildcards: taxon=5, rep=4

[Mon Mar  1 17:11:30 2021]
Finished job 96.
45 of 48 steps (94%) done
Select jobs to execute...

[Mon Mar  1 17:11:30 2021]
rule concat_indelible_summaries:
    input: indelible_summaries/5/1.csv, indelible_summaries/5/2.csv, indelible_summaries/5/3.csv, indelible_summaries/5/4.csv
    output: concatenated_indelible_summaries/5.csv
    jobid: 92
    wildcards: taxon=5

[Mon Mar  1 17:11:30 2021]
Finished job 92.
46 of 48 steps (96%) done
Select jobs to execute...

[Mon Mar  1 17:11:30 2021]
rule generate_output_dict:
    input: concatenated_summaries/5_PSML.csv, concatenated_summaries/10_PSML.csv, concatenated_summaries/15_PSML.csv, concatenated_indelible_summaries/5.csv, concatenated_indelible_summaries/10.csv, concatenated_indelible_summaries/15.csv
    output: output_dicts/output.p
    jobid: 1

[Mon Mar  1 17:11:34 2021]
Finished job 1.
47 of 48 steps (98%) done
Select jobs to execute...

[Mon Mar  1 17:11:34 2021]
rule generate_latex:
    input: output_dicts/output.p
    output: plots/plot.tex
    jobid: 0

[Mon Mar  1 17:11:34 2021]
Finished job 0.
48 of 48 steps (100%) done
Complete log: /Users/gabefoley/Dropbox/PhD/20210121_Indel_Evaluation_Project/Indel_Evaluation_Snakemake/.snakemake/log/2021-03-01T171101.454677.snakemake.log
