Building DAG of jobs...
Using shell: /bin/bash
Provided cores: 1 (use --cores to define parallelism)
Rules claiming more threads will be scaled down.
Job counts:
	count	jobs
	1	all
	4	clean_fasta
	2	create_control_files
	6	run_indelible
	4	split_trees
	17
Select jobs to execute...

[Sun Jan 24 23:47:31 2021]
rule run_indelible:
    input: indelible/80/80_control.txt
    output: indelible_output/80/80/80/80_TRUE_2.fasta
    jobid: 10
    wildcards: taxon=80/80, rep=2

Waiting at most 5 seconds for missing files.
Terminating processes on user request, this might take some time.
Cancelling snakemake on user request.
