Building DAG of jobs...
Using shell: /bin/bash
Provided cores: 1 (use --cores to define parallelism)
Rules claiming more threads will be scaled down.
Job counts:
	count	jobs
	4	clean_fastml_ml
	4	clean_fastml_parsimony
	1	clean_indelible
	1	compile_latex
	12	concat_fasta
	4	concat_fastml__ml_summaries
	4	concat_fastml_summaries
	1	concat_indelible
	4	concat_indelible_summaries
	12	concat_summaries
	1	generate_latex
	1	generate_output_dict
	4	get_indelible_dict
	4	run_fastml
	11	run_grasp
	1	run_indelible
	4	summarise_fastml_ml_indels
	4	summarise_fastml_parsimony_indels
	4	summarise_indelible
	12	summarise_indels
	93
Select jobs to execute...

[Fri Feb  5 15:45:03 2021]
rule run_grasp:
    input: indelible_output/100/cleaned_aln/1.fasta, indelible_output/100/cleaned_N0_trees/1.nwk
    output: grasp_results/100/SICP/1, grasp_results/100/SICP/1/GRASP_ancestors.fasta, grasp_results/100/SICP/1/tree.nwk
    jobid: 116
    wildcards: taxon=100, method=SICP, rep=1

[Fri Feb  5 15:45:11 2021]
Finished job 116.
1 of 93 steps (1%) done
Select jobs to execute...

[Fri Feb  5 15:45:11 2021]
rule run_grasp:
    input: indelible_output/50/cleaned_aln/1.fasta, indelible_output/50/cleaned_N0_trees/1.nwk
    output: grasp_results/50/SICML/1, grasp_results/50/SICML/1/GRASP_ancestors.fasta, grasp_results/50/SICML/1/tree.nwk
    jobid: 86
    wildcards: taxon=50, method=SICML, rep=1

[Fri Feb  5 15:45:16 2021]
Finished job 86.
2 of 93 steps (2%) done
Select jobs to execute...

[Fri Feb  5 15:45:16 2021]
rule concat_fasta:
    input: indelible_output/50/cleaned_aln/1.fasta, grasp_results/50/SICML/1/GRASP_ancestors.fasta
    output: grasp_results/concatenated/50/SICML/1/GRASP_ancestors.fasta
    jobid: 87
    wildcards: taxon=50, method=SICML, rep=1

[Fri Feb  5 15:45:16 2021]
Finished job 87.
3 of 93 steps (3%) done
Select jobs to execute...

[Fri Feb  5 15:45:16 2021]
rule run_grasp:
    input: indelible_output/50/cleaned_aln/1.fasta, indelible_output/50/cleaned_N0_trees/1.nwk
    output: grasp_results/50/BEP/1, grasp_results/50/BEP/1/GRASP_ancestors.fasta, grasp_results/50/BEP/1/tree.nwk
    jobid: 73
    wildcards: taxon=50, method=BEP, rep=1

[Fri Feb  5 15:45:21 2021]
Finished job 73.
4 of 93 steps (4%) done
Select jobs to execute...

[Fri Feb  5 15:45:21 2021]
rule concat_fasta:
    input: indelible_output/50/cleaned_aln/1.fasta, grasp_results/50/BEP/1/GRASP_ancestors.fasta
    output: grasp_results/concatenated/50/BEP/1/GRASP_ancestors.fasta
    jobid: 78
    wildcards: taxon=50, method=BEP, rep=1

[Fri Feb  5 15:45:21 2021]
Finished job 78.
5 of 93 steps (5%) done
Select jobs to execute...

[Fri Feb  5 15:45:21 2021]
rule run_grasp:
    input: indelible_output/200/cleaned_aln/1.fasta, indelible_output/200/cleaned_N0_trees/1.nwk
    output: grasp_results/200/SICP/1, grasp_results/200/SICP/1/GRASP_ancestors.fasta, grasp_results/200/SICP/1/tree.nwk
    jobid: 133
    wildcards: taxon=200, method=SICP, rep=1

[Fri Feb  5 15:45:41 2021]
Finished job 133.
6 of 93 steps (6%) done
Select jobs to execute...

[Fri Feb  5 15:45:41 2021]
rule concat_fasta:
    input: indelible_output/200/cleaned_aln/1.fasta, grasp_results/200/SICP/1/GRASP_ancestors.fasta
    output: grasp_results/concatenated/200/SICP/1/GRASP_ancestors.fasta
    jobid: 134
    wildcards: taxon=200, method=SICP, rep=1

[Fri Feb  5 15:45:41 2021]
Finished job 134.
7 of 93 steps (8%) done
Select jobs to execute...

[Fri Feb  5 15:45:41 2021]
rule run_grasp:
    input: indelible_output/100/cleaned_aln/1.fasta, indelible_output/100/cleaned_N0_trees/1.nwk
    output: grasp_results/100/BEP/1, grasp_results/100/BEP/1/GRASP_ancestors.fasta, grasp_results/100/BEP/1/tree.nwk
    jobid: 107
    wildcards: taxon=100, method=BEP, rep=1

[Fri Feb  5 15:45:57 2021]
Finished job 107.
8 of 93 steps (9%) done
Select jobs to execute...

[Fri Feb  5 15:45:57 2021]
rule concat_fasta:
    input: indelible_output/100/cleaned_aln/1.fasta, grasp_results/100/BEP/1/GRASP_ancestors.fasta
    output: grasp_results/concatenated/100/BEP/1/GRASP_ancestors.fasta
    jobid: 112
    wildcards: taxon=100, method=BEP, rep=1

[Fri Feb  5 15:45:57 2021]
Finished job 112.
9 of 93 steps (10%) done
Select jobs to execute...

[Fri Feb  5 15:45:57 2021]
rule run_grasp:
    input: indelible_output/200/cleaned_aln/1.fasta, indelible_output/200/cleaned_N0_trees/1.nwk
    output: grasp_results/200/SICML/1, grasp_results/200/SICML/1/GRASP_ancestors.fasta, grasp_results/200/SICML/1/tree.nwk
    jobid: 137
    wildcards: taxon=200, method=SICML, rep=1

[Fri Feb  5 15:46:41 2021]
Finished job 137.
10 of 93 steps (11%) done
Select jobs to execute...

[Fri Feb  5 15:46:41 2021]
rule concat_fasta:
    input: indelible_output/200/cleaned_aln/1.fasta, grasp_results/200/SICML/1/GRASP_ancestors.fasta
    output: grasp_results/concatenated/200/SICML/1/GRASP_ancestors.fasta
    jobid: 138
    wildcards: taxon=200, method=SICML, rep=1

[Fri Feb  5 15:46:41 2021]
Finished job 138.
11 of 93 steps (12%) done
Select jobs to execute...

[Fri Feb  5 15:46:41 2021]
rule run_grasp:
    input: indelible_output/200/cleaned_aln/1.fasta, indelible_output/200/cleaned_N0_trees/1.nwk
    output: grasp_results/200/BEP/1, grasp_results/200/BEP/1/GRASP_ancestors.fasta, grasp_results/200/BEP/1/tree.nwk
    jobid: 124
    wildcards: taxon=200, method=BEP, rep=1

[Fri Feb  5 15:50:12 2021]
Finished job 124.
12 of 93 steps (13%) done
Select jobs to execute...

[Fri Feb  5 15:50:12 2021]
rule get_indelible_dict:
    input: indelible_output/200/concatenated/1.fasta, indelible_output/200/cleaned_N0_trees/1.nwk
    output: indelible_dicts/200/leaves_1.p, indelible_dicts/200/gaps_1.p
    jobid: 130
    wildcards: taxon=200, rep=1

[Fri Feb  5 15:50:16 2021]
Finished job 130.
13 of 93 steps (14%) done
Select jobs to execute...

[Fri Feb  5 15:50:16 2021]
rule run_fastml:
    input: indelible_output/100/cleaned_aln/1.fasta, indelible_output/100/cleaned_no_internal_trees/1.nwk
    output: fastml_results/100/1/seq.marginal_Chars_ParsimonyIndels.txt, fastml_results/100/1/seq.marginal_IndelAndChars.txt, fastml_results/100/1/tree.newick.txt, fastml_results/100/1
    jobid: 166
    wildcards: taxon=100, rep=1

[Fri Feb  5 16:23:38 2021]
Finished job 166.
14 of 93 steps (15%) done
Select jobs to execute...

[Fri Feb  5 16:23:38 2021]
rule clean_fastml_ml:
    input: fastml_results/100/1/seq.marginal_IndelAndChars.txt, fastml_results/100/1/tree.newick.txt
    output: fastml_results_ml/100/concatenated/1/FastML_ancestors.fasta, fastml_results_ml/100/cleaned_trees/1/tree.nwk, fastml_results_ml/100/cleaned_N0_trees/1/tree.nwk
    jobid: 191
    wildcards: taxon=100, rep=1

[Fri Feb  5 16:23:39 2021]
Finished job 191.
15 of 93 steps (16%) done
Select jobs to execute...

[Fri Feb  5 16:23:39 2021]
rule run_fastml:
    input: indelible_output/200/cleaned_aln/1.fasta, indelible_output/200/cleaned_no_internal_trees/1.nwk
    output: fastml_results/200/1/seq.marginal_Chars_ParsimonyIndels.txt, fastml_results/200/1/seq.marginal_IndelAndChars.txt, fastml_results/200/1/tree.newick.txt, fastml_results/200/1
    jobid: 170
    wildcards: taxon=200, rep=1

