Building DAG of jobs...
Using shell: /bin/bash
Provided cores: 1 (use --cores to define parallelism)
Rules claiming more threads will be scaled down.
Job counts:
	count	jobs
	4	clean_indelible
	1	compile_latex
	12	concat_fasta
	4	concat_indelible
	2	concat_indelible_summaries
	6	concat_summaries
	2	create_control_files
	1	generate_latex
	1	generate_output_dict
	4	get_indelible_dict
	12	run_grasp
	4	run_indelible
	4	summarise_indelible
	12	summarise_indels
	69
Select jobs to execute...

[Mon Feb  1 15:48:40 2021]
rule create_control_files:
    output: indelible/6_control.txt
    jobid: 8
    wildcards: taxon=6

[Mon Feb  1 15:48:41 2021]
Finished job 8.
1 of 69 steps (1%) done
Select jobs to execute...

[Mon Feb  1 15:48:41 2021]
rule create_control_files:
    output: indelible/8_control.txt
    jobid: 38
    wildcards: taxon=8

[Mon Feb  1 15:48:41 2021]
Finished job 38.
2 of 69 steps (3%) done
Select jobs to execute...

[Mon Feb  1 15:48:41 2021]
rule run_indelible:
    input: indelible/6_control.txt
    output: indelible_output/6/trees/1.nwk, indelible_output/6/6_TRUE_1.fasta, indelible_output/6/6_ANCESTRAL_1.fasta, indelible_output/6/N0_trees/1.nwk
    jobid: 7
    wildcards: taxon=6, rep=1

[Mon Feb  1 15:48:43 2021]
Finished job 7.
3 of 69 steps (4%) done
Select jobs to execute...

[Mon Feb  1 15:48:43 2021]
rule concat_indelible:
    input: indelible_output/6/6_TRUE_1.fasta, indelible_output/6/6_ANCESTRAL_1.fasta
    output: indelible_output/6/concatenated/6_1.fasta
    jobid: 9
    wildcards: taxon=6, rep=1

[Mon Feb  1 15:48:43 2021]
Finished job 9.
4 of 69 steps (6%) done
Select jobs to execute...

[Mon Feb  1 15:48:43 2021]
rule run_indelible:
    input: indelible/8_control.txt
    output: indelible_output/8/trees/1.nwk, indelible_output/8/8_TRUE_1.fasta, indelible_output/8/8_ANCESTRAL_1.fasta, indelible_output/8/N0_trees/1.nwk
    jobid: 37
    wildcards: taxon=8, rep=1

[Mon Feb  1 15:48:45 2021]
Finished job 37.
5 of 69 steps (7%) done
Select jobs to execute...

[Mon Feb  1 15:48:45 2021]
rule concat_indelible:
    input: indelible_output/8/8_TRUE_1.fasta, indelible_output/8/8_ANCESTRAL_1.fasta
    output: indelible_output/8/concatenated/8_1.fasta
    jobid: 39
    wildcards: taxon=8, rep=1

[Mon Feb  1 15:48:45 2021]
Finished job 39.
6 of 69 steps (9%) done
Select jobs to execute...

[Mon Feb  1 15:48:45 2021]
rule clean_indelible:
    input: indelible_output/6/N0_trees/1.nwk, indelible_output/6/concatenated/6_1.fasta
    output: indelible_output/6/cleaned_aln/1.fasta, indelible_output/6/concatenated/1.fasta, indelible_output/6/cleaned_N0_trees/1.nwk
    jobid: 6
    wildcards: taxon=6, rep=1

[Mon Feb  1 15:48:46 2021]
Finished job 6.
7 of 69 steps (10%) done
Select jobs to execute...

[Mon Feb  1 15:48:47 2021]
rule run_grasp:
    input: indelible_output/6/cleaned_aln/1.fasta, indelible_output/6/cleaned_N0_trees/1.nwk
    output: grasp_results/6/BEP/1, grasp_results/6/BEP/1/GRASP_ancestors.fasta, grasp_results/6/BEP/1/tree.nwk
    jobid: 5
    wildcards: taxon=6, method=BEP, rep=1

[Mon Feb  1 15:48:47 2021]
Finished job 5.
8 of 69 steps (12%) done
Select jobs to execute...

[Mon Feb  1 15:48:47 2021]
rule get_indelible_dict:
    input: indelible_output/6/concatenated/1.fasta, indelible_output/6/cleaned_N0_trees/1.nwk
    output: indelible_dicts/6/leaves_1.p, indelible_dicts/6/gaps_1.p
    jobid: 11
    wildcards: taxon=6, rep=1

[Mon Feb  1 15:48:49 2021]
Finished job 11.
9 of 69 steps (13%) done
Select jobs to execute...

[Mon Feb  1 15:48:49 2021]
rule summarise_indelible:
    input: indelible_output/6/cleaned_N0_trees/1.nwk, indelible_output/6/concatenated/1.fasta, indelible_output/6/cleaned_N0_trees/1.nwk, indelible_output/6/concatenated/1.fasta, indelible_dicts/6/leaves_1.p, indelible_dicts/6/gaps_1.p
    output: indelible_summaries/6/1.csv
    jobid: 64
    wildcards: taxon=6, rep=1

[Mon Feb  1 15:48:50 2021]
Error in rule summarise_indelible:
    jobid: 64
    output: indelible_summaries/6/1.csv

RuleException:
CalledProcessError in line 138 of /Users/gabefoley/Dropbox/PhD/20210121_Indel_Evaluation_Project/Indel_Evaluation_Snakemake/Snakefile:
Command 'set -euo pipefail;  /Users/gabefoley/miniconda3_latest/envs/indel_snakemake/bin/python3.9 /Users/gabefoley/Dropbox/PhD/20210121_Indel_Evaluation_Project/Indel_Evaluation_Snakemake/.snakemake/scripts/tmpjnmfgh97.summarise_indels.py' returned non-zero exit status 1.
  File "/Users/gabefoley/miniconda3_latest/envs/indel_snakemake/lib/python3.9/site-packages/snakemake/executors/__init__.py", line 2319, in run_wrapper
  File "/Users/gabefoley/Dropbox/PhD/20210121_Indel_Evaluation_Project/Indel_Evaluation_Snakemake/Snakefile", line 138, in __rule_summarise_indelible
  File "/Users/gabefoley/miniconda3_latest/envs/indel_snakemake/lib/python3.9/site-packages/snakemake/executors/__init__.py", line 568, in _callback
  File "/Users/gabefoley/miniconda3_latest/envs/indel_snakemake/lib/python3.9/concurrent/futures/thread.py", line 52, in run
  File "/Users/gabefoley/miniconda3_latest/envs/indel_snakemake/lib/python3.9/site-packages/snakemake/executors/__init__.py", line 554, in cached_or_run
  File "/Users/gabefoley/miniconda3_latest/envs/indel_snakemake/lib/python3.9/site-packages/snakemake/executors/__init__.py", line 2350, in run_wrapper
Shutting down, this might take some time.
Exiting because a job execution failed. Look above for error message
Complete log: /Users/gabefoley/Dropbox/PhD/20210121_Indel_Evaluation_Project/Indel_Evaluation_Snakemake/.snakemake/log/2021-02-01T154840.753206.snakemake.log
