Building DAG of jobs...
Using shell: /bin/bash
Provided cores: 1 (use --cores to define parallelism)
Rules claiming more threads will be scaled down.
Job counts:
	count	jobs
	1	clean_fasta
	1	create_control_files
	1	run_grasp
	1	run_indelible
	4
Select jobs to execute...

[Wed Jan 27 15:30:29 2021]
rule create_control_files:
    output: indelible/40_control.txt
    jobid: 3
    wildcards: taxon=40

[Wed Jan 27 15:30:29 2021]
Finished job 3.
1 of 4 steps (25%) done
Select jobs to execute...

[Wed Jan 27 15:30:29 2021]
rule run_indelible:
    input: indelible/40_control.txt
    output: indelible_output/40/cleaned_trees/40_tree_1.txt.nwk, indelible_output/40/40_TRUE_1.txt.fasta
    jobid: 2
    wildcards: taxon=40, rep=1.txt

Waiting at most 100 seconds for missing files.
Terminating processes on user request, this might take some time.
Cancelling snakemake on user request.
