Building DAG of jobs...
Using shell: /bin/bash
Provided cores: 1 (use --cores to define parallelism)
Rules claiming more threads will be scaled down.
Job counts:
	count	jobs
	1	clean_indelible
	1	compile_latex
	6	concat_fasta
	1	concat_indelible
	1	concat_indelible_summaries
	3	concat_summaries
	1	generate_latex
	1	generate_output_dict
	2	get_indelible_dict
	6	run_grasp
	2	summarise_indelible
	6	summarise_indels
	31
Select jobs to execute...

[Mon Feb  1 17:47:47 2021]
rule run_grasp:
    input: indelible_output/25/cleaned_aln/2.fasta, indelible_output/25/cleaned_N0_trees/2.nwk
    output: grasp_results/25/SICML/2, grasp_results/25/SICML/2/GRASP_ancestors.fasta, grasp_results/25/SICML/2/tree.nwk
    jobid: 31
    wildcards: taxon=25, method=SICML, rep=2

[Mon Feb  1 17:47:51 2021]
Finished job 31.
1 of 31 steps (3%) done
Select jobs to execute...

[Mon Feb  1 17:47:51 2021]
rule concat_indelible:
    input: indelible_output/25/25_TRUE_1.fasta, indelible_output/25/25_ANCESTRAL_1.fasta
    output: indelible_output/25/concatenated/25_1.fasta
    jobid: 9
    wildcards: taxon=25, rep=1

[Mon Feb  1 17:47:51 2021]
Finished job 9.
2 of 31 steps (6%) done
Select jobs to execute...

[Mon Feb  1 17:47:51 2021]
rule get_indelible_dict:
    input: indelible_output/25/concatenated/2.fasta, indelible_output/25/cleaned_N0_trees/2.nwk
    output: indelible_dicts/25/leaves_2.p, indelible_dicts/25/gaps_2.p
    jobid: 18
    wildcards: taxon=25, rep=2

[Mon Feb  1 17:47:52 2021]
Finished job 18.
3 of 31 steps (10%) done
Select jobs to execute...

[Mon Feb  1 17:47:52 2021]
rule summarise_indelible:
    input: indelible_output/25/cleaned_N0_trees/2.nwk, indelible_output/25/concatenated/2.fasta, indelible_output/25/cleaned_N0_trees/2.nwk, indelible_output/25/concatenated/2.fasta, indelible_dicts/25/leaves_2.p, indelible_dicts/25/gaps_2.p
    output: indelible_summaries/25/2.csv
    jobid: 35
    wildcards: taxon=25, rep=2

[Mon Feb  1 17:47:54 2021]
Finished job 35.
4 of 31 steps (13%) done
Select jobs to execute...

[Mon Feb  1 17:47:54 2021]
rule run_grasp:
    input: indelible_output/25/cleaned_aln/2.fasta, indelible_output/25/cleaned_N0_trees/2.nwk
    output: grasp_results/25/SICP/2, grasp_results/25/SICP/2/GRASP_ancestors.fasta, grasp_results/25/SICP/2/tree.nwk
    jobid: 24
    wildcards: taxon=25, method=SICP, rep=2

[Mon Feb  1 17:47:58 2021]
Finished job 24.
5 of 31 steps (16%) done
Select jobs to execute...

[Mon Feb  1 17:47:58 2021]
rule concat_fasta:
    input: indelible_output/25/cleaned_aln/2.fasta, grasp_results/25/SICP/2/GRASP_ancestors.fasta
    output: grasp_results/concatenated/25/SICP/2/GRASP_ancestors.fasta
    jobid: 25
    wildcards: taxon=25, method=SICP, rep=2

[Mon Feb  1 17:47:58 2021]
Finished job 25.
6 of 31 steps (19%) done
Select jobs to execute...

[Mon Feb  1 17:47:58 2021]
rule clean_indelible:
    input: indelible_output/25/N0_trees/1.nwk, indelible_output/25/concatenated/25_1.fasta
    output: indelible_output/25/cleaned_aln/1.fasta, indelible_output/25/concatenated/1.fasta, indelible_output/25/cleaned_N0_trees/1.nwk
    jobid: 6
    wildcards: taxon=25, rep=1

[Mon Feb  1 17:48:00 2021]
Finished job 6.
7 of 31 steps (23%) done
Select jobs to execute...

[Mon Feb  1 17:48:00 2021]
rule get_indelible_dict:
    input: indelible_output/25/concatenated/1.fasta, indelible_output/25/cleaned_N0_trees/1.nwk
    output: indelible_dicts/25/leaves_1.p, indelible_dicts/25/gaps_1.p
    jobid: 11
    wildcards: taxon=25, rep=1

[Mon Feb  1 17:48:01 2021]
Finished job 11.
8 of 31 steps (26%) done
Select jobs to execute...

[Mon Feb  1 17:48:01 2021]
rule run_grasp:
    input: indelible_output/25/cleaned_aln/1.fasta, indelible_output/25/cleaned_N0_trees/1.nwk
    output: grasp_results/25/BEP/1, grasp_results/25/BEP/1/GRASP_ancestors.fasta, grasp_results/25/BEP/1/tree.nwk
    jobid: 5
    wildcards: taxon=25, method=BEP, rep=1

[Mon Feb  1 17:48:06 2021]
Finished job 5.
9 of 31 steps (29%) done
Select jobs to execute...

[Mon Feb  1 17:48:06 2021]
rule summarise_indels:
    input: grasp_results/25/SICP/2/tree.nwk, grasp_results/concatenated/25/SICP/2/GRASP_ancestors.fasta, indelible_output/25/cleaned_N0_trees/2.nwk, indelible_output/25/concatenated/2.fasta, indelible_dicts/25/leaves_2.p, indelible_dicts/25/gaps_2.p
    output: summaries/25/SICP/2.csv
    jobid: 23
    wildcards: taxon=25, method=SICP, rep=2

[Mon Feb  1 17:48:08 2021]
Finished job 23.
10 of 31 steps (32%) done
Select jobs to execute...

[Mon Feb  1 17:48:08 2021]
rule concat_fasta:
    input: indelible_output/25/cleaned_aln/1.fasta, grasp_results/25/BEP/1/GRASP_ancestors.fasta
    output: grasp_results/concatenated/25/BEP/1/GRASP_ancestors.fasta
    jobid: 10
    wildcards: taxon=25, method=BEP, rep=1

[Mon Feb  1 17:48:08 2021]
Finished job 10.
11 of 31 steps (35%) done
Select jobs to execute...

[Mon Feb  1 17:48:08 2021]
rule summarise_indels:
    input: grasp_results/25/BEP/1/tree.nwk, grasp_results/concatenated/25/BEP/1/GRASP_ancestors.fasta, indelible_output/25/cleaned_N0_trees/1.nwk, indelible_output/25/concatenated/1.fasta, indelible_dicts/25/leaves_1.p, indelible_dicts/25/gaps_1.p
    output: summaries/25/BEP/1.csv
    jobid: 4
    wildcards: taxon=25, method=BEP, rep=1

[Mon Feb  1 17:48:09 2021]
Finished job 4.
12 of 31 steps (39%) done
Select jobs to execute...

[Mon Feb  1 17:48:09 2021]
rule run_grasp:
    input: indelible_output/25/cleaned_aln/1.fasta, indelible_output/25/cleaned_N0_trees/1.nwk
    output: grasp_results/25/SICP/1, grasp_results/25/SICP/1/GRASP_ancestors.fasta, grasp_results/25/SICP/1/tree.nwk
    jobid: 21
    wildcards: taxon=25, method=SICP, rep=1

[Mon Feb  1 17:48:13 2021]
Finished job 21.
13 of 31 steps (42%) done
Select jobs to execute...

[Mon Feb  1 17:48:13 2021]
rule concat_fasta:
    input: indelible_output/25/cleaned_aln/1.fasta, grasp_results/25/SICP/1/GRASP_ancestors.fasta
    output: grasp_results/concatenated/25/SICP/1/GRASP_ancestors.fasta
    jobid: 22
    wildcards: taxon=25, method=SICP, rep=1

[Mon Feb  1 17:48:13 2021]
Finished job 22.
14 of 31 steps (45%) done
Select jobs to execute...

[Mon Feb  1 17:48:13 2021]
rule summarise_indels:
    input: grasp_results/25/SICP/1/tree.nwk, grasp_results/concatenated/25/SICP/1/GRASP_ancestors.fasta, indelible_output/25/cleaned_N0_trees/1.nwk, indelible_output/25/concatenated/1.fasta, indelible_dicts/25/leaves_1.p, indelible_dicts/25/gaps_1.p
    output: summaries/25/SICP/1.csv
    jobid: 20
    wildcards: taxon=25, method=SICP, rep=1

[Mon Feb  1 17:48:14 2021]
Finished job 20.
15 of 31 steps (48%) done
Select jobs to execute...

[Mon Feb  1 17:48:14 2021]
rule concat_summaries:
    input: summaries/25/SICP/1.csv, summaries/25/SICP/2.csv
    output: concatenated_summaries/25_SICP.csv
    jobid: 19
    wildcards: taxon=25, method=SICP

[Mon Feb  1 17:48:14 2021]
Finished job 19.
16 of 31 steps (52%) done
Select jobs to execute...

[Mon Feb  1 17:48:14 2021]
rule run_grasp:
    input: indelible_output/25/cleaned_aln/2.fasta, indelible_output/25/cleaned_N0_trees/2.nwk
    output: grasp_results/25/BEP/2, grasp_results/25/BEP/2/GRASP_ancestors.fasta, grasp_results/25/BEP/2/tree.nwk
    jobid: 13
    wildcards: taxon=25, method=BEP, rep=2

[Mon Feb  1 17:48:19 2021]
Finished job 13.
17 of 31 steps (55%) done
Select jobs to execute...

[Mon Feb  1 17:48:19 2021]
rule concat_fasta:
    input: indelible_output/25/cleaned_aln/2.fasta, grasp_results/25/SICML/2/GRASP_ancestors.fasta
    output: grasp_results/concatenated/25/SICML/2/GRASP_ancestors.fasta
    jobid: 32
    wildcards: taxon=25, method=SICML, rep=2

[Mon Feb  1 17:48:19 2021]
Finished job 32.
18 of 31 steps (58%) done
Select jobs to execute...

[Mon Feb  1 17:48:19 2021]
rule run_grasp:
    input: indelible_output/25/cleaned_aln/1.fasta, indelible_output/25/cleaned_N0_trees/1.nwk
    output: grasp_results/25/SICML/1, grasp_results/25/SICML/1/GRASP_ancestors.fasta, grasp_results/25/SICML/1/tree.nwk
    jobid: 28
    wildcards: taxon=25, method=SICML, rep=1

[Mon Feb  1 17:48:23 2021]
Finished job 28.
19 of 31 steps (61%) done
Select jobs to execute...

[Mon Feb  1 17:48:23 2021]
rule summarise_indelible:
    input: indelible_output/25/cleaned_N0_trees/1.nwk, indelible_output/25/concatenated/1.fasta, indelible_output/25/cleaned_N0_trees/1.nwk, indelible_output/25/concatenated/1.fasta, indelible_dicts/25/leaves_1.p, indelible_dicts/25/gaps_1.p
    output: indelible_summaries/25/1.csv
    jobid: 34
    wildcards: taxon=25, rep=1

[Mon Feb  1 17:48:24 2021]
Finished job 34.
20 of 31 steps (65%) done
Select jobs to execute...

[Mon Feb  1 17:48:24 2021]
rule concat_indelible_summaries:
    input: indelible_summaries/25/1.csv, indelible_summaries/25/2.csv
    output: concatenated_indelible_summaries/25.csv
    jobid: 33
    wildcards: taxon=25

[Mon Feb  1 17:48:24 2021]
Finished job 33.
21 of 31 steps (68%) done
Select jobs to execute...

[Mon Feb  1 17:48:24 2021]
rule summarise_indels:
    input: grasp_results/25/SICML/2/tree.nwk, grasp_results/concatenated/25/SICML/2/GRASP_ancestors.fasta, indelible_output/25/cleaned_N0_trees/2.nwk, indelible_output/25/concatenated/2.fasta, indelible_dicts/25/leaves_2.p, indelible_dicts/25/gaps_2.p
    output: summaries/25/SICML/2.csv
    jobid: 30
    wildcards: taxon=25, method=SICML, rep=2

[Mon Feb  1 17:48:26 2021]
Finished job 30.
22 of 31 steps (71%) done
Select jobs to execute...

[Mon Feb  1 17:48:26 2021]
rule concat_fasta:
    input: indelible_output/25/cleaned_aln/1.fasta, grasp_results/25/SICML/1/GRASP_ancestors.fasta
    output: grasp_results/concatenated/25/SICML/1/GRASP_ancestors.fasta
    jobid: 29
    wildcards: taxon=25, method=SICML, rep=1

[Mon Feb  1 17:48:26 2021]
Finished job 29.
23 of 31 steps (74%) done
Select jobs to execute...

[Mon Feb  1 17:48:26 2021]
rule concat_fasta:
    input: indelible_output/25/cleaned_aln/2.fasta, grasp_results/25/BEP/2/GRASP_ancestors.fasta
    output: grasp_results/concatenated/25/BEP/2/GRASP_ancestors.fasta
    jobid: 17
    wildcards: taxon=25, method=BEP, rep=2

[Mon Feb  1 17:48:26 2021]
Finished job 17.
24 of 31 steps (77%) done
Select jobs to execute...

[Mon Feb  1 17:48:26 2021]
rule summarise_indels:
    input: grasp_results/25/SICML/1/tree.nwk, grasp_results/concatenated/25/SICML/1/GRASP_ancestors.fasta, indelible_output/25/cleaned_N0_trees/1.nwk, indelible_output/25/concatenated/1.fasta, indelible_dicts/25/leaves_1.p, indelible_dicts/25/gaps_1.p
    output: summaries/25/SICML/1.csv
    jobid: 27
    wildcards: taxon=25, method=SICML, rep=1

[Mon Feb  1 17:48:28 2021]
Finished job 27.
25 of 31 steps (81%) done
Select jobs to execute...

[Mon Feb  1 17:48:28 2021]
rule concat_summaries:
    input: summaries/25/SICML/1.csv, summaries/25/SICML/2.csv
    output: concatenated_summaries/25_SICML.csv
    jobid: 26
    wildcards: taxon=25, method=SICML

[Mon Feb  1 17:48:28 2021]
Finished job 26.
26 of 31 steps (84%) done
Select jobs to execute...

[Mon Feb  1 17:48:28 2021]
rule summarise_indels:
    input: grasp_results/25/BEP/2/tree.nwk, grasp_results/concatenated/25/BEP/2/GRASP_ancestors.fasta, indelible_output/25/cleaned_N0_trees/2.nwk, indelible_output/25/concatenated/2.fasta, indelible_dicts/25/leaves_2.p, indelible_dicts/25/gaps_2.p
    output: summaries/25/BEP/2.csv
    jobid: 12
    wildcards: taxon=25, method=BEP, rep=2

[Mon Feb  1 17:48:29 2021]
Finished job 12.
27 of 31 steps (87%) done
Select jobs to execute...

[Mon Feb  1 17:48:29 2021]
rule concat_summaries:
    input: summaries/25/BEP/1.csv, summaries/25/BEP/2.csv
    output: concatenated_summaries/25_BEP.csv
    jobid: 3
    wildcards: taxon=25, method=BEP

[Mon Feb  1 17:48:29 2021]
Finished job 3.
28 of 31 steps (90%) done
Select jobs to execute...

[Mon Feb  1 17:48:29 2021]
rule generate_output_dict:
    input: concatenated_summaries/25_BEP.csv, concatenated_summaries/25_SICP.csv, concatenated_summaries/25_SICML.csv, concatenated_indelible_summaries/25.csv
    output: output_dicts/output.p
    jobid: 2

[Mon Feb  1 17:48:34 2021]
Finished job 2.
29 of 31 steps (94%) done
Select jobs to execute...

[Mon Feb  1 17:48:34 2021]
rule generate_latex:
    input: output_dicts/output.p
    output: plots/plot.tex
    jobid: 1

[Mon Feb  1 17:48:35 2021]
Finished job 1.
30 of 31 steps (97%) done
Select jobs to execute...

[Mon Feb  1 17:48:35 2021]
rule compile_latex:
    input: plots/plot.tex
    output: plots/plot.pdf
    jobid: 0

[Mon Feb  1 17:48:37 2021]
Finished job 0.
31 of 31 steps (100%) done
Complete log: /Users/gabefoley/Dropbox/PhD/20210121_Indel_Evaluation_Project/Indel_Evaluation_Snakemake/.snakemake/log/2021-02-01T174746.913638.snakemake.log
