Building DAG of jobs...
Using shell: /bin/bash
Provided cores: 1 (use --cores to define parallelism)
Rules claiming more threads will be scaled down.
Job counts:
	count	jobs
	1	clean_fasta
	1	concat_fasta
	1	create_control_files
	1	run_grasp
	1	run_indelible
	1	summarise_indels
	6
Select jobs to execute...

[Thu Jan 28 14:02:24 2021]
rule create_control_files:
    output: indelible/5_control.txt
    jobid: 4
    wildcards: taxon=5

[Thu Jan 28 14:02:24 2021]
Finished job 4.
1 of 6 steps (17%) done
Select jobs to execute...

[Thu Jan 28 14:02:24 2021]
rule run_indelible:
    input: indelible/5_control.txt
    output: indelible_output/5/cleaned_trees/5_tree_1.nwk, indelible_output/5/5_TRUE_1.fasta
    jobid: 3
    wildcards: taxon=5, rep=1

[Thu Jan 28 14:02:25 2021]
Finished job 3.
2 of 6 steps (33%) done
Select jobs to execute...

[Thu Jan 28 14:02:25 2021]
rule clean_fasta:
    input: indelible_output/5/5_TRUE_1.fasta
    output: indelible_output/5/cleaned_aln/5_TRUE_1.fasta
    jobid: 2
    wildcards: taxon=5, rep=1

[Thu Jan 28 14:02:25 2021]
Finished job 2.
3 of 6 steps (50%) done
Select jobs to execute...

[Thu Jan 28 14:02:25 2021]
rule run_grasp:
    input: indelible_output/5/cleaned_aln/5_TRUE_1.fasta, indelible_output/5/cleaned_trees/5_tree_1.nwk
    output: grasp_results/5/ancestors/BEP/5_output_1/5_output_1, grasp_results/5/ancestors/BEP/5_output_1/5_output_1.fasta, grasp_results/5/ancestors/BEP/5_output_1/5_output_1.nwk
    jobid: 1
    wildcards: taxon=5, method=BEP/5_output_1, rep=1

[Thu Jan 28 14:02:26 2021]
Error in rule run_grasp:
    jobid: 1
    output: grasp_results/5/ancestors/BEP/5_output_1/5_output_1, grasp_results/5/ancestors/BEP/5_output_1/5_output_1.fasta, grasp_results/5/ancestors/BEP/5_output_1/5_output_1.nwk
    shell:
        grasp -aln indelible_output/5/cleaned_aln/5_TRUE_1.fasta -nwk indelible_output/5/cleaned_trees/5_tree_1.nwk -model LG -out grasp_results/5/ancestors/BEP/5_output_1/5_output_1 -savetree grasp_results/5/ancestors/BEP/5_output_1/5_output_1  -indel BEP/5_output_1 -inf joint -gap
        (one of the commands exited with non-zero exit code; note that snakemake uses bash strict mode!)

Shutting down, this might take some time.
Exiting because a job execution failed. Look above for error message
Complete log: /Users/gabefoley/Dropbox/PhD/20210121_Indel_Evaluation_Project/Indel_Evaluation_Snakemake/.snakemake/log/2021-01-28T140224.090138.snakemake.log
