Building DAG of jobs...
Using shell: /bin/bash
Provided cores: 1 (use --cores to define parallelism)
Rules claiming more threads will be scaled down.
Job counts:
	count	jobs
	16	clean_fastml_ml
	16	clean_fastml_parsimony
	16	clean_indelible
	1	compile_latex
	16	concat_fasta
	4	concat_fastml__ml_summaries
	4	concat_fastml_summaries
	16	concat_indelible
	4	concat_indelible_summaries
	4	concat_summaries
	4	create_control_files
	1	generate_latex
	1	generate_output_dict
	16	get_indelible_dict
	16	run_fastml
	16	run_grasp
	16	run_indelible
	16	summarise_fastml_ml_indels
	16	summarise_fastml_parsimony_indels
	16	summarise_indelible
	16	summarise_indels
	231
Select jobs to execute...

[Mon Mar  1 16:05:12 2021]
rule create_control_files:
    output: indelible/10_control.txt
    jobid: 8
    wildcards: taxon=10

[Mon Mar  1 16:05:13 2021]
Finished job 8.
1 of 231 steps (0.43%) done
Select jobs to execute...

[Mon Mar  1 16:05:13 2021]
rule run_indelible:
    input: indelible/10_control.txt
    output: indelible_output/10/trees/1.nwk, indelible_output/10/10_TRUE_1.fasta, indelible_output/10/10_ANCESTRAL_1.fasta, indelible_output/10/N0_trees/1.nwk
    jobid: 7
    wildcards: taxon=10, rep=1

[Mon Mar  1 16:05:14 2021]
Finished job 7.
2 of 231 steps (0.87%) done
Select jobs to execute...

[Mon Mar  1 16:05:14 2021]
rule create_control_files:
    output: indelible/50_control.txt
    jobid: 98
    wildcards: taxon=50

[Mon Mar  1 16:05:15 2021]
Finished job 98.
3 of 231 steps (1%) done
Select jobs to execute...

[Mon Mar  1 16:05:15 2021]
rule run_indelible:
    input: indelible/50_control.txt
    output: indelible_output/50/trees/4.nwk, indelible_output/50/50_TRUE_4.fasta, indelible_output/50/50_ANCESTRAL_4.fasta, indelible_output/50/N0_trees/4.nwk
    jobid: 119
    wildcards: taxon=50, rep=4

[Mon Mar  1 16:05:16 2021]
Finished job 119.
4 of 231 steps (2%) done
Select jobs to execute...

[Mon Mar  1 16:05:16 2021]
rule run_indelible:
    input: indelible/50_control.txt
    output: indelible_output/50/trees/3.nwk, indelible_output/50/50_TRUE_3.fasta, indelible_output/50/50_ANCESTRAL_3.fasta, indelible_output/50/N0_trees/3.nwk
    jobid: 112
    wildcards: taxon=50, rep=3

Warning: the following output files of rule run_indelible were not present when the DAG was created:
{'indelible_output/50/50_TRUE_3.fasta', 'indelible_output/50/50_ANCESTRAL_3.fasta', 'indelible_output/50/N0_trees/3.nwk'}
[Mon Mar  1 16:05:17 2021]
Finished job 112.
5 of 231 steps (2%) done
Select jobs to execute...

[Mon Mar  1 16:05:17 2021]
rule create_control_files:
    output: indelible/30_control.txt
    jobid: 68
    wildcards: taxon=30

[Mon Mar  1 16:05:17 2021]
Finished job 68.
6 of 231 steps (3%) done
Select jobs to execute...

[Mon Mar  1 16:05:17 2021]
rule run_indelible:
    input: indelible/30_control.txt
    output: indelible_output/30/trees/1.nwk, indelible_output/30/30_TRUE_1.fasta, indelible_output/30/30_ANCESTRAL_1.fasta, indelible_output/30/N0_trees/1.nwk
    jobid: 67
    wildcards: taxon=30, rep=1

[Mon Mar  1 16:05:18 2021]
Finished job 67.
7 of 231 steps (3%) done
Select jobs to execute...

[Mon Mar  1 16:05:18 2021]
rule concat_indelible:
    input: indelible_output/50/50_TRUE_4.fasta, indelible_output/50/50_ANCESTRAL_4.fasta
    output: indelible_output/50/concatenated/50_4.fasta
    jobid: 120
    wildcards: taxon=50, rep=4

[Mon Mar  1 16:05:19 2021]
Finished job 120.
8 of 231 steps (3%) done
Select jobs to execute...

[Mon Mar  1 16:05:19 2021]
rule concat_indelible:
    input: indelible_output/50/50_TRUE_3.fasta, indelible_output/50/50_ANCESTRAL_3.fasta
    output: indelible_output/50/concatenated/50_3.fasta
    jobid: 113
    wildcards: taxon=50, rep=3

[Mon Mar  1 16:05:19 2021]
Finished job 113.
9 of 231 steps (4%) done
Select jobs to execute...

[Mon Mar  1 16:05:19 2021]
rule concat_indelible:
    input: indelible_output/30/30_TRUE_1.fasta, indelible_output/30/30_ANCESTRAL_1.fasta
    output: indelible_output/30/concatenated/30_1.fasta
    jobid: 69
    wildcards: taxon=30, rep=1

[Mon Mar  1 16:05:19 2021]
Finished job 69.
10 of 231 steps (4%) done
Select jobs to execute...

[Mon Mar  1 16:05:19 2021]
rule run_indelible:
    input: indelible/50_control.txt
    output: indelible_output/50/trees/1.nwk, indelible_output/50/50_TRUE_1.fasta, indelible_output/50/50_ANCESTRAL_1.fasta, indelible_output/50/N0_trees/1.nwk
    jobid: 97
    wildcards: taxon=50, rep=1

Warning: the following output files of rule run_indelible were not present when the DAG was created:
{'indelible_output/50/N0_trees/1.nwk', 'indelible_output/50/50_ANCESTRAL_1.fasta', 'indelible_output/50/50_TRUE_1.fasta'}
[Mon Mar  1 16:05:20 2021]
Finished job 97.
11 of 231 steps (5%) done
Select jobs to execute...

[Mon Mar  1 16:05:20 2021]
rule concat_indelible:
    input: indelible_output/10/10_TRUE_1.fasta, indelible_output/10/10_ANCESTRAL_1.fasta
    output: indelible_output/10/concatenated/10_1.fasta
    jobid: 9
    wildcards: taxon=10, rep=1

[Mon Mar  1 16:05:20 2021]
Finished job 9.
12 of 231 steps (5%) done
Select jobs to execute...

[Mon Mar  1 16:05:20 2021]
rule clean_indelible:
    input: indelible_output/50/N0_trees/3.nwk, indelible_output/50/concatenated/50_3.fasta
    output: indelible_output/50/cleaned_aln/3.fasta, indelible_output/50/concatenated/3.fasta, indelible_output/50/cleaned_trees/3.nwk, indelible_output/50/cleaned_N0_trees/3.nwk, indelible_output/50/cleaned_no_internal_trees/3.nwk
    jobid: 111
    wildcards: taxon=50, rep=3

[Mon Mar  1 16:05:21 2021]
Finished job 111.
13 of 231 steps (6%) done
Select jobs to execute...

[Mon Mar  1 16:05:21 2021]
rule run_indelible:
    input: indelible/10_control.txt
    output: indelible_output/10/trees/2.nwk, indelible_output/10/10_TRUE_2.fasta, indelible_output/10/10_ANCESTRAL_2.fasta, indelible_output/10/N0_trees/2.nwk
    jobid: 15
    wildcards: taxon=10, rep=2

Warning: the following output files of rule run_indelible were not present when the DAG was created:
{'indelible_output/10/10_TRUE_2.fasta', 'indelible_output/10/N0_trees/2.nwk', 'indelible_output/10/10_ANCESTRAL_2.fasta'}
[Mon Mar  1 16:05:22 2021]
Finished job 15.
14 of 231 steps (6%) done
Select jobs to execute...

[Mon Mar  1 16:05:22 2021]
rule clean_indelible:
    input: indelible_output/10/N0_trees/1.nwk, indelible_output/10/concatenated/10_1.fasta
    output: indelible_output/10/cleaned_aln/1.fasta, indelible_output/10/concatenated/1.fasta, indelible_output/10/cleaned_trees/1.nwk, indelible_output/10/cleaned_N0_trees/1.nwk, indelible_output/10/cleaned_no_internal_trees/1.nwk
    jobid: 6
    wildcards: taxon=10, rep=1

[Mon Mar  1 16:05:23 2021]
Finished job 6.
15 of 231 steps (6%) done
Select jobs to execute...

[Mon Mar  1 16:05:23 2021]
rule run_grasp:
    input: indelible_output/10/cleaned_aln/1.fasta, indelible_output/10/cleaned_N0_trees/1.nwk
    output: grasp_results/10/BEML/1, grasp_results/10/BEML/1/GRASP_ancestors.fasta, grasp_results/10/BEML/1/GRASP_ancestors.nwk
    jobid: 5
    wildcards: taxon=10, method=BEML, rep=1

[Mon Mar  1 16:05:24 2021]
Finished job 5.
16 of 231 steps (7%) done
Select jobs to execute...

[Mon Mar  1 16:05:24 2021]
rule run_indelible:
    input: indelible/30_control.txt
    output: indelible_output/30/trees/4.nwk, indelible_output/30/30_TRUE_4.fasta, indelible_output/30/30_ANCESTRAL_4.fasta, indelible_output/30/N0_trees/4.nwk
    jobid: 89
    wildcards: taxon=30, rep=4

Warning: the following output files of rule run_indelible were not present when the DAG was created:
{'indelible_output/30/30_ANCESTRAL_4.fasta', 'indelible_output/30/30_TRUE_4.fasta', 'indelible_output/30/N0_trees/4.nwk'}
[Mon Mar  1 16:05:25 2021]
Finished job 89.
17 of 231 steps (7%) done
Select jobs to execute...

[Mon Mar  1 16:05:25 2021]
rule concat_indelible:
    input: indelible_output/30/30_TRUE_4.fasta, indelible_output/30/30_ANCESTRAL_4.fasta
    output: indelible_output/30/concatenated/30_4.fasta
    jobid: 90
    wildcards: taxon=30, rep=4

[Mon Mar  1 16:05:25 2021]
Finished job 90.
18 of 231 steps (8%) done
Select jobs to execute...

[Mon Mar  1 16:05:25 2021]
rule run_fastml:
    input: indelible_output/50/cleaned_aln/3.fasta, indelible_output/50/cleaned_no_internal_trees/3.nwk
    output: fastml_results/50/3/seq.marginal_Chars_ParsimonyIndels.txt, fastml_results/50/3/seq.marginal_IndelAndChars.txt, fastml_results/50/3/tree.newick.txt, fastml_results/50/3
    jobid: 171
    wildcards: taxon=50, rep=3

[Mon Mar  1 16:08:09 2021]
Finished job 171.
19 of 231 steps (8%) done
Select jobs to execute...

[Mon Mar  1 16:08:09 2021]
rule clean_fastml_parsimony:
    input: fastml_results/50/3/seq.marginal_Chars_ParsimonyIndels.txt, fastml_results/50/3/tree.newick.txt
    output: fastml_results_parsimony/50/concatenated/3/FastML_ancestors.fasta, fastml_results_parsimony/50/cleaned_trees/3/tree.nwk, fastml_results_parsimony/50/cleaned_N0_trees/3/tree.nwk
    jobid: 170
    wildcards: taxon=50, rep=3

[Mon Mar  1 16:08:11 2021]
Finished job 170.
20 of 231 steps (9%) done
Select jobs to execute...

[Mon Mar  1 16:08:11 2021]
rule get_indelible_dict:
    input: indelible_output/10/concatenated/1.fasta, indelible_output/10/cleaned_N0_trees/1.nwk
    output: indelible_dicts/10/leaves_1.p, indelible_dicts/10/gaps_1.p
    jobid: 11
    wildcards: taxon=10, rep=1

[Mon Mar  1 16:08:12 2021]
Finished job 11.
21 of 231 steps (9%) done
Select jobs to execute...

[Mon Mar  1 16:08:12 2021]
rule run_fastml:
    input: indelible_output/10/cleaned_aln/1.fasta, indelible_output/10/cleaned_no_internal_trees/1.nwk
    output: fastml_results/10/1/seq.marginal_Chars_ParsimonyIndels.txt, fastml_results/10/1/seq.marginal_IndelAndChars.txt, fastml_results/10/1/tree.newick.txt, fastml_results/10/1
    jobid: 126
    wildcards: taxon=10, rep=1

[Mon Mar  1 16:08:16 2021]
Finished job 126.
22 of 231 steps (10%) done
Select jobs to execute...

[Mon Mar  1 16:08:16 2021]
rule clean_fastml_parsimony:
    input: fastml_results/10/1/seq.marginal_Chars_ParsimonyIndels.txt, fastml_results/10/1/tree.newick.txt
    output: fastml_results_parsimony/10/concatenated/1/FastML_ancestors.fasta, fastml_results_parsimony/10/cleaned_trees/1/tree.nwk, fastml_results_parsimony/10/cleaned_N0_trees/1/tree.nwk
    jobid: 125
    wildcards: taxon=10, rep=1

[Mon Mar  1 16:08:18 2021]
Finished job 125.
23 of 231 steps (10%) done
Select jobs to execute...

[Mon Mar  1 16:08:18 2021]
rule clean_fastml_ml:
    input: fastml_results/10/1/seq.marginal_IndelAndChars.txt, fastml_results/10/1/tree.newick.txt
    output: fastml_results_ml/10/concatenated/1/FastML_ancestors.fasta, fastml_results_ml/10/cleaned_trees/1/tree.nwk, fastml_results_ml/10/cleaned_N0_trees/1/tree.nwk
    jobid: 177
    wildcards: taxon=10, rep=1

[Mon Mar  1 16:08:19 2021]
Finished job 177.
24 of 231 steps (10%) done
Select jobs to execute...

[Mon Mar  1 16:08:19 2021]
rule concat_indelible:
    input: indelible_output/10/10_TRUE_2.fasta, indelible_output/10/10_ANCESTRAL_2.fasta
    output: indelible_output/10/concatenated/10_2.fasta
    jobid: 16
    wildcards: taxon=10, rep=2

[Mon Mar  1 16:08:19 2021]
Finished job 16.
25 of 231 steps (11%) done
Select jobs to execute...

[Mon Mar  1 16:08:19 2021]
rule clean_indelible:
    input: indelible_output/10/N0_trees/2.nwk, indelible_output/10/concatenated/10_2.fasta
    output: indelible_output/10/cleaned_aln/2.fasta, indelible_output/10/concatenated/2.fasta, indelible_output/10/cleaned_trees/2.nwk, indelible_output/10/cleaned_N0_trees/2.nwk, indelible_output/10/cleaned_no_internal_trees/2.nwk
    jobid: 14
    wildcards: taxon=10, rep=2

[Mon Mar  1 16:08:20 2021]
Finished job 14.
26 of 231 steps (11%) done
Select jobs to execute...

[Mon Mar  1 16:08:20 2021]
rule run_indelible:
    input: indelible/30_control.txt
    output: indelible_output/30/trees/3.nwk, indelible_output/30/30_TRUE_3.fasta, indelible_output/30/30_ANCESTRAL_3.fasta, indelible_output/30/N0_trees/3.nwk
    jobid: 82
    wildcards: taxon=30, rep=3

Warning: the following output files of rule run_indelible were not present when the DAG was created:
{'indelible_output/30/30_ANCESTRAL_3.fasta', 'indelible_output/30/30_TRUE_3.fasta', 'indelible_output/30/N0_trees/3.nwk'}
[Mon Mar  1 16:08:22 2021]
Finished job 82.
27 of 231 steps (12%) done
Select jobs to execute...

[Mon Mar  1 16:08:22 2021]
rule concat_indelible:
    input: indelible_output/50/50_TRUE_1.fasta, indelible_output/50/50_ANCESTRAL_1.fasta
    output: indelible_output/50/concatenated/50_1.fasta
    jobid: 99
    wildcards: taxon=50, rep=1

[Mon Mar  1 16:08:22 2021]
Finished job 99.
28 of 231 steps (12%) done
Select jobs to execute...

[Mon Mar  1 16:08:22 2021]
rule run_grasp:
    input: indelible_output/50/cleaned_aln/3.fasta, indelible_output/50/cleaned_N0_trees/3.nwk
    output: grasp_results/50/BEML/3, grasp_results/50/BEML/3/GRASP_ancestors.fasta, grasp_results/50/BEML/3/GRASP_ancestors.nwk
    jobid: 110
    wildcards: taxon=50, method=BEML, rep=3

[Mon Mar  1 16:08:26 2021]
Finished job 110.
29 of 231 steps (13%) done
Select jobs to execute...

[Mon Mar  1 16:08:26 2021]
rule run_fastml:
    input: indelible_output/10/cleaned_aln/2.fasta, indelible_output/10/cleaned_no_internal_trees/2.nwk
    output: fastml_results/10/2/seq.marginal_Chars_ParsimonyIndels.txt, fastml_results/10/2/seq.marginal_IndelAndChars.txt, fastml_results/10/2/tree.newick.txt, fastml_results/10/2
    jobid: 129
    wildcards: taxon=10, rep=2

[Mon Mar  1 16:08:32 2021]
Finished job 129.
30 of 231 steps (13%) done
Select jobs to execute...

[Mon Mar  1 16:08:32 2021]
rule run_indelible:
    input: indelible/10_control.txt
    output: indelible_output/10/trees/4.nwk, indelible_output/10/10_TRUE_4.fasta, indelible_output/10/10_ANCESTRAL_4.fasta, indelible_output/10/N0_trees/4.nwk
    jobid: 29
    wildcards: taxon=10, rep=4

Warning: the following output files of rule run_indelible were not present when the DAG was created:
{'indelible_output/10/N0_trees/4.nwk', 'indelible_output/10/10_ANCESTRAL_4.fasta', 'indelible_output/10/10_TRUE_4.fasta'}
[Mon Mar  1 16:08:34 2021]
Finished job 29.
31 of 231 steps (13%) done
Select jobs to execute...

[Mon Mar  1 16:08:34 2021]
rule run_indelible:
    input: indelible/30_control.txt
    output: indelible_output/30/trees/2.nwk, indelible_output/30/30_TRUE_2.fasta, indelible_output/30/30_ANCESTRAL_2.fasta, indelible_output/30/N0_trees/2.nwk
    jobid: 75
    wildcards: taxon=30, rep=2

Warning: the following output files of rule run_indelible were not present when the DAG was created:
{'indelible_output/30/N0_trees/2.nwk', 'indelible_output/30/30_TRUE_2.fasta', 'indelible_output/30/30_ANCESTRAL_2.fasta'}
[Mon Mar  1 16:08:35 2021]
Finished job 75.
32 of 231 steps (14%) done
Select jobs to execute...

[Mon Mar  1 16:08:35 2021]
rule clean_indelible:
    input: indelible_output/50/N0_trees/1.nwk, indelible_output/50/concatenated/50_1.fasta
    output: indelible_output/50/cleaned_aln/1.fasta, indelible_output/50/concatenated/1.fasta, indelible_output/50/cleaned_trees/1.nwk, indelible_output/50/cleaned_N0_trees/1.nwk, indelible_output/50/cleaned_no_internal_trees/1.nwk
    jobid: 96
    wildcards: taxon=50, rep=1

[Mon Mar  1 16:08:36 2021]
Finished job 96.
33 of 231 steps (14%) done
Select jobs to execute...

[Mon Mar  1 16:08:36 2021]
rule clean_indelible:
    input: indelible_output/30/N0_trees/4.nwk, indelible_output/30/concatenated/30_4.fasta
    output: indelible_output/30/cleaned_aln/4.fasta, indelible_output/30/concatenated/4.fasta, indelible_output/30/cleaned_trees/4.nwk, indelible_output/30/cleaned_N0_trees/4.nwk, indelible_output/30/cleaned_no_internal_trees/4.nwk
    jobid: 88
    wildcards: taxon=30, rep=4

[Mon Mar  1 16:08:37 2021]
Finished job 88.
34 of 231 steps (15%) done
Select jobs to execute...

[Mon Mar  1 16:08:37 2021]
rule get_indelible_dict:
    input: indelible_output/50/concatenated/3.fasta, indelible_output/50/cleaned_N0_trees/3.nwk
    output: indelible_dicts/50/leaves_3.p, indelible_dicts/50/gaps_3.p
    jobid: 115
    wildcards: taxon=50, rep=3

[Mon Mar  1 16:08:39 2021]
Finished job 115.
35 of 231 steps (15%) done
Select jobs to execute...

[Mon Mar  1 16:08:39 2021]
rule summarise_indelible:
    input: indelible_output/10/cleaned_N0_trees/1.nwk, indelible_output/10/concatenated/1.fasta, indelible_output/10/cleaned_N0_trees/1.nwk, indelible_output/10/concatenated/1.fasta, indelible_dicts/10/leaves_1.p, indelible_dicts/10/gaps_1.p
    output: indelible_summaries/10/1.csv
    jobid: 212
    wildcards: taxon=10, rep=1

[Mon Mar  1 16:08:40 2021]
Finished job 212.
36 of 231 steps (16%) done
Select jobs to execute...

[Mon Mar  1 16:08:40 2021]
rule run_indelible:
    input: indelible/10_control.txt
    output: indelible_output/10/trees/3.nwk, indelible_output/10/10_TRUE_3.fasta, indelible_output/10/10_ANCESTRAL_3.fasta, indelible_output/10/N0_trees/3.nwk
    jobid: 22
    wildcards: taxon=10, rep=3

Warning: the following output files of rule run_indelible were not present when the DAG was created:
{'indelible_output/10/N0_trees/3.nwk', 'indelible_output/10/10_TRUE_3.fasta', 'indelible_output/10/10_ANCESTRAL_3.fasta'}
[Mon Mar  1 16:08:41 2021]
Finished job 22.
37 of 231 steps (16%) done
Select jobs to execute...

[Mon Mar  1 16:08:41 2021]
rule concat_indelible:
    input: indelible_output/10/10_TRUE_3.fasta, indelible_output/10/10_ANCESTRAL_3.fasta
    output: indelible_output/10/concatenated/10_3.fasta
    jobid: 23
    wildcards: taxon=10, rep=3

[Mon Mar  1 16:08:41 2021]
Finished job 23.
38 of 231 steps (16%) done
Select jobs to execute...

[Mon Mar  1 16:08:41 2021]
rule clean_indelible:
    input: indelible_output/10/N0_trees/3.nwk, indelible_output/10/concatenated/10_3.fasta
    output: indelible_output/10/cleaned_aln/3.fasta, indelible_output/10/concatenated/3.fasta, indelible_output/10/cleaned_trees/3.nwk, indelible_output/10/cleaned_N0_trees/3.nwk, indelible_output/10/cleaned_no_internal_trees/3.nwk
    jobid: 21
    wildcards: taxon=10, rep=3

[Mon Mar  1 16:08:42 2021]
Finished job 21.
39 of 231 steps (17%) done
Select jobs to execute...

[Mon Mar  1 16:08:42 2021]
rule run_fastml:
    input: indelible_output/50/cleaned_aln/1.fasta, indelible_output/50/cleaned_no_internal_trees/1.nwk
    output: fastml_results/50/1/seq.marginal_Chars_ParsimonyIndels.txt, fastml_results/50/1/seq.marginal_IndelAndChars.txt, fastml_results/50/1/tree.newick.txt, fastml_results/50/1
    jobid: 165
    wildcards: taxon=50, rep=1

Terminating processes on user request, this might take some time.
Waiting at most 10 seconds for missing files.
Cancelling snakemake on user request.
