Building DAG of jobs...
Using shell: /bin/bash
Provided cores: 1 (use --cores to define parallelism)
Rules claiming more threads will be scaled down.
Job counts:
	count	jobs
	18	clean_indelible
	1	compile_latex
	18	concat_fasta
	18	concat_indelible
	9	concat_indelible_summaries
	9	concat_summaries
	9	create_control_files
	1	generate_latex
	1	generate_output_dict
	18	get_indelible_dict
	18	run_grasp
	18	run_indelible
	18	summarise_indelible
	18	summarise_indels
	174
Select jobs to execute...

[Wed Feb 17 10:54:59 2021]
rule create_control_files:
    output: indelible/800_control.txt
    jobid: 136
    wildcards: taxon=800

[Wed Feb 17 10:55:00 2021]
Finished job 136.
1 of 174 steps (0.57%) done
Select jobs to execute...

[Wed Feb 17 10:55:00 2021]
rule run_indelible:
    input: indelible/800_control.txt
    output: indelible_output/800/trees/1.nwk, indelible_output/800/800_TRUE_1.fasta, indelible_output/800/800_ANCESTRAL_1.fasta, indelible_output/800/N0_trees/1.nwk
    jobid: 135
    wildcards: taxon=800, rep=1

[Wed Feb 17 10:55:02 2021]
Finished job 135.
2 of 174 steps (1%) done
Select jobs to execute...

[Wed Feb 17 10:55:02 2021]
rule create_control_files:
    output: indelible/100_control.txt
    jobid: 104
    wildcards: taxon=100

[Wed Feb 17 10:55:02 2021]
Finished job 104.
3 of 174 steps (2%) done
Select jobs to execute...

[Wed Feb 17 10:55:02 2021]
rule create_control_files:
    output: indelible/50_control.txt
    jobid: 72
    wildcards: taxon=50

[Wed Feb 17 10:55:03 2021]
Finished job 72.
4 of 174 steps (2%) done
Select jobs to execute...

[Wed Feb 17 10:55:03 2021]
rule run_indelible:
    input: indelible/100_control.txt
    output: indelible_output/100/trees/1.nwk, indelible_output/100/100_TRUE_1.fasta, indelible_output/100/100_ANCESTRAL_1.fasta, indelible_output/100/N0_trees/1.nwk
    jobid: 103
    wildcards: taxon=100, rep=1

[Wed Feb 17 10:55:04 2021]
Finished job 103.
5 of 174 steps (3%) done
Select jobs to execute...

[Wed Feb 17 10:55:04 2021]
rule create_control_files:
    output: indelible/5_control.txt
    jobid: 8
    wildcards: taxon=5

[Wed Feb 17 10:55:04 2021]
Finished job 8.
6 of 174 steps (3%) done
Select jobs to execute...

[Wed Feb 17 10:55:04 2021]
rule create_control_files:
    output: indelible/20_control.txt
    jobid: 40
    wildcards: taxon=20

[Wed Feb 17 10:55:05 2021]
Finished job 40.
7 of 174 steps (4%) done
Select jobs to execute...

[Wed Feb 17 10:55:05 2021]
rule run_indelible:
    input: indelible/50_control.txt
    output: indelible_output/50/trees/1.nwk, indelible_output/50/50_TRUE_1.fasta, indelible_output/50/50_ANCESTRAL_1.fasta, indelible_output/50/N0_trees/1.nwk
    jobid: 71
    wildcards: taxon=50, rep=1

[Wed Feb 17 10:55:06 2021]
Finished job 71.
8 of 174 steps (5%) done
Select jobs to execute...

[Wed Feb 17 10:55:06 2021]
rule run_indelible:
    input: indelible/5_control.txt
    output: indelible_output/5/trees/2.nwk, indelible_output/5/5_TRUE_2.fasta, indelible_output/5/5_ANCESTRAL_2.fasta, indelible_output/5/N0_trees/2.nwk
    jobid: 15
    wildcards: taxon=5, rep=2

Terminating processes on user request, this might take some time.
[Wed Feb 17 10:55:06 2021]
Error in rule run_indelible:
    jobid: 15
    output: indelible_output/5/trees/2.nwk, indelible_output/5/5_TRUE_2.fasta, indelible_output/5/5_ANCESTRAL_2.fasta, indelible_output/5/N0_trees/2.nwk

RuleException:
CalledProcessError in line 26 of /Users/gabefoley/Dropbox/PhD/20210121_Indel_Evaluation_Project/Indel_Evaluation_Snakemake/Snakefile:
Command 'set -euo pipefail;  /Users/gabefoley/miniconda3_latest/envs/indel_snakemake/bin/python3.9 /Users/gabefoley/Dropbox/PhD/20210121_Indel_Evaluation_Project/Indel_Evaluation_Snakemake/.snakemake/scripts/tmpjvj8lvqe.run_indelible.py' died with <Signals.SIGINT: 2>.
  File "/Users/gabefoley/miniconda3_latest/envs/indel_snakemake/lib/python3.9/site-packages/snakemake/executors/__init__.py", line 2319, in run_wrapper
  File "/Users/gabefoley/Dropbox/PhD/20210121_Indel_Evaluation_Project/Indel_Evaluation_Snakemake/Snakefile", line 26, in __rule_run_indelible
  File "/Users/gabefoley/miniconda3_latest/envs/indel_snakemake/lib/python3.9/site-packages/snakemake/executors/__init__.py", line 568, in _callback
  File "/Users/gabefoley/miniconda3_latest/envs/indel_snakemake/lib/python3.9/concurrent/futures/thread.py", line 52, in run
  File "/Users/gabefoley/miniconda3_latest/envs/indel_snakemake/lib/python3.9/site-packages/snakemake/executors/__init__.py", line 554, in cached_or_run
  File "/Users/gabefoley/miniconda3_latest/envs/indel_snakemake/lib/python3.9/site-packages/snakemake/executors/__init__.py", line 2350, in run_wrapper
Complete log: /Users/gabefoley/Dropbox/PhD/20210121_Indel_Evaluation_Project/Indel_Evaluation_Snakemake/.snakemake/log/2021-02-17T105459.538624.snakemake.log
