Building DAG of jobs...
Using shell: /bin/bash
Provided cores: 1 (use --cores to define parallelism)
Rules claiming more threads will be scaled down.
Job counts:
	count	jobs
	2	clean_fastml
	2	clean_indelible
	1	compile_latex
	6	concat_fasta
	1	concat_fastml_summaries
	2	concat_indelible
	1	concat_indelible_summaries
	3	concat_summaries
	1	generate_latex
	1	generate_output_dict
	2	get_indelible_dict
	2	run_fastml
	6	run_grasp
	2	summarise_fastml_indels
	2	summarise_indelible
	6	summarise_indels
	40
Select jobs to execute...

[Tue Feb  2 12:36:00 2021]
rule concat_indelible:
    input: indelible_output/6/6_TRUE_1.fasta, indelible_output/6/6_ANCESTRAL_1.fasta
    output: indelible_output/6/concatenated/6_1.fasta
    jobid: 9
    wildcards: taxon=6, rep=1

[Tue Feb  2 12:36:00 2021]
Finished job 9.
1 of 40 steps (2%) done
Select jobs to execute...

[Tue Feb  2 12:36:00 2021]
rule clean_indelible:
    input: indelible_output/6/N0_trees/1.nwk, indelible_output/6/concatenated/6_1.fasta
    output: indelible_output/6/cleaned_aln/1.fasta, indelible_output/6/concatenated/1.fasta, indelible_output/6/cleaned_trees/1.nwk, indelible_output/6/cleaned_N0_trees/1.nwk, indelible_output/6/cleaned_no_internal_trees/1.nwk
    jobid: 6
    wildcards: taxon=6, rep=1

[Tue Feb  2 12:36:01 2021]
Finished job 6.
2 of 40 steps (5%) done
Select jobs to execute...

[Tue Feb  2 12:36:01 2021]
rule run_fastml:
    input: indelible_output/6/cleaned_aln/1.fasta, indelible_output/6/cleaned_no_internal_trees/1.nwk
    output: fastml_results/6/1/seq.joint.txt, fastml_results/6/1/tree.newick.txt, fastml_results/6/1
    jobid: 49
    wildcards: taxon=6, rep=1

[Tue Feb  2 12:36:05 2021]
Finished job 49.
3 of 40 steps (8%) done
Select jobs to execute...

[Tue Feb  2 12:36:05 2021]
rule clean_fastml:
    input: fastml_results/6/1/seq.joint.txt, fastml_results/6/1/tree.newick.txt
    output: fastml_results/6/concatenated/1/FastML_ancestors.fasta, fastml_results/6/cleaned_N0_trees/1/tree.nwk
    jobid: 48
    wildcards: taxon=6, rep=1

[Tue Feb  2 12:36:06 2021]
Finished job 48.
4 of 40 steps (10%) done
Select jobs to execute...

[Tue Feb  2 12:36:06 2021]
rule get_indelible_dict:
    input: indelible_output/6/concatenated/1.fasta, indelible_output/6/cleaned_N0_trees/1.nwk
    output: indelible_dicts/6/leaves_1.p, indelible_dicts/6/gaps_1.p
    jobid: 11
    wildcards: taxon=6, rep=1

[Tue Feb  2 12:36:07 2021]
Finished job 11.
5 of 40 steps (12%) done
Select jobs to execute...

[Tue Feb  2 12:36:07 2021]
rule summarise_indelible:
    input: indelible_output/6/cleaned_N0_trees/1.nwk, indelible_output/6/concatenated/1.fasta, indelible_output/6/cleaned_N0_trees/1.nwk, indelible_output/6/concatenated/1.fasta, indelible_dicts/6/leaves_1.p, indelible_dicts/6/gaps_1.p
    output: indelible_summaries/6/1.csv
    jobid: 57
    wildcards: taxon=6, rep=1

[Tue Feb  2 12:36:08 2021]
Finished job 57.
6 of 40 steps (15%) done
Select jobs to execute...

[Tue Feb  2 12:36:08 2021]
rule concat_indelible:
    input: indelible_output/6/6_TRUE_3.fasta, indelible_output/6/6_ANCESTRAL_3.fasta
    output: indelible_output/6/concatenated/6_3.fasta
    jobid: 23
    wildcards: taxon=6, rep=3

[Tue Feb  2 12:36:08 2021]
Finished job 23.
7 of 40 steps (18%) done
Select jobs to execute...

[Tue Feb  2 12:36:08 2021]
rule run_grasp:
    input: indelible_output/6/cleaned_aln/1.fasta, indelible_output/6/cleaned_N0_trees/1.nwk
    output: grasp_results/6/BEP/1, grasp_results/6/BEP/1/GRASP_ancestors.fasta, grasp_results/6/BEP/1/tree.nwk
    jobid: 5
    wildcards: taxon=6, method=BEP, rep=1

[Tue Feb  2 12:36:09 2021]
Finished job 5.
8 of 40 steps (20%) done
Select jobs to execute...

[Tue Feb  2 12:36:09 2021]
rule run_grasp:
    input: indelible_output/6/cleaned_aln/1.fasta, indelible_output/6/cleaned_N0_trees/1.nwk
    output: grasp_results/6/SICML/1, grasp_results/6/SICML/1/GRASP_ancestors.fasta, grasp_results/6/SICML/1/tree.nwk
    jobid: 38
    wildcards: taxon=6, method=SICML, rep=1

[Tue Feb  2 12:36:10 2021]
Finished job 38.
9 of 40 steps (22%) done
Select jobs to execute...

[Tue Feb  2 12:36:11 2021]
rule concat_fasta:
    input: indelible_output/6/cleaned_aln/1.fasta, grasp_results/6/SICML/1/GRASP_ancestors.fasta
    output: grasp_results/concatenated/6/SICML/1/GRASP_ancestors.fasta
    jobid: 39
    wildcards: taxon=6, method=SICML, rep=1

[Tue Feb  2 12:36:11 2021]
Finished job 39.
10 of 40 steps (25%) done
Select jobs to execute...

[Tue Feb  2 12:36:11 2021]
rule clean_indelible:
    input: indelible_output/6/N0_trees/3.nwk, indelible_output/6/concatenated/6_3.fasta
    output: indelible_output/6/cleaned_aln/3.fasta, indelible_output/6/concatenated/3.fasta, indelible_output/6/cleaned_trees/3.nwk, indelible_output/6/cleaned_N0_trees/3.nwk, indelible_output/6/cleaned_no_internal_trees/3.nwk
    jobid: 21
    wildcards: taxon=6, rep=3

[Tue Feb  2 12:36:12 2021]
Finished job 21.
11 of 40 steps (28%) done
Select jobs to execute...

[Tue Feb  2 12:36:12 2021]
rule run_grasp:
    input: indelible_output/6/cleaned_aln/3.fasta, indelible_output/6/cleaned_N0_trees/3.nwk
    output: grasp_results/6/SICML/3, grasp_results/6/SICML/3/GRASP_ancestors.fasta, grasp_results/6/SICML/3/tree.nwk
    jobid: 44
    wildcards: taxon=6, method=SICML, rep=3

[Tue Feb  2 12:36:13 2021]
Finished job 44.
12 of 40 steps (30%) done
Select jobs to execute...

[Tue Feb  2 12:36:13 2021]
rule get_indelible_dict:
    input: indelible_output/6/concatenated/3.fasta, indelible_output/6/cleaned_N0_trees/3.nwk
    output: indelible_dicts/6/leaves_3.p, indelible_dicts/6/gaps_3.p
    jobid: 25
    wildcards: taxon=6, rep=3

[Tue Feb  2 12:36:14 2021]
Finished job 25.
13 of 40 steps (32%) done
Select jobs to execute...

[Tue Feb  2 12:36:14 2021]
rule summarise_indelible:
    input: indelible_output/6/cleaned_N0_trees/3.nwk, indelible_output/6/concatenated/3.fasta, indelible_output/6/cleaned_N0_trees/3.nwk, indelible_output/6/concatenated/3.fasta, indelible_dicts/6/leaves_3.p, indelible_dicts/6/gaps_3.p
    output: indelible_summaries/6/3.csv
    jobid: 59
    wildcards: taxon=6, rep=3

[Tue Feb  2 12:36:15 2021]
Finished job 59.
14 of 40 steps (35%) done
Select jobs to execute...

[Tue Feb  2 12:36:15 2021]
rule concat_indelible_summaries:
    input: indelible_summaries/6/1.csv, indelible_summaries/6/2.csv, indelible_summaries/6/3.csv
    output: concatenated_indelible_summaries/6.csv
    jobid: 56
    wildcards: taxon=6

[Tue Feb  2 12:36:15 2021]
Finished job 56.
15 of 40 steps (38%) done
Select jobs to execute...

[Tue Feb  2 12:36:15 2021]
rule run_grasp:
    input: indelible_output/6/cleaned_aln/3.fasta, indelible_output/6/cleaned_N0_trees/3.nwk
    output: grasp_results/6/BEP/3, grasp_results/6/BEP/3/GRASP_ancestors.fasta, grasp_results/6/BEP/3/tree.nwk
    jobid: 20
    wildcards: taxon=6, method=BEP, rep=3

[Tue Feb  2 12:36:16 2021]
Finished job 20.
16 of 40 steps (40%) done
Select jobs to execute...

[Tue Feb  2 12:36:16 2021]
rule concat_fasta:
    input: indelible_output/6/cleaned_aln/3.fasta, grasp_results/6/BEP/3/GRASP_ancestors.fasta
    output: grasp_results/concatenated/6/BEP/3/GRASP_ancestors.fasta
    jobid: 24
    wildcards: taxon=6, method=BEP, rep=3

[Tue Feb  2 12:36:16 2021]
Finished job 24.
17 of 40 steps (42%) done
Select jobs to execute...

[Tue Feb  2 12:36:16 2021]
rule summarise_indels:
    input: grasp_results/6/BEP/3/tree.nwk, grasp_results/concatenated/6/BEP/3/GRASP_ancestors.fasta, indelible_output/6/cleaned_N0_trees/3.nwk, indelible_output/6/concatenated/3.fasta, indelible_dicts/6/leaves_3.p, indelible_dicts/6/gaps_3.p
    output: summaries/6/BEP/3.csv
    jobid: 19
    wildcards: taxon=6, method=BEP, rep=3

[Tue Feb  2 12:36:17 2021]
Finished job 19.
18 of 40 steps (45%) done
Select jobs to execute...

[Tue Feb  2 12:36:17 2021]
rule concat_fasta:
    input: indelible_output/6/cleaned_aln/3.fasta, grasp_results/6/SICML/3/GRASP_ancestors.fasta
    output: grasp_results/concatenated/6/SICML/3/GRASP_ancestors.fasta
    jobid: 45
    wildcards: taxon=6, method=SICML, rep=3

[Tue Feb  2 12:36:17 2021]
Finished job 45.
19 of 40 steps (48%) done
Select jobs to execute...

[Tue Feb  2 12:36:17 2021]
rule summarise_indels:
    input: grasp_results/6/SICML/3/tree.nwk, grasp_results/concatenated/6/SICML/3/GRASP_ancestors.fasta, indelible_output/6/cleaned_N0_trees/3.nwk, indelible_output/6/concatenated/3.fasta, indelible_dicts/6/leaves_3.p, indelible_dicts/6/gaps_3.p
    output: summaries/6/SICML/3.csv
    jobid: 43
    wildcards: taxon=6, method=SICML, rep=3

[Tue Feb  2 12:36:18 2021]
Finished job 43.
20 of 40 steps (50%) done
Select jobs to execute...

[Tue Feb  2 12:36:18 2021]
rule run_fastml:
    input: indelible_output/6/cleaned_aln/3.fasta, indelible_output/6/cleaned_no_internal_trees/3.nwk
    output: fastml_results/6/3/seq.joint.txt, fastml_results/6/3/tree.newick.txt, fastml_results/6/3
    jobid: 55
    wildcards: taxon=6, rep=3

[Tue Feb  2 12:36:23 2021]
Finished job 55.
21 of 40 steps (52%) done
Select jobs to execute...

[Tue Feb  2 12:36:23 2021]
rule clean_fastml:
    input: fastml_results/6/3/seq.joint.txt, fastml_results/6/3/tree.newick.txt
    output: fastml_results/6/concatenated/3/FastML_ancestors.fasta, fastml_results/6/cleaned_N0_trees/3/tree.nwk
    jobid: 54
    wildcards: taxon=6, rep=3

[Tue Feb  2 12:36:24 2021]
Finished job 54.
22 of 40 steps (55%) done
Select jobs to execute...

[Tue Feb  2 12:36:24 2021]
rule summarise_fastml_indels:
    input: fastml_results/6/concatenated/3/FastML_ancestors.fasta, fastml_results/6/cleaned_N0_trees/3/tree.nwk, indelible_output/6/cleaned_N0_trees/3.nwk, indelible_output/6/concatenated/3.fasta, indelible_dicts/6/leaves_3.p, indelible_dicts/6/gaps_3.p
    output: fastml_summaries/6/fastml/3.csv
    jobid: 53
    wildcards: taxon=6, rep=3

[Tue Feb  2 12:36:25 2021]
Finished job 53.
23 of 40 steps (57%) done
Select jobs to execute...

[Tue Feb  2 12:36:25 2021]
rule summarise_indels:
    input: grasp_results/6/SICML/1/tree.nwk, grasp_results/concatenated/6/SICML/1/GRASP_ancestors.fasta, indelible_output/6/cleaned_N0_trees/1.nwk, indelible_output/6/concatenated/1.fasta, indelible_dicts/6/leaves_1.p, indelible_dicts/6/gaps_1.p
    output: summaries/6/SICML/1.csv
    jobid: 37
    wildcards: taxon=6, method=SICML, rep=1

[Tue Feb  2 12:36:26 2021]
Finished job 37.
24 of 40 steps (60%) done
Select jobs to execute...

[Tue Feb  2 12:36:26 2021]
rule concat_fasta:
    input: indelible_output/6/cleaned_aln/1.fasta, grasp_results/6/BEP/1/GRASP_ancestors.fasta
    output: grasp_results/concatenated/6/BEP/1/GRASP_ancestors.fasta
    jobid: 10
    wildcards: taxon=6, method=BEP, rep=1

[Tue Feb  2 12:36:26 2021]
Finished job 10.
25 of 40 steps (62%) done
Select jobs to execute...

[Tue Feb  2 12:36:26 2021]
rule summarise_indels:
    input: grasp_results/6/BEP/1/tree.nwk, grasp_results/concatenated/6/BEP/1/GRASP_ancestors.fasta, indelible_output/6/cleaned_N0_trees/1.nwk, indelible_output/6/concatenated/1.fasta, indelible_dicts/6/leaves_1.p, indelible_dicts/6/gaps_1.p
    output: summaries/6/BEP/1.csv
    jobid: 4
    wildcards: taxon=6, method=BEP, rep=1

[Tue Feb  2 12:36:27 2021]
Finished job 4.
26 of 40 steps (65%) done
Select jobs to execute...

[Tue Feb  2 12:36:27 2021]
rule concat_summaries:
    input: summaries/6/BEP/1.csv, summaries/6/BEP/2.csv, summaries/6/BEP/3.csv
    output: concatenated_summaries/6_BEP.csv
    jobid: 3
    wildcards: taxon=6, method=BEP

[Tue Feb  2 12:36:27 2021]
Finished job 3.
27 of 40 steps (68%) done
Select jobs to execute...

[Tue Feb  2 12:36:27 2021]
rule concat_summaries:
    input: summaries/6/SICML/1.csv, summaries/6/SICML/2.csv, summaries/6/SICML/3.csv
    output: concatenated_summaries/6_SICML.csv
    jobid: 36
    wildcards: taxon=6, method=SICML

[Tue Feb  2 12:36:27 2021]
Finished job 36.
28 of 40 steps (70%) done
Select jobs to execute...

[Tue Feb  2 12:36:27 2021]
rule run_grasp:
    input: indelible_output/6/cleaned_aln/1.fasta, indelible_output/6/cleaned_N0_trees/1.nwk
    output: grasp_results/6/SICP/1, grasp_results/6/SICP/1/GRASP_ancestors.fasta, grasp_results/6/SICP/1/tree.nwk
    jobid: 28
    wildcards: taxon=6, method=SICP, rep=1

[Tue Feb  2 12:36:28 2021]
Finished job 28.
29 of 40 steps (72%) done
Select jobs to execute...

[Tue Feb  2 12:36:28 2021]
rule summarise_fastml_indels:
    input: fastml_results/6/concatenated/1/FastML_ancestors.fasta, fastml_results/6/cleaned_N0_trees/1/tree.nwk, indelible_output/6/cleaned_N0_trees/1.nwk, indelible_output/6/concatenated/1.fasta, indelible_dicts/6/leaves_1.p, indelible_dicts/6/gaps_1.p
    output: fastml_summaries/6/fastml/1.csv
    jobid: 47
    wildcards: taxon=6, rep=1

[Tue Feb  2 12:36:29 2021]
Finished job 47.
30 of 40 steps (75%) done
Select jobs to execute...

[Tue Feb  2 12:36:29 2021]
rule run_grasp:
    input: indelible_output/6/cleaned_aln/3.fasta, indelible_output/6/cleaned_N0_trees/3.nwk
    output: grasp_results/6/SICP/3, grasp_results/6/SICP/3/GRASP_ancestors.fasta, grasp_results/6/SICP/3/tree.nwk
    jobid: 34
    wildcards: taxon=6, method=SICP, rep=3

[Tue Feb  2 12:36:30 2021]
Finished job 34.
31 of 40 steps (78%) done
Select jobs to execute...

[Tue Feb  2 12:36:30 2021]
rule concat_fasta:
    input: indelible_output/6/cleaned_aln/1.fasta, grasp_results/6/SICP/1/GRASP_ancestors.fasta
    output: grasp_results/concatenated/6/SICP/1/GRASP_ancestors.fasta
    jobid: 29
    wildcards: taxon=6, method=SICP, rep=1

[Tue Feb  2 12:36:30 2021]
Finished job 29.
32 of 40 steps (80%) done
Select jobs to execute...

[Tue Feb  2 12:36:30 2021]
rule summarise_indels:
    input: grasp_results/6/SICP/1/tree.nwk, grasp_results/concatenated/6/SICP/1/GRASP_ancestors.fasta, indelible_output/6/cleaned_N0_trees/1.nwk, indelible_output/6/concatenated/1.fasta, indelible_dicts/6/leaves_1.p, indelible_dicts/6/gaps_1.p
    output: summaries/6/SICP/1.csv
    jobid: 27
    wildcards: taxon=6, method=SICP, rep=1

[Tue Feb  2 12:36:31 2021]
Finished job 27.
33 of 40 steps (82%) done
Select jobs to execute...

[Tue Feb  2 12:36:31 2021]
rule concat_fasta:
    input: indelible_output/6/cleaned_aln/3.fasta, grasp_results/6/SICP/3/GRASP_ancestors.fasta
    output: grasp_results/concatenated/6/SICP/3/GRASP_ancestors.fasta
    jobid: 35
    wildcards: taxon=6, method=SICP, rep=3

[Tue Feb  2 12:36:31 2021]
Finished job 35.
34 of 40 steps (85%) done
Select jobs to execute...

[Tue Feb  2 12:36:31 2021]
rule concat_fastml_summaries:
    input: fastml_summaries/6/fastml/1.csv, fastml_summaries/6/fastml/2.csv, fastml_summaries/6/fastml/3.csv
    output: concatenated_fastml_summaries/6.csv
    jobid: 46
    wildcards: taxon=6

[Tue Feb  2 12:36:31 2021]
Finished job 46.
35 of 40 steps (88%) done
Select jobs to execute...

[Tue Feb  2 12:36:31 2021]
rule summarise_indels:
    input: grasp_results/6/SICP/3/tree.nwk, grasp_results/concatenated/6/SICP/3/GRASP_ancestors.fasta, indelible_output/6/cleaned_N0_trees/3.nwk, indelible_output/6/concatenated/3.fasta, indelible_dicts/6/leaves_3.p, indelible_dicts/6/gaps_3.p
    output: summaries/6/SICP/3.csv
    jobid: 33
    wildcards: taxon=6, method=SICP, rep=3

[Tue Feb  2 12:36:32 2021]
Finished job 33.
36 of 40 steps (90%) done
Select jobs to execute...

[Tue Feb  2 12:36:33 2021]
rule concat_summaries:
    input: summaries/6/SICP/1.csv, summaries/6/SICP/2.csv, summaries/6/SICP/3.csv
    output: concatenated_summaries/6_SICP.csv
    jobid: 26
    wildcards: taxon=6, method=SICP

[Tue Feb  2 12:36:33 2021]
Finished job 26.
37 of 40 steps (92%) done
Select jobs to execute...

[Tue Feb  2 12:36:33 2021]
rule generate_output_dict:
    input: concatenated_summaries/6_BEP.csv, concatenated_summaries/6_SICP.csv, concatenated_summaries/6_SICML.csv, concatenated_fastml_summaries/6.csv, concatenated_indelible_summaries/6.csv
    output: output_dicts/output.p
    jobid: 2

[Tue Feb  2 12:36:36 2021]
Finished job 2.
38 of 40 steps (95%) done
Select jobs to execute...

[Tue Feb  2 12:36:36 2021]
rule generate_latex:
    input: output_dicts/output.p
    output: plots/plot.tex
    jobid: 1

[Tue Feb  2 12:36:37 2021]
Finished job 1.
39 of 40 steps (98%) done
Select jobs to execute...

[Tue Feb  2 12:36:37 2021]
rule compile_latex:
    input: plots/plot.tex
    output: plots/plot.pdf
    jobid: 0

[Tue Feb  2 12:36:39 2021]
Finished job 0.
40 of 40 steps (100%) done
Complete log: /Users/gabefoley/Dropbox/PhD/20210121_Indel_Evaluation_Project/Indel_Evaluation_Snakemake/.snakemake/log/2021-02-02T123600.568813.snakemake.log
