Building DAG of jobs...
Using shell: /bin/bash
Provided cores: 1 (use --cores to define parallelism)
Rules claiming more threads will be scaled down.
Job counts:
	count	jobs
	1	all
	12	clean_fasta
	12	concat_fasta
	24	run_grasp
	12	run_indelible
	12	summarise_indels
	73
Select jobs to execute...

[Thu Jan 28 13:12:12 2021]
rule run_indelible:
    input: indelible/8_control.txt
    output: indelible_output/8/cleaned_trees/8_tree_2/GRASP_ancestors/GRASP_ancestors.nwk, indelible_output/8/8_TRUE_2/GRASP_ancestors/GRASP_ancestors.fasta
    jobid: 58
    wildcards: taxon=8, rep=2/GRASP_ancestors/GRASP_ancestors

Waiting at most 100 seconds for missing files.
Terminating processes on user request, this might take some time.
Cancelling snakemake on user request.
