Building DAG of jobs...
Using shell: /bin/bash
Provided cores: 2
Rules claiming more threads will be scaled down.
Job counts:
	count	jobs
	2	clean_fastml_ml
	3	clean_fastml_parsimony
	2	clean_indelible
	1	compile_latex
	20	concat_fasta
	5	concat_fastml__ml_summaries
	4	concat_fastml_summaries
	2	concat_indelible
	4	concat_indelible_summaries
	22	concat_summaries
	1	generate_latex
	1	generate_output_dict
	2	get_indelible_dict
	2	run_fastml
	19	run_grasp
	1	run_indelible
	3	summarise_fastml_ml_indels
	4	summarise_fastml_parsimony_indels
	3	summarise_indelible
	21	summarise_indels
	122
Select jobs to execute...

[Fri Feb  5 14:28:35 2021]
rule run_grasp:
    input: indelible_output/5/cleaned_aln/1.fasta, indelible_output/5/cleaned_N0_trees/1.nwk
    output: grasp_results/5/BEML/1, grasp_results/5/BEML/1/GRASP_ancestors.fasta, grasp_results/5/BEML/1/tree.nwk
    jobid: 22
    wildcards: taxon=5, method=BEML, rep=1


[Fri Feb  5 14:28:35 2021]
rule run_grasp:
    input: indelible_output/50/cleaned_aln/1.fasta, indelible_output/50/cleaned_N0_trees/1.nwk
    output: grasp_results/50/BEML/1, grasp_results/50/BEML/1/GRASP_ancestors.fasta, grasp_results/50/BEML/1/tree.nwk
    jobid: 97
    wildcards: taxon=50, method=BEML, rep=1

[Fri Feb  5 14:28:36 2021]
Finished job 22.
1 of 122 steps (0.82%) done
Select jobs to execute...

[Fri Feb  5 14:28:36 2021]
rule summarise_indels:
    input: grasp_results/5/BEP/1/tree.nwk, grasp_results/concatenated/5/BEP/1/GRASP_ancestors.fasta, indelible_output/5/cleaned_N0_trees/1.nwk, indelible_output/5/concatenated/1.fasta, indelible_dicts/5/leaves_1.p, indelible_dicts/5/gaps_1.p
    output: summaries/5/BEP/1.csv
    jobid: 4
    wildcards: taxon=5, method=BEP, rep=1

[Fri Feb  5 14:28:37 2021]
Finished job 4.
2 of 122 steps (2%) done
Select jobs to execute...

[Fri Feb  5 14:28:37 2021]
rule concat_summaries:
    input: summaries/5/BEP/1.csv
    output: concatenated_summaries/5_BEP.csv
    jobid: 3
    wildcards: taxon=5, method=BEP

[Fri Feb  5 14:28:38 2021]
Finished job 3.
3 of 122 steps (2%) done
Select jobs to execute...

[Fri Feb  5 14:28:38 2021]
rule concat_fasta:
    input: indelible_output/50/cleaned_aln/1.fasta, grasp_results/50/SICML/1/GRASP_ancestors.fasta
    output: grasp_results/concatenated/50/SICML/1/GRASP_ancestors.fasta
    jobid: 94
    wildcards: taxon=50, method=SICML, rep=1

[Fri Feb  5 14:28:38 2021]
Finished job 94.
4 of 122 steps (3%) done
Select jobs to execute...

[Fri Feb  5 14:28:38 2021]
rule summarise_indels:
    input: grasp_results/50/SICML/1/tree.nwk, grasp_results/concatenated/50/SICML/1/GRASP_ancestors.fasta, indelible_output/50/cleaned_N0_trees/1.nwk, indelible_output/50/concatenated/1.fasta, indelible_dicts/50/leaves_1.p, indelible_dicts/50/gaps_1.p
    output: summaries/50/SICML/1.csv
    jobid: 92
    wildcards: taxon=50, method=SICML, rep=1

[Fri Feb  5 14:28:39 2021]
Finished job 92.
5 of 122 steps (4%) done
Select jobs to execute...

[Fri Feb  5 14:28:39 2021]
rule concat_fastml__ml_summaries:
    input: fastml_ml_summaries/10/fastml/1.csv
    output: concatenated_fastml_ml_summaries/10.csv
    jobid: 151
    wildcards: taxon=10

[Fri Feb  5 14:28:39 2021]
Finished job 151.
6 of 122 steps (5%) done
Select jobs to execute...

[Fri Feb  5 14:28:39 2021]
rule concat_fastml__ml_summaries:
    input: fastml_ml_summaries/50/fastml/1.csv
    output: concatenated_fastml_ml_summaries/50.csv
    jobid: 157
    wildcards: taxon=50

[Fri Feb  5 14:28:39 2021]
Finished job 157.
7 of 122 steps (6%) done
Select jobs to execute...

[Fri Feb  5 14:28:39 2021]
rule clean_fastml_parsimony:
    input: fastml_results/50/1/seq.marginal_Chars_ParsimonyIndels.txt, fastml_results/50/1/tree.newick.txt
    output: fastml_results_parsimony/50/concatenated/1/FastML_ancestors.fasta, fastml_results_parsimony/50/cleaned_trees/1/tree.nwk, fastml_results_parsimony/50/cleaned_N0_trees/1/tree.nwk
    jobid: 142
    wildcards: taxon=50, rep=1

[Fri Feb  5 14:28:40 2021]
Finished job 142.
8 of 122 steps (7%) done
Select jobs to execute...

[Fri Feb  5 14:28:40 2021]
rule concat_indelible_summaries:
    input: indelible_summaries/10/1.csv
    output: concatenated_indelible_summaries/10.csv
    jobid: 165
    wildcards: taxon=10

[Fri Feb  5 14:28:40 2021]
Finished job 165.
9 of 122 steps (7%) done
Select jobs to execute...

[Fri Feb  5 14:28:40 2021]
rule concat_fasta:
    input: indelible_output/5/cleaned_aln/1.fasta, grasp_results/5/BEML/1/GRASP_ancestors.fasta
    output: grasp_results/concatenated/5/BEML/1/GRASP_ancestors.fasta
    jobid: 23
    wildcards: taxon=5, method=BEML, rep=1

[Fri Feb  5 14:28:40 2021]
Finished job 23.
10 of 122 steps (8%) done
Select jobs to execute...

[Fri Feb  5 14:28:40 2021]
rule summarise_indels:
    input: grasp_results/5/BEML/1/tree.nwk, grasp_results/concatenated/5/BEML/1/GRASP_ancestors.fasta, indelible_output/5/cleaned_N0_trees/1.nwk, indelible_output/5/concatenated/1.fasta, indelible_dicts/5/leaves_1.p, indelible_dicts/5/gaps_1.p
    output: summaries/5/BEML/1.csv
    jobid: 21
    wildcards: taxon=5, method=BEML, rep=1

[Fri Feb  5 14:28:41 2021]
Finished job 21.
11 of 122 steps (9%) done
Select jobs to execute...

[Fri Feb  5 14:28:41 2021]
rule concat_summaries:
    input: summaries/50/SICML/1.csv
    output: concatenated_summaries/50_SICML.csv
    jobid: 91
    wildcards: taxon=50, method=SICML

[Fri Feb  5 14:28:41 2021]
Finished job 91.
12 of 122 steps (10%) done
Select jobs to execute...

[Fri Feb  5 14:28:41 2021]
rule concat_indelible:
    input: indelible_output/100/100_TRUE_1.fasta, indelible_output/100/100_ANCESTRAL_1.fasta
    output: indelible_output/100/concatenated/100_1.fasta
    jobid: 109
    wildcards: taxon=100, rep=1

[Fri Feb  5 14:28:41 2021]
Finished job 109.
13 of 122 steps (11%) done
Select jobs to execute...

[Fri Feb  5 14:28:41 2021]
rule run_grasp:
    input: indelible_output/10/cleaned_aln/1.fasta, indelible_output/10/cleaned_N0_trees/1.nwk
    output: grasp_results/10/PSP/1, grasp_results/10/PSP/1/GRASP_ancestors.fasta, grasp_results/10/PSP/1/tree.nwk
    jobid: 51
    wildcards: taxon=10, method=PSP, rep=1

[Fri Feb  5 14:28:42 2021]
Finished job 97.
14 of 122 steps (11%) done
Select jobs to execute...

[Fri Feb  5 14:28:42 2021]
rule concat_fasta:
    input: indelible_output/50/cleaned_aln/1.fasta, grasp_results/50/BEML/1/GRASP_ancestors.fasta
    output: grasp_results/concatenated/50/BEML/1/GRASP_ancestors.fasta
    jobid: 98
    wildcards: taxon=50, method=BEML, rep=1

[Fri Feb  5 14:28:42 2021]
Finished job 98.
15 of 122 steps (12%) done
Select jobs to execute...

[Fri Feb  5 14:28:42 2021]
rule summarise_indels:
    input: grasp_results/50/BEML/1/tree.nwk, grasp_results/concatenated/50/BEML/1/GRASP_ancestors.fasta, indelible_output/50/cleaned_N0_trees/1.nwk, indelible_output/50/concatenated/1.fasta, indelible_dicts/50/leaves_1.p, indelible_dicts/50/gaps_1.p
    output: summaries/50/BEML/1.csv
    jobid: 96
    wildcards: taxon=50, method=BEML, rep=1

[Fri Feb  5 14:28:42 2021]
Finished job 51.
16 of 122 steps (13%) done
Select jobs to execute...

[Fri Feb  5 14:28:42 2021]
rule run_grasp:
    input: indelible_output/10/cleaned_aln/1.fasta, indelible_output/10/cleaned_N0_trees/1.nwk
    output: grasp_results/10/SICML/1, grasp_results/10/SICML/1/GRASP_ancestors.fasta, grasp_results/10/SICML/1/tree.nwk
    jobid: 43
    wildcards: taxon=10, method=SICML, rep=1

[Fri Feb  5 14:28:43 2021]
Finished job 96.
17 of 122 steps (14%) done
Select jobs to execute...

[Fri Feb  5 14:28:43 2021]
rule concat_summaries:
    input: summaries/5/BEML/1.csv
    output: concatenated_summaries/5_BEML.csv
    jobid: 20
    wildcards: taxon=5, method=BEML

[Fri Feb  5 14:28:43 2021]
Finished job 43.
18 of 122 steps (15%) done
[Fri Feb  5 14:28:43 2021]
Finished job 20.
19 of 122 steps (16%) done
Select jobs to execute...

[Fri Feb  5 14:28:43 2021]
rule summarise_fastml_ml_indels:
    input: fastml_results_ml/5/concatenated/1/FastML_ancestors.fasta, fastml_results_ml/5/cleaned_N0_trees/1/tree.nwk, indelible_output/5/cleaned_N0_trees/1.nwk, indelible_output/5/concatenated/1.fasta, indelible_dicts/5/leaves_1.p, indelible_dicts/5/gaps_1.p
    output: fastml_ml_summaries/5/fastml/1.csv
    jobid: 149
    wildcards: taxon=5, rep=1

[Fri Feb  5 14:28:43 2021]
rule summarise_fastml_parsimony_indels:
    input: fastml_results_parsimony/50/concatenated/1/FastML_ancestors.fasta, fastml_results_parsimony/50/cleaned_N0_trees/1/tree.nwk, indelible_output/50/cleaned_N0_trees/1.nwk, indelible_output/50/concatenated/1.fasta, indelible_dicts/50/leaves_1.p, indelible_dicts/50/gaps_1.p
    output: fastml_parsimony_summaries/50/fastml/1.csv
    jobid: 141
    wildcards: taxon=50, rep=1

Select jobs to execute...
[Fri Feb  5 14:28:44 2021]
Finished job 149.
20 of 122 steps (16%) done
Select jobs to execute...

[Fri Feb  5 14:28:44 2021]
rule run_grasp:
    input: indelible_output/50/cleaned_aln/1.fasta, indelible_output/50/cleaned_N0_trees/1.nwk
    output: grasp_results/50/SICP/1, grasp_results/50/SICP/1/GRASP_ancestors.fasta, grasp_results/50/SICP/1/tree.nwk
    jobid: 89
    wildcards: taxon=50, method=SICP, rep=1

[Fri Feb  5 14:28:44 2021]
Finished job 141.
21 of 122 steps (17%) done
Select jobs to execute...

[Fri Feb  5 14:28:45 2021]
rule concat_fastml_summaries:
    input: fastml_parsimony_summaries/50/fastml/1.csv
    output: concatenated_fastml_parsimony_summaries/50.csv
    jobid: 140
    wildcards: taxon=50

[Fri Feb  5 14:28:45 2021]
Finished job 140.
22 of 122 steps (18%) done
Select jobs to execute...

[Fri Feb  5 14:28:45 2021]
rule summarise_fastml_parsimony_indels:
    input: fastml_results_parsimony/10/concatenated/1/FastML_ancestors.fasta, fastml_results_parsimony/10/cleaned_N0_trees/1/tree.nwk, indelible_output/10/cleaned_N0_trees/1.nwk, indelible_output/10/concatenated/1.fasta, indelible_dicts/10/leaves_1.p, indelible_dicts/10/gaps_1.p
    output: fastml_parsimony_summaries/10/fastml/1.csv
    jobid: 133
    wildcards: taxon=10, rep=1

[Fri Feb  5 14:28:46 2021]
Finished job 133.
23 of 122 steps (19%) done
Select jobs to execute...

[Fri Feb  5 14:28:46 2021]
rule concat_summaries:
    input: summaries/50/BEML/1.csv
    output: concatenated_summaries/50_BEML.csv
    jobid: 95
    wildcards: taxon=50, method=BEML

[Fri Feb  5 14:28:46 2021]
Finished job 95.
24 of 122 steps (20%) done
Select jobs to execute...

[Fri Feb  5 14:28:46 2021]
rule run_grasp:
    input: indelible_output/5/cleaned_aln/1.fasta, indelible_output/5/cleaned_N0_trees/1.nwk
    output: grasp_results/5/SICP/1, grasp_results/5/SICP/1/GRASP_ancestors.fasta, grasp_results/5/SICP/1/tree.nwk
    jobid: 14
    wildcards: taxon=5, method=SICP, rep=1

[Fri Feb  5 14:28:47 2021]
Finished job 14.
25 of 122 steps (20%) done
Select jobs to execute...

[Fri Feb  5 14:28:47 2021]
rule concat_fastml__ml_summaries:
    input: fastml_ml_summaries/5/fastml/1.csv
    output: concatenated_fastml_ml_summaries/5.csv
    jobid: 148
    wildcards: taxon=5

[Fri Feb  5 14:28:47 2021]
Finished job 148.
26 of 122 steps (21%) done
Select jobs to execute...

[Fri Feb  5 14:28:47 2021]
rule run_indelible:
    input: indelible/25_control.txt
    output: indelible_output/25/trees/1.nwk, indelible_output/25/25_TRUE_1.fasta, indelible_output/25/25_ANCESTRAL_1.fasta, indelible_output/25/N0_trees/1.nwk
    jobid: 57
    wildcards: taxon=25, rep=1

[Fri Feb  5 14:28:48 2021]
Finished job 57.
27 of 122 steps (22%) done
Select jobs to execute...

[Fri Feb  5 14:28:48 2021]
rule concat_fastml_summaries:
    input: fastml_parsimony_summaries/10/fastml/1.csv
    output: concatenated_fastml_parsimony_summaries/10.csv
    jobid: 132
    wildcards: taxon=10

[Fri Feb  5 14:28:48 2021]
Finished job 132.
28 of 122 steps (23%) done
Select jobs to execute...

[Fri Feb  5 14:28:48 2021]
rule concat_fasta:
    input: indelible_output/10/cleaned_aln/1.fasta, grasp_results/10/SICML/1/GRASP_ancestors.fasta
    output: grasp_results/concatenated/10/SICML/1/GRASP_ancestors.fasta
    jobid: 44
    wildcards: taxon=10, method=SICML, rep=1

[Fri Feb  5 14:28:48 2021]
Finished job 44.
29 of 122 steps (24%) done
Select jobs to execute...

[Fri Feb  5 14:28:48 2021]
rule summarise_indels:
    input: grasp_results/10/SICML/1/tree.nwk, grasp_results/concatenated/10/SICML/1/GRASP_ancestors.fasta, indelible_output/10/cleaned_N0_trees/1.nwk, indelible_output/10/concatenated/1.fasta, indelible_dicts/10/leaves_1.p, indelible_dicts/10/gaps_1.p
    output: summaries/10/SICML/1.csv
    jobid: 42
    wildcards: taxon=10, method=SICML, rep=1

[Fri Feb  5 14:28:49 2021]
Finished job 42.
30 of 122 steps (25%) done
Select jobs to execute...

[Fri Feb  5 14:28:49 2021]
rule concat_summaries:
    input: summaries/10/SICML/1.csv
    output: concatenated_summaries/10_SICML.csv
    jobid: 41
    wildcards: taxon=10, method=SICML

[Fri Feb  5 14:28:49 2021]
Finished job 41.
31 of 122 steps (25%) done
Select jobs to execute...

[Fri Feb  5 14:28:49 2021]
rule clean_indelible:
    input: indelible_output/100/N0_trees/1.nwk, indelible_output/100/concatenated/100_1.fasta
    output: indelible_output/100/cleaned_aln/1.fasta, indelible_output/100/concatenated/1.fasta, indelible_output/100/cleaned_trees/1.nwk, indelible_output/100/cleaned_N0_trees/1.nwk, indelible_output/100/cleaned_no_internal_trees/1.nwk
    jobid: 106
    wildcards: taxon=100, rep=1

[Fri Feb  5 14:28:50 2021]
Finished job 89.
32 of 122 steps (26%) done
Select jobs to execute...

[Fri Feb  5 14:28:50 2021]
rule concat_fasta:
    input: indelible_output/50/cleaned_aln/1.fasta, grasp_results/50/SICP/1/GRASP_ancestors.fasta
    output: grasp_results/concatenated/50/SICP/1/GRASP_ancestors.fasta
    jobid: 90
    wildcards: taxon=50, method=SICP, rep=1

[Fri Feb  5 14:28:50 2021]
Finished job 90.
33 of 122 steps (27%) done
Select jobs to execute...

[Fri Feb  5 14:28:50 2021]
rule summarise_indels:
    input: grasp_results/50/SICP/1/tree.nwk, grasp_results/concatenated/50/SICP/1/GRASP_ancestors.fasta, indelible_output/50/cleaned_N0_trees/1.nwk, indelible_output/50/concatenated/1.fasta, indelible_dicts/50/leaves_1.p, indelible_dicts/50/gaps_1.p
    output: summaries/50/SICP/1.csv
    jobid: 88
    wildcards: taxon=50, method=SICP, rep=1

[Fri Feb  5 14:28:50 2021]
Finished job 106.
34 of 122 steps (28%) done
Select jobs to execute...

[Fri Feb  5 14:28:50 2021]
rule run_grasp:
    input: indelible_output/100/cleaned_aln/1.fasta, indelible_output/100/cleaned_N0_trees/1.nwk
    output: grasp_results/100/SICP/1, grasp_results/100/SICP/1/GRASP_ancestors.fasta, grasp_results/100/SICP/1/tree.nwk
    jobid: 114
    wildcards: taxon=100, method=SICP, rep=1

[Fri Feb  5 14:28:51 2021]
Finished job 88.
35 of 122 steps (29%) done
Select jobs to execute...

[Fri Feb  5 14:28:51 2021]
rule run_grasp:
    input: indelible_output/100/cleaned_aln/1.fasta, indelible_output/100/cleaned_N0_trees/1.nwk
    output: grasp_results/100/SICML/1, grasp_results/100/SICML/1/GRASP_ancestors.fasta, grasp_results/100/SICML/1/tree.nwk
    jobid: 118
    wildcards: taxon=100, method=SICML, rep=1

[Fri Feb  5 14:29:01 2021]
Finished job 114.
36 of 122 steps (30%) done
Select jobs to execute...

[Fri Feb  5 14:29:02 2021]
rule run_grasp:
    input: indelible_output/100/cleaned_aln/1.fasta, indelible_output/100/cleaned_N0_trees/1.nwk
    output: grasp_results/100/BEML/1, grasp_results/100/BEML/1/GRASP_ancestors.fasta, grasp_results/100/BEML/1/tree.nwk
    jobid: 122
    wildcards: taxon=100, method=BEML, rep=1

[Fri Feb  5 14:29:03 2021]
Error in rule run_grasp:
    jobid: 122
    output: grasp_results/100/BEML/1, grasp_results/100/BEML/1/GRASP_ancestors.fasta, grasp_results/100/BEML/1/tree.nwk
    shell:
        grasp -aln indelible_output/100/cleaned_aln/1.fasta -nwk indelible_output/100/cleaned_N0_trees/1.nwk -model LG -out grasp_results/100/BEML/1 -savetree grasp_results/100/BEML/1  -indel BEML -inf joint -gap
        (one of the commands exited with non-zero exit code; note that snakemake uses bash strict mode!)

Removing output files of failed job run_grasp since they might be corrupted:
grasp_results/100/BEML/1
[Fri Feb  5 14:29:04 2021]
Finished job 118.
37 of 122 steps (30%) done
Shutting down, this might take some time.
Exiting because a job execution failed. Look above for error message
Complete log: /Users/gabefoley/Dropbox/PhD/20210121_Indel_Evaluation_Project/Indel_Evaluation_Snakemake/.snakemake/log/2021-02-05T142835.508083.snakemake.log
