Building DAG of jobs...
Using shell: /bin/bash
Provided cores: 1 (use --cores to define parallelism)
Rules claiming more threads will be scaled down.
Job counts:
	count	jobs
	2	clean_fastml_ml
	2	clean_fastml_parsimony
	2	clean_indelible
	1	compile_latex
	8	concat_fasta
	2	concat_fastml__ml_summaries
	2	concat_fastml_summaries
	2	concat_indelible
	2	concat_indelible_summaries
	8	concat_summaries
	2	create_control_files
	1	generate_latex
	1	generate_output_dict
	2	get_indelible_dict
	2	run_fastml
	8	run_grasp
	2	run_indelible
	2	summarise_fastml_ml_indels
	2	summarise_fastml_parsimony_indels
	2	summarise_indelible
	8	summarise_indels
	63
Select jobs to execute...

[Fri Feb  5 09:33:14 2021]
rule create_control_files:
    output: indelible/10_control.txt
    jobid: 29
    wildcards: taxon=10

[Fri Feb  5 09:33:14 2021]
Finished job 29.
1 of 63 steps (2%) done
Select jobs to execute...

[Fri Feb  5 09:33:15 2021]
rule run_indelible:
    input: indelible/10_control.txt
    output: indelible_output/10/trees/1.nwk, indelible_output/10/10_TRUE_1.fasta, indelible_output/10/10_ANCESTRAL_1.fasta, indelible_output/10/N0_trees/1.nwk
    jobid: 28
    wildcards: taxon=10, rep=1

[Fri Feb  5 09:33:16 2021]
Finished job 28.
2 of 63 steps (3%) done
Select jobs to execute...

[Fri Feb  5 09:33:16 2021]
rule concat_indelible:
    input: indelible_output/10/10_TRUE_1.fasta, indelible_output/10/10_ANCESTRAL_1.fasta
    output: indelible_output/10/concatenated/10_1.fasta
    jobid: 30
    wildcards: taxon=10, rep=1

[Fri Feb  5 09:33:16 2021]
Finished job 30.
3 of 63 steps (5%) done
Select jobs to execute...

[Fri Feb  5 09:33:16 2021]
rule create_control_files:
    output: indelible/5_control.txt
    jobid: 8
    wildcards: taxon=5

[Fri Feb  5 09:33:16 2021]
Finished job 8.
4 of 63 steps (6%) done
Select jobs to execute...

[Fri Feb  5 09:33:16 2021]
rule clean_indelible:
    input: indelible_output/10/N0_trees/1.nwk, indelible_output/10/concatenated/10_1.fasta
    output: indelible_output/10/cleaned_aln/1.fasta, indelible_output/10/concatenated/1.fasta, indelible_output/10/cleaned_trees/1.nwk, indelible_output/10/cleaned_N0_trees/1.nwk, indelible_output/10/cleaned_no_internal_trees/1.nwk
    jobid: 27
    wildcards: taxon=10, rep=1

[Fri Feb  5 09:33:17 2021]
Finished job 27.
5 of 63 steps (8%) done
Select jobs to execute...

[Fri Feb  5 09:33:17 2021]
rule run_grasp:
    input: indelible_output/10/cleaned_aln/1.fasta, indelible_output/10/cleaned_N0_trees/1.nwk
    output: grasp_results/10/BEML/1, grasp_results/10/BEML/1/GRASP_ancestors.fasta, grasp_results/10/BEML/1/tree.nwk
    jobid: 43
    wildcards: taxon=10, method=BEML, rep=1

[Fri Feb  5 09:33:18 2021]
Finished job 43.
6 of 63 steps (10%) done
Select jobs to execute...

[Fri Feb  5 09:33:18 2021]
rule run_grasp:
    input: indelible_output/10/cleaned_aln/1.fasta, indelible_output/10/cleaned_N0_trees/1.nwk
    output: grasp_results/10/SICML/1, grasp_results/10/SICML/1/GRASP_ancestors.fasta, grasp_results/10/SICML/1/tree.nwk
    jobid: 39
    wildcards: taxon=10, method=SICML, rep=1

[Fri Feb  5 09:33:19 2021]
Finished job 39.
7 of 63 steps (11%) done
Select jobs to execute...

[Fri Feb  5 09:33:19 2021]
rule run_grasp:
    input: indelible_output/10/cleaned_aln/1.fasta, indelible_output/10/cleaned_N0_trees/1.nwk
    output: grasp_results/10/BEP/1, grasp_results/10/BEP/1/GRASP_ancestors.fasta, grasp_results/10/BEP/1/tree.nwk
    jobid: 26
    wildcards: taxon=10, method=BEP, rep=1

[Fri Feb  5 09:33:20 2021]
Finished job 26.
8 of 63 steps (13%) done
Select jobs to execute...

[Fri Feb  5 09:33:20 2021]
rule run_indelible:
    input: indelible/5_control.txt
    output: indelible_output/5/trees/1.nwk, indelible_output/5/5_TRUE_1.fasta, indelible_output/5/5_ANCESTRAL_1.fasta, indelible_output/5/N0_trees/1.nwk
    jobid: 7
    wildcards: taxon=5, rep=1

[Fri Feb  5 09:33:21 2021]
Finished job 7.
9 of 63 steps (14%) done
Select jobs to execute...

[Fri Feb  5 09:33:21 2021]
rule concat_indelible:
    input: indelible_output/5/5_TRUE_1.fasta, indelible_output/5/5_ANCESTRAL_1.fasta
    output: indelible_output/5/concatenated/5_1.fasta
    jobid: 9
    wildcards: taxon=5, rep=1

[Fri Feb  5 09:33:21 2021]
Finished job 9.
10 of 63 steps (16%) done
Select jobs to execute...

[Fri Feb  5 09:33:21 2021]
rule clean_indelible:
    input: indelible_output/5/N0_trees/1.nwk, indelible_output/5/concatenated/5_1.fasta
    output: indelible_output/5/cleaned_aln/1.fasta, indelible_output/5/concatenated/1.fasta, indelible_output/5/cleaned_trees/1.nwk, indelible_output/5/cleaned_N0_trees/1.nwk, indelible_output/5/cleaned_no_internal_trees/1.nwk
    jobid: 6
    wildcards: taxon=5, rep=1

[Fri Feb  5 09:33:22 2021]
Finished job 6.
11 of 63 steps (17%) done
Select jobs to execute...

[Fri Feb  5 09:33:22 2021]
rule run_grasp:
    input: indelible_output/5/cleaned_aln/1.fasta, indelible_output/5/cleaned_N0_trees/1.nwk
    output: grasp_results/5/SICML/1, grasp_results/5/SICML/1/GRASP_ancestors.fasta, grasp_results/5/SICML/1/tree.nwk
    jobid: 18
    wildcards: taxon=5, method=SICML, rep=1

[Fri Feb  5 09:33:22 2021]
Finished job 18.
12 of 63 steps (19%) done
Select jobs to execute...

[Fri Feb  5 09:33:22 2021]
rule run_grasp:
    input: indelible_output/5/cleaned_aln/1.fasta, indelible_output/5/cleaned_N0_trees/1.nwk
    output: grasp_results/5/BEML/1, grasp_results/5/BEML/1/GRASP_ancestors.fasta, grasp_results/5/BEML/1/tree.nwk
    jobid: 22
    wildcards: taxon=5, method=BEML, rep=1

[Fri Feb  5 09:33:23 2021]
Finished job 22.
13 of 63 steps (21%) done
Select jobs to execute...

[Fri Feb  5 09:33:23 2021]
rule run_grasp:
    input: indelible_output/5/cleaned_aln/1.fasta, indelible_output/5/cleaned_N0_trees/1.nwk
    output: grasp_results/5/SICP/1, grasp_results/5/SICP/1/GRASP_ancestors.fasta, grasp_results/5/SICP/1/tree.nwk
    jobid: 14
    wildcards: taxon=5, method=SICP, rep=1

[Fri Feb  5 09:33:24 2021]
Finished job 14.
14 of 63 steps (22%) done
Select jobs to execute...

[Fri Feb  5 09:33:24 2021]
rule run_fastml:
    input: indelible_output/5/cleaned_aln/1.fasta, indelible_output/5/cleaned_no_internal_trees/1.nwk
    output: fastml_results/5/1/seq.marginal_Chars_ParsimonyIndels.txt, fastml_results/5/1/seq.marginal_IndelAndChars.txt, fastml_results/5/1/tree.newick.txt, fastml_results/5/1
    jobid: 48
    wildcards: taxon=5, rep=1

[Fri Feb  5 09:33:26 2021]
Finished job 48.
15 of 63 steps (24%) done
Select jobs to execute...

[Fri Feb  5 09:33:26 2021]
rule clean_fastml_ml:
    input: fastml_results/5/1/seq.marginal_IndelAndChars.txt, fastml_results/5/1/tree.newick.txt
    output: fastml_results_ml/5/concatenated/1/FastML_ancestors.fasta, fastml_results_ml/5/cleaned_trees/1/tree.nwk, fastml_results_ml/5/cleaned_N0_trees/1/tree.nwk
    jobid: 55
    wildcards: taxon=5, rep=1

[Fri Feb  5 09:33:27 2021]
Finished job 55.
16 of 63 steps (25%) done
Select jobs to execute...

[Fri Feb  5 09:33:27 2021]
rule clean_fastml_parsimony:
    input: fastml_results/5/1/seq.marginal_Chars_ParsimonyIndels.txt, fastml_results/5/1/tree.newick.txt
    output: fastml_results_parsimony/5/concatenated/1/FastML_ancestors.fasta, fastml_results_parsimony/5/cleaned_trees/1/tree.nwk, fastml_results_parsimony/5/cleaned_N0_trees/1/tree.nwk
    jobid: 47
    wildcards: taxon=5, rep=1

[Fri Feb  5 09:33:28 2021]
Finished job 47.
17 of 63 steps (27%) done
Select jobs to execute...

[Fri Feb  5 09:33:28 2021]
rule concat_fasta:
    input: indelible_output/5/cleaned_aln/1.fasta, grasp_results/5/SICML/1/GRASP_ancestors.fasta
    output: grasp_results/concatenated/5/SICML/1/GRASP_ancestors.fasta
    jobid: 19
    wildcards: taxon=5, method=SICML, rep=1

[Fri Feb  5 09:33:28 2021]
Finished job 19.
18 of 63 steps (29%) done
Select jobs to execute...

[Fri Feb  5 09:33:28 2021]
rule concat_fasta:
    input: indelible_output/5/cleaned_aln/1.fasta, grasp_results/5/SICP/1/GRASP_ancestors.fasta
    output: grasp_results/concatenated/5/SICP/1/GRASP_ancestors.fasta
    jobid: 15
    wildcards: taxon=5, method=SICP, rep=1

[Fri Feb  5 09:33:28 2021]
Finished job 15.
19 of 63 steps (30%) done
Select jobs to execute...

[Fri Feb  5 09:33:28 2021]
rule concat_fasta:
    input: indelible_output/10/cleaned_aln/1.fasta, grasp_results/10/SICML/1/GRASP_ancestors.fasta
    output: grasp_results/concatenated/10/SICML/1/GRASP_ancestors.fasta
    jobid: 40
    wildcards: taxon=10, method=SICML, rep=1

[Fri Feb  5 09:33:28 2021]
Finished job 40.
20 of 63 steps (32%) done
Select jobs to execute...

[Fri Feb  5 09:33:28 2021]
rule concat_fasta:
    input: indelible_output/10/cleaned_aln/1.fasta, grasp_results/10/BEML/1/GRASP_ancestors.fasta
    output: grasp_results/concatenated/10/BEML/1/GRASP_ancestors.fasta
    jobid: 44
    wildcards: taxon=10, method=BEML, rep=1

[Fri Feb  5 09:33:28 2021]
Finished job 44.
21 of 63 steps (33%) done
Select jobs to execute...

[Fri Feb  5 09:33:28 2021]
rule get_indelible_dict:
    input: indelible_output/10/concatenated/1.fasta, indelible_output/10/cleaned_N0_trees/1.nwk
    output: indelible_dicts/10/leaves_1.p, indelible_dicts/10/gaps_1.p
    jobid: 32
    wildcards: taxon=10, rep=1

[Fri Feb  5 09:33:29 2021]
Finished job 32.
22 of 63 steps (35%) done
Select jobs to execute...

[Fri Feb  5 09:33:29 2021]
rule summarise_indelible:
    input: indelible_output/10/cleaned_N0_trees/1.nwk, indelible_output/10/concatenated/1.fasta, indelible_output/10/cleaned_N0_trees/1.nwk, indelible_output/10/concatenated/1.fasta, indelible_dicts/10/leaves_1.p, indelible_dicts/10/gaps_1.p
    output: indelible_summaries/10/1.csv
    jobid: 62
    wildcards: taxon=10, rep=1

[Fri Feb  5 09:33:30 2021]
Finished job 62.
23 of 63 steps (37%) done
Select jobs to execute...

[Fri Feb  5 09:33:30 2021]
rule concat_indelible_summaries:
    input: indelible_summaries/10/1.csv
    output: concatenated_indelible_summaries/10.csv
    jobid: 61
    wildcards: taxon=10

[Fri Feb  5 09:33:30 2021]
Finished job 61.
24 of 63 steps (38%) done
Select jobs to execute...

[Fri Feb  5 09:33:30 2021]
rule summarise_indels:
    input: grasp_results/10/BEML/1/tree.nwk, grasp_results/concatenated/10/BEML/1/GRASP_ancestors.fasta, indelible_output/10/cleaned_N0_trees/1.nwk, indelible_output/10/concatenated/1.fasta, indelible_dicts/10/leaves_1.p, indelible_dicts/10/gaps_1.p
    output: summaries/10/BEML/1.csv
    jobid: 42
    wildcards: taxon=10, method=BEML, rep=1

[Fri Feb  5 09:33:30 2021]
Finished job 42.
25 of 63 steps (40%) done
Select jobs to execute...

[Fri Feb  5 09:33:30 2021]
rule concat_summaries:
    input: summaries/10/BEML/1.csv
    output: concatenated_summaries/10_BEML.csv
    jobid: 41
    wildcards: taxon=10, method=BEML

[Fri Feb  5 09:33:30 2021]
Finished job 41.
26 of 63 steps (41%) done
Select jobs to execute...

[Fri Feb  5 09:33:31 2021]
rule summarise_indels:
    input: grasp_results/10/SICML/1/tree.nwk, grasp_results/concatenated/10/SICML/1/GRASP_ancestors.fasta, indelible_output/10/cleaned_N0_trees/1.nwk, indelible_output/10/concatenated/1.fasta, indelible_dicts/10/leaves_1.p, indelible_dicts/10/gaps_1.p
    output: summaries/10/SICML/1.csv
    jobid: 38
    wildcards: taxon=10, method=SICML, rep=1

[Fri Feb  5 09:33:31 2021]
Finished job 38.
27 of 63 steps (43%) done
Select jobs to execute...

[Fri Feb  5 09:33:31 2021]
rule concat_summaries:
    input: summaries/10/SICML/1.csv
    output: concatenated_summaries/10_SICML.csv
    jobid: 37
    wildcards: taxon=10, method=SICML

[Fri Feb  5 09:33:31 2021]
Finished job 37.
28 of 63 steps (44%) done
Select jobs to execute...

[Fri Feb  5 09:33:31 2021]
rule concat_fasta:
    input: indelible_output/5/cleaned_aln/1.fasta, grasp_results/5/BEML/1/GRASP_ancestors.fasta
    output: grasp_results/concatenated/5/BEML/1/GRASP_ancestors.fasta
    jobid: 23
    wildcards: taxon=5, method=BEML, rep=1

[Fri Feb  5 09:33:31 2021]
Finished job 23.
29 of 63 steps (46%) done
Select jobs to execute...

[Fri Feb  5 09:33:31 2021]
rule concat_fasta:
    input: indelible_output/10/cleaned_aln/1.fasta, grasp_results/10/BEP/1/GRASP_ancestors.fasta
    output: grasp_results/concatenated/10/BEP/1/GRASP_ancestors.fasta
    jobid: 31
    wildcards: taxon=10, method=BEP, rep=1

[Fri Feb  5 09:33:31 2021]
Finished job 31.
30 of 63 steps (48%) done
Select jobs to execute...

[Fri Feb  5 09:33:32 2021]
rule summarise_indels:
    input: grasp_results/10/BEP/1/tree.nwk, grasp_results/concatenated/10/BEP/1/GRASP_ancestors.fasta, indelible_output/10/cleaned_N0_trees/1.nwk, indelible_output/10/concatenated/1.fasta, indelible_dicts/10/leaves_1.p, indelible_dicts/10/gaps_1.p
    output: summaries/10/BEP/1.csv
    jobid: 25
    wildcards: taxon=10, method=BEP, rep=1

[Fri Feb  5 09:33:32 2021]
Finished job 25.
31 of 63 steps (49%) done
Select jobs to execute...

[Fri Feb  5 09:33:32 2021]
rule concat_summaries:
    input: summaries/10/BEP/1.csv
    output: concatenated_summaries/10_BEP.csv
    jobid: 24
    wildcards: taxon=10, method=BEP

[Fri Feb  5 09:33:32 2021]
Finished job 24.
32 of 63 steps (51%) done
Select jobs to execute...

[Fri Feb  5 09:33:32 2021]
rule run_fastml:
    input: indelible_output/10/cleaned_aln/1.fasta, indelible_output/10/cleaned_no_internal_trees/1.nwk
    output: fastml_results/10/1/seq.marginal_Chars_ParsimonyIndels.txt, fastml_results/10/1/seq.marginal_IndelAndChars.txt, fastml_results/10/1/tree.newick.txt, fastml_results/10/1
    jobid: 52
    wildcards: taxon=10, rep=1

[Fri Feb  5 09:33:40 2021]
Finished job 52.
33 of 63 steps (52%) done
Select jobs to execute...

[Fri Feb  5 09:33:40 2021]
rule clean_fastml_parsimony:
    input: fastml_results/10/1/seq.marginal_Chars_ParsimonyIndels.txt, fastml_results/10/1/tree.newick.txt
    output: fastml_results_parsimony/10/concatenated/1/FastML_ancestors.fasta, fastml_results_parsimony/10/cleaned_trees/1/tree.nwk, fastml_results_parsimony/10/cleaned_N0_trees/1/tree.nwk
    jobid: 51
    wildcards: taxon=10, rep=1

[Fri Feb  5 09:33:41 2021]
Finished job 51.
34 of 63 steps (54%) done
Select jobs to execute...

[Fri Feb  5 09:33:41 2021]
rule clean_fastml_ml:
    input: fastml_results/10/1/seq.marginal_IndelAndChars.txt, fastml_results/10/1/tree.newick.txt
    output: fastml_results_ml/10/concatenated/1/FastML_ancestors.fasta, fastml_results_ml/10/cleaned_trees/1/tree.nwk, fastml_results_ml/10/cleaned_N0_trees/1/tree.nwk
    jobid: 58
    wildcards: taxon=10, rep=1

[Fri Feb  5 09:33:43 2021]
Finished job 58.
35 of 63 steps (56%) done
Select jobs to execute...

[Fri Feb  5 09:33:43 2021]
rule summarise_fastml_parsimony_indels:
    input: fastml_results_parsimony/10/concatenated/1/FastML_ancestors.fasta, fastml_results_parsimony/10/cleaned_N0_trees/1/tree.nwk, indelible_output/10/cleaned_N0_trees/1.nwk, indelible_output/10/concatenated/1.fasta, indelible_dicts/10/leaves_1.p, indelible_dicts/10/gaps_1.p
    output: fastml_parsimony_summaries/10/fastml/1.csv
    jobid: 50
    wildcards: taxon=10, rep=1

[Fri Feb  5 09:33:44 2021]
Finished job 50.
36 of 63 steps (57%) done
Select jobs to execute...

[Fri Feb  5 09:33:44 2021]
rule summarise_fastml_ml_indels:
    input: fastml_results_ml/10/concatenated/1/FastML_ancestors.fasta, fastml_results_ml/10/cleaned_N0_trees/1/tree.nwk, indelible_output/10/cleaned_N0_trees/1.nwk, indelible_output/10/concatenated/1.fasta, indelible_dicts/10/leaves_1.p, indelible_dicts/10/gaps_1.p
    output: fastml_ml_summaries/10/fastml/1.csv
    jobid: 57
    wildcards: taxon=10, rep=1

[Fri Feb  5 09:33:45 2021]
Finished job 57.
37 of 63 steps (59%) done
Select jobs to execute...

[Fri Feb  5 09:33:45 2021]
rule concat_fastml__ml_summaries:
    input: fastml_ml_summaries/10/fastml/1.csv
    output: concatenated_fastml_ml_summaries/10.csv
    jobid: 56
    wildcards: taxon=10

[Fri Feb  5 09:33:45 2021]
Finished job 56.
38 of 63 steps (60%) done
Select jobs to execute...

[Fri Feb  5 09:33:45 2021]
rule get_indelible_dict:
    input: indelible_output/5/concatenated/1.fasta, indelible_output/5/cleaned_N0_trees/1.nwk
    output: indelible_dicts/5/leaves_1.p, indelible_dicts/5/gaps_1.p
    jobid: 11
    wildcards: taxon=5, rep=1

[Fri Feb  5 09:33:46 2021]
Finished job 11.
39 of 63 steps (62%) done
Select jobs to execute...

[Fri Feb  5 09:33:46 2021]
rule summarise_indelible:
    input: indelible_output/5/cleaned_N0_trees/1.nwk, indelible_output/5/concatenated/1.fasta, indelible_output/5/cleaned_N0_trees/1.nwk, indelible_output/5/concatenated/1.fasta, indelible_dicts/5/leaves_1.p, indelible_dicts/5/gaps_1.p
    output: indelible_summaries/5/1.csv
    jobid: 60
    wildcards: taxon=5, rep=1

[Fri Feb  5 09:33:47 2021]
Finished job 60.
40 of 63 steps (63%) done
Select jobs to execute...

[Fri Feb  5 09:33:47 2021]
rule summarise_fastml_ml_indels:
    input: fastml_results_ml/5/concatenated/1/FastML_ancestors.fasta, fastml_results_ml/5/cleaned_N0_trees/1/tree.nwk, indelible_output/5/cleaned_N0_trees/1.nwk, indelible_output/5/concatenated/1.fasta, indelible_dicts/5/leaves_1.p, indelible_dicts/5/gaps_1.p
    output: fastml_ml_summaries/5/fastml/1.csv
    jobid: 54
    wildcards: taxon=5, rep=1

[Fri Feb  5 09:33:47 2021]
Finished job 54.
41 of 63 steps (65%) done
Select jobs to execute...

[Fri Feb  5 09:33:47 2021]
rule summarise_indels:
    input: grasp_results/5/BEML/1/tree.nwk, grasp_results/concatenated/5/BEML/1/GRASP_ancestors.fasta, indelible_output/5/cleaned_N0_trees/1.nwk, indelible_output/5/concatenated/1.fasta, indelible_dicts/5/leaves_1.p, indelible_dicts/5/gaps_1.p
    output: summaries/5/BEML/1.csv
    jobid: 21
    wildcards: taxon=5, method=BEML, rep=1

[Fri Feb  5 09:33:48 2021]
Finished job 21.
42 of 63 steps (67%) done
Select jobs to execute...

[Fri Feb  5 09:33:48 2021]
rule summarise_indels:
    input: grasp_results/5/SICML/1/tree.nwk, grasp_results/concatenated/5/SICML/1/GRASP_ancestors.fasta, indelible_output/5/cleaned_N0_trees/1.nwk, indelible_output/5/concatenated/1.fasta, indelible_dicts/5/leaves_1.p, indelible_dicts/5/gaps_1.p
    output: summaries/5/SICML/1.csv
    jobid: 17
    wildcards: taxon=5, method=SICML, rep=1

[Fri Feb  5 09:33:49 2021]
Finished job 17.
43 of 63 steps (68%) done
Select jobs to execute...

[Fri Feb  5 09:33:49 2021]
rule summarise_indels:
    input: grasp_results/5/SICP/1/tree.nwk, grasp_results/concatenated/5/SICP/1/GRASP_ancestors.fasta, indelible_output/5/cleaned_N0_trees/1.nwk, indelible_output/5/concatenated/1.fasta, indelible_dicts/5/leaves_1.p, indelible_dicts/5/gaps_1.p
    output: summaries/5/SICP/1.csv
    jobid: 13
    wildcards: taxon=5, method=SICP, rep=1

[Fri Feb  5 09:33:50 2021]
Finished job 13.
44 of 63 steps (70%) done
Select jobs to execute...

[Fri Feb  5 09:33:50 2021]
rule concat_fastml__ml_summaries:
    input: fastml_ml_summaries/5/fastml/1.csv
    output: concatenated_fastml_ml_summaries/5.csv
    jobid: 53
    wildcards: taxon=5

[Fri Feb  5 09:33:50 2021]
Finished job 53.
45 of 63 steps (71%) done
Select jobs to execute...

[Fri Feb  5 09:33:50 2021]
rule concat_indelible_summaries:
    input: indelible_summaries/5/1.csv
    output: concatenated_indelible_summaries/5.csv
    jobid: 59
    wildcards: taxon=5

[Fri Feb  5 09:33:50 2021]
Finished job 59.
46 of 63 steps (73%) done
Select jobs to execute...

[Fri Feb  5 09:33:50 2021]
rule concat_fastml_summaries:
    input: fastml_parsimony_summaries/10/fastml/1.csv
    output: concatenated_fastml_parsimony_summaries/10.csv
    jobid: 49
    wildcards: taxon=10

[Fri Feb  5 09:33:50 2021]
Finished job 49.
47 of 63 steps (75%) done
Select jobs to execute...

[Fri Feb  5 09:33:50 2021]
rule concat_summaries:
    input: summaries/5/SICP/1.csv
    output: concatenated_summaries/5_SICP.csv
    jobid: 12
    wildcards: taxon=5, method=SICP

[Fri Feb  5 09:33:50 2021]
Finished job 12.
48 of 63 steps (76%) done
Select jobs to execute...

[Fri Feb  5 09:33:50 2021]
rule concat_summaries:
    input: summaries/5/SICML/1.csv
    output: concatenated_summaries/5_SICML.csv
    jobid: 16
    wildcards: taxon=5, method=SICML

[Fri Feb  5 09:33:50 2021]
Finished job 16.
49 of 63 steps (78%) done
Select jobs to execute...

[Fri Feb  5 09:33:50 2021]
rule concat_summaries:
    input: summaries/5/BEML/1.csv
    output: concatenated_summaries/5_BEML.csv
    jobid: 20
    wildcards: taxon=5, method=BEML

[Fri Feb  5 09:33:50 2021]
Finished job 20.
50 of 63 steps (79%) done
Select jobs to execute...

[Fri Feb  5 09:33:50 2021]
rule run_grasp:
    input: indelible_output/10/cleaned_aln/1.fasta, indelible_output/10/cleaned_N0_trees/1.nwk
    output: grasp_results/10/SICP/1, grasp_results/10/SICP/1/GRASP_ancestors.fasta, grasp_results/10/SICP/1/tree.nwk
    jobid: 35
    wildcards: taxon=10, method=SICP, rep=1

[Fri Feb  5 09:33:51 2021]
Finished job 35.
51 of 63 steps (81%) done
Select jobs to execute...

[Fri Feb  5 09:33:51 2021]
rule run_grasp:
    input: indelible_output/5/cleaned_aln/1.fasta, indelible_output/5/cleaned_N0_trees/1.nwk
    output: grasp_results/5/BEP/1, grasp_results/5/BEP/1/GRASP_ancestors.fasta, grasp_results/5/BEP/1/tree.nwk
    jobid: 5
    wildcards: taxon=5, method=BEP, rep=1

[Fri Feb  5 09:33:52 2021]
Finished job 5.
52 of 63 steps (83%) done
Select jobs to execute...

[Fri Feb  5 09:33:52 2021]
rule concat_fasta:
    input: indelible_output/5/cleaned_aln/1.fasta, grasp_results/5/BEP/1/GRASP_ancestors.fasta
    output: grasp_results/concatenated/5/BEP/1/GRASP_ancestors.fasta
    jobid: 10
    wildcards: taxon=5, method=BEP, rep=1

[Fri Feb  5 09:33:52 2021]
Finished job 10.
53 of 63 steps (84%) done
Select jobs to execute...

[Fri Feb  5 09:33:52 2021]
rule summarise_fastml_parsimony_indels:
    input: fastml_results_parsimony/5/concatenated/1/FastML_ancestors.fasta, fastml_results_parsimony/5/cleaned_N0_trees/1/tree.nwk, indelible_output/5/cleaned_N0_trees/1.nwk, indelible_output/5/concatenated/1.fasta, indelible_dicts/5/leaves_1.p, indelible_dicts/5/gaps_1.p
    output: fastml_parsimony_summaries/5/fastml/1.csv
    jobid: 46
    wildcards: taxon=5, rep=1

[Fri Feb  5 09:33:53 2021]
Finished job 46.
54 of 63 steps (86%) done
Select jobs to execute...

[Fri Feb  5 09:33:53 2021]
rule concat_fasta:
    input: indelible_output/10/cleaned_aln/1.fasta, grasp_results/10/SICP/1/GRASP_ancestors.fasta
    output: grasp_results/concatenated/10/SICP/1/GRASP_ancestors.fasta
    jobid: 36
    wildcards: taxon=10, method=SICP, rep=1

[Fri Feb  5 09:33:53 2021]
Finished job 36.
55 of 63 steps (87%) done
Select jobs to execute...

[Fri Feb  5 09:33:53 2021]
rule summarise_indels:
    input: grasp_results/5/BEP/1/tree.nwk, grasp_results/concatenated/5/BEP/1/GRASP_ancestors.fasta, indelible_output/5/cleaned_N0_trees/1.nwk, indelible_output/5/concatenated/1.fasta, indelible_dicts/5/leaves_1.p, indelible_dicts/5/gaps_1.p
    output: summaries/5/BEP/1.csv
    jobid: 4
    wildcards: taxon=5, method=BEP, rep=1

[Fri Feb  5 09:33:54 2021]
Finished job 4.
56 of 63 steps (89%) done
Select jobs to execute...

[Fri Feb  5 09:33:54 2021]
rule concat_summaries:
    input: summaries/5/BEP/1.csv
    output: concatenated_summaries/5_BEP.csv
    jobid: 3
    wildcards: taxon=5, method=BEP

[Fri Feb  5 09:33:54 2021]
Finished job 3.
57 of 63 steps (90%) done
Select jobs to execute...

[Fri Feb  5 09:33:54 2021]
rule summarise_indels:
    input: grasp_results/10/SICP/1/tree.nwk, grasp_results/concatenated/10/SICP/1/GRASP_ancestors.fasta, indelible_output/10/cleaned_N0_trees/1.nwk, indelible_output/10/concatenated/1.fasta, indelible_dicts/10/leaves_1.p, indelible_dicts/10/gaps_1.p
    output: summaries/10/SICP/1.csv
    jobid: 34
    wildcards: taxon=10, method=SICP, rep=1

[Fri Feb  5 09:33:55 2021]
Finished job 34.
58 of 63 steps (92%) done
Select jobs to execute...

[Fri Feb  5 09:33:55 2021]
rule concat_fastml_summaries:
    input: fastml_parsimony_summaries/5/fastml/1.csv
    output: concatenated_fastml_parsimony_summaries/5.csv
    jobid: 45
    wildcards: taxon=5

[Fri Feb  5 09:33:55 2021]
Finished job 45.
59 of 63 steps (94%) done
Select jobs to execute...

[Fri Feb  5 09:33:55 2021]
rule concat_summaries:
    input: summaries/10/SICP/1.csv
    output: concatenated_summaries/10_SICP.csv
    jobid: 33
    wildcards: taxon=10, method=SICP

[Fri Feb  5 09:33:55 2021]
Finished job 33.
60 of 63 steps (95%) done
Select jobs to execute...

[Fri Feb  5 09:33:55 2021]
rule generate_output_dict:
    input: concatenated_summaries/5_BEP.csv, concatenated_summaries/5_SICP.csv, concatenated_summaries/5_SICML.csv, concatenated_summaries/5_BEML.csv, concatenated_summaries/10_BEP.csv, concatenated_summaries/10_SICP.csv, concatenated_summaries/10_SICML.csv, concatenated_summaries/10_BEML.csv, concatenated_fastml_parsimony_summaries/5.csv, concatenated_fastml_parsimony_summaries/10.csv, concatenated_fastml_ml_summaries/5.csv, concatenated_fastml_ml_summaries/10.csv, concatenated_indelible_summaries/5.csv, concatenated_indelible_summaries/10.csv
    output: output_dicts/output.p
    jobid: 2

[Fri Feb  5 09:34:01 2021]
Finished job 2.
61 of 63 steps (97%) done
Select jobs to execute...

[Fri Feb  5 09:34:01 2021]
rule generate_latex:
    input: output_dicts/output.p
    output: plots/plot.tex
    jobid: 1

[Fri Feb  5 09:34:01 2021]
Finished job 1.
62 of 63 steps (98%) done
Select jobs to execute...

[Fri Feb  5 09:34:01 2021]
rule compile_latex:
    input: plots/plot.tex
    output: plots/plot.pdf
    jobid: 0

Terminating processes on user request, this might take some time.
Cancelling snakemake on user request.
