Building DAG of jobs...
Using shell: /bin/bash
Provided cores: 1 (use --cores to define parallelism)
Rules claiming more threads will be scaled down.
Job counts:
	count	jobs
	5	clean_indelible
	1	compile_latex
	5	concat_fasta
	5	concat_indelible
	1	concat_indelible_summaries
	1	concat_summaries
	1	generate_latex
	1	generate_output_dict
	5	get_indelible_dict
	5	run_grasp
	4	run_indelible
	5	summarise_indelible
	5	summarise_indels
	44
Select jobs to execute...

[Thu Feb 18 10:43:55 2021]
rule run_indelible:
    input: indelible/4_control.txt
    output: indelible_output/4/trees/3.nwk, indelible_output/4/4_TRUE_3.fasta, indelible_output/4/4_ANCESTRAL_3.fasta, indelible_output/4/N0_trees/3.nwk
    jobid: 22
    wildcards: taxon=4, rep=3

Waiting at most 1 seconds for missing files.
MissingOutputException in line 15 of /Users/gabefoley/Dropbox/PhD/20210121_Indel_Evaluation_Project/Indel_Evaluation_Snakemake/Snakefile:
Job Missing files after 1 seconds:
indelible_output/4/trees/3.nwk
indelible_output/4/4_TRUE_3.fasta
indelible_output/4/4_ANCESTRAL_3.fasta
indelible_output/4/N0_trees/3.nwk
This might be due to filesystem latency. If that is the case, consider to increase the wait time with --latency-wait.
Job id: 22 completed successfully, but some output files are missing. 22
  File "/Users/gabefoley/miniconda3_latest/envs/indel_snakemake/lib/python3.9/site-packages/snakemake/executors/__init__.py", line 583, in handle_job_success
  File "/Users/gabefoley/miniconda3_latest/envs/indel_snakemake/lib/python3.9/site-packages/snakemake/executors/__init__.py", line 252, in handle_job_success
Shutting down, this might take some time.
Exiting because a job execution failed. Look above for error message
Complete log: /Users/gabefoley/Dropbox/PhD/20210121_Indel_Evaluation_Project/Indel_Evaluation_Snakemake/.snakemake/log/2021-02-18T104354.956494.snakemake.log
