Building DAG of jobs...
Using shell: /bin/bash
Provided cores: 1 (use --cores to define parallelism)
Rules claiming more threads will be scaled down.
Job counts:
	count	jobs
	1	clean_fastml
	1
Select jobs to execute...

[Tue Feb  2 09:26:23 2021]
rule clean_fastml:
    input: fastml_results/10/1/seq.joint.txt, fastml_results/10/1/tree.newick.txt
    output: fastml_results/10/concatenated/1/FastML_ancestors.fasta, fastml_results/10/cleaned_N0_tree/1/tree.nwk
    jobid: 0
    wildcards: taxon=10, rep=1

[Tue Feb  2 09:26:24 2021]
Error in rule clean_fastml:
    jobid: 0
    output: fastml_results/10/concatenated/1/FastML_ancestors.fasta, fastml_results/10/cleaned_N0_tree/1/tree.nwk

RuleException:
CalledProcessError in line 71 of /Users/gabefoley/Dropbox/PhD/20210121_Indel_Evaluation_Project/Indel_Evaluation_Snakemake/Snakefile:
Command 'set -euo pipefail;  /Users/gabefoley/miniconda3_latest/envs/indel_snakemake/bin/python3.9 /Users/gabefoley/Dropbox/PhD/20210121_Indel_Evaluation_Project/Indel_Evaluation_Snakemake/.snakemake/scripts/tmpfzwnhlut.clean_fastml.py' returned non-zero exit status 1.
  File "/Users/gabefoley/miniconda3_latest/envs/indel_snakemake/lib/python3.9/site-packages/snakemake/executors/__init__.py", line 2319, in run_wrapper
  File "/Users/gabefoley/Dropbox/PhD/20210121_Indel_Evaluation_Project/Indel_Evaluation_Snakemake/Snakefile", line 71, in __rule_clean_fastml
  File "/Users/gabefoley/miniconda3_latest/envs/indel_snakemake/lib/python3.9/site-packages/snakemake/executors/__init__.py", line 568, in _callback
  File "/Users/gabefoley/miniconda3_latest/envs/indel_snakemake/lib/python3.9/concurrent/futures/thread.py", line 52, in run
  File "/Users/gabefoley/miniconda3_latest/envs/indel_snakemake/lib/python3.9/site-packages/snakemake/executors/__init__.py", line 554, in cached_or_run
  File "/Users/gabefoley/miniconda3_latest/envs/indel_snakemake/lib/python3.9/site-packages/snakemake/executors/__init__.py", line 2350, in run_wrapper
Removing output files of failed job clean_fastml since they might be corrupted:
fastml_results/10/concatenated/1/FastML_ancestors.fasta
Shutting down, this might take some time.
Exiting because a job execution failed. Look above for error message
Complete log: /Users/gabefoley/Dropbox/PhD/20210121_Indel_Evaluation_Project/Indel_Evaluation_Snakemake/.snakemake/log/2021-02-02T092623.412381.snakemake.log
