Building DAG of jobs...
Using shell: /bin/bash
Provided cores: 1 (use --cores to define parallelism)
Rules claiming more threads will be scaled down.
Conda environments: ignored
Job counts:
	count	jobs
	1	all
	2	create_control_files
	40	run_indelible
	43
Select jobs to execute...

[Sun Jan 24 19:09:39 2021]
rule create_control_files:
    output: indelible/40_control.txt
    jobid: 2
    wildcards: taxon=40

[Sun Jan 24 19:09:39 2021]
Finished job 2.
1 of 43 steps (2%) done
Select jobs to execute...

[Sun Jan 24 19:09:39 2021]
rule run_indelible:
    input: indelible/40_control.txt
    output: indelible_output/40/40_TRUE_10.fas
    jobid: 11
    wildcards: taxon=40, rep=10

[Sun Jan 24 19:09:40 2021]
Finished job 11.
2 of 43 steps (5%) done
Select jobs to execute...

[Sun Jan 24 19:09:40 2021]
rule run_indelible:
    input: indelible/40_control.txt
    output: indelible_output/40/40_TRUE_18.fas
    jobid: 19
    wildcards: taxon=40, rep=18

Warning: the following output files of rule run_indelible were not present when the DAG was created:
{'indelible_output/40/40_TRUE_18.fas'}
[Sun Jan 24 19:09:41 2021]
Finished job 19.
3 of 43 steps (7%) done
Select jobs to execute...

[Sun Jan 24 19:09:41 2021]
rule run_indelible:
    input: indelible/40_control.txt
    output: indelible_output/40/40_TRUE_4.fas
    jobid: 5
    wildcards: taxon=40, rep=4

Warning: the following output files of rule run_indelible were not present when the DAG was created:
{'indelible_output/40/40_TRUE_4.fas'}
[Sun Jan 24 19:09:42 2021]
Finished job 5.
4 of 43 steps (9%) done
Select jobs to execute...

[Sun Jan 24 19:09:42 2021]
rule run_indelible:
    input: indelible/40_control.txt
    output: indelible_output/40/40_TRUE_6.fas
    jobid: 7
    wildcards: taxon=40, rep=6

Warning: the following output files of rule run_indelible were not present when the DAG was created:
{'indelible_output/40/40_TRUE_6.fas'}
[Sun Jan 24 19:09:43 2021]
Finished job 7.
5 of 43 steps (12%) done
Select jobs to execute...

[Sun Jan 24 19:09:43 2021]
rule run_indelible:
    input: indelible/40_control.txt
    output: indelible_output/40/40_TRUE_13.fas
    jobid: 14
    wildcards: taxon=40, rep=13

Warning: the following output files of rule run_indelible were not present when the DAG was created:
{'indelible_output/40/40_TRUE_13.fas'}
[Sun Jan 24 19:09:44 2021]
Finished job 14.
6 of 43 steps (14%) done
Select jobs to execute...

[Sun Jan 24 19:09:44 2021]
rule run_indelible:
    input: indelible/40_control.txt
    output: indelible_output/40/40_TRUE_8.fas
    jobid: 9
    wildcards: taxon=40, rep=8

Warning: the following output files of rule run_indelible were not present when the DAG was created:
{'indelible_output/40/40_TRUE_8.fas'}
[Sun Jan 24 19:09:45 2021]
Finished job 9.
7 of 43 steps (16%) done
Select jobs to execute...

[Sun Jan 24 19:09:45 2021]
rule run_indelible:
    input: indelible/40_control.txt
    output: indelible_output/40/40_TRUE_16.fas
    jobid: 17
    wildcards: taxon=40, rep=16

Warning: the following output files of rule run_indelible were not present when the DAG was created:
{'indelible_output/40/40_TRUE_16.fas'}
[Sun Jan 24 19:09:46 2021]
Finished job 17.
8 of 43 steps (19%) done
Select jobs to execute...

[Sun Jan 24 19:09:46 2021]
rule run_indelible:
    input: indelible/40_control.txt
    output: indelible_output/40/40_TRUE_3.fas
    jobid: 4
    wildcards: taxon=40, rep=3

Warning: the following output files of rule run_indelible were not present when the DAG was created:
{'indelible_output/40/40_TRUE_3.fas'}
[Sun Jan 24 19:09:47 2021]
Finished job 4.
9 of 43 steps (21%) done
Select jobs to execute...

[Sun Jan 24 19:09:47 2021]
rule run_indelible:
    input: indelible/40_control.txt
    output: indelible_output/40/40_TRUE_5.fas
    jobid: 6
    wildcards: taxon=40, rep=5

Warning: the following output files of rule run_indelible were not present when the DAG was created:
{'indelible_output/40/40_TRUE_5.fas'}
[Sun Jan 24 19:09:48 2021]
Finished job 6.
10 of 43 steps (23%) done
Select jobs to execute...

[Sun Jan 24 19:09:48 2021]
rule run_indelible:
    input: indelible/40_control.txt
    output: indelible_output/40/40_TRUE_12.fas
    jobid: 13
    wildcards: taxon=40, rep=12

Warning: the following output files of rule run_indelible were not present when the DAG was created:
{'indelible_output/40/40_TRUE_12.fas'}
[Sun Jan 24 19:09:49 2021]
Finished job 13.
11 of 43 steps (26%) done
Select jobs to execute...

[Sun Jan 24 19:09:49 2021]
rule run_indelible:
    input: indelible/40_control.txt
    output: indelible_output/40/40_TRUE_20.fas
    jobid: 21
    wildcards: taxon=40, rep=20

Warning: the following output files of rule run_indelible were not present when the DAG was created:
{'indelible_output/40/40_TRUE_20.fas'}
[Sun Jan 24 19:09:50 2021]
Finished job 21.
12 of 43 steps (28%) done
Select jobs to execute...

[Sun Jan 24 19:09:50 2021]
rule run_indelible:
    input: indelible/40_control.txt
    output: indelible_output/40/40_TRUE_14.fas
    jobid: 15
    wildcards: taxon=40, rep=14

Warning: the following output files of rule run_indelible were not present when the DAG was created:
{'indelible_output/40/40_TRUE_14.fas'}
[Sun Jan 24 19:09:51 2021]
Finished job 15.
13 of 43 steps (30%) done
Select jobs to execute...

[Sun Jan 24 19:09:51 2021]
rule run_indelible:
    input: indelible/40_control.txt
    output: indelible_output/40/40_TRUE_1.fas
    jobid: 1
    wildcards: taxon=40, rep=1

Warning: the following output files of rule run_indelible were not present when the DAG was created:
{'indelible_output/40/40_TRUE_1.fas'}
[Sun Jan 24 19:09:52 2021]
Finished job 1.
14 of 43 steps (33%) done
Select jobs to execute...

[Sun Jan 24 19:09:52 2021]
rule run_indelible:
    input: indelible/40_control.txt
    output: indelible_output/40/40_TRUE_19.fas
    jobid: 20
    wildcards: taxon=40, rep=19

Warning: the following output files of rule run_indelible were not present when the DAG was created:
{'indelible_output/40/40_TRUE_19.fas'}
[Sun Jan 24 19:09:53 2021]
Finished job 20.
15 of 43 steps (35%) done
Select jobs to execute...

[Sun Jan 24 19:09:53 2021]
rule run_indelible:
    input: indelible/40_control.txt
    output: indelible_output/40/40_TRUE_11.fas
    jobid: 12
    wildcards: taxon=40, rep=11

Warning: the following output files of rule run_indelible were not present when the DAG was created:
{'indelible_output/40/40_TRUE_11.fas'}
[Sun Jan 24 19:09:54 2021]
Finished job 12.
16 of 43 steps (37%) done
Select jobs to execute...

[Sun Jan 24 19:09:54 2021]
rule run_indelible:
    input: indelible/40_control.txt
    output: indelible_output/40/40_TRUE_17.fas
    jobid: 18
    wildcards: taxon=40, rep=17

Warning: the following output files of rule run_indelible were not present when the DAG was created:
{'indelible_output/40/40_TRUE_17.fas'}
[Sun Jan 24 19:09:55 2021]
Finished job 18.
17 of 43 steps (40%) done
Select jobs to execute...

[Sun Jan 24 19:09:55 2021]
rule run_indelible:
    input: indelible/40_control.txt
    output: indelible_output/40/40_TRUE_9.fas
    jobid: 10
    wildcards: taxon=40, rep=9

Warning: the following output files of rule run_indelible were not present when the DAG was created:
{'indelible_output/40/40_TRUE_9.fas'}
[Sun Jan 24 19:09:56 2021]
Finished job 10.
18 of 43 steps (42%) done
Select jobs to execute...

[Sun Jan 24 19:09:56 2021]
rule run_indelible:
    input: indelible/40_control.txt
    output: indelible_output/40/40_TRUE_7.fas
    jobid: 8
    wildcards: taxon=40, rep=7

Warning: the following output files of rule run_indelible were not present when the DAG was created:
{'indelible_output/40/40_TRUE_7.fas'}
[Sun Jan 24 19:09:57 2021]
Finished job 8.
19 of 43 steps (44%) done
Select jobs to execute...

[Sun Jan 24 19:09:57 2021]
rule create_control_files:
    output: indelible/80_control.txt
    jobid: 23
    wildcards: taxon=80

[Sun Jan 24 19:09:57 2021]
Finished job 23.
20 of 43 steps (47%) done
Select jobs to execute...

[Sun Jan 24 19:09:57 2021]
rule run_indelible:
    input: indelible/80_control.txt
    output: indelible_output/80/80_TRUE_18.fas
    jobid: 40
    wildcards: taxon=80, rep=18

[Sun Jan 24 19:09:59 2021]
Finished job 40.
21 of 43 steps (49%) done
Select jobs to execute...

[Sun Jan 24 19:09:59 2021]
rule run_indelible:
    input: indelible/80_control.txt
    output: indelible_output/80/80_TRUE_4.fas
    jobid: 26
    wildcards: taxon=80, rep=4

Warning: the following output files of rule run_indelible were not present when the DAG was created:
{'indelible_output/80/80_TRUE_4.fas'}
[Sun Jan 24 19:10:01 2021]
Finished job 26.
22 of 43 steps (51%) done
Select jobs to execute...

[Sun Jan 24 19:10:01 2021]
rule run_indelible:
    input: indelible/80_control.txt
    output: indelible_output/80/80_TRUE_12.fas
    jobid: 34
    wildcards: taxon=80, rep=12

Warning: the following output files of rule run_indelible were not present when the DAG was created:
{'indelible_output/80/80_TRUE_12.fas'}
[Sun Jan 24 19:10:02 2021]
Finished job 34.
23 of 43 steps (53%) done
Select jobs to execute...

[Sun Jan 24 19:10:02 2021]
rule run_indelible:
    input: indelible/80_control.txt
    output: indelible_output/80/80_TRUE_19.fas
    jobid: 41
    wildcards: taxon=80, rep=19

Warning: the following output files of rule run_indelible were not present when the DAG was created:
{'indelible_output/80/80_TRUE_19.fas'}
[Sun Jan 24 19:10:04 2021]
Finished job 41.
24 of 43 steps (56%) done
Select jobs to execute...

[Sun Jan 24 19:10:04 2021]
rule run_indelible:
    input: indelible/80_control.txt
    output: indelible_output/80/80_TRUE_1.fas
    jobid: 22
    wildcards: taxon=80, rep=1

Warning: the following output files of rule run_indelible were not present when the DAG was created:
{'indelible_output/80/80_TRUE_1.fas'}
[Sun Jan 24 19:10:06 2021]
Finished job 22.
25 of 43 steps (58%) done
Select jobs to execute...

[Sun Jan 24 19:10:06 2021]
rule run_indelible:
    input: indelible/80_control.txt
    output: indelible_output/80/80_TRUE_7.fas
    jobid: 29
    wildcards: taxon=80, rep=7

Warning: the following output files of rule run_indelible were not present when the DAG was created:
{'indelible_output/80/80_TRUE_7.fas'}
[Sun Jan 24 19:10:07 2021]
Finished job 29.
26 of 43 steps (60%) done
Select jobs to execute...

[Sun Jan 24 19:10:07 2021]
rule run_indelible:
    input: indelible/80_control.txt
    output: indelible_output/80/80_TRUE_15.fas
    jobid: 37
    wildcards: taxon=80, rep=15

Warning: the following output files of rule run_indelible were not present when the DAG was created:
{'indelible_output/80/80_TRUE_15.fas'}
[Sun Jan 24 19:10:09 2021]
Finished job 37.
27 of 43 steps (63%) done
Select jobs to execute...

[Sun Jan 24 19:10:09 2021]
rule run_indelible:
    input: indelible/80_control.txt
    output: indelible_output/80/80_TRUE_2.fas
    jobid: 24
    wildcards: taxon=80, rep=2

Warning: the following output files of rule run_indelible were not present when the DAG was created:
{'indelible_output/80/80_TRUE_2.fas'}
[Sun Jan 24 19:10:11 2021]
Finished job 24.
28 of 43 steps (65%) done
Select jobs to execute...

[Sun Jan 24 19:10:11 2021]
rule run_indelible:
    input: indelible/80_control.txt
    output: indelible_output/80/80_TRUE_17.fas
    jobid: 39
    wildcards: taxon=80, rep=17

Warning: the following output files of rule run_indelible were not present when the DAG was created:
{'indelible_output/80/80_TRUE_17.fas'}
[Sun Jan 24 19:10:12 2021]
Finished job 39.
29 of 43 steps (67%) done
Select jobs to execute...

[Sun Jan 24 19:10:12 2021]
rule run_indelible:
    input: indelible/80_control.txt
    output: indelible_output/80/80_TRUE_10.fas
    jobid: 32
    wildcards: taxon=80, rep=10

Warning: the following output files of rule run_indelible were not present when the DAG was created:
{'indelible_output/80/80_TRUE_10.fas'}
[Sun Jan 24 19:10:14 2021]
Finished job 32.
30 of 43 steps (70%) done
Select jobs to execute...

[Sun Jan 24 19:10:14 2021]
rule run_indelible:
    input: indelible/80_control.txt
    output: indelible_output/80/80_TRUE_6.fas
    jobid: 28
    wildcards: taxon=80, rep=6

Warning: the following output files of rule run_indelible were not present when the DAG was created:
{'indelible_output/80/80_TRUE_6.fas'}
[Sun Jan 24 19:10:16 2021]
Finished job 28.
31 of 43 steps (72%) done
Select jobs to execute...

[Sun Jan 24 19:10:16 2021]
rule run_indelible:
    input: indelible/80_control.txt
    output: indelible_output/80/80_TRUE_14.fas
    jobid: 36
    wildcards: taxon=80, rep=14

Warning: the following output files of rule run_indelible were not present when the DAG was created:
{'indelible_output/80/80_TRUE_14.fas'}
[Sun Jan 24 19:10:17 2021]
Finished job 36.
32 of 43 steps (74%) done
Select jobs to execute...

[Sun Jan 24 19:10:17 2021]
rule run_indelible:
    input: indelible/80_control.txt
    output: indelible_output/80/80_TRUE_8.fas
    jobid: 30
    wildcards: taxon=80, rep=8

Warning: the following output files of rule run_indelible were not present when the DAG was created:
{'indelible_output/80/80_TRUE_8.fas'}
[Sun Jan 24 19:10:19 2021]
Finished job 30.
33 of 43 steps (77%) done
Select jobs to execute...

[Sun Jan 24 19:10:19 2021]
rule run_indelible:
    input: indelible/80_control.txt
    output: indelible_output/80/80_TRUE_11.fas
    jobid: 33
    wildcards: taxon=80, rep=11

Warning: the following output files of rule run_indelible were not present when the DAG was created:
{'indelible_output/80/80_TRUE_11.fas'}
[Sun Jan 24 19:10:21 2021]
Finished job 33.
34 of 43 steps (79%) done
Select jobs to execute...

[Sun Jan 24 19:10:21 2021]
rule run_indelible:
    input: indelible/80_control.txt
    output: indelible_output/80/80_TRUE_3.fas
    jobid: 25
    wildcards: taxon=80, rep=3

Warning: the following output files of rule run_indelible were not present when the DAG was created:
{'indelible_output/80/80_TRUE_3.fas'}
[Sun Jan 24 19:10:22 2021]
Finished job 25.
35 of 43 steps (81%) done
Select jobs to execute...

[Sun Jan 24 19:10:22 2021]
rule run_indelible:
    input: indelible/40_control.txt
    output: indelible_output/40/40_TRUE_2.fas
    jobid: 3
    wildcards: taxon=40, rep=2

Warning: the following output files of rule run_indelible were not present when the DAG was created:
{'indelible_output/40/40_TRUE_2.fas'}
[Sun Jan 24 19:10:23 2021]
Finished job 3.
36 of 43 steps (84%) done
Select jobs to execute...

[Sun Jan 24 19:10:23 2021]
rule run_indelible:
    input: indelible/80_control.txt
    output: indelible_output/80/80_TRUE_20.fas
    jobid: 42
    wildcards: taxon=80, rep=20

Warning: the following output files of rule run_indelible were not present when the DAG was created:
{'indelible_output/80/80_TRUE_20.fas'}
[Sun Jan 24 19:10:25 2021]
Finished job 42.
37 of 43 steps (86%) done
Select jobs to execute...

[Sun Jan 24 19:10:25 2021]
rule run_indelible:
    input: indelible/80_control.txt
    output: indelible_output/80/80_TRUE_5.fas
    jobid: 27
    wildcards: taxon=80, rep=5

Warning: the following output files of rule run_indelible were not present when the DAG was created:
{'indelible_output/80/80_TRUE_5.fas'}
[Sun Jan 24 19:10:27 2021]
Finished job 27.
38 of 43 steps (88%) done
Select jobs to execute...

[Sun Jan 24 19:10:27 2021]
rule run_indelible:
    input: indelible/80_control.txt
    output: indelible_output/80/80_TRUE_16.fas
    jobid: 38
    wildcards: taxon=80, rep=16

Warning: the following output files of rule run_indelible were not present when the DAG was created:
{'indelible_output/80/80_TRUE_16.fas'}
[Sun Jan 24 19:10:28 2021]
Finished job 38.
39 of 43 steps (91%) done
Select jobs to execute...

[Sun Jan 24 19:10:28 2021]
rule run_indelible:
    input: indelible/40_control.txt
    output: indelible_output/40/40_TRUE_15.fas
    jobid: 16
    wildcards: taxon=40, rep=15

Warning: the following output files of rule run_indelible were not present when the DAG was created:
{'indelible_output/40/40_TRUE_15.fas'}
[Sun Jan 24 19:10:29 2021]
Finished job 16.
40 of 43 steps (93%) done
Select jobs to execute...

[Sun Jan 24 19:10:29 2021]
rule run_indelible:
    input: indelible/80_control.txt
    output: indelible_output/80/80_TRUE_13.fas
    jobid: 35
    wildcards: taxon=80, rep=13

Warning: the following output files of rule run_indelible were not present when the DAG was created:
{'indelible_output/80/80_TRUE_13.fas'}
[Sun Jan 24 19:10:31 2021]
Finished job 35.
41 of 43 steps (95%) done
Select jobs to execute...

[Sun Jan 24 19:10:31 2021]
rule run_indelible:
    input: indelible/80_control.txt
    output: indelible_output/80/80_TRUE_9.fas
    jobid: 31
    wildcards: taxon=80, rep=9

Warning: the following output files of rule run_indelible were not present when the DAG was created:
{'indelible_output/80/80_TRUE_9.fas'}
[Sun Jan 24 19:10:32 2021]
Finished job 31.
42 of 43 steps (98%) done
Select jobs to execute...

[Sun Jan 24 19:10:32 2021]
localrule all:
    input: indelible_output/40/40_TRUE_1.fas, indelible_output/40/40_TRUE_2.fas, indelible_output/40/40_TRUE_3.fas, indelible_output/40/40_TRUE_4.fas, indelible_output/40/40_TRUE_5.fas, indelible_output/40/40_TRUE_6.fas, indelible_output/40/40_TRUE_7.fas, indelible_output/40/40_TRUE_8.fas, indelible_output/40/40_TRUE_9.fas, indelible_output/40/40_TRUE_10.fas, indelible_output/40/40_TRUE_11.fas, indelible_output/40/40_TRUE_12.fas, indelible_output/40/40_TRUE_13.fas, indelible_output/40/40_TRUE_14.fas, indelible_output/40/40_TRUE_15.fas, indelible_output/40/40_TRUE_16.fas, indelible_output/40/40_TRUE_17.fas, indelible_output/40/40_TRUE_18.fas, indelible_output/40/40_TRUE_19.fas, indelible_output/40/40_TRUE_20.fas, indelible_output/80/80_TRUE_1.fas, indelible_output/80/80_TRUE_2.fas, indelible_output/80/80_TRUE_3.fas, indelible_output/80/80_TRUE_4.fas, indelible_output/80/80_TRUE_5.fas, indelible_output/80/80_TRUE_6.fas, indelible_output/80/80_TRUE_7.fas, indelible_output/80/80_TRUE_8.fas, indelible_output/80/80_TRUE_9.fas, indelible_output/80/80_TRUE_10.fas, indelible_output/80/80_TRUE_11.fas, indelible_output/80/80_TRUE_12.fas, indelible_output/80/80_TRUE_13.fas, indelible_output/80/80_TRUE_14.fas, indelible_output/80/80_TRUE_15.fas, indelible_output/80/80_TRUE_16.fas, indelible_output/80/80_TRUE_17.fas, indelible_output/80/80_TRUE_18.fas, indelible_output/80/80_TRUE_19.fas, indelible_output/80/80_TRUE_20.fas
    jobid: 0

[Sun Jan 24 19:10:32 2021]
Finished job 0.
43 of 43 steps (100%) done
Complete log: /Users/gabefoley/Dropbox/PhD/20210121_Indel_Evaluation_Project/Indel_Evaluation_Snakemake/.snakemake/log/2021-01-24T190939.436704.snakemake.log
