Building DAG of jobs...
Using shell: /bin/bash
Provided cores: 1 (use --cores to define parallelism)
Rules claiming more threads will be scaled down.
Job counts:
	count	jobs
	1	compile_latex
	1	generate_latex
	2
Select jobs to execute...

[Tue Mar  2 14:59:42 2021]
rule generate_latex:
    input: output_dicts/output.p
    output: plots/plot.tex
    jobid: 1

[Tue Mar  2 14:59:43 2021]
Finished job 1.
1 of 2 steps (50%) done
Select jobs to execute...

[Tue Mar  2 14:59:43 2021]
rule compile_latex:
    input: plots/plot.tex
    output: plots/plot.pdf
    jobid: 0

[Tue Mar  2 14:59:47 2021]
Finished job 0.
2 of 2 steps (100%) done
Complete log: /Users/gabefoley/Dropbox/PhD/20210121_Indel_Evaluation_Project/Indel_Evaluation_Snakemake/.snakemake/log/2021-03-02T145942.660605.snakemake.log
