Building DAG of jobs...
Using shell: /bin/bash
Provided cores: 1 (use --cores to define parallelism)
Rules claiming more threads will be scaled down.
Job counts:
	count	jobs
	1	all
	4	clean_fasta
	2	create_control_files
	4	run_indelible
	4	split_trees
	15
Select jobs to execute...

[Sun Jan 24 23:35:39 2021]
rule create_control_files:
    output: indelible/40_control.txt
    jobid: 3
    wildcards: taxon=40

[Sun Jan 24 23:35:40 2021]
Finished job 3.
1 of 15 steps (7%) done
Select jobs to execute...

[Sun Jan 24 23:35:40 2021]
rule create_control_files:
    output: indelible/80_control.txt
    jobid: 8
    wildcards: taxon=80

[Sun Jan 24 23:35:40 2021]
Finished job 8.
2 of 15 steps (13%) done
Select jobs to execute...

[Sun Jan 24 23:35:40 2021]
rule run_indelible:
    input: indelible/80_control.txt
    output: indelible_output/80/80_TRUE_2.fasta
    jobid: 10
    wildcards: taxon=80, rep=2

[Sun Jan 24 23:35:40 2021]
Finished job 10.
3 of 15 steps (20%) done
Select jobs to execute...

[Sun Jan 24 23:35:40 2021]
rule run_indelible:
    input: indelible/40_control.txt
    output: indelible_output/40/40_TRUE_1.fasta
    jobid: 2
    wildcards: taxon=40, rep=1

[Sun Jan 24 23:35:41 2021]
Finished job 2.
4 of 15 steps (27%) done
Select jobs to execute...

[Sun Jan 24 23:35:41 2021]
rule clean_fasta:
    input: indelible_output/40/40_TRUE_1.fasta
    output: indelible_output/cleaned_aln/40/40_TRUE_1.fasta
    jobid: 11
    wildcards: taxon=40, rep=1

[Sun Jan 24 23:35:41 2021]
Finished job 11.
5 of 15 steps (33%) done
Select jobs to execute...

[Sun Jan 24 23:35:41 2021]
rule split_trees:
    input: indelible_output/40/40_TRUE_1.fasta
    output: indelible_output/cleaned_trees/40/40_tree_1.nwk
    jobid: 1
    wildcards: taxon=40, rep=1

Waiting at most 5 seconds for missing files.
MissingOutputException in line 27 of /Users/gabefoley/Dropbox/PhD/20210121_Indel_Evaluation_Project/Indel_Evaluation_Snakemake/Snakefile:
Job Missing files after 5 seconds:
indelible_output/cleaned_trees/40/40_tree_1.nwk
This might be due to filesystem latency. If that is the case, consider to increase the wait time with --latency-wait.
Job id: 1 completed successfully, but some output files are missing. 1
  File "/Users/gabefoley/miniconda3_latest/envs/indel_snakemake/lib/python3.9/site-packages/snakemake/executors/__init__.py", line 583, in handle_job_success
  File "/Users/gabefoley/miniconda3_latest/envs/indel_snakemake/lib/python3.9/site-packages/snakemake/executors/__init__.py", line 252, in handle_job_success
Shutting down, this might take some time.
Exiting because a job execution failed. Look above for error message
Complete log: /Users/gabefoley/Dropbox/PhD/20210121_Indel_Evaluation_Project/Indel_Evaluation_Snakemake/.snakemake/log/2021-01-24T233539.619407.snakemake.log
