Building DAG of jobs...
Using shell: /bin/bash
Provided cores: 1 (use --cores to define parallelism)
Rules claiming more threads will be scaled down.
Job counts:
	count	jobs
	14	clean_indelible
	1	compile_latex
	16	concat_fasta
	14	concat_indelible
	4	concat_indelible_summaries
	4	concat_summaries
	1	create_control_files
	1	generate_latex
	1	generate_output_dict
	16	get_indelible_dict
	16	run_grasp
	4	run_indelible
	16	summarise_indelible
	16	summarise_indels
	124
Select jobs to execute...

[Mon Mar  1 16:10:21 2021]
rule concat_indelible:
    input: indelible_output/30/30_TRUE_2.fasta, indelible_output/30/30_ANCESTRAL_2.fasta
    output: indelible_output/30/concatenated/30_2.fasta
    jobid: 76
    wildcards: taxon=30, rep=2

[Mon Mar  1 16:10:21 2021]
Finished job 76.
1 of 124 steps (0.81%) done
Select jobs to execute...

[Mon Mar  1 16:10:21 2021]
rule run_grasp:
    input: indelible_output/50/cleaned_aln/1.fasta, indelible_output/50/cleaned_N0_trees/1.nwk
    output: grasp_results/50/BEML/1, grasp_results/50/BEML/1/GRASP_ancestors.fasta, grasp_results/50/BEML/1/GRASP_ancestors.nwk
    jobid: 95
    wildcards: taxon=50, method=BEML, rep=1

[Mon Mar  1 16:10:24 2021]
Finished job 95.
2 of 124 steps (2%) done
Select jobs to execute...

[Mon Mar  1 16:10:24 2021]
rule concat_indelible:
    input: indelible_output/30/30_TRUE_3.fasta, indelible_output/30/30_ANCESTRAL_3.fasta
    output: indelible_output/30/concatenated/30_3.fasta
    jobid: 83
    wildcards: taxon=30, rep=3

[Mon Mar  1 16:10:24 2021]
Finished job 83.
3 of 124 steps (2%) done
Select jobs to execute...

[Mon Mar  1 16:10:24 2021]
rule concat_indelible:
    input: indelible_output/30/30_TRUE_1.fasta, indelible_output/30/30_ANCESTRAL_1.fasta
    output: indelible_output/30/concatenated/30_1.fasta
    jobid: 69
    wildcards: taxon=30, rep=1

[Mon Mar  1 16:10:24 2021]
Finished job 69.
4 of 124 steps (3%) done
Select jobs to execute...

[Mon Mar  1 16:10:24 2021]
rule get_indelible_dict:
    input: indelible_output/10/concatenated/3.fasta, indelible_output/10/cleaned_N0_trees/3.nwk
    output: indelible_dicts/10/leaves_3.p, indelible_dicts/10/gaps_3.p
    jobid: 25
    wildcards: taxon=10, rep=3

[Mon Mar  1 16:10:25 2021]
Finished job 25.
5 of 124 steps (4%) done
Select jobs to execute...

[Mon Mar  1 16:10:25 2021]
rule run_grasp:
    input: indelible_output/10/cleaned_aln/3.fasta, indelible_output/10/cleaned_N0_trees/3.nwk
    output: grasp_results/10/BEML/3, grasp_results/10/BEML/3/GRASP_ancestors.fasta, grasp_results/10/BEML/3/GRASP_ancestors.nwk
    jobid: 20
    wildcards: taxon=10, method=BEML, rep=3

[Mon Mar  1 16:10:26 2021]
Finished job 20.
6 of 124 steps (5%) done
Select jobs to execute...

[Mon Mar  1 16:10:26 2021]
rule concat_fasta:
    input: indelible_output/10/cleaned_aln/3.fasta, grasp_results/10/BEML/3/GRASP_ancestors.fasta
    output: grasp_results/concatenated/10/BEML/3/GRASP_ancestors.fasta
    jobid: 24
    wildcards: taxon=10, method=BEML, rep=3

[Mon Mar  1 16:10:26 2021]
Finished job 24.
7 of 124 steps (6%) done
Select jobs to execute...

[Mon Mar  1 16:10:26 2021]
rule summarise_indelible:
    input: indelible_output/10/cleaned_N0_trees/3.nwk, indelible_output/10/concatenated/3.fasta, indelible_output/10/cleaned_N0_trees/3.nwk, indelible_output/10/concatenated/3.fasta, indelible_dicts/10/leaves_3.p, indelible_dicts/10/gaps_3.p
    output: indelible_summaries/10/3.csv
    jobid: 126
    wildcards: taxon=10, rep=3

[Mon Mar  1 16:10:27 2021]
Finished job 126.
8 of 124 steps (6%) done
Select jobs to execute...

[Mon Mar  1 16:10:27 2021]
rule get_indelible_dict:
    input: indelible_output/50/concatenated/1.fasta, indelible_output/50/cleaned_N0_trees/1.nwk
    output: indelible_dicts/50/leaves_1.p, indelible_dicts/50/gaps_1.p
    jobid: 101
    wildcards: taxon=50, rep=1

[Mon Mar  1 16:10:28 2021]
Finished job 101.
9 of 124 steps (7%) done
Select jobs to execute...

[Mon Mar  1 16:10:28 2021]
rule summarise_indelible:
    input: indelible_output/50/cleaned_N0_trees/1.nwk, indelible_output/50/concatenated/1.fasta, indelible_output/50/cleaned_N0_trees/1.nwk, indelible_output/50/concatenated/1.fasta, indelible_dicts/50/leaves_1.p, indelible_dicts/50/gaps_1.p
    output: indelible_summaries/50/1.csv
    jobid: 139
    wildcards: taxon=50, rep=1

[Mon Mar  1 16:10:29 2021]
Finished job 139.
10 of 124 steps (8%) done
Select jobs to execute...

[Mon Mar  1 16:10:29 2021]
rule concat_indelible:
    input: indelible_output/10/10_TRUE_1.fasta, indelible_output/10/10_ANCESTRAL_1.fasta
    output: indelible_output/10/concatenated/10_1.fasta
    jobid: 9
    wildcards: taxon=10, rep=1

[Mon Mar  1 16:10:29 2021]
Finished job 9.
11 of 124 steps (9%) done
Select jobs to execute...

[Mon Mar  1 16:10:29 2021]
rule concat_fasta:
    input: indelible_output/50/cleaned_aln/1.fasta, grasp_results/50/BEML/1/GRASP_ancestors.fasta
    output: grasp_results/concatenated/50/BEML/1/GRASP_ancestors.fasta
    jobid: 100
    wildcards: taxon=50, method=BEML, rep=1

[Mon Mar  1 16:10:29 2021]
Finished job 100.
12 of 124 steps (10%) done
Select jobs to execute...

[Mon Mar  1 16:10:29 2021]
rule concat_indelible:
    input: indelible_output/50/50_TRUE_4.fasta, indelible_output/50/50_ANCESTRAL_4.fasta
    output: indelible_output/50/concatenated/50_4.fasta
    jobid: 120
    wildcards: taxon=50, rep=4

[Mon Mar  1 16:10:29 2021]
Finished job 120.
13 of 124 steps (10%) done
Select jobs to execute...

[Mon Mar  1 16:10:30 2021]
rule concat_indelible:
    input: indelible_output/50/50_TRUE_3.fasta, indelible_output/50/50_ANCESTRAL_3.fasta
    output: indelible_output/50/concatenated/50_3.fasta
    jobid: 113
    wildcards: taxon=50, rep=3

[Mon Mar  1 16:10:30 2021]
Finished job 113.
14 of 124 steps (11%) done
Select jobs to execute...

[Mon Mar  1 16:10:30 2021]
rule concat_indelible:
    input: indelible_output/30/30_TRUE_4.fasta, indelible_output/30/30_ANCESTRAL_4.fasta
    output: indelible_output/30/concatenated/30_4.fasta
    jobid: 90
    wildcards: taxon=30, rep=4

[Mon Mar  1 16:10:30 2021]
Finished job 90.
15 of 124 steps (12%) done
Select jobs to execute...

[Mon Mar  1 16:10:30 2021]
rule concat_indelible:
    input: indelible_output/10/10_TRUE_2.fasta, indelible_output/10/10_ANCESTRAL_2.fasta
    output: indelible_output/10/concatenated/10_2.fasta
    jobid: 16
    wildcards: taxon=10, rep=2

[Mon Mar  1 16:10:30 2021]
Finished job 16.
16 of 124 steps (13%) done
Select jobs to execute...

[Mon Mar  1 16:10:30 2021]
rule concat_indelible:
    input: indelible_output/10/10_TRUE_4.fasta, indelible_output/10/10_ANCESTRAL_4.fasta
    output: indelible_output/10/concatenated/10_4.fasta
    jobid: 30
    wildcards: taxon=10, rep=4

[Mon Mar  1 16:10:30 2021]
Finished job 30.
17 of 124 steps (14%) done
Select jobs to execute...

[Mon Mar  1 16:10:30 2021]
rule concat_indelible:
    input: indelible_output/50/50_TRUE_2.fasta, indelible_output/50/50_ANCESTRAL_2.fasta
    output: indelible_output/50/concatenated/50_2.fasta
    jobid: 106
    wildcards: taxon=50, rep=2

[Mon Mar  1 16:10:30 2021]
Finished job 106.
18 of 124 steps (15%) done
Select jobs to execute...

[Mon Mar  1 16:10:30 2021]
rule clean_indelible:
    input: indelible_output/50/N0_trees/2.nwk, indelible_output/50/concatenated/50_2.fasta
    output: indelible_output/50/cleaned_aln/2.fasta, indelible_output/50/concatenated/2.fasta, indelible_output/50/cleaned_trees/2.nwk, indelible_output/50/cleaned_N0_trees/2.nwk, indelible_output/50/cleaned_no_internal_trees/2.nwk
    jobid: 104
    wildcards: taxon=50, rep=2

[Mon Mar  1 16:10:31 2021]
Finished job 104.
19 of 124 steps (15%) done
Select jobs to execute...

[Mon Mar  1 16:10:31 2021]
rule run_grasp:
    input: indelible_output/50/cleaned_aln/2.fasta, indelible_output/50/cleaned_N0_trees/2.nwk
    output: grasp_results/50/BEML/2, grasp_results/50/BEML/2/GRASP_ancestors.fasta, grasp_results/50/BEML/2/GRASP_ancestors.nwk
    jobid: 103
    wildcards: taxon=50, method=BEML, rep=2

[Mon Mar  1 16:10:35 2021]
Finished job 103.
20 of 124 steps (16%) done
Select jobs to execute...

[Mon Mar  1 16:10:35 2021]
rule get_indelible_dict:
    input: indelible_output/50/concatenated/2.fasta, indelible_output/50/cleaned_N0_trees/2.nwk
    output: indelible_dicts/50/leaves_2.p, indelible_dicts/50/gaps_2.p
    jobid: 108
    wildcards: taxon=50, rep=2

[Mon Mar  1 16:10:36 2021]
Finished job 108.
21 of 124 steps (17%) done
Select jobs to execute...

[Mon Mar  1 16:10:36 2021]
rule summarise_indelible:
    input: indelible_output/50/cleaned_N0_trees/2.nwk, indelible_output/50/concatenated/2.fasta, indelible_output/50/cleaned_N0_trees/2.nwk, indelible_output/50/concatenated/2.fasta, indelible_dicts/50/leaves_2.p, indelible_dicts/50/gaps_2.p
    output: indelible_summaries/50/2.csv
    jobid: 140
    wildcards: taxon=50, rep=2

[Mon Mar  1 16:10:37 2021]
Finished job 140.
22 of 124 steps (18%) done
Select jobs to execute...

[Mon Mar  1 16:10:37 2021]
rule clean_indelible:
    input: indelible_output/50/N0_trees/4.nwk, indelible_output/50/concatenated/50_4.fasta
    output: indelible_output/50/cleaned_aln/4.fasta, indelible_output/50/concatenated/4.fasta, indelible_output/50/cleaned_trees/4.nwk, indelible_output/50/cleaned_N0_trees/4.nwk, indelible_output/50/cleaned_no_internal_trees/4.nwk
    jobid: 118
    wildcards: taxon=50, rep=4

[Mon Mar  1 16:10:38 2021]
Finished job 118.
23 of 124 steps (19%) done
Select jobs to execute...

[Mon Mar  1 16:10:38 2021]
rule get_indelible_dict:
    input: indelible_output/50/concatenated/4.fasta, indelible_output/50/cleaned_N0_trees/4.nwk
    output: indelible_dicts/50/leaves_4.p, indelible_dicts/50/gaps_4.p
    jobid: 122
    wildcards: taxon=50, rep=4

[Mon Mar  1 16:10:39 2021]
Finished job 122.
24 of 124 steps (19%) done
Select jobs to execute...

[Mon Mar  1 16:10:39 2021]
rule run_grasp:
    input: indelible_output/50/cleaned_aln/4.fasta, indelible_output/50/cleaned_N0_trees/4.nwk
    output: grasp_results/50/BEML/4, grasp_results/50/BEML/4/GRASP_ancestors.fasta, grasp_results/50/BEML/4/GRASP_ancestors.nwk
    jobid: 117
    wildcards: taxon=50, method=BEML, rep=4

[Mon Mar  1 16:10:43 2021]
Finished job 117.
25 of 124 steps (20%) done
Select jobs to execute...

[Mon Mar  1 16:10:43 2021]
rule concat_fasta:
    input: indelible_output/50/cleaned_aln/4.fasta, grasp_results/50/BEML/4/GRASP_ancestors.fasta
    output: grasp_results/concatenated/50/BEML/4/GRASP_ancestors.fasta
    jobid: 121
    wildcards: taxon=50, method=BEML, rep=4

[Mon Mar  1 16:10:43 2021]
Finished job 121.
26 of 124 steps (21%) done
Select jobs to execute...

[Mon Mar  1 16:10:43 2021]
rule summarise_indels:
    input: grasp_results/50/BEML/4/GRASP_ancestors.nwk, grasp_results/concatenated/50/BEML/4/GRASP_ancestors.fasta, indelible_output/50/cleaned_N0_trees/4.nwk, indelible_output/50/concatenated/4.fasta, indelible_dicts/50/leaves_4.p, indelible_dicts/50/gaps_4.p
    output: summaries/50/BEML/4.csv
    jobid: 116
    wildcards: taxon=50, method=BEML, rep=4

[Mon Mar  1 16:10:44 2021]
Finished job 116.
27 of 124 steps (22%) done
Select jobs to execute...

[Mon Mar  1 16:10:44 2021]
rule summarise_indelible:
    input: indelible_output/50/cleaned_N0_trees/4.nwk, indelible_output/50/concatenated/4.fasta, indelible_output/50/cleaned_N0_trees/4.nwk, indelible_output/50/concatenated/4.fasta, indelible_dicts/50/leaves_4.p, indelible_dicts/50/gaps_4.p
    output: indelible_summaries/50/4.csv
    jobid: 142
    wildcards: taxon=50, rep=4

[Mon Mar  1 16:10:45 2021]
Finished job 142.
28 of 124 steps (23%) done
Select jobs to execute...

[Mon Mar  1 16:10:45 2021]
rule clean_indelible:
    input: indelible_output/30/N0_trees/4.nwk, indelible_output/30/concatenated/30_4.fasta
    output: indelible_output/30/cleaned_aln/4.fasta, indelible_output/30/concatenated/4.fasta, indelible_output/30/cleaned_trees/4.nwk, indelible_output/30/cleaned_N0_trees/4.nwk, indelible_output/30/cleaned_no_internal_trees/4.nwk
    jobid: 88
    wildcards: taxon=30, rep=4

[Mon Mar  1 16:10:46 2021]
Finished job 88.
29 of 124 steps (23%) done
Select jobs to execute...

[Mon Mar  1 16:10:46 2021]
rule get_indelible_dict:
    input: indelible_output/30/concatenated/4.fasta, indelible_output/30/cleaned_N0_trees/4.nwk
    output: indelible_dicts/30/leaves_4.p, indelible_dicts/30/gaps_4.p
    jobid: 92
    wildcards: taxon=30, rep=4

[Mon Mar  1 16:10:47 2021]
Finished job 92.
30 of 124 steps (24%) done
Select jobs to execute...

[Mon Mar  1 16:10:47 2021]
rule run_grasp:
    input: indelible_output/30/cleaned_aln/4.fasta, indelible_output/30/cleaned_N0_trees/4.nwk
    output: grasp_results/30/BEML/4, grasp_results/30/BEML/4/GRASP_ancestors.fasta, grasp_results/30/BEML/4/GRASP_ancestors.nwk
    jobid: 87
    wildcards: taxon=30, method=BEML, rep=4

[Mon Mar  1 16:10:49 2021]
Finished job 87.
31 of 124 steps (25%) done
Select jobs to execute...

[Mon Mar  1 16:10:49 2021]
rule concat_fasta:
    input: indelible_output/30/cleaned_aln/4.fasta, grasp_results/30/BEML/4/GRASP_ancestors.fasta
    output: grasp_results/concatenated/30/BEML/4/GRASP_ancestors.fasta
    jobid: 91
    wildcards: taxon=30, method=BEML, rep=4

[Mon Mar  1 16:10:49 2021]
Finished job 91.
32 of 124 steps (26%) done
Select jobs to execute...

[Mon Mar  1 16:10:49 2021]
rule summarise_indels:
    input: grasp_results/30/BEML/4/GRASP_ancestors.nwk, grasp_results/concatenated/30/BEML/4/GRASP_ancestors.fasta, indelible_output/30/cleaned_N0_trees/4.nwk, indelible_output/30/concatenated/4.fasta, indelible_dicts/30/leaves_4.p, indelible_dicts/30/gaps_4.p
    output: summaries/30/BEML/4.csv
    jobid: 86
    wildcards: taxon=30, method=BEML, rep=4

[Mon Mar  1 16:10:50 2021]
Finished job 86.
33 of 124 steps (27%) done
Select jobs to execute...

[Mon Mar  1 16:10:50 2021]
rule clean_indelible:
    input: indelible_output/10/N0_trees/4.nwk, indelible_output/10/concatenated/10_4.fasta
    output: indelible_output/10/cleaned_aln/4.fasta, indelible_output/10/concatenated/4.fasta, indelible_output/10/cleaned_trees/4.nwk, indelible_output/10/cleaned_N0_trees/4.nwk, indelible_output/10/cleaned_no_internal_trees/4.nwk
    jobid: 28
    wildcards: taxon=10, rep=4

[Mon Mar  1 16:10:51 2021]
Finished job 28.
34 of 124 steps (27%) done
Select jobs to execute...

[Mon Mar  1 16:10:51 2021]
rule get_indelible_dict:
    input: indelible_output/10/concatenated/4.fasta, indelible_output/10/cleaned_N0_trees/4.nwk
    output: indelible_dicts/10/leaves_4.p, indelible_dicts/10/gaps_4.p
    jobid: 32
    wildcards: taxon=10, rep=4

[Mon Mar  1 16:10:52 2021]
Finished job 32.
35 of 124 steps (28%) done
Select jobs to execute...

[Mon Mar  1 16:10:52 2021]
rule summarise_indelible:
    input: indelible_output/10/cleaned_N0_trees/4.nwk, indelible_output/10/concatenated/4.fasta, indelible_output/10/cleaned_N0_trees/4.nwk, indelible_output/10/concatenated/4.fasta, indelible_dicts/10/leaves_4.p, indelible_dicts/10/gaps_4.p
    output: indelible_summaries/10/4.csv
    jobid: 127
    wildcards: taxon=10, rep=4

[Mon Mar  1 16:10:53 2021]
Finished job 127.
36 of 124 steps (29%) done
Select jobs to execute...

[Mon Mar  1 16:10:53 2021]
rule run_grasp:
    input: indelible_output/10/cleaned_aln/4.fasta, indelible_output/10/cleaned_N0_trees/4.nwk
    output: grasp_results/10/BEML/4, grasp_results/10/BEML/4/GRASP_ancestors.fasta, grasp_results/10/BEML/4/GRASP_ancestors.nwk
    jobid: 27
    wildcards: taxon=10, method=BEML, rep=4

[Mon Mar  1 16:10:54 2021]
Finished job 27.
37 of 124 steps (30%) done
Select jobs to execute...

[Mon Mar  1 16:10:54 2021]
rule concat_fasta:
    input: indelible_output/10/cleaned_aln/4.fasta, grasp_results/10/BEML/4/GRASP_ancestors.fasta
    output: grasp_results/concatenated/10/BEML/4/GRASP_ancestors.fasta
    jobid: 31
    wildcards: taxon=10, method=BEML, rep=4

[Mon Mar  1 16:10:54 2021]
Finished job 31.
38 of 124 steps (31%) done
Select jobs to execute...

[Mon Mar  1 16:10:54 2021]
rule summarise_indels:
    input: grasp_results/10/BEML/4/GRASP_ancestors.nwk, grasp_results/concatenated/10/BEML/4/GRASP_ancestors.fasta, indelible_output/10/cleaned_N0_trees/4.nwk, indelible_output/10/concatenated/4.fasta, indelible_dicts/10/leaves_4.p, indelible_dicts/10/gaps_4.p
    output: summaries/10/BEML/4.csv
    jobid: 26
    wildcards: taxon=10, method=BEML, rep=4

[Mon Mar  1 16:10:55 2021]
Finished job 26.
39 of 124 steps (31%) done
Select jobs to execute...

[Mon Mar  1 16:10:55 2021]
rule concat_fasta:
    input: indelible_output/50/cleaned_aln/2.fasta, grasp_results/50/BEML/2/GRASP_ancestors.fasta
    output: grasp_results/concatenated/50/BEML/2/GRASP_ancestors.fasta
    jobid: 107
    wildcards: taxon=50, method=BEML, rep=2

[Mon Mar  1 16:10:55 2021]
Finished job 107.
40 of 124 steps (32%) done
Select jobs to execute...

[Mon Mar  1 16:10:55 2021]
rule summarise_indels:
    input: grasp_results/50/BEML/2/GRASP_ancestors.nwk, grasp_results/concatenated/50/BEML/2/GRASP_ancestors.fasta, indelible_output/50/cleaned_N0_trees/2.nwk, indelible_output/50/concatenated/2.fasta, indelible_dicts/50/leaves_2.p, indelible_dicts/50/gaps_2.p
    output: summaries/50/BEML/2.csv
    jobid: 102
    wildcards: taxon=50, method=BEML, rep=2

[Mon Mar  1 16:10:56 2021]
Finished job 102.
41 of 124 steps (33%) done
Select jobs to execute...

[Mon Mar  1 16:10:56 2021]
rule summarise_indelible:
    input: indelible_output/30/cleaned_N0_trees/4.nwk, indelible_output/30/concatenated/4.fasta, indelible_output/30/cleaned_N0_trees/4.nwk, indelible_output/30/concatenated/4.fasta, indelible_dicts/30/leaves_4.p, indelible_dicts/30/gaps_4.p
    output: indelible_summaries/30/4.csv
    jobid: 137
    wildcards: taxon=30, rep=4

[Mon Mar  1 16:10:57 2021]
Finished job 137.
42 of 124 steps (34%) done
Select jobs to execute...

[Mon Mar  1 16:10:57 2021]
rule clean_indelible:
    input: indelible_output/10/N0_trees/2.nwk, indelible_output/10/concatenated/10_2.fasta
    output: indelible_output/10/cleaned_aln/2.fasta, indelible_output/10/concatenated/2.fasta, indelible_output/10/cleaned_trees/2.nwk, indelible_output/10/cleaned_N0_trees/2.nwk, indelible_output/10/cleaned_no_internal_trees/2.nwk
    jobid: 14
    wildcards: taxon=10, rep=2

[Mon Mar  1 16:10:58 2021]
Finished job 14.
43 of 124 steps (35%) done
Select jobs to execute...

[Mon Mar  1 16:10:58 2021]
rule get_indelible_dict:
    input: indelible_output/10/concatenated/2.fasta, indelible_output/10/cleaned_N0_trees/2.nwk
    output: indelible_dicts/10/leaves_2.p, indelible_dicts/10/gaps_2.p
    jobid: 18
    wildcards: taxon=10, rep=2

[Mon Mar  1 16:10:59 2021]
Finished job 18.
44 of 124 steps (35%) done
Select jobs to execute...

[Mon Mar  1 16:10:59 2021]
rule summarise_indelible:
    input: indelible_output/10/cleaned_N0_trees/2.nwk, indelible_output/10/concatenated/2.fasta, indelible_output/10/cleaned_N0_trees/2.nwk, indelible_output/10/concatenated/2.fasta, indelible_dicts/10/leaves_2.p, indelible_dicts/10/gaps_2.p
    output: indelible_summaries/10/2.csv
    jobid: 125
    wildcards: taxon=10, rep=2

[Mon Mar  1 16:10:59 2021]
Finished job 125.
45 of 124 steps (36%) done
Select jobs to execute...

[Mon Mar  1 16:10:59 2021]
rule run_grasp:
    input: indelible_output/10/cleaned_aln/2.fasta, indelible_output/10/cleaned_N0_trees/2.nwk
    output: grasp_results/10/BEML/2, grasp_results/10/BEML/2/GRASP_ancestors.fasta, grasp_results/10/BEML/2/GRASP_ancestors.nwk
    jobid: 13
    wildcards: taxon=10, method=BEML, rep=2

[Mon Mar  1 16:11:00 2021]
Finished job 13.
46 of 124 steps (37%) done
Select jobs to execute...

[Mon Mar  1 16:11:00 2021]
rule concat_fasta:
    input: indelible_output/10/cleaned_aln/2.fasta, grasp_results/10/BEML/2/GRASP_ancestors.fasta
    output: grasp_results/concatenated/10/BEML/2/GRASP_ancestors.fasta
    jobid: 17
    wildcards: taxon=10, method=BEML, rep=2

[Mon Mar  1 16:11:00 2021]
Finished job 17.
47 of 124 steps (38%) done
Select jobs to execute...

[Mon Mar  1 16:11:00 2021]
rule summarise_indels:
    input: grasp_results/10/BEML/2/GRASP_ancestors.nwk, grasp_results/concatenated/10/BEML/2/GRASP_ancestors.fasta, indelible_output/10/cleaned_N0_trees/2.nwk, indelible_output/10/concatenated/2.fasta, indelible_dicts/10/leaves_2.p, indelible_dicts/10/gaps_2.p
    output: summaries/10/BEML/2.csv
    jobid: 12
    wildcards: taxon=10, method=BEML, rep=2

[Mon Mar  1 16:11:01 2021]
Finished job 12.
48 of 124 steps (39%) done
Select jobs to execute...

[Mon Mar  1 16:11:01 2021]
rule clean_indelible:
    input: indelible_output/50/N0_trees/3.nwk, indelible_output/50/concatenated/50_3.fasta
    output: indelible_output/50/cleaned_aln/3.fasta, indelible_output/50/concatenated/3.fasta, indelible_output/50/cleaned_trees/3.nwk, indelible_output/50/cleaned_N0_trees/3.nwk, indelible_output/50/cleaned_no_internal_trees/3.nwk
    jobid: 111
    wildcards: taxon=50, rep=3

[Mon Mar  1 16:11:02 2021]
Finished job 111.
49 of 124 steps (40%) done
Select jobs to execute...

[Mon Mar  1 16:11:02 2021]
rule get_indelible_dict:
    input: indelible_output/50/concatenated/3.fasta, indelible_output/50/cleaned_N0_trees/3.nwk
    output: indelible_dicts/50/leaves_3.p, indelible_dicts/50/gaps_3.p
    jobid: 115
    wildcards: taxon=50, rep=3

[Mon Mar  1 16:11:03 2021]
Finished job 115.
50 of 124 steps (40%) done
Select jobs to execute...

[Mon Mar  1 16:11:03 2021]
rule run_grasp:
    input: indelible_output/50/cleaned_aln/3.fasta, indelible_output/50/cleaned_N0_trees/3.nwk
    output: grasp_results/50/BEML/3, grasp_results/50/BEML/3/GRASP_ancestors.fasta, grasp_results/50/BEML/3/GRASP_ancestors.nwk
    jobid: 110
    wildcards: taxon=50, method=BEML, rep=3

[Mon Mar  1 16:11:07 2021]
Finished job 110.
51 of 124 steps (41%) done
Select jobs to execute...

[Mon Mar  1 16:11:07 2021]
rule concat_fasta:
    input: indelible_output/50/cleaned_aln/3.fasta, grasp_results/50/BEML/3/GRASP_ancestors.fasta
    output: grasp_results/concatenated/50/BEML/3/GRASP_ancestors.fasta
    jobid: 114
    wildcards: taxon=50, method=BEML, rep=3

[Mon Mar  1 16:11:07 2021]
Finished job 114.
52 of 124 steps (42%) done
Select jobs to execute...

[Mon Mar  1 16:11:07 2021]
rule summarise_indels:
    input: grasp_results/50/BEML/3/GRASP_ancestors.nwk, grasp_results/concatenated/50/BEML/3/GRASP_ancestors.fasta, indelible_output/50/cleaned_N0_trees/3.nwk, indelible_output/50/concatenated/3.fasta, indelible_dicts/50/leaves_3.p, indelible_dicts/50/gaps_3.p
    output: summaries/50/BEML/3.csv
    jobid: 109
    wildcards: taxon=50, method=BEML, rep=3

[Mon Mar  1 16:11:09 2021]
Finished job 109.
53 of 124 steps (43%) done
Select jobs to execute...

[Mon Mar  1 16:11:09 2021]
rule summarise_indelible:
    input: indelible_output/50/cleaned_N0_trees/3.nwk, indelible_output/50/concatenated/3.fasta, indelible_output/50/cleaned_N0_trees/3.nwk, indelible_output/50/concatenated/3.fasta, indelible_dicts/50/leaves_3.p, indelible_dicts/50/gaps_3.p
    output: indelible_summaries/50/3.csv
    jobid: 141
    wildcards: taxon=50, rep=3

[Mon Mar  1 16:11:09 2021]
Finished job 141.
54 of 124 steps (44%) done
Select jobs to execute...

[Mon Mar  1 16:11:10 2021]
rule concat_indelible_summaries:
    input: indelible_summaries/50/1.csv, indelible_summaries/50/2.csv, indelible_summaries/50/3.csv, indelible_summaries/50/4.csv
    output: concatenated_indelible_summaries/50.csv
    jobid: 138
    wildcards: taxon=50

[Mon Mar  1 16:11:10 2021]
Finished job 138.
55 of 124 steps (44%) done
Select jobs to execute...

[Mon Mar  1 16:11:10 2021]
rule summarise_indels:
    input: grasp_results/50/BEML/1/GRASP_ancestors.nwk, grasp_results/concatenated/50/BEML/1/GRASP_ancestors.fasta, indelible_output/50/cleaned_N0_trees/1.nwk, indelible_output/50/concatenated/1.fasta, indelible_dicts/50/leaves_1.p, indelible_dicts/50/gaps_1.p
    output: summaries/50/BEML/1.csv
    jobid: 94
    wildcards: taxon=50, method=BEML, rep=1

[Mon Mar  1 16:11:11 2021]
Finished job 94.
56 of 124 steps (45%) done
Select jobs to execute...

[Mon Mar  1 16:11:11 2021]
rule concat_summaries:
    input: summaries/50/BEML/1.csv, summaries/50/BEML/2.csv, summaries/50/BEML/3.csv, summaries/50/BEML/4.csv
    output: concatenated_summaries/50_BEML.csv
    jobid: 93
    wildcards: taxon=50, method=BEML

[Mon Mar  1 16:11:11 2021]
Finished job 93.
57 of 124 steps (46%) done
Select jobs to execute...

[Mon Mar  1 16:11:11 2021]
rule clean_indelible:
    input: indelible_output/10/N0_trees/1.nwk, indelible_output/10/concatenated/10_1.fasta
    output: indelible_output/10/cleaned_aln/1.fasta, indelible_output/10/concatenated/1.fasta, indelible_output/10/cleaned_trees/1.nwk, indelible_output/10/cleaned_N0_trees/1.nwk, indelible_output/10/cleaned_no_internal_trees/1.nwk
    jobid: 6
    wildcards: taxon=10, rep=1

[Mon Mar  1 16:11:12 2021]
Finished job 6.
58 of 124 steps (47%) done
Select jobs to execute...

[Mon Mar  1 16:11:12 2021]
rule get_indelible_dict:
    input: indelible_output/10/concatenated/1.fasta, indelible_output/10/cleaned_N0_trees/1.nwk
    output: indelible_dicts/10/leaves_1.p, indelible_dicts/10/gaps_1.p
    jobid: 11
    wildcards: taxon=10, rep=1

[Mon Mar  1 16:11:13 2021]
Finished job 11.
59 of 124 steps (48%) done
Select jobs to execute...

[Mon Mar  1 16:11:13 2021]
rule run_grasp:
    input: indelible_output/10/cleaned_aln/1.fasta, indelible_output/10/cleaned_N0_trees/1.nwk
    output: grasp_results/10/BEML/1, grasp_results/10/BEML/1/GRASP_ancestors.fasta, grasp_results/10/BEML/1/GRASP_ancestors.nwk
    jobid: 5
    wildcards: taxon=10, method=BEML, rep=1

[Mon Mar  1 16:11:14 2021]
Finished job 5.
60 of 124 steps (48%) done
Select jobs to execute...

[Mon Mar  1 16:11:14 2021]
rule concat_fasta:
    input: indelible_output/10/cleaned_aln/1.fasta, grasp_results/10/BEML/1/GRASP_ancestors.fasta
    output: grasp_results/concatenated/10/BEML/1/GRASP_ancestors.fasta
    jobid: 10
    wildcards: taxon=10, method=BEML, rep=1

[Mon Mar  1 16:11:14 2021]
Finished job 10.
61 of 124 steps (49%) done
Select jobs to execute...

[Mon Mar  1 16:11:14 2021]
rule summarise_indels:
    input: grasp_results/10/BEML/1/GRASP_ancestors.nwk, grasp_results/concatenated/10/BEML/1/GRASP_ancestors.fasta, indelible_output/10/cleaned_N0_trees/1.nwk, indelible_output/10/concatenated/1.fasta, indelible_dicts/10/leaves_1.p, indelible_dicts/10/gaps_1.p
    output: summaries/10/BEML/1.csv
    jobid: 4
    wildcards: taxon=10, method=BEML, rep=1

[Mon Mar  1 16:11:15 2021]
Finished job 4.
62 of 124 steps (50%) done
Select jobs to execute...

[Mon Mar  1 16:11:15 2021]
rule summarise_indels:
    input: grasp_results/10/BEML/3/GRASP_ancestors.nwk, grasp_results/concatenated/10/BEML/3/GRASP_ancestors.fasta, indelible_output/10/cleaned_N0_trees/3.nwk, indelible_output/10/concatenated/3.fasta, indelible_dicts/10/leaves_3.p, indelible_dicts/10/gaps_3.p
    output: summaries/10/BEML/3.csv
    jobid: 19
    wildcards: taxon=10, method=BEML, rep=3

[Mon Mar  1 16:11:15 2021]
Finished job 19.
63 of 124 steps (51%) done
Select jobs to execute...

[Mon Mar  1 16:11:15 2021]
rule concat_summaries:
    input: summaries/10/BEML/1.csv, summaries/10/BEML/2.csv, summaries/10/BEML/3.csv, summaries/10/BEML/4.csv
    output: concatenated_summaries/10_BEML.csv
    jobid: 3
    wildcards: taxon=10, method=BEML

[Mon Mar  1 16:11:16 2021]
Finished job 3.
64 of 124 steps (52%) done
Select jobs to execute...

[Mon Mar  1 16:11:16 2021]
rule create_control_files:
    output: indelible/20_control.txt
    jobid: 38
    wildcards: taxon=20

[Mon Mar  1 16:11:16 2021]
Finished job 38.
65 of 124 steps (52%) done
Select jobs to execute...

[Mon Mar  1 16:11:16 2021]
rule run_indelible:
    input: indelible/20_control.txt
    output: indelible_output/20/trees/4.nwk, indelible_output/20/20_TRUE_4.fasta, indelible_output/20/20_ANCESTRAL_4.fasta, indelible_output/20/N0_trees/4.nwk
    jobid: 59
    wildcards: taxon=20, rep=4

[Mon Mar  1 16:11:17 2021]
Finished job 59.
66 of 124 steps (53%) done
Select jobs to execute...

[Mon Mar  1 16:11:17 2021]
rule concat_indelible:
    input: indelible_output/20/20_TRUE_4.fasta, indelible_output/20/20_ANCESTRAL_4.fasta
    output: indelible_output/20/concatenated/20_4.fasta
    jobid: 60
    wildcards: taxon=20, rep=4

[Mon Mar  1 16:11:17 2021]
Finished job 60.
67 of 124 steps (54%) done
Select jobs to execute...

[Mon Mar  1 16:11:17 2021]
rule clean_indelible:
    input: indelible_output/20/N0_trees/4.nwk, indelible_output/20/concatenated/20_4.fasta
    output: indelible_output/20/cleaned_aln/4.fasta, indelible_output/20/concatenated/4.fasta, indelible_output/20/cleaned_trees/4.nwk, indelible_output/20/cleaned_N0_trees/4.nwk, indelible_output/20/cleaned_no_internal_trees/4.nwk
    jobid: 58
    wildcards: taxon=20, rep=4

[Mon Mar  1 16:11:18 2021]
Finished job 58.
68 of 124 steps (55%) done
Select jobs to execute...

[Mon Mar  1 16:11:18 2021]
rule run_grasp:
    input: indelible_output/20/cleaned_aln/4.fasta, indelible_output/20/cleaned_N0_trees/4.nwk
    output: grasp_results/20/BEML/4, grasp_results/20/BEML/4/GRASP_ancestors.fasta, grasp_results/20/BEML/4/GRASP_ancestors.nwk
    jobid: 57
    wildcards: taxon=20, method=BEML, rep=4

[Mon Mar  1 16:11:19 2021]
Finished job 57.
69 of 124 steps (56%) done
Select jobs to execute...

[Mon Mar  1 16:11:19 2021]
rule concat_fasta:
    input: indelible_output/20/cleaned_aln/4.fasta, grasp_results/20/BEML/4/GRASP_ancestors.fasta
    output: grasp_results/concatenated/20/BEML/4/GRASP_ancestors.fasta
    jobid: 61
    wildcards: taxon=20, method=BEML, rep=4

[Mon Mar  1 16:11:19 2021]
Finished job 61.
70 of 124 steps (56%) done
Select jobs to execute...

[Mon Mar  1 16:11:19 2021]
rule get_indelible_dict:
    input: indelible_output/20/concatenated/4.fasta, indelible_output/20/cleaned_N0_trees/4.nwk
    output: indelible_dicts/20/leaves_4.p, indelible_dicts/20/gaps_4.p
    jobid: 62
    wildcards: taxon=20, rep=4

[Mon Mar  1 16:11:20 2021]
Finished job 62.
71 of 124 steps (57%) done
Select jobs to execute...

[Mon Mar  1 16:11:20 2021]
rule summarise_indelible:
    input: indelible_output/20/cleaned_N0_trees/4.nwk, indelible_output/20/concatenated/4.fasta, indelible_output/20/cleaned_N0_trees/4.nwk, indelible_output/20/concatenated/4.fasta, indelible_dicts/20/leaves_4.p, indelible_dicts/20/gaps_4.p
    output: indelible_summaries/20/4.csv
    jobid: 132
    wildcards: taxon=20, rep=4

[Mon Mar  1 16:11:21 2021]
Finished job 132.
72 of 124 steps (58%) done
Select jobs to execute...

[Mon Mar  1 16:11:21 2021]
rule summarise_indels:
    input: grasp_results/20/BEML/4/GRASP_ancestors.nwk, grasp_results/concatenated/20/BEML/4/GRASP_ancestors.fasta, indelible_output/20/cleaned_N0_trees/4.nwk, indelible_output/20/concatenated/4.fasta, indelible_dicts/20/leaves_4.p, indelible_dicts/20/gaps_4.p
    output: summaries/20/BEML/4.csv
    jobid: 56
    wildcards: taxon=20, method=BEML, rep=4

[Mon Mar  1 16:11:22 2021]
Finished job 56.
73 of 124 steps (59%) done
Select jobs to execute...

[Mon Mar  1 16:11:22 2021]
rule run_indelible:
    input: indelible/20_control.txt
    output: indelible_output/20/trees/3.nwk, indelible_output/20/20_TRUE_3.fasta, indelible_output/20/20_ANCESTRAL_3.fasta, indelible_output/20/N0_trees/3.nwk
    jobid: 52
    wildcards: taxon=20, rep=3

Warning: the following output files of rule run_indelible were not present when the DAG was created:
{'indelible_output/20/N0_trees/3.nwk', 'indelible_output/20/20_ANCESTRAL_3.fasta', 'indelible_output/20/20_TRUE_3.fasta'}
[Mon Mar  1 16:11:23 2021]
Finished job 52.
74 of 124 steps (60%) done
Select jobs to execute...

[Mon Mar  1 16:11:23 2021]
rule concat_indelible:
    input: indelible_output/20/20_TRUE_3.fasta, indelible_output/20/20_ANCESTRAL_3.fasta
    output: indelible_output/20/concatenated/20_3.fasta
    jobid: 53
    wildcards: taxon=20, rep=3

[Mon Mar  1 16:11:23 2021]
Finished job 53.
75 of 124 steps (60%) done
Select jobs to execute...

[Mon Mar  1 16:11:24 2021]
rule clean_indelible:
    input: indelible_output/20/N0_trees/3.nwk, indelible_output/20/concatenated/20_3.fasta
    output: indelible_output/20/cleaned_aln/3.fasta, indelible_output/20/concatenated/3.fasta, indelible_output/20/cleaned_trees/3.nwk, indelible_output/20/cleaned_N0_trees/3.nwk, indelible_output/20/cleaned_no_internal_trees/3.nwk
    jobid: 51
    wildcards: taxon=20, rep=3

[Mon Mar  1 16:11:24 2021]
Finished job 51.
76 of 124 steps (61%) done
Select jobs to execute...

[Mon Mar  1 16:11:25 2021]
rule get_indelible_dict:
    input: indelible_output/20/concatenated/3.fasta, indelible_output/20/cleaned_N0_trees/3.nwk
    output: indelible_dicts/20/leaves_3.p, indelible_dicts/20/gaps_3.p
    jobid: 55
    wildcards: taxon=20, rep=3

[Mon Mar  1 16:11:25 2021]
Finished job 55.
77 of 124 steps (62%) done
Select jobs to execute...

[Mon Mar  1 16:11:25 2021]
rule run_grasp:
    input: indelible_output/20/cleaned_aln/3.fasta, indelible_output/20/cleaned_N0_trees/3.nwk
    output: grasp_results/20/BEML/3, grasp_results/20/BEML/3/GRASP_ancestors.fasta, grasp_results/20/BEML/3/GRASP_ancestors.nwk
    jobid: 50
    wildcards: taxon=20, method=BEML, rep=3

[Mon Mar  1 16:11:27 2021]
Finished job 50.
78 of 124 steps (63%) done
Select jobs to execute...

[Mon Mar  1 16:11:27 2021]
rule concat_fasta:
    input: indelible_output/20/cleaned_aln/3.fasta, grasp_results/20/BEML/3/GRASP_ancestors.fasta
    output: grasp_results/concatenated/20/BEML/3/GRASP_ancestors.fasta
    jobid: 54
    wildcards: taxon=20, method=BEML, rep=3

[Mon Mar  1 16:11:27 2021]
Finished job 54.
79 of 124 steps (64%) done
Select jobs to execute...

[Mon Mar  1 16:11:27 2021]
rule summarise_indels:
    input: grasp_results/20/BEML/3/GRASP_ancestors.nwk, grasp_results/concatenated/20/BEML/3/GRASP_ancestors.fasta, indelible_output/20/cleaned_N0_trees/3.nwk, indelible_output/20/concatenated/3.fasta, indelible_dicts/20/leaves_3.p, indelible_dicts/20/gaps_3.p
    output: summaries/20/BEML/3.csv
    jobid: 49
    wildcards: taxon=20, method=BEML, rep=3

[Mon Mar  1 16:11:28 2021]
Finished job 49.
80 of 124 steps (65%) done
Select jobs to execute...

[Mon Mar  1 16:11:28 2021]
rule summarise_indelible:
    input: indelible_output/20/cleaned_N0_trees/3.nwk, indelible_output/20/concatenated/3.fasta, indelible_output/20/cleaned_N0_trees/3.nwk, indelible_output/20/concatenated/3.fasta, indelible_dicts/20/leaves_3.p, indelible_dicts/20/gaps_3.p
    output: indelible_summaries/20/3.csv
    jobid: 131
    wildcards: taxon=20, rep=3

[Mon Mar  1 16:11:29 2021]
Finished job 131.
81 of 124 steps (65%) done
Select jobs to execute...

[Mon Mar  1 16:11:29 2021]
rule run_indelible:
    input: indelible/20_control.txt
    output: indelible_output/20/trees/2.nwk, indelible_output/20/20_TRUE_2.fasta, indelible_output/20/20_ANCESTRAL_2.fasta, indelible_output/20/N0_trees/2.nwk
    jobid: 45
    wildcards: taxon=20, rep=2

Warning: the following output files of rule run_indelible were not present when the DAG was created:
{'indelible_output/20/20_ANCESTRAL_2.fasta', 'indelible_output/20/N0_trees/2.nwk', 'indelible_output/20/20_TRUE_2.fasta'}
[Mon Mar  1 16:11:30 2021]
Finished job 45.
82 of 124 steps (66%) done
Select jobs to execute...

[Mon Mar  1 16:11:30 2021]
rule concat_indelible:
    input: indelible_output/20/20_TRUE_2.fasta, indelible_output/20/20_ANCESTRAL_2.fasta
    output: indelible_output/20/concatenated/20_2.fasta
    jobid: 46
    wildcards: taxon=20, rep=2

[Mon Mar  1 16:11:30 2021]
Finished job 46.
83 of 124 steps (67%) done
Select jobs to execute...

[Mon Mar  1 16:11:30 2021]
rule clean_indelible:
    input: indelible_output/20/N0_trees/2.nwk, indelible_output/20/concatenated/20_2.fasta
    output: indelible_output/20/cleaned_aln/2.fasta, indelible_output/20/concatenated/2.fasta, indelible_output/20/cleaned_trees/2.nwk, indelible_output/20/cleaned_N0_trees/2.nwk, indelible_output/20/cleaned_no_internal_trees/2.nwk
    jobid: 44
    wildcards: taxon=20, rep=2

[Mon Mar  1 16:11:31 2021]
Finished job 44.
84 of 124 steps (68%) done
Select jobs to execute...

[Mon Mar  1 16:11:31 2021]
rule get_indelible_dict:
    input: indelible_output/20/concatenated/2.fasta, indelible_output/20/cleaned_N0_trees/2.nwk
    output: indelible_dicts/20/leaves_2.p, indelible_dicts/20/gaps_2.p
    jobid: 48
    wildcards: taxon=20, rep=2

[Mon Mar  1 16:11:32 2021]
Finished job 48.
85 of 124 steps (69%) done
Select jobs to execute...

[Mon Mar  1 16:11:32 2021]
rule summarise_indelible:
    input: indelible_output/20/cleaned_N0_trees/2.nwk, indelible_output/20/concatenated/2.fasta, indelible_output/20/cleaned_N0_trees/2.nwk, indelible_output/20/concatenated/2.fasta, indelible_dicts/20/leaves_2.p, indelible_dicts/20/gaps_2.p
    output: indelible_summaries/20/2.csv
    jobid: 130
    wildcards: taxon=20, rep=2

[Mon Mar  1 16:11:33 2021]
Finished job 130.
86 of 124 steps (69%) done
Select jobs to execute...

[Mon Mar  1 16:11:33 2021]
rule run_grasp:
    input: indelible_output/20/cleaned_aln/2.fasta, indelible_output/20/cleaned_N0_trees/2.nwk
    output: grasp_results/20/BEML/2, grasp_results/20/BEML/2/GRASP_ancestors.fasta, grasp_results/20/BEML/2/GRASP_ancestors.nwk
    jobid: 43
    wildcards: taxon=20, method=BEML, rep=2

[Mon Mar  1 16:11:35 2021]
Finished job 43.
87 of 124 steps (70%) done
Select jobs to execute...

[Mon Mar  1 16:11:35 2021]
rule concat_fasta:
    input: indelible_output/20/cleaned_aln/2.fasta, grasp_results/20/BEML/2/GRASP_ancestors.fasta
    output: grasp_results/concatenated/20/BEML/2/GRASP_ancestors.fasta
    jobid: 47
    wildcards: taxon=20, method=BEML, rep=2

[Mon Mar  1 16:11:35 2021]
Finished job 47.
88 of 124 steps (71%) done
Select jobs to execute...

[Mon Mar  1 16:11:35 2021]
rule summarise_indels:
    input: grasp_results/20/BEML/2/GRASP_ancestors.nwk, grasp_results/concatenated/20/BEML/2/GRASP_ancestors.fasta, indelible_output/20/cleaned_N0_trees/2.nwk, indelible_output/20/concatenated/2.fasta, indelible_dicts/20/leaves_2.p, indelible_dicts/20/gaps_2.p
    output: summaries/20/BEML/2.csv
    jobid: 42
    wildcards: taxon=20, method=BEML, rep=2

[Mon Mar  1 16:11:36 2021]
Finished job 42.
89 of 124 steps (72%) done
Select jobs to execute...

[Mon Mar  1 16:11:36 2021]
rule clean_indelible:
    input: indelible_output/30/N0_trees/1.nwk, indelible_output/30/concatenated/30_1.fasta
    output: indelible_output/30/cleaned_aln/1.fasta, indelible_output/30/concatenated/1.fasta, indelible_output/30/cleaned_trees/1.nwk, indelible_output/30/cleaned_N0_trees/1.nwk, indelible_output/30/cleaned_no_internal_trees/1.nwk
    jobid: 66
    wildcards: taxon=30, rep=1

[Mon Mar  1 16:11:37 2021]
Finished job 66.
90 of 124 steps (73%) done
Select jobs to execute...

[Mon Mar  1 16:11:37 2021]
rule get_indelible_dict:
    input: indelible_output/30/concatenated/1.fasta, indelible_output/30/cleaned_N0_trees/1.nwk
    output: indelible_dicts/30/leaves_1.p, indelible_dicts/30/gaps_1.p
    jobid: 71
    wildcards: taxon=30, rep=1

[Mon Mar  1 16:11:37 2021]
Finished job 71.
91 of 124 steps (73%) done
Select jobs to execute...

[Mon Mar  1 16:11:37 2021]
rule summarise_indelible:
    input: indelible_output/30/cleaned_N0_trees/1.nwk, indelible_output/30/concatenated/1.fasta, indelible_output/30/cleaned_N0_trees/1.nwk, indelible_output/30/concatenated/1.fasta, indelible_dicts/30/leaves_1.p, indelible_dicts/30/gaps_1.p
    output: indelible_summaries/30/1.csv
    jobid: 134
    wildcards: taxon=30, rep=1

[Mon Mar  1 16:11:38 2021]
Finished job 134.
92 of 124 steps (74%) done
Select jobs to execute...

[Mon Mar  1 16:11:38 2021]
rule run_grasp:
    input: indelible_output/30/cleaned_aln/1.fasta, indelible_output/30/cleaned_N0_trees/1.nwk
    output: grasp_results/30/BEML/1, grasp_results/30/BEML/1/GRASP_ancestors.fasta, grasp_results/30/BEML/1/GRASP_ancestors.nwk
    jobid: 65
    wildcards: taxon=30, method=BEML, rep=1

[Mon Mar  1 16:11:40 2021]
Finished job 65.
93 of 124 steps (75%) done
Select jobs to execute...

[Mon Mar  1 16:11:40 2021]
rule run_indelible:
    input: indelible/20_control.txt
    output: indelible_output/20/trees/1.nwk, indelible_output/20/20_TRUE_1.fasta, indelible_output/20/20_ANCESTRAL_1.fasta, indelible_output/20/N0_trees/1.nwk
    jobid: 37
    wildcards: taxon=20, rep=1

Warning: the following output files of rule run_indelible were not present when the DAG was created:
{'indelible_output/20/20_ANCESTRAL_1.fasta', 'indelible_output/20/20_TRUE_1.fasta', 'indelible_output/20/N0_trees/1.nwk'}
[Mon Mar  1 16:11:41 2021]
Finished job 37.
94 of 124 steps (76%) done
Select jobs to execute...

[Mon Mar  1 16:11:42 2021]
rule concat_indelible:
    input: indelible_output/20/20_TRUE_1.fasta, indelible_output/20/20_ANCESTRAL_1.fasta
    output: indelible_output/20/concatenated/20_1.fasta
    jobid: 39
    wildcards: taxon=20, rep=1

[Mon Mar  1 16:11:42 2021]
Finished job 39.
95 of 124 steps (77%) done
Select jobs to execute...

[Mon Mar  1 16:11:42 2021]
rule concat_fasta:
    input: indelible_output/30/cleaned_aln/1.fasta, grasp_results/30/BEML/1/GRASP_ancestors.fasta
    output: grasp_results/concatenated/30/BEML/1/GRASP_ancestors.fasta
    jobid: 70
    wildcards: taxon=30, method=BEML, rep=1

[Mon Mar  1 16:11:42 2021]
Finished job 70.
96 of 124 steps (77%) done
Select jobs to execute...

[Mon Mar  1 16:11:42 2021]
rule clean_indelible:
    input: indelible_output/30/N0_trees/3.nwk, indelible_output/30/concatenated/30_3.fasta
    output: indelible_output/30/cleaned_aln/3.fasta, indelible_output/30/concatenated/3.fasta, indelible_output/30/cleaned_trees/3.nwk, indelible_output/30/cleaned_N0_trees/3.nwk, indelible_output/30/cleaned_no_internal_trees/3.nwk
    jobid: 81
    wildcards: taxon=30, rep=3

[Mon Mar  1 16:11:43 2021]
Finished job 81.
97 of 124 steps (78%) done
Select jobs to execute...

[Mon Mar  1 16:11:43 2021]
rule get_indelible_dict:
    input: indelible_output/30/concatenated/3.fasta, indelible_output/30/cleaned_N0_trees/3.nwk
    output: indelible_dicts/30/leaves_3.p, indelible_dicts/30/gaps_3.p
    jobid: 85
    wildcards: taxon=30, rep=3

[Mon Mar  1 16:11:44 2021]
Finished job 85.
98 of 124 steps (79%) done
Select jobs to execute...

[Mon Mar  1 16:11:44 2021]
rule run_grasp:
    input: indelible_output/30/cleaned_aln/3.fasta, indelible_output/30/cleaned_N0_trees/3.nwk
    output: grasp_results/30/BEML/3, grasp_results/30/BEML/3/GRASP_ancestors.fasta, grasp_results/30/BEML/3/GRASP_ancestors.nwk
    jobid: 80
    wildcards: taxon=30, method=BEML, rep=3

[Mon Mar  1 16:11:45 2021]
Finished job 80.
99 of 124 steps (80%) done
Select jobs to execute...

[Mon Mar  1 16:11:46 2021]
rule concat_fasta:
    input: indelible_output/30/cleaned_aln/3.fasta, grasp_results/30/BEML/3/GRASP_ancestors.fasta
    output: grasp_results/concatenated/30/BEML/3/GRASP_ancestors.fasta
    jobid: 84
    wildcards: taxon=30, method=BEML, rep=3

[Mon Mar  1 16:11:46 2021]
Finished job 84.
100 of 124 steps (81%) done
Select jobs to execute...

[Mon Mar  1 16:11:46 2021]
rule summarise_indels:
    input: grasp_results/30/BEML/3/GRASP_ancestors.nwk, grasp_results/concatenated/30/BEML/3/GRASP_ancestors.fasta, indelible_output/30/cleaned_N0_trees/3.nwk, indelible_output/30/concatenated/3.fasta, indelible_dicts/30/leaves_3.p, indelible_dicts/30/gaps_3.p
    output: summaries/30/BEML/3.csv
    jobid: 79
    wildcards: taxon=30, method=BEML, rep=3

[Mon Mar  1 16:11:46 2021]
Finished job 79.
101 of 124 steps (81%) done
Select jobs to execute...

[Mon Mar  1 16:11:46 2021]
rule clean_indelible:
    input: indelible_output/20/N0_trees/1.nwk, indelible_output/20/concatenated/20_1.fasta
    output: indelible_output/20/cleaned_aln/1.fasta, indelible_output/20/concatenated/1.fasta, indelible_output/20/cleaned_trees/1.nwk, indelible_output/20/cleaned_N0_trees/1.nwk, indelible_output/20/cleaned_no_internal_trees/1.nwk
    jobid: 36
    wildcards: taxon=20, rep=1

[Mon Mar  1 16:11:47 2021]
Finished job 36.
102 of 124 steps (82%) done
Select jobs to execute...

[Mon Mar  1 16:11:47 2021]
rule get_indelible_dict:
    input: indelible_output/20/concatenated/1.fasta, indelible_output/20/cleaned_N0_trees/1.nwk
    output: indelible_dicts/20/leaves_1.p, indelible_dicts/20/gaps_1.p
    jobid: 41
    wildcards: taxon=20, rep=1

[Mon Mar  1 16:11:48 2021]
Finished job 41.
103 of 124 steps (83%) done
Select jobs to execute...

[Mon Mar  1 16:11:48 2021]
rule run_grasp:
    input: indelible_output/20/cleaned_aln/1.fasta, indelible_output/20/cleaned_N0_trees/1.nwk
    output: grasp_results/20/BEML/1, grasp_results/20/BEML/1/GRASP_ancestors.fasta, grasp_results/20/BEML/1/GRASP_ancestors.nwk
    jobid: 35
    wildcards: taxon=20, method=BEML, rep=1

[Mon Mar  1 16:11:50 2021]
Finished job 35.
104 of 124 steps (84%) done
Select jobs to execute...

[Mon Mar  1 16:11:50 2021]
rule concat_fasta:
    input: indelible_output/20/cleaned_aln/1.fasta, grasp_results/20/BEML/1/GRASP_ancestors.fasta
    output: grasp_results/concatenated/20/BEML/1/GRASP_ancestors.fasta
    jobid: 40
    wildcards: taxon=20, method=BEML, rep=1

[Mon Mar  1 16:11:50 2021]
Finished job 40.
105 of 124 steps (85%) done
Select jobs to execute...

[Mon Mar  1 16:11:50 2021]
rule summarise_indels:
    input: grasp_results/20/BEML/1/GRASP_ancestors.nwk, grasp_results/concatenated/20/BEML/1/GRASP_ancestors.fasta, indelible_output/20/cleaned_N0_trees/1.nwk, indelible_output/20/concatenated/1.fasta, indelible_dicts/20/leaves_1.p, indelible_dicts/20/gaps_1.p
    output: summaries/20/BEML/1.csv
    jobid: 34
    wildcards: taxon=20, method=BEML, rep=1

[Mon Mar  1 16:11:51 2021]
Finished job 34.
106 of 124 steps (85%) done
Select jobs to execute...

[Mon Mar  1 16:11:51 2021]
rule concat_summaries:
    input: summaries/20/BEML/1.csv, summaries/20/BEML/2.csv, summaries/20/BEML/3.csv, summaries/20/BEML/4.csv
    output: concatenated_summaries/20_BEML.csv
    jobid: 33
    wildcards: taxon=20, method=BEML

[Mon Mar  1 16:11:51 2021]
Finished job 33.
107 of 124 steps (86%) done
Select jobs to execute...

[Mon Mar  1 16:11:51 2021]
rule summarise_indelible:
    input: indelible_output/20/cleaned_N0_trees/1.nwk, indelible_output/20/concatenated/1.fasta, indelible_output/20/cleaned_N0_trees/1.nwk, indelible_output/20/concatenated/1.fasta, indelible_dicts/20/leaves_1.p, indelible_dicts/20/gaps_1.p
    output: indelible_summaries/20/1.csv
    jobid: 129
    wildcards: taxon=20, rep=1

[Mon Mar  1 16:11:52 2021]
Finished job 129.
108 of 124 steps (87%) done
Select jobs to execute...

[Mon Mar  1 16:11:52 2021]
rule concat_indelible_summaries:
    input: indelible_summaries/20/1.csv, indelible_summaries/20/2.csv, indelible_summaries/20/3.csv, indelible_summaries/20/4.csv
    output: concatenated_indelible_summaries/20.csv
    jobid: 128
    wildcards: taxon=20

[Mon Mar  1 16:11:52 2021]
Finished job 128.
109 of 124 steps (88%) done
Select jobs to execute...

[Mon Mar  1 16:11:52 2021]
rule summarise_indelible:
    input: indelible_output/10/cleaned_N0_trees/1.nwk, indelible_output/10/concatenated/1.fasta, indelible_output/10/cleaned_N0_trees/1.nwk, indelible_output/10/concatenated/1.fasta, indelible_dicts/10/leaves_1.p, indelible_dicts/10/gaps_1.p
    output: indelible_summaries/10/1.csv
    jobid: 124
    wildcards: taxon=10, rep=1

[Mon Mar  1 16:11:53 2021]
Finished job 124.
110 of 124 steps (89%) done
Select jobs to execute...

[Mon Mar  1 16:11:53 2021]
rule concat_indelible_summaries:
    input: indelible_summaries/10/1.csv, indelible_summaries/10/2.csv, indelible_summaries/10/3.csv, indelible_summaries/10/4.csv
    output: concatenated_indelible_summaries/10.csv
    jobid: 123
    wildcards: taxon=10

[Mon Mar  1 16:11:53 2021]
Finished job 123.
111 of 124 steps (90%) done
Select jobs to execute...

[Mon Mar  1 16:11:53 2021]
rule clean_indelible:
    input: indelible_output/30/N0_trees/2.nwk, indelible_output/30/concatenated/30_2.fasta
    output: indelible_output/30/cleaned_aln/2.fasta, indelible_output/30/concatenated/2.fasta, indelible_output/30/cleaned_trees/2.nwk, indelible_output/30/cleaned_N0_trees/2.nwk, indelible_output/30/cleaned_no_internal_trees/2.nwk
    jobid: 74
    wildcards: taxon=30, rep=2

[Mon Mar  1 16:11:54 2021]
Finished job 74.
112 of 124 steps (90%) done
Select jobs to execute...

[Mon Mar  1 16:11:54 2021]
rule summarise_indels:
    input: grasp_results/30/BEML/1/GRASP_ancestors.nwk, grasp_results/concatenated/30/BEML/1/GRASP_ancestors.fasta, indelible_output/30/cleaned_N0_trees/1.nwk, indelible_output/30/concatenated/1.fasta, indelible_dicts/30/leaves_1.p, indelible_dicts/30/gaps_1.p
    output: summaries/30/BEML/1.csv
    jobid: 64
    wildcards: taxon=30, method=BEML, rep=1

[Mon Mar  1 16:11:55 2021]
Finished job 64.
113 of 124 steps (91%) done
Select jobs to execute...

[Mon Mar  1 16:11:55 2021]
rule summarise_indelible:
    input: indelible_output/30/cleaned_N0_trees/3.nwk, indelible_output/30/concatenated/3.fasta, indelible_output/30/cleaned_N0_trees/3.nwk, indelible_output/30/concatenated/3.fasta, indelible_dicts/30/leaves_3.p, indelible_dicts/30/gaps_3.p
    output: indelible_summaries/30/3.csv
    jobid: 136
    wildcards: taxon=30, rep=3

[Mon Mar  1 16:11:56 2021]
Finished job 136.
114 of 124 steps (92%) done
Select jobs to execute...

[Mon Mar  1 16:11:56 2021]
rule get_indelible_dict:
    input: indelible_output/30/concatenated/2.fasta, indelible_output/30/cleaned_N0_trees/2.nwk
    output: indelible_dicts/30/leaves_2.p, indelible_dicts/30/gaps_2.p
    jobid: 78
    wildcards: taxon=30, rep=2

[Mon Mar  1 16:11:57 2021]
Finished job 78.
115 of 124 steps (93%) done
Select jobs to execute...

[Mon Mar  1 16:11:57 2021]
rule summarise_indelible:
    input: indelible_output/30/cleaned_N0_trees/2.nwk, indelible_output/30/concatenated/2.fasta, indelible_output/30/cleaned_N0_trees/2.nwk, indelible_output/30/concatenated/2.fasta, indelible_dicts/30/leaves_2.p, indelible_dicts/30/gaps_2.p
    output: indelible_summaries/30/2.csv
    jobid: 135
    wildcards: taxon=30, rep=2

[Mon Mar  1 16:11:58 2021]
Finished job 135.
116 of 124 steps (94%) done
Select jobs to execute...

[Mon Mar  1 16:11:58 2021]
rule run_grasp:
    input: indelible_output/30/cleaned_aln/2.fasta, indelible_output/30/cleaned_N0_trees/2.nwk
    output: grasp_results/30/BEML/2, grasp_results/30/BEML/2/GRASP_ancestors.fasta, grasp_results/30/BEML/2/GRASP_ancestors.nwk
    jobid: 73
    wildcards: taxon=30, method=BEML, rep=2

[Mon Mar  1 16:11:59 2021]
Finished job 73.
117 of 124 steps (94%) done
Select jobs to execute...

[Mon Mar  1 16:11:59 2021]
rule concat_fasta:
    input: indelible_output/30/cleaned_aln/2.fasta, grasp_results/30/BEML/2/GRASP_ancestors.fasta
    output: grasp_results/concatenated/30/BEML/2/GRASP_ancestors.fasta
    jobid: 77
    wildcards: taxon=30, method=BEML, rep=2

[Mon Mar  1 16:11:59 2021]
Finished job 77.
118 of 124 steps (95%) done
Select jobs to execute...

[Mon Mar  1 16:11:59 2021]
rule concat_indelible_summaries:
    input: indelible_summaries/30/1.csv, indelible_summaries/30/2.csv, indelible_summaries/30/3.csv, indelible_summaries/30/4.csv
    output: concatenated_indelible_summaries/30.csv
    jobid: 133
    wildcards: taxon=30

[Mon Mar  1 16:11:59 2021]
Finished job 133.
119 of 124 steps (96%) done
Select jobs to execute...

[Mon Mar  1 16:11:59 2021]
rule summarise_indels:
    input: grasp_results/30/BEML/2/GRASP_ancestors.nwk, grasp_results/concatenated/30/BEML/2/GRASP_ancestors.fasta, indelible_output/30/cleaned_N0_trees/2.nwk, indelible_output/30/concatenated/2.fasta, indelible_dicts/30/leaves_2.p, indelible_dicts/30/gaps_2.p
    output: summaries/30/BEML/2.csv
    jobid: 72
    wildcards: taxon=30, method=BEML, rep=2

[Mon Mar  1 16:12:00 2021]
Finished job 72.
120 of 124 steps (97%) done
Select jobs to execute...

[Mon Mar  1 16:12:00 2021]
rule concat_summaries:
    input: summaries/30/BEML/1.csv, summaries/30/BEML/2.csv, summaries/30/BEML/3.csv, summaries/30/BEML/4.csv
    output: concatenated_summaries/30_BEML.csv
    jobid: 63
    wildcards: taxon=30, method=BEML

[Mon Mar  1 16:12:00 2021]
Finished job 63.
121 of 124 steps (98%) done
Select jobs to execute...

[Mon Mar  1 16:12:00 2021]
rule generate_output_dict:
    input: concatenated_summaries/10_BEML.csv, concatenated_summaries/20_BEML.csv, concatenated_summaries/30_BEML.csv, concatenated_summaries/50_BEML.csv, concatenated_indelible_summaries/10.csv, concatenated_indelible_summaries/20.csv, concatenated_indelible_summaries/30.csv, concatenated_indelible_summaries/50.csv
    output: output_dicts/output.p
    jobid: 2

[Mon Mar  1 16:12:06 2021]
Finished job 2.
122 of 124 steps (98%) done
Select jobs to execute...

[Mon Mar  1 16:12:06 2021]
rule generate_latex:
    input: output_dicts/output.p
    output: plots/plot.tex
    jobid: 1

[Mon Mar  1 16:12:06 2021]
Finished job 1.
123 of 124 steps (99%) done
Select jobs to execute...

[Mon Mar  1 16:12:06 2021]
rule compile_latex:
    input: plots/plot.tex
    output: plots/plot.pdf
    jobid: 0

[Mon Mar  1 16:12:09 2021]
Finished job 0.
124 of 124 steps (100%) done
Complete log: /Users/gabefoley/Dropbox/PhD/20210121_Indel_Evaluation_Project/Indel_Evaluation_Snakemake/.snakemake/log/2021-03-01T161020.986693.snakemake.log
