Building DAG of jobs...
Using shell: /bin/bash
Provided cores: 1 (use --cores to define parallelism)
Rules claiming more threads will be scaled down.
Job counts:
	count	jobs
	2	clean_fasta
	6	concat_fasta
	2	concat_indelible
	3	concat_summaries
	1	create_control_files
	1	create_plots
	6	run_grasp
	2	run_indelible
	6	summarise_indels
	29
Select jobs to execute...

[Sun Jan 31 17:09:38 2021]
rule create_control_files:
    output: indelible/6_control.txt
    jobid: 6
    wildcards: taxon=6

[Sun Jan 31 17:09:38 2021]
Finished job 6.
1 of 29 steps (3%) done
Select jobs to execute...

[Sun Jan 31 17:09:38 2021]
rule run_indelible:
    input: indelible/6_control.txt
    output: indelible_output/6/cleaned_N0_trees/1.nwk, indelible_output/6/6_TRUE_1.fasta, indelible_output/6/6_ANCESTRAL_1.fasta
    jobid: 5
    wildcards: taxon=6, rep=1

[Sun Jan 31 17:09:39 2021]
Finished job 5.
2 of 29 steps (7%) done
Select jobs to execute...

[Sun Jan 31 17:09:39 2021]
rule run_indelible:
    input: indelible/6_control.txt
    output: indelible_output/6/cleaned_N0_trees/2.nwk, indelible_output/6/6_TRUE_2.fasta, indelible_output/6/6_ANCESTRAL_2.fasta
    jobid: 12
    wildcards: taxon=6, rep=2

Warning: the following output files of rule run_indelible were not present when the DAG was created:
{'indelible_output/6/6_TRUE_2.fasta', 'indelible_output/6/cleaned_N0_trees/2.nwk', 'indelible_output/6/6_ANCESTRAL_2.fasta'}
[Sun Jan 31 17:09:39 2021]
Finished job 12.
3 of 29 steps (10%) done
Select jobs to execute...

[Sun Jan 31 17:09:39 2021]
rule clean_fasta:
    input: indelible_output/6/6_TRUE_2.fasta
    output: indelible_output/6/cleaned_aln/2.fasta
    jobid: 11
    wildcards: taxon=6, rep=2

[Sun Jan 31 17:09:40 2021]
Finished job 11.
4 of 29 steps (14%) done
Select jobs to execute...

[Sun Jan 31 17:09:40 2021]
rule clean_fasta:
    input: indelible_output/6/6_TRUE_1.fasta
    output: indelible_output/6/cleaned_aln/1.fasta
    jobid: 4
    wildcards: taxon=6, rep=1

[Sun Jan 31 17:09:40 2021]
Finished job 4.
5 of 29 steps (17%) done
Select jobs to execute...

[Sun Jan 31 17:09:40 2021]
rule run_grasp:
    input: indelible_output/6/cleaned_aln/1.fasta, indelible_output/6/cleaned_N0_trees/1.nwk
    output: grasp_results/6/SICML/1, grasp_results/6/SICML/1/GRASP_ancestors.fasta, grasp_results/6/SICML/1/tree.nwk
    jobid: 24
    wildcards: taxon=6, method=SICML, rep=1

[Sun Jan 31 17:09:40 2021]
Finished job 24.
6 of 29 steps (21%) done
Select jobs to execute...

[Sun Jan 31 17:09:40 2021]
rule run_grasp:
    input: indelible_output/6/cleaned_aln/1.fasta, indelible_output/6/cleaned_N0_trees/1.nwk
    output: grasp_results/6/SICP/1, grasp_results/6/SICP/1/GRASP_ancestors.fasta, grasp_results/6/SICP/1/tree.nwk
    jobid: 17
    wildcards: taxon=6, method=SICP, rep=1

[Sun Jan 31 17:09:41 2021]
Finished job 17.
7 of 29 steps (24%) done
Select jobs to execute...

[Sun Jan 31 17:09:41 2021]
rule concat_fasta:
    input: indelible_output/6/cleaned_aln/1.fasta, grasp_results/6/SICP/1/GRASP_ancestors.fasta
    output: grasp_results/concatenated/6/SICP/1/GRASP_ancestors.fasta
    jobid: 18
    wildcards: taxon=6, method=SICP, rep=1

[Sun Jan 31 17:09:41 2021]
Finished job 18.
8 of 29 steps (28%) done
Select jobs to execute...

[Sun Jan 31 17:09:41 2021]
rule concat_fasta:
    input: indelible_output/6/cleaned_aln/1.fasta, grasp_results/6/SICML/1/GRASP_ancestors.fasta
    output: grasp_results/concatenated/6/SICML/1/GRASP_ancestors.fasta
    jobid: 25
    wildcards: taxon=6, method=SICML, rep=1

[Sun Jan 31 17:09:41 2021]
Finished job 25.
9 of 29 steps (31%) done
Select jobs to execute...

[Sun Jan 31 17:09:41 2021]
rule run_grasp:
    input: indelible_output/6/cleaned_aln/1.fasta, indelible_output/6/cleaned_N0_trees/1.nwk
    output: grasp_results/6/BEP/1, grasp_results/6/BEP/1/GRASP_ancestors.fasta, grasp_results/6/BEP/1/tree.nwk
    jobid: 3
    wildcards: taxon=6, method=BEP, rep=1

[Sun Jan 31 17:09:41 2021]
Finished job 3.
10 of 29 steps (34%) done
Select jobs to execute...

[Sun Jan 31 17:09:41 2021]
rule concat_fasta:
    input: indelible_output/6/cleaned_aln/1.fasta, grasp_results/6/BEP/1/GRASP_ancestors.fasta
    output: grasp_results/concatenated/6/BEP/1/GRASP_ancestors.fasta
    jobid: 7
    wildcards: taxon=6, method=BEP, rep=1

[Sun Jan 31 17:09:41 2021]
Finished job 7.
11 of 29 steps (38%) done
Select jobs to execute...

[Sun Jan 31 17:09:41 2021]
rule run_grasp:
    input: indelible_output/6/cleaned_aln/2.fasta, indelible_output/6/cleaned_N0_trees/2.nwk
    output: grasp_results/6/SICML/2, grasp_results/6/SICML/2/GRASP_ancestors.fasta, grasp_results/6/SICML/2/tree.nwk
    jobid: 27
    wildcards: taxon=6, method=SICML, rep=2

[Sun Jan 31 17:09:41 2021]
Error in rule run_grasp:
    jobid: 27
    output: grasp_results/6/SICML/2, grasp_results/6/SICML/2/GRASP_ancestors.fasta, grasp_results/6/SICML/2/tree.nwk
    shell:
        grasp -aln indelible_output/6/cleaned_aln/2.fasta -nwk indelible_output/6/cleaned_N0_trees/2.nwk -model LG -out grasp_results/6/SICML/2 -savetree grasp_results/6/SICML/2  -indel SICML -inf joint -gap
        (one of the commands exited with non-zero exit code; note that snakemake uses bash strict mode!)

Removing output files of failed job run_grasp since they might be corrupted:
grasp_results/6/SICML/2
Shutting down, this might take some time.
Exiting because a job execution failed. Look above for error message
Complete log: /Users/gabefoley/Dropbox/PhD/20210121_Indel_Evaluation_Project/Indel_Evaluation_Snakemake/.snakemake/log/2021-01-31T170937.920052.snakemake.log
