Building DAG of jobs...
Using shell: /bin/bash
Provided cores: 1 (use --cores to define parallelism)
Rules claiming more threads will be scaled down.
Job counts:
	count	jobs
	1	compile_latex
	1	generate_latex
	2
Select jobs to execute...

[Tue Mar  2 15:09:23 2021]
rule generate_latex:
    input: output_dicts/output.p
    output: plots/plot.tex
    jobid: 1

[Tue Mar  2 15:09:23 2021]
Finished job 1.
1 of 2 steps (50%) done
Select jobs to execute...

[Tue Mar  2 15:09:23 2021]
rule compile_latex:
    input: plots/plot.tex
    output: plots/plot.pdf
    jobid: 0

[Tue Mar  2 15:09:40 2021]
Error in rule compile_latex:
    jobid: 0
    output: plots/plot.pdf
    shell:
        latex -output-directory=plots plots/plot.tex
        (one of the commands exited with non-zero exit code; note that snakemake uses bash strict mode!)

Shutting down, this might take some time.
Exiting because a job execution failed. Look above for error message
Complete log: /Users/gabefoley/Dropbox/PhD/20210121_Indel_Evaluation_Project/Indel_Evaluation_Snakemake/.snakemake/log/2021-03-02T150922.921392.snakemake.log
