Building DAG of jobs...
Using shell: /bin/bash
Provided cores: 1 (use --cores to define parallelism)
Rules claiming more threads will be scaled down.
Job counts:
	count	jobs
	1	clean_fastml
	1	clean_indelible
	1	compile_latex
	1	concat_fasta
	1	concat_fastml_summaries
	1	concat_indelible
	1	concat_indelible_summaries
	1	concat_summaries
	1	create_control_files
	1	generate_latex
	1	generate_output_dict
	1	get_indelible_dict
	1	run_fastml
	1	run_grasp
	1	run_indelible
	1	summarise_fastml_indels
	1	summarise_indelible
	1	summarise_indels
	18
Select jobs to execute...

[Tue Feb  2 17:34:33 2021]
rule create_control_files:
    output: indelible/5_control.txt
    jobid: 8
    wildcards: taxon=5

[Tue Feb  2 17:34:33 2021]
Finished job 8.
1 of 18 steps (6%) done
Select jobs to execute...

[Tue Feb  2 17:34:34 2021]
rule run_indelible:
    input: indelible/5_control.txt
    output: indelible_output/5/trees/1.nwk, indelible_output/5/5_TRUE_1.fasta, indelible_output/5/5_ANCESTRAL_1.fasta, indelible_output/5/N0_trees/1.nwk
    jobid: 7
    wildcards: taxon=5, rep=1

[Tue Feb  2 17:34:35 2021]
Finished job 7.
2 of 18 steps (11%) done
Select jobs to execute...

[Tue Feb  2 17:34:35 2021]
rule concat_indelible:
    input: indelible_output/5/5_TRUE_1.fasta, indelible_output/5/5_ANCESTRAL_1.fasta
    output: indelible_output/5/concatenated/5_1.fasta
    jobid: 9
    wildcards: taxon=5, rep=1

[Tue Feb  2 17:34:35 2021]
Finished job 9.
3 of 18 steps (17%) done
Select jobs to execute...

[Tue Feb  2 17:34:35 2021]
rule clean_indelible:
    input: indelible_output/5/N0_trees/1.nwk, indelible_output/5/concatenated/5_1.fasta
    output: indelible_output/5/cleaned_aln/1.fasta, indelible_output/5/concatenated/1.fasta, indelible_output/5/cleaned_trees/1.nwk, indelible_output/5/cleaned_N0_trees/1.nwk, indelible_output/5/cleaned_no_internal_trees/1.nwk
    jobid: 6
    wildcards: taxon=5, rep=1

[Tue Feb  2 17:34:36 2021]
Finished job 6.
4 of 18 steps (22%) done
Select jobs to execute...

[Tue Feb  2 17:34:36 2021]
rule get_indelible_dict:
    input: indelible_output/5/concatenated/1.fasta, indelible_output/5/cleaned_N0_trees/1.nwk
    output: indelible_dicts/5/leaves_1.p, indelible_dicts/5/gaps_1.p
    jobid: 11
    wildcards: taxon=5, rep=1

[Tue Feb  2 17:34:37 2021]
Finished job 11.
5 of 18 steps (28%) done
Select jobs to execute...

[Tue Feb  2 17:34:37 2021]
rule run_fastml:
    input: indelible_output/5/cleaned_aln/1.fasta, indelible_output/5/cleaned_no_internal_trees/1.nwk
    output: fastml_results/5/1/seq.joint.txt, fastml_results/5/1/tree.newick.txt, fastml_results/5/1
    jobid: 15
    wildcards: taxon=5, rep=1

[Tue Feb  2 17:34:40 2021]
Finished job 15.
6 of 18 steps (33%) done
Select jobs to execute...

[Tue Feb  2 17:34:40 2021]
rule summarise_indelible:
    input: indelible_output/5/cleaned_N0_trees/1.nwk, indelible_output/5/concatenated/1.fasta, indelible_output/5/cleaned_N0_trees/1.nwk, indelible_output/5/concatenated/1.fasta, indelible_dicts/5/leaves_1.p, indelible_dicts/5/gaps_1.p
    output: indelible_summaries/5/1.csv
    jobid: 17
    wildcards: taxon=5, rep=1

[Tue Feb  2 17:34:41 2021]
Finished job 17.
7 of 18 steps (39%) done
Select jobs to execute...

[Tue Feb  2 17:34:41 2021]
rule run_grasp:
    input: indelible_output/5/cleaned_aln/1.fasta, indelible_output/5/cleaned_N0_trees/1.nwk
    output: grasp_results/5/BEP/1, grasp_results/5/BEP/1/GRASP_ancestors.fasta, grasp_results/5/BEP/1/tree.nwk
    jobid: 5
    wildcards: taxon=5, method=BEP, rep=1

[Tue Feb  2 17:34:42 2021]
Finished job 5.
8 of 18 steps (44%) done
Select jobs to execute...

[Tue Feb  2 17:34:42 2021]
rule clean_fastml:
    input: fastml_results/5/1/seq.joint.txt, fastml_results/5/1/tree.newick.txt
    output: fastml_results/5/concatenated/1/FastML_ancestors.fasta, fastml_results/5/cleaned_N0_trees/1/tree.nwk
    jobid: 14
    wildcards: taxon=5, rep=1

[Tue Feb  2 17:34:44 2021]
Finished job 14.
9 of 18 steps (50%) done
Select jobs to execute...

[Tue Feb  2 17:34:44 2021]
rule summarise_fastml_indels:
    input: fastml_results/5/concatenated/1/FastML_ancestors.fasta, fastml_results/5/cleaned_N0_trees/1/tree.nwk, indelible_output/5/cleaned_N0_trees/1.nwk, indelible_output/5/concatenated/1.fasta, indelible_dicts/5/leaves_1.p, indelible_dicts/5/gaps_1.p
    output: fastml_summaries/5/fastml/1.csv
    jobid: 13
    wildcards: taxon=5, rep=1

[Tue Feb  2 17:34:45 2021]
Finished job 13.
10 of 18 steps (56%) done
Select jobs to execute...

[Tue Feb  2 17:34:45 2021]
rule concat_fastml_summaries:
    input: fastml_summaries/5/fastml/1.csv
    output: concatenated_fastml_summaries/5.csv
    jobid: 12
    wildcards: taxon=5

[Tue Feb  2 17:34:45 2021]
Finished job 12.
11 of 18 steps (61%) done
Select jobs to execute...

[Tue Feb  2 17:34:45 2021]
rule concat_fasta:
    input: indelible_output/5/cleaned_aln/1.fasta, grasp_results/5/BEP/1/GRASP_ancestors.fasta
    output: grasp_results/concatenated/5/BEP/1/GRASP_ancestors.fasta
    jobid: 10
    wildcards: taxon=5, method=BEP, rep=1

[Tue Feb  2 17:34:45 2021]
Finished job 10.
12 of 18 steps (67%) done
Select jobs to execute...

[Tue Feb  2 17:34:45 2021]
rule summarise_indels:
    input: grasp_results/5/BEP/1/tree.nwk, grasp_results/concatenated/5/BEP/1/GRASP_ancestors.fasta, indelible_output/5/cleaned_N0_trees/1.nwk, indelible_output/5/concatenated/1.fasta, indelible_dicts/5/leaves_1.p, indelible_dicts/5/gaps_1.p
    output: summaries/5/BEP/1.csv
    jobid: 4
    wildcards: taxon=5, method=BEP, rep=1

[Tue Feb  2 17:34:46 2021]
Finished job 4.
13 of 18 steps (72%) done
Select jobs to execute...

[Tue Feb  2 17:34:46 2021]
rule concat_summaries:
    input: summaries/5/BEP/1.csv
    output: concatenated_summaries/5_BEP.csv
    jobid: 3
    wildcards: taxon=5, method=BEP

[Tue Feb  2 17:34:46 2021]
Finished job 3.
14 of 18 steps (78%) done
Select jobs to execute...

[Tue Feb  2 17:34:46 2021]
rule concat_indelible_summaries:
    input: indelible_summaries/5/1.csv
    output: concatenated_indelible_summaries/5.csv
    jobid: 16
    wildcards: taxon=5

[Tue Feb  2 17:34:46 2021]
Finished job 16.
15 of 18 steps (83%) done
Select jobs to execute...

[Tue Feb  2 17:34:46 2021]
rule generate_output_dict:
    input: concatenated_summaries/5_BEP.csv, concatenated_fastml_summaries/5.csv, concatenated_indelible_summaries/5.csv
    output: output_dicts/output.p
    jobid: 2

[Tue Feb  2 17:34:50 2021]
Finished job 2.
16 of 18 steps (89%) done
Select jobs to execute...

[Tue Feb  2 17:34:50 2021]
rule generate_latex:
    input: output_dicts/output.p
    output: plots/plot.tex
    jobid: 1

[Tue Feb  2 17:34:51 2021]
Error in rule generate_latex:
    jobid: 1
    output: plots/plot.tex

RuleException:
CalledProcessError in line 223 of /Users/gabefoley/Dropbox/PhD/20210121_Indel_Evaluation_Project/Indel_Evaluation_Snakemake/Snakefile:
Command 'set -euo pipefail;  /Users/gabefoley/miniconda3_latest/envs/indel_snakemake/bin/python3.9 /Users/gabefoley/Dropbox/PhD/20210121_Indel_Evaluation_Project/Indel_Evaluation_Snakemake/.snakemake/scripts/tmp1_arvvn8.generate_latex.py' returned non-zero exit status 1.
  File "/Users/gabefoley/miniconda3_latest/envs/indel_snakemake/lib/python3.9/site-packages/snakemake/executors/__init__.py", line 2319, in run_wrapper
  File "/Users/gabefoley/Dropbox/PhD/20210121_Indel_Evaluation_Project/Indel_Evaluation_Snakemake/Snakefile", line 223, in __rule_generate_latex
  File "/Users/gabefoley/miniconda3_latest/envs/indel_snakemake/lib/python3.9/site-packages/snakemake/executors/__init__.py", line 568, in _callback
  File "/Users/gabefoley/miniconda3_latest/envs/indel_snakemake/lib/python3.9/concurrent/futures/thread.py", line 52, in run
  File "/Users/gabefoley/miniconda3_latest/envs/indel_snakemake/lib/python3.9/site-packages/snakemake/executors/__init__.py", line 554, in cached_or_run
  File "/Users/gabefoley/miniconda3_latest/envs/indel_snakemake/lib/python3.9/site-packages/snakemake/executors/__init__.py", line 2350, in run_wrapper
Removing output files of failed job generate_latex since they might be corrupted:
plots/plot.tex
Shutting down, this might take some time.
Exiting because a job execution failed. Look above for error message
Complete log: /Users/gabefoley/Dropbox/PhD/20210121_Indel_Evaluation_Project/Indel_Evaluation_Snakemake/.snakemake/log/2021-02-02T173433.494054.snakemake.log
