Building DAG of jobs...
Using shell: /bin/bash
Provided cores: 2
Rules claiming more threads will be scaled down.
Job counts:
	count	jobs
	33	clean_indelible
	1	compile_latex
	104	concat_fasta
	31	concat_indelible
	9	concat_indelible_summaries
	27	concat_summaries
	1	create_control_files
	1	generate_latex
	1	generate_output_dict
	35	get_indelible_dict
	101	run_grasp
	5	run_indelible
	35	summarise_indelible
	108	summarise_indels
	492
Select jobs to execute...

[Sat Feb  6 10:27:06 2021]
rule concat_indelible:
    input: indelible_output/500/500_TRUE_1.fasta, indelible_output/500/500_ANCESTRAL_1.fasta
    output: indelible_output/500/concatenated/500_1.fasta
    jobid: 561
    wildcards: taxon=500, rep=1


[Sat Feb  6 10:27:06 2021]
rule run_grasp:
    input: indelible_output/50/cleaned_aln/2.fasta, indelible_output/50/cleaned_N0_trees/2.nwk
    output: grasp_results/50/SICML/2, grasp_results/50/SICML/2/GRASP_ancestors.fasta, grasp_results/50/SICML/2/tree.nwk
    jobid: 337
    wildcards: taxon=50, method=SICML, rep=2

[Sat Feb  6 10:27:06 2021]
Finished job 561.
1 of 492 steps (0.20%) done
Select jobs to execute...

[Sat Feb  6 10:27:06 2021]
rule clean_indelible:
    input: indelible_output/500/N0_trees/1.nwk, indelible_output/500/concatenated/500_1.fasta
    output: indelible_output/500/cleaned_aln/1.fasta, indelible_output/500/concatenated/1.fasta, indelible_output/500/cleaned_trees/1.nwk, indelible_output/500/cleaned_N0_trees/1.nwk, indelible_output/500/cleaned_no_internal_trees/1.nwk
    jobid: 558
    wildcards: taxon=500, rep=1

[Sat Feb  6 10:27:10 2021]
Finished job 558.
2 of 492 steps (0.41%) done
Select jobs to execute...

[Sat Feb  6 10:27:10 2021]
rule concat_indelible:
    input: indelible_output/100/100_TRUE_4.fasta, indelible_output/100/100_ANCESTRAL_4.fasta
    output: indelible_output/100/concatenated/100_4.fasta
    jobid: 444
    wildcards: taxon=100, rep=4

[Sat Feb  6 10:27:10 2021]
Finished job 444.
3 of 492 steps (0.61%) done
Select jobs to execute...

[Sat Feb  6 10:27:10 2021]
rule concat_indelible:
    input: indelible_output/100/100_TRUE_3.fasta, indelible_output/100/100_ANCESTRAL_3.fasta
    output: indelible_output/100/concatenated/100_3.fasta
    jobid: 437
    wildcards: taxon=100, rep=3

[Sat Feb  6 10:27:10 2021]
Finished job 437.
4 of 492 steps (0.81%) done
Select jobs to execute...

[Sat Feb  6 10:27:10 2021]
rule run_grasp:
    input: indelible_output/500/cleaned_aln/1.fasta, indelible_output/500/cleaned_N0_trees/1.nwk
    output: grasp_results/500/SICML/1, grasp_results/500/SICML/1/GRASP_ancestors.fasta, grasp_results/500/SICML/1/tree.nwk
    jobid: 610
    wildcards: taxon=500, method=SICML, rep=1

[Sat Feb  6 10:27:12 2021]
Finished job 337.
5 of 492 steps (1%) done
Select jobs to execute...

[Sat Feb  6 10:27:12 2021]
rule concat_indelible:
    input: indelible_output/10/10_TRUE_1.fasta, indelible_output/10/10_ANCESTRAL_1.fasta
    output: indelible_output/10/concatenated/10_1.fasta
    jobid: 78
    wildcards: taxon=10, rep=1

[Sat Feb  6 10:27:12 2021]
Finished job 78.
6 of 492 steps (1%) done
Select jobs to execute...

[Sat Feb  6 10:27:12 2021]
rule concat_indelible:
    input: indelible_output/10/10_TRUE_3.fasta, indelible_output/10/10_ANCESTRAL_3.fasta
    output: indelible_output/10/concatenated/10_3.fasta
    jobid: 92
    wildcards: taxon=10, rep=3

[Sat Feb  6 10:27:12 2021]
Finished job 92.
7 of 492 steps (1%) done
Select jobs to execute...

[Sat Feb  6 10:27:12 2021]
rule concat_indelible:
    input: indelible_output/10/10_TRUE_2.fasta, indelible_output/10/10_ANCESTRAL_2.fasta
    output: indelible_output/10/concatenated/10_2.fasta
    jobid: 85
    wildcards: taxon=10, rep=2

[Sat Feb  6 10:27:13 2021]
Finished job 85.
8 of 492 steps (2%) done
Select jobs to execute...

[Sat Feb  6 10:27:13 2021]
rule clean_indelible:
    input: indelible_output/200/N0_trees/1.nwk, indelible_output/200/concatenated/200_1.fasta
    output: indelible_output/200/cleaned_aln/1.fasta, indelible_output/200/concatenated/1.fasta, indelible_output/200/cleaned_trees/1.nwk, indelible_output/200/cleaned_N0_trees/1.nwk, indelible_output/200/cleaned_no_internal_trees/1.nwk
    jobid: 489
    wildcards: taxon=200, rep=1

[Sat Feb  6 10:27:14 2021]
Finished job 489.
9 of 492 steps (2%) done
Select jobs to execute...

[Sat Feb  6 10:27:14 2021]
rule get_indelible_dict:
    input: indelible_output/200/concatenated/1.fasta, indelible_output/200/cleaned_N0_trees/1.nwk
    output: indelible_dicts/200/leaves_1.p, indelible_dicts/200/gaps_1.p
    jobid: 494
    wildcards: taxon=200, rep=1

[Sat Feb  6 10:27:15 2021]
Finished job 494.
10 of 492 steps (2%) done
Select jobs to execute...

[Sat Feb  6 10:27:16 2021]
rule concat_indelible:
    input: indelible_output/75/75_TRUE_2.fasta, indelible_output/75/75_ANCESTRAL_2.fasta
    output: indelible_output/75/concatenated/75_2.fasta
    jobid: 361
    wildcards: taxon=75, rep=2

[Sat Feb  6 10:27:16 2021]
Finished job 361.
11 of 492 steps (2%) done
Select jobs to execute...

[Sat Feb  6 10:27:16 2021]
rule concat_indelible:
    input: indelible_output/10/10_TRUE_4.fasta, indelible_output/10/10_ANCESTRAL_4.fasta
    output: indelible_output/10/concatenated/10_4.fasta
    jobid: 99
    wildcards: taxon=10, rep=4

[Sat Feb  6 10:27:16 2021]
Finished job 99.
12 of 492 steps (2%) done
Select jobs to execute...

[Sat Feb  6 10:27:16 2021]
rule concat_indelible:
    input: indelible_output/500/500_TRUE_3.fasta, indelible_output/500/500_ANCESTRAL_3.fasta
    output: indelible_output/500/concatenated/500_3.fasta
    jobid: 575
    wildcards: taxon=500, rep=3

[Sat Feb  6 10:27:16 2021]
Finished job 575.
13 of 492 steps (3%) done
Select jobs to execute...

[Sat Feb  6 10:27:16 2021]
rule clean_indelible:
    input: indelible_output/500/N0_trees/3.nwk, indelible_output/500/concatenated/500_3.fasta
    output: indelible_output/500/cleaned_aln/3.fasta, indelible_output/500/concatenated/3.fasta, indelible_output/500/cleaned_trees/3.nwk, indelible_output/500/cleaned_N0_trees/3.nwk, indelible_output/500/cleaned_no_internal_trees/3.nwk
    jobid: 573
    wildcards: taxon=500, rep=3

[Sat Feb  6 10:27:18 2021]
Finished job 573.
14 of 492 steps (3%) done
Select jobs to execute...

[Sat Feb  6 10:27:18 2021]
rule clean_indelible:
    input: indelible_output/75/N0_trees/2.nwk, indelible_output/75/concatenated/75_2.fasta
    output: indelible_output/75/cleaned_aln/2.fasta, indelible_output/75/concatenated/2.fasta, indelible_output/75/cleaned_trees/2.nwk, indelible_output/75/cleaned_N0_trees/2.nwk, indelible_output/75/cleaned_no_internal_trees/2.nwk
    jobid: 359
    wildcards: taxon=75, rep=2

[Sat Feb  6 10:27:20 2021]
Finished job 359.
15 of 492 steps (3%) done
Select jobs to execute...

[Sat Feb  6 10:27:20 2021]
rule concat_indelible:
    input: indelible_output/75/75_TRUE_3.fasta, indelible_output/75/75_ANCESTRAL_3.fasta
    output: indelible_output/75/concatenated/75_3.fasta
    jobid: 368
    wildcards: taxon=75, rep=3

[Sat Feb  6 10:27:20 2021]
Finished job 368.
16 of 492 steps (3%) done
Select jobs to execute...

[Sat Feb  6 10:27:20 2021]
rule run_grasp:
    input: indelible_output/500/cleaned_aln/3.fasta, indelible_output/500/cleaned_N0_trees/3.nwk
    output: grasp_results/500/BEP/3, grasp_results/500/BEP/3/GRASP_ancestors.fasta, grasp_results/500/BEP/3/tree.nwk
    jobid: 572
    wildcards: taxon=500, method=BEP, rep=3

[Sat Feb  6 10:28:54 2021]
Error in rule run_grasp:
    jobid: 572
    output: grasp_results/500/BEP/3, grasp_results/500/BEP/3/GRASP_ancestors.fasta, grasp_results/500/BEP/3/tree.nwk
    shell:
        grasp -aln indelible_output/500/cleaned_aln/3.fasta -nwk indelible_output/500/cleaned_N0_trees/3.nwk -model LG -out grasp_results/500/BEP/3 -savetree grasp_results/500/BEP/3  -indel BEP -inf joint -gap
        (one of the commands exited with non-zero exit code; note that snakemake uses bash strict mode!)

Removing output files of failed job run_grasp since they might be corrupted:
grasp_results/500/BEP/3
Terminating processes on user request, this might take some time.
[Sat Feb  6 10:58:39 2021]
Error in rule run_grasp:
    jobid: 610
    output: grasp_results/500/SICML/1, grasp_results/500/SICML/1/GRASP_ancestors.fasta, grasp_results/500/SICML/1/tree.nwk
    shell:
        grasp -aln indelible_output/500/cleaned_aln/1.fasta -nwk indelible_output/500/cleaned_N0_trees/1.nwk -model LG -out grasp_results/500/SICML/1 -savetree grasp_results/500/SICML/1  -indel SICML -inf joint -gap
        (one of the commands exited with non-zero exit code; note that snakemake uses bash strict mode!)

Removing output files of failed job run_grasp since they might be corrupted:
grasp_results/500/SICML/1
Complete log: /Users/gabefoley/Dropbox/PhD/20210121_Indel_Evaluation_Project/Indel_Evaluation_Snakemake/.snakemake/log/2021-02-06T102705.862534.snakemake.log
