Building DAG of jobs...
Using shell: /bin/bash
Provided cores: 1 (use --cores to define parallelism)
Rules claiming more threads will be scaled down.
Job counts:
	count	jobs
	1	concat_fasta
	1	get_indelible_dict
	1	run_grasp
	1	summarise_indels
	4
Select jobs to execute...

[Tue Feb  2 10:23:34 2021]
rule run_grasp:
    input: indelible_output/6/cleaned_aln/1.fasta, indelible_output/6/cleaned_N0_trees/1.nwk
    output: grasp_results/6/fastml/1, grasp_results/6/fastml/1/GRASP_ancestors.fasta, grasp_results/6/fastml/1/tree.nwk
    jobid: 1
    wildcards: taxon=6, method=fastml, rep=1

RuleException in line 84 of /Users/gabefoley/Dropbox/PhD/20210121_Indel_Evaluation_Project/Indel_Evaluation_Snakemake/Snakefile:
NameError: The name 'method' is unknown in this context. Did you mean 'wildcards.method'?
  File "/Users/gabefoley/miniconda3_latest/envs/indel_snakemake/lib/python3.9/site-packages/snakemake/executors/__init__.py", line 136, in run_jobs
  File "/Users/gabefoley/miniconda3_latest/envs/indel_snakemake/lib/python3.9/site-packages/snakemake/executors/__init__.py", line 441, in run
  File "/Users/gabefoley/miniconda3_latest/envs/indel_snakemake/lib/python3.9/site-packages/snakemake/executors/__init__.py", line 230, in _run
  File "/Users/gabefoley/miniconda3_latest/envs/indel_snakemake/lib/python3.9/site-packages/snakemake/executors/__init__.py", line 156, in _run
  File "/Users/gabefoley/miniconda3_latest/envs/indel_snakemake/lib/python3.9/site-packages/snakemake/executors/__init__.py", line 162, in printjob
