Building DAG of jobs...
Using shell: /bin/bash
Provided cores: 1 (use --cores to define parallelism)
Rules claiming more threads will be scaled down.
Job counts:
	count	jobs
	2	clean_fastml_ml
	2	clean_fastml_parsimony
	2	clean_indelible
	1	compile_latex
	10	concat_fasta
	2	concat_fastml__ml_summaries
	2	concat_fastml_summaries
	2	concat_indelible
	2	concat_indelible_summaries
	10	concat_summaries
	1	generate_latex
	1	generate_output_dict
	2	get_indelible_dict
	2	run_fastml
	10	run_grasp
	2	summarise_fastml_ml_indels
	2	summarise_fastml_parsimony_indels
	2	summarise_indelible
	10	summarise_indels
	67
Select jobs to execute...

[Thu Feb  4 20:32:01 2021]
rule concat_indelible:
    input: indelible_output/10/10_TRUE_1.fasta, indelible_output/10/10_ANCESTRAL_1.fasta
    output: indelible_output/10/concatenated/10_1.fasta
    jobid: 34
    wildcards: taxon=10, rep=1

[Thu Feb  4 20:32:01 2021]
Finished job 34.
1 of 67 steps (1%) done
Select jobs to execute...

[Thu Feb  4 20:32:01 2021]
rule clean_indelible:
    input: indelible_output/10/N0_trees/1.nwk, indelible_output/10/concatenated/10_1.fasta
    output: indelible_output/10/cleaned_aln/1.fasta, indelible_output/10/concatenated/1.fasta, indelible_output/10/cleaned_trees/1.nwk, indelible_output/10/cleaned_N0_trees/1.nwk, indelible_output/10/cleaned_no_internal_trees/1.nwk
    jobid: 31
    wildcards: taxon=10, rep=1

[Thu Feb  4 20:32:02 2021]
Finished job 31.
2 of 67 steps (3%) done
Select jobs to execute...

[Thu Feb  4 20:32:02 2021]
rule run_grasp:
    input: indelible_output/10/cleaned_aln/1.fasta, indelible_output/10/cleaned_N0_trees/1.nwk
    output: grasp_results/10/PSP/1, grasp_results/10/PSP/1/GRASP_ancestors.fasta, grasp_results/10/PSP/1/tree.nwk
    jobid: 51
    wildcards: taxon=10, method=PSP, rep=1

[Thu Feb  4 20:32:03 2021]
Error in rule run_grasp:
    jobid: 51
    output: grasp_results/10/PSP/1, grasp_results/10/PSP/1/GRASP_ancestors.fasta, grasp_results/10/PSP/1/tree.nwk
    shell:
        grasp -aln indelible_output/10/cleaned_aln/1.fasta -nwk indelible_output/10/cleaned_N0_trees/1.nwk -model LG -out grasp_results/10/PSP/1 -savetree grasp_results/10/PSP/1  -indel PSP -inf joint -gap
        (one of the commands exited with non-zero exit code; note that snakemake uses bash strict mode!)

Removing output files of failed job run_grasp since they might be corrupted:
grasp_results/10/PSP/1
Shutting down, this might take some time.
Exiting because a job execution failed. Look above for error message
Complete log: /Users/gabefoley/Dropbox/PhD/20210121_Indel_Evaluation_Project/Indel_Evaluation_Snakemake/.snakemake/log/2021-02-04T203201.278014.snakemake.log
