Building DAG of jobs...
Using shell: /bin/bash
Provided cores: 1 (use --cores to define parallelism)
Rules claiming more threads will be scaled down.
Job counts:
	count	jobs
	2	clean_fastml_ml
	2	clean_fastml_parsimony
	1	clean_indelible
	1	compile_latex
	10	concat_fasta
	2	concat_fastml__ml_summaries
	2	concat_fastml_summaries
	2	concat_indelible_summaries
	10	concat_summaries
	1	generate_latex
	1	generate_output_dict
	2	get_indelible_dict
	2	run_fastml
	7	run_grasp
	2	summarise_fastml_ml_indels
	2	summarise_fastml_parsimony_indels
	2	summarise_indelible
	10	summarise_indels
	61
Select jobs to execute...

[Fri Feb  5 10:23:30 2021]
rule run_grasp:
    input: indelible_output/10/cleaned_aln/1.fasta, indelible_output/10/cleaned_N0_trees/1.nwk
    output: grasp_results/10/PSP/1, grasp_results/10/PSP/1/GRASP_ancestors.fasta, grasp_results/10/PSP/1/tree.nwk
    jobid: 51
    wildcards: taxon=10, method=PSP, rep=1

[Fri Feb  5 10:23:31 2021]
Finished job 51.
1 of 61 steps (2%) done
Select jobs to execute...

[Fri Feb  5 10:23:31 2021]
rule run_grasp:
    input: indelible_output/10/cleaned_aln/1.fasta, indelible_output/10/cleaned_N0_trees/1.nwk
    output: grasp_results/10/SICP/1, grasp_results/10/SICP/1/GRASP_ancestors.fasta, grasp_results/10/SICP/1/tree.nwk
    jobid: 39
    wildcards: taxon=10, method=SICP, rep=1

[Fri Feb  5 10:23:32 2021]
Finished job 39.
2 of 61 steps (3%) done
Select jobs to execute...

[Fri Feb  5 10:23:32 2021]
rule concat_fasta:
    input: indelible_output/10/cleaned_aln/1.fasta, grasp_results/10/SICP/1/GRASP_ancestors.fasta
    output: grasp_results/concatenated/10/SICP/1/GRASP_ancestors.fasta
    jobid: 40
    wildcards: taxon=10, method=SICP, rep=1

[Fri Feb  5 10:23:32 2021]
Finished job 40.
3 of 61 steps (5%) done
Select jobs to execute...

[Fri Feb  5 10:23:32 2021]
rule concat_fasta:
    input: indelible_output/10/cleaned_aln/1.fasta, grasp_results/10/PSP/1/GRASP_ancestors.fasta
    output: grasp_results/concatenated/10/PSP/1/GRASP_ancestors.fasta
    jobid: 52
    wildcards: taxon=10, method=PSP, rep=1

[Fri Feb  5 10:23:32 2021]
Finished job 52.
4 of 61 steps (7%) done
Select jobs to execute...

[Fri Feb  5 10:23:32 2021]
rule concat_fasta:
    input: indelible_output/10/cleaned_aln/1.fasta, grasp_results/10/SICML/1/GRASP_ancestors.fasta
    output: grasp_results/concatenated/10/SICML/1/GRASP_ancestors.fasta
    jobid: 44
    wildcards: taxon=10, method=SICML, rep=1

[Fri Feb  5 10:23:32 2021]
Finished job 44.
5 of 61 steps (8%) done
Select jobs to execute...

[Fri Feb  5 10:23:32 2021]
rule clean_indelible:
    input: indelible_output/5/N0_trees/1.nwk, indelible_output/5/concatenated/5_1.fasta
    output: indelible_output/5/cleaned_aln/1.fasta, indelible_output/5/concatenated/1.fasta, indelible_output/5/cleaned_trees/1.nwk, indelible_output/5/cleaned_N0_trees/1.nwk, indelible_output/5/cleaned_no_internal_trees/1.nwk
    jobid: 6
    wildcards: taxon=5, rep=1

[Fri Feb  5 10:23:34 2021]
Finished job 6.
6 of 61 steps (10%) done
Select jobs to execute...

[Fri Feb  5 10:23:34 2021]
rule run_fastml:
    input: indelible_output/5/cleaned_aln/1.fasta, indelible_output/5/cleaned_no_internal_trees/1.nwk
    output: fastml_results/5/1/seq.marginal_Chars_ParsimonyIndels.txt, fastml_results/5/1/seq.marginal_IndelAndChars.txt, fastml_results/5/1/tree.newick.txt, fastml_results/5/1
    jobid: 56
    wildcards: taxon=5, rep=1

[Fri Feb  5 10:23:36 2021]
Finished job 56.
7 of 61 steps (11%) done
Select jobs to execute...

[Fri Feb  5 10:23:36 2021]
rule run_grasp:
    input: indelible_output/5/cleaned_aln/1.fasta, indelible_output/5/cleaned_N0_trees/1.nwk
    output: grasp_results/5/BEML/1, grasp_results/5/BEML/1/GRASP_ancestors.fasta, grasp_results/5/BEML/1/tree.nwk
    jobid: 22
    wildcards: taxon=5, method=BEML, rep=1

[Fri Feb  5 10:23:37 2021]
Finished job 22.
8 of 61 steps (13%) done
Select jobs to execute...

[Fri Feb  5 10:23:37 2021]
rule run_grasp:
    input: indelible_output/5/cleaned_aln/1.fasta, indelible_output/5/cleaned_N0_trees/1.nwk
    output: grasp_results/5/SICML/1, grasp_results/5/SICML/1/GRASP_ancestors.fasta, grasp_results/5/SICML/1/tree.nwk
    jobid: 18
    wildcards: taxon=5, method=SICML, rep=1

[Fri Feb  5 10:23:37 2021]
Finished job 18.
9 of 61 steps (15%) done
Select jobs to execute...

[Fri Feb  5 10:23:37 2021]
rule clean_fastml_parsimony:
    input: fastml_results/5/1/seq.marginal_Chars_ParsimonyIndels.txt, fastml_results/5/1/tree.newick.txt
    output: fastml_results_parsimony/5/concatenated/1/FastML_ancestors.fasta, fastml_results_parsimony/5/cleaned_trees/1/tree.nwk, fastml_results_parsimony/5/cleaned_N0_trees/1/tree.nwk
    jobid: 55
    wildcards: taxon=5, rep=1

[Fri Feb  5 10:23:38 2021]
Finished job 55.
10 of 61 steps (16%) done
Select jobs to execute...

[Fri Feb  5 10:23:38 2021]
rule run_grasp:
    input: indelible_output/5/cleaned_aln/1.fasta, indelible_output/5/cleaned_N0_trees/1.nwk
    output: grasp_results/5/PSP/1, grasp_results/5/PSP/1/GRASP_ancestors.fasta, grasp_results/5/PSP/1/tree.nwk
    jobid: 26
    wildcards: taxon=5, method=PSP, rep=1

[Fri Feb  5 10:23:39 2021]
Finished job 26.
11 of 61 steps (18%) done
Select jobs to execute...

[Fri Feb  5 10:23:39 2021]
rule run_grasp:
    input: indelible_output/5/cleaned_aln/1.fasta, indelible_output/5/cleaned_N0_trees/1.nwk
    output: grasp_results/5/SICP/1, grasp_results/5/SICP/1/GRASP_ancestors.fasta, grasp_results/5/SICP/1/tree.nwk
    jobid: 14
    wildcards: taxon=5, method=SICP, rep=1

[Fri Feb  5 10:23:39 2021]
Finished job 14.
12 of 61 steps (20%) done
Select jobs to execute...

[Fri Feb  5 10:23:39 2021]
rule concat_fasta:
    input: indelible_output/5/cleaned_aln/1.fasta, grasp_results/5/SICML/1/GRASP_ancestors.fasta
    output: grasp_results/concatenated/5/SICML/1/GRASP_ancestors.fasta
    jobid: 19
    wildcards: taxon=5, method=SICML, rep=1

[Fri Feb  5 10:23:39 2021]
Finished job 19.
13 of 61 steps (21%) done
Select jobs to execute...

[Fri Feb  5 10:23:39 2021]
rule concat_fasta:
    input: indelible_output/5/cleaned_aln/1.fasta, grasp_results/5/SICP/1/GRASP_ancestors.fasta
    output: grasp_results/concatenated/5/SICP/1/GRASP_ancestors.fasta
    jobid: 15
    wildcards: taxon=5, method=SICP, rep=1

[Fri Feb  5 10:23:39 2021]
Finished job 15.
14 of 61 steps (23%) done
Select jobs to execute...

[Fri Feb  5 10:23:39 2021]
rule get_indelible_dict:
    input: indelible_output/10/concatenated/1.fasta, indelible_output/10/cleaned_N0_trees/1.nwk
    output: indelible_dicts/10/leaves_1.p, indelible_dicts/10/gaps_1.p
    jobid: 36
    wildcards: taxon=10, rep=1

[Fri Feb  5 10:23:40 2021]
Finished job 36.
15 of 61 steps (25%) done
Select jobs to execute...

[Fri Feb  5 10:23:40 2021]
rule clean_fastml_ml:
    input: fastml_results/5/1/seq.marginal_IndelAndChars.txt, fastml_results/5/1/tree.newick.txt
    output: fastml_results_ml/5/concatenated/1/FastML_ancestors.fasta, fastml_results_ml/5/cleaned_trees/1/tree.nwk, fastml_results_ml/5/cleaned_N0_trees/1/tree.nwk
    jobid: 63
    wildcards: taxon=5, rep=1

[Fri Feb  5 10:23:41 2021]
Finished job 63.
16 of 61 steps (26%) done
Select jobs to execute...

[Fri Feb  5 10:23:41 2021]
rule concat_fasta:
    input: indelible_output/10/cleaned_aln/1.fasta, grasp_results/10/BEML/1/GRASP_ancestors.fasta
    output: grasp_results/concatenated/10/BEML/1/GRASP_ancestors.fasta
    jobid: 48
    wildcards: taxon=10, method=BEML, rep=1

[Fri Feb  5 10:23:41 2021]
Finished job 48.
17 of 61 steps (28%) done
Select jobs to execute...

[Fri Feb  5 10:23:41 2021]
rule summarise_indels:
    input: grasp_results/10/BEML/1/tree.nwk, grasp_results/concatenated/10/BEML/1/GRASP_ancestors.fasta, indelible_output/10/cleaned_N0_trees/1.nwk, indelible_output/10/concatenated/1.fasta, indelible_dicts/10/leaves_1.p, indelible_dicts/10/gaps_1.p
    output: summaries/10/BEML/1.csv
    jobid: 46
    wildcards: taxon=10, method=BEML, rep=1

[Fri Feb  5 10:23:42 2021]
Finished job 46.
18 of 61 steps (30%) done
Select jobs to execute...

[Fri Feb  5 10:23:42 2021]
rule summarise_indelible:
    input: indelible_output/10/cleaned_N0_trees/1.nwk, indelible_output/10/concatenated/1.fasta, indelible_output/10/cleaned_N0_trees/1.nwk, indelible_output/10/concatenated/1.fasta, indelible_dicts/10/leaves_1.p, indelible_dicts/10/gaps_1.p
    output: indelible_summaries/10/1.csv
    jobid: 70
    wildcards: taxon=10, rep=1

[Fri Feb  5 10:23:43 2021]
Finished job 70.
19 of 61 steps (31%) done
Select jobs to execute...

[Fri Feb  5 10:23:43 2021]
rule concat_indelible_summaries:
    input: indelible_summaries/10/1.csv
    output: concatenated_indelible_summaries/10.csv
    jobid: 69
    wildcards: taxon=10

[Fri Feb  5 10:23:43 2021]
Finished job 69.
20 of 61 steps (33%) done
Select jobs to execute...

[Fri Feb  5 10:23:43 2021]
rule concat_summaries:
    input: summaries/10/BEML/1.csv
    output: concatenated_summaries/10_BEML.csv
    jobid: 45
    wildcards: taxon=10, method=BEML

[Fri Feb  5 10:23:43 2021]
Finished job 45.
21 of 61 steps (34%) done
Select jobs to execute...

[Fri Feb  5 10:23:43 2021]
rule summarise_indels:
    input: grasp_results/10/PSP/1/tree.nwk, grasp_results/concatenated/10/PSP/1/GRASP_ancestors.fasta, indelible_output/10/cleaned_N0_trees/1.nwk, indelible_output/10/concatenated/1.fasta, indelible_dicts/10/leaves_1.p, indelible_dicts/10/gaps_1.p
    output: summaries/10/PSP/1.csv
    jobid: 50
    wildcards: taxon=10, method=PSP, rep=1

[Fri Feb  5 10:23:44 2021]
Finished job 50.
22 of 61 steps (36%) done
Select jobs to execute...

[Fri Feb  5 10:23:44 2021]
rule concat_summaries:
    input: summaries/10/PSP/1.csv
    output: concatenated_summaries/10_PSP.csv
    jobid: 49
    wildcards: taxon=10, method=PSP

[Fri Feb  5 10:23:44 2021]
Finished job 49.
23 of 61 steps (38%) done
Select jobs to execute...

[Fri Feb  5 10:23:44 2021]
rule summarise_indels:
    input: grasp_results/10/SICML/1/tree.nwk, grasp_results/concatenated/10/SICML/1/GRASP_ancestors.fasta, indelible_output/10/cleaned_N0_trees/1.nwk, indelible_output/10/concatenated/1.fasta, indelible_dicts/10/leaves_1.p, indelible_dicts/10/gaps_1.p
    output: summaries/10/SICML/1.csv
    jobid: 42
    wildcards: taxon=10, method=SICML, rep=1

[Fri Feb  5 10:23:45 2021]
Finished job 42.
24 of 61 steps (39%) done
Select jobs to execute...

[Fri Feb  5 10:23:45 2021]
rule concat_summaries:
    input: summaries/10/SICML/1.csv
    output: concatenated_summaries/10_SICML.csv
    jobid: 41
    wildcards: taxon=10, method=SICML

[Fri Feb  5 10:23:45 2021]
Finished job 41.
25 of 61 steps (41%) done
Select jobs to execute...

[Fri Feb  5 10:23:45 2021]
rule summarise_indels:
    input: grasp_results/10/SICP/1/tree.nwk, grasp_results/concatenated/10/SICP/1/GRASP_ancestors.fasta, indelible_output/10/cleaned_N0_trees/1.nwk, indelible_output/10/concatenated/1.fasta, indelible_dicts/10/leaves_1.p, indelible_dicts/10/gaps_1.p
    output: summaries/10/SICP/1.csv
    jobid: 38
    wildcards: taxon=10, method=SICP, rep=1

[Fri Feb  5 10:23:46 2021]
Finished job 38.
26 of 61 steps (43%) done
Select jobs to execute...

[Fri Feb  5 10:23:46 2021]
rule concat_summaries:
    input: summaries/10/SICP/1.csv
    output: concatenated_summaries/10_SICP.csv
    jobid: 37
    wildcards: taxon=10, method=SICP

[Fri Feb  5 10:23:46 2021]
Finished job 37.
27 of 61 steps (44%) done
Select jobs to execute...

[Fri Feb  5 10:23:46 2021]
rule concat_fasta:
    input: indelible_output/5/cleaned_aln/1.fasta, grasp_results/5/PSP/1/GRASP_ancestors.fasta
    output: grasp_results/concatenated/5/PSP/1/GRASP_ancestors.fasta
    jobid: 27
    wildcards: taxon=5, method=PSP, rep=1

[Fri Feb  5 10:23:46 2021]
Finished job 27.
28 of 61 steps (46%) done
Select jobs to execute...

[Fri Feb  5 10:23:46 2021]
rule get_indelible_dict:
    input: indelible_output/5/concatenated/1.fasta, indelible_output/5/cleaned_N0_trees/1.nwk
    output: indelible_dicts/5/leaves_1.p, indelible_dicts/5/gaps_1.p
    jobid: 11
    wildcards: taxon=5, rep=1

[Fri Feb  5 10:23:47 2021]
Finished job 11.
29 of 61 steps (48%) done
Select jobs to execute...

[Fri Feb  5 10:23:47 2021]
rule summarise_fastml_ml_indels:
    input: fastml_results_ml/5/concatenated/1/FastML_ancestors.fasta, fastml_results_ml/5/cleaned_N0_trees/1/tree.nwk, indelible_output/5/cleaned_N0_trees/1.nwk, indelible_output/5/concatenated/1.fasta, indelible_dicts/5/leaves_1.p, indelible_dicts/5/gaps_1.p
    output: fastml_ml_summaries/5/fastml/1.csv
    jobid: 62
    wildcards: taxon=5, rep=1

[Fri Feb  5 10:23:47 2021]
Finished job 62.
30 of 61 steps (49%) done
Select jobs to execute...

[Fri Feb  5 10:23:47 2021]
rule concat_fastml__ml_summaries:
    input: fastml_ml_summaries/5/fastml/1.csv
    output: concatenated_fastml_ml_summaries/5.csv
    jobid: 61
    wildcards: taxon=5

[Fri Feb  5 10:23:47 2021]
Finished job 61.
31 of 61 steps (51%) done
Select jobs to execute...

[Fri Feb  5 10:23:48 2021]
rule summarise_fastml_parsimony_indels:
    input: fastml_results_parsimony/5/concatenated/1/FastML_ancestors.fasta, fastml_results_parsimony/5/cleaned_N0_trees/1/tree.nwk, indelible_output/5/cleaned_N0_trees/1.nwk, indelible_output/5/concatenated/1.fasta, indelible_dicts/5/leaves_1.p, indelible_dicts/5/gaps_1.p
    output: fastml_parsimony_summaries/5/fastml/1.csv
    jobid: 54
    wildcards: taxon=5, rep=1

[Fri Feb  5 10:23:48 2021]
Finished job 54.
32 of 61 steps (52%) done
Select jobs to execute...

[Fri Feb  5 10:23:48 2021]
rule summarise_indels:
    input: grasp_results/5/SICML/1/tree.nwk, grasp_results/concatenated/5/SICML/1/GRASP_ancestors.fasta, indelible_output/5/cleaned_N0_trees/1.nwk, indelible_output/5/concatenated/1.fasta, indelible_dicts/5/leaves_1.p, indelible_dicts/5/gaps_1.p
    output: summaries/5/SICML/1.csv
    jobid: 17
    wildcards: taxon=5, method=SICML, rep=1

[Fri Feb  5 10:23:49 2021]
Finished job 17.
33 of 61 steps (54%) done
Select jobs to execute...

[Fri Feb  5 10:23:49 2021]
rule summarise_indels:
    input: grasp_results/5/SICP/1/tree.nwk, grasp_results/concatenated/5/SICP/1/GRASP_ancestors.fasta, indelible_output/5/cleaned_N0_trees/1.nwk, indelible_output/5/concatenated/1.fasta, indelible_dicts/5/leaves_1.p, indelible_dicts/5/gaps_1.p
    output: summaries/5/SICP/1.csv
    jobid: 13
    wildcards: taxon=5, method=SICP, rep=1

[Fri Feb  5 10:23:50 2021]
Finished job 13.
34 of 61 steps (56%) done
Select jobs to execute...

[Fri Feb  5 10:23:50 2021]
rule concat_summaries:
    input: summaries/5/SICML/1.csv
    output: concatenated_summaries/5_SICML.csv
    jobid: 16
    wildcards: taxon=5, method=SICML

[Fri Feb  5 10:23:50 2021]
Finished job 16.
35 of 61 steps (57%) done
Select jobs to execute...

[Fri Feb  5 10:23:50 2021]
rule concat_summaries:
    input: summaries/5/SICP/1.csv
    output: concatenated_summaries/5_SICP.csv
    jobid: 12
    wildcards: taxon=5, method=SICP

[Fri Feb  5 10:23:50 2021]
Finished job 12.
36 of 61 steps (59%) done
Select jobs to execute...

[Fri Feb  5 10:23:50 2021]
rule summarise_indels:
    input: grasp_results/5/PSP/1/tree.nwk, grasp_results/concatenated/5/PSP/1/GRASP_ancestors.fasta, indelible_output/5/cleaned_N0_trees/1.nwk, indelible_output/5/concatenated/1.fasta, indelible_dicts/5/leaves_1.p, indelible_dicts/5/gaps_1.p
    output: summaries/5/PSP/1.csv
    jobid: 25
    wildcards: taxon=5, method=PSP, rep=1

[Fri Feb  5 10:23:51 2021]
Finished job 25.
37 of 61 steps (61%) done
Select jobs to execute...

[Fri Feb  5 10:23:51 2021]
rule concat_summaries:
    input: summaries/5/PSP/1.csv
    output: concatenated_summaries/5_PSP.csv
    jobid: 24
    wildcards: taxon=5, method=PSP

[Fri Feb  5 10:23:51 2021]
Finished job 24.
38 of 61 steps (62%) done
Select jobs to execute...

[Fri Feb  5 10:23:51 2021]
rule concat_fastml_summaries:
    input: fastml_parsimony_summaries/5/fastml/1.csv
    output: concatenated_fastml_parsimony_summaries/5.csv
    jobid: 53
    wildcards: taxon=5

[Fri Feb  5 10:23:51 2021]
Finished job 53.
39 of 61 steps (64%) done
Select jobs to execute...

[Fri Feb  5 10:23:51 2021]
rule summarise_indelible:
    input: indelible_output/5/cleaned_N0_trees/1.nwk, indelible_output/5/concatenated/1.fasta, indelible_output/5/cleaned_N0_trees/1.nwk, indelible_output/5/concatenated/1.fasta, indelible_dicts/5/leaves_1.p, indelible_dicts/5/gaps_1.p
    output: indelible_summaries/5/1.csv
    jobid: 68
    wildcards: taxon=5, rep=1

[Fri Feb  5 10:23:52 2021]
Finished job 68.
40 of 61 steps (66%) done
Select jobs to execute...

[Fri Feb  5 10:23:52 2021]
rule concat_indelible_summaries:
    input: indelible_summaries/5/1.csv
    output: concatenated_indelible_summaries/5.csv
    jobid: 67
    wildcards: taxon=5

[Fri Feb  5 10:23:52 2021]
Finished job 67.
41 of 61 steps (67%) done
Select jobs to execute...

[Fri Feb  5 10:23:52 2021]
rule concat_fasta:
    input: indelible_output/5/cleaned_aln/1.fasta, grasp_results/5/BEML/1/GRASP_ancestors.fasta
    output: grasp_results/concatenated/5/BEML/1/GRASP_ancestors.fasta
    jobid: 23
    wildcards: taxon=5, method=BEML, rep=1

[Fri Feb  5 10:23:52 2021]
Finished job 23.
42 of 61 steps (69%) done
Select jobs to execute...

[Fri Feb  5 10:23:52 2021]
rule concat_fasta:
    input: indelible_output/10/cleaned_aln/1.fasta, grasp_results/10/BEP/1/GRASP_ancestors.fasta
    output: grasp_results/concatenated/10/BEP/1/GRASP_ancestors.fasta
    jobid: 35
    wildcards: taxon=10, method=BEP, rep=1

[Fri Feb  5 10:23:52 2021]
Finished job 35.
43 of 61 steps (70%) done
Select jobs to execute...

[Fri Feb  5 10:23:52 2021]
rule run_fastml:
    input: indelible_output/10/cleaned_aln/1.fasta, indelible_output/10/cleaned_no_internal_trees/1.nwk
    output: fastml_results/10/1/seq.marginal_Chars_ParsimonyIndels.txt, fastml_results/10/1/seq.marginal_IndelAndChars.txt, fastml_results/10/1/tree.newick.txt, fastml_results/10/1
    jobid: 60
    wildcards: taxon=10, rep=1

[Fri Feb  5 10:24:00 2021]
Finished job 60.
44 of 61 steps (72%) done
Select jobs to execute...

[Fri Feb  5 10:24:00 2021]
rule summarise_indels:
    input: grasp_results/5/BEML/1/tree.nwk, grasp_results/concatenated/5/BEML/1/GRASP_ancestors.fasta, indelible_output/5/cleaned_N0_trees/1.nwk, indelible_output/5/concatenated/1.fasta, indelible_dicts/5/leaves_1.p, indelible_dicts/5/gaps_1.p
    output: summaries/5/BEML/1.csv
    jobid: 21
    wildcards: taxon=5, method=BEML, rep=1

[Fri Feb  5 10:24:01 2021]
Finished job 21.
45 of 61 steps (74%) done
Select jobs to execute...

[Fri Feb  5 10:24:01 2021]
rule clean_fastml_ml:
    input: fastml_results/10/1/seq.marginal_IndelAndChars.txt, fastml_results/10/1/tree.newick.txt
    output: fastml_results_ml/10/concatenated/1/FastML_ancestors.fasta, fastml_results_ml/10/cleaned_trees/1/tree.nwk, fastml_results_ml/10/cleaned_N0_trees/1/tree.nwk
    jobid: 66
    wildcards: taxon=10, rep=1

[Fri Feb  5 10:24:02 2021]
Finished job 66.
46 of 61 steps (75%) done
Select jobs to execute...

[Fri Feb  5 10:24:03 2021]
rule clean_fastml_parsimony:
    input: fastml_results/10/1/seq.marginal_Chars_ParsimonyIndels.txt, fastml_results/10/1/tree.newick.txt
    output: fastml_results_parsimony/10/concatenated/1/FastML_ancestors.fasta, fastml_results_parsimony/10/cleaned_trees/1/tree.nwk, fastml_results_parsimony/10/cleaned_N0_trees/1/tree.nwk
    jobid: 59
    wildcards: taxon=10, rep=1

[Fri Feb  5 10:24:04 2021]
Finished job 59.
47 of 61 steps (77%) done
Select jobs to execute...

[Fri Feb  5 10:24:04 2021]
rule summarise_fastml_parsimony_indels:
    input: fastml_results_parsimony/10/concatenated/1/FastML_ancestors.fasta, fastml_results_parsimony/10/cleaned_N0_trees/1/tree.nwk, indelible_output/10/cleaned_N0_trees/1.nwk, indelible_output/10/concatenated/1.fasta, indelible_dicts/10/leaves_1.p, indelible_dicts/10/gaps_1.p
    output: fastml_parsimony_summaries/10/fastml/1.csv
    jobid: 58
    wildcards: taxon=10, rep=1

[Fri Feb  5 10:24:04 2021]
Finished job 58.
48 of 61 steps (79%) done
Select jobs to execute...

[Fri Feb  5 10:24:05 2021]
rule concat_fastml_summaries:
    input: fastml_parsimony_summaries/10/fastml/1.csv
    output: concatenated_fastml_parsimony_summaries/10.csv
    jobid: 57
    wildcards: taxon=10

[Fri Feb  5 10:24:05 2021]
Finished job 57.
49 of 61 steps (80%) done
Select jobs to execute...

[Fri Feb  5 10:24:05 2021]
rule summarise_fastml_ml_indels:
    input: fastml_results_ml/10/concatenated/1/FastML_ancestors.fasta, fastml_results_ml/10/cleaned_N0_trees/1/tree.nwk, indelible_output/10/cleaned_N0_trees/1.nwk, indelible_output/10/concatenated/1.fasta, indelible_dicts/10/leaves_1.p, indelible_dicts/10/gaps_1.p
    output: fastml_ml_summaries/10/fastml/1.csv
    jobid: 65
    wildcards: taxon=10, rep=1

[Fri Feb  5 10:24:06 2021]
Finished job 65.
50 of 61 steps (82%) done
Select jobs to execute...

[Fri Feb  5 10:24:06 2021]
rule run_grasp:
    input: indelible_output/5/cleaned_aln/1.fasta, indelible_output/5/cleaned_N0_trees/1.nwk
    output: grasp_results/5/BEP/1, grasp_results/5/BEP/1/GRASP_ancestors.fasta, grasp_results/5/BEP/1/tree.nwk
    jobid: 5
    wildcards: taxon=5, method=BEP, rep=1

[Fri Feb  5 10:24:06 2021]
Finished job 5.
51 of 61 steps (84%) done
Select jobs to execute...

[Fri Feb  5 10:24:06 2021]
rule concat_fasta:
    input: indelible_output/5/cleaned_aln/1.fasta, grasp_results/5/BEP/1/GRASP_ancestors.fasta
    output: grasp_results/concatenated/5/BEP/1/GRASP_ancestors.fasta
    jobid: 10
    wildcards: taxon=5, method=BEP, rep=1

[Fri Feb  5 10:24:06 2021]
Finished job 10.
52 of 61 steps (85%) done
Select jobs to execute...

[Fri Feb  5 10:24:06 2021]
rule summarise_indels:
    input: grasp_results/5/BEP/1/tree.nwk, grasp_results/concatenated/5/BEP/1/GRASP_ancestors.fasta, indelible_output/5/cleaned_N0_trees/1.nwk, indelible_output/5/concatenated/1.fasta, indelible_dicts/5/leaves_1.p, indelible_dicts/5/gaps_1.p
    output: summaries/5/BEP/1.csv
    jobid: 4
    wildcards: taxon=5, method=BEP, rep=1

[Fri Feb  5 10:24:08 2021]
Finished job 4.
53 of 61 steps (87%) done
Select jobs to execute...

[Fri Feb  5 10:24:08 2021]
rule concat_fastml__ml_summaries:
    input: fastml_ml_summaries/10/fastml/1.csv
    output: concatenated_fastml_ml_summaries/10.csv
    jobid: 64
    wildcards: taxon=10

[Fri Feb  5 10:24:08 2021]
Finished job 64.
54 of 61 steps (89%) done
Select jobs to execute...

[Fri Feb  5 10:24:08 2021]
rule summarise_indels:
    input: grasp_results/10/BEP/1/tree.nwk, grasp_results/concatenated/10/BEP/1/GRASP_ancestors.fasta, indelible_output/10/cleaned_N0_trees/1.nwk, indelible_output/10/concatenated/1.fasta, indelible_dicts/10/leaves_1.p, indelible_dicts/10/gaps_1.p
    output: summaries/10/BEP/1.csv
    jobid: 29
    wildcards: taxon=10, method=BEP, rep=1

[Fri Feb  5 10:24:09 2021]
Finished job 29.
55 of 61 steps (90%) done
Select jobs to execute...

[Fri Feb  5 10:24:09 2021]
rule concat_summaries:
    input: summaries/10/BEP/1.csv
    output: concatenated_summaries/10_BEP.csv
    jobid: 28
    wildcards: taxon=10, method=BEP

[Fri Feb  5 10:24:09 2021]
Finished job 28.
56 of 61 steps (92%) done
Select jobs to execute...

[Fri Feb  5 10:24:09 2021]
rule concat_summaries:
    input: summaries/5/BEP/1.csv
    output: concatenated_summaries/5_BEP.csv
    jobid: 3
    wildcards: taxon=5, method=BEP

[Fri Feb  5 10:24:09 2021]
Finished job 3.
57 of 61 steps (93%) done
Select jobs to execute...

[Fri Feb  5 10:24:09 2021]
rule concat_summaries:
    input: summaries/5/BEML/1.csv
    output: concatenated_summaries/5_BEML.csv
    jobid: 20
    wildcards: taxon=5, method=BEML

[Fri Feb  5 10:24:09 2021]
Finished job 20.
58 of 61 steps (95%) done
Select jobs to execute...

[Fri Feb  5 10:24:09 2021]
rule generate_output_dict:
    input: concatenated_summaries/5_BEP.csv, concatenated_summaries/5_SICP.csv, concatenated_summaries/5_SICML.csv, concatenated_summaries/5_BEML.csv, concatenated_summaries/5_PSP.csv, concatenated_summaries/10_BEP.csv, concatenated_summaries/10_SICP.csv, concatenated_summaries/10_SICML.csv, concatenated_summaries/10_BEML.csv, concatenated_summaries/10_PSP.csv, concatenated_fastml_parsimony_summaries/5.csv, concatenated_fastml_parsimony_summaries/10.csv, concatenated_fastml_ml_summaries/5.csv, concatenated_fastml_ml_summaries/10.csv, concatenated_indelible_summaries/5.csv, concatenated_indelible_summaries/10.csv
    output: output_dicts/output.p
    jobid: 2

[Fri Feb  5 10:24:16 2021]
Finished job 2.
59 of 61 steps (97%) done
Select jobs to execute...

[Fri Feb  5 10:24:16 2021]
rule generate_latex:
    input: output_dicts/output.p
    output: plots/plot.tex
    jobid: 1

[Fri Feb  5 10:24:17 2021]
Finished job 1.
60 of 61 steps (98%) done
Select jobs to execute...

[Fri Feb  5 10:24:17 2021]
rule compile_latex:
    input: plots/plot.tex
    output: plots/plot.pdf
    jobid: 0

[Fri Feb  5 10:24:20 2021]
Finished job 0.
61 of 61 steps (100%) done
Complete log: /Users/gabefoley/Dropbox/PhD/20210121_Indel_Evaluation_Project/Indel_Evaluation_Snakemake/.snakemake/log/2021-02-05T102330.238188.snakemake.log
