Building DAG of jobs...
Using shell: /bin/bash
Provided cores: 1 (use --cores to define parallelism)
Rules claiming more threads will be scaled down.
Job counts:
	count	jobs
	1	clean_fasta
	3	concat_fasta
	1	create_plots
	3	run_grasp
	3	summarise_indels
	11
Select jobs to execute...

[Fri Jan 29 10:08:28 2021]
rule clean_fasta:
    input: indelible_output/4/4_TRUE_2.fasta
    output: indelible_output/cleaned_aln/4/2.fasta
    jobid: 3
    wildcards: taxon=4, rep=2

[Fri Jan 29 10:08:28 2021]
Finished job 3.
1 of 11 steps (9%) done
Select jobs to execute...

[Fri Jan 29 10:08:28 2021]
rule run_grasp:
    input: indelible_output/cleaned_aln/4/2.fasta, indelible_output/4/cleaned_trees/2.nwk
    output: grasp_results/4/SICML/2, grasp_results/4/SICML/2/GRASP_ancestors.fasta, grasp_results/4/SICML/2/tree.nwk
    jobid: 11
    wildcards: taxon=4, method=SICML, rep=2

[Fri Jan 29 10:08:29 2021]
Finished job 11.
2 of 11 steps (18%) done
Select jobs to execute...

[Fri Jan 29 10:08:29 2021]
rule concat_fasta:
    input: indelible_output/cleaned_aln/4/2.fasta, grasp_results/4/SICML/2/GRASP_ancestors.fasta
    output: grasp_results/concatenated/4/SICML/2/GRASP_ancestors.fasta
    jobid: 12
    wildcards: taxon=4, method=SICML, rep=2

[Fri Jan 29 10:08:29 2021]
Finished job 12.
3 of 11 steps (27%) done
Select jobs to execute...

[Fri Jan 29 10:08:30 2021]
rule summarise_indels:
    input: grasp_results/4/SICML/2/tree.nwk, grasp_results/concatenated/4/SICML/2/GRASP_ancestors.fasta
    output: summaries/4/SICML/2.csv
    jobid: 10
    wildcards: taxon=4, method=SICML, rep=2

[Fri Jan 29 10:08:30 2021]
Finished job 10.
4 of 11 steps (36%) done
Select jobs to execute...

[Fri Jan 29 10:08:30 2021]
rule run_grasp:
    input: indelible_output/cleaned_aln/4/2.fasta, indelible_output/4/cleaned_trees/2.nwk
    output: grasp_results/4/BEP/2, grasp_results/4/BEP/2/GRASP_ancestors.fasta, grasp_results/4/BEP/2/tree.nwk
    jobid: 2
    wildcards: taxon=4, method=BEP, rep=2

[Fri Jan 29 10:08:31 2021]
Finished job 2.
5 of 11 steps (45%) done
Select jobs to execute...

[Fri Jan 29 10:08:31 2021]
rule concat_fasta:
    input: indelible_output/cleaned_aln/4/2.fasta, grasp_results/4/BEP/2/GRASP_ancestors.fasta
    output: grasp_results/concatenated/4/BEP/2/GRASP_ancestors.fasta
    jobid: 6
    wildcards: taxon=4, method=BEP, rep=2

[Fri Jan 29 10:08:31 2021]
Finished job 6.
6 of 11 steps (55%) done
Select jobs to execute...

[Fri Jan 29 10:08:31 2021]
rule summarise_indels:
    input: grasp_results/4/BEP/2/tree.nwk, grasp_results/concatenated/4/BEP/2/GRASP_ancestors.fasta
    output: summaries/4/BEP/2.csv
    jobid: 1
    wildcards: taxon=4, method=BEP, rep=2

[Fri Jan 29 10:08:32 2021]
Finished job 1.
7 of 11 steps (64%) done
Select jobs to execute...

[Fri Jan 29 10:08:32 2021]
rule run_grasp:
    input: indelible_output/cleaned_aln/4/2.fasta, indelible_output/4/cleaned_trees/2.nwk
    output: grasp_results/4/SICP/2, grasp_results/4/SICP/2/GRASP_ancestors.fasta, grasp_results/4/SICP/2/tree.nwk
    jobid: 8
    wildcards: taxon=4, method=SICP, rep=2

[Fri Jan 29 10:08:33 2021]
Finished job 8.
8 of 11 steps (73%) done
Select jobs to execute...

[Fri Jan 29 10:08:33 2021]
rule concat_fasta:
    input: indelible_output/cleaned_aln/4/2.fasta, grasp_results/4/SICP/2/GRASP_ancestors.fasta
    output: grasp_results/concatenated/4/SICP/2/GRASP_ancestors.fasta
    jobid: 9
    wildcards: taxon=4, method=SICP, rep=2

[Fri Jan 29 10:08:33 2021]
Finished job 9.
9 of 11 steps (82%) done
Select jobs to execute...

[Fri Jan 29 10:08:33 2021]
rule summarise_indels:
    input: grasp_results/4/SICP/2/tree.nwk, grasp_results/concatenated/4/SICP/2/GRASP_ancestors.fasta
    output: summaries/4/SICP/2.csv
    jobid: 7
    wildcards: taxon=4, method=SICP, rep=2

[Fri Jan 29 10:08:34 2021]
Finished job 7.
10 of 11 steps (91%) done
Select jobs to execute...

[Fri Jan 29 10:08:34 2021]
rule create_plots:
    input: summaries/4/BEP/2.csv, summaries/4/SICP/2.csv, summaries/4/SICML/2.csv, summaries/8/BEP/2.csv, summaries/8/SICP/2.csv, summaries/8/SICML/2.csv
    output: plots/4/BEP/plot.png
    jobid: 0
    wildcards: taxon=4, method=/BEP

Waiting at most 100 seconds for missing files.
Terminating processes on user request, this might take some time.
Cancelling snakemake on user request.
