Building DAG of jobs...
Using shell: /bin/bash
Provided cores: 1 (use --cores to define parallelism)
Rules claiming more threads will be scaled down.
Conda environments: ignored
Job counts:
	count	jobs
	1	split_trees
	1
Select jobs to execute...

[Sun Jan 24 19:54:37 2021]
rule split_trees:
    input: indelible_output/40/trees.txt
    output: indelible_output/40/40_tree_1.nwk
    jobid: 0
    wildcards: taxon=40, rep=1

[Sun Jan 24 19:54:37 2021]
Finished job 0.
1 of 1 steps (100%) done
Complete log: /Users/gabefoley/Dropbox/PhD/20210121_Indel_Evaluation_Project/Indel_Evaluation_Snakemake/.snakemake/log/2021-01-24T195437.201738.snakemake.log
