Building DAG of jobs...
Using shell: /bin/bash
Provided cores: 1 (use --cores to define parallelism)
Rules claiming more threads will be scaled down.
Job counts:
	count	jobs
	1	compile_latex
	1	generate_latex
	1	generate_output_dict
	3
Select jobs to execute...

[Mon Feb  1 15:53:15 2021]
rule generate_output_dict:
    input: concatenated_summaries/6_BEP.csv, concatenated_summaries/6_SICP.csv, concatenated_summaries/6_SICML.csv, concatenated_summaries/8_BEP.csv, concatenated_summaries/8_SICP.csv, concatenated_summaries/8_SICML.csv, concatenated_indelible_summaries/6.csv, concatenated_indelible_summaries/8.csv
    output: output_dicts/output.p
    jobid: 2

[Mon Feb  1 15:53:21 2021]
Finished job 2.
1 of 3 steps (33%) done
Select jobs to execute...

[Mon Feb  1 15:53:22 2021]
rule generate_latex:
    input: output_dicts/output.p
    output: plots/plot.tex
    jobid: 1

[Mon Feb  1 15:53:23 2021]
Finished job 1.
2 of 3 steps (67%) done
Select jobs to execute...

[Mon Feb  1 15:53:23 2021]
rule compile_latex:
    input: plots/plot.tex
    output: plots/plot.pdf
    jobid: 0

Terminating processes on user request, this might take some time.
Cancelling snakemake on user request.
