Building DAG of jobs...
Using shell: /bin/bash
Provided cores: 1 (use --cores to define parallelism)
Rules claiming more threads will be scaled down.
Job counts:
	count	jobs
	4	clean_indelible
	1	compile_latex
	12	concat_fasta
	4	concat_indelible
	2	concat_indelible_summaries
	6	concat_summaries
	2	create_control_files
	1	generate_latex
	1	generate_output_dict
	4	get_indelible_dict
	12	run_grasp
	4	run_indelible
	4	summarise_indelible
	12	summarise_indels
	69
Select jobs to execute...

[Mon Feb  1 17:09:35 2021]
rule create_control_files:
    output: indelible/25_control.txt
    jobid: 8
    wildcards: taxon=25

[Mon Feb  1 17:09:36 2021]
Finished job 8.
1 of 69 steps (1%) done
Select jobs to execute...

[Mon Feb  1 17:09:36 2021]
rule create_control_files:
    output: indelible/100_control.txt
    jobid: 38
    wildcards: taxon=100

[Mon Feb  1 17:09:36 2021]
Finished job 38.
2 of 69 steps (3%) done
Select jobs to execute...

[Mon Feb  1 17:09:36 2021]
rule run_indelible:
    input: indelible/25_control.txt
    output: indelible_output/25/trees/1.nwk, indelible_output/25/25_TRUE_1.fasta, indelible_output/25/25_ANCESTRAL_1.fasta, indelible_output/25/N0_trees/1.nwk
    jobid: 7
    wildcards: taxon=25, rep=1

[Mon Feb  1 17:09:39 2021]
Finished job 7.
3 of 69 steps (4%) done
Select jobs to execute...

[Mon Feb  1 17:09:39 2021]
rule concat_indelible:
    input: indelible_output/25/25_TRUE_1.fasta, indelible_output/25/25_ANCESTRAL_1.fasta
    output: indelible_output/25/concatenated/25_1.fasta
    jobid: 9
    wildcards: taxon=25, rep=1

[Mon Feb  1 17:09:39 2021]
Finished job 9.
4 of 69 steps (6%) done
Select jobs to execute...

[Mon Feb  1 17:09:39 2021]
rule run_indelible:
    input: indelible/100_control.txt
    output: indelible_output/100/trees/1.nwk, indelible_output/100/100_TRUE_1.fasta, indelible_output/100/100_ANCESTRAL_1.fasta, indelible_output/100/N0_trees/1.nwk
    jobid: 37
    wildcards: taxon=100, rep=1

[Mon Feb  1 17:09:41 2021]
Finished job 37.
5 of 69 steps (7%) done
Select jobs to execute...

[Mon Feb  1 17:09:41 2021]
rule concat_indelible:
    input: indelible_output/100/100_TRUE_1.fasta, indelible_output/100/100_ANCESTRAL_1.fasta
    output: indelible_output/100/concatenated/100_1.fasta
    jobid: 39
    wildcards: taxon=100, rep=1

[Mon Feb  1 17:09:41 2021]
Finished job 39.
6 of 69 steps (9%) done
Select jobs to execute...

[Mon Feb  1 17:09:41 2021]
rule clean_indelible:
    input: indelible_output/25/N0_trees/1.nwk, indelible_output/25/concatenated/25_1.fasta
    output: indelible_output/25/cleaned_aln/1.fasta, indelible_output/25/concatenated/1.fasta, indelible_output/25/cleaned_N0_trees/1.nwk
    jobid: 6
    wildcards: taxon=25, rep=1

[Mon Feb  1 17:09:42 2021]
Finished job 6.
7 of 69 steps (10%) done
Select jobs to execute...

[Mon Feb  1 17:09:43 2021]
rule get_indelible_dict:
    input: indelible_output/25/concatenated/1.fasta, indelible_output/25/cleaned_N0_trees/1.nwk
    output: indelible_dicts/25/leaves_1.p, indelible_dicts/25/gaps_1.p
    jobid: 11
    wildcards: taxon=25, rep=1

[Mon Feb  1 17:09:44 2021]
Finished job 11.
8 of 69 steps (12%) done
Select jobs to execute...

[Mon Feb  1 17:09:44 2021]
rule run_grasp:
    input: indelible_output/25/cleaned_aln/1.fasta, indelible_output/25/cleaned_N0_trees/1.nwk
    output: grasp_results/25/BEP/1, grasp_results/25/BEP/1/GRASP_ancestors.fasta, grasp_results/25/BEP/1/tree.nwk
    jobid: 5
    wildcards: taxon=25, method=BEP, rep=1

[Mon Feb  1 17:09:50 2021]
Finished job 5.
9 of 69 steps (13%) done
Select jobs to execute...

[Mon Feb  1 17:09:50 2021]
rule concat_fasta:
    input: indelible_output/25/cleaned_aln/1.fasta, grasp_results/25/BEP/1/GRASP_ancestors.fasta
    output: grasp_results/concatenated/25/BEP/1/GRASP_ancestors.fasta
    jobid: 10
    wildcards: taxon=25, method=BEP, rep=1

[Mon Feb  1 17:09:50 2021]
Finished job 10.
10 of 69 steps (14%) done
Select jobs to execute...

[Mon Feb  1 17:09:50 2021]
rule summarise_indels:
    input: grasp_results/25/BEP/1/tree.nwk, grasp_results/concatenated/25/BEP/1/GRASP_ancestors.fasta, indelible_output/25/cleaned_N0_trees/1.nwk, indelible_output/25/concatenated/1.fasta, indelible_dicts/25/leaves_1.p, indelible_dicts/25/gaps_1.p
    output: summaries/25/BEP/1.csv
    jobid: 4
    wildcards: taxon=25, method=BEP, rep=1

[Mon Feb  1 17:09:52 2021]
Finished job 4.
11 of 69 steps (16%) done
Select jobs to execute...

[Mon Feb  1 17:09:52 2021]
rule summarise_indelible:
    input: indelible_output/25/cleaned_N0_trees/1.nwk, indelible_output/25/concatenated/1.fasta, indelible_output/25/cleaned_N0_trees/1.nwk, indelible_output/25/concatenated/1.fasta, indelible_dicts/25/leaves_1.p, indelible_dicts/25/gaps_1.p
    output: indelible_summaries/25/1.csv
    jobid: 64
    wildcards: taxon=25, rep=1

[Mon Feb  1 17:09:54 2021]
Finished job 64.
12 of 69 steps (17%) done
Select jobs to execute...

[Mon Feb  1 17:09:54 2021]
rule clean_indelible:
    input: indelible_output/100/N0_trees/1.nwk, indelible_output/100/concatenated/100_1.fasta
    output: indelible_output/100/cleaned_aln/1.fasta, indelible_output/100/concatenated/1.fasta, indelible_output/100/cleaned_N0_trees/1.nwk
    jobid: 36
    wildcards: taxon=100, rep=1

[Mon Feb  1 17:09:55 2021]
Finished job 36.
13 of 69 steps (19%) done
Select jobs to execute...

[Mon Feb  1 17:09:55 2021]
rule get_indelible_dict:
    input: indelible_output/100/concatenated/1.fasta, indelible_output/100/cleaned_N0_trees/1.nwk
    output: indelible_dicts/100/leaves_1.p, indelible_dicts/100/gaps_1.p
    jobid: 41
    wildcards: taxon=100, rep=1

[Mon Feb  1 17:09:57 2021]
Finished job 41.
14 of 69 steps (20%) done
Select jobs to execute...

[Mon Feb  1 17:09:57 2021]
rule run_grasp:
    input: indelible_output/100/cleaned_aln/1.fasta, indelible_output/100/cleaned_N0_trees/1.nwk
    output: grasp_results/100/BEP/1, grasp_results/100/BEP/1/GRASP_ancestors.fasta, grasp_results/100/BEP/1/tree.nwk
    jobid: 35
    wildcards: taxon=100, method=BEP, rep=1

[Mon Feb  1 17:10:27 2021]
Finished job 35.
15 of 69 steps (22%) done
Select jobs to execute...

[Mon Feb  1 17:10:27 2021]
rule concat_fasta:
    input: indelible_output/100/cleaned_aln/1.fasta, grasp_results/100/BEP/1/GRASP_ancestors.fasta
    output: grasp_results/concatenated/100/BEP/1/GRASP_ancestors.fasta
    jobid: 40
    wildcards: taxon=100, method=BEP, rep=1

[Mon Feb  1 17:10:27 2021]
Finished job 40.
16 of 69 steps (23%) done
Select jobs to execute...

[Mon Feb  1 17:10:27 2021]
rule summarise_indels:
    input: grasp_results/100/BEP/1/tree.nwk, grasp_results/concatenated/100/BEP/1/GRASP_ancestors.fasta, indelible_output/100/cleaned_N0_trees/1.nwk, indelible_output/100/concatenated/1.fasta, indelible_dicts/100/leaves_1.p, indelible_dicts/100/gaps_1.p
    output: summaries/100/BEP/1.csv
    jobid: 34
    wildcards: taxon=100, method=BEP, rep=1

[Mon Feb  1 17:10:29 2021]
Finished job 34.
17 of 69 steps (25%) done
Select jobs to execute...

[Mon Feb  1 17:10:29 2021]
rule summarise_indelible:
    input: indelible_output/100/cleaned_N0_trees/1.nwk, indelible_output/100/concatenated/1.fasta, indelible_output/100/cleaned_N0_trees/1.nwk, indelible_output/100/concatenated/1.fasta, indelible_dicts/100/leaves_1.p, indelible_dicts/100/gaps_1.p
    output: indelible_summaries/100/1.csv
    jobid: 67
    wildcards: taxon=100, rep=1

[Mon Feb  1 17:10:31 2021]
Finished job 67.
18 of 69 steps (26%) done
Select jobs to execute...

[Mon Feb  1 17:10:31 2021]
rule run_grasp:
    input: indelible_output/100/cleaned_aln/1.fasta, indelible_output/100/cleaned_N0_trees/1.nwk
    output: grasp_results/100/SICML/1, grasp_results/100/SICML/1/GRASP_ancestors.fasta, grasp_results/100/SICML/1/tree.nwk
    jobid: 58
    wildcards: taxon=100, method=SICML, rep=1

[Mon Feb  1 17:10:48 2021]
Finished job 58.
19 of 69 steps (28%) done
Select jobs to execute...

[Mon Feb  1 17:10:48 2021]
rule concat_fasta:
    input: indelible_output/100/cleaned_aln/1.fasta, grasp_results/100/SICML/1/GRASP_ancestors.fasta
    output: grasp_results/concatenated/100/SICML/1/GRASP_ancestors.fasta
    jobid: 59
    wildcards: taxon=100, method=SICML, rep=1

[Mon Feb  1 17:10:48 2021]
Finished job 59.
20 of 69 steps (29%) done
Select jobs to execute...

[Mon Feb  1 17:10:48 2021]
rule summarise_indels:
    input: grasp_results/100/SICML/1/tree.nwk, grasp_results/concatenated/100/SICML/1/GRASP_ancestors.fasta, indelible_output/100/cleaned_N0_trees/1.nwk, indelible_output/100/concatenated/1.fasta, indelible_dicts/100/leaves_1.p, indelible_dicts/100/gaps_1.p
    output: summaries/100/SICML/1.csv
    jobid: 57
    wildcards: taxon=100, method=SICML, rep=1

[Mon Feb  1 17:10:50 2021]
Finished job 57.
21 of 69 steps (30%) done
Select jobs to execute...

[Mon Feb  1 17:10:50 2021]
rule run_grasp:
    input: indelible_output/25/cleaned_aln/1.fasta, indelible_output/25/cleaned_N0_trees/1.nwk
    output: grasp_results/25/SICP/1, grasp_results/25/SICP/1/GRASP_ancestors.fasta, grasp_results/25/SICP/1/tree.nwk
    jobid: 21
    wildcards: taxon=25, method=SICP, rep=1

[Mon Feb  1 17:10:54 2021]
Finished job 21.
22 of 69 steps (32%) done
Select jobs to execute...

[Mon Feb  1 17:10:54 2021]
rule concat_fasta:
    input: indelible_output/25/cleaned_aln/1.fasta, grasp_results/25/SICP/1/GRASP_ancestors.fasta
    output: grasp_results/concatenated/25/SICP/1/GRASP_ancestors.fasta
    jobid: 22
    wildcards: taxon=25, method=SICP, rep=1

[Mon Feb  1 17:10:54 2021]
Finished job 22.
23 of 69 steps (33%) done
Select jobs to execute...

[Mon Feb  1 17:10:54 2021]
rule summarise_indels:
    input: grasp_results/25/SICP/1/tree.nwk, grasp_results/concatenated/25/SICP/1/GRASP_ancestors.fasta, indelible_output/25/cleaned_N0_trees/1.nwk, indelible_output/25/concatenated/1.fasta, indelible_dicts/25/leaves_1.p, indelible_dicts/25/gaps_1.p
    output: summaries/25/SICP/1.csv
    jobid: 20
    wildcards: taxon=25, method=SICP, rep=1

[Mon Feb  1 17:10:56 2021]
Finished job 20.
24 of 69 steps (35%) done
Select jobs to execute...

[Mon Feb  1 17:10:56 2021]
rule run_indelible:
    input: indelible/25_control.txt
    output: indelible_output/25/trees/2.nwk, indelible_output/25/25_TRUE_2.fasta, indelible_output/25/25_ANCESTRAL_2.fasta, indelible_output/25/N0_trees/2.nwk
    jobid: 15
    wildcards: taxon=25, rep=2

Warning: the following output files of rule run_indelible were not present when the DAG was created:
{'indelible_output/25/25_TRUE_2.fasta', 'indelible_output/25/25_ANCESTRAL_2.fasta', 'indelible_output/25/N0_trees/2.nwk'}
[Mon Feb  1 17:10:58 2021]
Finished job 15.
25 of 69 steps (36%) done
Select jobs to execute...

[Mon Feb  1 17:10:58 2021]
rule run_indelible:
    input: indelible/100_control.txt
    output: indelible_output/100/trees/2.nwk, indelible_output/100/100_TRUE_2.fasta, indelible_output/100/100_ANCESTRAL_2.fasta, indelible_output/100/N0_trees/2.nwk
    jobid: 45
    wildcards: taxon=100, rep=2

Warning: the following output files of rule run_indelible were not present when the DAG was created:
{'indelible_output/100/100_ANCESTRAL_2.fasta', 'indelible_output/100/100_TRUE_2.fasta', 'indelible_output/100/N0_trees/2.nwk'}
[Mon Feb  1 17:10:59 2021]
Finished job 45.
26 of 69 steps (38%) done
Select jobs to execute...

[Mon Feb  1 17:11:00 2021]
rule concat_indelible:
    input: indelible_output/100/100_TRUE_2.fasta, indelible_output/100/100_ANCESTRAL_2.fasta
    output: indelible_output/100/concatenated/100_2.fasta
    jobid: 46
    wildcards: taxon=100, rep=2

[Mon Feb  1 17:11:00 2021]
Finished job 46.
27 of 69 steps (39%) done
Select jobs to execute...

[Mon Feb  1 17:11:00 2021]
rule run_grasp:
    input: indelible_output/25/cleaned_aln/1.fasta, indelible_output/25/cleaned_N0_trees/1.nwk
    output: grasp_results/25/SICML/1, grasp_results/25/SICML/1/GRASP_ancestors.fasta, grasp_results/25/SICML/1/tree.nwk
    jobid: 28
    wildcards: taxon=25, method=SICML, rep=1

[Mon Feb  1 17:11:04 2021]
Finished job 28.
28 of 69 steps (41%) done
Select jobs to execute...

[Mon Feb  1 17:11:04 2021]
rule run_grasp:
    input: indelible_output/100/cleaned_aln/1.fasta, indelible_output/100/cleaned_N0_trees/1.nwk
    output: grasp_results/100/SICP/1, grasp_results/100/SICP/1/GRASP_ancestors.fasta, grasp_results/100/SICP/1/tree.nwk
    jobid: 51
    wildcards: taxon=100, method=SICP, rep=1

[Mon Feb  1 17:11:20 2021]
Finished job 51.
29 of 69 steps (42%) done
Select jobs to execute...

[Mon Feb  1 17:11:20 2021]
rule concat_fasta:
    input: indelible_output/100/cleaned_aln/1.fasta, grasp_results/100/SICP/1/GRASP_ancestors.fasta
    output: grasp_results/concatenated/100/SICP/1/GRASP_ancestors.fasta
    jobid: 52
    wildcards: taxon=100, method=SICP, rep=1

[Mon Feb  1 17:11:20 2021]
Finished job 52.
30 of 69 steps (43%) done
Select jobs to execute...

[Mon Feb  1 17:11:21 2021]
rule clean_indelible:
    input: indelible_output/100/N0_trees/2.nwk, indelible_output/100/concatenated/100_2.fasta
    output: indelible_output/100/cleaned_aln/2.fasta, indelible_output/100/concatenated/2.fasta, indelible_output/100/cleaned_N0_trees/2.nwk
    jobid: 44
    wildcards: taxon=100, rep=2

[Mon Feb  1 17:11:22 2021]
Finished job 44.
31 of 69 steps (45%) done
Select jobs to execute...

[Mon Feb  1 17:11:22 2021]
rule run_grasp:
    input: indelible_output/100/cleaned_aln/2.fasta, indelible_output/100/cleaned_N0_trees/2.nwk
    output: grasp_results/100/SICML/2, grasp_results/100/SICML/2/GRASP_ancestors.fasta, grasp_results/100/SICML/2/tree.nwk
    jobid: 61
    wildcards: taxon=100, method=SICML, rep=2

[Mon Feb  1 17:11:43 2021]
Finished job 61.
32 of 69 steps (46%) done
Select jobs to execute...

[Mon Feb  1 17:11:43 2021]
rule get_indelible_dict:
    input: indelible_output/100/concatenated/2.fasta, indelible_output/100/cleaned_N0_trees/2.nwk
    output: indelible_dicts/100/leaves_2.p, indelible_dicts/100/gaps_2.p
    jobid: 48
    wildcards: taxon=100, rep=2

[Mon Feb  1 17:11:44 2021]
Finished job 48.
33 of 69 steps (48%) done
Select jobs to execute...

[Mon Feb  1 17:11:44 2021]
rule summarise_indelible:
    input: indelible_output/100/cleaned_N0_trees/2.nwk, indelible_output/100/concatenated/2.fasta, indelible_output/100/cleaned_N0_trees/2.nwk, indelible_output/100/concatenated/2.fasta, indelible_dicts/100/leaves_2.p, indelible_dicts/100/gaps_2.p
    output: indelible_summaries/100/2.csv
    jobid: 68
    wildcards: taxon=100, rep=2

[Mon Feb  1 17:11:46 2021]
Finished job 68.
34 of 69 steps (49%) done
Select jobs to execute...

[Mon Feb  1 17:11:46 2021]
rule summarise_indels:
    input: grasp_results/100/SICP/1/tree.nwk, grasp_results/concatenated/100/SICP/1/GRASP_ancestors.fasta, indelible_output/100/cleaned_N0_trees/1.nwk, indelible_output/100/concatenated/1.fasta, indelible_dicts/100/leaves_1.p, indelible_dicts/100/gaps_1.p
    output: summaries/100/SICP/1.csv
    jobid: 50
    wildcards: taxon=100, method=SICP, rep=1

[Mon Feb  1 17:11:47 2021]
Finished job 50.
35 of 69 steps (51%) done
Select jobs to execute...

[Mon Feb  1 17:11:47 2021]
rule concat_fasta:
    input: indelible_output/25/cleaned_aln/1.fasta, grasp_results/25/SICML/1/GRASP_ancestors.fasta
    output: grasp_results/concatenated/25/SICML/1/GRASP_ancestors.fasta
    jobid: 29
    wildcards: taxon=25, method=SICML, rep=1

[Mon Feb  1 17:11:47 2021]
Finished job 29.
36 of 69 steps (52%) done
Select jobs to execute...

[Mon Feb  1 17:11:48 2021]
rule summarise_indels:
    input: grasp_results/25/SICML/1/tree.nwk, grasp_results/concatenated/25/SICML/1/GRASP_ancestors.fasta, indelible_output/25/cleaned_N0_trees/1.nwk, indelible_output/25/concatenated/1.fasta, indelible_dicts/25/leaves_1.p, indelible_dicts/25/gaps_1.p
    output: summaries/25/SICML/1.csv
    jobid: 27
    wildcards: taxon=25, method=SICML, rep=1

[Mon Feb  1 17:11:49 2021]
Finished job 27.
37 of 69 steps (54%) done
Select jobs to execute...

[Mon Feb  1 17:11:49 2021]
rule concat_indelible:
    input: indelible_output/25/25_TRUE_2.fasta, indelible_output/25/25_ANCESTRAL_2.fasta
    output: indelible_output/25/concatenated/25_2.fasta
    jobid: 16
    wildcards: taxon=25, rep=2

[Mon Feb  1 17:11:49 2021]
Finished job 16.
38 of 69 steps (55%) done
Select jobs to execute...

[Mon Feb  1 17:11:49 2021]
rule run_grasp:
    input: indelible_output/100/cleaned_aln/2.fasta, indelible_output/100/cleaned_N0_trees/2.nwk
    output: grasp_results/100/SICP/2, grasp_results/100/SICP/2/GRASP_ancestors.fasta, grasp_results/100/SICP/2/tree.nwk
    jobid: 54
    wildcards: taxon=100, method=SICP, rep=2

[Mon Feb  1 17:12:06 2021]
Finished job 54.
39 of 69 steps (57%) done
Select jobs to execute...

[Mon Feb  1 17:12:06 2021]
rule concat_fasta:
    input: indelible_output/100/cleaned_aln/2.fasta, grasp_results/100/SICP/2/GRASP_ancestors.fasta
    output: grasp_results/concatenated/100/SICP/2/GRASP_ancestors.fasta
    jobid: 55
    wildcards: taxon=100, method=SICP, rep=2

[Mon Feb  1 17:12:06 2021]
Finished job 55.
40 of 69 steps (58%) done
Select jobs to execute...

[Mon Feb  1 17:12:06 2021]
rule summarise_indels:
    input: grasp_results/100/SICP/2/tree.nwk, grasp_results/concatenated/100/SICP/2/GRASP_ancestors.fasta, indelible_output/100/cleaned_N0_trees/2.nwk, indelible_output/100/concatenated/2.fasta, indelible_dicts/100/leaves_2.p, indelible_dicts/100/gaps_2.p
    output: summaries/100/SICP/2.csv
    jobid: 53
    wildcards: taxon=100, method=SICP, rep=2

[Mon Feb  1 17:12:08 2021]
Finished job 53.
41 of 69 steps (59%) done
Select jobs to execute...

[Mon Feb  1 17:12:08 2021]
rule run_grasp:
    input: indelible_output/100/cleaned_aln/2.fasta, indelible_output/100/cleaned_N0_trees/2.nwk
    output: grasp_results/100/BEP/2, grasp_results/100/BEP/2/GRASP_ancestors.fasta, grasp_results/100/BEP/2/tree.nwk
    jobid: 43
    wildcards: taxon=100, method=BEP, rep=2

[Mon Feb  1 17:12:38 2021]
Finished job 43.
42 of 69 steps (61%) done
Select jobs to execute...

[Mon Feb  1 17:12:38 2021]
rule concat_fasta:
    input: indelible_output/100/cleaned_aln/2.fasta, grasp_results/100/BEP/2/GRASP_ancestors.fasta
    output: grasp_results/concatenated/100/BEP/2/GRASP_ancestors.fasta
    jobid: 47
    wildcards: taxon=100, method=BEP, rep=2

[Mon Feb  1 17:12:38 2021]
Finished job 47.
43 of 69 steps (62%) done
Select jobs to execute...

[Mon Feb  1 17:12:38 2021]
rule summarise_indels:
    input: grasp_results/100/BEP/2/tree.nwk, grasp_results/concatenated/100/BEP/2/GRASP_ancestors.fasta, indelible_output/100/cleaned_N0_trees/2.nwk, indelible_output/100/concatenated/2.fasta, indelible_dicts/100/leaves_2.p, indelible_dicts/100/gaps_2.p
    output: summaries/100/BEP/2.csv
    jobid: 42
    wildcards: taxon=100, method=BEP, rep=2

[Mon Feb  1 17:12:40 2021]
Finished job 42.
44 of 69 steps (64%) done
Select jobs to execute...

[Mon Feb  1 17:12:40 2021]
rule concat_summaries:
    input: summaries/100/BEP/1.csv, summaries/100/BEP/2.csv
    output: concatenated_summaries/100_BEP.csv
    jobid: 33
    wildcards: taxon=100, method=BEP

[Mon Feb  1 17:12:40 2021]
Finished job 33.
45 of 69 steps (65%) done
Select jobs to execute...

[Mon Feb  1 17:12:40 2021]
rule concat_fasta:
    input: indelible_output/100/cleaned_aln/2.fasta, grasp_results/100/SICML/2/GRASP_ancestors.fasta
    output: grasp_results/concatenated/100/SICML/2/GRASP_ancestors.fasta
    jobid: 62
    wildcards: taxon=100, method=SICML, rep=2

[Mon Feb  1 17:12:40 2021]
Finished job 62.
46 of 69 steps (67%) done
Select jobs to execute...

[Mon Feb  1 17:12:40 2021]
rule concat_indelible_summaries:
    input: indelible_summaries/100/1.csv, indelible_summaries/100/2.csv
    output: concatenated_indelible_summaries/100.csv
    jobid: 66
    wildcards: taxon=100

[Mon Feb  1 17:12:40 2021]
Finished job 66.
47 of 69 steps (68%) done
Select jobs to execute...

[Mon Feb  1 17:12:40 2021]
rule clean_indelible:
    input: indelible_output/25/N0_trees/2.nwk, indelible_output/25/concatenated/25_2.fasta
    output: indelible_output/25/cleaned_aln/2.fasta, indelible_output/25/concatenated/2.fasta, indelible_output/25/cleaned_N0_trees/2.nwk
    jobid: 14
    wildcards: taxon=25, rep=2

[Mon Feb  1 17:12:42 2021]
Finished job 14.
48 of 69 steps (70%) done
Select jobs to execute...

[Mon Feb  1 17:12:42 2021]
rule run_grasp:
    input: indelible_output/25/cleaned_aln/2.fasta, indelible_output/25/cleaned_N0_trees/2.nwk
    output: grasp_results/25/SICML/2, grasp_results/25/SICML/2/GRASP_ancestors.fasta, grasp_results/25/SICML/2/tree.nwk
    jobid: 31
    wildcards: taxon=25, method=SICML, rep=2

[Mon Feb  1 17:12:46 2021]
Finished job 31.
49 of 69 steps (71%) done
Select jobs to execute...

[Mon Feb  1 17:12:46 2021]
rule get_indelible_dict:
    input: indelible_output/25/concatenated/2.fasta, indelible_output/25/cleaned_N0_trees/2.nwk
    output: indelible_dicts/25/leaves_2.p, indelible_dicts/25/gaps_2.p
    jobid: 18
    wildcards: taxon=25, rep=2

[Mon Feb  1 17:12:47 2021]
Finished job 18.
50 of 69 steps (72%) done
Select jobs to execute...

[Mon Feb  1 17:12:48 2021]
rule summarise_indelible:
    input: indelible_output/25/cleaned_N0_trees/2.nwk, indelible_output/25/concatenated/2.fasta, indelible_output/25/cleaned_N0_trees/2.nwk, indelible_output/25/concatenated/2.fasta, indelible_dicts/25/leaves_2.p, indelible_dicts/25/gaps_2.p
    output: indelible_summaries/25/2.csv
    jobid: 65
    wildcards: taxon=25, rep=2

[Mon Feb  1 17:12:49 2021]
Finished job 65.
51 of 69 steps (74%) done
Select jobs to execute...

[Mon Feb  1 17:12:49 2021]
rule concat_indelible_summaries:
    input: indelible_summaries/25/1.csv, indelible_summaries/25/2.csv
    output: concatenated_indelible_summaries/25.csv
    jobid: 63
    wildcards: taxon=25

[Mon Feb  1 17:12:49 2021]
Finished job 63.
52 of 69 steps (75%) done
Select jobs to execute...

[Mon Feb  1 17:12:49 2021]
rule run_grasp:
    input: indelible_output/25/cleaned_aln/2.fasta, indelible_output/25/cleaned_N0_trees/2.nwk
    output: grasp_results/25/SICP/2, grasp_results/25/SICP/2/GRASP_ancestors.fasta, grasp_results/25/SICP/2/tree.nwk
    jobid: 24
    wildcards: taxon=25, method=SICP, rep=2

[Mon Feb  1 17:12:54 2021]
Finished job 24.
53 of 69 steps (77%) done
Select jobs to execute...

[Mon Feb  1 17:12:54 2021]
rule concat_fasta:
    input: indelible_output/25/cleaned_aln/2.fasta, grasp_results/25/SICP/2/GRASP_ancestors.fasta
    output: grasp_results/concatenated/25/SICP/2/GRASP_ancestors.fasta
    jobid: 25
    wildcards: taxon=25, method=SICP, rep=2

[Mon Feb  1 17:12:54 2021]
Finished job 25.
54 of 69 steps (78%) done
Select jobs to execute...

[Mon Feb  1 17:12:54 2021]
rule summarise_indels:
    input: grasp_results/25/SICP/2/tree.nwk, grasp_results/concatenated/25/SICP/2/GRASP_ancestors.fasta, indelible_output/25/cleaned_N0_trees/2.nwk, indelible_output/25/concatenated/2.fasta, indelible_dicts/25/leaves_2.p, indelible_dicts/25/gaps_2.p
    output: summaries/25/SICP/2.csv
    jobid: 23
    wildcards: taxon=25, method=SICP, rep=2

[Mon Feb  1 17:12:55 2021]
Finished job 23.
55 of 69 steps (80%) done
Select jobs to execute...

[Mon Feb  1 17:12:55 2021]
rule concat_summaries:
    input: summaries/100/SICP/1.csv, summaries/100/SICP/2.csv
    output: concatenated_summaries/100_SICP.csv
    jobid: 49
    wildcards: taxon=100, method=SICP

[Mon Feb  1 17:12:56 2021]
Finished job 49.
56 of 69 steps (81%) done
Select jobs to execute...

[Mon Feb  1 17:12:56 2021]
rule summarise_indels:
    input: grasp_results/100/SICML/2/tree.nwk, grasp_results/concatenated/100/SICML/2/GRASP_ancestors.fasta, indelible_output/100/cleaned_N0_trees/2.nwk, indelible_output/100/concatenated/2.fasta, indelible_dicts/100/leaves_2.p, indelible_dicts/100/gaps_2.p
    output: summaries/100/SICML/2.csv
    jobid: 60
    wildcards: taxon=100, method=SICML, rep=2

[Mon Feb  1 17:12:57 2021]
Finished job 60.
57 of 69 steps (83%) done
Select jobs to execute...

[Mon Feb  1 17:12:57 2021]
rule concat_summaries:
    input: summaries/100/SICML/1.csv, summaries/100/SICML/2.csv
    output: concatenated_summaries/100_SICML.csv
    jobid: 56
    wildcards: taxon=100, method=SICML

[Mon Feb  1 17:12:57 2021]
Finished job 56.
58 of 69 steps (84%) done
Select jobs to execute...

[Mon Feb  1 17:12:57 2021]
rule run_grasp:
    input: indelible_output/25/cleaned_aln/2.fasta, indelible_output/25/cleaned_N0_trees/2.nwk
    output: grasp_results/25/BEP/2, grasp_results/25/BEP/2/GRASP_ancestors.fasta, grasp_results/25/BEP/2/tree.nwk
    jobid: 13
    wildcards: taxon=25, method=BEP, rep=2

[Mon Feb  1 17:13:01 2021]
Finished job 13.
59 of 69 steps (86%) done
Select jobs to execute...

[Mon Feb  1 17:13:01 2021]
rule concat_fasta:
    input: indelible_output/25/cleaned_aln/2.fasta, grasp_results/25/SICML/2/GRASP_ancestors.fasta
    output: grasp_results/concatenated/25/SICML/2/GRASP_ancestors.fasta
    jobid: 32
    wildcards: taxon=25, method=SICML, rep=2

[Mon Feb  1 17:13:01 2021]
Finished job 32.
60 of 69 steps (87%) done
Select jobs to execute...

[Mon Feb  1 17:13:01 2021]
rule concat_summaries:
    input: summaries/25/SICP/1.csv, summaries/25/SICP/2.csv
    output: concatenated_summaries/25_SICP.csv
    jobid: 19
    wildcards: taxon=25, method=SICP

[Mon Feb  1 17:13:01 2021]
Finished job 19.
61 of 69 steps (88%) done
Select jobs to execute...

[Mon Feb  1 17:13:02 2021]
rule summarise_indels:
    input: grasp_results/25/SICML/2/tree.nwk, grasp_results/concatenated/25/SICML/2/GRASP_ancestors.fasta, indelible_output/25/cleaned_N0_trees/2.nwk, indelible_output/25/concatenated/2.fasta, indelible_dicts/25/leaves_2.p, indelible_dicts/25/gaps_2.p
    output: summaries/25/SICML/2.csv
    jobid: 30
    wildcards: taxon=25, method=SICML, rep=2

[Mon Feb  1 17:13:03 2021]
Finished job 30.
62 of 69 steps (90%) done
Select jobs to execute...

[Mon Feb  1 17:13:03 2021]
rule concat_fasta:
    input: indelible_output/25/cleaned_aln/2.fasta, grasp_results/25/BEP/2/GRASP_ancestors.fasta
    output: grasp_results/concatenated/25/BEP/2/GRASP_ancestors.fasta
    jobid: 17
    wildcards: taxon=25, method=BEP, rep=2

[Mon Feb  1 17:13:03 2021]
Finished job 17.
63 of 69 steps (91%) done
Select jobs to execute...

[Mon Feb  1 17:13:03 2021]
rule concat_summaries:
    input: summaries/25/SICML/1.csv, summaries/25/SICML/2.csv
    output: concatenated_summaries/25_SICML.csv
    jobid: 26
    wildcards: taxon=25, method=SICML

[Mon Feb  1 17:13:03 2021]
Finished job 26.
64 of 69 steps (93%) done
Select jobs to execute...

[Mon Feb  1 17:13:03 2021]
rule summarise_indels:
    input: grasp_results/25/BEP/2/tree.nwk, grasp_results/concatenated/25/BEP/2/GRASP_ancestors.fasta, indelible_output/25/cleaned_N0_trees/2.nwk, indelible_output/25/concatenated/2.fasta, indelible_dicts/25/leaves_2.p, indelible_dicts/25/gaps_2.p
    output: summaries/25/BEP/2.csv
    jobid: 12
    wildcards: taxon=25, method=BEP, rep=2

[Mon Feb  1 17:13:05 2021]
Finished job 12.
65 of 69 steps (94%) done
Select jobs to execute...

[Mon Feb  1 17:13:05 2021]
rule concat_summaries:
    input: summaries/25/BEP/1.csv, summaries/25/BEP/2.csv
    output: concatenated_summaries/25_BEP.csv
    jobid: 3
    wildcards: taxon=25, method=BEP

[Mon Feb  1 17:13:05 2021]
Finished job 3.
66 of 69 steps (96%) done
Select jobs to execute...

[Mon Feb  1 17:13:05 2021]
rule generate_output_dict:
    input: concatenated_summaries/25_BEP.csv, concatenated_summaries/25_SICP.csv, concatenated_summaries/25_SICML.csv, concatenated_summaries/100_BEP.csv, concatenated_summaries/100_SICP.csv, concatenated_summaries/100_SICML.csv, concatenated_indelible_summaries/25.csv, concatenated_indelible_summaries/100.csv
    output: output_dicts/output.p
    jobid: 2

[Mon Feb  1 17:13:12 2021]
Finished job 2.
67 of 69 steps (97%) done
Select jobs to execute...

[Mon Feb  1 17:13:12 2021]
rule generate_latex:
    input: output_dicts/output.p
    output: plots/plot.tex
    jobid: 1

[Mon Feb  1 17:13:12 2021]
Error in rule generate_latex:
    jobid: 1
    output: plots/plot.tex

RuleException:
CalledProcessError in line 174 of /Users/gabefoley/Dropbox/PhD/20210121_Indel_Evaluation_Project/Indel_Evaluation_Snakemake/Snakefile:
Command 'set -euo pipefail;  /Users/gabefoley/miniconda3_latest/envs/indel_snakemake/bin/python3.9 /Users/gabefoley/Dropbox/PhD/20210121_Indel_Evaluation_Project/Indel_Evaluation_Snakemake/.snakemake/scripts/tmptpy5vs3z.generate_latex.py' returned non-zero exit status 1.
  File "/Users/gabefoley/miniconda3_latest/envs/indel_snakemake/lib/python3.9/site-packages/snakemake/executors/__init__.py", line 2319, in run_wrapper
  File "/Users/gabefoley/Dropbox/PhD/20210121_Indel_Evaluation_Project/Indel_Evaluation_Snakemake/Snakefile", line 174, in __rule_generate_latex
  File "/Users/gabefoley/miniconda3_latest/envs/indel_snakemake/lib/python3.9/site-packages/snakemake/executors/__init__.py", line 568, in _callback
  File "/Users/gabefoley/miniconda3_latest/envs/indel_snakemake/lib/python3.9/concurrent/futures/thread.py", line 52, in run
  File "/Users/gabefoley/miniconda3_latest/envs/indel_snakemake/lib/python3.9/site-packages/snakemake/executors/__init__.py", line 554, in cached_or_run
  File "/Users/gabefoley/miniconda3_latest/envs/indel_snakemake/lib/python3.9/site-packages/snakemake/executors/__init__.py", line 2350, in run_wrapper
Shutting down, this might take some time.
Exiting because a job execution failed. Look above for error message
Complete log: /Users/gabefoley/Dropbox/PhD/20210121_Indel_Evaluation_Project/Indel_Evaluation_Snakemake/.snakemake/log/2021-02-01T170935.197629.snakemake.log
