Building DAG of jobs...
Using shell: /bin/bash
Provided cores: 1 (use --cores to define parallelism)
Rules claiming more threads will be scaled down.
Job counts:
	count	jobs
	1	all
	3	clean_fasta
	21	concat_fasta
	1	create_control_files
	21	run_grasp
	2	run_indelible
	21	summarise_indels
	70
Select jobs to execute...

[Thu Jan 28 15:07:18 2021]
rule run_grasp:
    input: indelible_output/cleaned_aln/4/1.fasta, indelible_output/4/cleaned_trees/1.nwk
    output: grasp_results/4/BEML/1, grasp_results/4/BEML/1/GRASP_ancestors.fasta, grasp_results/4/BEML/1/tree.nwk
    jobid: 54
    wildcards: taxon=4, method=BEML, rep=1

[Thu Jan 28 15:07:19 2021]
Error in rule run_grasp:
    jobid: 54
    output: grasp_results/4/BEML/1, grasp_results/4/BEML/1/GRASP_ancestors.fasta, grasp_results/4/BEML/1/tree.nwk
    shell:
        grasp -aln indelible_output/cleaned_aln/4/1.fasta -nwk indelible_output/4/cleaned_trees/1.nwk -model LG -out grasp_results/4/BEML/1 -savetree grasp_results/4/BEML/1  -indel BEML -inf joint -gap
        (one of the commands exited with non-zero exit code; note that snakemake uses bash strict mode!)

Removing output files of failed job run_grasp since they might be corrupted:
grasp_results/4/BEML/1
Shutting down, this might take some time.
Exiting because a job execution failed. Look above for error message
Complete log: /Users/gabefoley/Dropbox/PhD/20210121_Indel_Evaluation_Project/Indel_Evaluation_Snakemake/.snakemake/log/2021-01-28T150718.565023.snakemake.log
