Building DAG of jobs...
Using shell: /bin/bash
Provided cores: 1 (use --cores to define parallelism)
Rules claiming more threads will be scaled down.
Job counts:
	count	jobs
	35	clean_indelible
	1	compile_latex
	105	concat_fasta
	35	concat_indelible
	7	concat_indelible_summaries
	21	concat_summaries
	7	create_control_files
	1	generate_latex
	1	generate_output_dict
	35	get_indelible_dict
	105	run_grasp
	35	run_indelible
	35	summarise_indelible
	105	summarise_indels
	528
Select jobs to execute...

[Fri Feb  5 17:57:03 2021]
rule create_control_files:
    output: indelible/100_control.txt
    jobid: 422
    wildcards: taxon=100

[Fri Feb  5 17:57:03 2021]
Finished job 422.
1 of 528 steps (0.19%) done
Select jobs to execute...

[Fri Feb  5 17:57:03 2021]
rule run_indelible:
    input: indelible/100_control.txt
    output: indelible_output/100/trees/2.nwk, indelible_output/100/100_TRUE_2.fasta, indelible_output/100/100_ANCESTRAL_2.fasta, indelible_output/100/N0_trees/2.nwk
    jobid: 429
    wildcards: taxon=100, rep=2

[Fri Feb  5 17:57:05 2021]
Finished job 429.
2 of 528 steps (0.38%) done
Select jobs to execute...

[Fri Feb  5 17:57:05 2021]
rule create_control_files:
    output: indelible/50_control.txt
    jobid: 284
    wildcards: taxon=50

[Fri Feb  5 17:57:05 2021]
Finished job 284.
3 of 528 steps (0.57%) done
Select jobs to execute...

[Fri Feb  5 17:57:05 2021]
rule run_indelible:
    input: indelible/50_control.txt
    output: indelible_output/50/trees/5.nwk, indelible_output/50/50_TRUE_5.fasta, indelible_output/50/50_ANCESTRAL_5.fasta, indelible_output/50/N0_trees/5.nwk
    jobid: 312
    wildcards: taxon=50, rep=5

Terminating processes on user request, this might take some time.
[Fri Feb  5 17:57:06 2021]
Error in rule run_indelible:
    jobid: 312
    output: indelible_output/50/trees/5.nwk, indelible_output/50/50_TRUE_5.fasta, indelible_output/50/50_ANCESTRAL_5.fasta, indelible_output/50/N0_trees/5.nwk

RuleException:
CalledProcessError in line 26 of /Users/gabefoley/Dropbox/PhD/20210121_Indel_Evaluation_Project/Indel_Evaluation_Snakemake/Snakefile:
Command 'set -euo pipefail;  /Users/gabefoley/miniconda3_latest/envs/indel_snakemake/bin/python3.9 /Users/gabefoley/Dropbox/PhD/20210121_Indel_Evaluation_Project/Indel_Evaluation_Snakemake/.snakemake/scripts/tmp_h4buzj9.run_indelible.py' died with <Signals.SIGINT: 2>.
  File "/Users/gabefoley/miniconda3_latest/envs/indel_snakemake/lib/python3.9/site-packages/snakemake/executors/__init__.py", line 2319, in run_wrapper
  File "/Users/gabefoley/Dropbox/PhD/20210121_Indel_Evaluation_Project/Indel_Evaluation_Snakemake/Snakefile", line 26, in __rule_run_indelible
  File "/Users/gabefoley/miniconda3_latest/envs/indel_snakemake/lib/python3.9/site-packages/snakemake/executors/__init__.py", line 568, in _callback
  File "/Users/gabefoley/miniconda3_latest/envs/indel_snakemake/lib/python3.9/concurrent/futures/thread.py", line 52, in run
  File "/Users/gabefoley/miniconda3_latest/envs/indel_snakemake/lib/python3.9/site-packages/snakemake/executors/__init__.py", line 554, in cached_or_run
  File "/Users/gabefoley/miniconda3_latest/envs/indel_snakemake/lib/python3.9/site-packages/snakemake/executors/__init__.py", line 2350, in run_wrapper
Complete log: /Users/gabefoley/Dropbox/PhD/20210121_Indel_Evaluation_Project/Indel_Evaluation_Snakemake/.snakemake/log/2021-02-05T175702.790673.snakemake.log
