Building DAG of jobs...
Using shell: /bin/bash
Provided cores: 1 (use --cores to define parallelism)
Rules claiming more threads will be scaled down.
Job counts:
	count	jobs
	1	clean_fasta
	1	create_control_files
	1	run_grasp
	1	run_indelible
	4
Select jobs to execute...

[Wed Jan 27 16:10:10 2021]
rule create_control_files:
    output: indelible/5_control.txt
    jobid: 3
    wildcards: taxon=5

[Wed Jan 27 16:10:11 2021]
Finished job 3.
1 of 4 steps (25%) done
Select jobs to execute...

[Wed Jan 27 16:10:11 2021]
rule run_indelible:
    input: indelible/5_control.txt
    output: indelible_output/5/cleaned_trees/5_tree_1.nwk, indelible_output/5/5_TRUE_1.fasta
    jobid: 2
    wildcards: taxon=5, rep=1

Waiting at most 100 seconds for missing files.
Terminating processes on user request, this might take some time.
Cancelling snakemake on user request.
