Building DAG of jobs...
Using shell: /bin/bash
Provided cores: 1 (use --cores to define parallelism)
Rules claiming more threads will be scaled down.
Job counts:
	count	jobs
	6	clean_indelible
	1	compile_latex
	6	concat_fasta
	6	concat_indelible
	1	concat_indelible_summaries
	1	concat_summaries
	1	create_control_files
	1	generate_latex
	1	generate_output_dict
	6	get_indelible_dict
	6	run_grasp
	6	run_indelible
	6	summarise_indelible
	6	summarise_indels
	54
Select jobs to execute...

[Thu Feb 18 10:44:00 2021]
rule create_control_files:
    output: indelible/4_control.txt
    jobid: 8
    wildcards: taxon=4

[Thu Feb 18 10:44:01 2021]
Finished job 8.
1 of 54 steps (2%) done
Select jobs to execute...

[Thu Feb 18 10:44:01 2021]
rule run_indelible:
    input: indelible/4_control.txt
    output: indelible_output/4/trees/6.nwk, indelible_output/4/4_TRUE_6.fasta, indelible_output/4/4_ANCESTRAL_6.fasta, indelible_output/4/N0_trees/6.nwk
    jobid: 43
    wildcards: taxon=4, rep=6

[Thu Feb 18 10:44:02 2021]
Finished job 43.
2 of 54 steps (4%) done
Select jobs to execute...

[Thu Feb 18 10:44:02 2021]
rule run_indelible:
    input: indelible/4_control.txt
    output: indelible_output/4/trees/1.nwk, indelible_output/4/4_TRUE_1.fasta, indelible_output/4/4_ANCESTRAL_1.fasta, indelible_output/4/N0_trees/1.nwk
    jobid: 7
    wildcards: taxon=4, rep=1

Warning: the following output files of rule run_indelible were not present when the DAG was created:
{'indelible_output/4/N0_trees/1.nwk', 'indelible_output/4/4_TRUE_1.fasta', 'indelible_output/4/4_ANCESTRAL_1.fasta'}
[Thu Feb 18 10:44:03 2021]
Finished job 7.
3 of 54 steps (6%) done
Select jobs to execute...

[Thu Feb 18 10:44:03 2021]
rule run_indelible:
    input: indelible/4_control.txt
    output: indelible_output/4/trees/2.nwk, indelible_output/4/4_TRUE_2.fasta, indelible_output/4/4_ANCESTRAL_2.fasta, indelible_output/4/N0_trees/2.nwk
    jobid: 15
    wildcards: taxon=4, rep=2

Warning: the following output files of rule run_indelible were not present when the DAG was created:
{'indelible_output/4/4_ANCESTRAL_2.fasta', 'indelible_output/4/4_TRUE_2.fasta', 'indelible_output/4/N0_trees/2.nwk'}
[Thu Feb 18 10:44:04 2021]
Finished job 15.
4 of 54 steps (7%) done
Select jobs to execute...

[Thu Feb 18 10:44:04 2021]
rule run_indelible:
    input: indelible/4_control.txt
    output: indelible_output/4/trees/3.nwk, indelible_output/4/4_TRUE_3.fasta, indelible_output/4/4_ANCESTRAL_3.fasta, indelible_output/4/N0_trees/3.nwk
    jobid: 22
    wildcards: taxon=4, rep=3

Warning: the following output files of rule run_indelible were not present when the DAG was created:
{'indelible_output/4/4_TRUE_3.fasta', 'indelible_output/4/4_ANCESTRAL_3.fasta', 'indelible_output/4/N0_trees/3.nwk'}
[Thu Feb 18 10:44:05 2021]
Finished job 22.
5 of 54 steps (9%) done
Select jobs to execute...

[Thu Feb 18 10:44:05 2021]
rule concat_indelible:
    input: indelible_output/4/4_TRUE_3.fasta, indelible_output/4/4_ANCESTRAL_3.fasta
    output: indelible_output/4/concatenated/4_3.fasta
    jobid: 23
    wildcards: taxon=4, rep=3

[Thu Feb 18 10:44:05 2021]
Finished job 23.
6 of 54 steps (11%) done
Select jobs to execute...

[Thu Feb 18 10:44:05 2021]
rule clean_indelible:
    input: indelible_output/4/N0_trees/3.nwk, indelible_output/4/concatenated/4_3.fasta
    output: indelible_output/4/cleaned_aln/3.fasta, indelible_output/4/concatenated/3.fasta, indelible_output/4/cleaned_trees/3.nwk, indelible_output/4/cleaned_N0_trees/3.nwk, indelible_output/4/cleaned_no_internal_trees/3.nwk
    jobid: 21
    wildcards: taxon=4, rep=3

[Thu Feb 18 10:44:06 2021]
Finished job 21.
7 of 54 steps (13%) done
Select jobs to execute...

[Thu Feb 18 10:44:06 2021]
rule get_indelible_dict:
    input: indelible_output/4/concatenated/3.fasta, indelible_output/4/cleaned_N0_trees/3.nwk
    output: indelible_dicts/4/leaves_3.p, indelible_dicts/4/gaps_3.p
    jobid: 25
    wildcards: taxon=4, rep=3

[Thu Feb 18 10:44:07 2021]
Finished job 25.
8 of 54 steps (15%) done
Select jobs to execute...

[Thu Feb 18 10:44:07 2021]
rule summarise_indelible:
    input: indelible_output/4/cleaned_N0_trees/3.nwk, indelible_output/4/concatenated/3.fasta, indelible_output/4/cleaned_N0_trees/3.nwk, indelible_output/4/concatenated/3.fasta, indelible_dicts/4/leaves_3.p, indelible_dicts/4/gaps_3.p
    output: indelible_summaries/4/3.csv
    jobid: 50
    wildcards: taxon=4, rep=3

[Thu Feb 18 10:44:08 2021]
Finished job 50.
9 of 54 steps (17%) done
Select jobs to execute...

[Thu Feb 18 10:44:08 2021]
rule run_grasp:
    input: indelible_output/4/cleaned_aln/3.fasta, indelible_output/4/cleaned_N0_trees/3.nwk
    output: grasp_results/4/SICML/3, grasp_results/4/SICML/3/GRASP_ancestors.fasta, grasp_results/4/SICML/3/GRASP_ancestors.nwk
    jobid: 20
    wildcards: taxon=4, method=SICML, rep=3

[Thu Feb 18 10:44:08 2021]
Finished job 20.
10 of 54 steps (19%) done
Select jobs to execute...

[Thu Feb 18 10:44:08 2021]
rule concat_fasta:
    input: indelible_output/4/cleaned_aln/3.fasta, grasp_results/4/SICML/3/GRASP_ancestors.fasta
    output: grasp_results/concatenated/4/SICML/3/GRASP_ancestors.fasta
    jobid: 24
    wildcards: taxon=4, method=SICML, rep=3

[Thu Feb 18 10:44:09 2021]
Finished job 24.
11 of 54 steps (20%) done
Select jobs to execute...

[Thu Feb 18 10:44:09 2021]
rule summarise_indels:
    input: grasp_results/4/SICML/3/GRASP_ancestors.nwk, grasp_results/concatenated/4/SICML/3/GRASP_ancestors.fasta, indelible_output/4/cleaned_N0_trees/3.nwk, indelible_output/4/concatenated/3.fasta, indelible_dicts/4/leaves_3.p, indelible_dicts/4/gaps_3.p
    output: summaries/4/SICML/3.csv
    jobid: 19
    wildcards: taxon=4, method=SICML, rep=3

[Thu Feb 18 10:44:09 2021]
Finished job 19.
12 of 54 steps (22%) done
Select jobs to execute...

[Thu Feb 18 10:44:10 2021]
rule concat_indelible:
    input: indelible_output/4/4_TRUE_1.fasta, indelible_output/4/4_ANCESTRAL_1.fasta
    output: indelible_output/4/concatenated/4_1.fasta
    jobid: 9
    wildcards: taxon=4, rep=1

[Thu Feb 18 10:44:10 2021]
Finished job 9.
13 of 54 steps (24%) done
Select jobs to execute...

[Thu Feb 18 10:44:10 2021]
rule run_indelible:
    input: indelible/4_control.txt
    output: indelible_output/4/trees/5.nwk, indelible_output/4/4_TRUE_5.fasta, indelible_output/4/4_ANCESTRAL_5.fasta, indelible_output/4/N0_trees/5.nwk
    jobid: 36
    wildcards: taxon=4, rep=5

Warning: the following output files of rule run_indelible were not present when the DAG was created:
{'indelible_output/4/N0_trees/5.nwk', 'indelible_output/4/4_ANCESTRAL_5.fasta', 'indelible_output/4/4_TRUE_5.fasta'}
[Thu Feb 18 10:44:11 2021]
Finished job 36.
14 of 54 steps (26%) done
Select jobs to execute...

[Thu Feb 18 10:44:11 2021]
rule concat_indelible:
    input: indelible_output/4/4_TRUE_5.fasta, indelible_output/4/4_ANCESTRAL_5.fasta
    output: indelible_output/4/concatenated/4_5.fasta
    jobid: 37
    wildcards: taxon=4, rep=5

[Thu Feb 18 10:44:11 2021]
Finished job 37.
15 of 54 steps (28%) done
Select jobs to execute...

[Thu Feb 18 10:44:11 2021]
rule clean_indelible:
    input: indelible_output/4/N0_trees/5.nwk, indelible_output/4/concatenated/4_5.fasta
    output: indelible_output/4/cleaned_aln/5.fasta, indelible_output/4/concatenated/5.fasta, indelible_output/4/cleaned_trees/5.nwk, indelible_output/4/cleaned_N0_trees/5.nwk, indelible_output/4/cleaned_no_internal_trees/5.nwk
    jobid: 35
    wildcards: taxon=4, rep=5

[Thu Feb 18 10:44:12 2021]
Finished job 35.
16 of 54 steps (30%) done
Select jobs to execute...

[Thu Feb 18 10:44:12 2021]
rule run_grasp:
    input: indelible_output/4/cleaned_aln/5.fasta, indelible_output/4/cleaned_N0_trees/5.nwk
    output: grasp_results/4/SICML/5, grasp_results/4/SICML/5/GRASP_ancestors.fasta, grasp_results/4/SICML/5/GRASP_ancestors.nwk
    jobid: 34
    wildcards: taxon=4, method=SICML, rep=5

[Thu Feb 18 10:44:12 2021]
Finished job 34.
17 of 54 steps (31%) done
Select jobs to execute...

[Thu Feb 18 10:44:12 2021]
rule concat_fasta:
    input: indelible_output/4/cleaned_aln/5.fasta, grasp_results/4/SICML/5/GRASP_ancestors.fasta
    output: grasp_results/concatenated/4/SICML/5/GRASP_ancestors.fasta
    jobid: 38
    wildcards: taxon=4, method=SICML, rep=5

[Thu Feb 18 10:44:12 2021]
Finished job 38.
18 of 54 steps (33%) done
Select jobs to execute...

[Thu Feb 18 10:44:12 2021]
rule clean_indelible:
    input: indelible_output/4/N0_trees/1.nwk, indelible_output/4/concatenated/4_1.fasta
    output: indelible_output/4/cleaned_aln/1.fasta, indelible_output/4/concatenated/1.fasta, indelible_output/4/cleaned_trees/1.nwk, indelible_output/4/cleaned_N0_trees/1.nwk, indelible_output/4/cleaned_no_internal_trees/1.nwk
    jobid: 6
    wildcards: taxon=4, rep=1

[Thu Feb 18 10:44:13 2021]
Finished job 6.
19 of 54 steps (35%) done
Select jobs to execute...

[Thu Feb 18 10:44:13 2021]
rule get_indelible_dict:
    input: indelible_output/4/concatenated/1.fasta, indelible_output/4/cleaned_N0_trees/1.nwk
    output: indelible_dicts/4/leaves_1.p, indelible_dicts/4/gaps_1.p
    jobid: 11
    wildcards: taxon=4, rep=1

[Thu Feb 18 10:44:14 2021]
Finished job 11.
20 of 54 steps (37%) done
Select jobs to execute...

[Thu Feb 18 10:44:14 2021]
rule summarise_indelible:
    input: indelible_output/4/cleaned_N0_trees/1.nwk, indelible_output/4/concatenated/1.fasta, indelible_output/4/cleaned_N0_trees/1.nwk, indelible_output/4/concatenated/1.fasta, indelible_dicts/4/leaves_1.p, indelible_dicts/4/gaps_1.p
    output: indelible_summaries/4/1.csv
    jobid: 48
    wildcards: taxon=4, rep=1

[Thu Feb 18 10:44:15 2021]
Finished job 48.
21 of 54 steps (39%) done
Select jobs to execute...

[Thu Feb 18 10:44:15 2021]
rule run_indelible:
    input: indelible/4_control.txt
    output: indelible_output/4/trees/4.nwk, indelible_output/4/4_TRUE_4.fasta, indelible_output/4/4_ANCESTRAL_4.fasta, indelible_output/4/N0_trees/4.nwk
    jobid: 29
    wildcards: taxon=4, rep=4

Warning: the following output files of rule run_indelible were not present when the DAG was created:
{'indelible_output/4/4_ANCESTRAL_4.fasta', 'indelible_output/4/N0_trees/4.nwk', 'indelible_output/4/4_TRUE_4.fasta'}
[Thu Feb 18 10:44:16 2021]
Finished job 29.
22 of 54 steps (41%) done
Select jobs to execute...

[Thu Feb 18 10:44:16 2021]
rule concat_indelible:
    input: indelible_output/4/4_TRUE_4.fasta, indelible_output/4/4_ANCESTRAL_4.fasta
    output: indelible_output/4/concatenated/4_4.fasta
    jobid: 30
    wildcards: taxon=4, rep=4

[Thu Feb 18 10:44:16 2021]
Finished job 30.
23 of 54 steps (43%) done
Select jobs to execute...

[Thu Feb 18 10:44:16 2021]
rule concat_indelible:
    input: indelible_output/4/4_TRUE_6.fasta, indelible_output/4/4_ANCESTRAL_6.fasta
    output: indelible_output/4/concatenated/4_6.fasta
    jobid: 44
    wildcards: taxon=4, rep=6

[Thu Feb 18 10:44:16 2021]
Finished job 44.
24 of 54 steps (44%) done
Select jobs to execute...

[Thu Feb 18 10:44:16 2021]
rule clean_indelible:
    input: indelible_output/4/N0_trees/6.nwk, indelible_output/4/concatenated/4_6.fasta
    output: indelible_output/4/cleaned_aln/6.fasta, indelible_output/4/concatenated/6.fasta, indelible_output/4/cleaned_trees/6.nwk, indelible_output/4/cleaned_N0_trees/6.nwk, indelible_output/4/cleaned_no_internal_trees/6.nwk
    jobid: 42
    wildcards: taxon=4, rep=6

[Thu Feb 18 10:44:17 2021]
Finished job 42.
25 of 54 steps (46%) done
Select jobs to execute...

[Thu Feb 18 10:44:17 2021]
rule run_grasp:
    input: indelible_output/4/cleaned_aln/6.fasta, indelible_output/4/cleaned_N0_trees/6.nwk
    output: grasp_results/4/SICML/6, grasp_results/4/SICML/6/GRASP_ancestors.fasta, grasp_results/4/SICML/6/GRASP_ancestors.nwk
    jobid: 41
    wildcards: taxon=4, method=SICML, rep=6

[Thu Feb 18 10:44:18 2021]
Finished job 41.
26 of 54 steps (48%) done
Select jobs to execute...

[Thu Feb 18 10:44:18 2021]
rule concat_fasta:
    input: indelible_output/4/cleaned_aln/6.fasta, grasp_results/4/SICML/6/GRASP_ancestors.fasta
    output: grasp_results/concatenated/4/SICML/6/GRASP_ancestors.fasta
    jobid: 45
    wildcards: taxon=4, method=SICML, rep=6

[Thu Feb 18 10:44:18 2021]
Finished job 45.
27 of 54 steps (50%) done
Select jobs to execute...

[Thu Feb 18 10:44:18 2021]
rule get_indelible_dict:
    input: indelible_output/4/concatenated/6.fasta, indelible_output/4/cleaned_N0_trees/6.nwk
    output: indelible_dicts/4/leaves_6.p, indelible_dicts/4/gaps_6.p
    jobid: 46
    wildcards: taxon=4, rep=6

[Thu Feb 18 10:44:19 2021]
Finished job 46.
28 of 54 steps (52%) done
Select jobs to execute...

[Thu Feb 18 10:44:19 2021]
rule summarise_indelible:
    input: indelible_output/4/cleaned_N0_trees/6.nwk, indelible_output/4/concatenated/6.fasta, indelible_output/4/cleaned_N0_trees/6.nwk, indelible_output/4/concatenated/6.fasta, indelible_dicts/4/leaves_6.p, indelible_dicts/4/gaps_6.p
    output: indelible_summaries/4/6.csv
    jobid: 53
    wildcards: taxon=4, rep=6

[Thu Feb 18 10:44:19 2021]
Finished job 53.
29 of 54 steps (54%) done
Select jobs to execute...

[Thu Feb 18 10:44:20 2021]
rule summarise_indels:
    input: grasp_results/4/SICML/6/GRASP_ancestors.nwk, grasp_results/concatenated/4/SICML/6/GRASP_ancestors.fasta, indelible_output/4/cleaned_N0_trees/6.nwk, indelible_output/4/concatenated/6.fasta, indelible_dicts/4/leaves_6.p, indelible_dicts/4/gaps_6.p
    output: summaries/4/SICML/6.csv
    jobid: 40
    wildcards: taxon=4, method=SICML, rep=6

[Thu Feb 18 10:44:20 2021]
Finished job 40.
30 of 54 steps (56%) done
Select jobs to execute...

[Thu Feb 18 10:44:20 2021]
rule concat_indelible:
    input: indelible_output/4/4_TRUE_2.fasta, indelible_output/4/4_ANCESTRAL_2.fasta
    output: indelible_output/4/concatenated/4_2.fasta
    jobid: 16
    wildcards: taxon=4, rep=2

[Thu Feb 18 10:44:20 2021]
Finished job 16.
31 of 54 steps (57%) done
Select jobs to execute...

[Thu Feb 18 10:44:20 2021]
rule get_indelible_dict:
    input: indelible_output/4/concatenated/5.fasta, indelible_output/4/cleaned_N0_trees/5.nwk
    output: indelible_dicts/4/leaves_5.p, indelible_dicts/4/gaps_5.p
    jobid: 39
    wildcards: taxon=4, rep=5

[Thu Feb 18 10:44:21 2021]
Finished job 39.
32 of 54 steps (59%) done
Select jobs to execute...

[Thu Feb 18 10:44:21 2021]
rule clean_indelible:
    input: indelible_output/4/N0_trees/2.nwk, indelible_output/4/concatenated/4_2.fasta
    output: indelible_output/4/cleaned_aln/2.fasta, indelible_output/4/concatenated/2.fasta, indelible_output/4/cleaned_trees/2.nwk, indelible_output/4/cleaned_N0_trees/2.nwk, indelible_output/4/cleaned_no_internal_trees/2.nwk
    jobid: 14
    wildcards: taxon=4, rep=2

[Thu Feb 18 10:44:22 2021]
Finished job 14.
33 of 54 steps (61%) done
Select jobs to execute...

[Thu Feb 18 10:44:22 2021]
rule run_grasp:
    input: indelible_output/4/cleaned_aln/2.fasta, indelible_output/4/cleaned_N0_trees/2.nwk
    output: grasp_results/4/SICML/2, grasp_results/4/SICML/2/GRASP_ancestors.fasta, grasp_results/4/SICML/2/GRASP_ancestors.nwk
    jobid: 13
    wildcards: taxon=4, method=SICML, rep=2

[Thu Feb 18 10:44:23 2021]
Finished job 13.
34 of 54 steps (63%) done
Select jobs to execute...

[Thu Feb 18 10:44:23 2021]
rule concat_fasta:
    input: indelible_output/4/cleaned_aln/2.fasta, grasp_results/4/SICML/2/GRASP_ancestors.fasta
    output: grasp_results/concatenated/4/SICML/2/GRASP_ancestors.fasta
    jobid: 17
    wildcards: taxon=4, method=SICML, rep=2

[Thu Feb 18 10:44:23 2021]
Finished job 17.
35 of 54 steps (65%) done
Select jobs to execute...

[Thu Feb 18 10:44:23 2021]
rule summarise_indelible:
    input: indelible_output/4/cleaned_N0_trees/5.nwk, indelible_output/4/concatenated/5.fasta, indelible_output/4/cleaned_N0_trees/5.nwk, indelible_output/4/concatenated/5.fasta, indelible_dicts/4/leaves_5.p, indelible_dicts/4/gaps_5.p
    output: indelible_summaries/4/5.csv
    jobid: 52
    wildcards: taxon=4, rep=5

[Thu Feb 18 10:44:24 2021]
Finished job 52.
36 of 54 steps (67%) done
Select jobs to execute...

[Thu Feb 18 10:44:24 2021]
rule run_grasp:
    input: indelible_output/4/cleaned_aln/1.fasta, indelible_output/4/cleaned_N0_trees/1.nwk
    output: grasp_results/4/SICML/1, grasp_results/4/SICML/1/GRASP_ancestors.fasta, grasp_results/4/SICML/1/GRASP_ancestors.nwk
    jobid: 5
    wildcards: taxon=4, method=SICML, rep=1

[Thu Feb 18 10:44:24 2021]
Finished job 5.
37 of 54 steps (69%) done
Select jobs to execute...

[Thu Feb 18 10:44:24 2021]
rule clean_indelible:
    input: indelible_output/4/N0_trees/4.nwk, indelible_output/4/concatenated/4_4.fasta
    output: indelible_output/4/cleaned_aln/4.fasta, indelible_output/4/concatenated/4.fasta, indelible_output/4/cleaned_trees/4.nwk, indelible_output/4/cleaned_N0_trees/4.nwk, indelible_output/4/cleaned_no_internal_trees/4.nwk
    jobid: 28
    wildcards: taxon=4, rep=4

[Thu Feb 18 10:44:25 2021]
Finished job 28.
38 of 54 steps (70%) done
Select jobs to execute...

[Thu Feb 18 10:44:25 2021]
rule concat_fasta:
    input: indelible_output/4/cleaned_aln/1.fasta, grasp_results/4/SICML/1/GRASP_ancestors.fasta
    output: grasp_results/concatenated/4/SICML/1/GRASP_ancestors.fasta
    jobid: 10
    wildcards: taxon=4, method=SICML, rep=1

[Thu Feb 18 10:44:25 2021]
Finished job 10.
39 of 54 steps (72%) done
Select jobs to execute...

[Thu Feb 18 10:44:25 2021]
rule summarise_indels:
    input: grasp_results/4/SICML/1/GRASP_ancestors.nwk, grasp_results/concatenated/4/SICML/1/GRASP_ancestors.fasta, indelible_output/4/cleaned_N0_trees/1.nwk, indelible_output/4/concatenated/1.fasta, indelible_dicts/4/leaves_1.p, indelible_dicts/4/gaps_1.p
    output: summaries/4/SICML/1.csv
    jobid: 4
    wildcards: taxon=4, method=SICML, rep=1

[Thu Feb 18 10:44:26 2021]
Finished job 4.
40 of 54 steps (74%) done
Select jobs to execute...

[Thu Feb 18 10:44:26 2021]
rule run_grasp:
    input: indelible_output/4/cleaned_aln/4.fasta, indelible_output/4/cleaned_N0_trees/4.nwk
    output: grasp_results/4/SICML/4, grasp_results/4/SICML/4/GRASP_ancestors.fasta, grasp_results/4/SICML/4/GRASP_ancestors.nwk
    jobid: 27
    wildcards: taxon=4, method=SICML, rep=4

[Thu Feb 18 10:44:26 2021]
Finished job 27.
41 of 54 steps (76%) done
Select jobs to execute...

[Thu Feb 18 10:44:26 2021]
rule concat_fasta:
    input: indelible_output/4/cleaned_aln/4.fasta, grasp_results/4/SICML/4/GRASP_ancestors.fasta
    output: grasp_results/concatenated/4/SICML/4/GRASP_ancestors.fasta
    jobid: 31
    wildcards: taxon=4, method=SICML, rep=4

[Thu Feb 18 10:44:26 2021]
Finished job 31.
42 of 54 steps (78%) done
Select jobs to execute...

[Thu Feb 18 10:44:26 2021]
rule summarise_indels:
    input: grasp_results/4/SICML/5/GRASP_ancestors.nwk, grasp_results/concatenated/4/SICML/5/GRASP_ancestors.fasta, indelible_output/4/cleaned_N0_trees/5.nwk, indelible_output/4/concatenated/5.fasta, indelible_dicts/4/leaves_5.p, indelible_dicts/4/gaps_5.p
    output: summaries/4/SICML/5.csv
    jobid: 33
    wildcards: taxon=4, method=SICML, rep=5

[Thu Feb 18 10:44:27 2021]
Finished job 33.
43 of 54 steps (80%) done
Select jobs to execute...

[Thu Feb 18 10:44:27 2021]
rule get_indelible_dict:
    input: indelible_output/4/concatenated/4.fasta, indelible_output/4/cleaned_N0_trees/4.nwk
    output: indelible_dicts/4/leaves_4.p, indelible_dicts/4/gaps_4.p
    jobid: 32
    wildcards: taxon=4, rep=4

[Thu Feb 18 10:44:28 2021]
Finished job 32.
44 of 54 steps (81%) done
Select jobs to execute...

[Thu Feb 18 10:44:28 2021]
rule summarise_indels:
    input: grasp_results/4/SICML/4/GRASP_ancestors.nwk, grasp_results/concatenated/4/SICML/4/GRASP_ancestors.fasta, indelible_output/4/cleaned_N0_trees/4.nwk, indelible_output/4/concatenated/4.fasta, indelible_dicts/4/leaves_4.p, indelible_dicts/4/gaps_4.p
    output: summaries/4/SICML/4.csv
    jobid: 26
    wildcards: taxon=4, method=SICML, rep=4

[Thu Feb 18 10:44:29 2021]
Finished job 26.
45 of 54 steps (83%) done
Select jobs to execute...

[Thu Feb 18 10:44:29 2021]
rule summarise_indelible:
    input: indelible_output/4/cleaned_N0_trees/4.nwk, indelible_output/4/concatenated/4.fasta, indelible_output/4/cleaned_N0_trees/4.nwk, indelible_output/4/concatenated/4.fasta, indelible_dicts/4/leaves_4.p, indelible_dicts/4/gaps_4.p
    output: indelible_summaries/4/4.csv
    jobid: 51
    wildcards: taxon=4, rep=4

[Thu Feb 18 10:44:30 2021]
Finished job 51.
46 of 54 steps (85%) done
Select jobs to execute...

[Thu Feb 18 10:44:30 2021]
rule get_indelible_dict:
    input: indelible_output/4/concatenated/2.fasta, indelible_output/4/cleaned_N0_trees/2.nwk
    output: indelible_dicts/4/leaves_2.p, indelible_dicts/4/gaps_2.p
    jobid: 18
    wildcards: taxon=4, rep=2

[Thu Feb 18 10:44:31 2021]
Finished job 18.
47 of 54 steps (87%) done
Select jobs to execute...

[Thu Feb 18 10:44:31 2021]
rule summarise_indelible:
    input: indelible_output/4/cleaned_N0_trees/2.nwk, indelible_output/4/concatenated/2.fasta, indelible_output/4/cleaned_N0_trees/2.nwk, indelible_output/4/concatenated/2.fasta, indelible_dicts/4/leaves_2.p, indelible_dicts/4/gaps_2.p
    output: indelible_summaries/4/2.csv
    jobid: 49
    wildcards: taxon=4, rep=2

[Thu Feb 18 10:44:32 2021]
Finished job 49.
48 of 54 steps (89%) done
Select jobs to execute...

[Thu Feb 18 10:44:32 2021]
rule concat_indelible_summaries:
    input: indelible_summaries/4/1.csv, indelible_summaries/4/2.csv, indelible_summaries/4/3.csv, indelible_summaries/4/4.csv, indelible_summaries/4/5.csv, indelible_summaries/4/6.csv
    output: concatenated_indelible_summaries/4.csv
    jobid: 47
    wildcards: taxon=4

[Thu Feb 18 10:44:32 2021]
Finished job 47.
49 of 54 steps (91%) done
Select jobs to execute...

[Thu Feb 18 10:44:32 2021]
rule summarise_indels:
    input: grasp_results/4/SICML/2/GRASP_ancestors.nwk, grasp_results/concatenated/4/SICML/2/GRASP_ancestors.fasta, indelible_output/4/cleaned_N0_trees/2.nwk, indelible_output/4/concatenated/2.fasta, indelible_dicts/4/leaves_2.p, indelible_dicts/4/gaps_2.p
    output: summaries/4/SICML/2.csv
    jobid: 12
    wildcards: taxon=4, method=SICML, rep=2

[Thu Feb 18 10:44:33 2021]
Finished job 12.
50 of 54 steps (93%) done
Select jobs to execute...

[Thu Feb 18 10:44:33 2021]
rule concat_summaries:
    input: summaries/4/SICML/1.csv, summaries/4/SICML/2.csv, summaries/4/SICML/3.csv, summaries/4/SICML/4.csv, summaries/4/SICML/5.csv, summaries/4/SICML/6.csv
    output: concatenated_summaries/4_SICML.csv
    jobid: 3
    wildcards: taxon=4, method=SICML

[Thu Feb 18 10:44:33 2021]
Finished job 3.
51 of 54 steps (94%) done
Select jobs to execute...

[Thu Feb 18 10:44:33 2021]
rule generate_output_dict:
    input: concatenated_summaries/4_SICML.csv, concatenated_indelible_summaries/4.csv
    output: output_dicts/output.p
    jobid: 2

[Thu Feb 18 10:44:35 2021]
Finished job 2.
52 of 54 steps (96%) done
Select jobs to execute...

[Thu Feb 18 10:44:35 2021]
rule generate_latex:
    input: output_dicts/output.p
    output: plots/plot.tex
    jobid: 1

[Thu Feb 18 10:44:36 2021]
Finished job 1.
53 of 54 steps (98%) done
Select jobs to execute...

[Thu Feb 18 10:44:36 2021]
rule compile_latex:
    input: plots/plot.tex
    output: plots/plot.pdf
    jobid: 0

[Thu Feb 18 10:44:37 2021]
Finished job 0.
54 of 54 steps (100%) done
Complete log: /Users/gabefoley/Dropbox/PhD/20210121_Indel_Evaluation_Project/Indel_Evaluation_Snakemake/.snakemake/log/2021-02-18T104400.763400.snakemake.log
