Building DAG of jobs...
Using shell: /bin/bash
Provided cores: 1 (use --cores to define parallelism)
Rules claiming more threads will be scaled down.
Job counts:
	count	jobs
	20	clean_fastml
	20	clean_indelible
	1	compile_latex
	60	concat_fasta
	4	concat_fastml_summaries
	20	concat_indelible
	4	concat_indelible_summaries
	12	concat_summaries
	4	create_control_files
	1	generate_latex
	1	generate_output_dict
	20	get_indelible_dict
	20	run_fastml
	60	run_grasp
	20	run_indelible
	20	summarise_fastml_indels
	20	summarise_indelible
	60	summarise_indels
	367
Select jobs to execute...

[Tue Feb  2 13:09:51 2021]
rule create_control_files:
    output: indelible/25_control.txt
    jobid: 8
    wildcards: taxon=25

[Tue Feb  2 13:09:52 2021]
Finished job 8.
1 of 367 steps (0.27%) done
Select jobs to execute...

[Tue Feb  2 13:09:52 2021]
rule run_indelible:
    input: indelible/25_control.txt
    output: indelible_output/25/trees/5.nwk, indelible_output/25/25_TRUE_5.fasta, indelible_output/25/25_ANCESTRAL_5.fasta, indelible_output/25/N0_trees/5.nwk
    jobid: 36
    wildcards: taxon=25, rep=5

[Tue Feb  2 13:09:53 2021]
Finished job 36.
2 of 367 steps (0.54%) done
Select jobs to execute...

[Tue Feb  2 13:09:53 2021]
rule run_indelible:
    input: indelible/25_control.txt
    output: indelible_output/25/trees/4.nwk, indelible_output/25/25_TRUE_4.fasta, indelible_output/25/25_ANCESTRAL_4.fasta, indelible_output/25/N0_trees/4.nwk
    jobid: 29
    wildcards: taxon=25, rep=4

Warning: the following output files of rule run_indelible were not present when the DAG was created:
{'indelible_output/25/25_TRUE_4.fasta', 'indelible_output/25/N0_trees/4.nwk', 'indelible_output/25/25_ANCESTRAL_4.fasta'}
[Tue Feb  2 13:09:55 2021]
Finished job 29.
3 of 367 steps (0.82%) done
Select jobs to execute...

[Tue Feb  2 13:09:55 2021]
rule create_control_files:
    output: indelible/50_control.txt
    jobid: 77
    wildcards: taxon=50

[Tue Feb  2 13:09:55 2021]
Finished job 77.
4 of 367 steps (1%) done
Select jobs to execute...

[Tue Feb  2 13:09:55 2021]
rule run_indelible:
    input: indelible/50_control.txt
    output: indelible_output/50/trees/1.nwk, indelible_output/50/50_TRUE_1.fasta, indelible_output/50/50_ANCESTRAL_1.fasta, indelible_output/50/N0_trees/1.nwk
    jobid: 76
    wildcards: taxon=50, rep=1

[Tue Feb  2 13:09:56 2021]
Finished job 76.
5 of 367 steps (1%) done
Select jobs to execute...

[Tue Feb  2 13:09:56 2021]
rule concat_indelible:
    input: indelible_output/50/50_TRUE_1.fasta, indelible_output/50/50_ANCESTRAL_1.fasta
    output: indelible_output/50/concatenated/50_1.fasta
    jobid: 78
    wildcards: taxon=50, rep=1

[Tue Feb  2 13:09:56 2021]
Finished job 78.
6 of 367 steps (2%) done
Select jobs to execute...

[Tue Feb  2 13:09:56 2021]
rule run_indelible:
    input: indelible/50_control.txt
    output: indelible_output/50/trees/3.nwk, indelible_output/50/50_TRUE_3.fasta, indelible_output/50/50_ANCESTRAL_3.fasta, indelible_output/50/N0_trees/3.nwk
    jobid: 91
    wildcards: taxon=50, rep=3

Warning: the following output files of rule run_indelible were not present when the DAG was created:
{'indelible_output/50/50_ANCESTRAL_3.fasta', 'indelible_output/50/50_TRUE_3.fasta', 'indelible_output/50/N0_trees/3.nwk'}
[Tue Feb  2 13:09:58 2021]
Finished job 91.
7 of 367 steps (2%) done
Select jobs to execute...

[Tue Feb  2 13:09:58 2021]
rule concat_indelible:
    input: indelible_output/50/50_TRUE_3.fasta, indelible_output/50/50_ANCESTRAL_3.fasta
    output: indelible_output/50/concatenated/50_3.fasta
    jobid: 92
    wildcards: taxon=50, rep=3

[Tue Feb  2 13:09:58 2021]
Finished job 92.
8 of 367 steps (2%) done
Select jobs to execute...

[Tue Feb  2 13:09:58 2021]
rule clean_indelible:
    input: indelible_output/50/N0_trees/1.nwk, indelible_output/50/concatenated/50_1.fasta
    output: indelible_output/50/cleaned_aln/1.fasta, indelible_output/50/concatenated/1.fasta, indelible_output/50/cleaned_trees/1.nwk, indelible_output/50/cleaned_N0_trees/1.nwk, indelible_output/50/cleaned_no_internal_trees/1.nwk
    jobid: 75
    wildcards: taxon=50, rep=1

[Tue Feb  2 13:09:59 2021]
Finished job 75.
9 of 367 steps (2%) done
Select jobs to execute...

[Tue Feb  2 13:09:59 2021]
rule run_indelible:
    input: indelible/50_control.txt
    output: indelible_output/50/trees/5.nwk, indelible_output/50/50_TRUE_5.fasta, indelible_output/50/50_ANCESTRAL_5.fasta, indelible_output/50/N0_trees/5.nwk
    jobid: 105
    wildcards: taxon=50, rep=5

Warning: the following output files of rule run_indelible were not present when the DAG was created:
{'indelible_output/50/50_ANCESTRAL_5.fasta', 'indelible_output/50/N0_trees/5.nwk', 'indelible_output/50/50_TRUE_5.fasta'}
[Tue Feb  2 13:10:01 2021]
Finished job 105.
10 of 367 steps (3%) done
Select jobs to execute...

[Tue Feb  2 13:10:01 2021]
rule get_indelible_dict:
    input: indelible_output/50/concatenated/1.fasta, indelible_output/50/cleaned_N0_trees/1.nwk
    output: indelible_dicts/50/leaves_1.p, indelible_dicts/50/gaps_1.p
    jobid: 80
    wildcards: taxon=50, rep=1

[Tue Feb  2 13:10:02 2021]
Finished job 80.
11 of 367 steps (3%) done
Select jobs to execute...

[Tue Feb  2 13:10:02 2021]
rule run_grasp:
    input: indelible_output/50/cleaned_aln/1.fasta, indelible_output/50/cleaned_N0_trees/1.nwk
    output: grasp_results/50/SICP/1, grasp_results/50/SICP/1/GRASP_ancestors.fasta, grasp_results/50/SICP/1/tree.nwk
    jobid: 111
    wildcards: taxon=50, method=SICP, rep=1

[Tue Feb  2 13:10:08 2021]
Finished job 111.
12 of 367 steps (3%) done
Select jobs to execute...

[Tue Feb  2 13:10:08 2021]
rule concat_indelible:
    input: indelible_output/25/25_TRUE_4.fasta, indelible_output/25/25_ANCESTRAL_4.fasta
    output: indelible_output/25/concatenated/25_4.fasta
    jobid: 30
    wildcards: taxon=25, rep=4

[Tue Feb  2 13:10:08 2021]
Finished job 30.
13 of 367 steps (4%) done
Select jobs to execute...

[Tue Feb  2 13:10:08 2021]
rule summarise_indelible:
    input: indelible_output/50/cleaned_N0_trees/1.nwk, indelible_output/50/concatenated/1.fasta, indelible_output/50/cleaned_N0_trees/1.nwk, indelible_output/50/concatenated/1.fasta, indelible_dicts/50/leaves_1.p, indelible_dicts/50/gaps_1.p
    output: indelible_summaries/50/1.csv
    jobid: 350
    wildcards: taxon=50, rep=1

[Tue Feb  2 13:10:10 2021]
Finished job 350.
14 of 367 steps (4%) done
Select jobs to execute...

[Tue Feb  2 13:10:10 2021]
rule clean_indelible:
    input: indelible_output/50/N0_trees/3.nwk, indelible_output/50/concatenated/50_3.fasta
    output: indelible_output/50/cleaned_aln/3.fasta, indelible_output/50/concatenated/3.fasta, indelible_output/50/cleaned_trees/3.nwk, indelible_output/50/cleaned_N0_trees/3.nwk, indelible_output/50/cleaned_no_internal_trees/3.nwk
    jobid: 90
    wildcards: taxon=50, rep=3

[Tue Feb  2 13:10:11 2021]
Finished job 90.
15 of 367 steps (4%) done
Select jobs to execute...

[Tue Feb  2 13:10:11 2021]
rule get_indelible_dict:
    input: indelible_output/50/concatenated/3.fasta, indelible_output/50/cleaned_N0_trees/3.nwk
    output: indelible_dicts/50/leaves_3.p, indelible_dicts/50/gaps_3.p
    jobid: 94
    wildcards: taxon=50, rep=3

[Tue Feb  2 13:10:13 2021]
Finished job 94.
16 of 367 steps (4%) done
Select jobs to execute...

[Tue Feb  2 13:10:13 2021]
rule concat_indelible:
    input: indelible_output/25/25_TRUE_5.fasta, indelible_output/25/25_ANCESTRAL_5.fasta
    output: indelible_output/25/concatenated/25_5.fasta
    jobid: 37
    wildcards: taxon=25, rep=5

[Tue Feb  2 13:10:13 2021]
Finished job 37.
17 of 367 steps (5%) done
Select jobs to execute...

[Tue Feb  2 13:10:13 2021]
rule run_indelible:
    input: indelible/50_control.txt
    output: indelible_output/50/trees/4.nwk, indelible_output/50/50_TRUE_4.fasta, indelible_output/50/50_ANCESTRAL_4.fasta, indelible_output/50/N0_trees/4.nwk
    jobid: 98
    wildcards: taxon=50, rep=4

Warning: the following output files of rule run_indelible were not present when the DAG was created:
{'indelible_output/50/50_TRUE_4.fasta', 'indelible_output/50/50_ANCESTRAL_4.fasta', 'indelible_output/50/N0_trees/4.nwk'}
[Tue Feb  2 13:10:14 2021]
Finished job 98.
18 of 367 steps (5%) done
Select jobs to execute...

[Tue Feb  2 13:10:14 2021]
rule concat_indelible:
    input: indelible_output/50/50_TRUE_5.fasta, indelible_output/50/50_ANCESTRAL_5.fasta
    output: indelible_output/50/concatenated/50_5.fasta
    jobid: 106
    wildcards: taxon=50, rep=5

[Tue Feb  2 13:10:14 2021]
Finished job 106.
19 of 367 steps (5%) done
Select jobs to execute...

[Tue Feb  2 13:10:14 2021]
rule run_indelible:
    input: indelible/25_control.txt
    output: indelible_output/25/trees/3.nwk, indelible_output/25/25_TRUE_3.fasta, indelible_output/25/25_ANCESTRAL_3.fasta, indelible_output/25/N0_trees/3.nwk
    jobid: 22
    wildcards: taxon=25, rep=3

Warning: the following output files of rule run_indelible were not present when the DAG was created:
{'indelible_output/25/25_ANCESTRAL_3.fasta', 'indelible_output/25/N0_trees/3.nwk', 'indelible_output/25/25_TRUE_3.fasta'}
[Tue Feb  2 13:10:16 2021]
Finished job 22.
20 of 367 steps (5%) done
Select jobs to execute...

[Tue Feb  2 13:10:16 2021]
rule concat_indelible:
    input: indelible_output/25/25_TRUE_3.fasta, indelible_output/25/25_ANCESTRAL_3.fasta
    output: indelible_output/25/concatenated/25_3.fasta
    jobid: 23
    wildcards: taxon=25, rep=3

[Tue Feb  2 13:10:16 2021]
Finished job 23.
21 of 367 steps (6%) done
Select jobs to execute...

[Tue Feb  2 13:10:16 2021]
rule run_indelible:
    input: indelible/25_control.txt
    output: indelible_output/25/trees/1.nwk, indelible_output/25/25_TRUE_1.fasta, indelible_output/25/25_ANCESTRAL_1.fasta, indelible_output/25/N0_trees/1.nwk
    jobid: 7
    wildcards: taxon=25, rep=1

Warning: the following output files of rule run_indelible were not present when the DAG was created:
{'indelible_output/25/N0_trees/1.nwk', 'indelible_output/25/25_ANCESTRAL_1.fasta', 'indelible_output/25/25_TRUE_1.fasta'}
[Tue Feb  2 13:10:18 2021]
Finished job 7.
22 of 367 steps (6%) done
Select jobs to execute...

[Tue Feb  2 13:10:18 2021]
rule concat_indelible:
    input: indelible_output/25/25_TRUE_1.fasta, indelible_output/25/25_ANCESTRAL_1.fasta
    output: indelible_output/25/concatenated/25_1.fasta
    jobid: 9
    wildcards: taxon=25, rep=1

[Tue Feb  2 13:10:18 2021]
Finished job 9.
23 of 367 steps (6%) done
Select jobs to execute...

[Tue Feb  2 13:10:18 2021]
rule create_control_files:
    output: indelible/200_control.txt
    jobid: 215
    wildcards: taxon=200

[Tue Feb  2 13:10:18 2021]
Finished job 215.
24 of 367 steps (7%) done
Select jobs to execute...

[Tue Feb  2 13:10:18 2021]
rule run_grasp:
    input: indelible_output/50/cleaned_aln/1.fasta, indelible_output/50/cleaned_N0_trees/1.nwk
    output: grasp_results/50/SICML/1, grasp_results/50/SICML/1/GRASP_ancestors.fasta, grasp_results/50/SICML/1/tree.nwk
    jobid: 127
    wildcards: taxon=50, method=SICML, rep=1

[Tue Feb  2 13:10:26 2021]
Finished job 127.
25 of 367 steps (7%) done
Select jobs to execute...

[Tue Feb  2 13:10:26 2021]
rule summarise_indelible:
    input: indelible_output/50/cleaned_N0_trees/3.nwk, indelible_output/50/concatenated/3.fasta, indelible_output/50/cleaned_N0_trees/3.nwk, indelible_output/50/concatenated/3.fasta, indelible_dicts/50/leaves_3.p, indelible_dicts/50/gaps_3.p
    output: indelible_summaries/50/3.csv
    jobid: 352
    wildcards: taxon=50, rep=3

[Tue Feb  2 13:10:28 2021]
Finished job 352.
26 of 367 steps (7%) done
Select jobs to execute...

[Tue Feb  2 13:10:28 2021]
rule run_indelible:
    input: indelible/25_control.txt
    output: indelible_output/25/trees/2.nwk, indelible_output/25/25_TRUE_2.fasta, indelible_output/25/25_ANCESTRAL_2.fasta, indelible_output/25/N0_trees/2.nwk
    jobid: 15
    wildcards: taxon=25, rep=2

Warning: the following output files of rule run_indelible were not present when the DAG was created:
{'indelible_output/25/25_TRUE_2.fasta', 'indelible_output/25/25_ANCESTRAL_2.fasta', 'indelible_output/25/N0_trees/2.nwk'}
[Tue Feb  2 13:10:30 2021]
Finished job 15.
27 of 367 steps (7%) done
Select jobs to execute...

[Tue Feb  2 13:10:30 2021]
rule concat_fasta:
    input: indelible_output/50/cleaned_aln/1.fasta, grasp_results/50/SICML/1/GRASP_ancestors.fasta
    output: grasp_results/concatenated/50/SICML/1/GRASP_ancestors.fasta
    jobid: 128
    wildcards: taxon=50, method=SICML, rep=1

[Tue Feb  2 13:10:30 2021]
Finished job 128.
28 of 367 steps (8%) done
Select jobs to execute...

[Tue Feb  2 13:10:30 2021]
rule summarise_indels:
    input: grasp_results/50/SICML/1/tree.nwk, grasp_results/concatenated/50/SICML/1/GRASP_ancestors.fasta, indelible_output/50/cleaned_N0_trees/1.nwk, indelible_output/50/concatenated/1.fasta, indelible_dicts/50/leaves_1.p, indelible_dicts/50/gaps_1.p
    output: summaries/50/SICML/1.csv
    jobid: 126
    wildcards: taxon=50, method=SICML, rep=1

[Tue Feb  2 13:10:31 2021]
Finished job 126.
29 of 367 steps (8%) done
Select jobs to execute...

[Tue Feb  2 13:10:31 2021]
rule concat_indelible:
    input: indelible_output/25/25_TRUE_2.fasta, indelible_output/25/25_ANCESTRAL_2.fasta
    output: indelible_output/25/concatenated/25_2.fasta
    jobid: 16
    wildcards: taxon=25, rep=2

[Tue Feb  2 13:10:31 2021]
Finished job 16.
30 of 367 steps (8%) done
Select jobs to execute...

[Tue Feb  2 13:10:32 2021]
rule clean_indelible:
    input: indelible_output/25/N0_trees/2.nwk, indelible_output/25/concatenated/25_2.fasta
    output: indelible_output/25/cleaned_aln/2.fasta, indelible_output/25/concatenated/2.fasta, indelible_output/25/cleaned_trees/2.nwk, indelible_output/25/cleaned_N0_trees/2.nwk, indelible_output/25/cleaned_no_internal_trees/2.nwk
    jobid: 14
    wildcards: taxon=25, rep=2

[Tue Feb  2 13:10:33 2021]
Finished job 14.
31 of 367 steps (8%) done
Select jobs to execute...

[Tue Feb  2 13:10:33 2021]
rule run_grasp:
    input: indelible_output/25/cleaned_aln/2.fasta, indelible_output/25/cleaned_N0_trees/2.nwk
    output: grasp_results/25/SICP/2, grasp_results/25/SICP/2/GRASP_ancestors.fasta, grasp_results/25/SICP/2/tree.nwk
    jobid: 45
    wildcards: taxon=25, method=SICP, rep=2

[Tue Feb  2 13:10:36 2021]
Finished job 45.
32 of 367 steps (9%) done
Select jobs to execute...

[Tue Feb  2 13:10:36 2021]
rule get_indelible_dict:
    input: indelible_output/25/concatenated/2.fasta, indelible_output/25/cleaned_N0_trees/2.nwk
    output: indelible_dicts/25/leaves_2.p, indelible_dicts/25/gaps_2.p
    jobid: 18
    wildcards: taxon=25, rep=2

[Tue Feb  2 13:10:37 2021]
Finished job 18.
33 of 367 steps (9%) done
Select jobs to execute...

[Tue Feb  2 13:10:37 2021]
rule run_grasp:
    input: indelible_output/25/cleaned_aln/2.fasta, indelible_output/25/cleaned_N0_trees/2.nwk
    output: grasp_results/25/SICML/2, grasp_results/25/SICML/2/GRASP_ancestors.fasta, grasp_results/25/SICML/2/tree.nwk
    jobid: 61
    wildcards: taxon=25, method=SICML, rep=2

[Tue Feb  2 13:10:41 2021]
Finished job 61.
34 of 367 steps (9%) done
Select jobs to execute...

[Tue Feb  2 13:10:41 2021]
rule concat_fasta:
    input: indelible_output/25/cleaned_aln/2.fasta, grasp_results/25/SICP/2/GRASP_ancestors.fasta
    output: grasp_results/concatenated/25/SICP/2/GRASP_ancestors.fasta
    jobid: 46
    wildcards: taxon=25, method=SICP, rep=2

[Tue Feb  2 13:10:41 2021]
Finished job 46.
35 of 367 steps (10%) done
Select jobs to execute...

[Tue Feb  2 13:10:41 2021]
rule summarise_indelible:
    input: indelible_output/25/cleaned_N0_trees/2.nwk, indelible_output/25/concatenated/2.fasta, indelible_output/25/cleaned_N0_trees/2.nwk, indelible_output/25/concatenated/2.fasta, indelible_dicts/25/leaves_2.p, indelible_dicts/25/gaps_2.p
    output: indelible_summaries/25/2.csv
    jobid: 345
    wildcards: taxon=25, rep=2

[Tue Feb  2 13:10:42 2021]
Finished job 345.
36 of 367 steps (10%) done
Select jobs to execute...

[Tue Feb  2 13:10:42 2021]
rule run_fastml:
    input: indelible_output/25/cleaned_aln/2.fasta, indelible_output/25/cleaned_no_internal_trees/2.nwk
    output: fastml_results/25/2/seq.joint.txt, fastml_results/25/2/tree.newick.txt, fastml_results/25/2
    jobid: 285
    wildcards: taxon=25, rep=2

[Tue Feb  2 13:11:43 2021]
Finished job 285.
37 of 367 steps (10%) done
Select jobs to execute...

[Tue Feb  2 13:11:43 2021]
rule run_indelible:
    input: indelible/200_control.txt
    output: indelible_output/200/trees/3.nwk, indelible_output/200/200_TRUE_3.fasta, indelible_output/200/200_ANCESTRAL_3.fasta, indelible_output/200/N0_trees/3.nwk
    jobid: 229
    wildcards: taxon=200, rep=3

[Tue Feb  2 13:11:46 2021]
Finished job 229.
38 of 367 steps (10%) done
Select jobs to execute...

[Tue Feb  2 13:11:46 2021]
rule concat_indelible:
    input: indelible_output/200/200_TRUE_3.fasta, indelible_output/200/200_ANCESTRAL_3.fasta
    output: indelible_output/200/concatenated/200_3.fasta
    jobid: 230
    wildcards: taxon=200, rep=3

[Tue Feb  2 13:11:46 2021]
Finished job 230.
39 of 367 steps (11%) done
Select jobs to execute...

[Tue Feb  2 13:11:46 2021]
rule concat_fasta:
    input: indelible_output/25/cleaned_aln/2.fasta, grasp_results/25/SICML/2/GRASP_ancestors.fasta
    output: grasp_results/concatenated/25/SICML/2/GRASP_ancestors.fasta
    jobid: 62
    wildcards: taxon=25, method=SICML, rep=2

[Tue Feb  2 13:11:46 2021]
Finished job 62.
40 of 367 steps (11%) done
Select jobs to execute...

[Tue Feb  2 13:11:46 2021]
rule summarise_indels:
    input: grasp_results/25/SICML/2/tree.nwk, grasp_results/concatenated/25/SICML/2/GRASP_ancestors.fasta, indelible_output/25/cleaned_N0_trees/2.nwk, indelible_output/25/concatenated/2.fasta, indelible_dicts/25/leaves_2.p, indelible_dicts/25/gaps_2.p
    output: summaries/25/SICML/2.csv
    jobid: 60
    wildcards: taxon=25, method=SICML, rep=2

[Tue Feb  2 13:11:48 2021]
Finished job 60.
41 of 367 steps (11%) done
Select jobs to execute...

[Tue Feb  2 13:11:48 2021]
rule run_indelible:
    input: indelible/50_control.txt
    output: indelible_output/50/trees/2.nwk, indelible_output/50/50_TRUE_2.fasta, indelible_output/50/50_ANCESTRAL_2.fasta, indelible_output/50/N0_trees/2.nwk
    jobid: 84
    wildcards: taxon=50, rep=2

Warning: the following output files of rule run_indelible were not present when the DAG was created:
{'indelible_output/50/50_TRUE_2.fasta', 'indelible_output/50/50_ANCESTRAL_2.fasta', 'indelible_output/50/N0_trees/2.nwk'}
[Tue Feb  2 13:11:49 2021]
Finished job 84.
42 of 367 steps (11%) done
Select jobs to execute...

[Tue Feb  2 13:11:49 2021]
rule concat_indelible:
    input: indelible_output/50/50_TRUE_4.fasta, indelible_output/50/50_ANCESTRAL_4.fasta
    output: indelible_output/50/concatenated/50_4.fasta
    jobid: 99
    wildcards: taxon=50, rep=4

[Tue Feb  2 13:11:49 2021]
Finished job 99.
43 of 367 steps (12%) done
Select jobs to execute...

[Tue Feb  2 13:11:49 2021]
rule clean_indelible:
    input: indelible_output/50/N0_trees/4.nwk, indelible_output/50/concatenated/50_4.fasta
    output: indelible_output/50/cleaned_aln/4.fasta, indelible_output/50/concatenated/4.fasta, indelible_output/50/cleaned_trees/4.nwk, indelible_output/50/cleaned_N0_trees/4.nwk, indelible_output/50/cleaned_no_internal_trees/4.nwk
    jobid: 97
    wildcards: taxon=50, rep=4

[Tue Feb  2 13:11:51 2021]
Finished job 97.
44 of 367 steps (12%) done
Select jobs to execute...

[Tue Feb  2 13:11:51 2021]
rule run_grasp:
    input: indelible_output/50/cleaned_aln/4.fasta, indelible_output/50/cleaned_N0_trees/4.nwk
    output: grasp_results/50/SICP/4, grasp_results/50/SICP/4/GRASP_ancestors.fasta, grasp_results/50/SICP/4/tree.nwk
    jobid: 120
    wildcards: taxon=50, method=SICP, rep=4

[Tue Feb  2 13:11:57 2021]
Finished job 120.
45 of 367 steps (12%) done
Select jobs to execute...

[Tue Feb  2 13:11:58 2021]
rule concat_fasta:
    input: indelible_output/50/cleaned_aln/4.fasta, grasp_results/50/SICP/4/GRASP_ancestors.fasta
    output: grasp_results/concatenated/50/SICP/4/GRASP_ancestors.fasta
    jobid: 121
    wildcards: taxon=50, method=SICP, rep=4

[Tue Feb  2 13:11:58 2021]
Finished job 121.
46 of 367 steps (13%) done
Select jobs to execute...

[Tue Feb  2 13:11:58 2021]
rule get_indelible_dict:
    input: indelible_output/50/concatenated/4.fasta, indelible_output/50/cleaned_N0_trees/4.nwk
    output: indelible_dicts/50/leaves_4.p, indelible_dicts/50/gaps_4.p
    jobid: 101
    wildcards: taxon=50, rep=4

[Tue Feb  2 13:11:59 2021]
Finished job 101.
47 of 367 steps (13%) done
Select jobs to execute...

[Tue Feb  2 13:11:59 2021]
rule run_grasp:
    input: indelible_output/50/cleaned_aln/4.fasta, indelible_output/50/cleaned_N0_trees/4.nwk
    output: grasp_results/50/SICML/4, grasp_results/50/SICML/4/GRASP_ancestors.fasta, grasp_results/50/SICML/4/tree.nwk
    jobid: 136
    wildcards: taxon=50, method=SICML, rep=4

[Tue Feb  2 13:12:07 2021]
Finished job 136.
48 of 367 steps (13%) done
Select jobs to execute...

[Tue Feb  2 13:12:07 2021]
rule run_fastml:
    input: indelible_output/50/cleaned_aln/4.fasta, indelible_output/50/cleaned_no_internal_trees/4.nwk
    output: fastml_results/50/4/seq.joint.txt, fastml_results/50/4/tree.newick.txt, fastml_results/50/4
    jobid: 307
    wildcards: taxon=50, rep=4

[Tue Feb  2 13:16:58 2021]
Finished job 307.
49 of 367 steps (13%) done
Select jobs to execute...

[Tue Feb  2 13:16:58 2021]
rule clean_fastml:
    input: fastml_results/50/4/seq.joint.txt, fastml_results/50/4/tree.newick.txt
    output: fastml_results/50/concatenated/4/FastML_ancestors.fasta, fastml_results/50/cleaned_N0_trees/4/tree.nwk
    jobid: 306
    wildcards: taxon=50, rep=4

[Tue Feb  2 13:16:59 2021]
Finished job 306.
50 of 367 steps (14%) done
Select jobs to execute...

[Tue Feb  2 13:16:59 2021]
rule summarise_indelible:
    input: indelible_output/50/cleaned_N0_trees/4.nwk, indelible_output/50/concatenated/4.fasta, indelible_output/50/cleaned_N0_trees/4.nwk, indelible_output/50/concatenated/4.fasta, indelible_dicts/50/leaves_4.p, indelible_dicts/50/gaps_4.p
    output: indelible_summaries/50/4.csv
    jobid: 353
    wildcards: taxon=50, rep=4

[Tue Feb  2 13:17:01 2021]
Finished job 353.
51 of 367 steps (14%) done
Select jobs to execute...

[Tue Feb  2 13:17:01 2021]
rule concat_fasta:
    input: indelible_output/50/cleaned_aln/4.fasta, grasp_results/50/SICML/4/GRASP_ancestors.fasta
    output: grasp_results/concatenated/50/SICML/4/GRASP_ancestors.fasta
    jobid: 137
    wildcards: taxon=50, method=SICML, rep=4

[Tue Feb  2 13:17:01 2021]
Finished job 137.
52 of 367 steps (14%) done
Select jobs to execute...

[Tue Feb  2 13:17:01 2021]
rule summarise_indels:
    input: grasp_results/50/SICML/4/tree.nwk, grasp_results/concatenated/50/SICML/4/GRASP_ancestors.fasta, indelible_output/50/cleaned_N0_trees/4.nwk, indelible_output/50/concatenated/4.fasta, indelible_dicts/50/leaves_4.p, indelible_dicts/50/gaps_4.p
    output: summaries/50/SICML/4.csv
    jobid: 135
    wildcards: taxon=50, method=SICML, rep=4

[Tue Feb  2 13:17:02 2021]
Finished job 135.
53 of 367 steps (14%) done
Select jobs to execute...

[Tue Feb  2 13:17:02 2021]
rule run_grasp:
    input: indelible_output/50/cleaned_aln/3.fasta, indelible_output/50/cleaned_N0_trees/3.nwk
    output: grasp_results/50/SICP/3, grasp_results/50/SICP/3/GRASP_ancestors.fasta, grasp_results/50/SICP/3/tree.nwk
    jobid: 117
    wildcards: taxon=50, method=SICP, rep=3

[Tue Feb  2 13:17:09 2021]
Finished job 117.
54 of 367 steps (15%) done
Select jobs to execute...

[Tue Feb  2 13:17:10 2021]
rule clean_indelible:
    input: indelible_output/200/N0_trees/3.nwk, indelible_output/200/concatenated/200_3.fasta
    output: indelible_output/200/cleaned_aln/3.fasta, indelible_output/200/concatenated/3.fasta, indelible_output/200/cleaned_trees/3.nwk, indelible_output/200/cleaned_N0_trees/3.nwk, indelible_output/200/cleaned_no_internal_trees/3.nwk
    jobid: 228
    wildcards: taxon=200, rep=3

[Tue Feb  2 13:17:12 2021]
Finished job 228.
55 of 367 steps (15%) done
Select jobs to execute...

[Tue Feb  2 13:17:12 2021]
rule run_fastml:
    input: indelible_output/200/cleaned_aln/3.fasta, indelible_output/200/cleaned_no_internal_trees/3.nwk
    output: fastml_results/200/3/seq.joint.txt, fastml_results/200/3/tree.newick.txt, fastml_results/200/3
    jobid: 336
    wildcards: taxon=200, rep=3

Terminating processes on user request, this might take some time.
Waiting at most 1 seconds for missing files.
MissingOutputException in line 53 of /Users/gabefoley/Dropbox/PhD/20210121_Indel_Evaluation_Project/Indel_Evaluation_Snakemake/Snakefile:
Job Missing files after 1 seconds:
fastml_results/200/3/seq.joint.txt
This might be due to filesystem latency. If that is the case, consider to increase the wait time with --latency-wait.
Job id: 336 completed successfully, but some output files are missing. 336
  File "/Users/gabefoley/miniconda3_latest/envs/indel_snakemake/lib/python3.9/site-packages/snakemake/executors/__init__.py", line 583, in handle_job_success
  File "/Users/gabefoley/miniconda3_latest/envs/indel_snakemake/lib/python3.9/site-packages/snakemake/executors/__init__.py", line 252, in handle_job_success
Removing output files of failed job run_fastml since they might be corrupted:
fastml_results/200/3/tree.newick.txt, fastml_results/200/3
Complete log: /Users/gabefoley/Dropbox/PhD/20210121_Indel_Evaluation_Project/Indel_Evaluation_Snakemake/.snakemake/log/2021-02-02T130951.523261.snakemake.log
