Building DAG of jobs...
Using shell: /bin/bash
Provided cores: 1 (use --cores to define parallelism)
Rules claiming more threads will be scaled down.
Job counts:
	count	jobs
	4	clean_fastml_ml
	4	clean_fastml_parsimony
	4	clean_indelible
	1	compile_latex
	24	concat_fasta
	2	concat_fastml__ml_summaries
	2	concat_fastml_summaries
	4	concat_indelible
	2	concat_indelible_summaries
	12	concat_summaries
	2	create_control_files
	1	generate_latex
	1	generate_output_dict
	4	get_indelible_dict
	4	run_fastml
	24	run_grasp
	4	run_indelible
	4	summarise_fastml_ml_indels
	4	summarise_fastml_parsimony_indels
	4	summarise_indelible
	24	summarise_indels
	135
Select jobs to execute...

[Tue Mar  2 13:01:17 2021]
rule create_control_files:
    output: indelible/10_control.txt
    jobid: 59
    wildcards: taxon=10

[Tue Mar  2 13:01:18 2021]
Finished job 59.
1 of 135 steps (0.74%) done
Select jobs to execute...

[Tue Mar  2 13:01:18 2021]
rule run_indelible:
    input: indelible/10_control.txt
    output: indelible_output/10/trees/1.nwk, indelible_output/10/10_TRUE_1.fasta, indelible_output/10/10_ANCESTRAL_1.fasta, indelible_output/10/N0_trees/1.nwk
    jobid: 58
    wildcards: taxon=10, rep=1

[Tue Mar  2 13:01:19 2021]
Finished job 58.
2 of 135 steps (1%) done
Select jobs to execute...

[Tue Mar  2 13:01:19 2021]
rule create_control_files:
    output: indelible/5_control.txt
    jobid: 8
    wildcards: taxon=5

[Tue Mar  2 13:01:20 2021]
Finished job 8.
3 of 135 steps (2%) done
Select jobs to execute...

[Tue Mar  2 13:01:20 2021]
rule run_indelible:
    input: indelible/5_control.txt
    output: indelible_output/5/trees/1.nwk, indelible_output/5/5_TRUE_1.fasta, indelible_output/5/5_ANCESTRAL_1.fasta, indelible_output/5/N0_trees/1.nwk
    jobid: 7
    wildcards: taxon=5, rep=1

[Tue Mar  2 13:01:21 2021]
Finished job 7.
4 of 135 steps (3%) done
Select jobs to execute...

[Tue Mar  2 13:01:21 2021]
rule concat_indelible:
    input: indelible_output/5/5_TRUE_1.fasta, indelible_output/5/5_ANCESTRAL_1.fasta
    output: indelible_output/5/concatenated/5_1.fasta
    jobid: 9
    wildcards: taxon=5, rep=1

[Tue Mar  2 13:01:21 2021]
Finished job 9.
5 of 135 steps (4%) done
Select jobs to execute...

[Tue Mar  2 13:01:21 2021]
rule clean_indelible:
    input: indelible_output/5/N0_trees/1.nwk, indelible_output/5/concatenated/5_1.fasta
    output: indelible_output/5/cleaned_aln/1.fasta, indelible_output/5/concatenated/1.fasta, indelible_output/5/cleaned_trees/1.nwk, indelible_output/5/cleaned_N0_trees/1.nwk, indelible_output/5/cleaned_no_internal_trees/1.nwk
    jobid: 6
    wildcards: taxon=5, rep=1

[Tue Mar  2 13:01:22 2021]
Finished job 6.
6 of 135 steps (4%) done
Select jobs to execute...

[Tue Mar  2 13:01:22 2021]
rule run_grasp:
    input: indelible_output/5/cleaned_aln/1.fasta, indelible_output/5/cleaned_N0_trees/1.nwk
    output: grasp_results/5/SICP/1, grasp_results/5/SICP/1/GRASP_ancestors.fasta, grasp_results/5/SICP/1/GRASP_ancestors.nwk
    jobid: 28
    wildcards: taxon=5, method=SICP, rep=1

[Tue Mar  2 13:01:23 2021]
Finished job 28.
7 of 135 steps (5%) done
Select jobs to execute...

[Tue Mar  2 13:01:23 2021]
rule run_grasp:
    input: indelible_output/5/cleaned_aln/1.fasta, indelible_output/5/cleaned_N0_trees/1.nwk
    output: grasp_results/5/PSP/1, grasp_results/5/PSP/1/GRASP_ancestors.fasta, grasp_results/5/PSP/1/GRASP_ancestors.nwk
    jobid: 35
    wildcards: taxon=5, method=PSP, rep=1

[Tue Mar  2 13:01:23 2021]
Finished job 35.
8 of 135 steps (6%) done
Select jobs to execute...

[Tue Mar  2 13:01:23 2021]
rule get_indelible_dict:
    input: indelible_output/5/concatenated/1.fasta, indelible_output/5/cleaned_N0_trees/1.nwk
    output: indelible_dicts/5/leaves_1.p, indelible_dicts/5/gaps_1.p
    jobid: 11
    wildcards: taxon=5, rep=1

[Tue Mar  2 13:01:24 2021]
Finished job 11.
9 of 135 steps (7%) done
Select jobs to execute...

[Tue Mar  2 13:01:24 2021]
rule run_grasp:
    input: indelible_output/5/cleaned_aln/1.fasta, indelible_output/5/cleaned_N0_trees/1.nwk
    output: grasp_results/5/BEP/1, grasp_results/5/BEP/1/GRASP_ancestors.fasta, grasp_results/5/BEP/1/GRASP_ancestors.nwk
    jobid: 21
    wildcards: taxon=5, method=BEP, rep=1

[Tue Mar  2 13:01:25 2021]
Finished job 21.
10 of 135 steps (7%) done
Select jobs to execute...

[Tue Mar  2 13:01:25 2021]
rule summarise_indelible:
    input: indelible_output/5/cleaned_N0_trees/1.nwk, indelible_output/5/concatenated/1.fasta, indelible_output/5/cleaned_N0_trees/1.nwk, indelible_output/5/concatenated/1.fasta, indelible_dicts/5/leaves_1.p, indelible_dicts/5/gaps_1.p
    output: indelible_summaries/5/1.csv
    jobid: 130
    wildcards: taxon=5, rep=1

[Tue Mar  2 13:01:26 2021]
Finished job 130.
11 of 135 steps (8%) done
Select jobs to execute...

[Tue Mar  2 13:01:26 2021]
rule run_fastml:
    input: indelible_output/5/cleaned_aln/1.fasta, indelible_output/5/cleaned_no_internal_trees/1.nwk
    output: fastml_results/5/1/seq.marginal_Chars_ParsimonyIndels.txt, fastml_results/5/1/seq.marginal_IndelAndChars.txt, fastml_results/5/1/tree.newick.txt, fastml_results/5/1
    jobid: 108
    wildcards: taxon=5, rep=1

[Tue Mar  2 13:01:28 2021]
Finished job 108.
12 of 135 steps (9%) done
Select jobs to execute...

[Tue Mar  2 13:01:28 2021]
rule concat_fasta:
    input: indelible_output/5/cleaned_aln/1.fasta, grasp_results/5/BEP/1/GRASP_ancestors.fasta
    output: grasp_results/concatenated/5/BEP/1/GRASP_ancestors.fasta
    jobid: 22
    wildcards: taxon=5, method=BEP, rep=1

[Tue Mar  2 13:01:28 2021]
Finished job 22.
13 of 135 steps (10%) done
Select jobs to execute...

[Tue Mar  2 13:01:28 2021]
rule concat_fasta:
    input: indelible_output/5/cleaned_aln/1.fasta, grasp_results/5/PSP/1/GRASP_ancestors.fasta
    output: grasp_results/concatenated/5/PSP/1/GRASP_ancestors.fasta
    jobid: 36
    wildcards: taxon=5, method=PSP, rep=1

[Tue Mar  2 13:01:28 2021]
Finished job 36.
14 of 135 steps (10%) done
Select jobs to execute...

[Tue Mar  2 13:01:28 2021]
rule run_grasp:
    input: indelible_output/5/cleaned_aln/1.fasta, indelible_output/5/cleaned_N0_trees/1.nwk
    output: grasp_results/5/BEML/1, grasp_results/5/BEML/1/GRASP_ancestors.fasta, grasp_results/5/BEML/1/GRASP_ancestors.nwk
    jobid: 42
    wildcards: taxon=5, method=BEML, rep=1

[Tue Mar  2 13:01:29 2021]
Finished job 42.
15 of 135 steps (11%) done
Select jobs to execute...

[Tue Mar  2 13:01:29 2021]
rule run_indelible:
    input: indelible/5_control.txt
    output: indelible_output/5/trees/2.nwk, indelible_output/5/5_TRUE_2.fasta, indelible_output/5/5_ANCESTRAL_2.fasta, indelible_output/5/N0_trees/2.nwk
    jobid: 15
    wildcards: taxon=5, rep=2

Warning: the following output files of rule run_indelible were not present when the DAG was created:
{'indelible_output/5/5_TRUE_2.fasta', 'indelible_output/5/N0_trees/2.nwk', 'indelible_output/5/5_ANCESTRAL_2.fasta'}
[Tue Mar  2 13:01:30 2021]
Finished job 15.
16 of 135 steps (12%) done
Select jobs to execute...

[Tue Mar  2 13:01:30 2021]
rule clean_fastml_parsimony:
    input: fastml_results/5/1/seq.marginal_Chars_ParsimonyIndels.txt, fastml_results/5/1/tree.newick.txt
    output: fastml_results_parsimony/5/concatenated/1/FastML_ancestors.fasta, fastml_results_parsimony/5/cleaned_trees/1/tree.nwk, fastml_results_parsimony/5/cleaned_N0_trees/1/tree.nwk
    jobid: 107
    wildcards: taxon=5, rep=1

[Tue Mar  2 13:01:31 2021]
Finished job 107.
17 of 135 steps (13%) done
Select jobs to execute...

[Tue Mar  2 13:01:31 2021]
rule concat_indelible:
    input: indelible_output/10/10_TRUE_1.fasta, indelible_output/10/10_ANCESTRAL_1.fasta
    output: indelible_output/10/concatenated/10_1.fasta
    jobid: 60
    wildcards: taxon=10, rep=1

[Tue Mar  2 13:01:31 2021]
Finished job 60.
18 of 135 steps (13%) done
Select jobs to execute...

[Tue Mar  2 13:01:32 2021]
rule concat_indelible:
    input: indelible_output/5/5_TRUE_2.fasta, indelible_output/5/5_ANCESTRAL_2.fasta
    output: indelible_output/5/concatenated/5_2.fasta
    jobid: 16
    wildcards: taxon=5, rep=2

[Tue Mar  2 13:01:32 2021]
Finished job 16.
19 of 135 steps (14%) done
Select jobs to execute...

[Tue Mar  2 13:01:32 2021]
rule run_indelible:
    input: indelible/10_control.txt
    output: indelible_output/10/trees/2.nwk, indelible_output/10/10_TRUE_2.fasta, indelible_output/10/10_ANCESTRAL_2.fasta, indelible_output/10/N0_trees/2.nwk
    jobid: 66
    wildcards: taxon=10, rep=2

Warning: the following output files of rule run_indelible were not present when the DAG was created:
{'indelible_output/10/10_ANCESTRAL_2.fasta', 'indelible_output/10/10_TRUE_2.fasta', 'indelible_output/10/N0_trees/2.nwk'}
[Tue Mar  2 13:01:33 2021]
Finished job 66.
20 of 135 steps (15%) done
Select jobs to execute...

[Tue Mar  2 13:01:33 2021]
rule concat_indelible:
    input: indelible_output/10/10_TRUE_2.fasta, indelible_output/10/10_ANCESTRAL_2.fasta
    output: indelible_output/10/concatenated/10_2.fasta
    jobid: 67
    wildcards: taxon=10, rep=2

[Tue Mar  2 13:01:33 2021]
Finished job 67.
21 of 135 steps (16%) done
Select jobs to execute...

[Tue Mar  2 13:01:33 2021]
rule clean_indelible:
    input: indelible_output/10/N0_trees/2.nwk, indelible_output/10/concatenated/10_2.fasta
    output: indelible_output/10/cleaned_aln/2.fasta, indelible_output/10/concatenated/2.fasta, indelible_output/10/cleaned_trees/2.nwk, indelible_output/10/cleaned_N0_trees/2.nwk, indelible_output/10/cleaned_no_internal_trees/2.nwk
    jobid: 65
    wildcards: taxon=10, rep=2

[Tue Mar  2 13:01:34 2021]
Finished job 65.
22 of 135 steps (16%) done
Select jobs to execute...

[Tue Mar  2 13:01:34 2021]
rule run_grasp:
    input: indelible_output/10/cleaned_aln/2.fasta, indelible_output/10/cleaned_N0_trees/2.nwk
    output: grasp_results/10/SICP/2, grasp_results/10/SICP/2/GRASP_ancestors.fasta, grasp_results/10/SICP/2/GRASP_ancestors.nwk
    jobid: 82
    wildcards: taxon=10, method=SICP, rep=2

[Tue Mar  2 13:01:35 2021]
Finished job 82.
23 of 135 steps (17%) done
Select jobs to execute...

[Tue Mar  2 13:01:35 2021]
rule run_grasp:
    input: indelible_output/10/cleaned_aln/2.fasta, indelible_output/10/cleaned_N0_trees/2.nwk
    output: grasp_results/10/SICML/2, grasp_results/10/SICML/2/GRASP_ancestors.fasta, grasp_results/10/SICML/2/GRASP_ancestors.nwk
    jobid: 64
    wildcards: taxon=10, method=SICML, rep=2

[Tue Mar  2 13:01:36 2021]
Finished job 64.
24 of 135 steps (18%) done
Select jobs to execute...

[Tue Mar  2 13:01:36 2021]
rule run_grasp:
    input: indelible_output/10/cleaned_aln/2.fasta, indelible_output/10/cleaned_N0_trees/2.nwk
    output: grasp_results/10/BEML/2, grasp_results/10/BEML/2/GRASP_ancestors.fasta, grasp_results/10/BEML/2/GRASP_ancestors.nwk
    jobid: 96
    wildcards: taxon=10, method=BEML, rep=2

[Tue Mar  2 13:01:37 2021]
Finished job 96.
25 of 135 steps (19%) done
Select jobs to execute...

[Tue Mar  2 13:01:37 2021]
rule run_fastml:
    input: indelible_output/10/cleaned_aln/2.fasta, indelible_output/10/cleaned_no_internal_trees/2.nwk
    output: fastml_results/10/2/seq.marginal_Chars_ParsimonyIndels.txt, fastml_results/10/2/seq.marginal_IndelAndChars.txt, fastml_results/10/2/tree.newick.txt, fastml_results/10/2
    jobid: 118
    wildcards: taxon=10, rep=2

[Tue Mar  2 13:01:43 2021]
Finished job 118.
26 of 135 steps (19%) done
Select jobs to execute...

[Tue Mar  2 13:01:43 2021]
rule run_grasp:
    input: indelible_output/10/cleaned_aln/2.fasta, indelible_output/10/cleaned_N0_trees/2.nwk
    output: grasp_results/10/PSP/2, grasp_results/10/PSP/2/GRASP_ancestors.fasta, grasp_results/10/PSP/2/GRASP_ancestors.nwk
    jobid: 89
    wildcards: taxon=10, method=PSP, rep=2

[Tue Mar  2 13:01:44 2021]
Finished job 89.
27 of 135 steps (20%) done
Select jobs to execute...

[Tue Mar  2 13:01:44 2021]
rule concat_fasta:
    input: indelible_output/10/cleaned_aln/2.fasta, grasp_results/10/SICP/2/GRASP_ancestors.fasta
    output: grasp_results/concatenated/10/SICP/2/GRASP_ancestors.fasta
    jobid: 83
    wildcards: taxon=10, method=SICP, rep=2

[Tue Mar  2 13:01:44 2021]
Finished job 83.
28 of 135 steps (21%) done
Select jobs to execute...

[Tue Mar  2 13:01:44 2021]
rule clean_fastml_parsimony:
    input: fastml_results/10/2/seq.marginal_Chars_ParsimonyIndels.txt, fastml_results/10/2/tree.newick.txt
    output: fastml_results_parsimony/10/concatenated/2/FastML_ancestors.fasta, fastml_results_parsimony/10/cleaned_trees/2/tree.nwk, fastml_results_parsimony/10/cleaned_N0_trees/2/tree.nwk
    jobid: 117
    wildcards: taxon=10, rep=2

[Tue Mar  2 13:01:46 2021]
Finished job 117.
29 of 135 steps (21%) done
Select jobs to execute...

[Tue Mar  2 13:01:46 2021]
rule run_grasp:
    input: indelible_output/10/cleaned_aln/2.fasta, indelible_output/10/cleaned_N0_trees/2.nwk
    output: grasp_results/10/PSML/2, grasp_results/10/PSML/2/GRASP_ancestors.fasta, grasp_results/10/PSML/2/GRASP_ancestors.nwk
    jobid: 103
    wildcards: taxon=10, method=PSML, rep=2

[Tue Mar  2 13:01:47 2021]
Finished job 103.
30 of 135 steps (22%) done
Select jobs to execute...

[Tue Mar  2 13:01:47 2021]
rule concat_fasta:
    input: indelible_output/10/cleaned_aln/2.fasta, grasp_results/10/PSML/2/GRASP_ancestors.fasta
    output: grasp_results/concatenated/10/PSML/2/GRASP_ancestors.fasta
    jobid: 104
    wildcards: taxon=10, method=PSML, rep=2

[Tue Mar  2 13:01:47 2021]
Finished job 104.
31 of 135 steps (23%) done
Select jobs to execute...

[Tue Mar  2 13:01:47 2021]
rule get_indelible_dict:
    input: indelible_output/10/concatenated/2.fasta, indelible_output/10/cleaned_N0_trees/2.nwk
    output: indelible_dicts/10/leaves_2.p, indelible_dicts/10/gaps_2.p
    jobid: 69
    wildcards: taxon=10, rep=2

[Tue Mar  2 13:01:48 2021]
Finished job 69.
32 of 135 steps (24%) done
Select jobs to execute...

[Tue Mar  2 13:01:48 2021]
rule summarise_indels:
    input: grasp_results/10/SICP/2/GRASP_ancestors.nwk, grasp_results/concatenated/10/SICP/2/GRASP_ancestors.fasta, indelible_output/10/cleaned_N0_trees/2.nwk, indelible_output/10/concatenated/2.fasta, indelible_dicts/10/leaves_2.p, indelible_dicts/10/gaps_2.p
    output: summaries/10/SICP/2.csv
    jobid: 81
    wildcards: taxon=10, method=SICP, rep=2

[Tue Mar  2 13:01:49 2021]
Finished job 81.
33 of 135 steps (24%) done
Select jobs to execute...

[Tue Mar  2 13:01:49 2021]
rule summarise_indels:
    input: grasp_results/10/PSML/2/GRASP_ancestors.nwk, grasp_results/concatenated/10/PSML/2/GRASP_ancestors.fasta, indelible_output/10/cleaned_N0_trees/2.nwk, indelible_output/10/concatenated/2.fasta, indelible_dicts/10/leaves_2.p, indelible_dicts/10/gaps_2.p
    output: summaries/10/PSML/2.csv
    jobid: 102
    wildcards: taxon=10, method=PSML, rep=2

[Tue Mar  2 13:01:50 2021]
Finished job 102.
34 of 135 steps (25%) done
Select jobs to execute...

[Tue Mar  2 13:01:50 2021]
rule summarise_indelible:
    input: indelible_output/10/cleaned_N0_trees/2.nwk, indelible_output/10/concatenated/2.fasta, indelible_output/10/cleaned_N0_trees/2.nwk, indelible_output/10/concatenated/2.fasta, indelible_dicts/10/leaves_2.p, indelible_dicts/10/gaps_2.p
    output: indelible_summaries/10/2.csv
    jobid: 134
    wildcards: taxon=10, rep=2

[Tue Mar  2 13:01:51 2021]
Finished job 134.
35 of 135 steps (26%) done
Select jobs to execute...

[Tue Mar  2 13:01:51 2021]
rule run_grasp:
    input: indelible_output/10/cleaned_aln/2.fasta, indelible_output/10/cleaned_N0_trees/2.nwk
    output: grasp_results/10/BEP/2, grasp_results/10/BEP/2/GRASP_ancestors.fasta, grasp_results/10/BEP/2/GRASP_ancestors.nwk
    jobid: 75
    wildcards: taxon=10, method=BEP, rep=2

[Tue Mar  2 13:01:53 2021]
Finished job 75.
36 of 135 steps (27%) done
Select jobs to execute...

[Tue Mar  2 13:01:53 2021]
rule concat_fasta:
    input: indelible_output/10/cleaned_aln/2.fasta, grasp_results/10/BEP/2/GRASP_ancestors.fasta
    output: grasp_results/concatenated/10/BEP/2/GRASP_ancestors.fasta
    jobid: 76
    wildcards: taxon=10, method=BEP, rep=2

[Tue Mar  2 13:01:53 2021]
Finished job 76.
37 of 135 steps (27%) done
Select jobs to execute...

[Tue Mar  2 13:01:53 2021]
rule summarise_indels:
    input: grasp_results/10/BEP/2/GRASP_ancestors.nwk, grasp_results/concatenated/10/BEP/2/GRASP_ancestors.fasta, indelible_output/10/cleaned_N0_trees/2.nwk, indelible_output/10/concatenated/2.fasta, indelible_dicts/10/leaves_2.p, indelible_dicts/10/gaps_2.p
    output: summaries/10/BEP/2.csv
    jobid: 74
    wildcards: taxon=10, method=BEP, rep=2

[Tue Mar  2 13:01:54 2021]
Finished job 74.
38 of 135 steps (28%) done
Select jobs to execute...

[Tue Mar  2 13:01:54 2021]
rule concat_fasta:
    input: indelible_output/10/cleaned_aln/2.fasta, grasp_results/10/BEML/2/GRASP_ancestors.fasta
    output: grasp_results/concatenated/10/BEML/2/GRASP_ancestors.fasta
    jobid: 97
    wildcards: taxon=10, method=BEML, rep=2

[Tue Mar  2 13:01:54 2021]
Finished job 97.
39 of 135 steps (29%) done
Select jobs to execute...

[Tue Mar  2 13:01:54 2021]
rule summarise_indels:
    input: grasp_results/10/BEML/2/GRASP_ancestors.nwk, grasp_results/concatenated/10/BEML/2/GRASP_ancestors.fasta, indelible_output/10/cleaned_N0_trees/2.nwk, indelible_output/10/concatenated/2.fasta, indelible_dicts/10/leaves_2.p, indelible_dicts/10/gaps_2.p
    output: summaries/10/BEML/2.csv
    jobid: 95
    wildcards: taxon=10, method=BEML, rep=2

[Tue Mar  2 13:01:55 2021]
Finished job 95.
40 of 135 steps (30%) done
Select jobs to execute...

[Tue Mar  2 13:01:55 2021]
rule concat_fasta:
    input: indelible_output/10/cleaned_aln/2.fasta, grasp_results/10/PSP/2/GRASP_ancestors.fasta
    output: grasp_results/concatenated/10/PSP/2/GRASP_ancestors.fasta
    jobid: 90
    wildcards: taxon=10, method=PSP, rep=2

[Tue Mar  2 13:01:55 2021]
Finished job 90.
41 of 135 steps (30%) done
Select jobs to execute...

[Tue Mar  2 13:01:55 2021]
rule summarise_indels:
    input: grasp_results/10/PSP/2/GRASP_ancestors.nwk, grasp_results/concatenated/10/PSP/2/GRASP_ancestors.fasta, indelible_output/10/cleaned_N0_trees/2.nwk, indelible_output/10/concatenated/2.fasta, indelible_dicts/10/leaves_2.p, indelible_dicts/10/gaps_2.p
    output: summaries/10/PSP/2.csv
    jobid: 88
    wildcards: taxon=10, method=PSP, rep=2

[Tue Mar  2 13:01:56 2021]
Finished job 88.
42 of 135 steps (31%) done
Select jobs to execute...

[Tue Mar  2 13:01:56 2021]
rule summarise_fastml_parsimony_indels:
    input: fastml_results_parsimony/10/concatenated/2/FastML_ancestors.fasta, fastml_results_parsimony/10/cleaned_N0_trees/2/tree.nwk, indelible_output/10/cleaned_N0_trees/2.nwk, indelible_output/10/concatenated/2.fasta, indelible_dicts/10/leaves_2.p, indelible_dicts/10/gaps_2.p
    output: fastml_parsimony_summaries/10/fastml/2.csv
    jobid: 116
    wildcards: taxon=10, rep=2

[Tue Mar  2 13:01:57 2021]
Finished job 116.
43 of 135 steps (32%) done
Select jobs to execute...

[Tue Mar  2 13:01:57 2021]
rule clean_indelible:
    input: indelible_output/10/N0_trees/1.nwk, indelible_output/10/concatenated/10_1.fasta
    output: indelible_output/10/cleaned_aln/1.fasta, indelible_output/10/concatenated/1.fasta, indelible_output/10/cleaned_trees/1.nwk, indelible_output/10/cleaned_N0_trees/1.nwk, indelible_output/10/cleaned_no_internal_trees/1.nwk
    jobid: 57
    wildcards: taxon=10, rep=1

[Tue Mar  2 13:01:58 2021]
Finished job 57.
44 of 135 steps (33%) done
Select jobs to execute...

[Tue Mar  2 13:01:58 2021]
rule clean_fastml_ml:
    input: fastml_results/10/2/seq.marginal_IndelAndChars.txt, fastml_results/10/2/tree.newick.txt
    output: fastml_results_ml/10/concatenated/2/FastML_ancestors.fasta, fastml_results_ml/10/cleaned_trees/2/tree.nwk, fastml_results_ml/10/cleaned_N0_trees/2/tree.nwk
    jobid: 128
    wildcards: taxon=10, rep=2

[Tue Mar  2 13:02:00 2021]
Finished job 128.
45 of 135 steps (33%) done
Select jobs to execute...

[Tue Mar  2 13:02:00 2021]
rule concat_fasta:
    input: indelible_output/10/cleaned_aln/2.fasta, grasp_results/10/SICML/2/GRASP_ancestors.fasta
    output: grasp_results/concatenated/10/SICML/2/GRASP_ancestors.fasta
    jobid: 68
    wildcards: taxon=10, method=SICML, rep=2

[Tue Mar  2 13:02:00 2021]
Finished job 68.
46 of 135 steps (34%) done
Select jobs to execute...

[Tue Mar  2 13:02:00 2021]
rule summarise_fastml_ml_indels:
    input: fastml_results_ml/10/concatenated/2/FastML_ancestors.fasta, fastml_results_ml/10/cleaned_N0_trees/2/tree.nwk, indelible_output/10/cleaned_N0_trees/2.nwk, indelible_output/10/concatenated/2.fasta, indelible_dicts/10/leaves_2.p, indelible_dicts/10/gaps_2.p
    output: fastml_ml_summaries/10/fastml/2.csv
    jobid: 127
    wildcards: taxon=10, rep=2

[Tue Mar  2 13:02:01 2021]
Finished job 127.
47 of 135 steps (35%) done
Select jobs to execute...

[Tue Mar  2 13:02:01 2021]
rule clean_indelible:
    input: indelible_output/5/N0_trees/2.nwk, indelible_output/5/concatenated/5_2.fasta
    output: indelible_output/5/cleaned_aln/2.fasta, indelible_output/5/concatenated/2.fasta, indelible_output/5/cleaned_trees/2.nwk, indelible_output/5/cleaned_N0_trees/2.nwk, indelible_output/5/cleaned_no_internal_trees/2.nwk
    jobid: 14
    wildcards: taxon=5, rep=2

[Tue Mar  2 13:02:02 2021]
Finished job 14.
48 of 135 steps (36%) done
Select jobs to execute...

[Tue Mar  2 13:02:02 2021]
rule run_grasp:
    input: indelible_output/5/cleaned_aln/2.fasta, indelible_output/5/cleaned_N0_trees/2.nwk
    output: grasp_results/5/PSP/2, grasp_results/5/PSP/2/GRASP_ancestors.fasta, grasp_results/5/PSP/2/GRASP_ancestors.nwk
    jobid: 38
    wildcards: taxon=5, method=PSP, rep=2

[Tue Mar  2 13:02:03 2021]
Finished job 38.
49 of 135 steps (36%) done
Select jobs to execute...

[Tue Mar  2 13:02:03 2021]
rule run_grasp:
    input: indelible_output/10/cleaned_aln/1.fasta, indelible_output/10/cleaned_N0_trees/1.nwk
    output: grasp_results/10/BEML/1, grasp_results/10/BEML/1/GRASP_ancestors.fasta, grasp_results/10/BEML/1/GRASP_ancestors.nwk
    jobid: 93
    wildcards: taxon=10, method=BEML, rep=1

[Tue Mar  2 13:02:03 2021]
Finished job 93.
50 of 135 steps (37%) done
Select jobs to execute...

[Tue Mar  2 13:02:04 2021]
rule run_fastml:
    input: indelible_output/5/cleaned_aln/2.fasta, indelible_output/5/cleaned_no_internal_trees/2.nwk
    output: fastml_results/5/2/seq.marginal_Chars_ParsimonyIndels.txt, fastml_results/5/2/seq.marginal_IndelAndChars.txt, fastml_results/5/2/tree.newick.txt, fastml_results/5/2
    jobid: 111
    wildcards: taxon=5, rep=2

[Tue Mar  2 13:02:06 2021]
Finished job 111.
51 of 135 steps (38%) done
Select jobs to execute...

[Tue Mar  2 13:02:06 2021]
rule clean_fastml_parsimony:
    input: fastml_results/5/2/seq.marginal_Chars_ParsimonyIndels.txt, fastml_results/5/2/tree.newick.txt
    output: fastml_results_parsimony/5/concatenated/2/FastML_ancestors.fasta, fastml_results_parsimony/5/cleaned_trees/2/tree.nwk, fastml_results_parsimony/5/cleaned_N0_trees/2/tree.nwk
    jobid: 110
    wildcards: taxon=5, rep=2

[Tue Mar  2 13:02:07 2021]
Finished job 110.
52 of 135 steps (39%) done
Select jobs to execute...

[Tue Mar  2 13:02:07 2021]
rule run_grasp:
    input: indelible_output/10/cleaned_aln/1.fasta, indelible_output/10/cleaned_N0_trees/1.nwk
    output: grasp_results/10/PSML/1, grasp_results/10/PSML/1/GRASP_ancestors.fasta, grasp_results/10/PSML/1/GRASP_ancestors.nwk
    jobid: 100
    wildcards: taxon=10, method=PSML, rep=1

[Tue Mar  2 13:02:08 2021]
Finished job 100.
53 of 135 steps (39%) done
Select jobs to execute...

[Tue Mar  2 13:02:08 2021]
rule run_grasp:
    input: indelible_output/5/cleaned_aln/2.fasta, indelible_output/5/cleaned_N0_trees/2.nwk
    output: grasp_results/5/BEML/2, grasp_results/5/BEML/2/GRASP_ancestors.fasta, grasp_results/5/BEML/2/GRASP_ancestors.nwk
    jobid: 45
    wildcards: taxon=5, method=BEML, rep=2

[Tue Mar  2 13:02:08 2021]
Finished job 45.
54 of 135 steps (40%) done
Select jobs to execute...

[Tue Mar  2 13:02:08 2021]
rule concat_fasta:
    input: indelible_output/5/cleaned_aln/2.fasta, grasp_results/5/BEML/2/GRASP_ancestors.fasta
    output: grasp_results/concatenated/5/BEML/2/GRASP_ancestors.fasta
    jobid: 46
    wildcards: taxon=5, method=BEML, rep=2

[Tue Mar  2 13:02:08 2021]
Finished job 46.
55 of 135 steps (41%) done
Select jobs to execute...

[Tue Mar  2 13:02:08 2021]
rule concat_fasta:
    input: indelible_output/10/cleaned_aln/1.fasta, grasp_results/10/BEML/1/GRASP_ancestors.fasta
    output: grasp_results/concatenated/10/BEML/1/GRASP_ancestors.fasta
    jobid: 94
    wildcards: taxon=10, method=BEML, rep=1

[Tue Mar  2 13:02:08 2021]
Finished job 94.
56 of 135 steps (41%) done
Select jobs to execute...

[Tue Mar  2 13:02:08 2021]
rule run_grasp:
    input: indelible_output/5/cleaned_aln/1.fasta, indelible_output/5/cleaned_N0_trees/1.nwk
    output: grasp_results/5/SICML/1, grasp_results/5/SICML/1/GRASP_ancestors.fasta, grasp_results/5/SICML/1/GRASP_ancestors.nwk
    jobid: 5
    wildcards: taxon=5, method=SICML, rep=1

[Tue Mar  2 13:02:09 2021]
Finished job 5.
57 of 135 steps (42%) done
Select jobs to execute...

[Tue Mar  2 13:02:09 2021]
rule concat_fasta:
    input: indelible_output/5/cleaned_aln/1.fasta, grasp_results/5/SICP/1/GRASP_ancestors.fasta
    output: grasp_results/concatenated/5/SICP/1/GRASP_ancestors.fasta
    jobid: 29
    wildcards: taxon=5, method=SICP, rep=1

[Tue Mar  2 13:02:09 2021]
Finished job 29.
58 of 135 steps (43%) done
Select jobs to execute...

[Tue Mar  2 13:02:09 2021]
rule summarise_indels:
    input: grasp_results/5/SICP/1/GRASP_ancestors.nwk, grasp_results/concatenated/5/SICP/1/GRASP_ancestors.fasta, indelible_output/5/cleaned_N0_trees/1.nwk, indelible_output/5/concatenated/1.fasta, indelible_dicts/5/leaves_1.p, indelible_dicts/5/gaps_1.p
    output: summaries/5/SICP/1.csv
    jobid: 27
    wildcards: taxon=5, method=SICP, rep=1

[Tue Mar  2 13:02:10 2021]
Finished job 27.
59 of 135 steps (44%) done
Select jobs to execute...

[Tue Mar  2 13:02:10 2021]
rule clean_fastml_ml:
    input: fastml_results/5/1/seq.marginal_IndelAndChars.txt, fastml_results/5/1/tree.newick.txt
    output: fastml_results_ml/5/concatenated/1/FastML_ancestors.fasta, fastml_results_ml/5/cleaned_trees/1/tree.nwk, fastml_results_ml/5/cleaned_N0_trees/1/tree.nwk
    jobid: 121
    wildcards: taxon=5, rep=1

[Tue Mar  2 13:02:11 2021]
Finished job 121.
60 of 135 steps (44%) done
Select jobs to execute...

[Tue Mar  2 13:02:11 2021]
rule summarise_fastml_ml_indels:
    input: fastml_results_ml/5/concatenated/1/FastML_ancestors.fasta, fastml_results_ml/5/cleaned_N0_trees/1/tree.nwk, indelible_output/5/cleaned_N0_trees/1.nwk, indelible_output/5/concatenated/1.fasta, indelible_dicts/5/leaves_1.p, indelible_dicts/5/gaps_1.p
    output: fastml_ml_summaries/5/fastml/1.csv
    jobid: 120
    wildcards: taxon=5, rep=1

[Tue Mar  2 13:02:12 2021]
Finished job 120.
61 of 135 steps (45%) done
Select jobs to execute...

[Tue Mar  2 13:02:12 2021]
rule summarise_indels:
    input: grasp_results/5/PSP/1/GRASP_ancestors.nwk, grasp_results/concatenated/5/PSP/1/GRASP_ancestors.fasta, indelible_output/5/cleaned_N0_trees/1.nwk, indelible_output/5/concatenated/1.fasta, indelible_dicts/5/leaves_1.p, indelible_dicts/5/gaps_1.p
    output: summaries/5/PSP/1.csv
    jobid: 34
    wildcards: taxon=5, method=PSP, rep=1

[Tue Mar  2 13:02:14 2021]
Finished job 34.
62 of 135 steps (46%) done
Select jobs to execute...

[Tue Mar  2 13:02:14 2021]
rule summarise_fastml_parsimony_indels:
    input: fastml_results_parsimony/5/concatenated/1/FastML_ancestors.fasta, fastml_results_parsimony/5/cleaned_N0_trees/1/tree.nwk, indelible_output/5/cleaned_N0_trees/1.nwk, indelible_output/5/concatenated/1.fasta, indelible_dicts/5/leaves_1.p, indelible_dicts/5/gaps_1.p
    output: fastml_parsimony_summaries/5/fastml/1.csv
    jobid: 106
    wildcards: taxon=5, rep=1

[Tue Mar  2 13:02:15 2021]
Finished job 106.
63 of 135 steps (47%) done
Select jobs to execute...

[Tue Mar  2 13:02:15 2021]
rule run_grasp:
    input: indelible_output/10/cleaned_aln/1.fasta, indelible_output/10/cleaned_N0_trees/1.nwk
    output: grasp_results/10/BEP/1, grasp_results/10/BEP/1/GRASP_ancestors.fasta, grasp_results/10/BEP/1/GRASP_ancestors.nwk
    jobid: 72
    wildcards: taxon=10, method=BEP, rep=1

[Tue Mar  2 13:02:16 2021]
Finished job 72.
64 of 135 steps (47%) done
Select jobs to execute...

[Tue Mar  2 13:02:16 2021]
rule concat_fasta:
    input: indelible_output/10/cleaned_aln/1.fasta, grasp_results/10/PSML/1/GRASP_ancestors.fasta
    output: grasp_results/concatenated/10/PSML/1/GRASP_ancestors.fasta
    jobid: 101
    wildcards: taxon=10, method=PSML, rep=1

[Tue Mar  2 13:02:16 2021]
Finished job 101.
65 of 135 steps (48%) done
Select jobs to execute...

[Tue Mar  2 13:02:16 2021]
rule clean_fastml_ml:
    input: fastml_results/5/2/seq.marginal_IndelAndChars.txt, fastml_results/5/2/tree.newick.txt
    output: fastml_results_ml/5/concatenated/2/FastML_ancestors.fasta, fastml_results_ml/5/cleaned_trees/2/tree.nwk, fastml_results_ml/5/cleaned_N0_trees/2/tree.nwk
    jobid: 123
    wildcards: taxon=5, rep=2

[Tue Mar  2 13:02:17 2021]
Finished job 123.
66 of 135 steps (49%) done
Select jobs to execute...

[Tue Mar  2 13:02:17 2021]
rule run_grasp:
    input: indelible_output/10/cleaned_aln/1.fasta, indelible_output/10/cleaned_N0_trees/1.nwk
    output: grasp_results/10/SICML/1, grasp_results/10/SICML/1/GRASP_ancestors.fasta, grasp_results/10/SICML/1/GRASP_ancestors.nwk
    jobid: 56
    wildcards: taxon=10, method=SICML, rep=1

[Tue Mar  2 13:02:18 2021]
Finished job 56.
67 of 135 steps (50%) done
Select jobs to execute...

[Tue Mar  2 13:02:18 2021]
rule run_grasp:
    input: indelible_output/5/cleaned_aln/2.fasta, indelible_output/5/cleaned_N0_trees/2.nwk
    output: grasp_results/5/SICP/2, grasp_results/5/SICP/2/GRASP_ancestors.fasta, grasp_results/5/SICP/2/GRASP_ancestors.nwk
    jobid: 31
    wildcards: taxon=5, method=SICP, rep=2

[Tue Mar  2 13:02:19 2021]
Finished job 31.
68 of 135 steps (50%) done
Select jobs to execute...

[Tue Mar  2 13:02:19 2021]
rule run_fastml:
    input: indelible_output/10/cleaned_aln/1.fasta, indelible_output/10/cleaned_no_internal_trees/1.nwk
    output: fastml_results/10/1/seq.marginal_Chars_ParsimonyIndels.txt, fastml_results/10/1/seq.marginal_IndelAndChars.txt, fastml_results/10/1/tree.newick.txt, fastml_results/10/1
    jobid: 115
    wildcards: taxon=10, rep=1

[Tue Mar  2 13:02:24 2021]
Finished job 115.
69 of 135 steps (51%) done
Select jobs to execute...

[Tue Mar  2 13:02:24 2021]
rule run_grasp:
    input: indelible_output/10/cleaned_aln/1.fasta, indelible_output/10/cleaned_N0_trees/1.nwk
    output: grasp_results/10/SICP/1, grasp_results/10/SICP/1/GRASP_ancestors.fasta, grasp_results/10/SICP/1/GRASP_ancestors.nwk
    jobid: 79
    wildcards: taxon=10, method=SICP, rep=1

[Tue Mar  2 13:02:25 2021]
Finished job 79.
70 of 135 steps (52%) done
Select jobs to execute...

[Tue Mar  2 13:02:25 2021]
rule clean_fastml_parsimony:
    input: fastml_results/10/1/seq.marginal_Chars_ParsimonyIndels.txt, fastml_results/10/1/tree.newick.txt
    output: fastml_results_parsimony/10/concatenated/1/FastML_ancestors.fasta, fastml_results_parsimony/10/cleaned_trees/1/tree.nwk, fastml_results_parsimony/10/cleaned_N0_trees/1/tree.nwk
    jobid: 114
    wildcards: taxon=10, rep=1

[Tue Mar  2 13:02:26 2021]
Finished job 114.
71 of 135 steps (53%) done
Select jobs to execute...

[Tue Mar  2 13:02:26 2021]
rule summarise_indels:
    input: grasp_results/10/SICML/2/GRASP_ancestors.nwk, grasp_results/concatenated/10/SICML/2/GRASP_ancestors.fasta, indelible_output/10/cleaned_N0_trees/2.nwk, indelible_output/10/concatenated/2.fasta, indelible_dicts/10/leaves_2.p, indelible_dicts/10/gaps_2.p
    output: summaries/10/SICML/2.csv
    jobid: 63
    wildcards: taxon=10, method=SICML, rep=2

[Tue Mar  2 13:02:27 2021]
Finished job 63.
72 of 135 steps (53%) done
Select jobs to execute...

[Tue Mar  2 13:02:27 2021]
rule concat_fasta:
    input: indelible_output/5/cleaned_aln/2.fasta, grasp_results/5/PSP/2/GRASP_ancestors.fasta
    output: grasp_results/concatenated/5/PSP/2/GRASP_ancestors.fasta
    jobid: 39
    wildcards: taxon=5, method=PSP, rep=2

[Tue Mar  2 13:02:27 2021]
Finished job 39.
73 of 135 steps (54%) done
Select jobs to execute...

[Tue Mar  2 13:02:27 2021]
rule clean_fastml_ml:
    input: fastml_results/10/1/seq.marginal_IndelAndChars.txt, fastml_results/10/1/tree.newick.txt
    output: fastml_results_ml/10/concatenated/1/FastML_ancestors.fasta, fastml_results_ml/10/cleaned_trees/1/tree.nwk, fastml_results_ml/10/cleaned_N0_trees/1/tree.nwk
    jobid: 126
    wildcards: taxon=10, rep=1

[Tue Mar  2 13:02:29 2021]
Finished job 126.
74 of 135 steps (55%) done
Select jobs to execute...

[Tue Mar  2 13:02:29 2021]
rule get_indelible_dict:
    input: indelible_output/5/concatenated/2.fasta, indelible_output/5/cleaned_N0_trees/2.nwk
    output: indelible_dicts/5/leaves_2.p, indelible_dicts/5/gaps_2.p
    jobid: 18
    wildcards: taxon=5, rep=2

[Tue Mar  2 13:02:30 2021]
Finished job 18.
75 of 135 steps (56%) done
Select jobs to execute...

[Tue Mar  2 13:02:30 2021]
rule concat_fasta:
    input: indelible_output/10/cleaned_aln/1.fasta, grasp_results/10/SICML/1/GRASP_ancestors.fasta
    output: grasp_results/concatenated/10/SICML/1/GRASP_ancestors.fasta
    jobid: 61
    wildcards: taxon=10, method=SICML, rep=1

[Tue Mar  2 13:02:30 2021]
Finished job 61.
76 of 135 steps (56%) done
Select jobs to execute...

[Tue Mar  2 13:02:30 2021]
rule summarise_fastml_parsimony_indels:
    input: fastml_results_parsimony/5/concatenated/2/FastML_ancestors.fasta, fastml_results_parsimony/5/cleaned_N0_trees/2/tree.nwk, indelible_output/5/cleaned_N0_trees/2.nwk, indelible_output/5/concatenated/2.fasta, indelible_dicts/5/leaves_2.p, indelible_dicts/5/gaps_2.p
    output: fastml_parsimony_summaries/5/fastml/2.csv
    jobid: 109
    wildcards: taxon=5, rep=2

[Tue Mar  2 13:02:31 2021]
Finished job 109.
77 of 135 steps (57%) done
Select jobs to execute...

[Tue Mar  2 13:02:31 2021]
rule summarise_indelible:
    input: indelible_output/5/cleaned_N0_trees/2.nwk, indelible_output/5/concatenated/2.fasta, indelible_output/5/cleaned_N0_trees/2.nwk, indelible_output/5/concatenated/2.fasta, indelible_dicts/5/leaves_2.p, indelible_dicts/5/gaps_2.p
    output: indelible_summaries/5/2.csv
    jobid: 131
    wildcards: taxon=5, rep=2

[Tue Mar  2 13:02:32 2021]
Finished job 131.
78 of 135 steps (58%) done
Select jobs to execute...

[Tue Mar  2 13:02:32 2021]
rule concat_indelible_summaries:
    input: indelible_summaries/5/1.csv, indelible_summaries/5/2.csv
    output: concatenated_indelible_summaries/5.csv
    jobid: 129
    wildcards: taxon=5

[Tue Mar  2 13:02:32 2021]
Finished job 129.
79 of 135 steps (59%) done
Select jobs to execute...

[Tue Mar  2 13:02:32 2021]
rule summarise_indels:
    input: grasp_results/5/BEML/2/GRASP_ancestors.nwk, grasp_results/concatenated/5/BEML/2/GRASP_ancestors.fasta, indelible_output/5/cleaned_N0_trees/2.nwk, indelible_output/5/concatenated/2.fasta, indelible_dicts/5/leaves_2.p, indelible_dicts/5/gaps_2.p
    output: summaries/5/BEML/2.csv
    jobid: 44
    wildcards: taxon=5, method=BEML, rep=2

[Tue Mar  2 13:02:33 2021]
Finished job 44.
80 of 135 steps (59%) done
Select jobs to execute...

[Tue Mar  2 13:02:33 2021]
rule concat_fastml_summaries:
    input: fastml_parsimony_summaries/5/fastml/1.csv, fastml_parsimony_summaries/5/fastml/2.csv
    output: concatenated_fastml_parsimony_summaries/5.csv
    jobid: 105
    wildcards: taxon=5

[Tue Mar  2 13:02:33 2021]
Finished job 105.
81 of 135 steps (60%) done
Select jobs to execute...

[Tue Mar  2 13:02:33 2021]
rule run_grasp:
    input: indelible_output/5/cleaned_aln/2.fasta, indelible_output/5/cleaned_N0_trees/2.nwk
    output: grasp_results/5/BEP/2, grasp_results/5/BEP/2/GRASP_ancestors.fasta, grasp_results/5/BEP/2/GRASP_ancestors.nwk
    jobid: 24
    wildcards: taxon=5, method=BEP, rep=2

[Tue Mar  2 13:02:34 2021]
Finished job 24.
82 of 135 steps (61%) done
Select jobs to execute...

[Tue Mar  2 13:02:34 2021]
rule concat_fasta:
    input: indelible_output/5/cleaned_aln/2.fasta, grasp_results/5/BEP/2/GRASP_ancestors.fasta
    output: grasp_results/concatenated/5/BEP/2/GRASP_ancestors.fasta
    jobid: 25
    wildcards: taxon=5, method=BEP, rep=2

[Tue Mar  2 13:02:34 2021]
Finished job 25.
83 of 135 steps (61%) done
Select jobs to execute...

[Tue Mar  2 13:02:34 2021]
rule summarise_indels:
    input: grasp_results/5/BEP/2/GRASP_ancestors.nwk, grasp_results/concatenated/5/BEP/2/GRASP_ancestors.fasta, indelible_output/5/cleaned_N0_trees/2.nwk, indelible_output/5/concatenated/2.fasta, indelible_dicts/5/leaves_2.p, indelible_dicts/5/gaps_2.p
    output: summaries/5/BEP/2.csv
    jobid: 23
    wildcards: taxon=5, method=BEP, rep=2

[Tue Mar  2 13:02:35 2021]
Finished job 23.
84 of 135 steps (62%) done
Select jobs to execute...

[Tue Mar  2 13:02:35 2021]
rule concat_fasta:
    input: indelible_output/5/cleaned_aln/1.fasta, grasp_results/5/SICML/1/GRASP_ancestors.fasta
    output: grasp_results/concatenated/5/SICML/1/GRASP_ancestors.fasta
    jobid: 10
    wildcards: taxon=5, method=SICML, rep=1

[Tue Mar  2 13:02:35 2021]
Finished job 10.
85 of 135 steps (63%) done
Select jobs to execute...

[Tue Mar  2 13:02:35 2021]
rule concat_fasta:
    input: indelible_output/10/cleaned_aln/1.fasta, grasp_results/10/BEP/1/GRASP_ancestors.fasta
    output: grasp_results/concatenated/10/BEP/1/GRASP_ancestors.fasta
    jobid: 73
    wildcards: taxon=10, method=BEP, rep=1

[Tue Mar  2 13:02:35 2021]
Finished job 73.
86 of 135 steps (64%) done
Select jobs to execute...

[Tue Mar  2 13:02:35 2021]
rule summarise_fastml_ml_indels:
    input: fastml_results_ml/5/concatenated/2/FastML_ancestors.fasta, fastml_results_ml/5/cleaned_N0_trees/2/tree.nwk, indelible_output/5/cleaned_N0_trees/2.nwk, indelible_output/5/concatenated/2.fasta, indelible_dicts/5/leaves_2.p, indelible_dicts/5/gaps_2.p
    output: fastml_ml_summaries/5/fastml/2.csv
    jobid: 122
    wildcards: taxon=5, rep=2

[Tue Mar  2 13:02:36 2021]
Finished job 122.
87 of 135 steps (64%) done
Select jobs to execute...

[Tue Mar  2 13:02:36 2021]
rule concat_fastml__ml_summaries:
    input: fastml_ml_summaries/5/fastml/1.csv, fastml_ml_summaries/5/fastml/2.csv
    output: concatenated_fastml_ml_summaries/5.csv
    jobid: 119
    wildcards: taxon=5

[Tue Mar  2 13:02:36 2021]
Finished job 119.
88 of 135 steps (65%) done
Select jobs to execute...

[Tue Mar  2 13:02:36 2021]
rule run_grasp:
    input: indelible_output/5/cleaned_aln/2.fasta, indelible_output/5/cleaned_N0_trees/2.nwk
    output: grasp_results/5/SICML/2, grasp_results/5/SICML/2/GRASP_ancestors.fasta, grasp_results/5/SICML/2/GRASP_ancestors.nwk
    jobid: 13
    wildcards: taxon=5, method=SICML, rep=2

[Tue Mar  2 13:02:37 2021]
Finished job 13.
89 of 135 steps (66%) done
Select jobs to execute...

[Tue Mar  2 13:02:37 2021]
rule concat_fasta:
    input: indelible_output/5/cleaned_aln/2.fasta, grasp_results/5/SICML/2/GRASP_ancestors.fasta
    output: grasp_results/concatenated/5/SICML/2/GRASP_ancestors.fasta
    jobid: 17
    wildcards: taxon=5, method=SICML, rep=2

[Tue Mar  2 13:02:37 2021]
Finished job 17.
90 of 135 steps (67%) done
Select jobs to execute...

[Tue Mar  2 13:02:37 2021]
rule summarise_indels:
    input: grasp_results/5/SICML/2/GRASP_ancestors.nwk, grasp_results/concatenated/5/SICML/2/GRASP_ancestors.fasta, indelible_output/5/cleaned_N0_trees/2.nwk, indelible_output/5/concatenated/2.fasta, indelible_dicts/5/leaves_2.p, indelible_dicts/5/gaps_2.p
    output: summaries/5/SICML/2.csv
    jobid: 12
    wildcards: taxon=5, method=SICML, rep=2

[Tue Mar  2 13:02:38 2021]
Finished job 12.
91 of 135 steps (67%) done
Select jobs to execute...

[Tue Mar  2 13:02:38 2021]
rule summarise_indels:
    input: grasp_results/5/SICML/1/GRASP_ancestors.nwk, grasp_results/concatenated/5/SICML/1/GRASP_ancestors.fasta, indelible_output/5/cleaned_N0_trees/1.nwk, indelible_output/5/concatenated/1.fasta, indelible_dicts/5/leaves_1.p, indelible_dicts/5/gaps_1.p
    output: summaries/5/SICML/1.csv
    jobid: 4
    wildcards: taxon=5, method=SICML, rep=1

[Tue Mar  2 13:02:39 2021]
Finished job 4.
92 of 135 steps (68%) done
Select jobs to execute...

[Tue Mar  2 13:02:39 2021]
rule concat_summaries:
    input: summaries/5/SICML/1.csv, summaries/5/SICML/2.csv
    output: concatenated_summaries/5_SICML.csv
    jobid: 3
    wildcards: taxon=5, method=SICML

[Tue Mar  2 13:02:39 2021]
Finished job 3.
93 of 135 steps (69%) done
Select jobs to execute...

[Tue Mar  2 13:02:39 2021]
rule summarise_indels:
    input: grasp_results/5/PSP/2/GRASP_ancestors.nwk, grasp_results/concatenated/5/PSP/2/GRASP_ancestors.fasta, indelible_output/5/cleaned_N0_trees/2.nwk, indelible_output/5/concatenated/2.fasta, indelible_dicts/5/leaves_2.p, indelible_dicts/5/gaps_2.p
    output: summaries/5/PSP/2.csv
    jobid: 37
    wildcards: taxon=5, method=PSP, rep=2

[Tue Mar  2 13:02:40 2021]
Finished job 37.
94 of 135 steps (70%) done
Select jobs to execute...

[Tue Mar  2 13:02:40 2021]
rule concat_summaries:
    input: summaries/5/PSP/1.csv, summaries/5/PSP/2.csv
    output: concatenated_summaries/5_PSP.csv
    jobid: 33
    wildcards: taxon=5, method=PSP

[Tue Mar  2 13:02:40 2021]
Finished job 33.
95 of 135 steps (70%) done
Select jobs to execute...

[Tue Mar  2 13:02:40 2021]
rule concat_fasta:
    input: indelible_output/10/cleaned_aln/1.fasta, grasp_results/10/SICP/1/GRASP_ancestors.fasta
    output: grasp_results/concatenated/10/SICP/1/GRASP_ancestors.fasta
    jobid: 80
    wildcards: taxon=10, method=SICP, rep=1

[Tue Mar  2 13:02:40 2021]
Finished job 80.
96 of 135 steps (71%) done
Select jobs to execute...

[Tue Mar  2 13:02:40 2021]
rule concat_fasta:
    input: indelible_output/5/cleaned_aln/2.fasta, grasp_results/5/SICP/2/GRASP_ancestors.fasta
    output: grasp_results/concatenated/5/SICP/2/GRASP_ancestors.fasta
    jobid: 32
    wildcards: taxon=5, method=SICP, rep=2

[Tue Mar  2 13:02:40 2021]
Finished job 32.
97 of 135 steps (72%) done
Select jobs to execute...

[Tue Mar  2 13:02:40 2021]
rule summarise_indels:
    input: grasp_results/5/SICP/2/GRASP_ancestors.nwk, grasp_results/concatenated/5/SICP/2/GRASP_ancestors.fasta, indelible_output/5/cleaned_N0_trees/2.nwk, indelible_output/5/concatenated/2.fasta, indelible_dicts/5/leaves_2.p, indelible_dicts/5/gaps_2.p
    output: summaries/5/SICP/2.csv
    jobid: 30
    wildcards: taxon=5, method=SICP, rep=2

[Tue Mar  2 13:02:41 2021]
Finished job 30.
98 of 135 steps (73%) done
Select jobs to execute...

[Tue Mar  2 13:02:41 2021]
rule concat_summaries:
    input: summaries/5/SICP/1.csv, summaries/5/SICP/2.csv
    output: concatenated_summaries/5_SICP.csv
    jobid: 26
    wildcards: taxon=5, method=SICP

[Tue Mar  2 13:02:41 2021]
Finished job 26.
99 of 135 steps (73%) done
Select jobs to execute...

[Tue Mar  2 13:02:42 2021]
rule run_grasp:
    input: indelible_output/5/cleaned_aln/2.fasta, indelible_output/5/cleaned_N0_trees/2.nwk
    output: grasp_results/5/PSML/2, grasp_results/5/PSML/2/GRASP_ancestors.fasta, grasp_results/5/PSML/2/GRASP_ancestors.nwk
    jobid: 52
    wildcards: taxon=5, method=PSML, rep=2

[Tue Mar  2 13:02:42 2021]
Finished job 52.
100 of 135 steps (74%) done
Select jobs to execute...

[Tue Mar  2 13:02:42 2021]
rule concat_fasta:
    input: indelible_output/5/cleaned_aln/2.fasta, grasp_results/5/PSML/2/GRASP_ancestors.fasta
    output: grasp_results/concatenated/5/PSML/2/GRASP_ancestors.fasta
    jobid: 53
    wildcards: taxon=5, method=PSML, rep=2

[Tue Mar  2 13:02:42 2021]
Finished job 53.
101 of 135 steps (75%) done
Select jobs to execute...

[Tue Mar  2 13:02:42 2021]
rule summarise_indels:
    input: grasp_results/5/PSML/2/GRASP_ancestors.nwk, grasp_results/concatenated/5/PSML/2/GRASP_ancestors.fasta, indelible_output/5/cleaned_N0_trees/2.nwk, indelible_output/5/concatenated/2.fasta, indelible_dicts/5/leaves_2.p, indelible_dicts/5/gaps_2.p
    output: summaries/5/PSML/2.csv
    jobid: 51
    wildcards: taxon=5, method=PSML, rep=2

[Tue Mar  2 13:02:43 2021]
Finished job 51.
102 of 135 steps (76%) done
Select jobs to execute...

[Tue Mar  2 13:02:43 2021]
rule run_grasp:
    input: indelible_output/10/cleaned_aln/1.fasta, indelible_output/10/cleaned_N0_trees/1.nwk
    output: grasp_results/10/PSP/1, grasp_results/10/PSP/1/GRASP_ancestors.fasta, grasp_results/10/PSP/1/GRASP_ancestors.nwk
    jobid: 86
    wildcards: taxon=10, method=PSP, rep=1

[Tue Mar  2 13:02:44 2021]
Finished job 86.
103 of 135 steps (76%) done
Select jobs to execute...

[Tue Mar  2 13:02:44 2021]
rule concat_fasta:
    input: indelible_output/10/cleaned_aln/1.fasta, grasp_results/10/PSP/1/GRASP_ancestors.fasta
    output: grasp_results/concatenated/10/PSP/1/GRASP_ancestors.fasta
    jobid: 87
    wildcards: taxon=10, method=PSP, rep=1

[Tue Mar  2 13:02:44 2021]
Finished job 87.
104 of 135 steps (77%) done
Select jobs to execute...

[Tue Mar  2 13:02:44 2021]
rule summarise_indels:
    input: grasp_results/5/BEP/1/GRASP_ancestors.nwk, grasp_results/concatenated/5/BEP/1/GRASP_ancestors.fasta, indelible_output/5/cleaned_N0_trees/1.nwk, indelible_output/5/concatenated/1.fasta, indelible_dicts/5/leaves_1.p, indelible_dicts/5/gaps_1.p
    output: summaries/5/BEP/1.csv
    jobid: 20
    wildcards: taxon=5, method=BEP, rep=1

[Tue Mar  2 13:02:45 2021]
Finished job 20.
105 of 135 steps (78%) done
Select jobs to execute...

[Tue Mar  2 13:02:45 2021]
rule concat_fasta:
    input: indelible_output/5/cleaned_aln/1.fasta, grasp_results/5/BEML/1/GRASP_ancestors.fasta
    output: grasp_results/concatenated/5/BEML/1/GRASP_ancestors.fasta
    jobid: 43
    wildcards: taxon=5, method=BEML, rep=1

[Tue Mar  2 13:02:45 2021]
Finished job 43.
106 of 135 steps (79%) done
Select jobs to execute...

[Tue Mar  2 13:02:45 2021]
rule summarise_indels:
    input: grasp_results/5/BEML/1/GRASP_ancestors.nwk, grasp_results/concatenated/5/BEML/1/GRASP_ancestors.fasta, indelible_output/5/cleaned_N0_trees/1.nwk, indelible_output/5/concatenated/1.fasta, indelible_dicts/5/leaves_1.p, indelible_dicts/5/gaps_1.p
    output: summaries/5/BEML/1.csv
    jobid: 41
    wildcards: taxon=5, method=BEML, rep=1

[Tue Mar  2 13:02:46 2021]
Finished job 41.
107 of 135 steps (79%) done
Select jobs to execute...

[Tue Mar  2 13:02:46 2021]
rule concat_summaries:
    input: summaries/5/BEML/1.csv, summaries/5/BEML/2.csv
    output: concatenated_summaries/5_BEML.csv
    jobid: 40
    wildcards: taxon=5, method=BEML

[Tue Mar  2 13:02:46 2021]
Finished job 40.
108 of 135 steps (80%) done
Select jobs to execute...

[Tue Mar  2 13:02:46 2021]
rule run_grasp:
    input: indelible_output/5/cleaned_aln/1.fasta, indelible_output/5/cleaned_N0_trees/1.nwk
    output: grasp_results/5/PSML/1, grasp_results/5/PSML/1/GRASP_ancestors.fasta, grasp_results/5/PSML/1/GRASP_ancestors.nwk
    jobid: 49
    wildcards: taxon=5, method=PSML, rep=1

[Tue Mar  2 13:02:47 2021]
Finished job 49.
109 of 135 steps (81%) done
Select jobs to execute...

[Tue Mar  2 13:02:47 2021]
rule get_indelible_dict:
    input: indelible_output/10/concatenated/1.fasta, indelible_output/10/cleaned_N0_trees/1.nwk
    output: indelible_dicts/10/leaves_1.p, indelible_dicts/10/gaps_1.p
    jobid: 62
    wildcards: taxon=10, rep=1

[Tue Mar  2 13:02:48 2021]
Finished job 62.
110 of 135 steps (81%) done
Select jobs to execute...

[Tue Mar  2 13:02:48 2021]
rule summarise_fastml_parsimony_indels:
    input: fastml_results_parsimony/10/concatenated/1/FastML_ancestors.fasta, fastml_results_parsimony/10/cleaned_N0_trees/1/tree.nwk, indelible_output/10/cleaned_N0_trees/1.nwk, indelible_output/10/concatenated/1.fasta, indelible_dicts/10/leaves_1.p, indelible_dicts/10/gaps_1.p
    output: fastml_parsimony_summaries/10/fastml/1.csv
    jobid: 113
    wildcards: taxon=10, rep=1

[Tue Mar  2 13:02:49 2021]
Finished job 113.
111 of 135 steps (82%) done
Select jobs to execute...

[Tue Mar  2 13:02:49 2021]
rule summarise_indelible:
    input: indelible_output/10/cleaned_N0_trees/1.nwk, indelible_output/10/concatenated/1.fasta, indelible_output/10/cleaned_N0_trees/1.nwk, indelible_output/10/concatenated/1.fasta, indelible_dicts/10/leaves_1.p, indelible_dicts/10/gaps_1.p
    output: indelible_summaries/10/1.csv
    jobid: 133
    wildcards: taxon=10, rep=1

[Tue Mar  2 13:02:50 2021]
Finished job 133.
112 of 135 steps (83%) done
Select jobs to execute...

[Tue Mar  2 13:02:50 2021]
rule summarise_indels:
    input: grasp_results/10/BEML/1/GRASP_ancestors.nwk, grasp_results/concatenated/10/BEML/1/GRASP_ancestors.fasta, indelible_output/10/cleaned_N0_trees/1.nwk, indelible_output/10/concatenated/1.fasta, indelible_dicts/10/leaves_1.p, indelible_dicts/10/gaps_1.p
    output: summaries/10/BEML/1.csv
    jobid: 92
    wildcards: taxon=10, method=BEML, rep=1

[Tue Mar  2 13:02:50 2021]
Finished job 92.
113 of 135 steps (84%) done
Select jobs to execute...

[Tue Mar  2 13:02:51 2021]
rule summarise_indels:
    input: grasp_results/10/PSP/1/GRASP_ancestors.nwk, grasp_results/concatenated/10/PSP/1/GRASP_ancestors.fasta, indelible_output/10/cleaned_N0_trees/1.nwk, indelible_output/10/concatenated/1.fasta, indelible_dicts/10/leaves_1.p, indelible_dicts/10/gaps_1.p
    output: summaries/10/PSP/1.csv
    jobid: 85
    wildcards: taxon=10, method=PSP, rep=1

[Tue Mar  2 13:02:52 2021]
Finished job 85.
114 of 135 steps (84%) done
Select jobs to execute...

[Tue Mar  2 13:02:52 2021]
rule summarise_indels:
    input: grasp_results/10/SICP/1/GRASP_ancestors.nwk, grasp_results/concatenated/10/SICP/1/GRASP_ancestors.fasta, indelible_output/10/cleaned_N0_trees/1.nwk, indelible_output/10/concatenated/1.fasta, indelible_dicts/10/leaves_1.p, indelible_dicts/10/gaps_1.p
    output: summaries/10/SICP/1.csv
    jobid: 78
    wildcards: taxon=10, method=SICP, rep=1

[Tue Mar  2 13:02:53 2021]
Finished job 78.
115 of 135 steps (85%) done
Select jobs to execute...

[Tue Mar  2 13:02:53 2021]
rule summarise_indels:
    input: grasp_results/10/BEP/1/GRASP_ancestors.nwk, grasp_results/concatenated/10/BEP/1/GRASP_ancestors.fasta, indelible_output/10/cleaned_N0_trees/1.nwk, indelible_output/10/concatenated/1.fasta, indelible_dicts/10/leaves_1.p, indelible_dicts/10/gaps_1.p
    output: summaries/10/BEP/1.csv
    jobid: 71
    wildcards: taxon=10, method=BEP, rep=1

[Tue Mar  2 13:02:54 2021]
Finished job 71.
116 of 135 steps (86%) done
Select jobs to execute...

[Tue Mar  2 13:02:54 2021]
rule concat_fasta:
    input: indelible_output/5/cleaned_aln/1.fasta, grasp_results/5/PSML/1/GRASP_ancestors.fasta
    output: grasp_results/concatenated/5/PSML/1/GRASP_ancestors.fasta
    jobid: 50
    wildcards: taxon=5, method=PSML, rep=1

[Tue Mar  2 13:02:54 2021]
Finished job 50.
117 of 135 steps (87%) done
Select jobs to execute...

[Tue Mar  2 13:02:54 2021]
rule concat_fastml_summaries:
    input: fastml_parsimony_summaries/10/fastml/1.csv, fastml_parsimony_summaries/10/fastml/2.csv
    output: concatenated_fastml_parsimony_summaries/10.csv
    jobid: 112
    wildcards: taxon=10

[Tue Mar  2 13:02:54 2021]
Finished job 112.
118 of 135 steps (87%) done
Select jobs to execute...

[Tue Mar  2 13:02:54 2021]
rule summarise_indels:
    input: grasp_results/5/PSML/1/GRASP_ancestors.nwk, grasp_results/concatenated/5/PSML/1/GRASP_ancestors.fasta, indelible_output/5/cleaned_N0_trees/1.nwk, indelible_output/5/concatenated/1.fasta, indelible_dicts/5/leaves_1.p, indelible_dicts/5/gaps_1.p
    output: summaries/5/PSML/1.csv
    jobid: 48
    wildcards: taxon=5, method=PSML, rep=1

[Tue Mar  2 13:02:55 2021]
Finished job 48.
119 of 135 steps (88%) done
Select jobs to execute...

[Tue Mar  2 13:02:55 2021]
rule concat_summaries:
    input: summaries/5/PSML/1.csv, summaries/5/PSML/2.csv
    output: concatenated_summaries/5_PSML.csv
    jobid: 47
    wildcards: taxon=5, method=PSML

[Tue Mar  2 13:02:55 2021]
Finished job 47.
120 of 135 steps (89%) done
Select jobs to execute...

[Tue Mar  2 13:02:55 2021]
rule concat_summaries:
    input: summaries/10/BEP/1.csv, summaries/10/BEP/2.csv
    output: concatenated_summaries/10_BEP.csv
    jobid: 70
    wildcards: taxon=10, method=BEP

[Tue Mar  2 13:02:55 2021]
Finished job 70.
121 of 135 steps (90%) done
Select jobs to execute...

[Tue Mar  2 13:02:55 2021]
rule concat_summaries:
    input: summaries/10/PSP/1.csv, summaries/10/PSP/2.csv
    output: concatenated_summaries/10_PSP.csv
    jobid: 84
    wildcards: taxon=10, method=PSP

[Tue Mar  2 13:02:55 2021]
Finished job 84.
122 of 135 steps (90%) done
Select jobs to execute...

[Tue Mar  2 13:02:55 2021]
rule summarise_indels:
    input: grasp_results/10/PSML/1/GRASP_ancestors.nwk, grasp_results/concatenated/10/PSML/1/GRASP_ancestors.fasta, indelible_output/10/cleaned_N0_trees/1.nwk, indelible_output/10/concatenated/1.fasta, indelible_dicts/10/leaves_1.p, indelible_dicts/10/gaps_1.p
    output: summaries/10/PSML/1.csv
    jobid: 99
    wildcards: taxon=10, method=PSML, rep=1

[Tue Mar  2 13:02:56 2021]
Finished job 99.
123 of 135 steps (91%) done
Select jobs to execute...

[Tue Mar  2 13:02:56 2021]
rule concat_summaries:
    input: summaries/10/PSML/1.csv, summaries/10/PSML/2.csv
    output: concatenated_summaries/10_PSML.csv
    jobid: 98
    wildcards: taxon=10, method=PSML

[Tue Mar  2 13:02:56 2021]
Finished job 98.
124 of 135 steps (92%) done
Select jobs to execute...

[Tue Mar  2 13:02:56 2021]
rule concat_summaries:
    input: summaries/5/BEP/1.csv, summaries/5/BEP/2.csv
    output: concatenated_summaries/5_BEP.csv
    jobid: 19
    wildcards: taxon=5, method=BEP

[Tue Mar  2 13:02:56 2021]
Finished job 19.
125 of 135 steps (93%) done
Select jobs to execute...

[Tue Mar  2 13:02:56 2021]
rule concat_summaries:
    input: summaries/10/BEML/1.csv, summaries/10/BEML/2.csv
    output: concatenated_summaries/10_BEML.csv
    jobid: 91
    wildcards: taxon=10, method=BEML

[Tue Mar  2 13:02:56 2021]
Finished job 91.
126 of 135 steps (93%) done
Select jobs to execute...

[Tue Mar  2 13:02:56 2021]
rule concat_indelible_summaries:
    input: indelible_summaries/10/1.csv, indelible_summaries/10/2.csv
    output: concatenated_indelible_summaries/10.csv
    jobid: 132
    wildcards: taxon=10

[Tue Mar  2 13:02:56 2021]
Finished job 132.
127 of 135 steps (94%) done
Select jobs to execute...

[Tue Mar  2 13:02:56 2021]
rule summarise_indels:
    input: grasp_results/10/SICML/1/GRASP_ancestors.nwk, grasp_results/concatenated/10/SICML/1/GRASP_ancestors.fasta, indelible_output/10/cleaned_N0_trees/1.nwk, indelible_output/10/concatenated/1.fasta, indelible_dicts/10/leaves_1.p, indelible_dicts/10/gaps_1.p
    output: summaries/10/SICML/1.csv
    jobid: 55
    wildcards: taxon=10, method=SICML, rep=1

[Tue Mar  2 13:02:58 2021]
Finished job 55.
128 of 135 steps (95%) done
Select jobs to execute...

[Tue Mar  2 13:02:58 2021]
rule concat_summaries:
    input: summaries/10/SICML/1.csv, summaries/10/SICML/2.csv
    output: concatenated_summaries/10_SICML.csv
    jobid: 54
    wildcards: taxon=10, method=SICML

[Tue Mar  2 13:02:58 2021]
Finished job 54.
129 of 135 steps (96%) done
Select jobs to execute...

[Tue Mar  2 13:02:58 2021]
rule concat_summaries:
    input: summaries/10/SICP/1.csv, summaries/10/SICP/2.csv
    output: concatenated_summaries/10_SICP.csv
    jobid: 77
    wildcards: taxon=10, method=SICP

[Tue Mar  2 13:02:58 2021]
Finished job 77.
130 of 135 steps (96%) done
Select jobs to execute...

[Tue Mar  2 13:02:58 2021]
rule summarise_fastml_ml_indels:
    input: fastml_results_ml/10/concatenated/1/FastML_ancestors.fasta, fastml_results_ml/10/cleaned_N0_trees/1/tree.nwk, indelible_output/10/cleaned_N0_trees/1.nwk, indelible_output/10/concatenated/1.fasta, indelible_dicts/10/leaves_1.p, indelible_dicts/10/gaps_1.p
    output: fastml_ml_summaries/10/fastml/1.csv
    jobid: 125
    wildcards: taxon=10, rep=1

[Tue Mar  2 13:02:59 2021]
Finished job 125.
131 of 135 steps (97%) done
Select jobs to execute...

[Tue Mar  2 13:02:59 2021]
rule concat_fastml__ml_summaries:
    input: fastml_ml_summaries/10/fastml/1.csv, fastml_ml_summaries/10/fastml/2.csv
    output: concatenated_fastml_ml_summaries/10.csv
    jobid: 124
    wildcards: taxon=10

[Tue Mar  2 13:02:59 2021]
Finished job 124.
132 of 135 steps (98%) done
Select jobs to execute...

[Tue Mar  2 13:02:59 2021]
rule generate_output_dict:
    input: concatenated_summaries/5_SICML.csv, concatenated_summaries/5_BEP.csv, concatenated_summaries/5_SICP.csv, concatenated_summaries/5_PSP.csv, concatenated_summaries/5_BEML.csv, concatenated_summaries/5_PSML.csv, concatenated_summaries/10_SICML.csv, concatenated_summaries/10_BEP.csv, concatenated_summaries/10_SICP.csv, concatenated_summaries/10_PSP.csv, concatenated_summaries/10_BEML.csv, concatenated_summaries/10_PSML.csv, concatenated_fastml_parsimony_summaries/5.csv, concatenated_fastml_parsimony_summaries/10.csv, concatenated_fastml_ml_summaries/5.csv, concatenated_fastml_ml_summaries/10.csv, concatenated_indelible_summaries/5.csv, concatenated_indelible_summaries/10.csv
    output: output_dicts/output.p
    jobid: 2

[Tue Mar  2 13:03:01 2021]
Error in rule generate_output_dict:
    jobid: 2
    output: output_dicts/output.p

RuleException:
CalledProcessError in line 257 of /Users/gabefoley/Dropbox/PhD/20210121_Indel_Evaluation_Project/Indel_Evaluation_Snakemake/Snakefile:
Command 'set -euo pipefail;  /Users/gabefoley/miniconda3_latest/envs/indel_snakemake/bin/python3.9 /Users/gabefoley/Dropbox/PhD/20210121_Indel_Evaluation_Project/Indel_Evaluation_Snakemake/.snakemake/scripts/tmpyw_nmmlf.generate_output_dict.py' returned non-zero exit status 1.
  File "/Users/gabefoley/miniconda3_latest/envs/indel_snakemake/lib/python3.9/site-packages/snakemake/executors/__init__.py", line 2319, in run_wrapper
  File "/Users/gabefoley/Dropbox/PhD/20210121_Indel_Evaluation_Project/Indel_Evaluation_Snakemake/Snakefile", line 257, in __rule_generate_output_dict
  File "/Users/gabefoley/miniconda3_latest/envs/indel_snakemake/lib/python3.9/site-packages/snakemake/executors/__init__.py", line 568, in _callback
  File "/Users/gabefoley/miniconda3_latest/envs/indel_snakemake/lib/python3.9/concurrent/futures/thread.py", line 52, in run
  File "/Users/gabefoley/miniconda3_latest/envs/indel_snakemake/lib/python3.9/site-packages/snakemake/executors/__init__.py", line 554, in cached_or_run
  File "/Users/gabefoley/miniconda3_latest/envs/indel_snakemake/lib/python3.9/site-packages/snakemake/executors/__init__.py", line 2350, in run_wrapper
Shutting down, this might take some time.
Exiting because a job execution failed. Look above for error message
Complete log: /Users/gabefoley/Dropbox/PhD/20210121_Indel_Evaluation_Project/Indel_Evaluation_Snakemake/.snakemake/log/2021-03-02T130117.740721.snakemake.log
