Building DAG of jobs...
Using shell: /bin/bash
Provided cores: 1 (use --cores to define parallelism)
Rules claiming more threads will be scaled down.
Job counts:
	count	jobs
	2	clean_fastml
	2	clean_indelible
	1	compile_latex
	6	concat_fasta
	1	concat_fastml_summaries
	2	concat_indelible
	1	concat_indelible_summaries
	3	concat_summaries
	1	generate_latex
	1	generate_output_dict
	2	get_indelible_dict
	2	run_fastml
	6	run_grasp
	2	summarise_fastml_indels
	2	summarise_indelible
	6	summarise_indels
	40
Select jobs to execute...

[Tue Feb  2 12:57:36 2021]
rule concat_indelible:
    input: indelible_output/5/5_TRUE_3.fasta, indelible_output/5/5_ANCESTRAL_3.fasta
    output: indelible_output/5/concatenated/5_3.fasta
    jobid: 23
    wildcards: taxon=5, rep=3

[Tue Feb  2 12:57:36 2021]
Finished job 23.
1 of 40 steps (2%) done
Select jobs to execute...

[Tue Feb  2 12:57:36 2021]
rule clean_indelible:
    input: indelible_output/5/N0_trees/3.nwk, indelible_output/5/concatenated/5_3.fasta
    output: indelible_output/5/cleaned_aln/3.fasta, indelible_output/5/concatenated/3.fasta, indelible_output/5/cleaned_trees/3.nwk, indelible_output/5/cleaned_N0_trees/3.nwk, indelible_output/5/cleaned_no_internal_trees/3.nwk
    jobid: 21
    wildcards: taxon=5, rep=3

[Tue Feb  2 12:57:38 2021]
Finished job 21.
2 of 40 steps (5%) done
Select jobs to execute...

[Tue Feb  2 12:57:38 2021]
rule get_indelible_dict:
    input: indelible_output/5/concatenated/3.fasta, indelible_output/5/cleaned_N0_trees/3.nwk
    output: indelible_dicts/5/leaves_3.p, indelible_dicts/5/gaps_3.p
    jobid: 25
    wildcards: taxon=5, rep=3

[Tue Feb  2 12:57:39 2021]
Finished job 25.
3 of 40 steps (8%) done
Select jobs to execute...

[Tue Feb  2 12:57:39 2021]
rule summarise_indelible:
    input: indelible_output/5/cleaned_N0_trees/3.nwk, indelible_output/5/concatenated/3.fasta, indelible_output/5/cleaned_N0_trees/3.nwk, indelible_output/5/concatenated/3.fasta, indelible_dicts/5/leaves_3.p, indelible_dicts/5/gaps_3.p
    output: indelible_summaries/5/3.csv
    jobid: 59
    wildcards: taxon=5, rep=3

[Tue Feb  2 12:57:40 2021]
Finished job 59.
4 of 40 steps (10%) done
Select jobs to execute...

[Tue Feb  2 12:57:40 2021]
rule concat_indelible:
    input: indelible_output/5/5_TRUE_1.fasta, indelible_output/5/5_ANCESTRAL_1.fasta
    output: indelible_output/5/concatenated/5_1.fasta
    jobid: 9
    wildcards: taxon=5, rep=1

[Tue Feb  2 12:57:40 2021]
Finished job 9.
5 of 40 steps (12%) done
Select jobs to execute...

[Tue Feb  2 12:57:40 2021]
rule run_grasp:
    input: indelible_output/5/cleaned_aln/3.fasta, indelible_output/5/cleaned_N0_trees/3.nwk
    output: grasp_results/5/BEP/3, grasp_results/5/BEP/3/GRASP_ancestors.fasta, grasp_results/5/BEP/3/tree.nwk
    jobid: 20
    wildcards: taxon=5, method=BEP, rep=3

[Tue Feb  2 12:57:41 2021]
Finished job 20.
6 of 40 steps (15%) done
Select jobs to execute...

[Tue Feb  2 12:57:41 2021]
rule run_grasp:
    input: indelible_output/5/cleaned_aln/3.fasta, indelible_output/5/cleaned_N0_trees/3.nwk
    output: grasp_results/5/SICML/3, grasp_results/5/SICML/3/GRASP_ancestors.fasta, grasp_results/5/SICML/3/tree.nwk
    jobid: 44
    wildcards: taxon=5, method=SICML, rep=3

[Tue Feb  2 12:57:42 2021]
Finished job 44.
7 of 40 steps (18%) done
Select jobs to execute...

[Tue Feb  2 12:57:42 2021]
rule run_fastml:
    input: indelible_output/5/cleaned_aln/3.fasta, indelible_output/5/cleaned_no_internal_trees/3.nwk
    output: fastml_results/5/3/seq.joint.txt, fastml_results/5/3/tree.newick.txt, fastml_results/5/3
    jobid: 55
    wildcards: taxon=5, rep=3

[Tue Feb  2 12:57:44 2021]
Finished job 55.
8 of 40 steps (20%) done
Select jobs to execute...

[Tue Feb  2 12:57:44 2021]
rule concat_fasta:
    input: indelible_output/5/cleaned_aln/3.fasta, grasp_results/5/BEP/3/GRASP_ancestors.fasta
    output: grasp_results/concatenated/5/BEP/3/GRASP_ancestors.fasta
    jobid: 24
    wildcards: taxon=5, method=BEP, rep=3

[Tue Feb  2 12:57:44 2021]
Finished job 24.
9 of 40 steps (22%) done
Select jobs to execute...

[Tue Feb  2 12:57:44 2021]
rule clean_fastml:
    input: fastml_results/5/3/seq.joint.txt, fastml_results/5/3/tree.newick.txt
    output: fastml_results/5/concatenated/3/FastML_ancestors.fasta, fastml_results/5/cleaned_N0_trees/3/tree.nwk
    jobid: 54
    wildcards: taxon=5, rep=3

[Tue Feb  2 12:57:46 2021]
Finished job 54.
10 of 40 steps (25%) done
Select jobs to execute...

[Tue Feb  2 12:57:46 2021]
rule summarise_fastml_indels:
    input: fastml_results/5/concatenated/3/FastML_ancestors.fasta, fastml_results/5/cleaned_N0_trees/3/tree.nwk, indelible_output/5/cleaned_N0_trees/3.nwk, indelible_output/5/concatenated/3.fasta, indelible_dicts/5/leaves_3.p, indelible_dicts/5/gaps_3.p
    output: fastml_summaries/5/fastml/3.csv
    jobid: 53
    wildcards: taxon=5, rep=3

[Tue Feb  2 12:57:47 2021]
Finished job 53.
11 of 40 steps (28%) done
Select jobs to execute...

[Tue Feb  2 12:57:47 2021]
rule clean_indelible:
    input: indelible_output/5/N0_trees/1.nwk, indelible_output/5/concatenated/5_1.fasta
    output: indelible_output/5/cleaned_aln/1.fasta, indelible_output/5/concatenated/1.fasta, indelible_output/5/cleaned_trees/1.nwk, indelible_output/5/cleaned_N0_trees/1.nwk, indelible_output/5/cleaned_no_internal_trees/1.nwk
    jobid: 6
    wildcards: taxon=5, rep=1

[Tue Feb  2 12:57:49 2021]
Finished job 6.
12 of 40 steps (30%) done
Select jobs to execute...

[Tue Feb  2 12:57:49 2021]
rule run_fastml:
    input: indelible_output/5/cleaned_aln/1.fasta, indelible_output/5/cleaned_no_internal_trees/1.nwk
    output: fastml_results/5/1/seq.joint.txt, fastml_results/5/1/tree.newick.txt, fastml_results/5/1
    jobid: 49
    wildcards: taxon=5, rep=1

[Tue Feb  2 12:57:52 2021]
Finished job 49.
13 of 40 steps (32%) done
Select jobs to execute...

[Tue Feb  2 12:57:53 2021]
rule clean_fastml:
    input: fastml_results/5/1/seq.joint.txt, fastml_results/5/1/tree.newick.txt
    output: fastml_results/5/concatenated/1/FastML_ancestors.fasta, fastml_results/5/cleaned_N0_trees/1/tree.nwk
    jobid: 48
    wildcards: taxon=5, rep=1

[Tue Feb  2 12:57:54 2021]
Finished job 48.
14 of 40 steps (35%) done
Select jobs to execute...

[Tue Feb  2 12:57:54 2021]
rule run_grasp:
    input: indelible_output/5/cleaned_aln/1.fasta, indelible_output/5/cleaned_N0_trees/1.nwk
    output: grasp_results/5/SICML/1, grasp_results/5/SICML/1/GRASP_ancestors.fasta, grasp_results/5/SICML/1/tree.nwk
    jobid: 38
    wildcards: taxon=5, method=SICML, rep=1

[Tue Feb  2 12:57:55 2021]
Finished job 38.
15 of 40 steps (38%) done
Select jobs to execute...

[Tue Feb  2 12:57:55 2021]
rule get_indelible_dict:
    input: indelible_output/5/concatenated/1.fasta, indelible_output/5/cleaned_N0_trees/1.nwk
    output: indelible_dicts/5/leaves_1.p, indelible_dicts/5/gaps_1.p
    jobid: 11
    wildcards: taxon=5, rep=1

[Tue Feb  2 12:57:57 2021]
Finished job 11.
16 of 40 steps (40%) done
Select jobs to execute...

[Tue Feb  2 12:57:57 2021]
rule summarise_indelible:
    input: indelible_output/5/cleaned_N0_trees/1.nwk, indelible_output/5/concatenated/1.fasta, indelible_output/5/cleaned_N0_trees/1.nwk, indelible_output/5/concatenated/1.fasta, indelible_dicts/5/leaves_1.p, indelible_dicts/5/gaps_1.p
    output: indelible_summaries/5/1.csv
    jobid: 57
    wildcards: taxon=5, rep=1

[Tue Feb  2 12:57:58 2021]
Finished job 57.
17 of 40 steps (42%) done
Select jobs to execute...

[Tue Feb  2 12:57:58 2021]
rule concat_indelible_summaries:
    input: indelible_summaries/5/1.csv, indelible_summaries/5/2.csv, indelible_summaries/5/3.csv
    output: concatenated_indelible_summaries/5.csv
    jobid: 56
    wildcards: taxon=5

[Tue Feb  2 12:57:58 2021]
Finished job 56.
18 of 40 steps (45%) done
Select jobs to execute...

[Tue Feb  2 12:57:58 2021]
rule run_grasp:
    input: indelible_output/5/cleaned_aln/1.fasta, indelible_output/5/cleaned_N0_trees/1.nwk
    output: grasp_results/5/BEP/1, grasp_results/5/BEP/1/GRASP_ancestors.fasta, grasp_results/5/BEP/1/tree.nwk
    jobid: 5
    wildcards: taxon=5, method=BEP, rep=1

[Tue Feb  2 12:57:59 2021]
Finished job 5.
19 of 40 steps (48%) done
Select jobs to execute...

[Tue Feb  2 12:57:59 2021]
rule concat_fasta:
    input: indelible_output/5/cleaned_aln/1.fasta, grasp_results/5/BEP/1/GRASP_ancestors.fasta
    output: grasp_results/concatenated/5/BEP/1/GRASP_ancestors.fasta
    jobid: 10
    wildcards: taxon=5, method=BEP, rep=1

[Tue Feb  2 12:57:59 2021]
Finished job 10.
20 of 40 steps (50%) done
Select jobs to execute...

[Tue Feb  2 12:57:59 2021]
rule summarise_indels:
    input: grasp_results/5/BEP/1/tree.nwk, grasp_results/concatenated/5/BEP/1/GRASP_ancestors.fasta, indelible_output/5/cleaned_N0_trees/1.nwk, indelible_output/5/concatenated/1.fasta, indelible_dicts/5/leaves_1.p, indelible_dicts/5/gaps_1.p
    output: summaries/5/BEP/1.csv
    jobid: 4
    wildcards: taxon=5, method=BEP, rep=1

[Tue Feb  2 12:58:00 2021]
Finished job 4.
21 of 40 steps (52%) done
Select jobs to execute...

[Tue Feb  2 12:58:01 2021]
rule summarise_fastml_indels:
    input: fastml_results/5/concatenated/1/FastML_ancestors.fasta, fastml_results/5/cleaned_N0_trees/1/tree.nwk, indelible_output/5/cleaned_N0_trees/1.nwk, indelible_output/5/concatenated/1.fasta, indelible_dicts/5/leaves_1.p, indelible_dicts/5/gaps_1.p
    output: fastml_summaries/5/fastml/1.csv
    jobid: 47
    wildcards: taxon=5, rep=1

[Tue Feb  2 12:58:02 2021]
Finished job 47.
22 of 40 steps (55%) done
Select jobs to execute...

[Tue Feb  2 12:58:02 2021]
rule concat_fastml_summaries:
    input: fastml_summaries/5/fastml/1.csv, fastml_summaries/5/fastml/2.csv, fastml_summaries/5/fastml/3.csv
    output: concatenated_fastml_summaries/5.csv
    jobid: 46
    wildcards: taxon=5

[Tue Feb  2 12:58:02 2021]
Finished job 46.
23 of 40 steps (57%) done
Select jobs to execute...

[Tue Feb  2 12:58:02 2021]
rule concat_fasta:
    input: indelible_output/5/cleaned_aln/1.fasta, grasp_results/5/SICML/1/GRASP_ancestors.fasta
    output: grasp_results/concatenated/5/SICML/1/GRASP_ancestors.fasta
    jobid: 39
    wildcards: taxon=5, method=SICML, rep=1

[Tue Feb  2 12:58:02 2021]
Finished job 39.
24 of 40 steps (60%) done
Select jobs to execute...

[Tue Feb  2 12:58:02 2021]
rule summarise_indels:
    input: grasp_results/5/SICML/1/tree.nwk, grasp_results/concatenated/5/SICML/1/GRASP_ancestors.fasta, indelible_output/5/cleaned_N0_trees/1.nwk, indelible_output/5/concatenated/1.fasta, indelible_dicts/5/leaves_1.p, indelible_dicts/5/gaps_1.p
    output: summaries/5/SICML/1.csv
    jobid: 37
    wildcards: taxon=5, method=SICML, rep=1

[Tue Feb  2 12:58:03 2021]
Finished job 37.
25 of 40 steps (62%) done
Select jobs to execute...

[Tue Feb  2 12:58:03 2021]
rule run_grasp:
    input: indelible_output/5/cleaned_aln/3.fasta, indelible_output/5/cleaned_N0_trees/3.nwk
    output: grasp_results/5/SICP/3, grasp_results/5/SICP/3/GRASP_ancestors.fasta, grasp_results/5/SICP/3/tree.nwk
    jobid: 34
    wildcards: taxon=5, method=SICP, rep=3

[Tue Feb  2 12:58:04 2021]
Finished job 34.
26 of 40 steps (65%) done
Select jobs to execute...

[Tue Feb  2 12:58:04 2021]
rule concat_fasta:
    input: indelible_output/5/cleaned_aln/3.fasta, grasp_results/5/SICML/3/GRASP_ancestors.fasta
    output: grasp_results/concatenated/5/SICML/3/GRASP_ancestors.fasta
    jobid: 45
    wildcards: taxon=5, method=SICML, rep=3

[Tue Feb  2 12:58:04 2021]
Finished job 45.
27 of 40 steps (68%) done
Select jobs to execute...

[Tue Feb  2 12:58:04 2021]
rule summarise_indels:
    input: grasp_results/5/BEP/3/tree.nwk, grasp_results/concatenated/5/BEP/3/GRASP_ancestors.fasta, indelible_output/5/cleaned_N0_trees/3.nwk, indelible_output/5/concatenated/3.fasta, indelible_dicts/5/leaves_3.p, indelible_dicts/5/gaps_3.p
    output: summaries/5/BEP/3.csv
    jobid: 19
    wildcards: taxon=5, method=BEP, rep=3

[Tue Feb  2 12:58:05 2021]
Finished job 19.
28 of 40 steps (70%) done
Select jobs to execute...

[Tue Feb  2 12:58:05 2021]
rule run_grasp:
    input: indelible_output/5/cleaned_aln/1.fasta, indelible_output/5/cleaned_N0_trees/1.nwk
    output: grasp_results/5/SICP/1, grasp_results/5/SICP/1/GRASP_ancestors.fasta, grasp_results/5/SICP/1/tree.nwk
    jobid: 28
    wildcards: taxon=5, method=SICP, rep=1

[Tue Feb  2 12:58:06 2021]
Finished job 28.
29 of 40 steps (72%) done
Select jobs to execute...

[Tue Feb  2 12:58:06 2021]
rule concat_fasta:
    input: indelible_output/5/cleaned_aln/1.fasta, grasp_results/5/SICP/1/GRASP_ancestors.fasta
    output: grasp_results/concatenated/5/SICP/1/GRASP_ancestors.fasta
    jobid: 29
    wildcards: taxon=5, method=SICP, rep=1

[Tue Feb  2 12:58:06 2021]
Finished job 29.
30 of 40 steps (75%) done
Select jobs to execute...

[Tue Feb  2 12:58:06 2021]
rule summarise_indels:
    input: grasp_results/5/SICP/1/tree.nwk, grasp_results/concatenated/5/SICP/1/GRASP_ancestors.fasta, indelible_output/5/cleaned_N0_trees/1.nwk, indelible_output/5/concatenated/1.fasta, indelible_dicts/5/leaves_1.p, indelible_dicts/5/gaps_1.p
    output: summaries/5/SICP/1.csv
    jobid: 27
    wildcards: taxon=5, method=SICP, rep=1

[Tue Feb  2 12:58:07 2021]
Finished job 27.
31 of 40 steps (78%) done
Select jobs to execute...

[Tue Feb  2 12:58:07 2021]
rule concat_fasta:
    input: indelible_output/5/cleaned_aln/3.fasta, grasp_results/5/SICP/3/GRASP_ancestors.fasta
    output: grasp_results/concatenated/5/SICP/3/GRASP_ancestors.fasta
    jobid: 35
    wildcards: taxon=5, method=SICP, rep=3

[Tue Feb  2 12:58:07 2021]
Finished job 35.
32 of 40 steps (80%) done
Select jobs to execute...

[Tue Feb  2 12:58:07 2021]
rule summarise_indels:
    input: grasp_results/5/SICP/3/tree.nwk, grasp_results/concatenated/5/SICP/3/GRASP_ancestors.fasta, indelible_output/5/cleaned_N0_trees/3.nwk, indelible_output/5/concatenated/3.fasta, indelible_dicts/5/leaves_3.p, indelible_dicts/5/gaps_3.p
    output: summaries/5/SICP/3.csv
    jobid: 33
    wildcards: taxon=5, method=SICP, rep=3

[Tue Feb  2 12:58:08 2021]
Finished job 33.
33 of 40 steps (82%) done
Select jobs to execute...

[Tue Feb  2 12:58:09 2021]
rule concat_summaries:
    input: summaries/5/SICP/1.csv, summaries/5/SICP/2.csv, summaries/5/SICP/3.csv
    output: concatenated_summaries/5_SICP.csv
    jobid: 26
    wildcards: taxon=5, method=SICP

[Tue Feb  2 12:58:09 2021]
Finished job 26.
34 of 40 steps (85%) done
Select jobs to execute...

[Tue Feb  2 12:58:09 2021]
rule concat_summaries:
    input: summaries/5/BEP/1.csv, summaries/5/BEP/2.csv, summaries/5/BEP/3.csv
    output: concatenated_summaries/5_BEP.csv
    jobid: 3
    wildcards: taxon=5, method=BEP

[Tue Feb  2 12:58:09 2021]
Finished job 3.
35 of 40 steps (88%) done
Select jobs to execute...

[Tue Feb  2 12:58:09 2021]
rule summarise_indels:
    input: grasp_results/5/SICML/3/tree.nwk, grasp_results/concatenated/5/SICML/3/GRASP_ancestors.fasta, indelible_output/5/cleaned_N0_trees/3.nwk, indelible_output/5/concatenated/3.fasta, indelible_dicts/5/leaves_3.p, indelible_dicts/5/gaps_3.p
    output: summaries/5/SICML/3.csv
    jobid: 43
    wildcards: taxon=5, method=SICML, rep=3

[Tue Feb  2 12:58:10 2021]
Finished job 43.
36 of 40 steps (90%) done
Select jobs to execute...

[Tue Feb  2 12:58:10 2021]
rule concat_summaries:
    input: summaries/5/SICML/1.csv, summaries/5/SICML/2.csv, summaries/5/SICML/3.csv
    output: concatenated_summaries/5_SICML.csv
    jobid: 36
    wildcards: taxon=5, method=SICML

[Tue Feb  2 12:58:10 2021]
Finished job 36.
37 of 40 steps (92%) done
Select jobs to execute...

[Tue Feb  2 12:58:10 2021]
rule generate_output_dict:
    input: concatenated_summaries/5_BEP.csv, concatenated_summaries/5_SICP.csv, concatenated_summaries/5_SICML.csv, concatenated_fastml_summaries/5.csv, concatenated_indelible_summaries/5.csv
    output: output_dicts/output.p
    jobid: 2

[Tue Feb  2 12:58:14 2021]
Finished job 2.
38 of 40 steps (95%) done
Select jobs to execute...

[Tue Feb  2 12:58:14 2021]
rule generate_latex:
    input: output_dicts/output.p
    output: plots/plot.tex
    jobid: 1

[Tue Feb  2 12:58:14 2021]
Finished job 1.
39 of 40 steps (98%) done
Select jobs to execute...

[Tue Feb  2 12:58:14 2021]
rule compile_latex:
    input: plots/plot.tex
    output: plots/plot.pdf
    jobid: 0

[Tue Feb  2 12:58:17 2021]
Finished job 0.
40 of 40 steps (100%) done
Complete log: /Users/gabefoley/Dropbox/PhD/20210121_Indel_Evaluation_Project/Indel_Evaluation_Snakemake/.snakemake/log/2021-02-02T125736.319395.snakemake.log
