Building DAG of jobs...
Using shell: /bin/bash
Provided cores: 1 (use --cores to define parallelism)
Rules claiming more threads will be scaled down.
Job counts:
	count	jobs
	16	clean_fastml_ml
	16	clean_fastml_parsimony
	16	clean_indelible
	1	compile_latex
	64	concat_fasta
	4	concat_fastml__ml_summaries
	4	concat_fastml_summaries
	16	concat_indelible
	4	concat_indelible_summaries
	16	concat_summaries
	4	create_control_files
	1	generate_latex
	1	generate_output_dict
	16	get_indelible_dict
	16	run_fastml
	64	run_grasp
	16	run_indelible
	16	summarise_fastml_ml_indels
	16	summarise_fastml_parsimony_indels
	16	summarise_indelible
	64	summarise_indels
	387
Select jobs to execute...

[Mon Mar  1 16:04:37 2021]
rule create_control_files:
    output: indelible/20_control.txt
    jobid: 77
    wildcards: taxon=20

[Mon Mar  1 16:04:37 2021]
Finished job 77.
1 of 387 steps (0.26%) done
Select jobs to execute...

[Mon Mar  1 16:04:37 2021]
rule run_indelible:
    input: indelible/20_control.txt
    output: indelible_output/20/trees/2.nwk, indelible_output/20/20_TRUE_2.fasta, indelible_output/20/20_ANCESTRAL_2.fasta, indelible_output/20/N0_trees/2.nwk
    jobid: 84
    wildcards: taxon=20, rep=2

[Mon Mar  1 16:04:39 2021]
Finished job 84.
2 of 387 steps (0.52%) done
Select jobs to execute...

[Mon Mar  1 16:04:39 2021]
rule create_control_files:
    output: indelible/30_control.txt
    jobid: 146
    wildcards: taxon=30

[Mon Mar  1 16:04:39 2021]
Finished job 146.
3 of 387 steps (0.78%) done
Select jobs to execute...

[Mon Mar  1 16:04:40 2021]
rule run_indelible:
    input: indelible/30_control.txt
    output: indelible_output/30/trees/4.nwk, indelible_output/30/30_TRUE_4.fasta, indelible_output/30/30_ANCESTRAL_4.fasta, indelible_output/30/N0_trees/4.nwk
    jobid: 167
    wildcards: taxon=30, rep=4

[Mon Mar  1 16:04:41 2021]
Finished job 167.
4 of 387 steps (1%) done
Select jobs to execute...

[Mon Mar  1 16:04:41 2021]
rule run_indelible:
    input: indelible/30_control.txt
    output: indelible_output/30/trees/3.nwk, indelible_output/30/30_TRUE_3.fasta, indelible_output/30/30_ANCESTRAL_3.fasta, indelible_output/30/N0_trees/3.nwk
    jobid: 160
    wildcards: taxon=30, rep=3

Warning: the following output files of rule run_indelible were not present when the DAG was created:
{'indelible_output/30/N0_trees/3.nwk', 'indelible_output/30/30_TRUE_3.fasta', 'indelible_output/30/30_ANCESTRAL_3.fasta'}
[Mon Mar  1 16:04:42 2021]
Finished job 160.
5 of 387 steps (1%) done
Select jobs to execute...

[Mon Mar  1 16:04:42 2021]
rule run_indelible:
    input: indelible/30_control.txt
    output: indelible_output/30/trees/2.nwk, indelible_output/30/30_TRUE_2.fasta, indelible_output/30/30_ANCESTRAL_2.fasta, indelible_output/30/N0_trees/2.nwk
    jobid: 153
    wildcards: taxon=30, rep=2

Warning: the following output files of rule run_indelible were not present when the DAG was created:
{'indelible_output/30/30_ANCESTRAL_2.fasta', 'indelible_output/30/N0_trees/2.nwk', 'indelible_output/30/30_TRUE_2.fasta'}
[Mon Mar  1 16:04:43 2021]
Finished job 153.
6 of 387 steps (2%) done
Select jobs to execute...

[Mon Mar  1 16:04:43 2021]
rule run_indelible:
    input: indelible/30_control.txt
    output: indelible_output/30/trees/1.nwk, indelible_output/30/30_TRUE_1.fasta, indelible_output/30/30_ANCESTRAL_1.fasta, indelible_output/30/N0_trees/1.nwk
    jobid: 145
    wildcards: taxon=30, rep=1

Warning: the following output files of rule run_indelible were not present when the DAG was created:
{'indelible_output/30/N0_trees/1.nwk', 'indelible_output/30/30_TRUE_1.fasta', 'indelible_output/30/30_ANCESTRAL_1.fasta'}
[Mon Mar  1 16:04:44 2021]
Finished job 145.
7 of 387 steps (2%) done
Select jobs to execute...

[Mon Mar  1 16:04:44 2021]
rule create_control_files:
    output: indelible/50_control.txt
    jobid: 215
    wildcards: taxon=50

[Mon Mar  1 16:04:45 2021]
Finished job 215.
8 of 387 steps (2%) done
Select jobs to execute...

[Mon Mar  1 16:04:45 2021]
rule run_indelible:
    input: indelible/50_control.txt
    output: indelible_output/50/trees/1.nwk, indelible_output/50/50_TRUE_1.fasta, indelible_output/50/50_ANCESTRAL_1.fasta, indelible_output/50/N0_trees/1.nwk
    jobid: 214
    wildcards: taxon=50, rep=1

[Mon Mar  1 16:04:46 2021]
Finished job 214.
9 of 387 steps (2%) done
Select jobs to execute...

[Mon Mar  1 16:04:46 2021]
rule concat_indelible:
    input: indelible_output/30/30_TRUE_2.fasta, indelible_output/30/30_ANCESTRAL_2.fasta
    output: indelible_output/30/concatenated/30_2.fasta
    jobid: 154
    wildcards: taxon=30, rep=2

[Mon Mar  1 16:04:46 2021]
Finished job 154.
10 of 387 steps (3%) done
Select jobs to execute...

[Mon Mar  1 16:04:46 2021]
rule run_indelible:
    input: indelible/50_control.txt
    output: indelible_output/50/trees/2.nwk, indelible_output/50/50_TRUE_2.fasta, indelible_output/50/50_ANCESTRAL_2.fasta, indelible_output/50/N0_trees/2.nwk
    jobid: 222
    wildcards: taxon=50, rep=2

Warning: the following output files of rule run_indelible were not present when the DAG was created:
{'indelible_output/50/50_TRUE_2.fasta', 'indelible_output/50/50_ANCESTRAL_2.fasta', 'indelible_output/50/N0_trees/2.nwk'}
[Mon Mar  1 16:04:47 2021]
Finished job 222.
11 of 387 steps (3%) done
Select jobs to execute...

[Mon Mar  1 16:04:47 2021]
rule concat_indelible:
    input: indelible_output/30/30_TRUE_3.fasta, indelible_output/30/30_ANCESTRAL_3.fasta
    output: indelible_output/30/concatenated/30_3.fasta
    jobid: 161
    wildcards: taxon=30, rep=3

[Mon Mar  1 16:04:47 2021]
Finished job 161.
12 of 387 steps (3%) done
Select jobs to execute...

[Mon Mar  1 16:04:47 2021]
rule concat_indelible:
    input: indelible_output/20/20_TRUE_2.fasta, indelible_output/20/20_ANCESTRAL_2.fasta
    output: indelible_output/20/concatenated/20_2.fasta
    jobid: 85
    wildcards: taxon=20, rep=2

[Mon Mar  1 16:04:47 2021]
Finished job 85.
13 of 387 steps (3%) done
Select jobs to execute...

[Mon Mar  1 16:04:47 2021]
rule concat_indelible:
    input: indelible_output/50/50_TRUE_2.fasta, indelible_output/50/50_ANCESTRAL_2.fasta
    output: indelible_output/50/concatenated/50_2.fasta
    jobid: 223
    wildcards: taxon=50, rep=2

[Mon Mar  1 16:04:47 2021]
Finished job 223.
14 of 387 steps (4%) done
Select jobs to execute...

[Mon Mar  1 16:04:47 2021]
rule run_indelible:
    input: indelible/50_control.txt
    output: indelible_output/50/trees/4.nwk, indelible_output/50/50_TRUE_4.fasta, indelible_output/50/50_ANCESTRAL_4.fasta, indelible_output/50/N0_trees/4.nwk
    jobid: 236
    wildcards: taxon=50, rep=4

Warning: the following output files of rule run_indelible were not present when the DAG was created:
{'indelible_output/50/N0_trees/4.nwk', 'indelible_output/50/50_TRUE_4.fasta', 'indelible_output/50/50_ANCESTRAL_4.fasta'}
[Mon Mar  1 16:04:48 2021]
Finished job 236.
15 of 387 steps (4%) done
Select jobs to execute...

[Mon Mar  1 16:04:48 2021]
rule run_indelible:
    input: indelible/50_control.txt
    output: indelible_output/50/trees/3.nwk, indelible_output/50/50_TRUE_3.fasta, indelible_output/50/50_ANCESTRAL_3.fasta, indelible_output/50/N0_trees/3.nwk
    jobid: 229
    wildcards: taxon=50, rep=3

Warning: the following output files of rule run_indelible were not present when the DAG was created:
{'indelible_output/50/50_TRUE_3.fasta', 'indelible_output/50/N0_trees/3.nwk', 'indelible_output/50/50_ANCESTRAL_3.fasta'}
[Mon Mar  1 16:04:50 2021]
Finished job 229.
16 of 387 steps (4%) done
Select jobs to execute...

[Mon Mar  1 16:04:50 2021]
rule concat_indelible:
    input: indelible_output/50/50_TRUE_3.fasta, indelible_output/50/50_ANCESTRAL_3.fasta
    output: indelible_output/50/concatenated/50_3.fasta
    jobid: 230
    wildcards: taxon=50, rep=3

[Mon Mar  1 16:04:50 2021]
Finished job 230.
17 of 387 steps (4%) done
Select jobs to execute...

[Mon Mar  1 16:04:50 2021]
rule clean_indelible:
    input: indelible_output/30/N0_trees/2.nwk, indelible_output/30/concatenated/30_2.fasta
    output: indelible_output/30/cleaned_aln/2.fasta, indelible_output/30/concatenated/2.fasta, indelible_output/30/cleaned_trees/2.nwk, indelible_output/30/cleaned_N0_trees/2.nwk, indelible_output/30/cleaned_no_internal_trees/2.nwk
    jobid: 152
    wildcards: taxon=30, rep=2

[Mon Mar  1 16:04:51 2021]
Finished job 152.
18 of 387 steps (5%) done
Select jobs to execute...

[Mon Mar  1 16:04:51 2021]
rule run_grasp:
    input: indelible_output/30/cleaned_aln/2.fasta, indelible_output/30/cleaned_N0_trees/2.nwk
    output: grasp_results/30/PSP/2, grasp_results/30/PSP/2/GRASP_ancestors.fasta, grasp_results/30/PSP/2/GRASP_ancestors.nwk
    jobid: 202
    wildcards: taxon=30, method=PSP, rep=2

[Mon Mar  1 16:04:52 2021]
Finished job 202.
19 of 387 steps (5%) done
Select jobs to execute...

[Mon Mar  1 16:04:52 2021]
rule create_control_files:
    output: indelible/10_control.txt
    jobid: 8
    wildcards: taxon=10

Terminating processes on user request, this might take some time.
[Mon Mar  1 16:04:52 2021]
Error in rule create_control_files:
    jobid: 8
    output: indelible/10_control.txt

RuleException:
CalledProcessError in line 13 of /Users/gabefoley/Dropbox/PhD/20210121_Indel_Evaluation_Project/Indel_Evaluation_Snakemake/Snakefile:
Command 'set -euo pipefail;  /Users/gabefoley/miniconda3_latest/envs/indel_snakemake/bin/python3.9 /Users/gabefoley/Dropbox/PhD/20210121_Indel_Evaluation_Project/Indel_Evaluation_Snakemake/.snakemake/scripts/tmpw_kcf2zt.create_control_files.py' died with <Signals.SIGINT: 2>.
  File "/Users/gabefoley/miniconda3_latest/envs/indel_snakemake/lib/python3.9/site-packages/snakemake/executors/__init__.py", line 2319, in run_wrapper
  File "/Users/gabefoley/Dropbox/PhD/20210121_Indel_Evaluation_Project/Indel_Evaluation_Snakemake/Snakefile", line 13, in __rule_create_control_files
  File "/Users/gabefoley/miniconda3_latest/envs/indel_snakemake/lib/python3.9/site-packages/snakemake/executors/__init__.py", line 568, in _callback
  File "/Users/gabefoley/miniconda3_latest/envs/indel_snakemake/lib/python3.9/concurrent/futures/thread.py", line 52, in run
  File "/Users/gabefoley/miniconda3_latest/envs/indel_snakemake/lib/python3.9/site-packages/snakemake/executors/__init__.py", line 554, in cached_or_run
  File "/Users/gabefoley/miniconda3_latest/envs/indel_snakemake/lib/python3.9/site-packages/snakemake/executors/__init__.py", line 2350, in run_wrapper
Complete log: /Users/gabefoley/Dropbox/PhD/20210121_Indel_Evaluation_Project/Indel_Evaluation_Snakemake/.snakemake/log/2021-03-01T160436.767606.snakemake.log
