Building DAG of jobs...
Using shell: /bin/bash
Provided cores: 1 (use --cores to define parallelism)
Rules claiming more threads will be scaled down.
Job counts:
	count	jobs
	1	clean_fasta
	1	create_control_files
	1	run_fastml
	1	run_indelible
	4
Select jobs to execute...

[Wed Jan 27 16:59:25 2021]
rule create_control_files:
    output: indelible/5_control.txt
    jobid: 3
    wildcards: taxon=5

[Wed Jan 27 16:59:26 2021]
Finished job 3.
1 of 4 steps (25%) done
Select jobs to execute...

[Wed Jan 27 16:59:26 2021]
rule run_indelible:
    input: indelible/5_control.txt
    output: indelible_output/5/cleaned_trees/5_tree_2.nwk, indelible_output/5/5_TRUE_2.fasta
    jobid: 2
    wildcards: taxon=5, rep=2

[Wed Jan 27 16:59:27 2021]
Finished job 2.
2 of 4 steps (50%) done
Select jobs to execute...

[Wed Jan 27 16:59:27 2021]
rule clean_fasta:
    input: indelible_output/5/5_TRUE_2.fasta
    output: indelible_output/5/cleaned_aln/5_TRUE_2.fasta
    jobid: 1
    wildcards: taxon=5, rep=2

[Wed Jan 27 16:59:27 2021]
Finished job 1.
3 of 4 steps (75%) done
Select jobs to execute...

[Wed Jan 27 16:59:27 2021]
rule run_fastml:
    input: indelible_output/5/cleaned_aln/5_TRUE_2.fasta, indelible_output/5/cleaned_trees/5_tree_2.nwk
    output: fastml_results/5/2
    jobid: 0
    wildcards: taxon=5, rep=2

[Wed Jan 27 16:59:33 2021]
Finished job 0.
4 of 4 steps (100%) done
Complete log: /Users/gabefoley/Dropbox/PhD/20210121_Indel_Evaluation_Project/Indel_Evaluation_Snakemake/.snakemake/log/2021-01-27T165925.754796.snakemake.log
