Building DAG of jobs...
Using shell: /bin/bash
Provided cores: 1 (use --cores to define parallelism)
Rules claiming more threads will be scaled down.
Job counts:
	count	jobs
	1	clean_fastml
	1	clean_indelible
	1	compile_latex
	1	concat_fasta
	1	concat_fastml_summaries
	1	concat_indelible
	1	concat_indelible_summaries
	1	concat_summaries
	1	create_control_files
	1	generate_latex
	1	generate_output_dict
	1	get_indelible_dict
	1	run_fastml
	1	run_grasp
	1	run_indelible
	1	summarise_fastml_indels
	1	summarise_indelible
	1	summarise_indels
	18
Select jobs to execute...

[Tue Feb  2 15:11:50 2021]
rule create_control_files:
    output: indelible/5_control.txt
    jobid: 8
    wildcards: taxon=5

[Tue Feb  2 15:11:51 2021]
Finished job 8.
1 of 18 steps (6%) done
Select jobs to execute...

[Tue Feb  2 15:11:51 2021]
rule run_indelible:
    input: indelible/5_control.txt
    output: indelible_output/5/trees/1.nwk, indelible_output/5/5_TRUE_1.fasta, indelible_output/5/5_ANCESTRAL_1.fasta, indelible_output/5/N0_trees/1.nwk
    jobid: 7
    wildcards: taxon=5, rep=1

[Tue Feb  2 15:11:52 2021]
Finished job 7.
2 of 18 steps (11%) done
Select jobs to execute...

[Tue Feb  2 15:11:53 2021]
rule concat_indelible:
    input: indelible_output/5/5_TRUE_1.fasta, indelible_output/5/5_ANCESTRAL_1.fasta
    output: indelible_output/5/concatenated/5_1.fasta
    jobid: 9
    wildcards: taxon=5, rep=1

[Tue Feb  2 15:11:53 2021]
Finished job 9.
3 of 18 steps (17%) done
Select jobs to execute...

[Tue Feb  2 15:11:53 2021]
rule clean_indelible:
    input: indelible_output/5/N0_trees/1.nwk, indelible_output/5/concatenated/5_1.fasta
    output: indelible_output/5/cleaned_aln/1.fasta, indelible_output/5/concatenated/1.fasta, indelible_output/5/cleaned_trees/1.nwk, indelible_output/5/cleaned_N0_trees/1.nwk, indelible_output/5/cleaned_no_internal_trees/1.nwk
    jobid: 6
    wildcards: taxon=5, rep=1

[Tue Feb  2 15:11:54 2021]
Finished job 6.
4 of 18 steps (22%) done
Select jobs to execute...

[Tue Feb  2 15:11:54 2021]
rule get_indelible_dict:
    input: indelible_output/5/concatenated/1.fasta, indelible_output/5/cleaned_N0_trees/1.nwk
    output: indelible_dicts/5/leaves_1.p, indelible_dicts/5/gaps_1.p
    jobid: 11
    wildcards: taxon=5, rep=1

[Tue Feb  2 15:11:55 2021]
Finished job 11.
5 of 18 steps (28%) done
Select jobs to execute...

[Tue Feb  2 15:11:55 2021]
rule run_fastml:
    input: indelible_output/5/cleaned_aln/1.fasta, indelible_output/5/cleaned_no_internal_trees/1.nwk
    output: fastml_results/5/1/seq.joint.txt, fastml_results/5/1/tree.newick.txt, fastml_results/5/1
    jobid: 15
    wildcards: taxon=5, rep=1

[Tue Feb  2 15:11:59 2021]
Finished job 15.
6 of 18 steps (33%) done
Select jobs to execute...

[Tue Feb  2 15:11:59 2021]
rule summarise_indelible:
    input: indelible_output/5/cleaned_N0_trees/1.nwk, indelible_output/5/concatenated/1.fasta, indelible_output/5/cleaned_N0_trees/1.nwk, indelible_output/5/concatenated/1.fasta, indelible_dicts/5/leaves_1.p, indelible_dicts/5/gaps_1.p
    output: indelible_summaries/5/1.csv
    jobid: 17
    wildcards: taxon=5, rep=1

[Tue Feb  2 15:12:00 2021]
Finished job 17.
7 of 18 steps (39%) done
Select jobs to execute...

[Tue Feb  2 15:12:00 2021]
rule run_grasp:
    input: indelible_output/5/cleaned_aln/1.fasta, indelible_output/5/cleaned_N0_trees/1.nwk
    output: grasp_results/5/PSP/1, grasp_results/5/PSP/1/GRASP_ancestors.fasta, grasp_results/5/PSP/1/tree.nwk
    jobid: 5
    wildcards: taxon=5, method=PSP, rep=1

[Tue Feb  2 15:12:01 2021]
Error in rule run_grasp:
    jobid: 5
    output: grasp_results/5/PSP/1, grasp_results/5/PSP/1/GRASP_ancestors.fasta, grasp_results/5/PSP/1/tree.nwk
    shell:
        grasp -aln indelible_output/5/cleaned_aln/1.fasta -nwk indelible_output/5/cleaned_N0_trees/1.nwk -model LG -out grasp_results/5/PSP/1 -savetree grasp_results/5/PSP/1  -indel PSP -inf joint -gap
        (one of the commands exited with non-zero exit code; note that snakemake uses bash strict mode!)

Removing output files of failed job run_grasp since they might be corrupted:
grasp_results/5/PSP/1
Shutting down, this might take some time.
Exiting because a job execution failed. Look above for error message
Complete log: /Users/gabefoley/Dropbox/PhD/20210121_Indel_Evaluation_Project/Indel_Evaluation_Snakemake/.snakemake/log/2021-02-02T151150.699941.snakemake.log
