Building DAG of jobs...
Using shell: /bin/bash
Provided cores: 1 (use --cores to define parallelism)
Rules claiming more threads will be scaled down.
Job counts:
	count	jobs
	2	clean_fastml
	2	clean_indelible
	1	compile_latex
	6	concat_fasta
	1	concat_fastml_summaries
	2	concat_indelible
	1	concat_indelible_summaries
	3	concat_summaries
	1	create_control_files
	1	generate_latex
	1	generate_output_dict
	2	get_indelible_dict
	2	run_fastml
	6	run_grasp
	2	run_indelible
	2	summarise_fastml_indels
	2	summarise_indelible
	6	summarise_indels
	43
Select jobs to execute...

[Tue Feb  2 10:47:24 2021]
rule create_control_files:
    output: indelible/6_control.txt
    jobid: 8
    wildcards: taxon=6

[Tue Feb  2 10:47:24 2021]
Finished job 8.
1 of 43 steps (2%) done
Select jobs to execute...

[Tue Feb  2 10:47:24 2021]
rule run_indelible:
    input: indelible/6_control.txt
    output: indelible_output/6/trees/2.nwk, indelible_output/6/6_TRUE_2.fasta, indelible_output/6/6_ANCESTRAL_2.fasta, indelible_output/6/N0_trees/2.nwk
    jobid: 15
    wildcards: taxon=6, rep=2

[Tue Feb  2 10:47:25 2021]
Finished job 15.
2 of 43 steps (5%) done
Select jobs to execute...

[Tue Feb  2 10:47:25 2021]
rule concat_indelible:
    input: indelible_output/6/6_TRUE_2.fasta, indelible_output/6/6_ANCESTRAL_2.fasta
    output: indelible_output/6/concatenated/6_2.fasta
    jobid: 16
    wildcards: taxon=6, rep=2

[Tue Feb  2 10:47:25 2021]
Finished job 16.
3 of 43 steps (7%) done
Select jobs to execute...

[Tue Feb  2 10:47:25 2021]
rule clean_indelible:
    input: indelible_output/6/N0_trees/2.nwk, indelible_output/6/concatenated/6_2.fasta
    output: indelible_output/6/cleaned_aln/2.fasta, indelible_output/6/concatenated/2.fasta, indelible_output/6/cleaned_trees/2.nwk, indelible_output/6/cleaned_N0_trees/2.nwk, indelible_output/6/cleaned_no_internal_trees/2.nwk
    jobid: 14
    wildcards: taxon=6, rep=2

[Tue Feb  2 10:47:27 2021]
Finished job 14.
4 of 43 steps (9%) done
Select jobs to execute...

[Tue Feb  2 10:47:27 2021]
rule run_fastml:
    input: indelible_output/6/cleaned_aln/2.fasta, indelible_output/6/cleaned_no_internal_trees/2.nwk
    output: fastml_results/6/2/seq.joint.txt, fastml_results/6/2/tree.newick.txt, fastml_results/6/2
    jobid: 39
    wildcards: taxon=6, rep=2

[Tue Feb  2 10:47:30 2021]
Finished job 39.
5 of 43 steps (12%) done
Select jobs to execute...

[Tue Feb  2 10:47:30 2021]
rule clean_fastml:
    input: fastml_results/6/2/seq.joint.txt, fastml_results/6/2/tree.newick.txt
    output: fastml_results/6/concatenated/2/FastML_ancestors.fasta, fastml_results/6/cleaned_N0_trees/2/tree.nwk
    jobid: 38
    wildcards: taxon=6, rep=2

[Tue Feb  2 10:47:32 2021]
Finished job 38.
6 of 43 steps (14%) done
Select jobs to execute...

[Tue Feb  2 10:47:32 2021]
rule run_grasp:
    input: indelible_output/6/cleaned_aln/2.fasta, indelible_output/6/cleaned_N0_trees/2.nwk
    output: grasp_results/6/SICML/2, grasp_results/6/SICML/2/GRASP_ancestors.fasta, grasp_results/6/SICML/2/tree.nwk
    jobid: 31
    wildcards: taxon=6, method=SICML, rep=2

[Tue Feb  2 10:47:33 2021]
Finished job 31.
7 of 43 steps (16%) done
Select jobs to execute...

[Tue Feb  2 10:47:33 2021]
rule get_indelible_dict:
    input: indelible_output/6/concatenated/2.fasta, indelible_output/6/cleaned_N0_trees/2.nwk
    output: indelible_dicts/6/leaves_2.p, indelible_dicts/6/gaps_2.p
    jobid: 18
    wildcards: taxon=6, rep=2

[Tue Feb  2 10:47:34 2021]
Finished job 18.
8 of 43 steps (19%) done
Select jobs to execute...

[Tue Feb  2 10:47:34 2021]
rule summarise_indelible:
    input: indelible_output/6/cleaned_N0_trees/2.nwk, indelible_output/6/concatenated/2.fasta, indelible_output/6/cleaned_N0_trees/2.nwk, indelible_output/6/concatenated/2.fasta, indelible_dicts/6/leaves_2.p, indelible_dicts/6/gaps_2.p
    output: indelible_summaries/6/2.csv
    jobid: 42
    wildcards: taxon=6, rep=2

[Tue Feb  2 10:47:35 2021]
Error in rule summarise_indelible:
    jobid: 42
    output: indelible_summaries/6/2.csv

RuleException:
CalledProcessError in line 186 of /Users/gabefoley/Dropbox/PhD/20210121_Indel_Evaluation_Project/Indel_Evaluation_Snakemake/Snakefile:
Command 'set -euo pipefail;  /Users/gabefoley/miniconda3_latest/envs/indel_snakemake/bin/python3.9 /Users/gabefoley/Dropbox/PhD/20210121_Indel_Evaluation_Project/Indel_Evaluation_Snakemake/.snakemake/scripts/tmp7bhprkhp.summarise_indels.py' returned non-zero exit status 1.
  File "/Users/gabefoley/miniconda3_latest/envs/indel_snakemake/lib/python3.9/site-packages/snakemake/executors/__init__.py", line 2319, in run_wrapper
  File "/Users/gabefoley/Dropbox/PhD/20210121_Indel_Evaluation_Project/Indel_Evaluation_Snakemake/Snakefile", line 186, in __rule_summarise_indelible
  File "/Users/gabefoley/miniconda3_latest/envs/indel_snakemake/lib/python3.9/site-packages/snakemake/executors/__init__.py", line 568, in _callback
  File "/Users/gabefoley/miniconda3_latest/envs/indel_snakemake/lib/python3.9/concurrent/futures/thread.py", line 52, in run
  File "/Users/gabefoley/miniconda3_latest/envs/indel_snakemake/lib/python3.9/site-packages/snakemake/executors/__init__.py", line 554, in cached_or_run
  File "/Users/gabefoley/miniconda3_latest/envs/indel_snakemake/lib/python3.9/site-packages/snakemake/executors/__init__.py", line 2350, in run_wrapper
Shutting down, this might take some time.
Exiting because a job execution failed. Look above for error message
Complete log: /Users/gabefoley/Dropbox/PhD/20210121_Indel_Evaluation_Project/Indel_Evaluation_Snakemake/.snakemake/log/2021-02-02T104724.325606.snakemake.log
