Building DAG of jobs...
Using shell: /bin/bash
Provided cores: 1 (use --cores to define parallelism)
Rules claiming more threads will be scaled down.
Job counts:
	count	jobs
	6	clean_indelible
	1	compile_latex
	12	concat_fasta
	6	concat_indelible
	1	concat_indelible_summaries
	2	concat_summaries
	1	create_control_files
	1	generate_latex
	1	generate_output_dict
	6	get_indelible_dict
	12	run_grasp
	6	run_indelible
	6	summarise_indelible
	12	summarise_indels
	73
Select jobs to execute...

[Thu Feb 18 12:50:50 2021]
rule create_control_files:
    output: indelible/4_control.txt
    jobid: 8
    wildcards: taxon=4

[Thu Feb 18 12:50:50 2021]
Finished job 8.
1 of 73 steps (1%) done
Select jobs to execute...

[Thu Feb 18 12:50:50 2021]
rule run_indelible:
    input: indelible/4_control.txt
    output: indelible_output/4/trees/6.nwk, indelible_output/4/4_TRUE_6.fasta, indelible_output/4/4_ANCESTRAL_6.fasta, indelible_output/4/N0_trees/6.nwk
    jobid: 43
    wildcards: taxon=4, rep=6

Terminating processes on user request, this might take some time.
[Thu Feb 18 12:52:15 2021]
Error in rule run_indelible:
    jobid: 43
    output: indelible_output/4/trees/6.nwk, indelible_output/4/4_TRUE_6.fasta, indelible_output/4/4_ANCESTRAL_6.fasta, indelible_output/4/N0_trees/6.nwk

RuleException:
CalledProcessError in line 26 of /Users/gabefoley/Dropbox/PhD/20210121_Indel_Evaluation_Project/Indel_Evaluation_Snakemake/Snakefile:
Command 'set -euo pipefail;  /Users/gabefoley/miniconda3_latest/envs/indel_snakemake/bin/python3.9 /Users/gabefoley/Dropbox/PhD/20210121_Indel_Evaluation_Project/Indel_Evaluation_Snakemake/.snakemake/scripts/tmp5nmxnt2y.run_indelible.py' died with <Signals.SIGINT: 2>.
  File "/Users/gabefoley/miniconda3_latest/envs/indel_snakemake/lib/python3.9/site-packages/snakemake/executors/__init__.py", line 2319, in run_wrapper
  File "/Users/gabefoley/Dropbox/PhD/20210121_Indel_Evaluation_Project/Indel_Evaluation_Snakemake/Snakefile", line 26, in __rule_run_indelible
  File "/Users/gabefoley/miniconda3_latest/envs/indel_snakemake/lib/python3.9/site-packages/snakemake/executors/__init__.py", line 568, in _callback
  File "/Users/gabefoley/miniconda3_latest/envs/indel_snakemake/lib/python3.9/concurrent/futures/thread.py", line 52, in run
  File "/Users/gabefoley/miniconda3_latest/envs/indel_snakemake/lib/python3.9/site-packages/snakemake/executors/__init__.py", line 554, in cached_or_run
  File "/Users/gabefoley/miniconda3_latest/envs/indel_snakemake/lib/python3.9/site-packages/snakemake/executors/__init__.py", line 2350, in run_wrapper
Complete log: /Users/gabefoley/Dropbox/PhD/20210121_Indel_Evaluation_Project/Indel_Evaluation_Snakemake/.snakemake/log/2021-02-18T125050.026408.snakemake.log
