Building DAG of jobs...
Using shell: /bin/bash
Provided cores: 1 (use --cores to define parallelism)
Rules claiming more threads will be scaled down.
Job counts:
	count	jobs
	1	clean_fastml_ml
	1	clean_fastml_parsimony
	1	compile_latex
	1	concat_fasta
	1	concat_fastml__ml_summaries
	1	concat_fastml_summaries
	2	concat_summaries
	1	generate_latex
	1	generate_output_dict
	1	run_fastml
	1	summarise_fastml_ml_indels
	1	summarise_fastml_parsimony_indels
	2	summarise_indels
	15
Select jobs to execute...

[Mon Mar  1 13:16:00 2021]
rule concat_fasta:
    input: indelible_output/4/cleaned_aln/1.fasta, grasp_results/4/SICML/1/GRASP_ancestors.fasta
    output: grasp_results/concatenated/4/SICML/1/GRASP_ancestors.fasta
    jobid: 10
    wildcards: taxon=4, method=SICML, rep=1

[Mon Mar  1 13:16:00 2021]
Finished job 10.
1 of 15 steps (7%) done
Select jobs to execute...

[Mon Mar  1 13:16:00 2021]
rule summarise_indels:
    input: grasp_results/4/SICML/1/GRASP_ancestors.nwk, grasp_results/concatenated/4/SICML/1/GRASP_ancestors.fasta, indelible_output/4/cleaned_N0_trees/1.nwk, indelible_output/4/concatenated/1.fasta, indelible_dicts/4/leaves_1.p, indelible_dicts/4/gaps_1.p
    output: summaries/4/SICML/1.csv
    jobid: 4
    wildcards: taxon=4, method=SICML, rep=1

[Mon Mar  1 13:16:01 2021]
Finished job 4.
2 of 15 steps (13%) done
Select jobs to execute...

[Mon Mar  1 13:16:01 2021]
rule concat_summaries:
    input: summaries/4/SICML/1.csv, summaries/4/SICML/2.csv
    output: concatenated_summaries/4_SICML.csv
    jobid: 3
    wildcards: taxon=4, method=SICML

[Mon Mar  1 13:16:01 2021]
Finished job 3.
3 of 15 steps (20%) done
Select jobs to execute...

[Mon Mar  1 13:16:01 2021]
rule run_fastml:
    input: indelible_output/4/cleaned_aln/1.fasta, indelible_output/4/cleaned_no_internal_trees/1.nwk
    output: fastml_results/4/1/seq.marginal_Chars_ParsimonyIndels.txt, fastml_results/4/1/seq.marginal_IndelAndChars.txt, fastml_results/4/1/tree.newick.txt, fastml_results/4/1
    jobid: 50
    wildcards: taxon=4, rep=1

Waiting at most 2 seconds for missing files.
MissingOutputException in line 53 of /Users/gabefoley/Dropbox/PhD/20210121_Indel_Evaluation_Project/Indel_Evaluation_Snakemake/Snakefile:
Job Missing files after 2 seconds:
fastml_results/4/1/seq.marginal_Chars_ParsimonyIndels.txt
fastml_results/4/1/seq.marginal_IndelAndChars.txt
This might be due to filesystem latency. If that is the case, consider to increase the wait time with --latency-wait.
Job id: 50 completed successfully, but some output files are missing. 50
  File "/Users/gabefoley/miniconda3_latest/envs/indel_snakemake/lib/python3.9/site-packages/snakemake/executors/__init__.py", line 583, in handle_job_success
  File "/Users/gabefoley/miniconda3_latest/envs/indel_snakemake/lib/python3.9/site-packages/snakemake/executors/__init__.py", line 252, in handle_job_success
Removing output files of failed job run_fastml since they might be corrupted:
fastml_results/4/1/tree.newick.txt, fastml_results/4/1
Shutting down, this might take some time.
Exiting because a job execution failed. Look above for error message
Complete log: /Users/gabefoley/Dropbox/PhD/20210121_Indel_Evaluation_Project/Indel_Evaluation_Snakemake/.snakemake/log/2021-03-01T131600.573245.snakemake.log
