Building DAG of jobs...
Using shell: /bin/bash
Provided cores: 1 (use --cores to define parallelism)
Rules claiming more threads will be scaled down.
Job counts:
	count	jobs
	1	clean_fastml
	1	clean_indelible
	1	concat_indelible
	1	create_control_files
	1	run_fastml
	1	run_indelible
	6
Select jobs to execute...

[Mon Feb  1 18:24:16 2021]
rule create_control_files:
    output: indelible/10_control.txt
    jobid: 4
    wildcards: taxon=10

[Mon Feb  1 18:24:17 2021]
Finished job 4.
1 of 6 steps (17%) done
Select jobs to execute...

[Mon Feb  1 18:24:17 2021]
rule run_indelible:
    input: indelible/10_control.txt
    output: indelible_output/10/trees/1.nwk, indelible_output/10/10_TRUE_1.fasta, indelible_output/10/10_ANCESTRAL_1.fasta, indelible_output/10/N0_trees/1.nwk
    jobid: 3
    wildcards: taxon=10, rep=1

[Mon Feb  1 18:24:18 2021]
Finished job 3.
2 of 6 steps (33%) done
Select jobs to execute...

[Mon Feb  1 18:24:18 2021]
rule concat_indelible:
    input: indelible_output/10/10_TRUE_1.fasta, indelible_output/10/10_ANCESTRAL_1.fasta
    output: indelible_output/10/concatenated/10_1.fasta
    jobid: 5
    wildcards: taxon=10, rep=1

[Mon Feb  1 18:24:18 2021]
Finished job 5.
3 of 6 steps (50%) done
Select jobs to execute...

[Mon Feb  1 18:24:18 2021]
rule clean_indelible:
    input: indelible_output/10/N0_trees/1.nwk, indelible_output/10/concatenated/10_1.fasta
    output: indelible_output/10/cleaned_aln/1.fasta, indelible_output/10/concatenated/1.fasta, indelible_output/10/cleaned_N0_trees/1.nwk, indelible_output/10/cleaned_no_internal_trees/1.nwk
    jobid: 2
    wildcards: taxon=10, rep=1

[Mon Feb  1 18:24:20 2021]
Finished job 2.
4 of 6 steps (67%) done
Select jobs to execute...

[Mon Feb  1 18:24:20 2021]
rule run_fastml:
    input: indelible_output/10/cleaned_aln/1.fasta, indelible_output/10/cleaned_no_internal_trees/1.nwk
    output: fastml_results/10/1/seq.joint.txt, fastml_results/10/1/tree.newick.txt
    jobid: 1
    wildcards: taxon=10, rep=1

RuleException in line 52 of /Users/gabefoley/Dropbox/PhD/20210121_Indel_Evaluation_Project/Indel_Evaluation_Snakemake/Snakefile:
'OutputFiles' object has no attribute 'dir'
  File "/Users/gabefoley/miniconda3_latest/envs/indel_snakemake/lib/python3.9/site-packages/snakemake/executors/__init__.py", line 136, in run_jobs
  File "/Users/gabefoley/miniconda3_latest/envs/indel_snakemake/lib/python3.9/site-packages/snakemake/executors/__init__.py", line 441, in run
  File "/Users/gabefoley/miniconda3_latest/envs/indel_snakemake/lib/python3.9/site-packages/snakemake/executors/__init__.py", line 230, in _run
  File "/Users/gabefoley/miniconda3_latest/envs/indel_snakemake/lib/python3.9/site-packages/snakemake/executors/__init__.py", line 156, in _run
  File "/Users/gabefoley/miniconda3_latest/envs/indel_snakemake/lib/python3.9/site-packages/snakemake/executors/__init__.py", line 162, in printjob
