Building DAG of jobs...
Using shell: /bin/bash
Provided cores: 2
Rules claiming more threads will be scaled down.
Job counts:
	count	jobs
	1	all
	6	concat_fasta
	6	summarise_indels
	13

[Tue May 18 10:11:36 2021]
rule concat_fasta:
    input: input/CYP2U_165.aln, grasp_results/CYP2U_165/PSML/GRASP_ancestors.fasta
    output: grasp_results/concatenated/CYP2U_165/PSML/GRASP_ancestors.fasta
    jobid: 6
    wildcards: dataset=CYP2U_165, method=PSML


[Tue May 18 10:11:36 2021]
rule concat_fasta:
    input: input/CYP2U_165.aln, grasp_results/CYP2U_165/PSP/GRASP_ancestors.fasta
    output: grasp_results/concatenated/CYP2U_165/PSP/GRASP_ancestors.fasta
    jobid: 3
    wildcards: dataset=CYP2U_165, method=PSP

[Tue May 18 10:11:36 2021]
Finished job 6.
1 of 13 steps (8%) done
[Tue May 18 10:11:36 2021]
Finished job 3.
2 of 13 steps (15%) done

[Tue May 18 10:11:36 2021]
rule summarise_indels:
    input: grasp_results/CYP2U_165/PSML/GRASP_ancestors.nwk, grasp_results/concatenated/CYP2U_165/PSML/GRASP_ancestors.fasta
    output: output_dicts/CYP2U_165/gaps_PSML.p
    jobid: 4
    wildcards: dataset=CYP2U_165, method=PSML


[Tue May 18 10:11:36 2021]
rule summarise_indels:
    input: grasp_results/CYP2U_165/PSP/GRASP_ancestors.nwk, grasp_results/concatenated/CYP2U_165/PSP/GRASP_ancestors.fasta
    output: output_dicts/CYP2U_165/gaps_PSP.p
    jobid: 1
    wildcards: dataset=CYP2U_165, method=PSP

[Tue May 18 10:11:36 2021]
Finished job 1.
3 of 13 steps (23%) done

[Tue May 18 10:11:36 2021]
rule concat_fasta:
    input: input/CYP2U_165.aln, grasp_results/CYP2U_165/BEML/GRASP_ancestors.fasta
    output: grasp_results/concatenated/CYP2U_165/BEML/GRASP_ancestors.fasta
    jobid: 18
    wildcards: dataset=CYP2U_165, method=BEML

[Tue May 18 10:11:36 2021]
Finished job 18.
4 of 13 steps (31%) done

[Tue May 18 10:11:36 2021]
rule summarise_indels:
    input: grasp_results/CYP2U_165/BEML/GRASP_ancestors.nwk, grasp_results/concatenated/CYP2U_165/BEML/GRASP_ancestors.fasta
    output: output_dicts/CYP2U_165/gaps_BEML.p
    jobid: 16
    wildcards: dataset=CYP2U_165, method=BEML

[Tue May 18 10:11:36 2021]
Finished job 4.
5 of 13 steps (38%) done

[Tue May 18 10:11:36 2021]
rule concat_fasta:
    input: input/CYP2U_165.aln, grasp_results/CYP2U_165/SICP/GRASP_ancestors.fasta
    output: grasp_results/concatenated/CYP2U_165/SICP/GRASP_ancestors.fasta
    jobid: 9
    wildcards: dataset=CYP2U_165, method=SICP

[Tue May 18 10:11:36 2021]
Finished job 9.
6 of 13 steps (46%) done

[Tue May 18 10:11:36 2021]
rule summarise_indels:
    input: grasp_results/CYP2U_165/SICP/GRASP_ancestors.nwk, grasp_results/concatenated/CYP2U_165/SICP/GRASP_ancestors.fasta
    output: output_dicts/CYP2U_165/gaps_SICP.p
    jobid: 7
    wildcards: dataset=CYP2U_165, method=SICP

[Tue May 18 10:11:36 2021]
Finished job 16.
7 of 13 steps (54%) done

[Tue May 18 10:11:36 2021]
rule concat_fasta:
    input: input/CYP2U_165.aln, grasp_results/CYP2U_165/SICML/GRASP_ancestors.fasta
    output: grasp_results/concatenated/CYP2U_165/SICML/GRASP_ancestors.fasta
    jobid: 12
    wildcards: dataset=CYP2U_165, method=SICML

[Tue May 18 10:11:36 2021]
Finished job 12.
8 of 13 steps (62%) done

[Tue May 18 10:11:36 2021]
rule summarise_indels:
    input: grasp_results/CYP2U_165/SICML/GRASP_ancestors.nwk, grasp_results/concatenated/CYP2U_165/SICML/GRASP_ancestors.fasta
    output: output_dicts/CYP2U_165/gaps_SICML.p
    jobid: 10
    wildcards: dataset=CYP2U_165, method=SICML

[Tue May 18 10:11:36 2021]
Finished job 7.
9 of 13 steps (69%) done

[Tue May 18 10:11:36 2021]
rule concat_fasta:
    input: input/CYP2U_165.aln, grasp_results/CYP2U_165/BEP/GRASP_ancestors.fasta
    output: grasp_results/concatenated/CYP2U_165/BEP/GRASP_ancestors.fasta
    jobid: 15
    wildcards: dataset=CYP2U_165, method=BEP

[Tue May 18 10:11:36 2021]
Finished job 15.
10 of 13 steps (77%) done

[Tue May 18 10:11:36 2021]
rule summarise_indels:
    input: grasp_results/CYP2U_165/BEP/GRASP_ancestors.nwk, grasp_results/concatenated/CYP2U_165/BEP/GRASP_ancestors.fasta
    output: output_dicts/CYP2U_165/gaps_BEP.p
    jobid: 13
    wildcards: dataset=CYP2U_165, method=BEP

[Tue May 18 10:11:37 2021]
Finished job 10.
11 of 13 steps (85%) done
[Tue May 18 10:11:37 2021]
Finished job 13.
12 of 13 steps (92%) done

[Tue May 18 10:11:37 2021]
localrule all:
    input: output_dicts/CYP2U_165/gaps_PSP.p, output_dicts/CYP2U_165/gaps_PSML.p, output_dicts/CYP2U_165/gaps_SICP.p, output_dicts/CYP2U_165/gaps_SICML.p, output_dicts/CYP2U_165/gaps_BEP.p, output_dicts/CYP2U_165/gaps_BEML.p
    jobid: 0

[Tue May 18 10:11:37 2021]
Finished job 0.
13 of 13 steps (100%) done
Complete log: /media/WorkingSpace/Gabe/indel_snakemake_2U1/indel_snakemake/.snakemake/log/2021-05-18T101136.077225.snakemake.log
