Building DAG of jobs...
Using shell: /bin/bash
Provided cores: 1 (use --cores to define parallelism)
Rules claiming more threads will be scaled down.
Job counts:
	count	jobs
	1	clean_indelible
	1	compile_latex
	3	concat_fasta
	1	concat_indelible
	1	concat_indelible_summaries
	3	concat_summaries
	1	create_control_files
	1	generate_latex
	1	generate_output_dict
	1	get_indelible_dict
	3	run_grasp
	1	run_indelible
	1	summarise_indelible
	3	summarise_indels
	22
Select jobs to execute...

[Thu Feb 18 12:47:28 2021]
rule create_control_files:
    output: indelible/1000_control.txt
    jobid: 8
    wildcards: taxon=1000

[Thu Feb 18 12:47:29 2021]
Finished job 8.
1 of 22 steps (5%) done
Select jobs to execute...

[Thu Feb 18 12:47:29 2021]
rule run_indelible:
    input: indelible/1000_control.txt
    output: indelible_output/1000/trees/1.nwk, indelible_output/1000/1000_TRUE_1.fasta, indelible_output/1000/1000_ANCESTRAL_1.fasta, indelible_output/1000/N0_trees/1.nwk
    jobid: 7
    wildcards: taxon=1000, rep=1

Terminating processes on user request, this might take some time.
[Thu Feb 18 12:48:01 2021]
Error in rule run_indelible:
    jobid: 7
    output: indelible_output/1000/trees/1.nwk, indelible_output/1000/1000_TRUE_1.fasta, indelible_output/1000/1000_ANCESTRAL_1.fasta, indelible_output/1000/N0_trees/1.nwk

RuleException:
CalledProcessError in line 26 of /Users/gabefoley/Dropbox/PhD/20210121_Indel_Evaluation_Project/Indel_Evaluation_Snakemake/Snakefile:
Command 'set -euo pipefail;  /Users/gabefoley/miniconda3_latest/envs/indel_snakemake/bin/python3.9 /Users/gabefoley/Dropbox/PhD/20210121_Indel_Evaluation_Project/Indel_Evaluation_Snakemake/.snakemake/scripts/tmpcah4_g7n.run_indelible.py' died with <Signals.SIGINT: 2>.
  File "/Users/gabefoley/miniconda3_latest/envs/indel_snakemake/lib/python3.9/site-packages/snakemake/executors/__init__.py", line 2319, in run_wrapper
  File "/Users/gabefoley/Dropbox/PhD/20210121_Indel_Evaluation_Project/Indel_Evaluation_Snakemake/Snakefile", line 26, in __rule_run_indelible
  File "/Users/gabefoley/miniconda3_latest/envs/indel_snakemake/lib/python3.9/site-packages/snakemake/executors/__init__.py", line 568, in _callback
  File "/Users/gabefoley/miniconda3_latest/envs/indel_snakemake/lib/python3.9/concurrent/futures/thread.py", line 52, in run
  File "/Users/gabefoley/miniconda3_latest/envs/indel_snakemake/lib/python3.9/site-packages/snakemake/executors/__init__.py", line 554, in cached_or_run
  File "/Users/gabefoley/miniconda3_latest/envs/indel_snakemake/lib/python3.9/site-packages/snakemake/executors/__init__.py", line 2350, in run_wrapper
Complete log: /Users/gabefoley/Dropbox/PhD/20210121_Indel_Evaluation_Project/Indel_Evaluation_Snakemake/.snakemake/log/2021-02-18T124728.794369.snakemake.log
