Building DAG of jobs...
Using shell: /bin/bash
Provided cores: 1 (use --cores to define parallelism)
Rules claiming more threads will be scaled down.
Job counts:
	count	jobs
	4	clean_fastml
	4	clean_indelible
	12	concat_fasta
	1	concat_fastml_summaries
	4	concat_indelible
	1	concat_indelible_summaries
	3	concat_summaries
	1	create_control_files
	1	generate_output_dict
	4	get_indelible_dict
	4	run_fastml
	12	run_grasp
	4	run_indelible
	4	summarise_fastml_indels
	4	summarise_indelible
	12	summarise_indels
	75
Select jobs to execute...

[Tue Feb  2 13:01:23 2021]
rule create_control_files:
    output: indelible/10_control.txt
    jobid: 62
    wildcards: taxon=10

[Tue Feb  2 13:01:23 2021]
Finished job 62.
1 of 75 steps (1%) done
Select jobs to execute...

[Tue Feb  2 13:01:23 2021]
rule run_indelible:
    input: indelible/10_control.txt
    output: indelible_output/10/trees/4.nwk, indelible_output/10/10_TRUE_4.fasta, indelible_output/10/10_ANCESTRAL_4.fasta, indelible_output/10/N0_trees/4.nwk
    jobid: 83
    wildcards: taxon=10, rep=4

[Tue Feb  2 13:01:24 2021]
Finished job 83.
2 of 75 steps (3%) done
Select jobs to execute...

[Tue Feb  2 13:01:24 2021]
rule concat_indelible:
    input: indelible_output/10/10_TRUE_4.fasta, indelible_output/10/10_ANCESTRAL_4.fasta
    output: indelible_output/10/concatenated/10_4.fasta
    jobid: 84
    wildcards: taxon=10, rep=4

[Tue Feb  2 13:01:24 2021]
Finished job 84.
3 of 75 steps (4%) done
Select jobs to execute...

[Tue Feb  2 13:01:24 2021]
rule clean_indelible:
    input: indelible_output/10/N0_trees/4.nwk, indelible_output/10/concatenated/10_4.fasta
    output: indelible_output/10/cleaned_aln/4.fasta, indelible_output/10/concatenated/4.fasta, indelible_output/10/cleaned_trees/4.nwk, indelible_output/10/cleaned_N0_trees/4.nwk, indelible_output/10/cleaned_no_internal_trees/4.nwk
    jobid: 82
    wildcards: taxon=10, rep=4

[Tue Feb  2 13:01:25 2021]
Finished job 82.
4 of 75 steps (5%) done
Select jobs to execute...

[Tue Feb  2 13:01:25 2021]
rule run_fastml:
    input: indelible_output/10/cleaned_aln/4.fasta, indelible_output/10/cleaned_no_internal_trees/4.nwk
    output: fastml_results/10/4/seq.joint.txt, fastml_results/10/4/tree.newick.txt, fastml_results/10/4
    jobid: 138
    wildcards: taxon=10, rep=4

[Tue Feb  2 13:01:35 2021]
Finished job 138.
5 of 75 steps (7%) done
Select jobs to execute...

[Tue Feb  2 13:01:35 2021]
rule run_grasp:
    input: indelible_output/10/cleaned_aln/4.fasta, indelible_output/10/cleaned_N0_trees/4.nwk
    output: grasp_results/10/SICP/4, grasp_results/10/SICP/4/GRASP_ancestors.fasta, grasp_results/10/SICP/4/tree.nwk
    jobid: 98
    wildcards: taxon=10, method=SICP, rep=4

[Tue Feb  2 13:01:37 2021]
Finished job 98.
6 of 75 steps (8%) done
Select jobs to execute...

[Tue Feb  2 13:01:37 2021]
rule run_indelible:
    input: indelible/10_control.txt
    output: indelible_output/10/trees/3.nwk, indelible_output/10/10_TRUE_3.fasta, indelible_output/10/10_ANCESTRAL_3.fasta, indelible_output/10/N0_trees/3.nwk
    jobid: 76
    wildcards: taxon=10, rep=3

Warning: the following output files of rule run_indelible were not present when the DAG was created:
{'indelible_output/10/10_TRUE_3.fasta', 'indelible_output/10/N0_trees/3.nwk', 'indelible_output/10/10_ANCESTRAL_3.fasta'}
[Tue Feb  2 13:01:38 2021]
Finished job 76.
7 of 75 steps (9%) done
Select jobs to execute...

[Tue Feb  2 13:01:38 2021]
rule run_indelible:
    input: indelible/10_control.txt
    output: indelible_output/10/trees/1.nwk, indelible_output/10/10_TRUE_1.fasta, indelible_output/10/10_ANCESTRAL_1.fasta, indelible_output/10/N0_trees/1.nwk
    jobid: 61
    wildcards: taxon=10, rep=1

Warning: the following output files of rule run_indelible were not present when the DAG was created:
{'indelible_output/10/N0_trees/1.nwk', 'indelible_output/10/10_TRUE_1.fasta', 'indelible_output/10/10_ANCESTRAL_1.fasta'}
[Tue Feb  2 13:01:40 2021]
Finished job 61.
8 of 75 steps (11%) done
Select jobs to execute...

[Tue Feb  2 13:01:40 2021]
rule concat_indelible:
    input: indelible_output/10/10_TRUE_1.fasta, indelible_output/10/10_ANCESTRAL_1.fasta
    output: indelible_output/10/concatenated/10_1.fasta
    jobid: 63
    wildcards: taxon=10, rep=1

[Tue Feb  2 13:01:40 2021]
Finished job 63.
9 of 75 steps (12%) done
Select jobs to execute...

[Tue Feb  2 13:01:40 2021]
rule clean_indelible:
    input: indelible_output/10/N0_trees/1.nwk, indelible_output/10/concatenated/10_1.fasta
    output: indelible_output/10/cleaned_aln/1.fasta, indelible_output/10/concatenated/1.fasta, indelible_output/10/cleaned_trees/1.nwk, indelible_output/10/cleaned_N0_trees/1.nwk, indelible_output/10/cleaned_no_internal_trees/1.nwk
    jobid: 60
    wildcards: taxon=10, rep=1

[Tue Feb  2 13:01:41 2021]
Finished job 60.
10 of 75 steps (13%) done
Select jobs to execute...

[Tue Feb  2 13:01:41 2021]
rule get_indelible_dict:
    input: indelible_output/10/concatenated/1.fasta, indelible_output/10/cleaned_N0_trees/1.nwk
    output: indelible_dicts/10/leaves_1.p, indelible_dicts/10/gaps_1.p
    jobid: 65
    wildcards: taxon=10, rep=1

[Tue Feb  2 13:01:42 2021]
Finished job 65.
11 of 75 steps (15%) done
Select jobs to execute...

[Tue Feb  2 13:01:42 2021]
rule run_grasp:
    input: indelible_output/10/cleaned_aln/1.fasta, indelible_output/10/cleaned_N0_trees/1.nwk
    output: grasp_results/10/SICP/1, grasp_results/10/SICP/1/GRASP_ancestors.fasta, grasp_results/10/SICP/1/tree.nwk
    jobid: 89
    wildcards: taxon=10, method=SICP, rep=1

[Tue Feb  2 13:01:44 2021]
Finished job 89.
12 of 75 steps (16%) done
Select jobs to execute...

[Tue Feb  2 13:01:44 2021]
rule run_grasp:
    input: indelible_output/10/cleaned_aln/1.fasta, indelible_output/10/cleaned_N0_trees/1.nwk
    output: grasp_results/10/BEP/1, grasp_results/10/BEP/1/GRASP_ancestors.fasta, grasp_results/10/BEP/1/tree.nwk
    jobid: 59
    wildcards: taxon=10, method=BEP, rep=1

[Tue Feb  2 13:01:46 2021]
Finished job 59.
13 of 75 steps (17%) done
Select jobs to execute...

[Tue Feb  2 13:01:46 2021]
rule concat_fasta:
    input: indelible_output/10/cleaned_aln/1.fasta, grasp_results/10/BEP/1/GRASP_ancestors.fasta
    output: grasp_results/concatenated/10/BEP/1/GRASP_ancestors.fasta
    jobid: 64
    wildcards: taxon=10, method=BEP, rep=1

[Tue Feb  2 13:01:46 2021]
Finished job 64.
14 of 75 steps (19%) done
Select jobs to execute...

[Tue Feb  2 13:01:46 2021]
rule summarise_indels:
    input: grasp_results/10/BEP/1/tree.nwk, grasp_results/concatenated/10/BEP/1/GRASP_ancestors.fasta, indelible_output/10/cleaned_N0_trees/1.nwk, indelible_output/10/concatenated/1.fasta, indelible_dicts/10/leaves_1.p, indelible_dicts/10/gaps_1.p
    output: summaries/10/BEP/1.csv
    jobid: 58
    wildcards: taxon=10, method=BEP, rep=1

[Tue Feb  2 13:01:47 2021]
Finished job 58.
15 of 75 steps (20%) done
Select jobs to execute...

[Tue Feb  2 13:01:47 2021]
rule run_grasp:
    input: indelible_output/10/cleaned_aln/1.fasta, indelible_output/10/cleaned_N0_trees/1.nwk
    output: grasp_results/10/SICML/1, grasp_results/10/SICML/1/GRASP_ancestors.fasta, grasp_results/10/SICML/1/tree.nwk
    jobid: 102
    wildcards: taxon=10, method=SICML, rep=1

[Tue Feb  2 13:01:48 2021]
Finished job 102.
16 of 75 steps (21%) done
Select jobs to execute...

[Tue Feb  2 13:01:48 2021]
rule concat_fasta:
    input: indelible_output/10/cleaned_aln/1.fasta, grasp_results/10/SICML/1/GRASP_ancestors.fasta
    output: grasp_results/concatenated/10/SICML/1/GRASP_ancestors.fasta
    jobid: 103
    wildcards: taxon=10, method=SICML, rep=1

[Tue Feb  2 13:01:48 2021]
Finished job 103.
17 of 75 steps (23%) done
Select jobs to execute...

[Tue Feb  2 13:01:48 2021]
rule concat_indelible:
    input: indelible_output/10/10_TRUE_3.fasta, indelible_output/10/10_ANCESTRAL_3.fasta
    output: indelible_output/10/concatenated/10_3.fasta
    jobid: 77
    wildcards: taxon=10, rep=3

[Tue Feb  2 13:01:48 2021]
Finished job 77.
18 of 75 steps (24%) done
Select jobs to execute...

[Tue Feb  2 13:01:48 2021]
rule concat_fasta:
    input: indelible_output/10/cleaned_aln/4.fasta, grasp_results/10/SICP/4/GRASP_ancestors.fasta
    output: grasp_results/concatenated/10/SICP/4/GRASP_ancestors.fasta
    jobid: 99
    wildcards: taxon=10, method=SICP, rep=4

[Tue Feb  2 13:01:49 2021]
Finished job 99.
19 of 75 steps (25%) done
Select jobs to execute...

[Tue Feb  2 13:01:49 2021]
rule summarise_indelible:
    input: indelible_output/10/cleaned_N0_trees/1.nwk, indelible_output/10/concatenated/1.fasta, indelible_output/10/cleaned_N0_trees/1.nwk, indelible_output/10/concatenated/1.fasta, indelible_dicts/10/leaves_1.p, indelible_dicts/10/gaps_1.p
    output: indelible_summaries/10/1.csv
    jobid: 145
    wildcards: taxon=10, rep=1

[Tue Feb  2 13:01:50 2021]
Finished job 145.
20 of 75 steps (27%) done
Select jobs to execute...

[Tue Feb  2 13:01:50 2021]
rule run_grasp:
    input: indelible_output/10/cleaned_aln/4.fasta, indelible_output/10/cleaned_N0_trees/4.nwk
    output: grasp_results/10/SICML/4, grasp_results/10/SICML/4/GRASP_ancestors.fasta, grasp_results/10/SICML/4/tree.nwk
    jobid: 111
    wildcards: taxon=10, method=SICML, rep=4

[Tue Feb  2 13:01:51 2021]
Finished job 111.
21 of 75 steps (28%) done
Select jobs to execute...

[Tue Feb  2 13:01:51 2021]
rule run_grasp:
    input: indelible_output/10/cleaned_aln/4.fasta, indelible_output/10/cleaned_N0_trees/4.nwk
    output: grasp_results/10/BEP/4, grasp_results/10/BEP/4/GRASP_ancestors.fasta, grasp_results/10/BEP/4/tree.nwk
    jobid: 81
    wildcards: taxon=10, method=BEP, rep=4

[Tue Feb  2 13:01:53 2021]
Finished job 81.
22 of 75 steps (29%) done
Select jobs to execute...

[Tue Feb  2 13:01:53 2021]
rule concat_fasta:
    input: indelible_output/10/cleaned_aln/4.fasta, grasp_results/10/BEP/4/GRASP_ancestors.fasta
    output: grasp_results/concatenated/10/BEP/4/GRASP_ancestors.fasta
    jobid: 85
    wildcards: taxon=10, method=BEP, rep=4

[Tue Feb  2 13:01:53 2021]
Finished job 85.
23 of 75 steps (31%) done
Select jobs to execute...

[Tue Feb  2 13:01:53 2021]
rule run_indelible:
    input: indelible/10_control.txt
    output: indelible_output/10/trees/2.nwk, indelible_output/10/10_TRUE_2.fasta, indelible_output/10/10_ANCESTRAL_2.fasta, indelible_output/10/N0_trees/2.nwk
    jobid: 69
    wildcards: taxon=10, rep=2

Warning: the following output files of rule run_indelible were not present when the DAG was created:
{'indelible_output/10/10_TRUE_2.fasta', 'indelible_output/10/10_ANCESTRAL_2.fasta', 'indelible_output/10/N0_trees/2.nwk'}
[Tue Feb  2 13:01:54 2021]
Finished job 69.
24 of 75 steps (32%) done
Select jobs to execute...

[Tue Feb  2 13:01:54 2021]
rule concat_indelible:
    input: indelible_output/10/10_TRUE_2.fasta, indelible_output/10/10_ANCESTRAL_2.fasta
    output: indelible_output/10/concatenated/10_2.fasta
    jobid: 70
    wildcards: taxon=10, rep=2

[Tue Feb  2 13:01:54 2021]
Finished job 70.
25 of 75 steps (33%) done
Select jobs to execute...

[Tue Feb  2 13:01:54 2021]
rule clean_indelible:
    input: indelible_output/10/N0_trees/2.nwk, indelible_output/10/concatenated/10_2.fasta
    output: indelible_output/10/cleaned_aln/2.fasta, indelible_output/10/concatenated/2.fasta, indelible_output/10/cleaned_trees/2.nwk, indelible_output/10/cleaned_N0_trees/2.nwk, indelible_output/10/cleaned_no_internal_trees/2.nwk
    jobid: 68
    wildcards: taxon=10, rep=2

[Tue Feb  2 13:01:55 2021]
Finished job 68.
26 of 75 steps (35%) done
Select jobs to execute...

[Tue Feb  2 13:01:56 2021]
rule run_grasp:
    input: indelible_output/10/cleaned_aln/2.fasta, indelible_output/10/cleaned_N0_trees/2.nwk
    output: grasp_results/10/SICP/2, grasp_results/10/SICP/2/GRASP_ancestors.fasta, grasp_results/10/SICP/2/tree.nwk
    jobid: 92
    wildcards: taxon=10, method=SICP, rep=2

[Tue Feb  2 13:01:57 2021]
Finished job 92.
27 of 75 steps (36%) done
Select jobs to execute...

[Tue Feb  2 13:01:57 2021]
rule get_indelible_dict:
    input: indelible_output/10/concatenated/2.fasta, indelible_output/10/cleaned_N0_trees/2.nwk
    output: indelible_dicts/10/leaves_2.p, indelible_dicts/10/gaps_2.p
    jobid: 72
    wildcards: taxon=10, rep=2

[Tue Feb  2 13:01:58 2021]
Finished job 72.
28 of 75 steps (37%) done
Select jobs to execute...

[Tue Feb  2 13:01:58 2021]
rule summarise_indelible:
    input: indelible_output/10/cleaned_N0_trees/2.nwk, indelible_output/10/concatenated/2.fasta, indelible_output/10/cleaned_N0_trees/2.nwk, indelible_output/10/concatenated/2.fasta, indelible_dicts/10/leaves_2.p, indelible_dicts/10/gaps_2.p
    output: indelible_summaries/10/2.csv
    jobid: 146
    wildcards: taxon=10, rep=2

[Tue Feb  2 13:01:59 2021]
Finished job 146.
29 of 75 steps (39%) done
Select jobs to execute...

[Tue Feb  2 13:01:59 2021]
rule run_fastml:
    input: indelible_output/10/cleaned_aln/2.fasta, indelible_output/10/cleaned_no_internal_trees/2.nwk
    output: fastml_results/10/2/seq.joint.txt, fastml_results/10/2/tree.newick.txt, fastml_results/10/2
    jobid: 132
    wildcards: taxon=10, rep=2

[Tue Feb  2 13:02:11 2021]
Finished job 132.
30 of 75 steps (40%) done
Select jobs to execute...

[Tue Feb  2 13:02:11 2021]
rule clean_fastml:
    input: fastml_results/10/2/seq.joint.txt, fastml_results/10/2/tree.newick.txt
    output: fastml_results/10/concatenated/2/FastML_ancestors.fasta, fastml_results/10/cleaned_N0_trees/2/tree.nwk
    jobid: 131
    wildcards: taxon=10, rep=2

[Tue Feb  2 13:02:12 2021]
Finished job 131.
31 of 75 steps (41%) done
Select jobs to execute...

[Tue Feb  2 13:02:12 2021]
rule summarise_fastml_indels:
    input: fastml_results/10/concatenated/2/FastML_ancestors.fasta, fastml_results/10/cleaned_N0_trees/2/tree.nwk, indelible_output/10/cleaned_N0_trees/2.nwk, indelible_output/10/concatenated/2.fasta, indelible_dicts/10/leaves_2.p, indelible_dicts/10/gaps_2.p
    output: fastml_summaries/10/fastml/2.csv
    jobid: 130
    wildcards: taxon=10, rep=2

[Tue Feb  2 13:02:14 2021]
Finished job 130.
32 of 75 steps (43%) done
Select jobs to execute...

[Tue Feb  2 13:02:14 2021]
rule concat_fasta:
    input: indelible_output/10/cleaned_aln/2.fasta, grasp_results/10/SICP/2/GRASP_ancestors.fasta
    output: grasp_results/concatenated/10/SICP/2/GRASP_ancestors.fasta
    jobid: 93
    wildcards: taxon=10, method=SICP, rep=2

[Tue Feb  2 13:02:14 2021]
Finished job 93.
33 of 75 steps (44%) done
Select jobs to execute...

[Tue Feb  2 13:02:14 2021]
rule summarise_indels:
    input: grasp_results/10/SICP/2/tree.nwk, grasp_results/concatenated/10/SICP/2/GRASP_ancestors.fasta, indelible_output/10/cleaned_N0_trees/2.nwk, indelible_output/10/concatenated/2.fasta, indelible_dicts/10/leaves_2.p, indelible_dicts/10/gaps_2.p
    output: summaries/10/SICP/2.csv
    jobid: 91
    wildcards: taxon=10, method=SICP, rep=2

[Tue Feb  2 13:02:15 2021]
Finished job 91.
34 of 75 steps (45%) done
Select jobs to execute...

[Tue Feb  2 13:02:15 2021]
rule run_grasp:
    input: indelible_output/10/cleaned_aln/2.fasta, indelible_output/10/cleaned_N0_trees/2.nwk
    output: grasp_results/10/SICML/2, grasp_results/10/SICML/2/GRASP_ancestors.fasta, grasp_results/10/SICML/2/tree.nwk
    jobid: 105
    wildcards: taxon=10, method=SICML, rep=2

[Tue Feb  2 13:02:17 2021]
Finished job 105.
35 of 75 steps (47%) done
Select jobs to execute...

[Tue Feb  2 13:02:17 2021]
rule concat_fasta:
    input: indelible_output/10/cleaned_aln/2.fasta, grasp_results/10/SICML/2/GRASP_ancestors.fasta
    output: grasp_results/concatenated/10/SICML/2/GRASP_ancestors.fasta
    jobid: 106
    wildcards: taxon=10, method=SICML, rep=2

[Tue Feb  2 13:02:17 2021]
Finished job 106.
36 of 75 steps (48%) done
Select jobs to execute...

[Tue Feb  2 13:02:17 2021]
rule summarise_indels:
    input: grasp_results/10/SICML/2/tree.nwk, grasp_results/concatenated/10/SICML/2/GRASP_ancestors.fasta, indelible_output/10/cleaned_N0_trees/2.nwk, indelible_output/10/concatenated/2.fasta, indelible_dicts/10/leaves_2.p, indelible_dicts/10/gaps_2.p
    output: summaries/10/SICML/2.csv
    jobid: 104
    wildcards: taxon=10, method=SICML, rep=2

[Tue Feb  2 13:02:18 2021]
Finished job 104.
37 of 75 steps (49%) done
Select jobs to execute...

[Tue Feb  2 13:02:18 2021]
rule run_grasp:
    input: indelible_output/10/cleaned_aln/2.fasta, indelible_output/10/cleaned_N0_trees/2.nwk
    output: grasp_results/10/BEP/2, grasp_results/10/BEP/2/GRASP_ancestors.fasta, grasp_results/10/BEP/2/tree.nwk
    jobid: 67
    wildcards: taxon=10, method=BEP, rep=2

[Tue Feb  2 13:02:20 2021]
Finished job 67.
38 of 75 steps (51%) done
Select jobs to execute...

[Tue Feb  2 13:02:20 2021]
rule concat_fasta:
    input: indelible_output/10/cleaned_aln/2.fasta, grasp_results/10/BEP/2/GRASP_ancestors.fasta
    output: grasp_results/concatenated/10/BEP/2/GRASP_ancestors.fasta
    jobid: 71
    wildcards: taxon=10, method=BEP, rep=2

[Tue Feb  2 13:02:20 2021]
Finished job 71.
39 of 75 steps (52%) done
Select jobs to execute...

[Tue Feb  2 13:02:20 2021]
rule summarise_indels:
    input: grasp_results/10/BEP/2/tree.nwk, grasp_results/concatenated/10/BEP/2/GRASP_ancestors.fasta, indelible_output/10/cleaned_N0_trees/2.nwk, indelible_output/10/concatenated/2.fasta, indelible_dicts/10/leaves_2.p, indelible_dicts/10/gaps_2.p
    output: summaries/10/BEP/2.csv
    jobid: 66
    wildcards: taxon=10, method=BEP, rep=2

[Tue Feb  2 13:02:21 2021]
Finished job 66.
40 of 75 steps (53%) done
Select jobs to execute...

[Tue Feb  2 13:02:21 2021]
rule concat_fasta:
    input: indelible_output/10/cleaned_aln/4.fasta, grasp_results/10/SICML/4/GRASP_ancestors.fasta
    output: grasp_results/concatenated/10/SICML/4/GRASP_ancestors.fasta
    jobid: 112
    wildcards: taxon=10, method=SICML, rep=4

[Tue Feb  2 13:02:21 2021]
Finished job 112.
41 of 75 steps (55%) done
Select jobs to execute...

[Tue Feb  2 13:02:21 2021]
rule clean_indelible:
    input: indelible_output/10/N0_trees/3.nwk, indelible_output/10/concatenated/10_3.fasta
    output: indelible_output/10/cleaned_aln/3.fasta, indelible_output/10/concatenated/3.fasta, indelible_output/10/cleaned_trees/3.nwk, indelible_output/10/cleaned_N0_trees/3.nwk, indelible_output/10/cleaned_no_internal_trees/3.nwk
    jobid: 75
    wildcards: taxon=10, rep=3

[Tue Feb  2 13:02:23 2021]
Finished job 75.
42 of 75 steps (56%) done
Select jobs to execute...

[Tue Feb  2 13:02:23 2021]
rule run_grasp:
    input: indelible_output/10/cleaned_aln/3.fasta, indelible_output/10/cleaned_N0_trees/3.nwk
    output: grasp_results/10/SICML/3, grasp_results/10/SICML/3/GRASP_ancestors.fasta, grasp_results/10/SICML/3/tree.nwk
    jobid: 108
    wildcards: taxon=10, method=SICML, rep=3

[Tue Feb  2 13:02:24 2021]
Finished job 108.
43 of 75 steps (57%) done
Select jobs to execute...

[Tue Feb  2 13:02:24 2021]
rule run_grasp:
    input: indelible_output/10/cleaned_aln/3.fasta, indelible_output/10/cleaned_N0_trees/3.nwk
    output: grasp_results/10/BEP/3, grasp_results/10/BEP/3/GRASP_ancestors.fasta, grasp_results/10/BEP/3/tree.nwk
    jobid: 74
    wildcards: taxon=10, method=BEP, rep=3

[Tue Feb  2 13:02:26 2021]
Finished job 74.
44 of 75 steps (59%) done
Select jobs to execute...

[Tue Feb  2 13:02:26 2021]
rule concat_fasta:
    input: indelible_output/10/cleaned_aln/3.fasta, grasp_results/10/BEP/3/GRASP_ancestors.fasta
    output: grasp_results/concatenated/10/BEP/3/GRASP_ancestors.fasta
    jobid: 78
    wildcards: taxon=10, method=BEP, rep=3

[Tue Feb  2 13:02:26 2021]
Finished job 78.
45 of 75 steps (60%) done
Select jobs to execute...

[Tue Feb  2 13:02:26 2021]
rule run_grasp:
    input: indelible_output/10/cleaned_aln/3.fasta, indelible_output/10/cleaned_N0_trees/3.nwk
    output: grasp_results/10/SICP/3, grasp_results/10/SICP/3/GRASP_ancestors.fasta, grasp_results/10/SICP/3/tree.nwk
    jobid: 95
    wildcards: taxon=10, method=SICP, rep=3

[Tue Feb  2 13:02:28 2021]
Finished job 95.
46 of 75 steps (61%) done
Select jobs to execute...

[Tue Feb  2 13:02:28 2021]
rule concat_fasta:
    input: indelible_output/10/cleaned_aln/3.fasta, grasp_results/10/SICP/3/GRASP_ancestors.fasta
    output: grasp_results/concatenated/10/SICP/3/GRASP_ancestors.fasta
    jobid: 96
    wildcards: taxon=10, method=SICP, rep=3

[Tue Feb  2 13:02:28 2021]
Finished job 96.
47 of 75 steps (63%) done
Select jobs to execute...

[Tue Feb  2 13:02:28 2021]
rule run_fastml:
    input: indelible_output/10/cleaned_aln/3.fasta, indelible_output/10/cleaned_no_internal_trees/3.nwk
    output: fastml_results/10/3/seq.joint.txt, fastml_results/10/3/tree.newick.txt, fastml_results/10/3
    jobid: 135
    wildcards: taxon=10, rep=3

[Tue Feb  2 13:02:37 2021]
Finished job 135.
48 of 75 steps (64%) done
Select jobs to execute...

[Tue Feb  2 13:02:37 2021]
rule clean_fastml:
    input: fastml_results/10/3/seq.joint.txt, fastml_results/10/3/tree.newick.txt
    output: fastml_results/10/concatenated/3/FastML_ancestors.fasta, fastml_results/10/cleaned_N0_trees/3/tree.nwk
    jobid: 134
    wildcards: taxon=10, rep=3

[Tue Feb  2 13:02:39 2021]
Finished job 134.
49 of 75 steps (65%) done
Select jobs to execute...

[Tue Feb  2 13:02:39 2021]
rule concat_fasta:
    input: indelible_output/10/cleaned_aln/3.fasta, grasp_results/10/SICML/3/GRASP_ancestors.fasta
    output: grasp_results/concatenated/10/SICML/3/GRASP_ancestors.fasta
    jobid: 109
    wildcards: taxon=10, method=SICML, rep=3

[Tue Feb  2 13:02:39 2021]
Finished job 109.
50 of 75 steps (67%) done
Select jobs to execute...

[Tue Feb  2 13:02:39 2021]
rule get_indelible_dict:
    input: indelible_output/10/concatenated/3.fasta, indelible_output/10/cleaned_N0_trees/3.nwk
    output: indelible_dicts/10/leaves_3.p, indelible_dicts/10/gaps_3.p
    jobid: 79
    wildcards: taxon=10, rep=3

[Tue Feb  2 13:02:40 2021]
Finished job 79.
51 of 75 steps (68%) done
Select jobs to execute...

[Tue Feb  2 13:02:40 2021]
rule summarise_indelible:
    input: indelible_output/10/cleaned_N0_trees/3.nwk, indelible_output/10/concatenated/3.fasta, indelible_output/10/cleaned_N0_trees/3.nwk, indelible_output/10/concatenated/3.fasta, indelible_dicts/10/leaves_3.p, indelible_dicts/10/gaps_3.p
    output: indelible_summaries/10/3.csv
    jobid: 147
    wildcards: taxon=10, rep=3

[Tue Feb  2 13:02:41 2021]
Finished job 147.
52 of 75 steps (69%) done
Select jobs to execute...

[Tue Feb  2 13:02:41 2021]
rule summarise_fastml_indels:
    input: fastml_results/10/concatenated/3/FastML_ancestors.fasta, fastml_results/10/cleaned_N0_trees/3/tree.nwk, indelible_output/10/cleaned_N0_trees/3.nwk, indelible_output/10/concatenated/3.fasta, indelible_dicts/10/leaves_3.p, indelible_dicts/10/gaps_3.p
    output: fastml_summaries/10/fastml/3.csv
    jobid: 133
    wildcards: taxon=10, rep=3

[Tue Feb  2 13:02:42 2021]
Finished job 133.
53 of 75 steps (71%) done
Select jobs to execute...

[Tue Feb  2 13:02:42 2021]
rule summarise_indels:
    input: grasp_results/10/SICML/3/tree.nwk, grasp_results/concatenated/10/SICML/3/GRASP_ancestors.fasta, indelible_output/10/cleaned_N0_trees/3.nwk, indelible_output/10/concatenated/3.fasta, indelible_dicts/10/leaves_3.p, indelible_dicts/10/gaps_3.p
    output: summaries/10/SICML/3.csv
    jobid: 107
    wildcards: taxon=10, method=SICML, rep=3

[Tue Feb  2 13:02:43 2021]
Finished job 107.
54 of 75 steps (72%) done
Select jobs to execute...

[Tue Feb  2 13:02:43 2021]
rule summarise_indels:
    input: grasp_results/10/SICP/3/tree.nwk, grasp_results/concatenated/10/SICP/3/GRASP_ancestors.fasta, indelible_output/10/cleaned_N0_trees/3.nwk, indelible_output/10/concatenated/3.fasta, indelible_dicts/10/leaves_3.p, indelible_dicts/10/gaps_3.p
    output: summaries/10/SICP/3.csv
    jobid: 94
    wildcards: taxon=10, method=SICP, rep=3

[Tue Feb  2 13:02:44 2021]
Finished job 94.
55 of 75 steps (73%) done
Select jobs to execute...

[Tue Feb  2 13:02:44 2021]
rule summarise_indels:
    input: grasp_results/10/BEP/3/tree.nwk, grasp_results/concatenated/10/BEP/3/GRASP_ancestors.fasta, indelible_output/10/cleaned_N0_trees/3.nwk, indelible_output/10/concatenated/3.fasta, indelible_dicts/10/leaves_3.p, indelible_dicts/10/gaps_3.p
    output: summaries/10/BEP/3.csv
    jobid: 73
    wildcards: taxon=10, method=BEP, rep=3

[Tue Feb  2 13:02:45 2021]
Finished job 73.
56 of 75 steps (75%) done
Select jobs to execute...

[Tue Feb  2 13:02:45 2021]
rule run_fastml:
    input: indelible_output/10/cleaned_aln/1.fasta, indelible_output/10/cleaned_no_internal_trees/1.nwk
    output: fastml_results/10/1/seq.joint.txt, fastml_results/10/1/tree.newick.txt, fastml_results/10/1
    jobid: 129
    wildcards: taxon=10, rep=1

[Tue Feb  2 13:02:54 2021]
Finished job 129.
57 of 75 steps (76%) done
Select jobs to execute...

[Tue Feb  2 13:02:54 2021]
rule clean_fastml:
    input: fastml_results/10/1/seq.joint.txt, fastml_results/10/1/tree.newick.txt
    output: fastml_results/10/concatenated/1/FastML_ancestors.fasta, fastml_results/10/cleaned_N0_trees/1/tree.nwk
    jobid: 128
    wildcards: taxon=10, rep=1

[Tue Feb  2 13:02:55 2021]
Finished job 128.
58 of 75 steps (77%) done
Select jobs to execute...

[Tue Feb  2 13:02:55 2021]
rule summarise_indels:
    input: grasp_results/10/SICML/1/tree.nwk, grasp_results/concatenated/10/SICML/1/GRASP_ancestors.fasta, indelible_output/10/cleaned_N0_trees/1.nwk, indelible_output/10/concatenated/1.fasta, indelible_dicts/10/leaves_1.p, indelible_dicts/10/gaps_1.p
    output: summaries/10/SICML/1.csv
    jobid: 101
    wildcards: taxon=10, method=SICML, rep=1

[Tue Feb  2 13:02:57 2021]
Finished job 101.
59 of 75 steps (79%) done
Select jobs to execute...

[Tue Feb  2 13:02:57 2021]
rule summarise_fastml_indels:
    input: fastml_results/10/concatenated/1/FastML_ancestors.fasta, fastml_results/10/cleaned_N0_trees/1/tree.nwk, indelible_output/10/cleaned_N0_trees/1.nwk, indelible_output/10/concatenated/1.fasta, indelible_dicts/10/leaves_1.p, indelible_dicts/10/gaps_1.p
    output: fastml_summaries/10/fastml/1.csv
    jobid: 127
    wildcards: taxon=10, rep=1

[Tue Feb  2 13:02:58 2021]
Finished job 127.
60 of 75 steps (80%) done
Select jobs to execute...

[Tue Feb  2 13:02:58 2021]
rule get_indelible_dict:
    input: indelible_output/10/concatenated/4.fasta, indelible_output/10/cleaned_N0_trees/4.nwk
    output: indelible_dicts/10/leaves_4.p, indelible_dicts/10/gaps_4.p
    jobid: 86
    wildcards: taxon=10, rep=4

[Tue Feb  2 13:02:59 2021]
Finished job 86.
61 of 75 steps (81%) done
Select jobs to execute...

[Tue Feb  2 13:02:59 2021]
rule summarise_indels:
    input: grasp_results/10/SICML/4/tree.nwk, grasp_results/concatenated/10/SICML/4/GRASP_ancestors.fasta, indelible_output/10/cleaned_N0_trees/4.nwk, indelible_output/10/concatenated/4.fasta, indelible_dicts/10/leaves_4.p, indelible_dicts/10/gaps_4.p
    output: summaries/10/SICML/4.csv
    jobid: 110
    wildcards: taxon=10, method=SICML, rep=4

[Tue Feb  2 13:03:00 2021]
Finished job 110.
62 of 75 steps (83%) done
Select jobs to execute...

[Tue Feb  2 13:03:00 2021]
rule concat_summaries:
    input: summaries/10/SICML/1.csv, summaries/10/SICML/2.csv, summaries/10/SICML/3.csv, summaries/10/SICML/4.csv
    output: concatenated_summaries/10_SICML.csv
    jobid: 100
    wildcards: taxon=10, method=SICML

[Tue Feb  2 13:03:00 2021]
Finished job 100.
63 of 75 steps (84%) done
Select jobs to execute...

[Tue Feb  2 13:03:00 2021]
rule summarise_indels:
    input: grasp_results/10/BEP/4/tree.nwk, grasp_results/concatenated/10/BEP/4/GRASP_ancestors.fasta, indelible_output/10/cleaned_N0_trees/4.nwk, indelible_output/10/concatenated/4.fasta, indelible_dicts/10/leaves_4.p, indelible_dicts/10/gaps_4.p
    output: summaries/10/BEP/4.csv
    jobid: 80
    wildcards: taxon=10, method=BEP, rep=4

[Tue Feb  2 13:03:01 2021]
Finished job 80.
64 of 75 steps (85%) done
Select jobs to execute...

[Tue Feb  2 13:03:01 2021]
rule concat_summaries:
    input: summaries/10/BEP/1.csv, summaries/10/BEP/2.csv, summaries/10/BEP/3.csv, summaries/10/BEP/4.csv
    output: concatenated_summaries/10_BEP.csv
    jobid: 57
    wildcards: taxon=10, method=BEP

[Tue Feb  2 13:03:01 2021]
Finished job 57.
65 of 75 steps (87%) done
Select jobs to execute...

[Tue Feb  2 13:03:01 2021]
rule summarise_indelible:
    input: indelible_output/10/cleaned_N0_trees/4.nwk, indelible_output/10/concatenated/4.fasta, indelible_output/10/cleaned_N0_trees/4.nwk, indelible_output/10/concatenated/4.fasta, indelible_dicts/10/leaves_4.p, indelible_dicts/10/gaps_4.p
    output: indelible_summaries/10/4.csv
    jobid: 148
    wildcards: taxon=10, rep=4

[Tue Feb  2 13:03:02 2021]
Finished job 148.
66 of 75 steps (88%) done
Select jobs to execute...

[Tue Feb  2 13:03:02 2021]
rule concat_indelible_summaries:
    input: indelible_summaries/10/1.csv, indelible_summaries/10/2.csv, indelible_summaries/10/3.csv, indelible_summaries/10/4.csv
    output: concatenated_indelible_summaries/10.csv
    jobid: 144
    wildcards: taxon=10

[Tue Feb  2 13:03:02 2021]
Finished job 144.
67 of 75 steps (89%) done
Select jobs to execute...

[Tue Feb  2 13:03:02 2021]
rule summarise_indels:
    input: grasp_results/10/SICP/4/tree.nwk, grasp_results/concatenated/10/SICP/4/GRASP_ancestors.fasta, indelible_output/10/cleaned_N0_trees/4.nwk, indelible_output/10/concatenated/4.fasta, indelible_dicts/10/leaves_4.p, indelible_dicts/10/gaps_4.p
    output: summaries/10/SICP/4.csv
    jobid: 97
    wildcards: taxon=10, method=SICP, rep=4

[Tue Feb  2 13:03:03 2021]
Finished job 97.
68 of 75 steps (91%) done
Select jobs to execute...

[Tue Feb  2 13:03:04 2021]
rule concat_fasta:
    input: indelible_output/10/cleaned_aln/1.fasta, grasp_results/10/SICP/1/GRASP_ancestors.fasta
    output: grasp_results/concatenated/10/SICP/1/GRASP_ancestors.fasta
    jobid: 90
    wildcards: taxon=10, method=SICP, rep=1

[Tue Feb  2 13:03:04 2021]
Finished job 90.
69 of 75 steps (92%) done
Select jobs to execute...

[Tue Feb  2 13:03:04 2021]
rule summarise_indels:
    input: grasp_results/10/SICP/1/tree.nwk, grasp_results/concatenated/10/SICP/1/GRASP_ancestors.fasta, indelible_output/10/cleaned_N0_trees/1.nwk, indelible_output/10/concatenated/1.fasta, indelible_dicts/10/leaves_1.p, indelible_dicts/10/gaps_1.p
    output: summaries/10/SICP/1.csv
    jobid: 88
    wildcards: taxon=10, method=SICP, rep=1

[Tue Feb  2 13:03:05 2021]
Finished job 88.
70 of 75 steps (93%) done
Select jobs to execute...

[Tue Feb  2 13:03:05 2021]
rule clean_fastml:
    input: fastml_results/10/4/seq.joint.txt, fastml_results/10/4/tree.newick.txt
    output: fastml_results/10/concatenated/4/FastML_ancestors.fasta, fastml_results/10/cleaned_N0_trees/4/tree.nwk
    jobid: 137
    wildcards: taxon=10, rep=4

[Tue Feb  2 13:03:06 2021]
Finished job 137.
71 of 75 steps (95%) done
Select jobs to execute...

[Tue Feb  2 13:03:06 2021]
rule summarise_fastml_indels:
    input: fastml_results/10/concatenated/4/FastML_ancestors.fasta, fastml_results/10/cleaned_N0_trees/4/tree.nwk, indelible_output/10/cleaned_N0_trees/4.nwk, indelible_output/10/concatenated/4.fasta, indelible_dicts/10/leaves_4.p, indelible_dicts/10/gaps_4.p
    output: fastml_summaries/10/fastml/4.csv
    jobid: 136
    wildcards: taxon=10, rep=4

[Tue Feb  2 13:03:07 2021]
Finished job 136.
72 of 75 steps (96%) done
Select jobs to execute...

[Tue Feb  2 13:03:07 2021]
rule concat_summaries:
    input: summaries/10/SICP/1.csv, summaries/10/SICP/2.csv, summaries/10/SICP/3.csv, summaries/10/SICP/4.csv
    output: concatenated_summaries/10_SICP.csv
    jobid: 87
    wildcards: taxon=10, method=SICP

[Tue Feb  2 13:03:07 2021]
Finished job 87.
73 of 75 steps (97%) done
Select jobs to execute...

[Tue Feb  2 13:03:07 2021]
rule concat_fastml_summaries:
    input: fastml_summaries/10/fastml/1.csv, fastml_summaries/10/fastml/2.csv, fastml_summaries/10/fastml/3.csv, fastml_summaries/10/fastml/4.csv
    output: concatenated_fastml_summaries/10.csv
    jobid: 126
    wildcards: taxon=10

[Tue Feb  2 13:03:07 2021]
Finished job 126.
74 of 75 steps (99%) done
Select jobs to execute...

[Tue Feb  2 13:03:07 2021]
rule generate_output_dict:
    input: concatenated_summaries/5_BEP.csv, concatenated_summaries/5_SICP.csv, concatenated_summaries/5_SICML.csv, concatenated_summaries/10_BEP.csv, concatenated_summaries/10_SICP.csv, concatenated_summaries/10_SICML.csv, concatenated_fastml_summaries/5.csv, concatenated_fastml_summaries/10.csv, concatenated_indelible_summaries/5.csv, concatenated_indelible_summaries/10.csv
    output: output_dicts/output.p
    jobid: 0

[Tue Feb  2 13:03:13 2021]
Finished job 0.
75 of 75 steps (100%) done
Complete log: /Users/gabefoley/Dropbox/PhD/20210121_Indel_Evaluation_Project/Indel_Evaluation_Snakemake/.snakemake/log/2021-02-02T130122.934835.snakemake.log
