Building DAG of jobs...
Using shell: /bin/bash
Provided cores: 1 (use --cores to define parallelism)
Rules claiming more threads will be scaled down.
Job counts:
	count	jobs
	1	all
	4	clean_fasta
	12	concat_fasta
	2	create_control_files
	12	run_grasp
	4	run_indelible
	12	summarise_indels
	47
Select jobs to execute...

[Thu Jan 28 12:20:00 2021]
rule create_control_files:
    output: indelible/4_control.txt
    jobid: 5
    wildcards: taxon=4

[Thu Jan 28 12:20:00 2021]
Finished job 5.
1 of 47 steps (2%) done
Select jobs to execute...

[Thu Jan 28 12:20:00 2021]
rule create_control_files:
    output: indelible/8_control.txt
    jobid: 28
    wildcards: taxon=8

[Thu Jan 28 12:20:01 2021]
Finished job 28.
2 of 47 steps (4%) done
Select jobs to execute...

[Thu Jan 28 12:20:01 2021]
rule run_indelible:
    input: indelible/8_control.txt
    output: indelible_output/8/cleaned_trees/8_tree_1.nwk, indelible_output/8/8_TRUE_1.fasta
    jobid: 27
    wildcards: taxon=8, rep=1

[Thu Jan 28 12:20:01 2021]
Finished job 27.
3 of 47 steps (6%) done
Select jobs to execute...

[Thu Jan 28 12:20:01 2021]
rule clean_fasta:
    input: indelible_output/8/8_TRUE_1.fasta
    output: indelible_output/8/cleaned_aln/8_TRUE_1.fasta
    jobid: 26
    wildcards: taxon=8, rep=1

[Thu Jan 28 12:20:02 2021]
Finished job 26.
4 of 47 steps (9%) done
Select jobs to execute...

[Thu Jan 28 12:20:02 2021]
rule run_indelible:
    input: indelible/4_control.txt
    output: indelible_output/4/cleaned_trees/4_tree_1.nwk, indelible_output/4/4_TRUE_1.fasta
    jobid: 4
    wildcards: taxon=4, rep=1

[Thu Jan 28 12:20:02 2021]
Finished job 4.
5 of 47 steps (11%) done
Select jobs to execute...

[Thu Jan 28 12:20:02 2021]
rule run_grasp:
    input: indelible_output/8/cleaned_aln/8_TRUE_1.fasta, indelible_output/8/cleaned_trees/8_tree_1.nwk
    output: grasp_results/8/ancestors/SICP/8_output_1.fasta, grasp_results/8/ancestors/SICP/8_output_1.nwk
    jobid: 36
    wildcards: taxon=8, method=SICP, rep=1

Waiting at most 100 seconds for missing files.
Terminating processes on user request, this might take some time.
Cancelling snakemake on user request.
