Building DAG of jobs...
Using shell: /bin/bash
Provided cores: 1 (use --cores to define parallelism)
Rules claiming more threads will be scaled down.
Job counts:
	count	jobs
	3	clean_indelible
	1	compile_latex
	12	concat_fasta
	2	concat_indelible
	6	concat_summaries
	1	generate_latex
	4	get_indelible_dict
	10	run_grasp
	12	summarise_indels
	51
Select jobs to execute...

[Mon Feb  1 10:32:12 2021]
rule get_indelible_dict:
    input: indelible_output/8/concatenated/1.fasta, indelible_output/8/cleaned_N0_trees/1.nwk
    output: indelible_dicts/8/leaves_1.p, indelible_dicts/8/gaps_1.p
    jobid: 40
    wildcards: taxon=8, rep=1

[Mon Feb  1 10:32:12 2021]
Finished job 40.
1 of 51 steps (2%) done
Select jobs to execute...

[Mon Feb  1 10:32:12 2021]
rule concat_indelible:
    input: indelible_output/6/6_TRUE_2.fasta, indelible_output/6/6_ANCESTRAL_2.fasta
    output: indelible_output/6/concatenated/6_2.fasta
    jobid: 15
    wildcards: taxon=6, rep=2

[Mon Feb  1 10:32:12 2021]
Finished job 15.
2 of 51 steps (4%) done
Select jobs to execute...

[Mon Feb  1 10:32:12 2021]
rule concat_indelible:
    input: indelible_output/8/8_TRUE_2.fasta, indelible_output/8/8_ANCESTRAL_2.fasta
    output: indelible_output/8/concatenated/8_2.fasta
    jobid: 45
    wildcards: taxon=8, rep=2

[Mon Feb  1 10:32:12 2021]
Finished job 45.
3 of 51 steps (6%) done
Select jobs to execute...

[Mon Feb  1 10:32:12 2021]
rule clean_indelible:
    input: indelible_output/6/N0_trees/1.nwk, indelible_output/6/concatenated/6_1.fasta
    output: indelible_output/6/cleaned_aln/1.fasta, indelible_output/6/concatenated/1.fasta, indelible_output/6/cleaned_N0_trees/1.nwk
    jobid: 5
    wildcards: taxon=6, rep=1

[Mon Feb  1 10:32:13 2021]
Finished job 5.
4 of 51 steps (8%) done
Select jobs to execute...

[Mon Feb  1 10:32:13 2021]
rule run_grasp:
    input: indelible_output/6/cleaned_aln/1.fasta, indelible_output/6/cleaned_N0_trees/1.nwk
    output: grasp_results/6/SICML/1, grasp_results/6/SICML/1/GRASP_ancestors.fasta, grasp_results/6/SICML/1/tree.nwk
    jobid: 27
    wildcards: taxon=6, method=SICML, rep=1

[Mon Feb  1 10:32:13 2021]
Finished job 27.
5 of 51 steps (10%) done
Select jobs to execute...

[Mon Feb  1 10:32:13 2021]
rule run_grasp:
    input: indelible_output/6/cleaned_aln/1.fasta, indelible_output/6/cleaned_N0_trees/1.nwk
    output: grasp_results/6/SICP/1, grasp_results/6/SICP/1/GRASP_ancestors.fasta, grasp_results/6/SICP/1/tree.nwk
    jobid: 20
    wildcards: taxon=6, method=SICP, rep=1

[Mon Feb  1 10:32:14 2021]
Finished job 20.
6 of 51 steps (12%) done
Select jobs to execute...

[Mon Feb  1 10:32:14 2021]
rule get_indelible_dict:
    input: indelible_output/6/concatenated/1.fasta, indelible_output/6/cleaned_N0_trees/1.nwk
    output: indelible_dicts/6/leaves_1.p, indelible_dicts/6/gaps_1.p
    jobid: 10
    wildcards: taxon=6, rep=1

[Mon Feb  1 10:32:14 2021]
Finished job 10.
7 of 51 steps (14%) done
Select jobs to execute...

[Mon Feb  1 10:32:14 2021]
rule concat_fasta:
    input: indelible_output/6/cleaned_aln/1.fasta, grasp_results/6/SICP/1/GRASP_ancestors.fasta
    output: grasp_results/concatenated/6/SICP/1/GRASP_ancestors.fasta
    jobid: 21
    wildcards: taxon=6, method=SICP, rep=1

[Mon Feb  1 10:32:14 2021]
Finished job 21.
8 of 51 steps (16%) done
Select jobs to execute...

[Mon Feb  1 10:32:14 2021]
rule summarise_indels:
    input: grasp_results/6/SICP/1/tree.nwk, grasp_results/concatenated/6/SICP/1/GRASP_ancestors.fasta, indelible_output/6/cleaned_N0_trees/1.nwk, indelible_output/6/concatenated/1.fasta, indelible_dicts/6/leaves_1.p, indelible_dicts/6/gaps_1.p
    output: summaries/6/SICP/1.csv
    jobid: 19
    wildcards: taxon=6, method=SICP, rep=1

[Mon Feb  1 10:32:15 2021]
Finished job 19.
9 of 51 steps (18%) done
Select jobs to execute...

[Mon Feb  1 10:32:15 2021]
rule concat_fasta:
    input: indelible_output/6/cleaned_aln/1.fasta, grasp_results/6/SICML/1/GRASP_ancestors.fasta
    output: grasp_results/concatenated/6/SICML/1/GRASP_ancestors.fasta
    jobid: 28
    wildcards: taxon=6, method=SICML, rep=1

[Mon Feb  1 10:32:15 2021]
Finished job 28.
10 of 51 steps (20%) done
Select jobs to execute...

[Mon Feb  1 10:32:15 2021]
rule summarise_indels:
    input: grasp_results/6/SICML/1/tree.nwk, grasp_results/concatenated/6/SICML/1/GRASP_ancestors.fasta, indelible_output/6/cleaned_N0_trees/1.nwk, indelible_output/6/concatenated/1.fasta, indelible_dicts/6/leaves_1.p, indelible_dicts/6/gaps_1.p
    output: summaries/6/SICML/1.csv
    jobid: 26
    wildcards: taxon=6, method=SICML, rep=1

[Mon Feb  1 10:32:16 2021]
Finished job 26.
11 of 51 steps (22%) done
Select jobs to execute...

[Mon Feb  1 10:32:16 2021]
rule run_grasp:
    input: indelible_output/6/cleaned_aln/1.fasta, indelible_output/6/cleaned_N0_trees/1.nwk
    output: grasp_results/6/BEP/1, grasp_results/6/BEP/1/GRASP_ancestors.fasta, grasp_results/6/BEP/1/tree.nwk
    jobid: 4
    wildcards: taxon=6, method=BEP, rep=1

[Mon Feb  1 10:32:16 2021]
Finished job 4.
12 of 51 steps (24%) done
Select jobs to execute...

[Mon Feb  1 10:32:16 2021]
rule concat_fasta:
    input: indelible_output/6/cleaned_aln/1.fasta, grasp_results/6/BEP/1/GRASP_ancestors.fasta
    output: grasp_results/concatenated/6/BEP/1/GRASP_ancestors.fasta
    jobid: 9
    wildcards: taxon=6, method=BEP, rep=1

[Mon Feb  1 10:32:16 2021]
Finished job 9.
13 of 51 steps (25%) done
Select jobs to execute...

[Mon Feb  1 10:32:16 2021]
rule summarise_indels:
    input: grasp_results/6/BEP/1/tree.nwk, grasp_results/concatenated/6/BEP/1/GRASP_ancestors.fasta, indelible_output/6/cleaned_N0_trees/1.nwk, indelible_output/6/concatenated/1.fasta, indelible_dicts/6/leaves_1.p, indelible_dicts/6/gaps_1.p
    output: summaries/6/BEP/1.csv
    jobid: 3
    wildcards: taxon=6, method=BEP, rep=1

[Mon Feb  1 10:32:17 2021]
Finished job 3.
14 of 51 steps (27%) done
Select jobs to execute...

[Mon Feb  1 10:32:17 2021]
rule clean_indelible:
    input: indelible_output/6/N0_trees/2.nwk, indelible_output/6/concatenated/6_2.fasta
    output: indelible_output/6/cleaned_aln/2.fasta, indelible_output/6/concatenated/2.fasta, indelible_output/6/cleaned_N0_trees/2.nwk
    jobid: 13
    wildcards: taxon=6, rep=2

[Mon Feb  1 10:32:17 2021]
Finished job 13.
15 of 51 steps (29%) done
Select jobs to execute...

[Mon Feb  1 10:32:17 2021]
rule run_grasp:
    input: indelible_output/6/cleaned_aln/2.fasta, indelible_output/6/cleaned_N0_trees/2.nwk
    output: grasp_results/6/SICP/2, grasp_results/6/SICP/2/GRASP_ancestors.fasta, grasp_results/6/SICP/2/tree.nwk
    jobid: 23
    wildcards: taxon=6, method=SICP, rep=2

[Mon Feb  1 10:32:18 2021]
Finished job 23.
16 of 51 steps (31%) done
Select jobs to execute...

[Mon Feb  1 10:32:18 2021]
rule run_grasp:
    input: indelible_output/6/cleaned_aln/2.fasta, indelible_output/6/cleaned_N0_trees/2.nwk
    output: grasp_results/6/BEP/2, grasp_results/6/BEP/2/GRASP_ancestors.fasta, grasp_results/6/BEP/2/tree.nwk
    jobid: 12
    wildcards: taxon=6, method=BEP, rep=2

[Mon Feb  1 10:32:18 2021]
Finished job 12.
17 of 51 steps (33%) done
Select jobs to execute...

[Mon Feb  1 10:32:18 2021]
rule concat_fasta:
    input: indelible_output/6/cleaned_aln/2.fasta, grasp_results/6/BEP/2/GRASP_ancestors.fasta
    output: grasp_results/concatenated/6/BEP/2/GRASP_ancestors.fasta
    jobid: 16
    wildcards: taxon=6, method=BEP, rep=2

[Mon Feb  1 10:32:18 2021]
Finished job 16.
18 of 51 steps (35%) done
Select jobs to execute...

[Mon Feb  1 10:32:18 2021]
rule concat_fasta:
    input: indelible_output/6/cleaned_aln/2.fasta, grasp_results/6/SICP/2/GRASP_ancestors.fasta
    output: grasp_results/concatenated/6/SICP/2/GRASP_ancestors.fasta
    jobid: 24
    wildcards: taxon=6, method=SICP, rep=2

[Mon Feb  1 10:32:18 2021]
Finished job 24.
19 of 51 steps (37%) done
Select jobs to execute...

[Mon Feb  1 10:32:18 2021]
rule get_indelible_dict:
    input: indelible_output/6/concatenated/2.fasta, indelible_output/6/cleaned_N0_trees/2.nwk
    output: indelible_dicts/6/leaves_2.p, indelible_dicts/6/gaps_2.p
    jobid: 17
    wildcards: taxon=6, rep=2

[Mon Feb  1 10:32:19 2021]
Finished job 17.
20 of 51 steps (39%) done
Select jobs to execute...

[Mon Feb  1 10:32:19 2021]
rule summarise_indels:
    input: grasp_results/6/SICP/2/tree.nwk, grasp_results/concatenated/6/SICP/2/GRASP_ancestors.fasta, indelible_output/6/cleaned_N0_trees/2.nwk, indelible_output/6/concatenated/2.fasta, indelible_dicts/6/leaves_2.p, indelible_dicts/6/gaps_2.p
    output: summaries/6/SICP/2.csv
    jobid: 22
    wildcards: taxon=6, method=SICP, rep=2

[Mon Feb  1 10:32:19 2021]
Finished job 22.
21 of 51 steps (41%) done
Select jobs to execute...

[Mon Feb  1 10:32:19 2021]
rule concat_summaries:
    input: summaries/6/SICP/1.csv, summaries/6/SICP/2.csv
    output: concatenated_summaries/6_SICP.csv
    jobid: 18
    wildcards: taxon=6, method=SICP

[Mon Feb  1 10:32:19 2021]
Finished job 18.
22 of 51 steps (43%) done
Select jobs to execute...

[Mon Feb  1 10:32:19 2021]
rule summarise_indels:
    input: grasp_results/6/BEP/2/tree.nwk, grasp_results/concatenated/6/BEP/2/GRASP_ancestors.fasta, indelible_output/6/cleaned_N0_trees/2.nwk, indelible_output/6/concatenated/2.fasta, indelible_dicts/6/leaves_2.p, indelible_dicts/6/gaps_2.p
    output: summaries/6/BEP/2.csv
    jobid: 11
    wildcards: taxon=6, method=BEP, rep=2

[Mon Feb  1 10:32:20 2021]
Finished job 11.
23 of 51 steps (45%) done
Select jobs to execute...

[Mon Feb  1 10:32:20 2021]
rule concat_summaries:
    input: summaries/6/BEP/1.csv, summaries/6/BEP/2.csv
    output: concatenated_summaries/6_BEP.csv
    jobid: 2
    wildcards: taxon=6, method=BEP

[Mon Feb  1 10:32:20 2021]
Finished job 2.
24 of 51 steps (47%) done
Select jobs to execute...

[Mon Feb  1 10:32:20 2021]
rule run_grasp:
    input: indelible_output/6/cleaned_aln/2.fasta, indelible_output/6/cleaned_N0_trees/2.nwk
    output: grasp_results/6/SICML/2, grasp_results/6/SICML/2/GRASP_ancestors.fasta, grasp_results/6/SICML/2/tree.nwk
    jobid: 30
    wildcards: taxon=6, method=SICML, rep=2

[Mon Feb  1 10:32:21 2021]
Finished job 30.
25 of 51 steps (49%) done
Select jobs to execute...

[Mon Feb  1 10:32:21 2021]
rule concat_fasta:
    input: indelible_output/6/cleaned_aln/2.fasta, grasp_results/6/SICML/2/GRASP_ancestors.fasta
    output: grasp_results/concatenated/6/SICML/2/GRASP_ancestors.fasta
    jobid: 31
    wildcards: taxon=6, method=SICML, rep=2

[Mon Feb  1 10:32:21 2021]
Finished job 31.
26 of 51 steps (51%) done
Select jobs to execute...

[Mon Feb  1 10:32:21 2021]
rule summarise_indels:
    input: grasp_results/6/SICML/2/tree.nwk, grasp_results/concatenated/6/SICML/2/GRASP_ancestors.fasta, indelible_output/6/cleaned_N0_trees/2.nwk, indelible_output/6/concatenated/2.fasta, indelible_dicts/6/leaves_2.p, indelible_dicts/6/gaps_2.p
    output: summaries/6/SICML/2.csv
    jobid: 29
    wildcards: taxon=6, method=SICML, rep=2

[Mon Feb  1 10:32:21 2021]
Finished job 29.
27 of 51 steps (53%) done
Select jobs to execute...

[Mon Feb  1 10:32:21 2021]
rule concat_summaries:
    input: summaries/6/SICML/1.csv, summaries/6/SICML/2.csv
    output: concatenated_summaries/6_SICML.csv
    jobid: 25
    wildcards: taxon=6, method=SICML

[Mon Feb  1 10:32:21 2021]
Finished job 25.
28 of 51 steps (55%) done
Select jobs to execute...

[Mon Feb  1 10:32:21 2021]
rule clean_indelible:
    input: indelible_output/8/N0_trees/2.nwk, indelible_output/8/concatenated/8_2.fasta
    output: indelible_output/8/cleaned_aln/2.fasta, indelible_output/8/concatenated/2.fasta, indelible_output/8/cleaned_N0_trees/2.nwk
    jobid: 43
    wildcards: taxon=8, rep=2

[Mon Feb  1 10:32:22 2021]
Finished job 43.
29 of 51 steps (57%) done
Select jobs to execute...

[Mon Feb  1 10:32:22 2021]
rule run_grasp:
    input: indelible_output/8/cleaned_aln/2.fasta, indelible_output/8/cleaned_N0_trees/2.nwk
    output: grasp_results/8/SICP/2, grasp_results/8/SICP/2/GRASP_ancestors.fasta, grasp_results/8/SICP/2/tree.nwk
    jobid: 53
    wildcards: taxon=8, method=SICP, rep=2

[Mon Feb  1 10:32:23 2021]
Finished job 53.
30 of 51 steps (59%) done
Select jobs to execute...

[Mon Feb  1 10:32:23 2021]
rule run_grasp:
    input: indelible_output/8/cleaned_aln/2.fasta, indelible_output/8/cleaned_N0_trees/2.nwk
    output: grasp_results/8/BEP/2, grasp_results/8/BEP/2/GRASP_ancestors.fasta, grasp_results/8/BEP/2/tree.nwk
    jobid: 42
    wildcards: taxon=8, method=BEP, rep=2

[Mon Feb  1 10:32:23 2021]
Finished job 42.
31 of 51 steps (61%) done
Select jobs to execute...

[Mon Feb  1 10:32:23 2021]
rule concat_fasta:
    input: indelible_output/8/cleaned_aln/2.fasta, grasp_results/8/BEP/2/GRASP_ancestors.fasta
    output: grasp_results/concatenated/8/BEP/2/GRASP_ancestors.fasta
    jobid: 46
    wildcards: taxon=8, method=BEP, rep=2

[Mon Feb  1 10:32:23 2021]
Finished job 46.
32 of 51 steps (63%) done
Select jobs to execute...

[Mon Feb  1 10:32:23 2021]
rule concat_fasta:
    input: indelible_output/8/cleaned_aln/2.fasta, grasp_results/8/SICP/2/GRASP_ancestors.fasta
    output: grasp_results/concatenated/8/SICP/2/GRASP_ancestors.fasta
    jobid: 54
    wildcards: taxon=8, method=SICP, rep=2

[Mon Feb  1 10:32:23 2021]
Finished job 54.
33 of 51 steps (65%) done
Select jobs to execute...

[Mon Feb  1 10:32:23 2021]
rule run_grasp:
    input: indelible_output/8/cleaned_aln/2.fasta, indelible_output/8/cleaned_N0_trees/2.nwk
    output: grasp_results/8/SICML/2, grasp_results/8/SICML/2/GRASP_ancestors.fasta, grasp_results/8/SICML/2/tree.nwk
    jobid: 60
    wildcards: taxon=8, method=SICML, rep=2

[Mon Feb  1 10:32:24 2021]
Finished job 60.
34 of 51 steps (67%) done
Select jobs to execute...

[Mon Feb  1 10:32:24 2021]
rule concat_fasta:
    input: indelible_output/8/cleaned_aln/2.fasta, grasp_results/8/SICML/2/GRASP_ancestors.fasta
    output: grasp_results/concatenated/8/SICML/2/GRASP_ancestors.fasta
    jobid: 61
    wildcards: taxon=8, method=SICML, rep=2

[Mon Feb  1 10:32:24 2021]
Finished job 61.
35 of 51 steps (69%) done
Select jobs to execute...

[Mon Feb  1 10:32:24 2021]
rule run_grasp:
    input: indelible_output/8/cleaned_aln/1.fasta, indelible_output/8/cleaned_N0_trees/1.nwk
    output: grasp_results/8/BEP/1, grasp_results/8/BEP/1/GRASP_ancestors.fasta, grasp_results/8/BEP/1/tree.nwk
    jobid: 34
    wildcards: taxon=8, method=BEP, rep=1

[Mon Feb  1 10:32:25 2021]
Finished job 34.
36 of 51 steps (71%) done
Select jobs to execute...

[Mon Feb  1 10:32:25 2021]
rule concat_fasta:
    input: indelible_output/8/cleaned_aln/1.fasta, grasp_results/8/BEP/1/GRASP_ancestors.fasta
    output: grasp_results/concatenated/8/BEP/1/GRASP_ancestors.fasta
    jobid: 39
    wildcards: taxon=8, method=BEP, rep=1

[Mon Feb  1 10:32:25 2021]
Finished job 39.
37 of 51 steps (73%) done
Select jobs to execute...

[Mon Feb  1 10:32:25 2021]
rule summarise_indels:
    input: grasp_results/8/BEP/1/tree.nwk, grasp_results/concatenated/8/BEP/1/GRASP_ancestors.fasta, indelible_output/8/cleaned_N0_trees/1.nwk, indelible_output/8/concatenated/1.fasta, indelible_dicts/8/leaves_1.p, indelible_dicts/8/gaps_1.p
    output: summaries/8/BEP/1.csv
    jobid: 33
    wildcards: taxon=8, method=BEP, rep=1

[Mon Feb  1 10:32:25 2021]
Finished job 33.
38 of 51 steps (75%) done
Select jobs to execute...

[Mon Feb  1 10:32:25 2021]
rule concat_fasta:
    input: indelible_output/8/cleaned_aln/1.fasta, grasp_results/8/SICP/1/GRASP_ancestors.fasta
    output: grasp_results/concatenated/8/SICP/1/GRASP_ancestors.fasta
    jobid: 51
    wildcards: taxon=8, method=SICP, rep=1

[Mon Feb  1 10:32:25 2021]
Finished job 51.
39 of 51 steps (76%) done
Select jobs to execute...

[Mon Feb  1 10:32:25 2021]
rule concat_fasta:
    input: indelible_output/8/cleaned_aln/1.fasta, grasp_results/8/SICML/1/GRASP_ancestors.fasta
    output: grasp_results/concatenated/8/SICML/1/GRASP_ancestors.fasta
    jobid: 58
    wildcards: taxon=8, method=SICML, rep=1

[Mon Feb  1 10:32:25 2021]
Finished job 58.
40 of 51 steps (78%) done
Select jobs to execute...

[Mon Feb  1 10:32:25 2021]
rule summarise_indels:
    input: grasp_results/8/SICML/1/tree.nwk, grasp_results/concatenated/8/SICML/1/GRASP_ancestors.fasta, indelible_output/8/cleaned_N0_trees/1.nwk, indelible_output/8/concatenated/1.fasta, indelible_dicts/8/leaves_1.p, indelible_dicts/8/gaps_1.p
    output: summaries/8/SICML/1.csv
    jobid: 56
    wildcards: taxon=8, method=SICML, rep=1

[Mon Feb  1 10:32:26 2021]
Finished job 56.
41 of 51 steps (80%) done
Select jobs to execute...

[Mon Feb  1 10:32:26 2021]
rule summarise_indels:
    input: grasp_results/8/SICP/1/tree.nwk, grasp_results/concatenated/8/SICP/1/GRASP_ancestors.fasta, indelible_output/8/cleaned_N0_trees/1.nwk, indelible_output/8/concatenated/1.fasta, indelible_dicts/8/leaves_1.p, indelible_dicts/8/gaps_1.p
    output: summaries/8/SICP/1.csv
    jobid: 49
    wildcards: taxon=8, method=SICP, rep=1

[Mon Feb  1 10:32:27 2021]
Finished job 49.
42 of 51 steps (82%) done
Select jobs to execute...

[Mon Feb  1 10:32:27 2021]
rule get_indelible_dict:
    input: indelible_output/8/concatenated/2.fasta, indelible_output/8/cleaned_N0_trees/2.nwk
    output: indelible_dicts/8/leaves_2.p, indelible_dicts/8/gaps_2.p
    jobid: 47
    wildcards: taxon=8, rep=2

[Mon Feb  1 10:32:27 2021]
Finished job 47.
43 of 51 steps (84%) done
Select jobs to execute...

[Mon Feb  1 10:32:27 2021]
rule summarise_indels:
    input: grasp_results/8/SICP/2/tree.nwk, grasp_results/concatenated/8/SICP/2/GRASP_ancestors.fasta, indelible_output/8/cleaned_N0_trees/2.nwk, indelible_output/8/concatenated/2.fasta, indelible_dicts/8/leaves_2.p, indelible_dicts/8/gaps_2.p
    output: summaries/8/SICP/2.csv
    jobid: 52
    wildcards: taxon=8, method=SICP, rep=2

[Mon Feb  1 10:32:28 2021]
Finished job 52.
44 of 51 steps (86%) done
Select jobs to execute...

[Mon Feb  1 10:32:28 2021]
rule summarise_indels:
    input: grasp_results/8/BEP/2/tree.nwk, grasp_results/concatenated/8/BEP/2/GRASP_ancestors.fasta, indelible_output/8/cleaned_N0_trees/2.nwk, indelible_output/8/concatenated/2.fasta, indelible_dicts/8/leaves_2.p, indelible_dicts/8/gaps_2.p
    output: summaries/8/BEP/2.csv
    jobid: 41
    wildcards: taxon=8, method=BEP, rep=2

[Mon Feb  1 10:32:29 2021]
Finished job 41.
45 of 51 steps (88%) done
Select jobs to execute...

[Mon Feb  1 10:32:29 2021]
rule concat_summaries:
    input: summaries/8/BEP/1.csv, summaries/8/BEP/2.csv
    output: concatenated_summaries/8_BEP.csv
    jobid: 32
    wildcards: taxon=8, method=BEP

[Mon Feb  1 10:32:29 2021]
Finished job 32.
46 of 51 steps (90%) done
Select jobs to execute...

[Mon Feb  1 10:32:29 2021]
rule concat_summaries:
    input: summaries/8/SICP/1.csv, summaries/8/SICP/2.csv
    output: concatenated_summaries/8_SICP.csv
    jobid: 48
    wildcards: taxon=8, method=SICP

[Mon Feb  1 10:32:29 2021]
Finished job 48.
47 of 51 steps (92%) done
Select jobs to execute...

[Mon Feb  1 10:32:29 2021]
rule summarise_indels:
    input: grasp_results/8/SICML/2/tree.nwk, grasp_results/concatenated/8/SICML/2/GRASP_ancestors.fasta, indelible_output/8/cleaned_N0_trees/2.nwk, indelible_output/8/concatenated/2.fasta, indelible_dicts/8/leaves_2.p, indelible_dicts/8/gaps_2.p
    output: summaries/8/SICML/2.csv
    jobid: 59
    wildcards: taxon=8, method=SICML, rep=2

[Mon Feb  1 10:32:29 2021]
Finished job 59.
48 of 51 steps (94%) done
Select jobs to execute...

[Mon Feb  1 10:32:29 2021]
rule concat_summaries:
    input: summaries/8/SICML/1.csv, summaries/8/SICML/2.csv
    output: concatenated_summaries/8_SICML.csv
    jobid: 55
    wildcards: taxon=8, method=SICML

[Mon Feb  1 10:32:29 2021]
Finished job 55.
49 of 51 steps (96%) done
Select jobs to execute...

[Mon Feb  1 10:32:29 2021]
rule generate_latex:
    input: concatenated_summaries/6_BEP.csv, concatenated_summaries/6_SICP.csv, concatenated_summaries/6_SICML.csv, concatenated_summaries/8_BEP.csv, concatenated_summaries/8_SICP.csv, concatenated_summaries/8_SICML.csv
    output: plots/plot.tex
    jobid: 1

[Mon Feb  1 10:32:30 2021]
Error in rule generate_latex:
    jobid: 1
    output: plots/plot.tex

RuleException:
CalledProcessError in line 135 of /Users/gabefoley/Dropbox/PhD/20210121_Indel_Evaluation_Project/Indel_Evaluation_Snakemake/Snakefile:
Command 'set -euo pipefail;  /Users/gabefoley/miniconda3_latest/envs/indel_snakemake/bin/python3.9 /Users/gabefoley/Dropbox/PhD/20210121_Indel_Evaluation_Project/Indel_Evaluation_Snakemake/.snakemake/scripts/tmp65k61cdz.generate_latex.py' returned non-zero exit status 1.
  File "/Users/gabefoley/miniconda3_latest/envs/indel_snakemake/lib/python3.9/site-packages/snakemake/executors/__init__.py", line 2319, in run_wrapper
  File "/Users/gabefoley/Dropbox/PhD/20210121_Indel_Evaluation_Project/Indel_Evaluation_Snakemake/Snakefile", line 135, in __rule_generate_latex
  File "/Users/gabefoley/miniconda3_latest/envs/indel_snakemake/lib/python3.9/site-packages/snakemake/executors/__init__.py", line 568, in _callback
  File "/Users/gabefoley/miniconda3_latest/envs/indel_snakemake/lib/python3.9/concurrent/futures/thread.py", line 52, in run
  File "/Users/gabefoley/miniconda3_latest/envs/indel_snakemake/lib/python3.9/site-packages/snakemake/executors/__init__.py", line 554, in cached_or_run
  File "/Users/gabefoley/miniconda3_latest/envs/indel_snakemake/lib/python3.9/site-packages/snakemake/executors/__init__.py", line 2350, in run_wrapper
Shutting down, this might take some time.
Exiting because a job execution failed. Look above for error message
Complete log: /Users/gabefoley/Dropbox/PhD/20210121_Indel_Evaluation_Project/Indel_Evaluation_Snakemake/.snakemake/log/2021-02-01T103211.994242.snakemake.log
