Building DAG of jobs...
Using shell: /bin/bash
Provided cores: 1 (use --cores to define parallelism)
Rules claiming more threads will be scaled down.
Job counts:
	count	jobs
	1	all
	4	clean_fasta
	2	create_control_files
	4	remove_cols
	4	run_indelible
	4	split_trees
	19
Select jobs to execute...

[Sun Jan 24 23:26:54 2021]
rule create_control_files:
    output: indelible/40_control.txt
    jobid: 3
    wildcards: taxon=40

[Sun Jan 24 23:26:54 2021]
Finished job 3.
1 of 19 steps (5%) done
Select jobs to execute...

[Sun Jan 24 23:26:54 2021]
rule create_control_files:
    output: indelible/80_control.txt
    jobid: 8
    wildcards: taxon=80

[Sun Jan 24 23:26:54 2021]
Finished job 8.
2 of 19 steps (11%) done
Select jobs to execute...

[Sun Jan 24 23:26:54 2021]
rule run_indelible:
    input: indelible/80_control.txt
    output: indelible_output/80/80_TRUE_2.fasta
    jobid: 10
    wildcards: taxon=80, rep=2

[Sun Jan 24 23:26:55 2021]
Finished job 10.
3 of 19 steps (16%) done
Select jobs to execute...

[Sun Jan 24 23:26:55 2021]
rule run_indelible:
    input: indelible/40_control.txt
    output: indelible_output/40/40_TRUE_1.fasta
    jobid: 2
    wildcards: taxon=40, rep=1

[Sun Jan 24 23:26:55 2021]
Finished job 2.
4 of 19 steps (21%) done
Select jobs to execute...

[Sun Jan 24 23:26:55 2021]
rule clean_fasta:
    input: indelible_output/40/40_TRUE_1.fasta
    output: cleaned_aln/40/40_TRUE_1.fasta
    jobid: 12
    wildcards: taxon=40, rep=1

RuleException in line 35 of /Users/gabefoley/Dropbox/PhD/20210121_Indel_Evaluation_Project/Indel_Evaluation_Snakemake/Snakefile:
NameError: The name 'folder' is unknown in this context. Please make sure that you defined that variable. Also note that braces not used for variable access have to be escaped by repeating them, i.e. {{print $1}}
  File "/Users/gabefoley/miniconda3_latest/envs/indel_snakemake/lib/python3.9/site-packages/snakemake/executors/__init__.py", line 136, in run_jobs
  File "/Users/gabefoley/miniconda3_latest/envs/indel_snakemake/lib/python3.9/site-packages/snakemake/executors/__init__.py", line 441, in run
  File "/Users/gabefoley/miniconda3_latest/envs/indel_snakemake/lib/python3.9/site-packages/snakemake/executors/__init__.py", line 230, in _run
  File "/Users/gabefoley/miniconda3_latest/envs/indel_snakemake/lib/python3.9/site-packages/snakemake/executors/__init__.py", line 156, in _run
  File "/Users/gabefoley/miniconda3_latest/envs/indel_snakemake/lib/python3.9/site-packages/snakemake/executors/__init__.py", line 162, in printjob
