Building DAG of jobs...
Using shell: /bin/bash
Provided cores: 1 (use --cores to define parallelism)
Rules claiming more threads will be scaled down.
Job counts:
	count	jobs
	12	clean_indelible
	1	compile_latex
	12	concat_fasta
	12	concat_indelible
	3	concat_indelible_summaries
	3	concat_summaries
	3	create_control_files
	1	generate_latex
	1	generate_output_dict
	12	get_indelible_dict
	12	run_grasp
	12	run_indelible
	12	summarise_indelible
	12	summarise_indels
	108
Select jobs to execute...

[Mon Mar  1 16:28:52 2021]
rule create_control_files:
    output: indelible/15_control.txt
    jobid: 68
    wildcards: taxon=15

[Mon Mar  1 16:28:52 2021]
Finished job 68.
1 of 108 steps (0.93%) done
Select jobs to execute...

[Mon Mar  1 16:28:52 2021]
rule run_indelible:
    input: indelible/15_control.txt
    output: indelible_output/15/trees/4.nwk, indelible_output/15/15_TRUE_4.fasta, indelible_output/15/15_ANCESTRAL_4.fasta, indelible_output/15/N0_trees/4.nwk
    jobid: 89
    wildcards: taxon=15, rep=4

[Mon Mar  1 16:28:54 2021]
Finished job 89.
2 of 108 steps (2%) done
Select jobs to execute...

[Mon Mar  1 16:28:54 2021]
rule concat_indelible:
    input: indelible_output/15/15_TRUE_4.fasta, indelible_output/15/15_ANCESTRAL_4.fasta
    output: indelible_output/15/concatenated/15_4.fasta
    jobid: 90
    wildcards: taxon=15, rep=4

[Mon Mar  1 16:28:54 2021]
Finished job 90.
3 of 108 steps (3%) done
Select jobs to execute...

[Mon Mar  1 16:28:54 2021]
rule clean_indelible:
    input: indelible_output/15/N0_trees/4.nwk, indelible_output/15/concatenated/15_4.fasta
    output: indelible_output/15/cleaned_aln/4.fasta, indelible_output/15/concatenated/4.fasta, indelible_output/15/cleaned_trees/4.nwk, indelible_output/15/cleaned_N0_trees/4.nwk, indelible_output/15/cleaned_no_internal_trees/4.nwk
    jobid: 88
    wildcards: taxon=15, rep=4

[Mon Mar  1 16:28:55 2021]
Finished job 88.
4 of 108 steps (4%) done
Select jobs to execute...

[Mon Mar  1 16:28:55 2021]
rule run_grasp:
    input: indelible_output/15/cleaned_aln/4.fasta, indelible_output/15/cleaned_N0_trees/4.nwk
    output: grasp_results/15/BEML/4, grasp_results/15/BEML/4/GRASP_ancestors.fasta, grasp_results/15/BEML/4/GRASP_ancestors.nwk
    jobid: 87
    wildcards: taxon=15, method=BEML, rep=4

[Mon Mar  1 16:28:56 2021]
Finished job 87.
5 of 108 steps (5%) done
Select jobs to execute...

[Mon Mar  1 16:28:56 2021]
rule concat_fasta:
    input: indelible_output/15/cleaned_aln/4.fasta, grasp_results/15/BEML/4/GRASP_ancestors.fasta
    output: grasp_results/concatenated/15/BEML/4/GRASP_ancestors.fasta
    jobid: 91
    wildcards: taxon=15, method=BEML, rep=4

[Mon Mar  1 16:28:56 2021]
Finished job 91.
6 of 108 steps (6%) done
Select jobs to execute...

[Mon Mar  1 16:28:56 2021]
rule get_indelible_dict:
    input: indelible_output/15/concatenated/4.fasta, indelible_output/15/cleaned_N0_trees/4.nwk
    output: indelible_dicts/15/leaves_4.p, indelible_dicts/15/gaps_4.p
    jobid: 92
    wildcards: taxon=15, rep=4

[Mon Mar  1 16:28:57 2021]
Finished job 92.
7 of 108 steps (6%) done
Select jobs to execute...

[Mon Mar  1 16:28:57 2021]
rule summarise_indelible:
    input: indelible_output/15/cleaned_N0_trees/4.nwk, indelible_output/15/concatenated/4.fasta, indelible_output/15/cleaned_N0_trees/4.nwk, indelible_output/15/concatenated/4.fasta, indelible_dicts/15/leaves_4.p, indelible_dicts/15/gaps_4.p
    output: indelible_summaries/15/4.csv
    jobid: 107
    wildcards: taxon=15, rep=4

[Mon Mar  1 16:28:58 2021]
Finished job 107.
8 of 108 steps (7%) done
Select jobs to execute...

[Mon Mar  1 16:28:59 2021]
rule summarise_indels:
    input: grasp_results/15/BEML/4/GRASP_ancestors.nwk, grasp_results/concatenated/15/BEML/4/GRASP_ancestors.fasta, indelible_output/15/cleaned_N0_trees/4.nwk, indelible_output/15/concatenated/4.fasta, indelible_dicts/15/leaves_4.p, indelible_dicts/15/gaps_4.p
    output: summaries/15/BEML/4.csv
    jobid: 86
    wildcards: taxon=15, method=BEML, rep=4

[Mon Mar  1 16:29:00 2021]
Finished job 86.
9 of 108 steps (8%) done
Select jobs to execute...

[Mon Mar  1 16:29:00 2021]
rule create_control_files:
    output: indelible/10_control.txt
    jobid: 38
    wildcards: taxon=10

[Mon Mar  1 16:29:00 2021]
Finished job 38.
10 of 108 steps (9%) done
Select jobs to execute...

[Mon Mar  1 16:29:00 2021]
rule run_indelible:
    input: indelible/10_control.txt
    output: indelible_output/10/trees/4.nwk, indelible_output/10/10_TRUE_4.fasta, indelible_output/10/10_ANCESTRAL_4.fasta, indelible_output/10/N0_trees/4.nwk
    jobid: 59
    wildcards: taxon=10, rep=4

[Mon Mar  1 16:29:01 2021]
Finished job 59.
11 of 108 steps (10%) done
Select jobs to execute...

[Mon Mar  1 16:29:01 2021]
rule concat_indelible:
    input: indelible_output/10/10_TRUE_4.fasta, indelible_output/10/10_ANCESTRAL_4.fasta
    output: indelible_output/10/concatenated/10_4.fasta
    jobid: 60
    wildcards: taxon=10, rep=4

[Mon Mar  1 16:29:01 2021]
Finished job 60.
12 of 108 steps (11%) done
Select jobs to execute...

[Mon Mar  1 16:29:01 2021]
rule clean_indelible:
    input: indelible_output/10/N0_trees/4.nwk, indelible_output/10/concatenated/10_4.fasta
    output: indelible_output/10/cleaned_aln/4.fasta, indelible_output/10/concatenated/4.fasta, indelible_output/10/cleaned_trees/4.nwk, indelible_output/10/cleaned_N0_trees/4.nwk, indelible_output/10/cleaned_no_internal_trees/4.nwk
    jobid: 58
    wildcards: taxon=10, rep=4

[Mon Mar  1 16:29:02 2021]
Finished job 58.
13 of 108 steps (12%) done
Select jobs to execute...

[Mon Mar  1 16:29:02 2021]
rule run_grasp:
    input: indelible_output/10/cleaned_aln/4.fasta, indelible_output/10/cleaned_N0_trees/4.nwk
    output: grasp_results/10/BEML/4, grasp_results/10/BEML/4/GRASP_ancestors.fasta, grasp_results/10/BEML/4/GRASP_ancestors.nwk
    jobid: 57
    wildcards: taxon=10, method=BEML, rep=4

[Mon Mar  1 16:29:03 2021]
Finished job 57.
14 of 108 steps (13%) done
Select jobs to execute...

[Mon Mar  1 16:29:03 2021]
rule get_indelible_dict:
    input: indelible_output/10/concatenated/4.fasta, indelible_output/10/cleaned_N0_trees/4.nwk
    output: indelible_dicts/10/leaves_4.p, indelible_dicts/10/gaps_4.p
    jobid: 62
    wildcards: taxon=10, rep=4

[Mon Mar  1 16:29:04 2021]
Finished job 62.
15 of 108 steps (14%) done
Select jobs to execute...

[Mon Mar  1 16:29:04 2021]
rule summarise_indelible:
    input: indelible_output/10/cleaned_N0_trees/4.nwk, indelible_output/10/concatenated/4.fasta, indelible_output/10/cleaned_N0_trees/4.nwk, indelible_output/10/concatenated/4.fasta, indelible_dicts/10/leaves_4.p, indelible_dicts/10/gaps_4.p
    output: indelible_summaries/10/4.csv
    jobid: 102
    wildcards: taxon=10, rep=4

[Mon Mar  1 16:29:05 2021]
Finished job 102.
16 of 108 steps (15%) done
Select jobs to execute...

[Mon Mar  1 16:29:05 2021]
rule run_indelible:
    input: indelible/10_control.txt
    output: indelible_output/10/trees/3.nwk, indelible_output/10/10_TRUE_3.fasta, indelible_output/10/10_ANCESTRAL_3.fasta, indelible_output/10/N0_trees/3.nwk
    jobid: 52
    wildcards: taxon=10, rep=3

Warning: the following output files of rule run_indelible were not present when the DAG was created:
{'indelible_output/10/10_ANCESTRAL_3.fasta', 'indelible_output/10/N0_trees/3.nwk', 'indelible_output/10/10_TRUE_3.fasta'}
[Mon Mar  1 16:29:07 2021]
Finished job 52.
17 of 108 steps (16%) done
Select jobs to execute...

[Mon Mar  1 16:29:07 2021]
rule concat_indelible:
    input: indelible_output/10/10_TRUE_3.fasta, indelible_output/10/10_ANCESTRAL_3.fasta
    output: indelible_output/10/concatenated/10_3.fasta
    jobid: 53
    wildcards: taxon=10, rep=3

[Mon Mar  1 16:29:07 2021]
Finished job 53.
18 of 108 steps (17%) done
Select jobs to execute...

[Mon Mar  1 16:29:07 2021]
rule clean_indelible:
    input: indelible_output/10/N0_trees/3.nwk, indelible_output/10/concatenated/10_3.fasta
    output: indelible_output/10/cleaned_aln/3.fasta, indelible_output/10/concatenated/3.fasta, indelible_output/10/cleaned_trees/3.nwk, indelible_output/10/cleaned_N0_trees/3.nwk, indelible_output/10/cleaned_no_internal_trees/3.nwk
    jobid: 51
    wildcards: taxon=10, rep=3

[Mon Mar  1 16:29:08 2021]
Finished job 51.
19 of 108 steps (18%) done
Select jobs to execute...

[Mon Mar  1 16:29:08 2021]
rule get_indelible_dict:
    input: indelible_output/10/concatenated/3.fasta, indelible_output/10/cleaned_N0_trees/3.nwk
    output: indelible_dicts/10/leaves_3.p, indelible_dicts/10/gaps_3.p
    jobid: 55
    wildcards: taxon=10, rep=3

[Mon Mar  1 16:29:09 2021]
Finished job 55.
20 of 108 steps (19%) done
Select jobs to execute...

[Mon Mar  1 16:29:09 2021]
rule run_grasp:
    input: indelible_output/10/cleaned_aln/3.fasta, indelible_output/10/cleaned_N0_trees/3.nwk
    output: grasp_results/10/BEML/3, grasp_results/10/BEML/3/GRASP_ancestors.fasta, grasp_results/10/BEML/3/GRASP_ancestors.nwk
    jobid: 50
    wildcards: taxon=10, method=BEML, rep=3

[Mon Mar  1 16:29:10 2021]
Finished job 50.
21 of 108 steps (19%) done
Select jobs to execute...

[Mon Mar  1 16:29:10 2021]
rule concat_fasta:
    input: indelible_output/10/cleaned_aln/3.fasta, grasp_results/10/BEML/3/GRASP_ancestors.fasta
    output: grasp_results/concatenated/10/BEML/3/GRASP_ancestors.fasta
    jobid: 54
    wildcards: taxon=10, method=BEML, rep=3

[Mon Mar  1 16:29:10 2021]
Finished job 54.
22 of 108 steps (20%) done
Select jobs to execute...

[Mon Mar  1 16:29:10 2021]
rule summarise_indels:
    input: grasp_results/10/BEML/3/GRASP_ancestors.nwk, grasp_results/concatenated/10/BEML/3/GRASP_ancestors.fasta, indelible_output/10/cleaned_N0_trees/3.nwk, indelible_output/10/concatenated/3.fasta, indelible_dicts/10/leaves_3.p, indelible_dicts/10/gaps_3.p
    output: summaries/10/BEML/3.csv
    jobid: 49
    wildcards: taxon=10, method=BEML, rep=3

[Mon Mar  1 16:29:11 2021]
Finished job 49.
23 of 108 steps (21%) done
Select jobs to execute...

[Mon Mar  1 16:29:11 2021]
rule summarise_indelible:
    input: indelible_output/10/cleaned_N0_trees/3.nwk, indelible_output/10/concatenated/3.fasta, indelible_output/10/cleaned_N0_trees/3.nwk, indelible_output/10/concatenated/3.fasta, indelible_dicts/10/leaves_3.p, indelible_dicts/10/gaps_3.p
    output: indelible_summaries/10/3.csv
    jobid: 101
    wildcards: taxon=10, rep=3

[Mon Mar  1 16:29:12 2021]
Finished job 101.
24 of 108 steps (22%) done
Select jobs to execute...

[Mon Mar  1 16:29:12 2021]
rule run_indelible:
    input: indelible/10_control.txt
    output: indelible_output/10/trees/2.nwk, indelible_output/10/10_TRUE_2.fasta, indelible_output/10/10_ANCESTRAL_2.fasta, indelible_output/10/N0_trees/2.nwk
    jobid: 45
    wildcards: taxon=10, rep=2

Warning: the following output files of rule run_indelible were not present when the DAG was created:
{'indelible_output/10/N0_trees/2.nwk', 'indelible_output/10/10_TRUE_2.fasta', 'indelible_output/10/10_ANCESTRAL_2.fasta'}
[Mon Mar  1 16:29:13 2021]
Finished job 45.
25 of 108 steps (23%) done
Select jobs to execute...

[Mon Mar  1 16:29:13 2021]
rule concat_indelible:
    input: indelible_output/10/10_TRUE_2.fasta, indelible_output/10/10_ANCESTRAL_2.fasta
    output: indelible_output/10/concatenated/10_2.fasta
    jobid: 46
    wildcards: taxon=10, rep=2

[Mon Mar  1 16:29:13 2021]
Finished job 46.
26 of 108 steps (24%) done
Select jobs to execute...

[Mon Mar  1 16:29:13 2021]
rule clean_indelible:
    input: indelible_output/10/N0_trees/2.nwk, indelible_output/10/concatenated/10_2.fasta
    output: indelible_output/10/cleaned_aln/2.fasta, indelible_output/10/concatenated/2.fasta, indelible_output/10/cleaned_trees/2.nwk, indelible_output/10/cleaned_N0_trees/2.nwk, indelible_output/10/cleaned_no_internal_trees/2.nwk
    jobid: 44
    wildcards: taxon=10, rep=2

[Mon Mar  1 16:29:14 2021]
Finished job 44.
27 of 108 steps (25%) done
Select jobs to execute...

[Mon Mar  1 16:29:14 2021]
rule get_indelible_dict:
    input: indelible_output/10/concatenated/2.fasta, indelible_output/10/cleaned_N0_trees/2.nwk
    output: indelible_dicts/10/leaves_2.p, indelible_dicts/10/gaps_2.p
    jobid: 48
    wildcards: taxon=10, rep=2

[Mon Mar  1 16:29:15 2021]
Finished job 48.
28 of 108 steps (26%) done
Select jobs to execute...

[Mon Mar  1 16:29:15 2021]
rule summarise_indelible:
    input: indelible_output/10/cleaned_N0_trees/2.nwk, indelible_output/10/concatenated/2.fasta, indelible_output/10/cleaned_N0_trees/2.nwk, indelible_output/10/concatenated/2.fasta, indelible_dicts/10/leaves_2.p, indelible_dicts/10/gaps_2.p
    output: indelible_summaries/10/2.csv
    jobid: 100
    wildcards: taxon=10, rep=2

[Mon Mar  1 16:29:16 2021]
Finished job 100.
29 of 108 steps (27%) done
Select jobs to execute...

[Mon Mar  1 16:29:16 2021]
rule run_grasp:
    input: indelible_output/10/cleaned_aln/2.fasta, indelible_output/10/cleaned_N0_trees/2.nwk
    output: grasp_results/10/BEML/2, grasp_results/10/BEML/2/GRASP_ancestors.fasta, grasp_results/10/BEML/2/GRASP_ancestors.nwk
    jobid: 43
    wildcards: taxon=10, method=BEML, rep=2

[Mon Mar  1 16:29:17 2021]
Finished job 43.
30 of 108 steps (28%) done
Select jobs to execute...

[Mon Mar  1 16:29:17 2021]
rule concat_fasta:
    input: indelible_output/10/cleaned_aln/2.fasta, grasp_results/10/BEML/2/GRASP_ancestors.fasta
    output: grasp_results/concatenated/10/BEML/2/GRASP_ancestors.fasta
    jobid: 47
    wildcards: taxon=10, method=BEML, rep=2

[Mon Mar  1 16:29:17 2021]
Finished job 47.
31 of 108 steps (29%) done
Select jobs to execute...

[Mon Mar  1 16:29:17 2021]
rule summarise_indels:
    input: grasp_results/10/BEML/2/GRASP_ancestors.nwk, grasp_results/concatenated/10/BEML/2/GRASP_ancestors.fasta, indelible_output/10/cleaned_N0_trees/2.nwk, indelible_output/10/concatenated/2.fasta, indelible_dicts/10/leaves_2.p, indelible_dicts/10/gaps_2.p
    output: summaries/10/BEML/2.csv
    jobid: 42
    wildcards: taxon=10, method=BEML, rep=2

[Mon Mar  1 16:29:18 2021]
Finished job 42.
32 of 108 steps (30%) done
Select jobs to execute...

[Mon Mar  1 16:29:18 2021]
rule run_indelible:
    input: indelible/10_control.txt
    output: indelible_output/10/trees/1.nwk, indelible_output/10/10_TRUE_1.fasta, indelible_output/10/10_ANCESTRAL_1.fasta, indelible_output/10/N0_trees/1.nwk
    jobid: 37
    wildcards: taxon=10, rep=1

Warning: the following output files of rule run_indelible were not present when the DAG was created:
{'indelible_output/10/N0_trees/1.nwk', 'indelible_output/10/10_TRUE_1.fasta', 'indelible_output/10/10_ANCESTRAL_1.fasta'}
[Mon Mar  1 16:29:19 2021]
Finished job 37.
33 of 108 steps (31%) done
Select jobs to execute...

[Mon Mar  1 16:29:19 2021]
rule concat_indelible:
    input: indelible_output/10/10_TRUE_1.fasta, indelible_output/10/10_ANCESTRAL_1.fasta
    output: indelible_output/10/concatenated/10_1.fasta
    jobid: 39
    wildcards: taxon=10, rep=1

[Mon Mar  1 16:29:19 2021]
Finished job 39.
34 of 108 steps (31%) done
Select jobs to execute...

[Mon Mar  1 16:29:19 2021]
rule clean_indelible:
    input: indelible_output/10/N0_trees/1.nwk, indelible_output/10/concatenated/10_1.fasta
    output: indelible_output/10/cleaned_aln/1.fasta, indelible_output/10/concatenated/1.fasta, indelible_output/10/cleaned_trees/1.nwk, indelible_output/10/cleaned_N0_trees/1.nwk, indelible_output/10/cleaned_no_internal_trees/1.nwk
    jobid: 36
    wildcards: taxon=10, rep=1

[Mon Mar  1 16:29:20 2021]
Finished job 36.
35 of 108 steps (32%) done
Select jobs to execute...

[Mon Mar  1 16:29:20 2021]
rule get_indelible_dict:
    input: indelible_output/10/concatenated/1.fasta, indelible_output/10/cleaned_N0_trees/1.nwk
    output: indelible_dicts/10/leaves_1.p, indelible_dicts/10/gaps_1.p
    jobid: 41
    wildcards: taxon=10, rep=1

[Mon Mar  1 16:29:21 2021]
Finished job 41.
36 of 108 steps (33%) done
Select jobs to execute...

[Mon Mar  1 16:29:21 2021]
rule run_grasp:
    input: indelible_output/10/cleaned_aln/1.fasta, indelible_output/10/cleaned_N0_trees/1.nwk
    output: grasp_results/10/BEML/1, grasp_results/10/BEML/1/GRASP_ancestors.fasta, grasp_results/10/BEML/1/GRASP_ancestors.nwk
    jobid: 35
    wildcards: taxon=10, method=BEML, rep=1

[Mon Mar  1 16:29:22 2021]
Finished job 35.
37 of 108 steps (34%) done
Select jobs to execute...

[Mon Mar  1 16:29:22 2021]
rule concat_fasta:
    input: indelible_output/10/cleaned_aln/1.fasta, grasp_results/10/BEML/1/GRASP_ancestors.fasta
    output: grasp_results/concatenated/10/BEML/1/GRASP_ancestors.fasta
    jobid: 40
    wildcards: taxon=10, method=BEML, rep=1

[Mon Mar  1 16:29:22 2021]
Finished job 40.
38 of 108 steps (35%) done
Select jobs to execute...

[Mon Mar  1 16:29:22 2021]
rule summarise_indels:
    input: grasp_results/10/BEML/1/GRASP_ancestors.nwk, grasp_results/concatenated/10/BEML/1/GRASP_ancestors.fasta, indelible_output/10/cleaned_N0_trees/1.nwk, indelible_output/10/concatenated/1.fasta, indelible_dicts/10/leaves_1.p, indelible_dicts/10/gaps_1.p
    output: summaries/10/BEML/1.csv
    jobid: 34
    wildcards: taxon=10, method=BEML, rep=1

[Mon Mar  1 16:29:23 2021]
Finished job 34.
39 of 108 steps (36%) done
Select jobs to execute...

[Mon Mar  1 16:29:23 2021]
rule summarise_indelible:
    input: indelible_output/10/cleaned_N0_trees/1.nwk, indelible_output/10/concatenated/1.fasta, indelible_output/10/cleaned_N0_trees/1.nwk, indelible_output/10/concatenated/1.fasta, indelible_dicts/10/leaves_1.p, indelible_dicts/10/gaps_1.p
    output: indelible_summaries/10/1.csv
    jobid: 99
    wildcards: taxon=10, rep=1

[Mon Mar  1 16:29:24 2021]
Finished job 99.
40 of 108 steps (37%) done
Select jobs to execute...

[Mon Mar  1 16:29:24 2021]
rule concat_indelible_summaries:
    input: indelible_summaries/10/1.csv, indelible_summaries/10/2.csv, indelible_summaries/10/3.csv, indelible_summaries/10/4.csv
    output: concatenated_indelible_summaries/10.csv
    jobid: 98
    wildcards: taxon=10

[Mon Mar  1 16:29:24 2021]
Finished job 98.
41 of 108 steps (38%) done
Select jobs to execute...

[Mon Mar  1 16:29:24 2021]
rule create_control_files:
    output: indelible/5_control.txt
    jobid: 8
    wildcards: taxon=5

[Mon Mar  1 16:29:24 2021]
Finished job 8.
42 of 108 steps (39%) done
Select jobs to execute...

[Mon Mar  1 16:29:24 2021]
rule run_indelible:
    input: indelible/5_control.txt
    output: indelible_output/5/trees/4.nwk, indelible_output/5/5_TRUE_4.fasta, indelible_output/5/5_ANCESTRAL_4.fasta, indelible_output/5/N0_trees/4.nwk
    jobid: 29
    wildcards: taxon=5, rep=4

[Mon Mar  1 16:29:25 2021]
Finished job 29.
43 of 108 steps (40%) done
Select jobs to execute...

[Mon Mar  1 16:29:25 2021]
rule concat_indelible:
    input: indelible_output/5/5_TRUE_4.fasta, indelible_output/5/5_ANCESTRAL_4.fasta
    output: indelible_output/5/concatenated/5_4.fasta
    jobid: 30
    wildcards: taxon=5, rep=4

[Mon Mar  1 16:29:25 2021]
Finished job 30.
44 of 108 steps (41%) done
Select jobs to execute...

[Mon Mar  1 16:29:25 2021]
rule clean_indelible:
    input: indelible_output/5/N0_trees/4.nwk, indelible_output/5/concatenated/5_4.fasta
    output: indelible_output/5/cleaned_aln/4.fasta, indelible_output/5/concatenated/4.fasta, indelible_output/5/cleaned_trees/4.nwk, indelible_output/5/cleaned_N0_trees/4.nwk, indelible_output/5/cleaned_no_internal_trees/4.nwk
    jobid: 28
    wildcards: taxon=5, rep=4

[Mon Mar  1 16:29:26 2021]
Finished job 28.
45 of 108 steps (42%) done
Select jobs to execute...

[Mon Mar  1 16:29:26 2021]
rule run_grasp:
    input: indelible_output/5/cleaned_aln/4.fasta, indelible_output/5/cleaned_N0_trees/4.nwk
    output: grasp_results/5/BEML/4, grasp_results/5/BEML/4/GRASP_ancestors.fasta, grasp_results/5/BEML/4/GRASP_ancestors.nwk
    jobid: 27
    wildcards: taxon=5, method=BEML, rep=4

[Mon Mar  1 16:29:27 2021]
Finished job 27.
46 of 108 steps (43%) done
Select jobs to execute...

[Mon Mar  1 16:29:27 2021]
rule get_indelible_dict:
    input: indelible_output/5/concatenated/4.fasta, indelible_output/5/cleaned_N0_trees/4.nwk
    output: indelible_dicts/5/leaves_4.p, indelible_dicts/5/gaps_4.p
    jobid: 32
    wildcards: taxon=5, rep=4

[Mon Mar  1 16:29:28 2021]
Finished job 32.
47 of 108 steps (44%) done
Select jobs to execute...

[Mon Mar  1 16:29:28 2021]
rule summarise_indelible:
    input: indelible_output/5/cleaned_N0_trees/4.nwk, indelible_output/5/concatenated/4.fasta, indelible_output/5/cleaned_N0_trees/4.nwk, indelible_output/5/concatenated/4.fasta, indelible_dicts/5/leaves_4.p, indelible_dicts/5/gaps_4.p
    output: indelible_summaries/5/4.csv
    jobid: 97
    wildcards: taxon=5, rep=4

[Mon Mar  1 16:29:29 2021]
Finished job 97.
48 of 108 steps (44%) done
Select jobs to execute...

[Mon Mar  1 16:29:29 2021]
rule run_indelible:
    input: indelible/5_control.txt
    output: indelible_output/5/trees/3.nwk, indelible_output/5/5_TRUE_3.fasta, indelible_output/5/5_ANCESTRAL_3.fasta, indelible_output/5/N0_trees/3.nwk
    jobid: 22
    wildcards: taxon=5, rep=3

Warning: the following output files of rule run_indelible were not present when the DAG was created:
{'indelible_output/5/5_TRUE_3.fasta', 'indelible_output/5/N0_trees/3.nwk', 'indelible_output/5/5_ANCESTRAL_3.fasta'}
[Mon Mar  1 16:29:30 2021]
Finished job 22.
49 of 108 steps (45%) done
Select jobs to execute...

[Mon Mar  1 16:29:30 2021]
rule concat_indelible:
    input: indelible_output/5/5_TRUE_3.fasta, indelible_output/5/5_ANCESTRAL_3.fasta
    output: indelible_output/5/concatenated/5_3.fasta
    jobid: 23
    wildcards: taxon=5, rep=3

[Mon Mar  1 16:29:30 2021]
Finished job 23.
50 of 108 steps (46%) done
Select jobs to execute...

[Mon Mar  1 16:29:30 2021]
rule clean_indelible:
    input: indelible_output/5/N0_trees/3.nwk, indelible_output/5/concatenated/5_3.fasta
    output: indelible_output/5/cleaned_aln/3.fasta, indelible_output/5/concatenated/3.fasta, indelible_output/5/cleaned_trees/3.nwk, indelible_output/5/cleaned_N0_trees/3.nwk, indelible_output/5/cleaned_no_internal_trees/3.nwk
    jobid: 21
    wildcards: taxon=5, rep=3

[Mon Mar  1 16:29:31 2021]
Finished job 21.
51 of 108 steps (47%) done
Select jobs to execute...

[Mon Mar  1 16:29:31 2021]
rule get_indelible_dict:
    input: indelible_output/5/concatenated/3.fasta, indelible_output/5/cleaned_N0_trees/3.nwk
    output: indelible_dicts/5/leaves_3.p, indelible_dicts/5/gaps_3.p
    jobid: 25
    wildcards: taxon=5, rep=3

[Mon Mar  1 16:29:32 2021]
Finished job 25.
52 of 108 steps (48%) done
Select jobs to execute...

[Mon Mar  1 16:29:32 2021]
rule run_grasp:
    input: indelible_output/5/cleaned_aln/3.fasta, indelible_output/5/cleaned_N0_trees/3.nwk
    output: grasp_results/5/BEML/3, grasp_results/5/BEML/3/GRASP_ancestors.fasta, grasp_results/5/BEML/3/GRASP_ancestors.nwk
    jobid: 20
    wildcards: taxon=5, method=BEML, rep=3

[Mon Mar  1 16:29:32 2021]
Finished job 20.
53 of 108 steps (49%) done
Select jobs to execute...

[Mon Mar  1 16:29:32 2021]
rule concat_fasta:
    input: indelible_output/5/cleaned_aln/3.fasta, grasp_results/5/BEML/3/GRASP_ancestors.fasta
    output: grasp_results/concatenated/5/BEML/3/GRASP_ancestors.fasta
    jobid: 24
    wildcards: taxon=5, method=BEML, rep=3

[Mon Mar  1 16:29:32 2021]
Finished job 24.
54 of 108 steps (50%) done
Select jobs to execute...

[Mon Mar  1 16:29:32 2021]
rule summarise_indels:
    input: grasp_results/5/BEML/3/GRASP_ancestors.nwk, grasp_results/concatenated/5/BEML/3/GRASP_ancestors.fasta, indelible_output/5/cleaned_N0_trees/3.nwk, indelible_output/5/concatenated/3.fasta, indelible_dicts/5/leaves_3.p, indelible_dicts/5/gaps_3.p
    output: summaries/5/BEML/3.csv
    jobid: 19
    wildcards: taxon=5, method=BEML, rep=3

[Mon Mar  1 16:29:33 2021]
Finished job 19.
55 of 108 steps (51%) done
Select jobs to execute...

[Mon Mar  1 16:29:33 2021]
rule summarise_indelible:
    input: indelible_output/5/cleaned_N0_trees/3.nwk, indelible_output/5/concatenated/3.fasta, indelible_output/5/cleaned_N0_trees/3.nwk, indelible_output/5/concatenated/3.fasta, indelible_dicts/5/leaves_3.p, indelible_dicts/5/gaps_3.p
    output: indelible_summaries/5/3.csv
    jobid: 96
    wildcards: taxon=5, rep=3

[Mon Mar  1 16:29:34 2021]
Finished job 96.
56 of 108 steps (52%) done
Select jobs to execute...

[Mon Mar  1 16:29:34 2021]
rule run_indelible:
    input: indelible/5_control.txt
    output: indelible_output/5/trees/2.nwk, indelible_output/5/5_TRUE_2.fasta, indelible_output/5/5_ANCESTRAL_2.fasta, indelible_output/5/N0_trees/2.nwk
    jobid: 15
    wildcards: taxon=5, rep=2

Warning: the following output files of rule run_indelible were not present when the DAG was created:
{'indelible_output/5/5_ANCESTRAL_2.fasta', 'indelible_output/5/N0_trees/2.nwk', 'indelible_output/5/5_TRUE_2.fasta'}
[Mon Mar  1 16:29:35 2021]
Finished job 15.
57 of 108 steps (53%) done
Select jobs to execute...

[Mon Mar  1 16:29:35 2021]
rule concat_indelible:
    input: indelible_output/5/5_TRUE_2.fasta, indelible_output/5/5_ANCESTRAL_2.fasta
    output: indelible_output/5/concatenated/5_2.fasta
    jobid: 16
    wildcards: taxon=5, rep=2

[Mon Mar  1 16:29:35 2021]
Finished job 16.
58 of 108 steps (54%) done
Select jobs to execute...

[Mon Mar  1 16:29:35 2021]
rule clean_indelible:
    input: indelible_output/5/N0_trees/2.nwk, indelible_output/5/concatenated/5_2.fasta
    output: indelible_output/5/cleaned_aln/2.fasta, indelible_output/5/concatenated/2.fasta, indelible_output/5/cleaned_trees/2.nwk, indelible_output/5/cleaned_N0_trees/2.nwk, indelible_output/5/cleaned_no_internal_trees/2.nwk
    jobid: 14
    wildcards: taxon=5, rep=2

[Mon Mar  1 16:29:36 2021]
Finished job 14.
59 of 108 steps (55%) done
Select jobs to execute...

[Mon Mar  1 16:29:36 2021]
rule get_indelible_dict:
    input: indelible_output/5/concatenated/2.fasta, indelible_output/5/cleaned_N0_trees/2.nwk
    output: indelible_dicts/5/leaves_2.p, indelible_dicts/5/gaps_2.p
    jobid: 18
    wildcards: taxon=5, rep=2

[Mon Mar  1 16:29:37 2021]
Finished job 18.
60 of 108 steps (56%) done
Select jobs to execute...

[Mon Mar  1 16:29:37 2021]
rule summarise_indelible:
    input: indelible_output/5/cleaned_N0_trees/2.nwk, indelible_output/5/concatenated/2.fasta, indelible_output/5/cleaned_N0_trees/2.nwk, indelible_output/5/concatenated/2.fasta, indelible_dicts/5/leaves_2.p, indelible_dicts/5/gaps_2.p
    output: indelible_summaries/5/2.csv
    jobid: 95
    wildcards: taxon=5, rep=2

[Mon Mar  1 16:29:38 2021]
Finished job 95.
61 of 108 steps (56%) done
Select jobs to execute...

[Mon Mar  1 16:29:38 2021]
rule run_grasp:
    input: indelible_output/5/cleaned_aln/2.fasta, indelible_output/5/cleaned_N0_trees/2.nwk
    output: grasp_results/5/BEML/2, grasp_results/5/BEML/2/GRASP_ancestors.fasta, grasp_results/5/BEML/2/GRASP_ancestors.nwk
    jobid: 13
    wildcards: taxon=5, method=BEML, rep=2

[Mon Mar  1 16:29:39 2021]
Finished job 13.
62 of 108 steps (57%) done
Select jobs to execute...

[Mon Mar  1 16:29:39 2021]
rule concat_fasta:
    input: indelible_output/5/cleaned_aln/2.fasta, grasp_results/5/BEML/2/GRASP_ancestors.fasta
    output: grasp_results/concatenated/5/BEML/2/GRASP_ancestors.fasta
    jobid: 17
    wildcards: taxon=5, method=BEML, rep=2

[Mon Mar  1 16:29:39 2021]
Finished job 17.
63 of 108 steps (58%) done
Select jobs to execute...

[Mon Mar  1 16:29:39 2021]
rule summarise_indels:
    input: grasp_results/5/BEML/2/GRASP_ancestors.nwk, grasp_results/concatenated/5/BEML/2/GRASP_ancestors.fasta, indelible_output/5/cleaned_N0_trees/2.nwk, indelible_output/5/concatenated/2.fasta, indelible_dicts/5/leaves_2.p, indelible_dicts/5/gaps_2.p
    output: summaries/5/BEML/2.csv
    jobid: 12
    wildcards: taxon=5, method=BEML, rep=2

[Mon Mar  1 16:29:40 2021]
Finished job 12.
64 of 108 steps (59%) done
Select jobs to execute...

[Mon Mar  1 16:29:40 2021]
rule run_indelible:
    input: indelible/5_control.txt
    output: indelible_output/5/trees/1.nwk, indelible_output/5/5_TRUE_1.fasta, indelible_output/5/5_ANCESTRAL_1.fasta, indelible_output/5/N0_trees/1.nwk
    jobid: 7
    wildcards: taxon=5, rep=1

Warning: the following output files of rule run_indelible were not present when the DAG was created:
{'indelible_output/5/N0_trees/1.nwk', 'indelible_output/5/5_TRUE_1.fasta', 'indelible_output/5/5_ANCESTRAL_1.fasta'}
[Mon Mar  1 16:29:41 2021]
Finished job 7.
65 of 108 steps (60%) done
Select jobs to execute...

[Mon Mar  1 16:29:41 2021]
rule concat_indelible:
    input: indelible_output/5/5_TRUE_1.fasta, indelible_output/5/5_ANCESTRAL_1.fasta
    output: indelible_output/5/concatenated/5_1.fasta
    jobid: 9
    wildcards: taxon=5, rep=1

[Mon Mar  1 16:29:41 2021]
Finished job 9.
66 of 108 steps (61%) done
Select jobs to execute...

[Mon Mar  1 16:29:41 2021]
rule clean_indelible:
    input: indelible_output/5/N0_trees/1.nwk, indelible_output/5/concatenated/5_1.fasta
    output: indelible_output/5/cleaned_aln/1.fasta, indelible_output/5/concatenated/1.fasta, indelible_output/5/cleaned_trees/1.nwk, indelible_output/5/cleaned_N0_trees/1.nwk, indelible_output/5/cleaned_no_internal_trees/1.nwk
    jobid: 6
    wildcards: taxon=5, rep=1

[Mon Mar  1 16:29:42 2021]
Finished job 6.
67 of 108 steps (62%) done
Select jobs to execute...

[Mon Mar  1 16:29:42 2021]
rule get_indelible_dict:
    input: indelible_output/5/concatenated/1.fasta, indelible_output/5/cleaned_N0_trees/1.nwk
    output: indelible_dicts/5/leaves_1.p, indelible_dicts/5/gaps_1.p
    jobid: 11
    wildcards: taxon=5, rep=1

[Mon Mar  1 16:29:43 2021]
Finished job 11.
68 of 108 steps (63%) done
Select jobs to execute...

[Mon Mar  1 16:29:43 2021]
rule run_grasp:
    input: indelible_output/5/cleaned_aln/1.fasta, indelible_output/5/cleaned_N0_trees/1.nwk
    output: grasp_results/5/BEML/1, grasp_results/5/BEML/1/GRASP_ancestors.fasta, grasp_results/5/BEML/1/GRASP_ancestors.nwk
    jobid: 5
    wildcards: taxon=5, method=BEML, rep=1

[Mon Mar  1 16:29:43 2021]
Finished job 5.
69 of 108 steps (64%) done
Select jobs to execute...

[Mon Mar  1 16:29:43 2021]
rule concat_fasta:
    input: indelible_output/5/cleaned_aln/1.fasta, grasp_results/5/BEML/1/GRASP_ancestors.fasta
    output: grasp_results/concatenated/5/BEML/1/GRASP_ancestors.fasta
    jobid: 10
    wildcards: taxon=5, method=BEML, rep=1

[Mon Mar  1 16:29:43 2021]
Finished job 10.
70 of 108 steps (65%) done
Select jobs to execute...

[Mon Mar  1 16:29:43 2021]
rule summarise_indels:
    input: grasp_results/5/BEML/1/GRASP_ancestors.nwk, grasp_results/concatenated/5/BEML/1/GRASP_ancestors.fasta, indelible_output/5/cleaned_N0_trees/1.nwk, indelible_output/5/concatenated/1.fasta, indelible_dicts/5/leaves_1.p, indelible_dicts/5/gaps_1.p
    output: summaries/5/BEML/1.csv
    jobid: 4
    wildcards: taxon=5, method=BEML, rep=1

[Mon Mar  1 16:29:44 2021]
Finished job 4.
71 of 108 steps (66%) done
Select jobs to execute...

[Mon Mar  1 16:29:44 2021]
rule summarise_indelible:
    input: indelible_output/5/cleaned_N0_trees/1.nwk, indelible_output/5/concatenated/1.fasta, indelible_output/5/cleaned_N0_trees/1.nwk, indelible_output/5/concatenated/1.fasta, indelible_dicts/5/leaves_1.p, indelible_dicts/5/gaps_1.p
    output: indelible_summaries/5/1.csv
    jobid: 94
    wildcards: taxon=5, rep=1

[Mon Mar  1 16:29:45 2021]
Finished job 94.
72 of 108 steps (67%) done
Select jobs to execute...

[Mon Mar  1 16:29:45 2021]
rule concat_indelible_summaries:
    input: indelible_summaries/5/1.csv, indelible_summaries/5/2.csv, indelible_summaries/5/3.csv, indelible_summaries/5/4.csv
    output: concatenated_indelible_summaries/5.csv
    jobid: 93
    wildcards: taxon=5

[Mon Mar  1 16:29:45 2021]
Finished job 93.
73 of 108 steps (68%) done
Select jobs to execute...

[Mon Mar  1 16:29:45 2021]
rule run_indelible:
    input: indelible/15_control.txt
    output: indelible_output/15/trees/1.nwk, indelible_output/15/15_TRUE_1.fasta, indelible_output/15/15_ANCESTRAL_1.fasta, indelible_output/15/N0_trees/1.nwk
    jobid: 67
    wildcards: taxon=15, rep=1

Warning: the following output files of rule run_indelible were not present when the DAG was created:
{'indelible_output/15/15_TRUE_1.fasta', 'indelible_output/15/N0_trees/1.nwk', 'indelible_output/15/15_ANCESTRAL_1.fasta'}
[Mon Mar  1 16:29:46 2021]
Finished job 67.
74 of 108 steps (69%) done
Select jobs to execute...

[Mon Mar  1 16:29:46 2021]
rule concat_indelible:
    input: indelible_output/15/15_TRUE_1.fasta, indelible_output/15/15_ANCESTRAL_1.fasta
    output: indelible_output/15/concatenated/15_1.fasta
    jobid: 69
    wildcards: taxon=15, rep=1

[Mon Mar  1 16:29:46 2021]
Finished job 69.
75 of 108 steps (69%) done
Select jobs to execute...

[Mon Mar  1 16:29:46 2021]
rule run_indelible:
    input: indelible/15_control.txt
    output: indelible_output/15/trees/3.nwk, indelible_output/15/15_TRUE_3.fasta, indelible_output/15/15_ANCESTRAL_3.fasta, indelible_output/15/N0_trees/3.nwk
    jobid: 82
    wildcards: taxon=15, rep=3

Warning: the following output files of rule run_indelible were not present when the DAG was created:
{'indelible_output/15/15_ANCESTRAL_3.fasta', 'indelible_output/15/N0_trees/3.nwk', 'indelible_output/15/15_TRUE_3.fasta'}
[Mon Mar  1 16:29:47 2021]
Finished job 82.
76 of 108 steps (70%) done
Select jobs to execute...

[Mon Mar  1 16:29:47 2021]
rule concat_indelible:
    input: indelible_output/15/15_TRUE_3.fasta, indelible_output/15/15_ANCESTRAL_3.fasta
    output: indelible_output/15/concatenated/15_3.fasta
    jobid: 83
    wildcards: taxon=15, rep=3

[Mon Mar  1 16:29:47 2021]
Finished job 83.
77 of 108 steps (71%) done
Select jobs to execute...

[Mon Mar  1 16:29:47 2021]
rule clean_indelible:
    input: indelible_output/15/N0_trees/3.nwk, indelible_output/15/concatenated/15_3.fasta
    output: indelible_output/15/cleaned_aln/3.fasta, indelible_output/15/concatenated/3.fasta, indelible_output/15/cleaned_trees/3.nwk, indelible_output/15/cleaned_N0_trees/3.nwk, indelible_output/15/cleaned_no_internal_trees/3.nwk
    jobid: 81
    wildcards: taxon=15, rep=3

[Mon Mar  1 16:29:48 2021]
Finished job 81.
78 of 108 steps (72%) done
Select jobs to execute...

[Mon Mar  1 16:29:48 2021]
rule get_indelible_dict:
    input: indelible_output/15/concatenated/3.fasta, indelible_output/15/cleaned_N0_trees/3.nwk
    output: indelible_dicts/15/leaves_3.p, indelible_dicts/15/gaps_3.p
    jobid: 85
    wildcards: taxon=15, rep=3

[Mon Mar  1 16:29:49 2021]
Finished job 85.
79 of 108 steps (73%) done
Select jobs to execute...

[Mon Mar  1 16:29:49 2021]
rule summarise_indelible:
    input: indelible_output/15/cleaned_N0_trees/3.nwk, indelible_output/15/concatenated/3.fasta, indelible_output/15/cleaned_N0_trees/3.nwk, indelible_output/15/concatenated/3.fasta, indelible_dicts/15/leaves_3.p, indelible_dicts/15/gaps_3.p
    output: indelible_summaries/15/3.csv
    jobid: 106
    wildcards: taxon=15, rep=3

[Mon Mar  1 16:29:50 2021]
Finished job 106.
80 of 108 steps (74%) done
Select jobs to execute...

[Mon Mar  1 16:29:50 2021]
rule run_grasp:
    input: indelible_output/15/cleaned_aln/3.fasta, indelible_output/15/cleaned_N0_trees/3.nwk
    output: grasp_results/15/BEML/3, grasp_results/15/BEML/3/GRASP_ancestors.fasta, grasp_results/15/BEML/3/GRASP_ancestors.nwk
    jobid: 80
    wildcards: taxon=15, method=BEML, rep=3

[Mon Mar  1 16:29:51 2021]
Finished job 80.
81 of 108 steps (75%) done
Select jobs to execute...

[Mon Mar  1 16:29:51 2021]
rule concat_fasta:
    input: indelible_output/15/cleaned_aln/3.fasta, grasp_results/15/BEML/3/GRASP_ancestors.fasta
    output: grasp_results/concatenated/15/BEML/3/GRASP_ancestors.fasta
    jobid: 84
    wildcards: taxon=15, method=BEML, rep=3

[Mon Mar  1 16:29:51 2021]
Finished job 84.
82 of 108 steps (76%) done
Select jobs to execute...

[Mon Mar  1 16:29:51 2021]
rule clean_indelible:
    input: indelible_output/15/N0_trees/1.nwk, indelible_output/15/concatenated/15_1.fasta
    output: indelible_output/15/cleaned_aln/1.fasta, indelible_output/15/concatenated/1.fasta, indelible_output/15/cleaned_trees/1.nwk, indelible_output/15/cleaned_N0_trees/1.nwk, indelible_output/15/cleaned_no_internal_trees/1.nwk
    jobid: 66
    wildcards: taxon=15, rep=1

[Mon Mar  1 16:29:53 2021]
Finished job 66.
83 of 108 steps (77%) done
Select jobs to execute...

[Mon Mar  1 16:29:53 2021]
rule get_indelible_dict:
    input: indelible_output/15/concatenated/1.fasta, indelible_output/15/cleaned_N0_trees/1.nwk
    output: indelible_dicts/15/leaves_1.p, indelible_dicts/15/gaps_1.p
    jobid: 71
    wildcards: taxon=15, rep=1

[Mon Mar  1 16:29:53 2021]
Finished job 71.
84 of 108 steps (78%) done
Select jobs to execute...

[Mon Mar  1 16:29:53 2021]
rule summarise_indelible:
    input: indelible_output/15/cleaned_N0_trees/1.nwk, indelible_output/15/concatenated/1.fasta, indelible_output/15/cleaned_N0_trees/1.nwk, indelible_output/15/concatenated/1.fasta, indelible_dicts/15/leaves_1.p, indelible_dicts/15/gaps_1.p
    output: indelible_summaries/15/1.csv
    jobid: 104
    wildcards: taxon=15, rep=1

[Mon Mar  1 16:29:54 2021]
Finished job 104.
85 of 108 steps (79%) done
Select jobs to execute...

[Mon Mar  1 16:29:54 2021]
rule run_grasp:
    input: indelible_output/15/cleaned_aln/1.fasta, indelible_output/15/cleaned_N0_trees/1.nwk
    output: grasp_results/15/BEML/1, grasp_results/15/BEML/1/GRASP_ancestors.fasta, grasp_results/15/BEML/1/GRASP_ancestors.nwk
    jobid: 65
    wildcards: taxon=15, method=BEML, rep=1

[Mon Mar  1 16:29:56 2021]
Finished job 65.
86 of 108 steps (80%) done
Select jobs to execute...

[Mon Mar  1 16:29:56 2021]
rule concat_fasta:
    input: indelible_output/5/cleaned_aln/4.fasta, grasp_results/5/BEML/4/GRASP_ancestors.fasta
    output: grasp_results/concatenated/5/BEML/4/GRASP_ancestors.fasta
    jobid: 31
    wildcards: taxon=5, method=BEML, rep=4

[Mon Mar  1 16:29:56 2021]
Finished job 31.
87 of 108 steps (81%) done
Select jobs to execute...

[Mon Mar  1 16:29:56 2021]
rule summarise_indels:
    input: grasp_results/5/BEML/4/GRASP_ancestors.nwk, grasp_results/concatenated/5/BEML/4/GRASP_ancestors.fasta, indelible_output/5/cleaned_N0_trees/4.nwk, indelible_output/5/concatenated/4.fasta, indelible_dicts/5/leaves_4.p, indelible_dicts/5/gaps_4.p
    output: summaries/5/BEML/4.csv
    jobid: 26
    wildcards: taxon=5, method=BEML, rep=4

[Mon Mar  1 16:29:57 2021]
Finished job 26.
88 of 108 steps (81%) done
Select jobs to execute...

[Mon Mar  1 16:29:57 2021]
rule concat_summaries:
    input: summaries/5/BEML/1.csv, summaries/5/BEML/2.csv, summaries/5/BEML/3.csv, summaries/5/BEML/4.csv
    output: concatenated_summaries/5_BEML.csv
    jobid: 3
    wildcards: taxon=5, method=BEML

[Mon Mar  1 16:29:57 2021]
Finished job 3.
89 of 108 steps (82%) done
Select jobs to execute...

[Mon Mar  1 16:29:57 2021]
rule concat_fasta:
    input: indelible_output/10/cleaned_aln/4.fasta, grasp_results/10/BEML/4/GRASP_ancestors.fasta
    output: grasp_results/concatenated/10/BEML/4/GRASP_ancestors.fasta
    jobid: 61
    wildcards: taxon=10, method=BEML, rep=4

[Mon Mar  1 16:29:57 2021]
Finished job 61.
90 of 108 steps (83%) done
Select jobs to execute...

[Mon Mar  1 16:29:57 2021]
rule summarise_indels:
    input: grasp_results/10/BEML/4/GRASP_ancestors.nwk, grasp_results/concatenated/10/BEML/4/GRASP_ancestors.fasta, indelible_output/10/cleaned_N0_trees/4.nwk, indelible_output/10/concatenated/4.fasta, indelible_dicts/10/leaves_4.p, indelible_dicts/10/gaps_4.p
    output: summaries/10/BEML/4.csv
    jobid: 56
    wildcards: taxon=10, method=BEML, rep=4

[Mon Mar  1 16:29:58 2021]
Finished job 56.
91 of 108 steps (84%) done
Select jobs to execute...

[Mon Mar  1 16:29:58 2021]
rule run_indelible:
    input: indelible/15_control.txt
    output: indelible_output/15/trees/2.nwk, indelible_output/15/15_TRUE_2.fasta, indelible_output/15/15_ANCESTRAL_2.fasta, indelible_output/15/N0_trees/2.nwk
    jobid: 75
    wildcards: taxon=15, rep=2

Warning: the following output files of rule run_indelible were not present when the DAG was created:
{'indelible_output/15/N0_trees/2.nwk', 'indelible_output/15/15_ANCESTRAL_2.fasta', 'indelible_output/15/15_TRUE_2.fasta'}
[Mon Mar  1 16:29:59 2021]
Finished job 75.
92 of 108 steps (85%) done
Select jobs to execute...

[Mon Mar  1 16:29:59 2021]
rule concat_indelible:
    input: indelible_output/15/15_TRUE_2.fasta, indelible_output/15/15_ANCESTRAL_2.fasta
    output: indelible_output/15/concatenated/15_2.fasta
    jobid: 76
    wildcards: taxon=15, rep=2

[Mon Mar  1 16:29:59 2021]
Finished job 76.
93 of 108 steps (86%) done
Select jobs to execute...

[Mon Mar  1 16:29:59 2021]
rule summarise_indels:
    input: grasp_results/15/BEML/3/GRASP_ancestors.nwk, grasp_results/concatenated/15/BEML/3/GRASP_ancestors.fasta, indelible_output/15/cleaned_N0_trees/3.nwk, indelible_output/15/concatenated/3.fasta, indelible_dicts/15/leaves_3.p, indelible_dicts/15/gaps_3.p
    output: summaries/15/BEML/3.csv
    jobid: 79
    wildcards: taxon=15, method=BEML, rep=3

[Mon Mar  1 16:30:00 2021]
Finished job 79.
94 of 108 steps (87%) done
Select jobs to execute...

[Mon Mar  1 16:30:00 2021]
rule concat_fasta:
    input: indelible_output/15/cleaned_aln/1.fasta, grasp_results/15/BEML/1/GRASP_ancestors.fasta
    output: grasp_results/concatenated/15/BEML/1/GRASP_ancestors.fasta
    jobid: 70
    wildcards: taxon=15, method=BEML, rep=1

[Mon Mar  1 16:30:00 2021]
Finished job 70.
95 of 108 steps (88%) done
Select jobs to execute...

[Mon Mar  1 16:30:00 2021]
rule clean_indelible:
    input: indelible_output/15/N0_trees/2.nwk, indelible_output/15/concatenated/15_2.fasta
    output: indelible_output/15/cleaned_aln/2.fasta, indelible_output/15/concatenated/2.fasta, indelible_output/15/cleaned_trees/2.nwk, indelible_output/15/cleaned_N0_trees/2.nwk, indelible_output/15/cleaned_no_internal_trees/2.nwk
    jobid: 74
    wildcards: taxon=15, rep=2

[Mon Mar  1 16:30:01 2021]
Finished job 74.
96 of 108 steps (89%) done
Select jobs to execute...

[Mon Mar  1 16:30:01 2021]
rule summarise_indels:
    input: grasp_results/15/BEML/1/GRASP_ancestors.nwk, grasp_results/concatenated/15/BEML/1/GRASP_ancestors.fasta, indelible_output/15/cleaned_N0_trees/1.nwk, indelible_output/15/concatenated/1.fasta, indelible_dicts/15/leaves_1.p, indelible_dicts/15/gaps_1.p
    output: summaries/15/BEML/1.csv
    jobid: 64
    wildcards: taxon=15, method=BEML, rep=1

[Mon Mar  1 16:30:02 2021]
Finished job 64.
97 of 108 steps (90%) done
Select jobs to execute...

[Mon Mar  1 16:30:02 2021]
rule run_grasp:
    input: indelible_output/15/cleaned_aln/2.fasta, indelible_output/15/cleaned_N0_trees/2.nwk
    output: grasp_results/15/BEML/2, grasp_results/15/BEML/2/GRASP_ancestors.fasta, grasp_results/15/BEML/2/GRASP_ancestors.nwk
    jobid: 73
    wildcards: taxon=15, method=BEML, rep=2

[Mon Mar  1 16:30:03 2021]
Finished job 73.
98 of 108 steps (91%) done
Select jobs to execute...

[Mon Mar  1 16:30:03 2021]
rule concat_summaries:
    input: summaries/10/BEML/1.csv, summaries/10/BEML/2.csv, summaries/10/BEML/3.csv, summaries/10/BEML/4.csv
    output: concatenated_summaries/10_BEML.csv
    jobid: 33
    wildcards: taxon=10, method=BEML

[Mon Mar  1 16:30:03 2021]
Finished job 33.
99 of 108 steps (92%) done
Select jobs to execute...

[Mon Mar  1 16:30:03 2021]
rule concat_fasta:
    input: indelible_output/15/cleaned_aln/2.fasta, grasp_results/15/BEML/2/GRASP_ancestors.fasta
    output: grasp_results/concatenated/15/BEML/2/GRASP_ancestors.fasta
    jobid: 77
    wildcards: taxon=15, method=BEML, rep=2

[Mon Mar  1 16:30:03 2021]
Finished job 77.
100 of 108 steps (93%) done
Select jobs to execute...

[Mon Mar  1 16:30:03 2021]
rule get_indelible_dict:
    input: indelible_output/15/concatenated/2.fasta, indelible_output/15/cleaned_N0_trees/2.nwk
    output: indelible_dicts/15/leaves_2.p, indelible_dicts/15/gaps_2.p
    jobid: 78
    wildcards: taxon=15, rep=2

[Mon Mar  1 16:30:04 2021]
Finished job 78.
101 of 108 steps (94%) done
Select jobs to execute...

[Mon Mar  1 16:30:04 2021]
rule summarise_indelible:
    input: indelible_output/15/cleaned_N0_trees/2.nwk, indelible_output/15/concatenated/2.fasta, indelible_output/15/cleaned_N0_trees/2.nwk, indelible_output/15/concatenated/2.fasta, indelible_dicts/15/leaves_2.p, indelible_dicts/15/gaps_2.p
    output: indelible_summaries/15/2.csv
    jobid: 105
    wildcards: taxon=15, rep=2

[Mon Mar  1 16:30:05 2021]
Finished job 105.
102 of 108 steps (94%) done
Select jobs to execute...

[Mon Mar  1 16:30:05 2021]
rule concat_indelible_summaries:
    input: indelible_summaries/15/1.csv, indelible_summaries/15/2.csv, indelible_summaries/15/3.csv, indelible_summaries/15/4.csv
    output: concatenated_indelible_summaries/15.csv
    jobid: 103
    wildcards: taxon=15

[Mon Mar  1 16:30:06 2021]
Finished job 103.
103 of 108 steps (95%) done
Select jobs to execute...

[Mon Mar  1 16:30:06 2021]
rule summarise_indels:
    input: grasp_results/15/BEML/2/GRASP_ancestors.nwk, grasp_results/concatenated/15/BEML/2/GRASP_ancestors.fasta, indelible_output/15/cleaned_N0_trees/2.nwk, indelible_output/15/concatenated/2.fasta, indelible_dicts/15/leaves_2.p, indelible_dicts/15/gaps_2.p
    output: summaries/15/BEML/2.csv
    jobid: 72
    wildcards: taxon=15, method=BEML, rep=2

[Mon Mar  1 16:30:06 2021]
Finished job 72.
104 of 108 steps (96%) done
Select jobs to execute...

[Mon Mar  1 16:30:06 2021]
rule concat_summaries:
    input: summaries/15/BEML/1.csv, summaries/15/BEML/2.csv, summaries/15/BEML/3.csv, summaries/15/BEML/4.csv
    output: concatenated_summaries/15_BEML.csv
    jobid: 63
    wildcards: taxon=15, method=BEML

[Mon Mar  1 16:30:07 2021]
Finished job 63.
105 of 108 steps (97%) done
Select jobs to execute...

[Mon Mar  1 16:30:07 2021]
rule generate_output_dict:
    input: concatenated_summaries/5_BEML.csv, concatenated_summaries/10_BEML.csv, concatenated_summaries/15_BEML.csv, concatenated_indelible_summaries/5.csv, concatenated_indelible_summaries/10.csv, concatenated_indelible_summaries/15.csv
    output: output_dicts/output.p
    jobid: 2

[Mon Mar  1 16:30:10 2021]
Finished job 2.
106 of 108 steps (98%) done
Select jobs to execute...

[Mon Mar  1 16:30:10 2021]
rule generate_latex:
    input: output_dicts/output.p
    output: plots/plot.tex
    jobid: 1

[Mon Mar  1 16:30:11 2021]
Finished job 1.
107 of 108 steps (99%) done
Select jobs to execute...

[Mon Mar  1 16:30:11 2021]
rule compile_latex:
    input: plots/plot.tex
    output: plots/plot.pdf
    jobid: 0

[Mon Mar  1 16:30:12 2021]
Finished job 0.
108 of 108 steps (100%) done
Complete log: /Users/gabefoley/Dropbox/PhD/20210121_Indel_Evaluation_Project/Indel_Evaluation_Snakemake/.snakemake/log/2021-03-01T162852.338621.snakemake.log
