Building DAG of jobs...
Using shell: /bin/bash
Provided cores: 1 (use --cores to define parallelism)
Rules claiming more threads will be scaled down.
Job counts:
	count	jobs
	1	clean_indelible
	1	compile_latex
	3	concat_fasta
	1	concat_indelible
	1	concat_indelible_summaries
	3	concat_summaries
	1	generate_latex
	1	generate_output_dict
	1	get_indelible_dict
	3	run_grasp
	1	summarise_indelible
	3	summarise_indels
	20
Select jobs to execute...

[Tue Feb  2 10:13:39 2021]
rule concat_indelible:
    input: indelible_output/6/6_TRUE_2.fasta, indelible_output/6/6_ANCESTRAL_2.fasta
    output: indelible_output/6/concatenated/6_2.fasta
    jobid: 16
    wildcards: taxon=6, rep=2

[Tue Feb  2 10:13:39 2021]
Finished job 16.
1 of 20 steps (5%) done
Select jobs to execute...

[Tue Feb  2 10:13:39 2021]
rule clean_indelible:
    input: indelible_output/6/N0_trees/2.nwk, indelible_output/6/concatenated/6_2.fasta
    output: indelible_output/6/cleaned_aln/2.fasta, indelible_output/6/concatenated/2.fasta, indelible_output/6/cleaned_trees/2.nwk, indelible_output/6/cleaned_N0_trees/2.nwk, indelible_output/6/cleaned_no_internal_trees/2.nwk
    jobid: 14
    wildcards: taxon=6, rep=2

[Tue Feb  2 10:13:40 2021]
Finished job 14.
2 of 20 steps (10%) done
Select jobs to execute...

[Tue Feb  2 10:13:40 2021]
rule run_grasp:
    input: indelible_output/6/cleaned_aln/2.fasta, indelible_output/6/cleaned_N0_trees/2.nwk
    output: grasp_results/6/SICP/2, grasp_results/6/SICP/2/GRASP_ancestors.fasta, grasp_results/6/SICP/2/tree.nwk
    jobid: 24
    wildcards: taxon=6, method=SICP, rep=2

[Tue Feb  2 10:13:41 2021]
Finished job 24.
3 of 20 steps (15%) done
Select jobs to execute...

[Tue Feb  2 10:13:41 2021]
rule concat_fasta:
    input: indelible_output/6/cleaned_aln/2.fasta, grasp_results/6/SICP/2/GRASP_ancestors.fasta
    output: grasp_results/concatenated/6/SICP/2/GRASP_ancestors.fasta
    jobid: 25
    wildcards: taxon=6, method=SICP, rep=2

[Tue Feb  2 10:13:42 2021]
Finished job 25.
4 of 20 steps (20%) done
Select jobs to execute...

[Tue Feb  2 10:13:42 2021]
rule run_grasp:
    input: indelible_output/6/cleaned_aln/2.fasta, indelible_output/6/cleaned_N0_trees/2.nwk
    output: grasp_results/6/SICML/2, grasp_results/6/SICML/2/GRASP_ancestors.fasta, grasp_results/6/SICML/2/tree.nwk
    jobid: 31
    wildcards: taxon=6, method=SICML, rep=2

[Tue Feb  2 10:13:42 2021]
Finished job 31.
5 of 20 steps (25%) done
Select jobs to execute...

[Tue Feb  2 10:13:42 2021]
rule run_grasp:
    input: indelible_output/6/cleaned_aln/2.fasta, indelible_output/6/cleaned_N0_trees/2.nwk
    output: grasp_results/6/BEP/2, grasp_results/6/BEP/2/GRASP_ancestors.fasta, grasp_results/6/BEP/2/tree.nwk
    jobid: 13
    wildcards: taxon=6, method=BEP, rep=2

[Tue Feb  2 10:13:43 2021]
Finished job 13.
6 of 20 steps (30%) done
Select jobs to execute...

[Tue Feb  2 10:13:43 2021]
rule concat_fasta:
    input: indelible_output/6/cleaned_aln/2.fasta, grasp_results/6/SICML/2/GRASP_ancestors.fasta
    output: grasp_results/concatenated/6/SICML/2/GRASP_ancestors.fasta
    jobid: 32
    wildcards: taxon=6, method=SICML, rep=2

[Tue Feb  2 10:13:43 2021]
Finished job 32.
7 of 20 steps (35%) done
Select jobs to execute...

[Tue Feb  2 10:13:43 2021]
rule concat_fasta:
    input: indelible_output/6/cleaned_aln/2.fasta, grasp_results/6/BEP/2/GRASP_ancestors.fasta
    output: grasp_results/concatenated/6/BEP/2/GRASP_ancestors.fasta
    jobid: 17
    wildcards: taxon=6, method=BEP, rep=2

[Tue Feb  2 10:13:43 2021]
Finished job 17.
8 of 20 steps (40%) done
Select jobs to execute...

[Tue Feb  2 10:13:43 2021]
rule get_indelible_dict:
    input: indelible_output/6/concatenated/2.fasta, indelible_output/6/cleaned_N0_trees/2.nwk
    output: indelible_dicts/6/leaves_2.p, indelible_dicts/6/gaps_2.p
    jobid: 18
    wildcards: taxon=6, rep=2

[Tue Feb  2 10:13:44 2021]
Finished job 18.
9 of 20 steps (45%) done
Select jobs to execute...

[Tue Feb  2 10:13:44 2021]
rule summarise_indels:
    input: grasp_results/6/BEP/2/tree.nwk, grasp_results/concatenated/6/BEP/2/GRASP_ancestors.fasta, indelible_output/6/cleaned_N0_trees/2.nwk, indelible_output/6/concatenated/2.fasta, indelible_dicts/6/leaves_2.p, indelible_dicts/6/gaps_2.p
    output: summaries/6/BEP/2.csv
    jobid: 12
    wildcards: taxon=6, method=BEP, rep=2

[Tue Feb  2 10:13:45 2021]
Finished job 12.
10 of 20 steps (50%) done
Select jobs to execute...

[Tue Feb  2 10:13:45 2021]
rule summarise_indels:
    input: grasp_results/6/SICP/2/tree.nwk, grasp_results/concatenated/6/SICP/2/GRASP_ancestors.fasta, indelible_output/6/cleaned_N0_trees/2.nwk, indelible_output/6/concatenated/2.fasta, indelible_dicts/6/leaves_2.p, indelible_dicts/6/gaps_2.p
    output: summaries/6/SICP/2.csv
    jobid: 23
    wildcards: taxon=6, method=SICP, rep=2

[Tue Feb  2 10:13:46 2021]
Finished job 23.
11 of 20 steps (55%) done
Select jobs to execute...

[Tue Feb  2 10:13:46 2021]
rule concat_summaries:
    input: summaries/6/SICP/1.csv, summaries/6/SICP/2.csv
    output: concatenated_summaries/6_SICP.csv
    jobid: 19
    wildcards: taxon=6, method=SICP

[Tue Feb  2 10:13:46 2021]
Finished job 19.
12 of 20 steps (60%) done
Select jobs to execute...

[Tue Feb  2 10:13:46 2021]
rule summarise_indels:
    input: grasp_results/6/SICML/2/tree.nwk, grasp_results/concatenated/6/SICML/2/GRASP_ancestors.fasta, indelible_output/6/cleaned_N0_trees/2.nwk, indelible_output/6/concatenated/2.fasta, indelible_dicts/6/leaves_2.p, indelible_dicts/6/gaps_2.p
    output: summaries/6/SICML/2.csv
    jobid: 30
    wildcards: taxon=6, method=SICML, rep=2

[Tue Feb  2 10:13:47 2021]
Finished job 30.
13 of 20 steps (65%) done
Select jobs to execute...

[Tue Feb  2 10:13:47 2021]
rule concat_summaries:
    input: summaries/6/SICML/1.csv, summaries/6/SICML/2.csv
    output: concatenated_summaries/6_SICML.csv
    jobid: 26
    wildcards: taxon=6, method=SICML

[Tue Feb  2 10:13:47 2021]
Finished job 26.
14 of 20 steps (70%) done
Select jobs to execute...

[Tue Feb  2 10:13:47 2021]
rule concat_summaries:
    input: summaries/6/BEP/1.csv, summaries/6/BEP/2.csv
    output: concatenated_summaries/6_BEP.csv
    jobid: 3
    wildcards: taxon=6, method=BEP

[Tue Feb  2 10:13:47 2021]
Finished job 3.
15 of 20 steps (75%) done
Select jobs to execute...

[Tue Feb  2 10:13:47 2021]
rule summarise_indelible:
    input: indelible_output/6/cleaned_N0_trees/2.nwk, indelible_output/6/concatenated/2.fasta, indelible_output/6/cleaned_N0_trees/2.nwk, indelible_output/6/concatenated/2.fasta, indelible_dicts/6/leaves_2.p, indelible_dicts/6/gaps_2.p
    output: indelible_summaries/6/2.csv
    jobid: 35
    wildcards: taxon=6, rep=2

[Tue Feb  2 10:13:48 2021]
Finished job 35.
16 of 20 steps (80%) done
Select jobs to execute...

[Tue Feb  2 10:13:48 2021]
rule concat_indelible_summaries:
    input: indelible_summaries/6/1.csv, indelible_summaries/6/2.csv
    output: concatenated_indelible_summaries/6.csv
    jobid: 33
    wildcards: taxon=6

[Tue Feb  2 10:13:48 2021]
Finished job 33.
17 of 20 steps (85%) done
Select jobs to execute...

[Tue Feb  2 10:13:48 2021]
rule generate_output_dict:
    input: concatenated_summaries/6_BEP.csv, concatenated_summaries/6_SICP.csv, concatenated_summaries/6_SICML.csv, concatenated_indelible_summaries/6.csv, concatenated_indelible_summaries/6.csv
    output: output_dicts/output.p
    jobid: 2

[Tue Feb  2 10:13:51 2021]
Finished job 2.
18 of 20 steps (90%) done
Select jobs to execute...

[Tue Feb  2 10:13:51 2021]
rule generate_latex:
    input: output_dicts/output.p
    output: plots/plot.tex
    jobid: 1

[Tue Feb  2 10:13:52 2021]
Finished job 1.
19 of 20 steps (95%) done
Select jobs to execute...

[Tue Feb  2 10:13:52 2021]
rule compile_latex:
    input: plots/plot.tex
    output: plots/plot.pdf
    jobid: 0

[Tue Feb  2 10:13:53 2021]
Finished job 0.
20 of 20 steps (100%) done
Complete log: /Users/gabefoley/Dropbox/PhD/20210121_Indel_Evaluation_Project/Indel_Evaluation_Snakemake/.snakemake/log/2021-02-02T101339.375033.snakemake.log
