Building DAG of jobs...
Using shell: /bin/bash
Provided cores: 1 (use --cores to define parallelism)
Rules claiming more threads will be scaled down.
Job counts:
	count	jobs
	25	clean_fastml_ml
	25	clean_fastml_parsimony
	25	clean_indelible
	1	compile_latex
	150	concat_fasta
	5	concat_fastml__ml_summaries
	5	concat_fastml_summaries
	25	concat_indelible
	5	concat_indelible_summaries
	30	concat_summaries
	5	create_control_files
	1	generate_latex
	1	generate_output_dict
	25	get_indelible_dict
	25	run_fastml
	150	run_grasp
	25	run_indelible
	25	summarise_fastml_ml_indels
	25	summarise_fastml_parsimony_indels
	25	summarise_indelible
	150	summarise_indels
	753
Select jobs to execute...

[Tue Mar  2 15:52:32 2021]
rule create_control_files:
    output: indelible/12_control.txt
    jobid: 125
    wildcards: taxon=12

[Tue Mar  2 15:52:33 2021]
Finished job 125.
1 of 753 steps (0.13%) done
Select jobs to execute...

[Tue Mar  2 15:52:33 2021]
rule run_indelible:
    input: indelible/12_control.txt
    output: indelible_output/12/trees/5.nwk, indelible_output/12/12_TRUE_5.fasta, indelible_output/12/12_ANCESTRAL_5.fasta, indelible_output/12/N0_trees/5.nwk
    jobid: 153
    wildcards: taxon=12, rep=5

[Tue Mar  2 15:52:34 2021]
Finished job 153.
2 of 753 steps (0.27%) done
Select jobs to execute...

[Tue Mar  2 15:52:34 2021]
rule create_control_files:
    output: indelible/6_control.txt
    jobid: 8
    wildcards: taxon=6

[Tue Mar  2 15:52:34 2021]
Finished job 8.
3 of 753 steps (0.40%) done
Select jobs to execute...

[Tue Mar  2 15:52:34 2021]
rule create_control_files:
    output: indelible/40_control.txt
    jobid: 476
    wildcards: taxon=40

[Tue Mar  2 15:52:34 2021]
Finished job 476.
4 of 753 steps (0.53%) done
Select jobs to execute...

[Tue Mar  2 15:52:34 2021]
rule run_indelible:
    input: indelible/40_control.txt
    output: indelible_output/40/trees/2.nwk, indelible_output/40/40_TRUE_2.fasta, indelible_output/40/40_ANCESTRAL_2.fasta, indelible_output/40/N0_trees/2.nwk
    jobid: 483
    wildcards: taxon=40, rep=2

[Tue Mar  2 15:52:36 2021]
Finished job 483.
5 of 753 steps (0.66%) done
Select jobs to execute...

[Tue Mar  2 15:52:36 2021]
rule run_indelible:
    input: indelible/12_control.txt
    output: indelible_output/12/trees/4.nwk, indelible_output/12/12_TRUE_4.fasta, indelible_output/12/12_ANCESTRAL_4.fasta, indelible_output/12/N0_trees/4.nwk
    jobid: 146
    wildcards: taxon=12, rep=4

Warning: the following output files of rule run_indelible were not present when the DAG was created:
{'indelible_output/12/N0_trees/4.nwk', 'indelible_output/12/12_ANCESTRAL_4.fasta', 'indelible_output/12/12_TRUE_4.fasta'}
[Tue Mar  2 15:52:37 2021]
Finished job 146.
6 of 753 steps (0.80%) done
Select jobs to execute...

[Tue Mar  2 15:52:37 2021]
rule run_indelible:
    input: indelible/6_control.txt
    output: indelible_output/6/trees/1.nwk, indelible_output/6/6_TRUE_1.fasta, indelible_output/6/6_ANCESTRAL_1.fasta, indelible_output/6/N0_trees/1.nwk
    jobid: 7
    wildcards: taxon=6, rep=1

[Tue Mar  2 15:52:38 2021]
Finished job 7.
7 of 753 steps (0.93%) done
Select jobs to execute...

[Tue Mar  2 15:52:38 2021]
rule concat_indelible:
    input: indelible_output/6/6_TRUE_1.fasta, indelible_output/6/6_ANCESTRAL_1.fasta
    output: indelible_output/6/concatenated/6_1.fasta
    jobid: 9
    wildcards: taxon=6, rep=1

[Tue Mar  2 15:52:39 2021]
Finished job 9.
8 of 753 steps (1%) done
Select jobs to execute...

[Tue Mar  2 15:52:39 2021]
rule clean_indelible:
    input: indelible_output/6/N0_trees/1.nwk, indelible_output/6/concatenated/6_1.fasta
    output: indelible_output/6/cleaned_aln/1.fasta, indelible_output/6/concatenated/1.fasta, indelible_output/6/cleaned_trees/1.nwk, indelible_output/6/cleaned_N0_trees/1.nwk, indelible_output/6/cleaned_no_internal_trees/1.nwk
    jobid: 6
    wildcards: taxon=6, rep=1

[Tue Mar  2 15:52:40 2021]
Finished job 6.
9 of 753 steps (1%) done
Select jobs to execute...

[Tue Mar  2 15:52:40 2021]
rule run_grasp:
    input: indelible_output/6/cleaned_aln/1.fasta, indelible_output/6/cleaned_N0_trees/1.nwk
    output: grasp_results/6/BEP/1, grasp_results/6/BEP/1/GRASP_ancestors.fasta, grasp_results/6/BEP/1/GRASP_ancestors.nwk
    jobid: 42
    wildcards: taxon=6, method=BEP, rep=1

[Tue Mar  2 15:52:41 2021]
Finished job 42.
10 of 753 steps (1%) done
Select jobs to execute...

[Tue Mar  2 15:52:41 2021]
rule run_indelible:
    input: indelible/6_control.txt
    output: indelible_output/6/trees/3.nwk, indelible_output/6/6_TRUE_3.fasta, indelible_output/6/6_ANCESTRAL_3.fasta, indelible_output/6/N0_trees/3.nwk
    jobid: 22
    wildcards: taxon=6, rep=3

Warning: the following output files of rule run_indelible were not present when the DAG was created:
{'indelible_output/6/6_TRUE_3.fasta', 'indelible_output/6/N0_trees/3.nwk', 'indelible_output/6/6_ANCESTRAL_3.fasta'}
[Tue Mar  2 15:52:42 2021]
Finished job 22.
11 of 753 steps (1%) done
Select jobs to execute...

[Tue Mar  2 15:52:42 2021]
rule run_indelible:
    input: indelible/6_control.txt
    output: indelible_output/6/trees/4.nwk, indelible_output/6/6_TRUE_4.fasta, indelible_output/6/6_ANCESTRAL_4.fasta, indelible_output/6/N0_trees/4.nwk
    jobid: 29
    wildcards: taxon=6, rep=4

Warning: the following output files of rule run_indelible were not present when the DAG was created:
{'indelible_output/6/N0_trees/4.nwk', 'indelible_output/6/6_TRUE_4.fasta', 'indelible_output/6/6_ANCESTRAL_4.fasta'}
[Tue Mar  2 15:52:43 2021]
Finished job 29.
12 of 753 steps (2%) done
Select jobs to execute...

[Tue Mar  2 15:52:43 2021]
rule run_grasp:
    input: indelible_output/6/cleaned_aln/1.fasta, indelible_output/6/cleaned_N0_trees/1.nwk
    output: grasp_results/6/SICML/1, grasp_results/6/SICML/1/GRASP_ancestors.fasta, grasp_results/6/SICML/1/GRASP_ancestors.nwk
    jobid: 5
    wildcards: taxon=6, method=SICML, rep=1

[Tue Mar  2 15:52:44 2021]
Finished job 5.
13 of 753 steps (2%) done
Select jobs to execute...

[Tue Mar  2 15:52:44 2021]
rule run_fastml:
    input: indelible_output/6/cleaned_aln/1.fasta, indelible_output/6/cleaned_no_internal_trees/1.nwk
    output: fastml_results/6/1/seq.marginal_Chars_ParsimonyIndels.txt, fastml_results/6/1/seq.marginal_IndelAndChars.txt, fastml_results/6/1/tree.newick.txt, fastml_results/6/1
    jobid: 591
    wildcards: taxon=6, rep=1

[Tue Mar  2 15:52:46 2021]
Finished job 591.
14 of 753 steps (2%) done
Select jobs to execute...

[Tue Mar  2 15:52:46 2021]
rule concat_indelible:
    input: indelible_output/12/12_TRUE_4.fasta, indelible_output/12/12_ANCESTRAL_4.fasta
    output: indelible_output/12/concatenated/12_4.fasta
    jobid: 147
    wildcards: taxon=12, rep=4

[Tue Mar  2 15:52:46 2021]
Finished job 147.
15 of 753 steps (2%) done
Select jobs to execute...

[Tue Mar  2 15:52:46 2021]
rule run_indelible:
    input: indelible/6_control.txt
    output: indelible_output/6/trees/2.nwk, indelible_output/6/6_TRUE_2.fasta, indelible_output/6/6_ANCESTRAL_2.fasta, indelible_output/6/N0_trees/2.nwk
    jobid: 15
    wildcards: taxon=6, rep=2

Warning: the following output files of rule run_indelible were not present when the DAG was created:
{'indelible_output/6/6_ANCESTRAL_2.fasta', 'indelible_output/6/6_TRUE_2.fasta', 'indelible_output/6/N0_trees/2.nwk'}
[Tue Mar  2 15:52:47 2021]
Finished job 15.
16 of 753 steps (2%) done
Select jobs to execute...

[Tue Mar  2 15:52:47 2021]
rule clean_fastml_ml:
    input: fastml_results/6/1/seq.marginal_IndelAndChars.txt, fastml_results/6/1/tree.newick.txt
    output: fastml_results_ml/6/concatenated/1/FastML_ancestors.fasta, fastml_results_ml/6/cleaned_trees/1/tree.nwk, fastml_results_ml/6/cleaned_N0_trees/1/tree.nwk
    jobid: 670
    wildcards: taxon=6, rep=1

[Tue Mar  2 15:52:48 2021]
Finished job 670.
17 of 753 steps (2%) done
Select jobs to execute...

[Tue Mar  2 15:52:48 2021]
rule create_control_files:
    output: indelible/25_control.txt
    jobid: 359
    wildcards: taxon=25

[Tue Mar  2 15:52:48 2021]
Finished job 359.
18 of 753 steps (2%) done
Select jobs to execute...

[Tue Mar  2 15:52:48 2021]
rule run_indelible:
    input: indelible/25_control.txt
    output: indelible_output/25/trees/5.nwk, indelible_output/25/25_TRUE_5.fasta, indelible_output/25/25_ANCESTRAL_5.fasta, indelible_output/25/N0_trees/5.nwk
    jobid: 387
    wildcards: taxon=25, rep=5

[Tue Mar  2 15:52:49 2021]
Finished job 387.
19 of 753 steps (3%) done
Select jobs to execute...

[Tue Mar  2 15:52:50 2021]
rule clean_fastml_parsimony:
    input: fastml_results/6/1/seq.marginal_Chars_ParsimonyIndels.txt, fastml_results/6/1/tree.newick.txt
    output: fastml_results_parsimony/6/concatenated/1/FastML_ancestors.fasta, fastml_results_parsimony/6/cleaned_trees/1/tree.nwk, fastml_results_parsimony/6/cleaned_N0_trees/1/tree.nwk
    jobid: 590
    wildcards: taxon=6, rep=1

[Tue Mar  2 15:52:51 2021]
Finished job 590.
20 of 753 steps (3%) done
Select jobs to execute...

[Tue Mar  2 15:52:51 2021]
rule concat_indelible:
    input: indelible_output/6/6_TRUE_2.fasta, indelible_output/6/6_ANCESTRAL_2.fasta
    output: indelible_output/6/concatenated/6_2.fasta
    jobid: 16
    wildcards: taxon=6, rep=2

[Tue Mar  2 15:52:51 2021]
Finished job 16.
21 of 753 steps (3%) done
Select jobs to execute...

[Tue Mar  2 15:52:51 2021]
rule run_grasp:
    input: indelible_output/6/cleaned_aln/1.fasta, indelible_output/6/cleaned_N0_trees/1.nwk
    output: grasp_results/6/SICP/1, grasp_results/6/SICP/1/GRASP_ancestors.fasta, grasp_results/6/SICP/1/GRASP_ancestors.nwk
    jobid: 58
    wildcards: taxon=6, method=SICP, rep=1

[Tue Mar  2 15:52:51 2021]
Finished job 58.
22 of 753 steps (3%) done
Select jobs to execute...

[Tue Mar  2 15:52:51 2021]
rule concat_indelible:
    input: indelible_output/12/12_TRUE_5.fasta, indelible_output/12/12_ANCESTRAL_5.fasta
    output: indelible_output/12/concatenated/12_5.fasta
    jobid: 154
    wildcards: taxon=12, rep=5

[Tue Mar  2 15:52:51 2021]
Finished job 154.
23 of 753 steps (3%) done
Select jobs to execute...

[Tue Mar  2 15:52:51 2021]
rule run_indelible:
    input: indelible/12_control.txt
    output: indelible_output/12/trees/3.nwk, indelible_output/12/12_TRUE_3.fasta, indelible_output/12/12_ANCESTRAL_3.fasta, indelible_output/12/N0_trees/3.nwk
    jobid: 139
    wildcards: taxon=12, rep=3

Warning: the following output files of rule run_indelible were not present when the DAG was created:
{'indelible_output/12/12_ANCESTRAL_3.fasta', 'indelible_output/12/N0_trees/3.nwk', 'indelible_output/12/12_TRUE_3.fasta'}
[Tue Mar  2 15:52:52 2021]
Finished job 139.
24 of 753 steps (3%) done
Select jobs to execute...

[Tue Mar  2 15:52:52 2021]
rule concat_indelible:
    input: indelible_output/12/12_TRUE_3.fasta, indelible_output/12/12_ANCESTRAL_3.fasta
    output: indelible_output/12/concatenated/12_3.fasta
    jobid: 140
    wildcards: taxon=12, rep=3

[Tue Mar  2 15:52:52 2021]
Finished job 140.
25 of 753 steps (3%) done
Select jobs to execute...

[Tue Mar  2 15:52:52 2021]
rule create_control_files:
    output: indelible/20_control.txt
    jobid: 242
    wildcards: taxon=20

[Tue Mar  2 15:52:53 2021]
Finished job 242.
26 of 753 steps (3%) done
Select jobs to execute...

[Tue Mar  2 15:52:53 2021]
rule run_indelible:
    input: indelible/25_control.txt
    output: indelible_output/25/trees/1.nwk, indelible_output/25/25_TRUE_1.fasta, indelible_output/25/25_ANCESTRAL_1.fasta, indelible_output/25/N0_trees/1.nwk
    jobid: 358
    wildcards: taxon=25, rep=1

Warning: the following output files of rule run_indelible were not present when the DAG was created:
{'indelible_output/25/25_ANCESTRAL_1.fasta', 'indelible_output/25/25_TRUE_1.fasta', 'indelible_output/25/N0_trees/1.nwk'}
[Tue Mar  2 15:52:54 2021]
Finished job 358.
27 of 753 steps (4%) done
Select jobs to execute...

[Tue Mar  2 15:52:54 2021]
rule run_indelible:
    input: indelible/25_control.txt
    output: indelible_output/25/trees/2.nwk, indelible_output/25/25_TRUE_2.fasta, indelible_output/25/25_ANCESTRAL_2.fasta, indelible_output/25/N0_trees/2.nwk
    jobid: 366
    wildcards: taxon=25, rep=2

Warning: the following output files of rule run_indelible were not present when the DAG was created:
{'indelible_output/25/25_TRUE_2.fasta', 'indelible_output/25/N0_trees/2.nwk', 'indelible_output/25/25_ANCESTRAL_2.fasta'}
[Tue Mar  2 15:52:55 2021]
Finished job 366.
28 of 753 steps (4%) done
Select jobs to execute...

[Tue Mar  2 15:52:55 2021]
rule concat_fasta:
    input: indelible_output/6/cleaned_aln/1.fasta, grasp_results/6/SICML/1/GRASP_ancestors.fasta
    output: grasp_results/concatenated/6/SICML/1/GRASP_ancestors.fasta
    jobid: 10
    wildcards: taxon=6, method=SICML, rep=1

[Tue Mar  2 15:52:55 2021]
Finished job 10.
29 of 753 steps (4%) done
Select jobs to execute...

[Tue Mar  2 15:52:55 2021]
rule concat_indelible:
    input: indelible_output/6/6_TRUE_4.fasta, indelible_output/6/6_ANCESTRAL_4.fasta
    output: indelible_output/6/concatenated/6_4.fasta
    jobid: 30
    wildcards: taxon=6, rep=4

[Tue Mar  2 15:52:55 2021]
Finished job 30.
30 of 753 steps (4%) done
Select jobs to execute...

[Tue Mar  2 15:52:55 2021]
rule concat_indelible:
    input: indelible_output/6/6_TRUE_3.fasta, indelible_output/6/6_ANCESTRAL_3.fasta
    output: indelible_output/6/concatenated/6_3.fasta
    jobid: 23
    wildcards: taxon=6, rep=3

[Tue Mar  2 15:52:55 2021]
Finished job 23.
31 of 753 steps (4%) done
Select jobs to execute...

[Tue Mar  2 15:52:56 2021]
rule run_grasp:
    input: indelible_output/6/cleaned_aln/1.fasta, indelible_output/6/cleaned_N0_trees/1.nwk
    output: grasp_results/6/PSML/1, grasp_results/6/PSML/1/GRASP_ancestors.fasta, grasp_results/6/PSML/1/GRASP_ancestors.nwk
    jobid: 106
    wildcards: taxon=6, method=PSML, rep=1

[Tue Mar  2 15:52:56 2021]
Finished job 106.
32 of 753 steps (4%) done
Select jobs to execute...

[Tue Mar  2 15:52:56 2021]
rule run_indelible:
    input: indelible/25_control.txt
    output: indelible_output/25/trees/3.nwk, indelible_output/25/25_TRUE_3.fasta, indelible_output/25/25_ANCESTRAL_3.fasta, indelible_output/25/N0_trees/3.nwk
    jobid: 373
    wildcards: taxon=25, rep=3

Warning: the following output files of rule run_indelible were not present when the DAG was created:
{'indelible_output/25/25_ANCESTRAL_3.fasta', 'indelible_output/25/25_TRUE_3.fasta', 'indelible_output/25/N0_trees/3.nwk'}
[Tue Mar  2 15:52:57 2021]
Finished job 373.
33 of 753 steps (4%) done
Select jobs to execute...

[Tue Mar  2 15:52:57 2021]
rule run_indelible:
    input: indelible/12_control.txt
    output: indelible_output/12/trees/1.nwk, indelible_output/12/12_TRUE_1.fasta, indelible_output/12/12_ANCESTRAL_1.fasta, indelible_output/12/N0_trees/1.nwk
    jobid: 124
    wildcards: taxon=12, rep=1

Warning: the following output files of rule run_indelible were not present when the DAG was created:
{'indelible_output/12/12_TRUE_1.fasta', 'indelible_output/12/12_ANCESTRAL_1.fasta', 'indelible_output/12/N0_trees/1.nwk'}
[Tue Mar  2 15:52:58 2021]
Finished job 124.
34 of 753 steps (5%) done
Select jobs to execute...

[Tue Mar  2 15:52:58 2021]
rule get_indelible_dict:
    input: indelible_output/6/concatenated/1.fasta, indelible_output/6/cleaned_N0_trees/1.nwk
    output: indelible_dicts/6/leaves_1.p, indelible_dicts/6/gaps_1.p
    jobid: 11
    wildcards: taxon=6, rep=1

[Tue Mar  2 15:52:59 2021]
Finished job 11.
35 of 753 steps (5%) done
Select jobs to execute...

[Tue Mar  2 15:52:59 2021]
rule run_indelible:
    input: indelible/6_control.txt
    output: indelible_output/6/trees/5.nwk, indelible_output/6/6_TRUE_5.fasta, indelible_output/6/6_ANCESTRAL_5.fasta, indelible_output/6/N0_trees/5.nwk
    jobid: 36
    wildcards: taxon=6, rep=5

Warning: the following output files of rule run_indelible were not present when the DAG was created:
{'indelible_output/6/6_ANCESTRAL_5.fasta', 'indelible_output/6/N0_trees/5.nwk', 'indelible_output/6/6_TRUE_5.fasta'}
[Tue Mar  2 15:53:00 2021]
Finished job 36.
36 of 753 steps (5%) done
Select jobs to execute...

[Tue Mar  2 15:53:00 2021]
rule run_indelible:
    input: indelible/40_control.txt
    output: indelible_output/40/trees/1.nwk, indelible_output/40/40_TRUE_1.fasta, indelible_output/40/40_ANCESTRAL_1.fasta, indelible_output/40/N0_trees/1.nwk
    jobid: 475
    wildcards: taxon=40, rep=1

Warning: the following output files of rule run_indelible were not present when the DAG was created:
{'indelible_output/40/N0_trees/1.nwk', 'indelible_output/40/40_TRUE_1.fasta', 'indelible_output/40/40_ANCESTRAL_1.fasta'}
[Tue Mar  2 15:53:02 2021]
Finished job 475.
37 of 753 steps (5%) done
Select jobs to execute...

[Tue Mar  2 15:53:02 2021]
rule run_grasp:
    input: indelible_output/6/cleaned_aln/1.fasta, indelible_output/6/cleaned_N0_trees/1.nwk
    output: grasp_results/6/BEML/1, grasp_results/6/BEML/1/GRASP_ancestors.fasta, grasp_results/6/BEML/1/GRASP_ancestors.nwk
    jobid: 90
    wildcards: taxon=6, method=BEML, rep=1

[Tue Mar  2 15:53:02 2021]
Finished job 90.
38 of 753 steps (5%) done
Select jobs to execute...

[Tue Mar  2 15:53:02 2021]
rule concat_indelible:
    input: indelible_output/25/25_TRUE_2.fasta, indelible_output/25/25_ANCESTRAL_2.fasta
    output: indelible_output/25/concatenated/25_2.fasta
    jobid: 367
    wildcards: taxon=25, rep=2

[Tue Mar  2 15:53:02 2021]
Finished job 367.
39 of 753 steps (5%) done
Select jobs to execute...

[Tue Mar  2 15:53:02 2021]
rule concat_indelible:
    input: indelible_output/25/25_TRUE_5.fasta, indelible_output/25/25_ANCESTRAL_5.fasta
    output: indelible_output/25/concatenated/25_5.fasta
    jobid: 388
    wildcards: taxon=25, rep=5

[Tue Mar  2 15:53:02 2021]
Finished job 388.
40 of 753 steps (5%) done
Select jobs to execute...

[Tue Mar  2 15:53:03 2021]
rule summarise_indelible:
    input: indelible_output/6/cleaned_N0_trees/1.nwk, indelible_output/6/concatenated/1.fasta, indelible_output/6/cleaned_N0_trees/1.nwk, indelible_output/6/concatenated/1.fasta, indelible_dicts/6/leaves_1.p, indelible_dicts/6/gaps_1.p
    output: indelible_summaries/6/1.csv
    jobid: 724
    wildcards: taxon=6, rep=1

[Tue Mar  2 15:53:03 2021]
Finished job 724.
41 of 753 steps (5%) done
Select jobs to execute...

[Tue Mar  2 15:53:04 2021]
rule run_indelible:
    input: indelible/20_control.txt
    output: indelible_output/20/trees/5.nwk, indelible_output/20/20_TRUE_5.fasta, indelible_output/20/20_ANCESTRAL_5.fasta, indelible_output/20/N0_trees/5.nwk
    jobid: 270
    wildcards: taxon=20, rep=5

[Tue Mar  2 15:53:05 2021]
Finished job 270.
42 of 753 steps (6%) done
Select jobs to execute...

[Tue Mar  2 15:53:05 2021]
rule concat_indelible:
    input: indelible_output/20/20_TRUE_5.fasta, indelible_output/20/20_ANCESTRAL_5.fasta
    output: indelible_output/20/concatenated/20_5.fasta
    jobid: 271
    wildcards: taxon=20, rep=5

[Tue Mar  2 15:53:05 2021]
Finished job 271.
43 of 753 steps (6%) done
Select jobs to execute...

[Tue Mar  2 15:53:05 2021]
rule concat_fasta:
    input: indelible_output/6/cleaned_aln/1.fasta, grasp_results/6/BEP/1/GRASP_ancestors.fasta
    output: grasp_results/concatenated/6/BEP/1/GRASP_ancestors.fasta
    jobid: 43
    wildcards: taxon=6, method=BEP, rep=1

[Tue Mar  2 15:53:05 2021]
Finished job 43.
44 of 753 steps (6%) done
Select jobs to execute...

[Tue Mar  2 15:53:05 2021]
rule clean_indelible:
    input: indelible_output/25/N0_trees/2.nwk, indelible_output/25/concatenated/25_2.fasta
    output: indelible_output/25/cleaned_aln/2.fasta, indelible_output/25/concatenated/2.fasta, indelible_output/25/cleaned_trees/2.nwk, indelible_output/25/cleaned_N0_trees/2.nwk, indelible_output/25/cleaned_no_internal_trees/2.nwk
    jobid: 365
    wildcards: taxon=25, rep=2

[Tue Mar  2 15:53:06 2021]
Finished job 365.
45 of 753 steps (6%) done
Select jobs to execute...

[Tue Mar  2 15:53:06 2021]
rule run_grasp:
    input: indelible_output/25/cleaned_aln/2.fasta, indelible_output/25/cleaned_N0_trees/2.nwk
    output: grasp_results/25/PSP/2, grasp_results/25/PSP/2/GRASP_ancestors.fasta, grasp_results/25/PSP/2/GRASP_ancestors.nwk
    jobid: 428
    wildcards: taxon=25, method=PSP, rep=2

[Tue Mar  2 15:53:07 2021]
Finished job 428.
46 of 753 steps (6%) done
Select jobs to execute...

[Tue Mar  2 15:53:07 2021]
rule run_grasp:
    input: indelible_output/25/cleaned_aln/2.fasta, indelible_output/25/cleaned_N0_trees/2.nwk
    output: grasp_results/25/SICP/2, grasp_results/25/SICP/2/GRASP_ancestors.fasta, grasp_results/25/SICP/2/GRASP_ancestors.nwk
    jobid: 412
    wildcards: taxon=25, method=SICP, rep=2

[Tue Mar  2 15:53:09 2021]
Finished job 412.
47 of 753 steps (6%) done
Select jobs to execute...

[Tue Mar  2 15:53:09 2021]
rule run_grasp:
    input: indelible_output/25/cleaned_aln/2.fasta, indelible_output/25/cleaned_N0_trees/2.nwk
    output: grasp_results/25/BEP/2, grasp_results/25/BEP/2/GRASP_ancestors.fasta, grasp_results/25/BEP/2/GRASP_ancestors.nwk
    jobid: 396
    wildcards: taxon=25, method=BEP, rep=2

[Tue Mar  2 15:53:11 2021]
Finished job 396.
48 of 753 steps (6%) done
Select jobs to execute...

[Tue Mar  2 15:53:11 2021]
rule concat_fasta:
    input: indelible_output/25/cleaned_aln/2.fasta, grasp_results/25/BEP/2/GRASP_ancestors.fasta
    output: grasp_results/concatenated/25/BEP/2/GRASP_ancestors.fasta
    jobid: 397
    wildcards: taxon=25, method=BEP, rep=2

[Tue Mar  2 15:53:11 2021]
Finished job 397.
49 of 753 steps (7%) done
Select jobs to execute...

[Tue Mar  2 15:53:11 2021]
rule concat_fasta:
    input: indelible_output/25/cleaned_aln/2.fasta, grasp_results/25/PSP/2/GRASP_ancestors.fasta
    output: grasp_results/concatenated/25/PSP/2/GRASP_ancestors.fasta
    jobid: 429
    wildcards: taxon=25, method=PSP, rep=2

[Tue Mar  2 15:53:11 2021]
Finished job 429.
50 of 753 steps (7%) done
Select jobs to execute...

[Tue Mar  2 15:53:11 2021]
rule concat_fasta:
    input: indelible_output/25/cleaned_aln/2.fasta, grasp_results/25/SICP/2/GRASP_ancestors.fasta
    output: grasp_results/concatenated/25/SICP/2/GRASP_ancestors.fasta
    jobid: 413
    wildcards: taxon=25, method=SICP, rep=2

[Tue Mar  2 15:53:11 2021]
Finished job 413.
51 of 753 steps (7%) done
Select jobs to execute...

[Tue Mar  2 15:53:11 2021]
rule concat_fasta:
    input: indelible_output/6/cleaned_aln/1.fasta, grasp_results/6/BEML/1/GRASP_ancestors.fasta
    output: grasp_results/concatenated/6/BEML/1/GRASP_ancestors.fasta
    jobid: 91
    wildcards: taxon=6, method=BEML, rep=1

[Tue Mar  2 15:53:11 2021]
Finished job 91.
52 of 753 steps (7%) done
Select jobs to execute...

[Tue Mar  2 15:53:11 2021]
rule summarise_indels:
    input: grasp_results/6/BEML/1/GRASP_ancestors.nwk, grasp_results/concatenated/6/BEML/1/GRASP_ancestors.fasta, indelible_output/6/cleaned_N0_trees/1.nwk, indelible_output/6/concatenated/1.fasta, indelible_dicts/6/leaves_1.p, indelible_dicts/6/gaps_1.p
    output: summaries/6/BEML/1.csv
    jobid: 89
    wildcards: taxon=6, method=BEML, rep=1

[Tue Mar  2 15:53:12 2021]
Finished job 89.
53 of 753 steps (7%) done
Select jobs to execute...

[Tue Mar  2 15:53:12 2021]
rule concat_indelible:
    input: indelible_output/6/6_TRUE_5.fasta, indelible_output/6/6_ANCESTRAL_5.fasta
    output: indelible_output/6/concatenated/6_5.fasta
    jobid: 37
    wildcards: taxon=6, rep=5

[Tue Mar  2 15:53:12 2021]
Finished job 37.
54 of 753 steps (7%) done
Select jobs to execute...

[Tue Mar  2 15:53:12 2021]
rule clean_indelible:
    input: indelible_output/6/N0_trees/5.nwk, indelible_output/6/concatenated/6_5.fasta
    output: indelible_output/6/cleaned_aln/5.fasta, indelible_output/6/concatenated/5.fasta, indelible_output/6/cleaned_trees/5.nwk, indelible_output/6/cleaned_N0_trees/5.nwk, indelible_output/6/cleaned_no_internal_trees/5.nwk
    jobid: 35
    wildcards: taxon=6, rep=5

[Tue Mar  2 15:53:13 2021]
Finished job 35.
55 of 753 steps (7%) done
Select jobs to execute...

[Tue Mar  2 15:53:13 2021]
rule run_indelible:
    input: indelible/20_control.txt
    output: indelible_output/20/trees/4.nwk, indelible_output/20/20_TRUE_4.fasta, indelible_output/20/20_ANCESTRAL_4.fasta, indelible_output/20/N0_trees/4.nwk
    jobid: 263
    wildcards: taxon=20, rep=4

Warning: the following output files of rule run_indelible were not present when the DAG was created:
{'indelible_output/20/20_ANCESTRAL_4.fasta', 'indelible_output/20/20_TRUE_4.fasta', 'indelible_output/20/N0_trees/4.nwk'}
[Tue Mar  2 15:53:14 2021]
Finished job 263.
56 of 753 steps (7%) done
Select jobs to execute...

[Tue Mar  2 15:53:14 2021]
rule concat_indelible:
    input: indelible_output/25/25_TRUE_1.fasta, indelible_output/25/25_ANCESTRAL_1.fasta
    output: indelible_output/25/concatenated/25_1.fasta
    jobid: 360
    wildcards: taxon=25, rep=1

[Tue Mar  2 15:53:14 2021]
Finished job 360.
57 of 753 steps (8%) done
Select jobs to execute...

[Tue Mar  2 15:53:14 2021]
rule run_grasp:
    input: indelible_output/6/cleaned_aln/5.fasta, indelible_output/6/cleaned_N0_trees/5.nwk
    output: grasp_results/6/SICP/5, grasp_results/6/SICP/5/GRASP_ancestors.fasta, grasp_results/6/SICP/5/GRASP_ancestors.nwk
    jobid: 70
    wildcards: taxon=6, method=SICP, rep=5

[Tue Mar  2 15:53:15 2021]
Finished job 70.
58 of 753 steps (8%) done
Select jobs to execute...

[Tue Mar  2 15:53:15 2021]
rule summarise_indels:
    input: grasp_results/6/SICML/1/GRASP_ancestors.nwk, grasp_results/concatenated/6/SICML/1/GRASP_ancestors.fasta, indelible_output/6/cleaned_N0_trees/1.nwk, indelible_output/6/concatenated/1.fasta, indelible_dicts/6/leaves_1.p, indelible_dicts/6/gaps_1.p
    output: summaries/6/SICML/1.csv
    jobid: 4
    wildcards: taxon=6, method=SICML, rep=1

[Tue Mar  2 15:53:16 2021]
Finished job 4.
59 of 753 steps (8%) done
Select jobs to execute...

[Tue Mar  2 15:53:16 2021]
rule run_grasp:
    input: indelible_output/6/cleaned_aln/5.fasta, indelible_output/6/cleaned_N0_trees/5.nwk
    output: grasp_results/6/BEP/5, grasp_results/6/BEP/5/GRASP_ancestors.fasta, grasp_results/6/BEP/5/GRASP_ancestors.nwk
    jobid: 54
    wildcards: taxon=6, method=BEP, rep=5

[Tue Mar  2 15:53:17 2021]
Finished job 54.
60 of 753 steps (8%) done
Select jobs to execute...

[Tue Mar  2 15:53:17 2021]
rule concat_fasta:
    input: indelible_output/6/cleaned_aln/5.fasta, grasp_results/6/SICP/5/GRASP_ancestors.fasta
    output: grasp_results/concatenated/6/SICP/5/GRASP_ancestors.fasta
    jobid: 71
    wildcards: taxon=6, method=SICP, rep=5

[Tue Mar  2 15:53:17 2021]
Finished job 71.
61 of 753 steps (8%) done
Select jobs to execute...

[Tue Mar  2 15:53:17 2021]
rule run_indelible:
    input: indelible/20_control.txt
    output: indelible_output/20/trees/3.nwk, indelible_output/20/20_TRUE_3.fasta, indelible_output/20/20_ANCESTRAL_3.fasta, indelible_output/20/N0_trees/3.nwk
    jobid: 256
    wildcards: taxon=20, rep=3

Warning: the following output files of rule run_indelible were not present when the DAG was created:
{'indelible_output/20/20_TRUE_3.fasta', 'indelible_output/20/20_ANCESTRAL_3.fasta', 'indelible_output/20/N0_trees/3.nwk'}
[Tue Mar  2 15:53:18 2021]
Finished job 256.
62 of 753 steps (8%) done
Select jobs to execute...

[Tue Mar  2 15:53:18 2021]
rule concat_indelible:
    input: indelible_output/20/20_TRUE_3.fasta, indelible_output/20/20_ANCESTRAL_3.fasta
    output: indelible_output/20/concatenated/20_3.fasta
    jobid: 257
    wildcards: taxon=20, rep=3

[Tue Mar  2 15:53:18 2021]
Finished job 257.
63 of 753 steps (8%) done
Select jobs to execute...

[Tue Mar  2 15:53:18 2021]
rule clean_indelible:
    input: indelible_output/25/N0_trees/1.nwk, indelible_output/25/concatenated/25_1.fasta
    output: indelible_output/25/cleaned_aln/1.fasta, indelible_output/25/concatenated/1.fasta, indelible_output/25/cleaned_trees/1.nwk, indelible_output/25/cleaned_N0_trees/1.nwk, indelible_output/25/cleaned_no_internal_trees/1.nwk
    jobid: 357
    wildcards: taxon=25, rep=1

[Tue Mar  2 15:53:19 2021]
Finished job 357.
64 of 753 steps (8%) done
Select jobs to execute...

[Tue Mar  2 15:53:19 2021]
rule run_grasp:
    input: indelible_output/25/cleaned_aln/1.fasta, indelible_output/25/cleaned_N0_trees/1.nwk
    output: grasp_results/25/PSML/1, grasp_results/25/PSML/1/GRASP_ancestors.fasta, grasp_results/25/PSML/1/GRASP_ancestors.nwk
    jobid: 457
    wildcards: taxon=25, method=PSML, rep=1

[Tue Mar  2 15:53:20 2021]
Finished job 457.
65 of 753 steps (9%) done
Select jobs to execute...

[Tue Mar  2 15:53:20 2021]
rule concat_indelible:
    input: indelible_output/20/20_TRUE_4.fasta, indelible_output/20/20_ANCESTRAL_4.fasta
    output: indelible_output/20/concatenated/20_4.fasta
    jobid: 264
    wildcards: taxon=20, rep=4

[Tue Mar  2 15:53:20 2021]
Finished job 264.
66 of 753 steps (9%) done
Select jobs to execute...

[Tue Mar  2 15:53:20 2021]
rule run_fastml:
    input: indelible_output/25/cleaned_aln/1.fasta, indelible_output/25/cleaned_no_internal_trees/1.nwk
    output: fastml_results/25/1/seq.marginal_Chars_ParsimonyIndels.txt, fastml_results/25/1/seq.marginal_IndelAndChars.txt, fastml_results/25/1/tree.newick.txt, fastml_results/25/1
    jobid: 639
    wildcards: taxon=25, rep=1

[Tue Mar  2 15:53:49 2021]
Finished job 639.
67 of 753 steps (9%) done
Select jobs to execute...

[Tue Mar  2 15:53:50 2021]
rule concat_fasta:
    input: indelible_output/6/cleaned_aln/5.fasta, grasp_results/6/BEP/5/GRASP_ancestors.fasta
    output: grasp_results/concatenated/6/BEP/5/GRASP_ancestors.fasta
    jobid: 55
    wildcards: taxon=6, method=BEP, rep=5

[Tue Mar  2 15:53:50 2021]
Finished job 55.
68 of 753 steps (9%) done
Select jobs to execute...

[Tue Mar  2 15:53:50 2021]
rule concat_fasta:
    input: indelible_output/25/cleaned_aln/1.fasta, grasp_results/25/PSML/1/GRASP_ancestors.fasta
    output: grasp_results/concatenated/25/PSML/1/GRASP_ancestors.fasta
    jobid: 458
    wildcards: taxon=25, method=PSML, rep=1

[Tue Mar  2 15:53:50 2021]
Finished job 458.
69 of 753 steps (9%) done
Select jobs to execute...

[Tue Mar  2 15:53:50 2021]
rule concat_indelible:
    input: indelible_output/40/40_TRUE_2.fasta, indelible_output/40/40_ANCESTRAL_2.fasta
    output: indelible_output/40/concatenated/40_2.fasta
    jobid: 484
    wildcards: taxon=40, rep=2

[Tue Mar  2 15:53:50 2021]
Finished job 484.
70 of 753 steps (9%) done
Select jobs to execute...

[Tue Mar  2 15:53:50 2021]
rule run_indelible:
    input: indelible/20_control.txt
    output: indelible_output/20/trees/1.nwk, indelible_output/20/20_TRUE_1.fasta, indelible_output/20/20_ANCESTRAL_1.fasta, indelible_output/20/N0_trees/1.nwk
    jobid: 241
    wildcards: taxon=20, rep=1

Warning: the following output files of rule run_indelible were not present when the DAG was created:
{'indelible_output/20/20_ANCESTRAL_1.fasta', 'indelible_output/20/20_TRUE_1.fasta', 'indelible_output/20/N0_trees/1.nwk'}
Terminating processes on user request, this might take some time.
[Tue Mar  2 15:53:51 2021]
Error in rule run_indelible:
    jobid: 241
    output: indelible_output/20/trees/1.nwk, indelible_output/20/20_TRUE_1.fasta, indelible_output/20/20_ANCESTRAL_1.fasta, indelible_output/20/N0_trees/1.nwk

RuleException:
CalledProcessError in line 26 of /Users/gabefoley/Dropbox/PhD/20210121_Indel_Evaluation_Project/Indel_Evaluation_Snakemake/Snakefile:
Command 'set -euo pipefail;  /Users/gabefoley/miniconda3_latest/envs/indel_snakemake/bin/python3.9 /Users/gabefoley/Dropbox/PhD/20210121_Indel_Evaluation_Project/Indel_Evaluation_Snakemake/.snakemake/scripts/tmpzcuwyzgg.run_indelible.py' died with <Signals.SIGINT: 2>.
  File "/Users/gabefoley/miniconda3_latest/envs/indel_snakemake/lib/python3.9/site-packages/snakemake/executors/__init__.py", line 2319, in run_wrapper
  File "/Users/gabefoley/Dropbox/PhD/20210121_Indel_Evaluation_Project/Indel_Evaluation_Snakemake/Snakefile", line 26, in __rule_run_indelible
  File "/Users/gabefoley/miniconda3_latest/envs/indel_snakemake/lib/python3.9/site-packages/snakemake/executors/__init__.py", line 568, in _callback
  File "/Users/gabefoley/miniconda3_latest/envs/indel_snakemake/lib/python3.9/concurrent/futures/thread.py", line 52, in run
  File "/Users/gabefoley/miniconda3_latest/envs/indel_snakemake/lib/python3.9/site-packages/snakemake/executors/__init__.py", line 554, in cached_or_run
  File "/Users/gabefoley/miniconda3_latest/envs/indel_snakemake/lib/python3.9/site-packages/snakemake/executors/__init__.py", line 2350, in run_wrapper
Complete log: /Users/gabefoley/Dropbox/PhD/20210121_Indel_Evaluation_Project/Indel_Evaluation_Snakemake/.snakemake/log/2021-03-02T155232.063476.snakemake.log
