Building DAG of jobs...
Using shell: /bin/bash
Provided cores: 1 (use --cores to define parallelism)
Rules claiming more threads will be scaled down.
Job counts:
	count	jobs
	1	clean_fastml
	1	compile_latex
	1	concat_fasta
	1	concat_fastml_summaries
	1	concat_indelible_summaries
	1	concat_summaries
	1	generate_latex
	1	generate_output_dict
	1	run_grasp
	1	summarise_fastml_indels
	1	summarise_indels
	11
Select jobs to execute...

[Tue Feb  2 17:03:30 2021]
rule clean_fastml:
    input: fastml_results/5/1/seq.joint.txt, fastml_results/5/1/tree.newick.txt
    output: fastml_results/5/concatenated/1/FastML_ancestors.fasta, fastml_results/5/cleaned_N0_trees/1/tree.nwk
    jobid: 14
    wildcards: taxon=5, rep=1

[Tue Feb  2 17:03:31 2021]
Finished job 14.
1 of 11 steps (9%) done
Select jobs to execute...

[Tue Feb  2 17:03:31 2021]
rule summarise_fastml_indels:
    input: fastml_results/5/concatenated/1/FastML_ancestors.fasta, fastml_results/5/cleaned_N0_trees/1/tree.nwk, indelible_output/5/cleaned_N0_trees/1.nwk, indelible_output/5/concatenated/1.fasta, indelible_dicts/5/leaves_1.p, indelible_dicts/5/gaps_1.p
    output: fastml_summaries/5/fastml/1.csv
    jobid: 13
    wildcards: taxon=5, rep=1

[Tue Feb  2 17:03:32 2021]
Finished job 13.
2 of 11 steps (18%) done
Select jobs to execute...

[Tue Feb  2 17:03:32 2021]
rule concat_fastml_summaries:
    input: fastml_summaries/5/fastml/1.csv
    output: concatenated_fastml_summaries/5.csv
    jobid: 12
    wildcards: taxon=5

[Tue Feb  2 17:03:33 2021]
Finished job 12.
3 of 11 steps (27%) done
Select jobs to execute...

[Tue Feb  2 17:03:33 2021]
rule concat_indelible_summaries:
    input: indelible_summaries/5/1.csv
    output: concatenated_indelible_summaries/5.csv
    jobid: 16
    wildcards: taxon=5

[Tue Feb  2 17:03:33 2021]
Finished job 16.
4 of 11 steps (36%) done
Select jobs to execute...

[Tue Feb  2 17:03:33 2021]
rule run_grasp:
    input: indelible_output/5/cleaned_aln/1.fasta, indelible_output/5/cleaned_N0_trees/1.nwk
    output: grasp_results/5/BEP/1, grasp_results/5/BEP/1/GRASP_ancestors.fasta, grasp_results/5/BEP/1/tree.nwk
    jobid: 5
    wildcards: taxon=5, method=BEP, rep=1

[Tue Feb  2 17:03:34 2021]
Finished job 5.
5 of 11 steps (45%) done
Select jobs to execute...

[Tue Feb  2 17:03:34 2021]
rule concat_fasta:
    input: indelible_output/5/cleaned_aln/1.fasta, grasp_results/5/BEP/1/GRASP_ancestors.fasta
    output: grasp_results/concatenated/5/BEP/1/GRASP_ancestors.fasta
    jobid: 10
    wildcards: taxon=5, method=BEP, rep=1

[Tue Feb  2 17:03:34 2021]
Finished job 10.
6 of 11 steps (55%) done
Select jobs to execute...

[Tue Feb  2 17:03:34 2021]
rule summarise_indels:
    input: grasp_results/5/BEP/1/tree.nwk, grasp_results/concatenated/5/BEP/1/GRASP_ancestors.fasta, indelible_output/5/cleaned_N0_trees/1.nwk, indelible_output/5/concatenated/1.fasta, indelible_dicts/5/leaves_1.p, indelible_dicts/5/gaps_1.p
    output: summaries/5/BEP/1.csv
    jobid: 4
    wildcards: taxon=5, method=BEP, rep=1

[Tue Feb  2 17:03:35 2021]
Finished job 4.
7 of 11 steps (64%) done
Select jobs to execute...

[Tue Feb  2 17:03:35 2021]
rule concat_summaries:
    input: summaries/5/BEP/1.csv
    output: concatenated_summaries/5_BEP.csv
    jobid: 3
    wildcards: taxon=5, method=BEP

[Tue Feb  2 17:03:35 2021]
Finished job 3.
8 of 11 steps (73%) done
Select jobs to execute...

[Tue Feb  2 17:03:35 2021]
rule generate_output_dict:
    input: concatenated_summaries/5_BEP.csv, concatenated_fastml_summaries/5.csv, concatenated_indelible_summaries/5.csv
    output: output_dicts/output.p
    jobid: 2

[Tue Feb  2 17:03:39 2021]
Finished job 2.
9 of 11 steps (82%) done
Select jobs to execute...

[Tue Feb  2 17:03:39 2021]
rule generate_latex:
    input: output_dicts/output.p
    output: plots/plot.tex
    jobid: 1

[Tue Feb  2 17:03:39 2021]
Finished job 1.
10 of 11 steps (91%) done
Select jobs to execute...

[Tue Feb  2 17:03:40 2021]
rule compile_latex:
    input: plots/plot.tex
    output: plots/plot.pdf
    jobid: 0

[Tue Feb  2 17:03:42 2021]
Finished job 0.
11 of 11 steps (100%) done
Complete log: /Users/gabefoley/Dropbox/PhD/20210121_Indel_Evaluation_Project/Indel_Evaluation_Snakemake/.snakemake/log/2021-02-02T170329.834481.snakemake.log
