Building DAG of jobs...
Using shell: /bin/bash
Provided cores: 1 (use --cores to define parallelism)
Rules claiming more threads will be scaled down.
Job counts:
	count	jobs
	199	clean_indelible
	1	compile_latex
	1199	concat_fasta
	198	concat_indelible
	2	concat_indelible_summaries
	12	concat_summaries
	1	generate_latex
	1	generate_output_dict
	200	get_indelible_dict
	1198	run_grasp
	180	run_indelible
	200	summarise_indelible
	1200	summarise_indels
	4591
Select jobs to execute...

[Mon Mar  1 17:50:22 2021]
rule run_indelible:
    input: indelible/10_control.txt
    output: indelible_output/10/trees/34.nwk, indelible_output/10/10_TRUE_34.fasta, indelible_output/10/10_ANCESTRAL_34.fasta, indelible_output/10/N0_trees/34.nwk
    jobid: 2446
    wildcards: taxon=10, rep=34

Waiting at most 5 seconds for missing files.
MissingOutputException in line 15 of /Users/gabefoley/Dropbox/PhD/20210121_Indel_Evaluation_Project/Indel_Evaluation_Snakemake/Snakefile:
Job Missing files after 5 seconds:
indelible_output/10/trees/34.nwk
indelible_output/10/10_TRUE_34.fasta
indelible_output/10/10_ANCESTRAL_34.fasta
indelible_output/10/N0_trees/34.nwk
This might be due to filesystem latency. If that is the case, consider to increase the wait time with --latency-wait.
Job id: 2446 completed successfully, but some output files are missing. 2446
  File "/Users/gabefoley/miniconda3_latest/envs/indel_snakemake/lib/python3.9/site-packages/snakemake/executors/__init__.py", line 583, in handle_job_success
  File "/Users/gabefoley/miniconda3_latest/envs/indel_snakemake/lib/python3.9/site-packages/snakemake/executors/__init__.py", line 252, in handle_job_success
Shutting down, this might take some time.
Exiting because a job execution failed. Look above for error message
Complete log: /Users/gabefoley/Dropbox/PhD/20210121_Indel_Evaluation_Project/Indel_Evaluation_Snakemake/.snakemake/log/2021-03-01T175019.177970.snakemake.log
