Building DAG of jobs...
Using shell: /bin/bash
Provided cores: 1 (use --cores to define parallelism)
Rules claiming more threads will be scaled down.
Job counts:
	count	jobs
	2	clean_indelible
	6	concat_fasta
	1	concat_indelible
	3	concat_summaries
	1	create_plots
	6	run_grasp
	6	summarise_indels
	25
Select jobs to execute...

[Sun Jan 31 18:33:35 2021]
rule clean_indelible:
    input: indelible_output/6/N0_trees/1.nwk, indelible_output/6/concatenated/6_1.fasta
    output: indelible_output/6/cleaned_aln/1.fasta, indelible_output/6/concatenated/1.fasta, indelible_output/6/cleaned_N0_trees/1.nwk
    jobid: 4
    wildcards: taxon=6, rep=1

[Sun Jan 31 18:33:36 2021]
Finished job 4.
1 of 25 steps (4%) done
Select jobs to execute...

[Sun Jan 31 18:33:36 2021]
rule concat_indelible:
    input: indelible_output/6/6_TRUE_2.fasta, indelible_output/6/6_ANCESTRAL_2.fasta
    output: indelible_output/6/concatenated/6_2.fasta
    jobid: 13
    wildcards: taxon=6, rep=2

[Sun Jan 31 18:33:36 2021]
Finished job 13.
2 of 25 steps (8%) done
Select jobs to execute...

[Sun Jan 31 18:33:36 2021]
rule clean_indelible:
    input: indelible_output/6/N0_trees/2.nwk, indelible_output/6/concatenated/6_2.fasta
    output: indelible_output/6/cleaned_aln/2.fasta, indelible_output/6/concatenated/2.fasta, indelible_output/6/cleaned_N0_trees/2.nwk
    jobid: 11
    wildcards: taxon=6, rep=2

[Sun Jan 31 18:33:37 2021]
Finished job 11.
3 of 25 steps (12%) done
Select jobs to execute...

[Sun Jan 31 18:33:37 2021]
rule run_grasp:
    input: indelible_output/6/cleaned_aln/1.fasta, indelible_output/6/cleaned_N0_trees/1.nwk
    output: grasp_results/6/SICML/1, grasp_results/6/SICML/1/GRASP_ancestors.fasta, grasp_results/6/SICML/1/tree.nwk
    jobid: 24
    wildcards: taxon=6, method=SICML, rep=1

[Sun Jan 31 18:33:37 2021]
Finished job 24.
4 of 25 steps (16%) done
Select jobs to execute...

[Sun Jan 31 18:33:37 2021]
rule run_grasp:
    input: indelible_output/6/cleaned_aln/1.fasta, indelible_output/6/cleaned_N0_trees/1.nwk
    output: grasp_results/6/SICP/1, grasp_results/6/SICP/1/GRASP_ancestors.fasta, grasp_results/6/SICP/1/tree.nwk
    jobid: 17
    wildcards: taxon=6, method=SICP, rep=1

[Sun Jan 31 18:33:37 2021]
Finished job 17.
5 of 25 steps (20%) done
Select jobs to execute...

[Sun Jan 31 18:33:37 2021]
rule concat_fasta:
    input: indelible_output/6/cleaned_aln/1.fasta, grasp_results/6/SICP/1/GRASP_ancestors.fasta
    output: grasp_results/concatenated/6/SICP/1/GRASP_ancestors.fasta
    jobid: 18
    wildcards: taxon=6, method=SICP, rep=1

[Sun Jan 31 18:33:37 2021]
Finished job 18.
6 of 25 steps (24%) done
Select jobs to execute...

[Sun Jan 31 18:33:37 2021]
rule summarise_indels:
    input: grasp_results/6/SICP/1/tree.nwk, grasp_results/concatenated/6/SICP/1/GRASP_ancestors.fasta, indelible_output/6/cleaned_N0_trees/1.nwk, indelible_output/6/concatenated/1.fasta
    output: summaries/6/SICP/1.csv
    jobid: 16
    wildcards: taxon=6, method=SICP, rep=1

[Sun Jan 31 18:33:38 2021]
Finished job 16.
7 of 25 steps (28%) done
Select jobs to execute...

[Sun Jan 31 18:33:38 2021]
rule run_grasp:
    input: indelible_output/6/cleaned_aln/2.fasta, indelible_output/6/cleaned_N0_trees/2.nwk
    output: grasp_results/6/SICML/2, grasp_results/6/SICML/2/GRASP_ancestors.fasta, grasp_results/6/SICML/2/tree.nwk
    jobid: 27
    wildcards: taxon=6, method=SICML, rep=2

[Sun Jan 31 18:33:38 2021]
Finished job 27.
8 of 25 steps (32%) done
Select jobs to execute...

[Sun Jan 31 18:33:38 2021]
rule concat_fasta:
    input: indelible_output/6/cleaned_aln/2.fasta, grasp_results/6/SICML/2/GRASP_ancestors.fasta
    output: grasp_results/concatenated/6/SICML/2/GRASP_ancestors.fasta
    jobid: 28
    wildcards: taxon=6, method=SICML, rep=2

[Sun Jan 31 18:33:38 2021]
Finished job 28.
9 of 25 steps (36%) done
Select jobs to execute...

[Sun Jan 31 18:33:39 2021]
rule summarise_indels:
    input: grasp_results/6/SICML/2/tree.nwk, grasp_results/concatenated/6/SICML/2/GRASP_ancestors.fasta, indelible_output/6/cleaned_N0_trees/2.nwk, indelible_output/6/concatenated/2.fasta
    output: summaries/6/SICML/2.csv
    jobid: 26
    wildcards: taxon=6, method=SICML, rep=2

[Sun Jan 31 18:33:39 2021]
Finished job 26.
10 of 25 steps (40%) done
Select jobs to execute...

[Sun Jan 31 18:33:39 2021]
rule run_grasp:
    input: indelible_output/6/cleaned_aln/2.fasta, indelible_output/6/cleaned_N0_trees/2.nwk
    output: grasp_results/6/BEP/2, grasp_results/6/BEP/2/GRASP_ancestors.fasta, grasp_results/6/BEP/2/tree.nwk
    jobid: 10
    wildcards: taxon=6, method=BEP, rep=2

[Sun Jan 31 18:33:40 2021]
Finished job 10.
11 of 25 steps (44%) done
Select jobs to execute...

[Sun Jan 31 18:33:40 2021]
rule concat_fasta:
    input: indelible_output/6/cleaned_aln/1.fasta, grasp_results/6/SICML/1/GRASP_ancestors.fasta
    output: grasp_results/concatenated/6/SICML/1/GRASP_ancestors.fasta
    jobid: 25
    wildcards: taxon=6, method=SICML, rep=1

[Sun Jan 31 18:33:40 2021]
Finished job 25.
12 of 25 steps (48%) done
Select jobs to execute...

[Sun Jan 31 18:33:40 2021]
rule summarise_indels:
    input: grasp_results/6/SICML/1/tree.nwk, grasp_results/concatenated/6/SICML/1/GRASP_ancestors.fasta, indelible_output/6/cleaned_N0_trees/1.nwk, indelible_output/6/concatenated/1.fasta
    output: summaries/6/SICML/1.csv
    jobid: 23
    wildcards: taxon=6, method=SICML, rep=1

[Sun Jan 31 18:33:40 2021]
Finished job 23.
13 of 25 steps (52%) done
Select jobs to execute...

[Sun Jan 31 18:33:40 2021]
rule concat_summaries:
    input: summaries/6/SICML/1.csv, summaries/6/SICML/2.csv
    output: concatenated_summaries/6_SICML.csv
    jobid: 22
    wildcards: taxon=6, method=SICML

[Sun Jan 31 18:33:40 2021]
Finished job 22.
14 of 25 steps (56%) done
Select jobs to execute...

[Sun Jan 31 18:33:40 2021]
rule run_grasp:
    input: indelible_output/6/cleaned_aln/1.fasta, indelible_output/6/cleaned_N0_trees/1.nwk
    output: grasp_results/6/BEP/1, grasp_results/6/BEP/1/GRASP_ancestors.fasta, grasp_results/6/BEP/1/tree.nwk
    jobid: 3
    wildcards: taxon=6, method=BEP, rep=1

[Sun Jan 31 18:33:41 2021]
Finished job 3.
15 of 25 steps (60%) done
Select jobs to execute...

[Sun Jan 31 18:33:41 2021]
rule concat_fasta:
    input: indelible_output/6/cleaned_aln/1.fasta, grasp_results/6/BEP/1/GRASP_ancestors.fasta
    output: grasp_results/concatenated/6/BEP/1/GRASP_ancestors.fasta
    jobid: 8
    wildcards: taxon=6, method=BEP, rep=1

[Sun Jan 31 18:33:41 2021]
Finished job 8.
16 of 25 steps (64%) done
Select jobs to execute...

[Sun Jan 31 18:33:41 2021]
rule run_grasp:
    input: indelible_output/6/cleaned_aln/2.fasta, indelible_output/6/cleaned_N0_trees/2.nwk
    output: grasp_results/6/SICP/2, grasp_results/6/SICP/2/GRASP_ancestors.fasta, grasp_results/6/SICP/2/tree.nwk
    jobid: 20
    wildcards: taxon=6, method=SICP, rep=2

[Sun Jan 31 18:33:41 2021]
Finished job 20.
17 of 25 steps (68%) done
Select jobs to execute...

[Sun Jan 31 18:33:41 2021]
rule concat_fasta:
    input: indelible_output/6/cleaned_aln/2.fasta, grasp_results/6/BEP/2/GRASP_ancestors.fasta
    output: grasp_results/concatenated/6/BEP/2/GRASP_ancestors.fasta
    jobid: 14
    wildcards: taxon=6, method=BEP, rep=2

[Sun Jan 31 18:33:41 2021]
Finished job 14.
18 of 25 steps (72%) done
Select jobs to execute...

[Sun Jan 31 18:33:41 2021]
rule summarise_indels:
    input: grasp_results/6/BEP/2/tree.nwk, grasp_results/concatenated/6/BEP/2/GRASP_ancestors.fasta, indelible_output/6/cleaned_N0_trees/2.nwk, indelible_output/6/concatenated/2.fasta
    output: summaries/6/BEP/2.csv
    jobid: 9
    wildcards: taxon=6, method=BEP, rep=2

[Sun Jan 31 18:33:42 2021]
Finished job 9.
19 of 25 steps (76%) done
Select jobs to execute...

[Sun Jan 31 18:33:42 2021]
rule concat_fasta:
    input: indelible_output/6/cleaned_aln/2.fasta, grasp_results/6/SICP/2/GRASP_ancestors.fasta
    output: grasp_results/concatenated/6/SICP/2/GRASP_ancestors.fasta
    jobid: 21
    wildcards: taxon=6, method=SICP, rep=2

[Sun Jan 31 18:33:42 2021]
Finished job 21.
20 of 25 steps (80%) done
Select jobs to execute...

[Sun Jan 31 18:33:42 2021]
rule summarise_indels:
    input: grasp_results/6/SICP/2/tree.nwk, grasp_results/concatenated/6/SICP/2/GRASP_ancestors.fasta, indelible_output/6/cleaned_N0_trees/2.nwk, indelible_output/6/concatenated/2.fasta
    output: summaries/6/SICP/2.csv
    jobid: 19
    wildcards: taxon=6, method=SICP, rep=2

[Sun Jan 31 18:33:42 2021]
Finished job 19.
21 of 25 steps (84%) done
Select jobs to execute...

[Sun Jan 31 18:33:42 2021]
rule summarise_indels:
    input: grasp_results/6/BEP/1/tree.nwk, grasp_results/concatenated/6/BEP/1/GRASP_ancestors.fasta, indelible_output/6/cleaned_N0_trees/1.nwk, indelible_output/6/concatenated/1.fasta
    output: summaries/6/BEP/1.csv
    jobid: 2
    wildcards: taxon=6, method=BEP, rep=1

[Sun Jan 31 18:33:43 2021]
Finished job 2.
22 of 25 steps (88%) done
Select jobs to execute...

[Sun Jan 31 18:33:43 2021]
rule concat_summaries:
    input: summaries/6/BEP/1.csv, summaries/6/BEP/2.csv
    output: concatenated_summaries/6_BEP.csv
    jobid: 1
    wildcards: taxon=6, method=BEP

[Sun Jan 31 18:33:43 2021]
Finished job 1.
23 of 25 steps (92%) done
Select jobs to execute...

[Sun Jan 31 18:33:43 2021]
rule concat_summaries:
    input: summaries/6/SICP/1.csv, summaries/6/SICP/2.csv
    output: concatenated_summaries/6_SICP.csv
    jobid: 15
    wildcards: taxon=6, method=SICP

[Sun Jan 31 18:33:43 2021]
Finished job 15.
24 of 25 steps (96%) done
Select jobs to execute...

[Sun Jan 31 18:33:43 2021]
rule create_plots:
    input: concatenated_summaries/6_BEP.csv, concatenated_summaries/6_SICP.csv, concatenated_summaries/6_SICML.csv
    output: plots/plot.png
    jobid: 0

[Sun Jan 31 18:33:44 2021]
Finished job 0.
25 of 25 steps (100%) done
Complete log: /Users/gabefoley/Dropbox/PhD/20210121_Indel_Evaluation_Project/Indel_Evaluation_Snakemake/.snakemake/log/2021-01-31T183335.683113.snakemake.log
