Building DAG of jobs...
Using shell: /bin/bash
Provided cores: 1 (use --cores to define parallelism)
Rules claiming more threads will be scaled down.
Job counts:
	count	jobs
	1	all
	4	clean_fasta
	2	create_control_files
	4	run_indelible
	11
Select jobs to execute...

[Mon Jan 25 12:12:51 2021]
rule create_control_files:
    output: indelible/40_control.txt
    jobid: 2
    wildcards: taxon=40

[Mon Jan 25 12:12:52 2021]
Finished job 2.
1 of 11 steps (9%) done
Select jobs to execute...

[Mon Jan 25 12:12:52 2021]
rule run_indelible:
    input: indelible/40_control.txt
    output: indelible_output/40/cleaned_trees/40_tree_1.nwk, indelible_output/40/40_TRUE_1.fasta
    jobid: 1
    wildcards: taxon=40, rep=1

[Mon Jan 25 12:12:52 2021]
Finished job 1.
2 of 11 steps (18%) done
Select jobs to execute...

[Mon Jan 25 12:12:52 2021]
rule clean_fasta:
    input: indelible_output/40/40_TRUE_1.fasta
    output: indelible_output/40/cleaned_aln/40_TRUE_1.fasta
    jobid: 7
    wildcards: taxon=40, rep=1

[Mon Jan 25 12:12:52 2021]
Finished job 7.
3 of 11 steps (27%) done
Select jobs to execute...

[Mon Jan 25 12:12:52 2021]
rule create_control_files:
    output: indelible/80_control.txt
    jobid: 5
    wildcards: taxon=80

[Mon Jan 25 12:12:53 2021]
Finished job 5.
4 of 11 steps (36%) done
Select jobs to execute...

[Mon Jan 25 12:12:53 2021]
rule run_indelible:
    input: indelible/40_control.txt
    output: indelible_output/40/cleaned_trees/40_tree_2.nwk, indelible_output/40/40_TRUE_2.fasta
    jobid: 3
    wildcards: taxon=40, rep=2

Warning: the following output files of rule run_indelible were not present when the DAG was created:
{'indelible_output/40/40_TRUE_2.fasta', 'indelible_output/40/cleaned_trees/40_tree_2.nwk'}
[Mon Jan 25 12:12:53 2021]
Finished job 3.
5 of 11 steps (45%) done
Select jobs to execute...

[Mon Jan 25 12:12:53 2021]
rule clean_fasta:
    input: indelible_output/40/40_TRUE_2.fasta
    output: indelible_output/40/cleaned_aln/40_TRUE_2.fasta
    jobid: 8
    wildcards: taxon=40, rep=2

[Mon Jan 25 12:12:53 2021]
Finished job 8.
6 of 11 steps (55%) done
Select jobs to execute...

[Mon Jan 25 12:12:53 2021]
rule run_indelible:
    input: indelible/80_control.txt
    output: indelible_output/80/cleaned_trees/80_tree_2.nwk, indelible_output/80/80_TRUE_2.fasta
    jobid: 6
    wildcards: taxon=80, rep=2

[Mon Jan 25 12:12:54 2021]
Finished job 6.
7 of 11 steps (64%) done
Select jobs to execute...

[Mon Jan 25 12:12:54 2021]
rule run_indelible:
    input: indelible/80_control.txt
    output: indelible_output/80/cleaned_trees/80_tree_1.nwk, indelible_output/80/80_TRUE_1.fasta
    jobid: 4
    wildcards: taxon=80, rep=1

Warning: the following output files of rule run_indelible were not present when the DAG was created:
{'indelible_output/80/80_TRUE_1.fasta', 'indelible_output/80/cleaned_trees/80_tree_1.nwk'}
[Mon Jan 25 12:12:54 2021]
Finished job 4.
8 of 11 steps (73%) done
Select jobs to execute...

[Mon Jan 25 12:12:54 2021]
rule clean_fasta:
    input: indelible_output/80/80_TRUE_2.fasta
    output: indelible_output/80/cleaned_aln/80_TRUE_2.fasta
    jobid: 10
    wildcards: taxon=80, rep=2

[Mon Jan 25 12:12:55 2021]
Finished job 10.
9 of 11 steps (82%) done
Select jobs to execute...

[Mon Jan 25 12:12:55 2021]
rule clean_fasta:
    input: indelible_output/80/80_TRUE_1.fasta
    output: indelible_output/80/cleaned_aln/80_TRUE_1.fasta
    jobid: 9
    wildcards: taxon=80, rep=1

[Mon Jan 25 12:12:55 2021]
Finished job 9.
10 of 11 steps (91%) done
Select jobs to execute...

[Mon Jan 25 12:12:55 2021]
localrule all:
    input: indelible_output/40/cleaned_trees/40_tree_1.nwk, indelible_output/40/cleaned_trees/40_tree_2.nwk, indelible_output/80/cleaned_trees/80_tree_1.nwk, indelible_output/80/cleaned_trees/80_tree_2.nwk, indelible_output/40/cleaned_aln/40_TRUE_1.fasta, indelible_output/40/cleaned_aln/40_TRUE_2.fasta, indelible_output/80/cleaned_aln/80_TRUE_1.fasta, indelible_output/80/cleaned_aln/80_TRUE_2.fasta
    jobid: 0

[Mon Jan 25 12:12:55 2021]
Finished job 0.
11 of 11 steps (100%) done
Complete log: /Users/gabefoley/Dropbox/PhD/20210121_Indel_Evaluation_Project/Indel_Evaluation_Snakemake/.snakemake/log/2021-01-25T121251.646827.snakemake.log
