Building DAG of jobs...
Using shell: /bin/bash
Provided cores: 1 (use --cores to define parallelism)
Rules claiming more threads will be scaled down.
Job counts:
	count	jobs
	1	all
	2	clean_fasta
	6	concat_fasta
	6	run_grasp
	6	summarise_indels
	21
Select jobs to execute...

[Thu Jan 28 15:24:49 2021]
rule clean_fasta:
    input: indelible_output/4/4_TRUE_1.fasta
    output: indelible_output/cleaned_aln/4/1.fasta
    jobid: 3
    wildcards: taxon=4, rep=1

[Thu Jan 28 15:24:49 2021]
Finished job 3.
1 of 21 steps (5%) done
Select jobs to execute...

[Thu Jan 28 15:24:50 2021]
rule run_grasp:
    input: indelible_output/cleaned_aln/4/1.fasta, indelible_output/4/cleaned_trees/1.nwk
    output: grasp_results/4/SICML/1, grasp_results/4/SICML/1/GRASP_ancestors.fasta, grasp_results/4/SICML/1/tree.nwk
    jobid: 19
    wildcards: taxon=4, method=SICML, rep=1

[Thu Jan 28 15:24:50 2021]
Finished job 19.
2 of 21 steps (10%) done
Select jobs to execute...

[Thu Jan 28 15:24:50 2021]
rule clean_fasta:
    input: indelible_output/8/8_TRUE_1.fasta
    output: indelible_output/cleaned_aln/8/1.fasta
    jobid: 26
    wildcards: taxon=8, rep=1

[Thu Jan 28 15:24:51 2021]
Finished job 26.
3 of 21 steps (14%) done
Select jobs to execute...

[Thu Jan 28 15:24:51 2021]
rule run_grasp:
    input: indelible_output/cleaned_aln/8/1.fasta, indelible_output/8/cleaned_trees/1.nwk
    output: grasp_results/8/SICP/1, grasp_results/8/SICP/1/GRASP_ancestors.fasta, grasp_results/8/SICP/1/tree.nwk
    jobid: 36
    wildcards: taxon=8, method=SICP, rep=1

[Thu Jan 28 15:24:52 2021]
Finished job 36.
4 of 21 steps (19%) done
Select jobs to execute...

[Thu Jan 28 15:24:52 2021]
rule run_grasp:
    input: indelible_output/cleaned_aln/4/1.fasta, indelible_output/4/cleaned_trees/1.nwk
    output: grasp_results/4/BEP/1, grasp_results/4/BEP/1/GRASP_ancestors.fasta, grasp_results/4/BEP/1/tree.nwk
    jobid: 2
    wildcards: taxon=4, method=BEP, rep=1

[Thu Jan 28 15:24:53 2021]
Finished job 2.
5 of 21 steps (24%) done
Select jobs to execute...

[Thu Jan 28 15:24:53 2021]
rule concat_fasta:
    input: indelible_output/cleaned_aln/4/1.fasta, grasp_results/4/BEP/1/GRASP_ancestors.fasta
    output: grasp_results/concatenated/4/BEP/1/GRASP_ancestors.fasta
    jobid: 6
    wildcards: taxon=4, method=BEP, rep=1

[Thu Jan 28 15:24:53 2021]
Finished job 6.
6 of 21 steps (29%) done
Select jobs to execute...

[Thu Jan 28 15:24:53 2021]
rule summarise_indels:
    input: grasp_results/4/BEP/1/tree.nwk, grasp_results/concatenated/4/BEP/1/GRASP_ancestors.fasta
    output: summaries/4/BEP/1.csv
    jobid: 1
    wildcards: taxon=4, method=BEP, rep=1

[Thu Jan 28 15:24:54 2021]
Finished job 1.
7 of 21 steps (33%) done
Select jobs to execute...

[Thu Jan 28 15:24:54 2021]
rule run_grasp:
    input: indelible_output/cleaned_aln/8/1.fasta, indelible_output/8/cleaned_trees/1.nwk
    output: grasp_results/8/SICML/1, grasp_results/8/SICML/1/GRASP_ancestors.fasta, grasp_results/8/SICML/1/tree.nwk
    jobid: 42
    wildcards: taxon=8, method=SICML, rep=1

[Thu Jan 28 15:24:55 2021]
Finished job 42.
8 of 21 steps (38%) done
Select jobs to execute...

[Thu Jan 28 15:24:55 2021]
rule concat_fasta:
    input: indelible_output/cleaned_aln/8/1.fasta, grasp_results/8/SICML/1/GRASP_ancestors.fasta
    output: grasp_results/concatenated/8/SICML/1/GRASP_ancestors.fasta
    jobid: 43
    wildcards: taxon=8, method=SICML, rep=1

[Thu Jan 28 15:24:55 2021]
Finished job 43.
9 of 21 steps (43%) done
Select jobs to execute...

[Thu Jan 28 15:24:55 2021]
rule summarise_indels:
    input: grasp_results/8/SICML/1/tree.nwk, grasp_results/concatenated/8/SICML/1/GRASP_ancestors.fasta
    output: summaries/8/SICML/1.csv
    jobid: 41
    wildcards: taxon=8, method=SICML, rep=1

[Thu Jan 28 15:24:56 2021]
Finished job 41.
10 of 21 steps (48%) done
Select jobs to execute...

[Thu Jan 28 15:24:56 2021]
rule concat_fasta:
    input: indelible_output/cleaned_aln/8/1.fasta, grasp_results/8/SICP/1/GRASP_ancestors.fasta
    output: grasp_results/concatenated/8/SICP/1/GRASP_ancestors.fasta
    jobid: 37
    wildcards: taxon=8, method=SICP, rep=1

[Thu Jan 28 15:24:56 2021]
Finished job 37.
11 of 21 steps (52%) done
Select jobs to execute...

[Thu Jan 28 15:24:56 2021]
rule run_grasp:
    input: indelible_output/cleaned_aln/8/1.fasta, indelible_output/8/cleaned_trees/1.nwk
    output: grasp_results/8/BEP/1, grasp_results/8/BEP/1/GRASP_ancestors.fasta, grasp_results/8/BEP/1/tree.nwk
    jobid: 25
    wildcards: taxon=8, method=BEP, rep=1

[Thu Jan 28 15:24:58 2021]
Finished job 25.
12 of 21 steps (57%) done
Select jobs to execute...

[Thu Jan 28 15:24:58 2021]
rule run_grasp:
    input: indelible_output/cleaned_aln/4/1.fasta, indelible_output/4/cleaned_trees/1.nwk
    output: grasp_results/4/SICP/1, grasp_results/4/SICP/1/GRASP_ancestors.fasta, grasp_results/4/SICP/1/tree.nwk
    jobid: 13
    wildcards: taxon=4, method=SICP, rep=1

[Thu Jan 28 15:24:58 2021]
Finished job 13.
13 of 21 steps (62%) done
Select jobs to execute...

[Thu Jan 28 15:24:58 2021]
rule concat_fasta:
    input: indelible_output/cleaned_aln/4/1.fasta, grasp_results/4/SICML/1/GRASP_ancestors.fasta
    output: grasp_results/concatenated/4/SICML/1/GRASP_ancestors.fasta
    jobid: 20
    wildcards: taxon=4, method=SICML, rep=1

[Thu Jan 28 15:24:58 2021]
Finished job 20.
14 of 21 steps (67%) done
Select jobs to execute...

[Thu Jan 28 15:24:59 2021]
rule summarise_indels:
    input: grasp_results/8/SICP/1/tree.nwk, grasp_results/concatenated/8/SICP/1/GRASP_ancestors.fasta
    output: summaries/8/SICP/1.csv
    jobid: 35
    wildcards: taxon=8, method=SICP, rep=1

[Thu Jan 28 15:24:59 2021]
Finished job 35.
15 of 21 steps (71%) done
Select jobs to execute...

[Thu Jan 28 15:24:59 2021]
rule concat_fasta:
    input: indelible_output/cleaned_aln/8/1.fasta, grasp_results/8/BEP/1/GRASP_ancestors.fasta
    output: grasp_results/concatenated/8/BEP/1/GRASP_ancestors.fasta
    jobid: 29
    wildcards: taxon=8, method=BEP, rep=1

[Thu Jan 28 15:24:59 2021]
Finished job 29.
16 of 21 steps (76%) done
Select jobs to execute...

[Thu Jan 28 15:24:59 2021]
rule summarise_indels:
    input: grasp_results/8/BEP/1/tree.nwk, grasp_results/concatenated/8/BEP/1/GRASP_ancestors.fasta
    output: summaries/8/BEP/1.csv
    jobid: 24
    wildcards: taxon=8, method=BEP, rep=1

[Thu Jan 28 15:25:00 2021]
Finished job 24.
17 of 21 steps (81%) done
Select jobs to execute...

[Thu Jan 28 15:25:00 2021]
rule summarise_indels:
    input: grasp_results/4/SICML/1/tree.nwk, grasp_results/concatenated/4/SICML/1/GRASP_ancestors.fasta
    output: summaries/4/SICML/1.csv
    jobid: 18
    wildcards: taxon=4, method=SICML, rep=1

[Thu Jan 28 15:25:00 2021]
Finished job 18.
18 of 21 steps (86%) done
Select jobs to execute...

[Thu Jan 28 15:25:00 2021]
rule concat_fasta:
    input: indelible_output/cleaned_aln/4/1.fasta, grasp_results/4/SICP/1/GRASP_ancestors.fasta
    output: grasp_results/concatenated/4/SICP/1/GRASP_ancestors.fasta
    jobid: 14
    wildcards: taxon=4, method=SICP, rep=1

[Thu Jan 28 15:25:00 2021]
Finished job 14.
19 of 21 steps (90%) done
Select jobs to execute...

[Thu Jan 28 15:25:00 2021]
rule summarise_indels:
    input: grasp_results/4/SICP/1/tree.nwk, grasp_results/concatenated/4/SICP/1/GRASP_ancestors.fasta
    output: summaries/4/SICP/1.csv
    jobid: 12
    wildcards: taxon=4, method=SICP, rep=1

[Thu Jan 28 15:25:01 2021]
Finished job 12.
20 of 21 steps (95%) done
Select jobs to execute...

[Thu Jan 28 15:25:01 2021]
localrule all:
    input: summaries/4/BEP/1.csv, summaries/4/BEP/2.csv, summaries/4/SICP/1.csv, summaries/4/SICP/2.csv, summaries/4/SICML/1.csv, summaries/4/SICML/2.csv, summaries/8/BEP/1.csv, summaries/8/BEP/2.csv, summaries/8/SICP/1.csv, summaries/8/SICP/2.csv, summaries/8/SICML/1.csv, summaries/8/SICML/2.csv
    jobid: 0

[Thu Jan 28 15:25:01 2021]
Finished job 0.
21 of 21 steps (100%) done
Complete log: /Users/gabefoley/Dropbox/PhD/20210121_Indel_Evaluation_Project/Indel_Evaluation_Snakemake/.snakemake/log/2021-01-28T152449.444451.snakemake.log
