Building DAG of jobs...
Using shell: /bin/bash
Provided cores: 1 (use --cores to define parallelism)
Rules claiming more threads will be scaled down.
Conda environments: ignored
Job counts:
	count	jobs
	1	all
	2	create_control_files
	20	run_indelible
	23
Select jobs to execute...

[Sun Jan 24 19:02:20 2021]
rule create_control_files:
    output: indelible/40_control.txt
    jobid: 2
    wildcards: taxon=40

[Sun Jan 24 19:02:21 2021]
Finished job 2.
1 of 23 steps (4%) done
Select jobs to execute...

[Sun Jan 24 19:02:21 2021]
rule run_indelible:
    input: indelible/40_control.txt
    output: indelible_output/40/40_TRUE_8.fas
    jobid: 9
    wildcards: taxon=40, rep=8

[Sun Jan 24 19:02:21 2021]
Finished job 9.
2 of 23 steps (9%) done
Select jobs to execute...

[Sun Jan 24 19:02:21 2021]
rule run_indelible:
    input: indelible/40_control.txt
    output: indelible_output/40/40_TRUE_10.fas
    jobid: 11
    wildcards: taxon=40, rep=10

Warning: the following output files of rule run_indelible were not present when the DAG was created:
{'indelible_output/40/40_TRUE_10.fas'}
[Sun Jan 24 19:02:22 2021]
Finished job 11.
3 of 23 steps (13%) done
Select jobs to execute...

[Sun Jan 24 19:02:22 2021]
rule run_indelible:
    input: indelible/40_control.txt
    output: indelible_output/40/40_TRUE_5.fas
    jobid: 6
    wildcards: taxon=40, rep=5

Warning: the following output files of rule run_indelible were not present when the DAG was created:
{'indelible_output/40/40_TRUE_5.fas'}
[Sun Jan 24 19:02:23 2021]
Finished job 6.
4 of 23 steps (17%) done
Select jobs to execute...

[Sun Jan 24 19:02:23 2021]
rule run_indelible:
    input: indelible/40_control.txt
    output: indelible_output/40/40_TRUE_3.fas
    jobid: 4
    wildcards: taxon=40, rep=3

Warning: the following output files of rule run_indelible were not present when the DAG was created:
{'indelible_output/40/40_TRUE_3.fas'}
[Sun Jan 24 19:02:23 2021]
Finished job 4.
5 of 23 steps (22%) done
Select jobs to execute...

[Sun Jan 24 19:02:23 2021]
rule run_indelible:
    input: indelible/40_control.txt
    output: indelible_output/40/40_TRUE_9.fas
    jobid: 10
    wildcards: taxon=40, rep=9

Warning: the following output files of rule run_indelible were not present when the DAG was created:
{'indelible_output/40/40_TRUE_9.fas'}
[Sun Jan 24 19:02:24 2021]
Finished job 10.
6 of 23 steps (26%) done
Select jobs to execute...

[Sun Jan 24 19:02:24 2021]
rule run_indelible:
    input: indelible/40_control.txt
    output: indelible_output/40/40_TRUE_7.fas
    jobid: 8
    wildcards: taxon=40, rep=7

Warning: the following output files of rule run_indelible were not present when the DAG was created:
{'indelible_output/40/40_TRUE_7.fas'}
[Sun Jan 24 19:02:25 2021]
Finished job 8.
7 of 23 steps (30%) done
Select jobs to execute...

[Sun Jan 24 19:02:25 2021]
rule run_indelible:
    input: indelible/40_control.txt
    output: indelible_output/40/40_TRUE_6.fas
    jobid: 7
    wildcards: taxon=40, rep=6

Warning: the following output files of rule run_indelible were not present when the DAG was created:
{'indelible_output/40/40_TRUE_6.fas'}
[Sun Jan 24 19:02:25 2021]
Finished job 7.
8 of 23 steps (35%) done
Select jobs to execute...

[Sun Jan 24 19:02:25 2021]
rule create_control_files:
    output: indelible/80_control.txt
    jobid: 13
    wildcards: taxon=80

[Sun Jan 24 19:02:26 2021]
Finished job 13.
9 of 23 steps (39%) done
Select jobs to execute...

[Sun Jan 24 19:02:26 2021]
rule run_indelible:
    input: indelible/80_control.txt
    output: indelible_output/80/80_TRUE_5.fas
    jobid: 17
    wildcards: taxon=80, rep=5

[Sun Jan 24 19:02:27 2021]
Finished job 17.
10 of 23 steps (43%) done
Select jobs to execute...

[Sun Jan 24 19:02:27 2021]
rule run_indelible:
    input: indelible/80_control.txt
    output: indelible_output/80/80_TRUE_9.fas
    jobid: 21
    wildcards: taxon=80, rep=9

Warning: the following output files of rule run_indelible were not present when the DAG was created:
{'indelible_output/80/80_TRUE_9.fas'}
[Sun Jan 24 19:02:29 2021]
Finished job 21.
11 of 23 steps (48%) done
Select jobs to execute...

[Sun Jan 24 19:02:29 2021]
rule run_indelible:
    input: indelible/80_control.txt
    output: indelible_output/80/80_TRUE_2.fas
    jobid: 14
    wildcards: taxon=80, rep=2

Warning: the following output files of rule run_indelible were not present when the DAG was created:
{'indelible_output/80/80_TRUE_2.fas'}
[Sun Jan 24 19:02:30 2021]
Finished job 14.
12 of 23 steps (52%) done
Select jobs to execute...

[Sun Jan 24 19:02:30 2021]
rule run_indelible:
    input: indelible/80_control.txt
    output: indelible_output/80/80_TRUE_7.fas
    jobid: 19
    wildcards: taxon=80, rep=7

Warning: the following output files of rule run_indelible were not present when the DAG was created:
{'indelible_output/80/80_TRUE_7.fas'}
[Sun Jan 24 19:02:31 2021]
Finished job 19.
13 of 23 steps (57%) done
Select jobs to execute...

[Sun Jan 24 19:02:31 2021]
rule run_indelible:
    input: indelible/80_control.txt
    output: indelible_output/80/80_TRUE_4.fas
    jobid: 16
    wildcards: taxon=80, rep=4

Warning: the following output files of rule run_indelible were not present when the DAG was created:
{'indelible_output/80/80_TRUE_4.fas'}
[Sun Jan 24 19:02:33 2021]
Finished job 16.
14 of 23 steps (61%) done
Select jobs to execute...

[Sun Jan 24 19:02:33 2021]
rule run_indelible:
    input: indelible/80_control.txt
    output: indelible_output/80/80_TRUE_10.fas
    jobid: 22
    wildcards: taxon=80, rep=10

Warning: the following output files of rule run_indelible were not present when the DAG was created:
{'indelible_output/80/80_TRUE_10.fas'}
[Sun Jan 24 19:02:34 2021]
Finished job 22.
15 of 23 steps (65%) done
Select jobs to execute...

[Sun Jan 24 19:02:34 2021]
rule run_indelible:
    input: indelible/80_control.txt
    output: indelible_output/80/80_TRUE_6.fas
    jobid: 18
    wildcards: taxon=80, rep=6

Warning: the following output files of rule run_indelible were not present when the DAG was created:
{'indelible_output/80/80_TRUE_6.fas'}
[Sun Jan 24 19:02:36 2021]
Finished job 18.
16 of 23 steps (70%) done
Select jobs to execute...

[Sun Jan 24 19:02:36 2021]
rule run_indelible:
    input: indelible/40_control.txt
    output: indelible_output/40/40_TRUE_1.fas
    jobid: 1
    wildcards: taxon=40, rep=1

Warning: the following output files of rule run_indelible were not present when the DAG was created:
{'indelible_output/40/40_TRUE_1.fas'}
[Sun Jan 24 19:02:37 2021]
Finished job 1.
17 of 23 steps (74%) done
Select jobs to execute...

[Sun Jan 24 19:02:37 2021]
rule run_indelible:
    input: indelible/80_control.txt
    output: indelible_output/80/80_TRUE_1.fas
    jobid: 12
    wildcards: taxon=80, rep=1

Warning: the following output files of rule run_indelible were not present when the DAG was created:
{'indelible_output/80/80_TRUE_1.fas'}
[Sun Jan 24 19:02:38 2021]
Finished job 12.
18 of 23 steps (78%) done
Select jobs to execute...

[Sun Jan 24 19:02:38 2021]
rule run_indelible:
    input: indelible/40_control.txt
    output: indelible_output/40/40_TRUE_4.fas
    jobid: 5
    wildcards: taxon=40, rep=4

Warning: the following output files of rule run_indelible were not present when the DAG was created:
{'indelible_output/40/40_TRUE_4.fas'}
[Sun Jan 24 19:02:39 2021]
Finished job 5.
19 of 23 steps (83%) done
Select jobs to execute...

[Sun Jan 24 19:02:39 2021]
rule run_indelible:
    input: indelible/80_control.txt
    output: indelible_output/80/80_TRUE_3.fas
    jobid: 15
    wildcards: taxon=80, rep=3

Warning: the following output files of rule run_indelible were not present when the DAG was created:
{'indelible_output/80/80_TRUE_3.fas'}
[Sun Jan 24 19:02:41 2021]
Finished job 15.
20 of 23 steps (87%) done
Select jobs to execute...

[Sun Jan 24 19:02:41 2021]
rule run_indelible:
    input: indelible/40_control.txt
    output: indelible_output/40/40_TRUE_2.fas
    jobid: 3
    wildcards: taxon=40, rep=2

Warning: the following output files of rule run_indelible were not present when the DAG was created:
{'indelible_output/40/40_TRUE_2.fas'}
[Sun Jan 24 19:02:42 2021]
Finished job 3.
21 of 23 steps (91%) done
Select jobs to execute...

[Sun Jan 24 19:02:42 2021]
rule run_indelible:
    input: indelible/80_control.txt
    output: indelible_output/80/80_TRUE_8.fas
    jobid: 20
    wildcards: taxon=80, rep=8

Warning: the following output files of rule run_indelible were not present when the DAG was created:
{'indelible_output/80/80_TRUE_8.fas'}
[Sun Jan 24 19:02:44 2021]
Finished job 20.
22 of 23 steps (96%) done
Select jobs to execute...

[Sun Jan 24 19:02:44 2021]
localrule all:
    input: indelible_output/40/40_TRUE_1.fas, indelible_output/40/40_TRUE_2.fas, indelible_output/40/40_TRUE_3.fas, indelible_output/40/40_TRUE_4.fas, indelible_output/40/40_TRUE_5.fas, indelible_output/40/40_TRUE_6.fas, indelible_output/40/40_TRUE_7.fas, indelible_output/40/40_TRUE_8.fas, indelible_output/40/40_TRUE_9.fas, indelible_output/40/40_TRUE_10.fas, indelible_output/80/80_TRUE_1.fas, indelible_output/80/80_TRUE_2.fas, indelible_output/80/80_TRUE_3.fas, indelible_output/80/80_TRUE_4.fas, indelible_output/80/80_TRUE_5.fas, indelible_output/80/80_TRUE_6.fas, indelible_output/80/80_TRUE_7.fas, indelible_output/80/80_TRUE_8.fas, indelible_output/80/80_TRUE_9.fas, indelible_output/80/80_TRUE_10.fas
    jobid: 0

[Sun Jan 24 19:02:44 2021]
Finished job 0.
23 of 23 steps (100%) done
Complete log: /Users/gabefoley/Dropbox/PhD/20210121_Indel_Evaluation_Project/Indel_Evaluation_Snakemake/.snakemake/log/2021-01-24T190220.507040.snakemake.log
