Building DAG of jobs...
Using shell: /bin/bash
Provided cores: 1 (use --cores to define parallelism)
Rules claiming more threads will be scaled down.
Job counts:
	count	jobs
	2	clean_fastml_ml
	2	clean_fastml_parsimony
	1	compile_latex
	6	concat_fasta
	2	concat_fastml__ml_summaries
	2	concat_fastml_summaries
	2	concat_indelible_summaries
	8	concat_summaries
	1	generate_latex
	1	generate_output_dict
	1	get_indelible_dict
	1	run_fastml
	4	run_grasp
	2	summarise_fastml_ml_indels
	2	summarise_fastml_parsimony_indels
	2	summarise_indelible
	8	summarise_indels
	47
Select jobs to execute...

[Fri Feb  5 09:21:26 2021]
rule clean_fastml_parsimony:
    input: fastml_results/5/1/seq.marginal_Chars_ParsimonyIndels.txt, fastml_results/5/1/tree.newick.txt
    output: fastml_results_parsimony/5/concatenated/1/FastML_ancestors.fasta, fastml_results_parsimony/5/cleaned_trees/1/tree.nwk, fastml_results_parsimony/5/cleaned_N0_trees/1/tree.nwk
    jobid: 47
    wildcards: taxon=5, rep=1

[Fri Feb  5 09:21:27 2021]
Finished job 47.
1 of 47 steps (2%) done
Select jobs to execute...

[Fri Feb  5 09:21:27 2021]
rule summarise_fastml_parsimony_indels:
    input: fastml_results_parsimony/5/concatenated/1/FastML_ancestors.fasta, fastml_results_parsimony/5/cleaned_N0_trees/1/tree.nwk, indelible_output/5/cleaned_N0_trees/1.nwk, indelible_output/5/concatenated/1.fasta, indelible_dicts/5/leaves_1.p, indelible_dicts/5/gaps_1.p
    output: fastml_parsimony_summaries/5/fastml/1.csv
    jobid: 46
    wildcards: taxon=5, rep=1

[Fri Feb  5 09:21:28 2021]
Finished job 46.
2 of 47 steps (4%) done
Select jobs to execute...

[Fri Feb  5 09:21:28 2021]
rule summarise_indelible:
    input: indelible_output/5/cleaned_N0_trees/1.nwk, indelible_output/5/concatenated/1.fasta, indelible_output/5/cleaned_N0_trees/1.nwk, indelible_output/5/concatenated/1.fasta, indelible_dicts/5/leaves_1.p, indelible_dicts/5/gaps_1.p
    output: indelible_summaries/5/1.csv
    jobid: 60
    wildcards: taxon=5, rep=1

[Fri Feb  5 09:21:29 2021]
Finished job 60.
3 of 47 steps (6%) done
Select jobs to execute...

[Fri Feb  5 09:21:29 2021]
rule concat_indelible_summaries:
    input: indelible_summaries/5/1.csv
    output: concatenated_indelible_summaries/5.csv
    jobid: 59
    wildcards: taxon=5

[Fri Feb  5 09:21:29 2021]
Finished job 59.
4 of 47 steps (9%) done
Select jobs to execute...

[Fri Feb  5 09:21:29 2021]
rule concat_fastml_summaries:
    input: fastml_parsimony_summaries/5/fastml/1.csv
    output: concatenated_fastml_parsimony_summaries/5.csv
    jobid: 45
    wildcards: taxon=5

[Fri Feb  5 09:21:29 2021]
Finished job 45.
5 of 47 steps (11%) done
Select jobs to execute...

[Fri Feb  5 09:21:29 2021]
rule get_indelible_dict:
    input: indelible_output/10/concatenated/1.fasta, indelible_output/10/cleaned_N0_trees/1.nwk
    output: indelible_dicts/10/leaves_1.p, indelible_dicts/10/gaps_1.p
    jobid: 32
    wildcards: taxon=10, rep=1

[Fri Feb  5 09:21:30 2021]
Finished job 32.
6 of 47 steps (13%) done
Select jobs to execute...

[Fri Feb  5 09:21:30 2021]
rule summarise_indels:
    input: grasp_results/10/BEML/1/tree.nwk, grasp_results/concatenated/10/BEML/1/GRASP_ancestors.fasta, indelible_output/10/cleaned_N0_trees/1.nwk, indelible_output/10/concatenated/1.fasta, indelible_dicts/10/leaves_1.p, indelible_dicts/10/gaps_1.p
    output: summaries/10/BEML/1.csv
    jobid: 42
    wildcards: taxon=10, method=BEML, rep=1

[Fri Feb  5 09:21:31 2021]
Finished job 42.
7 of 47 steps (15%) done
Select jobs to execute...

[Fri Feb  5 09:21:31 2021]
rule summarise_indelible:
    input: indelible_output/10/cleaned_N0_trees/1.nwk, indelible_output/10/concatenated/1.fasta, indelible_output/10/cleaned_N0_trees/1.nwk, indelible_output/10/concatenated/1.fasta, indelible_dicts/10/leaves_1.p, indelible_dicts/10/gaps_1.p
    output: indelible_summaries/10/1.csv
    jobid: 62
    wildcards: taxon=10, rep=1

[Fri Feb  5 09:21:32 2021]
Finished job 62.
8 of 47 steps (17%) done
Select jobs to execute...

[Fri Feb  5 09:21:32 2021]
rule run_grasp:
    input: indelible_output/5/cleaned_aln/1.fasta, indelible_output/5/cleaned_N0_trees/1.nwk
    output: grasp_results/5/SICP/1, grasp_results/5/SICP/1/GRASP_ancestors.fasta, grasp_results/5/SICP/1/tree.nwk
    jobid: 14
    wildcards: taxon=5, method=SICP, rep=1

[Fri Feb  5 09:21:32 2021]
Finished job 14.
9 of 47 steps (19%) done
Select jobs to execute...

[Fri Feb  5 09:21:32 2021]
rule concat_summaries:
    input: summaries/10/BEML/1.csv
    output: concatenated_summaries/10_BEML.csv
    jobid: 41
    wildcards: taxon=10, method=BEML

[Fri Feb  5 09:21:32 2021]
Finished job 41.
10 of 47 steps (21%) done
Select jobs to execute...

[Fri Feb  5 09:21:32 2021]
rule concat_fasta:
    input: indelible_output/5/cleaned_aln/1.fasta, grasp_results/5/SICP/1/GRASP_ancestors.fasta
    output: grasp_results/concatenated/5/SICP/1/GRASP_ancestors.fasta
    jobid: 15
    wildcards: taxon=5, method=SICP, rep=1

[Fri Feb  5 09:21:32 2021]
Finished job 15.
11 of 47 steps (23%) done
Select jobs to execute...

[Fri Feb  5 09:21:33 2021]
rule summarise_indels:
    input: grasp_results/5/SICP/1/tree.nwk, grasp_results/concatenated/5/SICP/1/GRASP_ancestors.fasta, indelible_output/5/cleaned_N0_trees/1.nwk, indelible_output/5/concatenated/1.fasta, indelible_dicts/5/leaves_1.p, indelible_dicts/5/gaps_1.p
    output: summaries/5/SICP/1.csv
    jobid: 13
    wildcards: taxon=5, method=SICP, rep=1

[Fri Feb  5 09:21:33 2021]
Finished job 13.
12 of 47 steps (26%) done
Select jobs to execute...

[Fri Feb  5 09:21:33 2021]
rule clean_fastml_ml:
    input: fastml_results/5/1/seq.marginal_IndelAndChars.txt, fastml_results/5/1/tree.newick.txt
    output: fastml_results_ml/5/concatenated/1/FastML_ancestors.fasta, fastml_results_ml/5/cleaned_trees/1/tree.nwk, fastml_results_ml/5/cleaned_N0_trees/1/tree.nwk
    jobid: 55
    wildcards: taxon=5, rep=1

[Fri Feb  5 09:21:34 2021]
Error in rule clean_fastml_ml:
    jobid: 55
    output: fastml_results_ml/5/concatenated/1/FastML_ancestors.fasta, fastml_results_ml/5/cleaned_trees/1/tree.nwk, fastml_results_ml/5/cleaned_N0_trees/1/tree.nwk

RuleException:
CalledProcessError in line 85 of /Users/gabefoley/Dropbox/PhD/20210121_Indel_Evaluation_Project/Indel_Evaluation_Snakemake/Snakefile:
Command 'set -euo pipefail;  /Users/gabefoley/miniconda3_latest/envs/indel_snakemake/bin/python3.9 /Users/gabefoley/Dropbox/PhD/20210121_Indel_Evaluation_Project/Indel_Evaluation_Snakemake/.snakemake/scripts/tmpkandwat3.clean_fastml.py' returned non-zero exit status 1.
  File "/Users/gabefoley/miniconda3_latest/envs/indel_snakemake/lib/python3.9/site-packages/snakemake/executors/__init__.py", line 2319, in run_wrapper
  File "/Users/gabefoley/Dropbox/PhD/20210121_Indel_Evaluation_Project/Indel_Evaluation_Snakemake/Snakefile", line 85, in __rule_clean_fastml_ml
  File "/Users/gabefoley/miniconda3_latest/envs/indel_snakemake/lib/python3.9/site-packages/snakemake/executors/__init__.py", line 568, in _callback
  File "/Users/gabefoley/miniconda3_latest/envs/indel_snakemake/lib/python3.9/concurrent/futures/thread.py", line 52, in run
  File "/Users/gabefoley/miniconda3_latest/envs/indel_snakemake/lib/python3.9/site-packages/snakemake/executors/__init__.py", line 554, in cached_or_run
  File "/Users/gabefoley/miniconda3_latest/envs/indel_snakemake/lib/python3.9/site-packages/snakemake/executors/__init__.py", line 2350, in run_wrapper
Removing output files of failed job clean_fastml_ml since they might be corrupted:
fastml_results_ml/5/cleaned_trees/1/tree.nwk
Shutting down, this might take some time.
Exiting because a job execution failed. Look above for error message
Complete log: /Users/gabefoley/Dropbox/PhD/20210121_Indel_Evaluation_Project/Indel_Evaluation_Snakemake/.snakemake/log/2021-02-05T092126.300239.snakemake.log
