Building DAG of jobs...
Using shell: /bin/bash
Provided cores: 1 (use --cores to define parallelism)
Rules claiming more threads will be scaled down.
Job counts:
	count	jobs
	2	clean_fastml_ml
	2	clean_fastml_parsimony
	2	clean_indelible
	1	compile_latex
	8	concat_fasta
	2	concat_fastml__ml_summaries
	2	concat_fastml_summaries
	2	concat_indelible
	2	concat_indelible_summaries
	8	concat_summaries
	2	create_control_files
	1	generate_latex
	1	generate_output_dict
	2	get_indelible_dict
	2	run_fastml
	8	run_grasp
	2	run_indelible
	2	summarise_fastml_ml_indels
	2	summarise_fastml_parsimony_indels
	2	summarise_indelible
	8	summarise_indels
	63
Select jobs to execute...

[Thu Feb  4 20:43:47 2021]
rule create_control_files:
    output: indelible/10_control.txt
    jobid: 29
    wildcards: taxon=10

[Thu Feb  4 20:43:47 2021]
Finished job 29.
1 of 63 steps (2%) done
Select jobs to execute...

[Thu Feb  4 20:43:47 2021]
rule run_indelible:
    input: indelible/10_control.txt
    output: indelible_output/10/trees/1.nwk, indelible_output/10/10_TRUE_1.fasta, indelible_output/10/10_ANCESTRAL_1.fasta, indelible_output/10/N0_trees/1.nwk
    jobid: 28
    wildcards: taxon=10, rep=1

[Thu Feb  4 20:43:48 2021]
Finished job 28.
2 of 63 steps (3%) done
Select jobs to execute...

[Thu Feb  4 20:43:48 2021]
rule concat_indelible:
    input: indelible_output/10/10_TRUE_1.fasta, indelible_output/10/10_ANCESTRAL_1.fasta
    output: indelible_output/10/concatenated/10_1.fasta
    jobid: 30
    wildcards: taxon=10, rep=1

[Thu Feb  4 20:43:48 2021]
Finished job 30.
3 of 63 steps (5%) done
Select jobs to execute...

[Thu Feb  4 20:43:48 2021]
rule create_control_files:
    output: indelible/5_control.txt
    jobid: 8
    wildcards: taxon=5

[Thu Feb  4 20:43:48 2021]
Finished job 8.
4 of 63 steps (6%) done
Select jobs to execute...

[Thu Feb  4 20:43:49 2021]
rule clean_indelible:
    input: indelible_output/10/N0_trees/1.nwk, indelible_output/10/concatenated/10_1.fasta
    output: indelible_output/10/cleaned_aln/1.fasta, indelible_output/10/concatenated/1.fasta, indelible_output/10/cleaned_trees/1.nwk, indelible_output/10/cleaned_N0_trees/1.nwk, indelible_output/10/cleaned_no_internal_trees/1.nwk
    jobid: 27
    wildcards: taxon=10, rep=1

[Thu Feb  4 20:43:49 2021]
Finished job 27.
5 of 63 steps (8%) done
Select jobs to execute...

[Thu Feb  4 20:43:49 2021]
rule run_grasp:
    input: indelible_output/10/cleaned_aln/1.fasta, indelible_output/10/cleaned_N0_trees/1.nwk
    output: grasp_results/10/BEML/1, grasp_results/10/BEML/1/GRASP_ancestors.fasta, grasp_results/10/BEML/1/tree.nwk
    jobid: 43
    wildcards: taxon=10, method=BEML, rep=1

[Thu Feb  4 20:43:50 2021]
Finished job 43.
6 of 63 steps (10%) done
Select jobs to execute...

[Thu Feb  4 20:43:50 2021]
rule run_grasp:
    input: indelible_output/10/cleaned_aln/1.fasta, indelible_output/10/cleaned_N0_trees/1.nwk
    output: grasp_results/10/SICML/1, grasp_results/10/SICML/1/GRASP_ancestors.fasta, grasp_results/10/SICML/1/tree.nwk
    jobid: 39
    wildcards: taxon=10, method=SICML, rep=1

[Thu Feb  4 20:43:51 2021]
Finished job 39.
7 of 63 steps (11%) done
Select jobs to execute...

[Thu Feb  4 20:43:51 2021]
rule run_grasp:
    input: indelible_output/10/cleaned_aln/1.fasta, indelible_output/10/cleaned_N0_trees/1.nwk
    output: grasp_results/10/BEP/1, grasp_results/10/BEP/1/GRASP_ancestors.fasta, grasp_results/10/BEP/1/tree.nwk
    jobid: 26
    wildcards: taxon=10, method=BEP, rep=1

[Thu Feb  4 20:43:52 2021]
Finished job 26.
8 of 63 steps (13%) done
Select jobs to execute...

[Thu Feb  4 20:43:52 2021]
rule run_indelible:
    input: indelible/5_control.txt
    output: indelible_output/5/trees/1.nwk, indelible_output/5/5_TRUE_1.fasta, indelible_output/5/5_ANCESTRAL_1.fasta, indelible_output/5/N0_trees/1.nwk
    jobid: 7
    wildcards: taxon=5, rep=1

[Thu Feb  4 20:43:53 2021]
Finished job 7.
9 of 63 steps (14%) done
Select jobs to execute...

[Thu Feb  4 20:43:53 2021]
rule concat_indelible:
    input: indelible_output/5/5_TRUE_1.fasta, indelible_output/5/5_ANCESTRAL_1.fasta
    output: indelible_output/5/concatenated/5_1.fasta
    jobid: 9
    wildcards: taxon=5, rep=1

[Thu Feb  4 20:43:53 2021]
Finished job 9.
10 of 63 steps (16%) done
Select jobs to execute...

[Thu Feb  4 20:43:53 2021]
rule clean_indelible:
    input: indelible_output/5/N0_trees/1.nwk, indelible_output/5/concatenated/5_1.fasta
    output: indelible_output/5/cleaned_aln/1.fasta, indelible_output/5/concatenated/1.fasta, indelible_output/5/cleaned_trees/1.nwk, indelible_output/5/cleaned_N0_trees/1.nwk, indelible_output/5/cleaned_no_internal_trees/1.nwk
    jobid: 6
    wildcards: taxon=5, rep=1

[Thu Feb  4 20:43:54 2021]
Finished job 6.
11 of 63 steps (17%) done
Select jobs to execute...

[Thu Feb  4 20:43:54 2021]
rule run_grasp:
    input: indelible_output/5/cleaned_aln/1.fasta, indelible_output/5/cleaned_N0_trees/1.nwk
    output: grasp_results/5/SICML/1, grasp_results/5/SICML/1/GRASP_ancestors.fasta, grasp_results/5/SICML/1/tree.nwk
    jobid: 18
    wildcards: taxon=5, method=SICML, rep=1

[Thu Feb  4 20:43:55 2021]
Finished job 18.
12 of 63 steps (19%) done
Select jobs to execute...

[Thu Feb  4 20:43:55 2021]
rule run_grasp:
    input: indelible_output/5/cleaned_aln/1.fasta, indelible_output/5/cleaned_N0_trees/1.nwk
    output: grasp_results/5/BEML/1, grasp_results/5/BEML/1/GRASP_ancestors.fasta, grasp_results/5/BEML/1/tree.nwk
    jobid: 22
    wildcards: taxon=5, method=BEML, rep=1

[Thu Feb  4 20:43:55 2021]
Finished job 22.
13 of 63 steps (21%) done
Select jobs to execute...

[Thu Feb  4 20:43:55 2021]
rule run_grasp:
    input: indelible_output/5/cleaned_aln/1.fasta, indelible_output/5/cleaned_N0_trees/1.nwk
    output: grasp_results/5/SICP/1, grasp_results/5/SICP/1/GRASP_ancestors.fasta, grasp_results/5/SICP/1/tree.nwk
    jobid: 14
    wildcards: taxon=5, method=SICP, rep=1

[Thu Feb  4 20:43:56 2021]
Finished job 14.
14 of 63 steps (22%) done
Select jobs to execute...

[Thu Feb  4 20:43:56 2021]
rule run_fastml:
    input: indelible_output/5/cleaned_aln/1.fasta, indelible_output/5/cleaned_no_internal_trees/1.nwk
    output: fastml_results/5/1/seq.marginal_Chars_ParsimonyIndels.txt, fastml_results/5/1/seq.marginal_IndelAndChars.txt, fastml_results/5/1/tree.newick.txt, fastml_results/5/1
    jobid: 48
    wildcards: taxon=5, rep=1

[Thu Feb  4 20:43:58 2021]
Finished job 48.
15 of 63 steps (24%) done
Select jobs to execute...

[Thu Feb  4 20:43:58 2021]
rule clean_fastml_ml:
    input: fastml_results/5/1/seq.marginal_IndelAndChars.txt, fastml_results/5/1/tree.newick.txt
    output: fastml_results_ml/5/concatenated/1/FastML_ancestors.fasta, fastml_results_ml/5/cleaned_trees/1/tree.nwk, fastml_results_ml/5/cleaned_N0_trees/1/tree.nwk
    jobid: 55
    wildcards: taxon=5, rep=1

[Thu Feb  4 20:43:59 2021]
Error in rule clean_fastml_ml:
    jobid: 55
    output: fastml_results_ml/5/concatenated/1/FastML_ancestors.fasta, fastml_results_ml/5/cleaned_trees/1/tree.nwk, fastml_results_ml/5/cleaned_N0_trees/1/tree.nwk

RuleException:
CalledProcessError in line 85 of /Users/gabefoley/Dropbox/PhD/20210121_Indel_Evaluation_Project/Indel_Evaluation_Snakemake/Snakefile:
Command 'set -euo pipefail;  /Users/gabefoley/miniconda3_latest/envs/indel_snakemake/bin/python3.9 /Users/gabefoley/Dropbox/PhD/20210121_Indel_Evaluation_Project/Indel_Evaluation_Snakemake/.snakemake/scripts/tmp0bap_425.clean_fastml.py' returned non-zero exit status 1.
  File "/Users/gabefoley/miniconda3_latest/envs/indel_snakemake/lib/python3.9/site-packages/snakemake/executors/__init__.py", line 2319, in run_wrapper
  File "/Users/gabefoley/Dropbox/PhD/20210121_Indel_Evaluation_Project/Indel_Evaluation_Snakemake/Snakefile", line 85, in __rule_clean_fastml_ml
  File "/Users/gabefoley/miniconda3_latest/envs/indel_snakemake/lib/python3.9/site-packages/snakemake/executors/__init__.py", line 568, in _callback
  File "/Users/gabefoley/miniconda3_latest/envs/indel_snakemake/lib/python3.9/concurrent/futures/thread.py", line 52, in run
  File "/Users/gabefoley/miniconda3_latest/envs/indel_snakemake/lib/python3.9/site-packages/snakemake/executors/__init__.py", line 554, in cached_or_run
  File "/Users/gabefoley/miniconda3_latest/envs/indel_snakemake/lib/python3.9/site-packages/snakemake/executors/__init__.py", line 2350, in run_wrapper
Shutting down, this might take some time.
Exiting because a job execution failed. Look above for error message
Complete log: /Users/gabefoley/Dropbox/PhD/20210121_Indel_Evaluation_Project/Indel_Evaluation_Snakemake/.snakemake/log/2021-02-04T204347.161222.snakemake.log
