Building DAG of jobs...
Using shell: /bin/bash
Provided cores: 1 (use --cores to define parallelism)
Rules claiming more threads will be scaled down.
Job counts:
	count	jobs
	1	clean_indelible
	1	concat_fasta
	1	concat_indelible
	1	create_control_files
	1	get_indelible_dict
	1	run_grasp
	1	run_indelible
	1	summarise_indels
	8
Select jobs to execute...

[Tue Mar  2 12:39:43 2021]
rule create_control_files:
    output: indelible/200_control.txt
    jobid: 4
    wildcards: taxon=200

[Tue Mar  2 12:39:43 2021]
Finished job 4.
1 of 8 steps (12%) done
Select jobs to execute...

[Tue Mar  2 12:39:43 2021]
rule run_indelible:
    input: indelible/200_control.txt
    output: indelible_output/200/trees/9.nwk, indelible_output/200/200_TRUE_9.fasta, indelible_output/200/200_ANCESTRAL_9.fasta, indelible_output/200/N0_trees/9.nwk
    jobid: 3
    wildcards: taxon=200, rep=9

[Tue Mar  2 12:39:58 2021]
Finished job 3.
2 of 8 steps (25%) done
Select jobs to execute...

[Tue Mar  2 12:39:58 2021]
rule concat_indelible:
    input: indelible_output/200/200_TRUE_9.fasta, indelible_output/200/200_ANCESTRAL_9.fasta
    output: indelible_output/200/concatenated/200_9.fasta
    jobid: 5
    wildcards: taxon=200, rep=9

[Tue Mar  2 12:39:58 2021]
Finished job 5.
3 of 8 steps (38%) done
Select jobs to execute...

[Tue Mar  2 12:39:58 2021]
rule clean_indelible:
    input: indelible_output/200/N0_trees/9.nwk, indelible_output/200/concatenated/200_9.fasta
    output: indelible_output/200/cleaned_aln/9.fasta, indelible_output/200/concatenated/9.fasta, indelible_output/200/cleaned_trees/9.nwk, indelible_output/200/cleaned_N0_trees/9.nwk, indelible_output/200/cleaned_no_internal_trees/9.nwk
    jobid: 2
    wildcards: taxon=200, rep=9

[Tue Mar  2 12:39:59 2021]
Finished job 2.
4 of 8 steps (50%) done
Select jobs to execute...

[Tue Mar  2 12:39:59 2021]
rule run_grasp:
    input: indelible_output/200/cleaned_aln/9.fasta, indelible_output/200/cleaned_N0_trees/9.nwk
    output: grasp_results/200/BEML/9, grasp_results/200/BEML/9/GRASP_ancestors.fasta, grasp_results/200/BEML/9/GRASP_ancestors.nwk
    jobid: 1
    wildcards: taxon=200, method=BEML, rep=9

[Tue Mar  2 12:41:24 2021]
Finished job 1.
5 of 8 steps (62%) done
Select jobs to execute...

[Tue Mar  2 12:41:24 2021]
rule concat_fasta:
    input: indelible_output/200/cleaned_aln/9.fasta, grasp_results/200/BEML/9/GRASP_ancestors.fasta
    output: grasp_results/concatenated/200/BEML/9/GRASP_ancestors.fasta
    jobid: 6
    wildcards: taxon=200, method=BEML, rep=9

[Tue Mar  2 12:41:24 2021]
Finished job 6.
6 of 8 steps (75%) done
Select jobs to execute...

[Tue Mar  2 12:41:24 2021]
rule get_indelible_dict:
    input: indelible_output/200/concatenated/9.fasta, indelible_output/200/cleaned_N0_trees/9.nwk
    output: indelible_dicts/200/leaves_9.p, indelible_dicts/200/gaps_9.p
    jobid: 7
    wildcards: taxon=200, rep=9

[Tue Mar  2 12:41:26 2021]
Finished job 7.
7 of 8 steps (88%) done
Select jobs to execute...

[Tue Mar  2 12:41:26 2021]
rule summarise_indels:
    input: grasp_results/200/BEML/9/GRASP_ancestors.nwk, grasp_results/concatenated/200/BEML/9/GRASP_ancestors.fasta, indelible_output/200/cleaned_N0_trees/9.nwk, indelible_output/200/concatenated/9.fasta, indelible_dicts/200/leaves_9.p, indelible_dicts/200/gaps_9.p
    output: summaries/200/BEML/9.csv
    jobid: 0
    wildcards: taxon=200, method=BEML, rep=9

[Tue Mar  2 12:41:27 2021]
Finished job 0.
8 of 8 steps (100%) done
Complete log: /Users/gabefoley/Dropbox/PhD/20210121_Indel_Evaluation_Project/Indel_Evaluation_Snakemake/.snakemake/log/2021-03-02T123943.333630.snakemake.log
