Building DAG of jobs...
Using shell: /bin/bash
Provided cores: 1 (use --cores to define parallelism)
Rules claiming more threads will be scaled down.
Conda environments: ignored
Job counts:
	count	jobs
	1	all
	2	create_control_files
	2	run_indelible
	5
Select jobs to execute...

[Sun Jan 24 18:40:00 2021]
rule create_control_files:
    output: indelible/40_control.txt
    jobid: 2
    wildcards: taxon=40

[Sun Jan 24 18:40:00 2021]
Finished job 2.
1 of 5 steps (20%) done
Select jobs to execute...

[Sun Jan 24 18:40:00 2021]
rule create_control_files:
    output: indelible/80_control.txt
    jobid: 4
    wildcards: taxon=80

[Sun Jan 24 18:40:00 2021]
Finished job 4.
2 of 5 steps (40%) done
Select jobs to execute...

[Sun Jan 24 18:40:00 2021]
rule run_indelible:
    input: indelible/40_control.txt
    output: indelible_output/40/40_TRUE_10.fas
    jobid: 1
    wildcards: taxon=40

[Sun Jan 24 18:40:01 2021]
Finished job 1.
3 of 5 steps (60%) done
Select jobs to execute...

[Sun Jan 24 18:40:01 2021]
rule run_indelible:
    input: indelible/80_control.txt
    output: indelible_output/80/80_TRUE_10.fas
    jobid: 3
    wildcards: taxon=80

[Sun Jan 24 18:40:02 2021]
Finished job 3.
4 of 5 steps (80%) done
Select jobs to execute...

[Sun Jan 24 18:40:02 2021]
localrule all:
    input: indelible_output/40/40_TRUE_10.fas, indelible_output/80/80_TRUE_10.fas
    jobid: 0

[Sun Jan 24 18:40:02 2021]
Finished job 0.
5 of 5 steps (100%) done
Complete log: /Users/gabefoley/Dropbox/PhD/20210121_Indel_Evaluation_Project/Indel_Evaluation_Snakemake/.snakemake/log/2021-01-24T184000.228122.snakemake.log
