Building DAG of jobs...
Using shell: /bin/bash
Provided cores: 1 (use --cores to define parallelism)
Rules claiming more threads will be scaled down.
Conda environments: ignored
Job counts:
	count	jobs
	1	all
	20	run_indelible
	21
Select jobs to execute...

[Sun Jan 24 19:04:06 2021]
rule run_indelible:
    input: indelible/80_control.txt
    output: indelible_output/80/80_TRUE_19.fas
    jobid: 41
    wildcards: taxon=80, rep=19

Waiting at most 30 seconds for missing files.
MissingOutputException in line 17 of /Users/gabefoley/Dropbox/PhD/20210121_Indel_Evaluation_Project/Indel_Evaluation_Snakemake/Snakefile:
Job Missing files after 30 seconds:
indelible_output/80/80_TRUE_19.fas
This might be due to filesystem latency. If that is the case, consider to increase the wait time with --latency-wait.
Job id: 41 completed successfully, but some output files are missing. 41
  File "/Users/gabefoley/miniconda3_latest/envs/indel_snakemake/lib/python3.9/site-packages/snakemake/executors/__init__.py", line 583, in handle_job_success
  File "/Users/gabefoley/miniconda3_latest/envs/indel_snakemake/lib/python3.9/site-packages/snakemake/executors/__init__.py", line 252, in handle_job_success
Shutting down, this might take some time.
Exiting because a job execution failed. Look above for error message
Complete log: /Users/gabefoley/Dropbox/PhD/20210121_Indel_Evaluation_Project/Indel_Evaluation_Snakemake/.snakemake/log/2021-01-24T190406.084820.snakemake.log
