Building DAG of jobs...
Using shell: /bin/bash
Provided cores: 1 (use --cores to define parallelism)
Rules claiming more threads will be scaled down.
Job counts:
	count	jobs
	4	clean_fastml_ml
	4	clean_fastml_parsimony
	4	clean_indelible
	1	compile_latex
	24	concat_fasta
	2	concat_fastml__ml_summaries
	2	concat_fastml_summaries
	4	concat_indelible
	2	concat_indelible_summaries
	12	concat_summaries
	2	create_control_files
	1	generate_latex
	1	generate_output_dict
	4	get_indelible_dict
	4	run_fastml
	24	run_grasp
	4	run_indelible
	4	summarise_fastml_ml_indels
	4	summarise_fastml_parsimony_indels
	4	summarise_indelible
	24	summarise_indels
	135
Select jobs to execute...

[Tue Mar  2 15:45:35 2021]
rule create_control_files:
    output: indelible/12_control.txt
    jobid: 59
    wildcards: taxon=12

[Tue Mar  2 15:45:35 2021]
Finished job 59.
1 of 135 steps (0.74%) done
Select jobs to execute...

[Tue Mar  2 15:45:35 2021]
rule run_indelible:
    input: indelible/12_control.txt
    output: indelible_output/12/trees/1.nwk, indelible_output/12/12_TRUE_1.fasta, indelible_output/12/12_ANCESTRAL_1.fasta, indelible_output/12/N0_trees/1.nwk
    jobid: 58
    wildcards: taxon=12, rep=1

[Tue Mar  2 15:45:36 2021]
Finished job 58.
2 of 135 steps (1%) done
Select jobs to execute...

[Tue Mar  2 15:45:37 2021]
rule run_indelible:
    input: indelible/12_control.txt
    output: indelible_output/12/trees/2.nwk, indelible_output/12/12_TRUE_2.fasta, indelible_output/12/12_ANCESTRAL_2.fasta, indelible_output/12/N0_trees/2.nwk
    jobid: 66
    wildcards: taxon=12, rep=2

Warning: the following output files of rule run_indelible were not present when the DAG was created:
{'indelible_output/12/12_TRUE_2.fasta', 'indelible_output/12/12_ANCESTRAL_2.fasta', 'indelible_output/12/N0_trees/2.nwk'}
[Tue Mar  2 15:45:38 2021]
Finished job 66.
3 of 135 steps (2%) done
Select jobs to execute...

[Tue Mar  2 15:45:38 2021]
rule concat_indelible:
    input: indelible_output/12/12_TRUE_2.fasta, indelible_output/12/12_ANCESTRAL_2.fasta
    output: indelible_output/12/concatenated/12_2.fasta
    jobid: 67
    wildcards: taxon=12, rep=2

[Tue Mar  2 15:45:38 2021]
Finished job 67.
4 of 135 steps (3%) done
Select jobs to execute...

[Tue Mar  2 15:45:38 2021]
rule create_control_files:
    output: indelible/6_control.txt
    jobid: 8
    wildcards: taxon=6

[Tue Mar  2 15:45:38 2021]
Finished job 8.
5 of 135 steps (4%) done
Select jobs to execute...

[Tue Mar  2 15:45:38 2021]
rule run_indelible:
    input: indelible/6_control.txt
    output: indelible_output/6/trees/1.nwk, indelible_output/6/6_TRUE_1.fasta, indelible_output/6/6_ANCESTRAL_1.fasta, indelible_output/6/N0_trees/1.nwk
    jobid: 7
    wildcards: taxon=6, rep=1

[Tue Mar  2 15:45:39 2021]
Finished job 7.
6 of 135 steps (4%) done
Select jobs to execute...

[Tue Mar  2 15:45:39 2021]
rule concat_indelible:
    input: indelible_output/6/6_TRUE_1.fasta, indelible_output/6/6_ANCESTRAL_1.fasta
    output: indelible_output/6/concatenated/6_1.fasta
    jobid: 9
    wildcards: taxon=6, rep=1

[Tue Mar  2 15:45:39 2021]
Finished job 9.
7 of 135 steps (5%) done
Select jobs to execute...

[Tue Mar  2 15:45:39 2021]
rule clean_indelible:
    input: indelible_output/6/N0_trees/1.nwk, indelible_output/6/concatenated/6_1.fasta
    output: indelible_output/6/cleaned_aln/1.fasta, indelible_output/6/concatenated/1.fasta, indelible_output/6/cleaned_trees/1.nwk, indelible_output/6/cleaned_N0_trees/1.nwk, indelible_output/6/cleaned_no_internal_trees/1.nwk
    jobid: 6
    wildcards: taxon=6, rep=1

[Tue Mar  2 15:45:40 2021]
Finished job 6.
8 of 135 steps (6%) done
Select jobs to execute...

[Tue Mar  2 15:45:40 2021]
rule run_grasp:
    input: indelible_output/6/cleaned_aln/1.fasta, indelible_output/6/cleaned_N0_trees/1.nwk
    output: grasp_results/6/PSP/1, grasp_results/6/PSP/1/GRASP_ancestors.fasta, grasp_results/6/PSP/1/GRASP_ancestors.nwk
    jobid: 35
    wildcards: taxon=6, method=PSP, rep=1

[Tue Mar  2 15:45:41 2021]
Finished job 35.
9 of 135 steps (7%) done
Select jobs to execute...

[Tue Mar  2 15:45:41 2021]
rule run_fastml:
    input: indelible_output/6/cleaned_aln/1.fasta, indelible_output/6/cleaned_no_internal_trees/1.nwk
    output: fastml_results/6/1/seq.marginal_Chars_ParsimonyIndels.txt, fastml_results/6/1/seq.marginal_IndelAndChars.txt, fastml_results/6/1/tree.newick.txt, fastml_results/6/1
    jobid: 108
    wildcards: taxon=6, rep=1

[Tue Mar  2 15:45:43 2021]
Finished job 108.
10 of 135 steps (7%) done
Select jobs to execute...

[Tue Mar  2 15:45:43 2021]
rule run_grasp:
    input: indelible_output/6/cleaned_aln/1.fasta, indelible_output/6/cleaned_N0_trees/1.nwk
    output: grasp_results/6/SICP/1, grasp_results/6/SICP/1/GRASP_ancestors.fasta, grasp_results/6/SICP/1/GRASP_ancestors.nwk
    jobid: 28
    wildcards: taxon=6, method=SICP, rep=1

[Tue Mar  2 15:45:44 2021]
Finished job 28.
11 of 135 steps (8%) done
Select jobs to execute...

[Tue Mar  2 15:45:44 2021]
rule concat_fasta:
    input: indelible_output/6/cleaned_aln/1.fasta, grasp_results/6/PSP/1/GRASP_ancestors.fasta
    output: grasp_results/concatenated/6/PSP/1/GRASP_ancestors.fasta
    jobid: 36
    wildcards: taxon=6, method=PSP, rep=1

[Tue Mar  2 15:45:44 2021]
Finished job 36.
12 of 135 steps (9%) done
Select jobs to execute...

[Tue Mar  2 15:45:44 2021]
rule clean_fastml_parsimony:
    input: fastml_results/6/1/seq.marginal_Chars_ParsimonyIndels.txt, fastml_results/6/1/tree.newick.txt
    output: fastml_results_parsimony/6/concatenated/1/FastML_ancestors.fasta, fastml_results_parsimony/6/cleaned_trees/1/tree.nwk, fastml_results_parsimony/6/cleaned_N0_trees/1/tree.nwk
    jobid: 107
    wildcards: taxon=6, rep=1

[Tue Mar  2 15:45:46 2021]
Finished job 107.
13 of 135 steps (10%) done
Select jobs to execute...

[Tue Mar  2 15:45:46 2021]
rule concat_fasta:
    input: indelible_output/6/cleaned_aln/1.fasta, grasp_results/6/SICP/1/GRASP_ancestors.fasta
    output: grasp_results/concatenated/6/SICP/1/GRASP_ancestors.fasta
    jobid: 29
    wildcards: taxon=6, method=SICP, rep=1

[Tue Mar  2 15:45:46 2021]
Finished job 29.
14 of 135 steps (10%) done
Select jobs to execute...

[Tue Mar  2 15:45:46 2021]
rule run_grasp:
    input: indelible_output/6/cleaned_aln/1.fasta, indelible_output/6/cleaned_N0_trees/1.nwk
    output: grasp_results/6/BEP/1, grasp_results/6/BEP/1/GRASP_ancestors.fasta, grasp_results/6/BEP/1/GRASP_ancestors.nwk
    jobid: 21
    wildcards: taxon=6, method=BEP, rep=1

[Tue Mar  2 15:45:47 2021]
Finished job 21.
15 of 135 steps (11%) done
Select jobs to execute...

[Tue Mar  2 15:45:47 2021]
rule get_indelible_dict:
    input: indelible_output/6/concatenated/1.fasta, indelible_output/6/cleaned_N0_trees/1.nwk
    output: indelible_dicts/6/leaves_1.p, indelible_dicts/6/gaps_1.p
    jobid: 11
    wildcards: taxon=6, rep=1

[Tue Mar  2 15:45:48 2021]
Finished job 11.
16 of 135 steps (12%) done
Select jobs to execute...

[Tue Mar  2 15:45:48 2021]
rule run_indelible:
    input: indelible/6_control.txt
    output: indelible_output/6/trees/2.nwk, indelible_output/6/6_TRUE_2.fasta, indelible_output/6/6_ANCESTRAL_2.fasta, indelible_output/6/N0_trees/2.nwk
    jobid: 15
    wildcards: taxon=6, rep=2

Warning: the following output files of rule run_indelible were not present when the DAG was created:
{'indelible_output/6/6_ANCESTRAL_2.fasta', 'indelible_output/6/N0_trees/2.nwk', 'indelible_output/6/6_TRUE_2.fasta'}
[Tue Mar  2 15:45:49 2021]
Finished job 15.
17 of 135 steps (13%) done
Select jobs to execute...

[Tue Mar  2 15:45:49 2021]
rule summarise_indels:
    input: grasp_results/6/SICP/1/GRASP_ancestors.nwk, grasp_results/concatenated/6/SICP/1/GRASP_ancestors.fasta, indelible_output/6/cleaned_N0_trees/1.nwk, indelible_output/6/concatenated/1.fasta, indelible_dicts/6/leaves_1.p, indelible_dicts/6/gaps_1.p
    output: summaries/6/SICP/1.csv
    jobid: 27
    wildcards: taxon=6, method=SICP, rep=1

[Tue Mar  2 15:45:50 2021]
Finished job 27.
18 of 135 steps (13%) done
Select jobs to execute...

[Tue Mar  2 15:45:50 2021]
rule summarise_indelible:
    input: indelible_output/6/cleaned_N0_trees/1.nwk, indelible_output/6/concatenated/1.fasta, indelible_output/6/cleaned_N0_trees/1.nwk, indelible_output/6/concatenated/1.fasta, indelible_dicts/6/leaves_1.p, indelible_dicts/6/gaps_1.p
    output: indelible_summaries/6/1.csv
    jobid: 130
    wildcards: taxon=6, rep=1

[Tue Mar  2 15:45:51 2021]
Finished job 130.
19 of 135 steps (14%) done
Select jobs to execute...

[Tue Mar  2 15:45:51 2021]
rule concat_indelible:
    input: indelible_output/6/6_TRUE_2.fasta, indelible_output/6/6_ANCESTRAL_2.fasta
    output: indelible_output/6/concatenated/6_2.fasta
    jobid: 16
    wildcards: taxon=6, rep=2

[Tue Mar  2 15:45:51 2021]
Finished job 16.
20 of 135 steps (15%) done
Select jobs to execute...

[Tue Mar  2 15:45:51 2021]
rule run_grasp:
    input: indelible_output/6/cleaned_aln/1.fasta, indelible_output/6/cleaned_N0_trees/1.nwk
    output: grasp_results/6/BEML/1, grasp_results/6/BEML/1/GRASP_ancestors.fasta, grasp_results/6/BEML/1/GRASP_ancestors.nwk
    jobid: 42
    wildcards: taxon=6, method=BEML, rep=1

[Tue Mar  2 15:45:51 2021]
Finished job 42.
21 of 135 steps (16%) done
Select jobs to execute...

[Tue Mar  2 15:45:51 2021]
rule concat_fasta:
    input: indelible_output/6/cleaned_aln/1.fasta, grasp_results/6/BEML/1/GRASP_ancestors.fasta
    output: grasp_results/concatenated/6/BEML/1/GRASP_ancestors.fasta
    jobid: 43
    wildcards: taxon=6, method=BEML, rep=1

[Tue Mar  2 15:45:51 2021]
Finished job 43.
22 of 135 steps (16%) done
Select jobs to execute...

[Tue Mar  2 15:45:52 2021]
rule summarise_indels:
    input: grasp_results/6/BEML/1/GRASP_ancestors.nwk, grasp_results/concatenated/6/BEML/1/GRASP_ancestors.fasta, indelible_output/6/cleaned_N0_trees/1.nwk, indelible_output/6/concatenated/1.fasta, indelible_dicts/6/leaves_1.p, indelible_dicts/6/gaps_1.p
    output: summaries/6/BEML/1.csv
    jobid: 41
    wildcards: taxon=6, method=BEML, rep=1

[Tue Mar  2 15:45:52 2021]
Finished job 41.
23 of 135 steps (17%) done
Select jobs to execute...

[Tue Mar  2 15:45:52 2021]
rule concat_indelible:
    input: indelible_output/12/12_TRUE_1.fasta, indelible_output/12/12_ANCESTRAL_1.fasta
    output: indelible_output/12/concatenated/12_1.fasta
    jobid: 60
    wildcards: taxon=12, rep=1

[Tue Mar  2 15:45:53 2021]
Finished job 60.
24 of 135 steps (18%) done
Select jobs to execute...

[Tue Mar  2 15:45:53 2021]
rule clean_indelible:
    input: indelible_output/12/N0_trees/1.nwk, indelible_output/12/concatenated/12_1.fasta
    output: indelible_output/12/cleaned_aln/1.fasta, indelible_output/12/concatenated/1.fasta, indelible_output/12/cleaned_trees/1.nwk, indelible_output/12/cleaned_N0_trees/1.nwk, indelible_output/12/cleaned_no_internal_trees/1.nwk
    jobid: 57
    wildcards: taxon=12, rep=1

[Tue Mar  2 15:45:54 2021]
Finished job 57.
25 of 135 steps (19%) done
Select jobs to execute...

[Tue Mar  2 15:45:54 2021]
rule get_indelible_dict:
    input: indelible_output/12/concatenated/1.fasta, indelible_output/12/cleaned_N0_trees/1.nwk
    output: indelible_dicts/12/leaves_1.p, indelible_dicts/12/gaps_1.p
    jobid: 62
    wildcards: taxon=12, rep=1

[Tue Mar  2 15:45:55 2021]
Finished job 62.
26 of 135 steps (19%) done
Select jobs to execute...

[Tue Mar  2 15:45:55 2021]
rule run_grasp:
    input: indelible_output/12/cleaned_aln/1.fasta, indelible_output/12/cleaned_N0_trees/1.nwk
    output: grasp_results/12/BEP/1, grasp_results/12/BEP/1/GRASP_ancestors.fasta, grasp_results/12/BEP/1/GRASP_ancestors.nwk
    jobid: 72
    wildcards: taxon=12, method=BEP, rep=1

[Tue Mar  2 15:45:56 2021]
Finished job 72.
27 of 135 steps (20%) done
Select jobs to execute...

[Tue Mar  2 15:45:56 2021]
rule run_grasp:
    input: indelible_output/12/cleaned_aln/1.fasta, indelible_output/12/cleaned_N0_trees/1.nwk
    output: grasp_results/12/PSP/1, grasp_results/12/PSP/1/GRASP_ancestors.fasta, grasp_results/12/PSP/1/GRASP_ancestors.nwk
    jobid: 86
    wildcards: taxon=12, method=PSP, rep=1

[Tue Mar  2 15:45:57 2021]
Finished job 86.
28 of 135 steps (21%) done
Select jobs to execute...

[Tue Mar  2 15:45:57 2021]
rule run_grasp:
    input: indelible_output/12/cleaned_aln/1.fasta, indelible_output/12/cleaned_N0_trees/1.nwk
    output: grasp_results/12/SICP/1, grasp_results/12/SICP/1/GRASP_ancestors.fasta, grasp_results/12/SICP/1/GRASP_ancestors.nwk
    jobid: 79
    wildcards: taxon=12, method=SICP, rep=1

[Tue Mar  2 15:45:58 2021]
Finished job 79.
29 of 135 steps (21%) done
Select jobs to execute...

[Tue Mar  2 15:45:58 2021]
rule run_fastml:
    input: indelible_output/12/cleaned_aln/1.fasta, indelible_output/12/cleaned_no_internal_trees/1.nwk
    output: fastml_results/12/1/seq.marginal_Chars_ParsimonyIndels.txt, fastml_results/12/1/seq.marginal_IndelAndChars.txt, fastml_results/12/1/tree.newick.txt, fastml_results/12/1
    jobid: 115
    wildcards: taxon=12, rep=1

[Tue Mar  2 15:46:08 2021]
Finished job 115.
30 of 135 steps (22%) done
Select jobs to execute...

[Tue Mar  2 15:46:08 2021]
rule run_grasp:
    input: indelible_output/12/cleaned_aln/1.fasta, indelible_output/12/cleaned_N0_trees/1.nwk
    output: grasp_results/12/BEML/1, grasp_results/12/BEML/1/GRASP_ancestors.fasta, grasp_results/12/BEML/1/GRASP_ancestors.nwk
    jobid: 93
    wildcards: taxon=12, method=BEML, rep=1

[Tue Mar  2 15:46:10 2021]
Finished job 93.
31 of 135 steps (23%) done
Select jobs to execute...

[Tue Mar  2 15:46:10 2021]
rule concat_fasta:
    input: indelible_output/12/cleaned_aln/1.fasta, grasp_results/12/BEML/1/GRASP_ancestors.fasta
    output: grasp_results/concatenated/12/BEML/1/GRASP_ancestors.fasta
    jobid: 94
    wildcards: taxon=12, method=BEML, rep=1

[Tue Mar  2 15:46:10 2021]
Finished job 94.
32 of 135 steps (24%) done
Select jobs to execute...

[Tue Mar  2 15:46:10 2021]
rule summarise_indels:
    input: grasp_results/6/PSP/1/GRASP_ancestors.nwk, grasp_results/concatenated/6/PSP/1/GRASP_ancestors.fasta, indelible_output/6/cleaned_N0_trees/1.nwk, indelible_output/6/concatenated/1.fasta, indelible_dicts/6/leaves_1.p, indelible_dicts/6/gaps_1.p
    output: summaries/6/PSP/1.csv
    jobid: 34
    wildcards: taxon=6, method=PSP, rep=1

[Tue Mar  2 15:46:12 2021]
Finished job 34.
33 of 135 steps (24%) done
Select jobs to execute...

[Tue Mar  2 15:46:12 2021]
rule concat_fasta:
    input: indelible_output/12/cleaned_aln/1.fasta, grasp_results/12/BEP/1/GRASP_ancestors.fasta
    output: grasp_results/concatenated/12/BEP/1/GRASP_ancestors.fasta
    jobid: 73
    wildcards: taxon=12, method=BEP, rep=1

[Tue Mar  2 15:46:12 2021]
Finished job 73.
34 of 135 steps (25%) done
Select jobs to execute...

[Tue Mar  2 15:46:12 2021]
rule run_grasp:
    input: indelible_output/12/cleaned_aln/1.fasta, indelible_output/12/cleaned_N0_trees/1.nwk
    output: grasp_results/12/SICML/1, grasp_results/12/SICML/1/GRASP_ancestors.fasta, grasp_results/12/SICML/1/GRASP_ancestors.nwk
    jobid: 56
    wildcards: taxon=12, method=SICML, rep=1

[Tue Mar  2 15:46:13 2021]
Finished job 56.
35 of 135 steps (26%) done
Select jobs to execute...

[Tue Mar  2 15:46:13 2021]
rule concat_fasta:
    input: indelible_output/12/cleaned_aln/1.fasta, grasp_results/12/SICML/1/GRASP_ancestors.fasta
    output: grasp_results/concatenated/12/SICML/1/GRASP_ancestors.fasta
    jobid: 61
    wildcards: taxon=12, method=SICML, rep=1

[Tue Mar  2 15:46:13 2021]
Finished job 61.
36 of 135 steps (27%) done
Select jobs to execute...

[Tue Mar  2 15:46:13 2021]
rule summarise_fastml_parsimony_indels:
    input: fastml_results_parsimony/6/concatenated/1/FastML_ancestors.fasta, fastml_results_parsimony/6/cleaned_N0_trees/1/tree.nwk, indelible_output/6/cleaned_N0_trees/1.nwk, indelible_output/6/concatenated/1.fasta, indelible_dicts/6/leaves_1.p, indelible_dicts/6/gaps_1.p
    output: fastml_parsimony_summaries/6/fastml/1.csv
    jobid: 106
    wildcards: taxon=6, rep=1

[Tue Mar  2 15:46:15 2021]
Finished job 106.
37 of 135 steps (27%) done
Select jobs to execute...

[Tue Mar  2 15:46:15 2021]
rule concat_fasta:
    input: indelible_output/12/cleaned_aln/1.fasta, grasp_results/12/SICP/1/GRASP_ancestors.fasta
    output: grasp_results/concatenated/12/SICP/1/GRASP_ancestors.fasta
    jobid: 80
    wildcards: taxon=12, method=SICP, rep=1

[Tue Mar  2 15:46:15 2021]
Finished job 80.
38 of 135 steps (28%) done
Select jobs to execute...

[Tue Mar  2 15:46:15 2021]
rule clean_fastml_ml:
    input: fastml_results/12/1/seq.marginal_IndelAndChars.txt, fastml_results/12/1/tree.newick.txt
    output: fastml_results_ml/12/concatenated/1/FastML_ancestors.fasta, fastml_results_ml/12/cleaned_trees/1/tree.nwk, fastml_results_ml/12/cleaned_N0_trees/1/tree.nwk
    jobid: 126
    wildcards: taxon=12, rep=1

[Tue Mar  2 15:46:16 2021]
Finished job 126.
39 of 135 steps (29%) done
Select jobs to execute...

[Tue Mar  2 15:46:16 2021]
rule concat_fasta:
    input: indelible_output/6/cleaned_aln/1.fasta, grasp_results/6/BEP/1/GRASP_ancestors.fasta
    output: grasp_results/concatenated/6/BEP/1/GRASP_ancestors.fasta
    jobid: 22
    wildcards: taxon=6, method=BEP, rep=1

[Tue Mar  2 15:46:16 2021]
Finished job 22.
40 of 135 steps (30%) done
Select jobs to execute...

[Tue Mar  2 15:46:16 2021]
rule clean_fastml_ml:
    input: fastml_results/6/1/seq.marginal_IndelAndChars.txt, fastml_results/6/1/tree.newick.txt
    output: fastml_results_ml/6/concatenated/1/FastML_ancestors.fasta, fastml_results_ml/6/cleaned_trees/1/tree.nwk, fastml_results_ml/6/cleaned_N0_trees/1/tree.nwk
    jobid: 121
    wildcards: taxon=6, rep=1

[Tue Mar  2 15:46:18 2021]
Finished job 121.
41 of 135 steps (30%) done
Select jobs to execute...

[Tue Mar  2 15:46:18 2021]
rule summarise_indelible:
    input: indelible_output/12/cleaned_N0_trees/1.nwk, indelible_output/12/concatenated/1.fasta, indelible_output/12/cleaned_N0_trees/1.nwk, indelible_output/12/concatenated/1.fasta, indelible_dicts/12/leaves_1.p, indelible_dicts/12/gaps_1.p
    output: indelible_summaries/12/1.csv
    jobid: 133
    wildcards: taxon=12, rep=1

[Tue Mar  2 15:46:19 2021]
Finished job 133.
42 of 135 steps (31%) done
Select jobs to execute...

[Tue Mar  2 15:46:19 2021]
rule summarise_indels:
    input: grasp_results/12/BEML/1/GRASP_ancestors.nwk, grasp_results/concatenated/12/BEML/1/GRASP_ancestors.fasta, indelible_output/12/cleaned_N0_trees/1.nwk, indelible_output/12/concatenated/1.fasta, indelible_dicts/12/leaves_1.p, indelible_dicts/12/gaps_1.p
    output: summaries/12/BEML/1.csv
    jobid: 92
    wildcards: taxon=12, method=BEML, rep=1

[Tue Mar  2 15:46:20 2021]
Finished job 92.
43 of 135 steps (32%) done
Select jobs to execute...

[Tue Mar  2 15:46:20 2021]
rule run_grasp:
    input: indelible_output/12/cleaned_aln/1.fasta, indelible_output/12/cleaned_N0_trees/1.nwk
    output: grasp_results/12/PSML/1, grasp_results/12/PSML/1/GRASP_ancestors.fasta, grasp_results/12/PSML/1/GRASP_ancestors.nwk
    jobid: 100
    wildcards: taxon=12, method=PSML, rep=1

[Tue Mar  2 15:46:21 2021]
Finished job 100.
44 of 135 steps (33%) done
Select jobs to execute...

[Tue Mar  2 15:46:21 2021]
rule summarise_indels:
    input: grasp_results/12/BEP/1/GRASP_ancestors.nwk, grasp_results/concatenated/12/BEP/1/GRASP_ancestors.fasta, indelible_output/12/cleaned_N0_trees/1.nwk, indelible_output/12/concatenated/1.fasta, indelible_dicts/12/leaves_1.p, indelible_dicts/12/gaps_1.p
    output: summaries/12/BEP/1.csv
    jobid: 71
    wildcards: taxon=12, method=BEP, rep=1

[Tue Mar  2 15:46:22 2021]
Finished job 71.
45 of 135 steps (33%) done
Select jobs to execute...

[Tue Mar  2 15:46:22 2021]
rule summarise_fastml_ml_indels:
    input: fastml_results_ml/6/concatenated/1/FastML_ancestors.fasta, fastml_results_ml/6/cleaned_N0_trees/1/tree.nwk, indelible_output/6/cleaned_N0_trees/1.nwk, indelible_output/6/concatenated/1.fasta, indelible_dicts/6/leaves_1.p, indelible_dicts/6/gaps_1.p
    output: fastml_ml_summaries/6/fastml/1.csv
    jobid: 120
    wildcards: taxon=6, rep=1

[Tue Mar  2 15:46:23 2021]
Finished job 120.
46 of 135 steps (34%) done
Select jobs to execute...

[Tue Mar  2 15:46:23 2021]
rule summarise_indels:
    input: grasp_results/12/SICP/1/GRASP_ancestors.nwk, grasp_results/concatenated/12/SICP/1/GRASP_ancestors.fasta, indelible_output/12/cleaned_N0_trees/1.nwk, indelible_output/12/concatenated/1.fasta, indelible_dicts/12/leaves_1.p, indelible_dicts/12/gaps_1.p
    output: summaries/12/SICP/1.csv
    jobid: 78
    wildcards: taxon=12, method=SICP, rep=1

[Tue Mar  2 15:46:24 2021]
Finished job 78.
47 of 135 steps (35%) done
Select jobs to execute...

[Tue Mar  2 15:46:24 2021]
rule concat_fasta:
    input: indelible_output/12/cleaned_aln/1.fasta, grasp_results/12/PSML/1/GRASP_ancestors.fasta
    output: grasp_results/concatenated/12/PSML/1/GRASP_ancestors.fasta
    jobid: 101
    wildcards: taxon=12, method=PSML, rep=1

[Tue Mar  2 15:46:24 2021]
Finished job 101.
48 of 135 steps (36%) done
Select jobs to execute...

[Tue Mar  2 15:46:24 2021]
rule run_grasp:
    input: indelible_output/6/cleaned_aln/1.fasta, indelible_output/6/cleaned_N0_trees/1.nwk
    output: grasp_results/6/SICML/1, grasp_results/6/SICML/1/GRASP_ancestors.fasta, grasp_results/6/SICML/1/GRASP_ancestors.nwk
    jobid: 5
    wildcards: taxon=6, method=SICML, rep=1

[Tue Mar  2 15:46:25 2021]
Finished job 5.
49 of 135 steps (36%) done
Select jobs to execute...

[Tue Mar  2 15:46:25 2021]
rule clean_indelible:
    input: indelible_output/12/N0_trees/2.nwk, indelible_output/12/concatenated/12_2.fasta
    output: indelible_output/12/cleaned_aln/2.fasta, indelible_output/12/concatenated/2.fasta, indelible_output/12/cleaned_trees/2.nwk, indelible_output/12/cleaned_N0_trees/2.nwk, indelible_output/12/cleaned_no_internal_trees/2.nwk
    jobid: 65
    wildcards: taxon=12, rep=2

[Tue Mar  2 15:46:26 2021]
Finished job 65.
50 of 135 steps (37%) done
Select jobs to execute...

[Tue Mar  2 15:46:26 2021]
rule summarise_indels:
    input: grasp_results/12/PSML/1/GRASP_ancestors.nwk, grasp_results/concatenated/12/PSML/1/GRASP_ancestors.fasta, indelible_output/12/cleaned_N0_trees/1.nwk, indelible_output/12/concatenated/1.fasta, indelible_dicts/12/leaves_1.p, indelible_dicts/12/gaps_1.p
    output: summaries/12/PSML/1.csv
    jobid: 99
    wildcards: taxon=12, method=PSML, rep=1

[Tue Mar  2 15:46:27 2021]
Finished job 99.
51 of 135 steps (38%) done
Select jobs to execute...

[Tue Mar  2 15:46:27 2021]
rule run_grasp:
    input: indelible_output/12/cleaned_aln/2.fasta, indelible_output/12/cleaned_N0_trees/2.nwk
    output: grasp_results/12/SICML/2, grasp_results/12/SICML/2/GRASP_ancestors.fasta, grasp_results/12/SICML/2/GRASP_ancestors.nwk
    jobid: 64
    wildcards: taxon=12, method=SICML, rep=2

[Tue Mar  2 15:46:28 2021]
Finished job 64.
52 of 135 steps (39%) done
Select jobs to execute...

[Tue Mar  2 15:46:28 2021]
rule clean_fastml_parsimony:
    input: fastml_results/12/1/seq.marginal_Chars_ParsimonyIndels.txt, fastml_results/12/1/tree.newick.txt
    output: fastml_results_parsimony/12/concatenated/1/FastML_ancestors.fasta, fastml_results_parsimony/12/cleaned_trees/1/tree.nwk, fastml_results_parsimony/12/cleaned_N0_trees/1/tree.nwk
    jobid: 114
    wildcards: taxon=12, rep=1

[Tue Mar  2 15:46:28 2021]
Finished job 114.
53 of 135 steps (39%) done
Select jobs to execute...

[Tue Mar  2 15:46:29 2021]
rule run_grasp:
    input: indelible_output/12/cleaned_aln/2.fasta, indelible_output/12/cleaned_N0_trees/2.nwk
    output: grasp_results/12/SICP/2, grasp_results/12/SICP/2/GRASP_ancestors.fasta, grasp_results/12/SICP/2/GRASP_ancestors.nwk
    jobid: 82
    wildcards: taxon=12, method=SICP, rep=2

[Tue Mar  2 15:46:29 2021]
Finished job 82.
54 of 135 steps (40%) done
Select jobs to execute...

[Tue Mar  2 15:46:29 2021]
rule concat_fasta:
    input: indelible_output/12/cleaned_aln/2.fasta, grasp_results/12/SICP/2/GRASP_ancestors.fasta
    output: grasp_results/concatenated/12/SICP/2/GRASP_ancestors.fasta
    jobid: 83
    wildcards: taxon=12, method=SICP, rep=2

[Tue Mar  2 15:46:29 2021]
Finished job 83.
55 of 135 steps (41%) done
Select jobs to execute...

[Tue Mar  2 15:46:29 2021]
rule run_grasp:
    input: indelible_output/12/cleaned_aln/2.fasta, indelible_output/12/cleaned_N0_trees/2.nwk
    output: grasp_results/12/BEML/2, grasp_results/12/BEML/2/GRASP_ancestors.fasta, grasp_results/12/BEML/2/GRASP_ancestors.nwk
    jobid: 96
    wildcards: taxon=12, method=BEML, rep=2

[Tue Mar  2 15:46:30 2021]
Finished job 96.
56 of 135 steps (41%) done
Select jobs to execute...

[Tue Mar  2 15:46:30 2021]
rule run_grasp:
    input: indelible_output/12/cleaned_aln/2.fasta, indelible_output/12/cleaned_N0_trees/2.nwk
    output: grasp_results/12/BEP/2, grasp_results/12/BEP/2/GRASP_ancestors.fasta, grasp_results/12/BEP/2/GRASP_ancestors.nwk
    jobid: 75
    wildcards: taxon=12, method=BEP, rep=2

[Tue Mar  2 15:46:31 2021]
Finished job 75.
57 of 135 steps (42%) done
Select jobs to execute...

[Tue Mar  2 15:46:31 2021]
rule run_grasp:
    input: indelible_output/12/cleaned_aln/2.fasta, indelible_output/12/cleaned_N0_trees/2.nwk
    output: grasp_results/12/PSP/2, grasp_results/12/PSP/2/GRASP_ancestors.fasta, grasp_results/12/PSP/2/GRASP_ancestors.nwk
    jobid: 89
    wildcards: taxon=12, method=PSP, rep=2

[Tue Mar  2 15:46:32 2021]
Finished job 89.
58 of 135 steps (43%) done
Select jobs to execute...

[Tue Mar  2 15:46:32 2021]
rule summarise_fastml_parsimony_indels:
    input: fastml_results_parsimony/12/concatenated/1/FastML_ancestors.fasta, fastml_results_parsimony/12/cleaned_N0_trees/1/tree.nwk, indelible_output/12/cleaned_N0_trees/1.nwk, indelible_output/12/concatenated/1.fasta, indelible_dicts/12/leaves_1.p, indelible_dicts/12/gaps_1.p
    output: fastml_parsimony_summaries/12/fastml/1.csv
    jobid: 113
    wildcards: taxon=12, rep=1

[Tue Mar  2 15:46:33 2021]
Finished job 113.
59 of 135 steps (44%) done
Select jobs to execute...

[Tue Mar  2 15:46:33 2021]
rule get_indelible_dict:
    input: indelible_output/12/concatenated/2.fasta, indelible_output/12/cleaned_N0_trees/2.nwk
    output: indelible_dicts/12/leaves_2.p, indelible_dicts/12/gaps_2.p
    jobid: 69
    wildcards: taxon=12, rep=2

[Tue Mar  2 15:46:34 2021]
Finished job 69.
60 of 135 steps (44%) done
Select jobs to execute...

[Tue Mar  2 15:46:34 2021]
rule summarise_indelible:
    input: indelible_output/12/cleaned_N0_trees/2.nwk, indelible_output/12/concatenated/2.fasta, indelible_output/12/cleaned_N0_trees/2.nwk, indelible_output/12/concatenated/2.fasta, indelible_dicts/12/leaves_2.p, indelible_dicts/12/gaps_2.p
    output: indelible_summaries/12/2.csv
    jobid: 134
    wildcards: taxon=12, rep=2

[Tue Mar  2 15:46:35 2021]
Finished job 134.
61 of 135 steps (45%) done
Select jobs to execute...

[Tue Mar  2 15:46:35 2021]
rule run_fastml:
    input: indelible_output/12/cleaned_aln/2.fasta, indelible_output/12/cleaned_no_internal_trees/2.nwk
    output: fastml_results/12/2/seq.marginal_Chars_ParsimonyIndels.txt, fastml_results/12/2/seq.marginal_IndelAndChars.txt, fastml_results/12/2/tree.newick.txt, fastml_results/12/2
    jobid: 118
    wildcards: taxon=12, rep=2

[Tue Mar  2 15:46:42 2021]
Finished job 118.
62 of 135 steps (46%) done
Select jobs to execute...

[Tue Mar  2 15:46:42 2021]
rule concat_fasta:
    input: indelible_output/12/cleaned_aln/1.fasta, grasp_results/12/PSP/1/GRASP_ancestors.fasta
    output: grasp_results/concatenated/12/PSP/1/GRASP_ancestors.fasta
    jobid: 87
    wildcards: taxon=12, method=PSP, rep=1

[Tue Mar  2 15:46:42 2021]
Finished job 87.
63 of 135 steps (47%) done
Select jobs to execute...

[Tue Mar  2 15:46:42 2021]
rule summarise_indels:
    input: grasp_results/12/SICP/2/GRASP_ancestors.nwk, grasp_results/concatenated/12/SICP/2/GRASP_ancestors.fasta, indelible_output/12/cleaned_N0_trees/2.nwk, indelible_output/12/concatenated/2.fasta, indelible_dicts/12/leaves_2.p, indelible_dicts/12/gaps_2.p
    output: summaries/12/SICP/2.csv
    jobid: 81
    wildcards: taxon=12, method=SICP, rep=2

[Tue Mar  2 15:46:43 2021]
Finished job 81.
64 of 135 steps (47%) done
Select jobs to execute...

[Tue Mar  2 15:46:43 2021]
rule concat_summaries:
    input: summaries/12/SICP/1.csv, summaries/12/SICP/2.csv
    output: concatenated_summaries/12_SICP.csv
    jobid: 77
    wildcards: taxon=12, method=SICP

[Tue Mar  2 15:46:43 2021]
Finished job 77.
65 of 135 steps (48%) done
Select jobs to execute...

[Tue Mar  2 15:46:43 2021]
rule concat_fasta:
    input: indelible_output/12/cleaned_aln/2.fasta, grasp_results/12/SICML/2/GRASP_ancestors.fasta
    output: grasp_results/concatenated/12/SICML/2/GRASP_ancestors.fasta
    jobid: 68
    wildcards: taxon=12, method=SICML, rep=2

[Tue Mar  2 15:46:43 2021]
Finished job 68.
66 of 135 steps (49%) done
Select jobs to execute...

[Tue Mar  2 15:46:43 2021]
rule concat_fasta:
    input: indelible_output/12/cleaned_aln/2.fasta, grasp_results/12/PSP/2/GRASP_ancestors.fasta
    output: grasp_results/concatenated/12/PSP/2/GRASP_ancestors.fasta
    jobid: 90
    wildcards: taxon=12, method=PSP, rep=2

[Tue Mar  2 15:46:43 2021]
Finished job 90.
67 of 135 steps (50%) done
Select jobs to execute...

[Tue Mar  2 15:46:43 2021]
rule summarise_indels:
    input: grasp_results/12/PSP/2/GRASP_ancestors.nwk, grasp_results/concatenated/12/PSP/2/GRASP_ancestors.fasta, indelible_output/12/cleaned_N0_trees/2.nwk, indelible_output/12/concatenated/2.fasta, indelible_dicts/12/leaves_2.p, indelible_dicts/12/gaps_2.p
    output: summaries/12/PSP/2.csv
    jobid: 88
    wildcards: taxon=12, method=PSP, rep=2

[Tue Mar  2 15:46:44 2021]
Finished job 88.
68 of 135 steps (50%) done
Select jobs to execute...

[Tue Mar  2 15:46:44 2021]
rule summarise_indels:
    input: grasp_results/12/SICML/2/GRASP_ancestors.nwk, grasp_results/concatenated/12/SICML/2/GRASP_ancestors.fasta, indelible_output/12/cleaned_N0_trees/2.nwk, indelible_output/12/concatenated/2.fasta, indelible_dicts/12/leaves_2.p, indelible_dicts/12/gaps_2.p
    output: summaries/12/SICML/2.csv
    jobid: 63
    wildcards: taxon=12, method=SICML, rep=2

[Tue Mar  2 15:46:45 2021]
Finished job 63.
69 of 135 steps (51%) done
Select jobs to execute...

[Tue Mar  2 15:46:45 2021]
rule clean_fastml_ml:
    input: fastml_results/12/2/seq.marginal_IndelAndChars.txt, fastml_results/12/2/tree.newick.txt
    output: fastml_results_ml/12/concatenated/2/FastML_ancestors.fasta, fastml_results_ml/12/cleaned_trees/2/tree.nwk, fastml_results_ml/12/cleaned_N0_trees/2/tree.nwk
    jobid: 128
    wildcards: taxon=12, rep=2

[Tue Mar  2 15:46:46 2021]
Finished job 128.
70 of 135 steps (52%) done
Select jobs to execute...

[Tue Mar  2 15:46:46 2021]
rule summarise_fastml_ml_indels:
    input: fastml_results_ml/12/concatenated/2/FastML_ancestors.fasta, fastml_results_ml/12/cleaned_N0_trees/2/tree.nwk, indelible_output/12/cleaned_N0_trees/2.nwk, indelible_output/12/concatenated/2.fasta, indelible_dicts/12/leaves_2.p, indelible_dicts/12/gaps_2.p
    output: fastml_ml_summaries/12/fastml/2.csv
    jobid: 127
    wildcards: taxon=12, rep=2

[Tue Mar  2 15:46:47 2021]
Finished job 127.
71 of 135 steps (53%) done
Select jobs to execute...

[Tue Mar  2 15:46:47 2021]
rule concat_fasta:
    input: indelible_output/12/cleaned_aln/2.fasta, grasp_results/12/BEML/2/GRASP_ancestors.fasta
    output: grasp_results/concatenated/12/BEML/2/GRASP_ancestors.fasta
    jobid: 97
    wildcards: taxon=12, method=BEML, rep=2

[Tue Mar  2 15:46:47 2021]
Finished job 97.
72 of 135 steps (53%) done
Select jobs to execute...

[Tue Mar  2 15:46:47 2021]
rule summarise_indels:
    input: grasp_results/12/BEML/2/GRASP_ancestors.nwk, grasp_results/concatenated/12/BEML/2/GRASP_ancestors.fasta, indelible_output/12/cleaned_N0_trees/2.nwk, indelible_output/12/concatenated/2.fasta, indelible_dicts/12/leaves_2.p, indelible_dicts/12/gaps_2.p
    output: summaries/12/BEML/2.csv
    jobid: 95
    wildcards: taxon=12, method=BEML, rep=2

[Tue Mar  2 15:46:48 2021]
Finished job 95.
73 of 135 steps (54%) done
Select jobs to execute...

[Tue Mar  2 15:46:48 2021]
rule concat_summaries:
    input: summaries/12/BEML/1.csv, summaries/12/BEML/2.csv
    output: concatenated_summaries/12_BEML.csv
    jobid: 91
    wildcards: taxon=12, method=BEML

[Tue Mar  2 15:46:48 2021]
Finished job 91.
74 of 135 steps (55%) done
Select jobs to execute...

[Tue Mar  2 15:46:48 2021]
rule concat_fasta:
    input: indelible_output/12/cleaned_aln/2.fasta, grasp_results/12/BEP/2/GRASP_ancestors.fasta
    output: grasp_results/concatenated/12/BEP/2/GRASP_ancestors.fasta
    jobid: 76
    wildcards: taxon=12, method=BEP, rep=2

[Tue Mar  2 15:46:48 2021]
Finished job 76.
75 of 135 steps (56%) done
Select jobs to execute...

[Tue Mar  2 15:46:48 2021]
rule summarise_indels:
    input: grasp_results/12/BEP/2/GRASP_ancestors.nwk, grasp_results/concatenated/12/BEP/2/GRASP_ancestors.fasta, indelible_output/12/cleaned_N0_trees/2.nwk, indelible_output/12/concatenated/2.fasta, indelible_dicts/12/leaves_2.p, indelible_dicts/12/gaps_2.p
    output: summaries/12/BEP/2.csv
    jobid: 74
    wildcards: taxon=12, method=BEP, rep=2

[Tue Mar  2 15:46:49 2021]
Finished job 74.
76 of 135 steps (56%) done
Select jobs to execute...

[Tue Mar  2 15:46:49 2021]
rule concat_summaries:
    input: summaries/12/BEP/1.csv, summaries/12/BEP/2.csv
    output: concatenated_summaries/12_BEP.csv
    jobid: 70
    wildcards: taxon=12, method=BEP

[Tue Mar  2 15:46:49 2021]
Finished job 70.
77 of 135 steps (57%) done
Select jobs to execute...

[Tue Mar  2 15:46:49 2021]
rule summarise_indels:
    input: grasp_results/12/PSP/1/GRASP_ancestors.nwk, grasp_results/concatenated/12/PSP/1/GRASP_ancestors.fasta, indelible_output/12/cleaned_N0_trees/1.nwk, indelible_output/12/concatenated/1.fasta, indelible_dicts/12/leaves_1.p, indelible_dicts/12/gaps_1.p
    output: summaries/12/PSP/1.csv
    jobid: 85
    wildcards: taxon=12, method=PSP, rep=1

[Tue Mar  2 15:46:50 2021]
Finished job 85.
78 of 135 steps (58%) done
Select jobs to execute...

[Tue Mar  2 15:46:50 2021]
rule concat_summaries:
    input: summaries/12/PSP/1.csv, summaries/12/PSP/2.csv
    output: concatenated_summaries/12_PSP.csv
    jobid: 84
    wildcards: taxon=12, method=PSP

[Tue Mar  2 15:46:50 2021]
Finished job 84.
79 of 135 steps (59%) done
Select jobs to execute...

[Tue Mar  2 15:46:50 2021]
rule clean_fastml_parsimony:
    input: fastml_results/12/2/seq.marginal_Chars_ParsimonyIndels.txt, fastml_results/12/2/tree.newick.txt
    output: fastml_results_parsimony/12/concatenated/2/FastML_ancestors.fasta, fastml_results_parsimony/12/cleaned_trees/2/tree.nwk, fastml_results_parsimony/12/cleaned_N0_trees/2/tree.nwk
    jobid: 117
    wildcards: taxon=12, rep=2

[Tue Mar  2 15:46:51 2021]
Finished job 117.
80 of 135 steps (59%) done
Select jobs to execute...

[Tue Mar  2 15:46:51 2021]
rule summarise_fastml_parsimony_indels:
    input: fastml_results_parsimony/12/concatenated/2/FastML_ancestors.fasta, fastml_results_parsimony/12/cleaned_N0_trees/2/tree.nwk, indelible_output/12/cleaned_N0_trees/2.nwk, indelible_output/12/concatenated/2.fasta, indelible_dicts/12/leaves_2.p, indelible_dicts/12/gaps_2.p
    output: fastml_parsimony_summaries/12/fastml/2.csv
    jobid: 116
    wildcards: taxon=12, rep=2

[Tue Mar  2 15:46:52 2021]
Finished job 116.
81 of 135 steps (60%) done
Select jobs to execute...

[Tue Mar  2 15:46:52 2021]
rule concat_fastml_summaries:
    input: fastml_parsimony_summaries/12/fastml/1.csv, fastml_parsimony_summaries/12/fastml/2.csv
    output: concatenated_fastml_parsimony_summaries/12.csv
    jobid: 112
    wildcards: taxon=12

[Tue Mar  2 15:46:52 2021]
Finished job 112.
82 of 135 steps (61%) done
Select jobs to execute...

[Tue Mar  2 15:46:52 2021]
rule concat_indelible_summaries:
    input: indelible_summaries/12/1.csv, indelible_summaries/12/2.csv
    output: concatenated_indelible_summaries/12.csv
    jobid: 132
    wildcards: taxon=12

[Tue Mar  2 15:46:52 2021]
Finished job 132.
83 of 135 steps (61%) done
Select jobs to execute...

[Tue Mar  2 15:46:52 2021]
rule run_grasp:
    input: indelible_output/12/cleaned_aln/2.fasta, indelible_output/12/cleaned_N0_trees/2.nwk
    output: grasp_results/12/PSML/2, grasp_results/12/PSML/2/GRASP_ancestors.fasta, grasp_results/12/PSML/2/GRASP_ancestors.nwk
    jobid: 103
    wildcards: taxon=12, method=PSML, rep=2

[Tue Mar  2 15:46:53 2021]
Finished job 103.
84 of 135 steps (62%) done
Select jobs to execute...

[Tue Mar  2 15:46:53 2021]
rule concat_fasta:
    input: indelible_output/12/cleaned_aln/2.fasta, grasp_results/12/PSML/2/GRASP_ancestors.fasta
    output: grasp_results/concatenated/12/PSML/2/GRASP_ancestors.fasta
    jobid: 104
    wildcards: taxon=12, method=PSML, rep=2

[Tue Mar  2 15:46:53 2021]
Finished job 104.
85 of 135 steps (63%) done
Select jobs to execute...

[Tue Mar  2 15:46:53 2021]
rule summarise_indels:
    input: grasp_results/12/PSML/2/GRASP_ancestors.nwk, grasp_results/concatenated/12/PSML/2/GRASP_ancestors.fasta, indelible_output/12/cleaned_N0_trees/2.nwk, indelible_output/12/concatenated/2.fasta, indelible_dicts/12/leaves_2.p, indelible_dicts/12/gaps_2.p
    output: summaries/12/PSML/2.csv
    jobid: 102
    wildcards: taxon=12, method=PSML, rep=2

[Tue Mar  2 15:46:54 2021]
Finished job 102.
86 of 135 steps (64%) done
Select jobs to execute...

[Tue Mar  2 15:46:54 2021]
rule concat_summaries:
    input: summaries/12/PSML/1.csv, summaries/12/PSML/2.csv
    output: concatenated_summaries/12_PSML.csv
    jobid: 98
    wildcards: taxon=12, method=PSML

[Tue Mar  2 15:46:54 2021]
Finished job 98.
87 of 135 steps (64%) done
Select jobs to execute...

[Tue Mar  2 15:46:54 2021]
rule concat_fasta:
    input: indelible_output/6/cleaned_aln/1.fasta, grasp_results/6/SICML/1/GRASP_ancestors.fasta
    output: grasp_results/concatenated/6/SICML/1/GRASP_ancestors.fasta
    jobid: 10
    wildcards: taxon=6, method=SICML, rep=1

[Tue Mar  2 15:46:54 2021]
Finished job 10.
88 of 135 steps (65%) done
Select jobs to execute...

[Tue Mar  2 15:46:54 2021]
rule summarise_indels:
    input: grasp_results/6/SICML/1/GRASP_ancestors.nwk, grasp_results/concatenated/6/SICML/1/GRASP_ancestors.fasta, indelible_output/6/cleaned_N0_trees/1.nwk, indelible_output/6/concatenated/1.fasta, indelible_dicts/6/leaves_1.p, indelible_dicts/6/gaps_1.p
    output: summaries/6/SICML/1.csv
    jobid: 4
    wildcards: taxon=6, method=SICML, rep=1

[Tue Mar  2 15:46:55 2021]
Finished job 4.
89 of 135 steps (66%) done
Select jobs to execute...

[Tue Mar  2 15:46:55 2021]
rule summarise_fastml_ml_indels:
    input: fastml_results_ml/12/concatenated/1/FastML_ancestors.fasta, fastml_results_ml/12/cleaned_N0_trees/1/tree.nwk, indelible_output/12/cleaned_N0_trees/1.nwk, indelible_output/12/concatenated/1.fasta, indelible_dicts/12/leaves_1.p, indelible_dicts/12/gaps_1.p
    output: fastml_ml_summaries/12/fastml/1.csv
    jobid: 125
    wildcards: taxon=12, rep=1

[Tue Mar  2 15:46:56 2021]
Finished job 125.
90 of 135 steps (67%) done
Select jobs to execute...

[Tue Mar  2 15:46:56 2021]
rule concat_fastml__ml_summaries:
    input: fastml_ml_summaries/12/fastml/1.csv, fastml_ml_summaries/12/fastml/2.csv
    output: concatenated_fastml_ml_summaries/12.csv
    jobid: 124
    wildcards: taxon=12

[Tue Mar  2 15:46:56 2021]
Finished job 124.
91 of 135 steps (67%) done
Select jobs to execute...

[Tue Mar  2 15:46:56 2021]
rule summarise_indels:
    input: grasp_results/6/BEP/1/GRASP_ancestors.nwk, grasp_results/concatenated/6/BEP/1/GRASP_ancestors.fasta, indelible_output/6/cleaned_N0_trees/1.nwk, indelible_output/6/concatenated/1.fasta, indelible_dicts/6/leaves_1.p, indelible_dicts/6/gaps_1.p
    output: summaries/6/BEP/1.csv
    jobid: 20
    wildcards: taxon=6, method=BEP, rep=1

[Tue Mar  2 15:46:57 2021]
Finished job 20.
92 of 135 steps (68%) done
Select jobs to execute...

[Tue Mar  2 15:46:57 2021]
rule summarise_indels:
    input: grasp_results/12/SICML/1/GRASP_ancestors.nwk, grasp_results/concatenated/12/SICML/1/GRASP_ancestors.fasta, indelible_output/12/cleaned_N0_trees/1.nwk, indelible_output/12/concatenated/1.fasta, indelible_dicts/12/leaves_1.p, indelible_dicts/12/gaps_1.p
    output: summaries/12/SICML/1.csv
    jobid: 55
    wildcards: taxon=12, method=SICML, rep=1

[Tue Mar  2 15:46:58 2021]
Finished job 55.
93 of 135 steps (69%) done
Select jobs to execute...

[Tue Mar  2 15:46:58 2021]
rule concat_summaries:
    input: summaries/12/SICML/1.csv, summaries/12/SICML/2.csv
    output: concatenated_summaries/12_SICML.csv
    jobid: 54
    wildcards: taxon=12, method=SICML

[Tue Mar  2 15:46:58 2021]
Finished job 54.
94 of 135 steps (70%) done
Select jobs to execute...

[Tue Mar  2 15:46:58 2021]
rule clean_indelible:
    input: indelible_output/6/N0_trees/2.nwk, indelible_output/6/concatenated/6_2.fasta
    output: indelible_output/6/cleaned_aln/2.fasta, indelible_output/6/concatenated/2.fasta, indelible_output/6/cleaned_trees/2.nwk, indelible_output/6/cleaned_N0_trees/2.nwk, indelible_output/6/cleaned_no_internal_trees/2.nwk
    jobid: 14
    wildcards: taxon=6, rep=2

[Tue Mar  2 15:46:59 2021]
Finished job 14.
95 of 135 steps (70%) done
Select jobs to execute...

[Tue Mar  2 15:46:59 2021]
rule run_grasp:
    input: indelible_output/6/cleaned_aln/2.fasta, indelible_output/6/cleaned_N0_trees/2.nwk
    output: grasp_results/6/BEML/2, grasp_results/6/BEML/2/GRASP_ancestors.fasta, grasp_results/6/BEML/2/GRASP_ancestors.nwk
    jobid: 45
    wildcards: taxon=6, method=BEML, rep=2

[Tue Mar  2 15:46:59 2021]
Finished job 45.
96 of 135 steps (71%) done
Select jobs to execute...

[Tue Mar  2 15:46:59 2021]
rule run_grasp:
    input: indelible_output/6/cleaned_aln/2.fasta, indelible_output/6/cleaned_N0_trees/2.nwk
    output: grasp_results/6/SICML/2, grasp_results/6/SICML/2/GRASP_ancestors.fasta, grasp_results/6/SICML/2/GRASP_ancestors.nwk
    jobid: 13
    wildcards: taxon=6, method=SICML, rep=2

[Tue Mar  2 15:47:00 2021]
Finished job 13.
97 of 135 steps (72%) done
Select jobs to execute...

[Tue Mar  2 15:47:00 2021]
rule concat_fasta:
    input: indelible_output/6/cleaned_aln/2.fasta, grasp_results/6/SICML/2/GRASP_ancestors.fasta
    output: grasp_results/concatenated/6/SICML/2/GRASP_ancestors.fasta
    jobid: 17
    wildcards: taxon=6, method=SICML, rep=2

[Tue Mar  2 15:47:00 2021]
Finished job 17.
98 of 135 steps (73%) done
Select jobs to execute...

[Tue Mar  2 15:47:00 2021]
rule run_grasp:
    input: indelible_output/6/cleaned_aln/2.fasta, indelible_output/6/cleaned_N0_trees/2.nwk
    output: grasp_results/6/PSP/2, grasp_results/6/PSP/2/GRASP_ancestors.fasta, grasp_results/6/PSP/2/GRASP_ancestors.nwk
    jobid: 38
    wildcards: taxon=6, method=PSP, rep=2

[Tue Mar  2 15:47:01 2021]
Finished job 38.
99 of 135 steps (73%) done
Select jobs to execute...

[Tue Mar  2 15:47:01 2021]
rule get_indelible_dict:
    input: indelible_output/6/concatenated/2.fasta, indelible_output/6/cleaned_N0_trees/2.nwk
    output: indelible_dicts/6/leaves_2.p, indelible_dicts/6/gaps_2.p
    jobid: 18
    wildcards: taxon=6, rep=2

[Tue Mar  2 15:47:02 2021]
Finished job 18.
100 of 135 steps (74%) done
Select jobs to execute...

[Tue Mar  2 15:47:02 2021]
rule run_grasp:
    input: indelible_output/6/cleaned_aln/2.fasta, indelible_output/6/cleaned_N0_trees/2.nwk
    output: grasp_results/6/BEP/2, grasp_results/6/BEP/2/GRASP_ancestors.fasta, grasp_results/6/BEP/2/GRASP_ancestors.nwk
    jobid: 24
    wildcards: taxon=6, method=BEP, rep=2

[Tue Mar  2 15:47:02 2021]
Finished job 24.
101 of 135 steps (75%) done
Select jobs to execute...

[Tue Mar  2 15:47:02 2021]
rule concat_fasta:
    input: indelible_output/6/cleaned_aln/2.fasta, grasp_results/6/BEP/2/GRASP_ancestors.fasta
    output: grasp_results/concatenated/6/BEP/2/GRASP_ancestors.fasta
    jobid: 25
    wildcards: taxon=6, method=BEP, rep=2

[Tue Mar  2 15:47:02 2021]
Finished job 25.
102 of 135 steps (76%) done
Select jobs to execute...

[Tue Mar  2 15:47:02 2021]
rule summarise_indelible:
    input: indelible_output/6/cleaned_N0_trees/2.nwk, indelible_output/6/concatenated/2.fasta, indelible_output/6/cleaned_N0_trees/2.nwk, indelible_output/6/concatenated/2.fasta, indelible_dicts/6/leaves_2.p, indelible_dicts/6/gaps_2.p
    output: indelible_summaries/6/2.csv
    jobid: 131
    wildcards: taxon=6, rep=2

[Tue Mar  2 15:47:03 2021]
Finished job 131.
103 of 135 steps (76%) done
Select jobs to execute...

[Tue Mar  2 15:47:03 2021]
rule summarise_indels:
    input: grasp_results/6/SICML/2/GRASP_ancestors.nwk, grasp_results/concatenated/6/SICML/2/GRASP_ancestors.fasta, indelible_output/6/cleaned_N0_trees/2.nwk, indelible_output/6/concatenated/2.fasta, indelible_dicts/6/leaves_2.p, indelible_dicts/6/gaps_2.p
    output: summaries/6/SICML/2.csv
    jobid: 12
    wildcards: taxon=6, method=SICML, rep=2

[Tue Mar  2 15:47:04 2021]
Finished job 12.
104 of 135 steps (77%) done
Select jobs to execute...

[Tue Mar  2 15:47:04 2021]
rule concat_summaries:
    input: summaries/6/SICML/1.csv, summaries/6/SICML/2.csv
    output: concatenated_summaries/6_SICML.csv
    jobid: 3
    wildcards: taxon=6, method=SICML

[Tue Mar  2 15:47:05 2021]
Finished job 3.
105 of 135 steps (78%) done
Select jobs to execute...

[Tue Mar  2 15:47:05 2021]
rule concat_fasta:
    input: indelible_output/6/cleaned_aln/2.fasta, grasp_results/6/PSP/2/GRASP_ancestors.fasta
    output: grasp_results/concatenated/6/PSP/2/GRASP_ancestors.fasta
    jobid: 39
    wildcards: taxon=6, method=PSP, rep=2

[Tue Mar  2 15:47:05 2021]
Finished job 39.
106 of 135 steps (79%) done
Select jobs to execute...

[Tue Mar  2 15:47:05 2021]
rule run_fastml:
    input: indelible_output/6/cleaned_aln/2.fasta, indelible_output/6/cleaned_no_internal_trees/2.nwk
    output: fastml_results/6/2/seq.marginal_Chars_ParsimonyIndels.txt, fastml_results/6/2/seq.marginal_IndelAndChars.txt, fastml_results/6/2/tree.newick.txt, fastml_results/6/2
    jobid: 111
    wildcards: taxon=6, rep=2

[Tue Mar  2 15:47:06 2021]
Finished job 111.
107 of 135 steps (79%) done
Select jobs to execute...

[Tue Mar  2 15:47:06 2021]
rule clean_fastml_ml:
    input: fastml_results/6/2/seq.marginal_IndelAndChars.txt, fastml_results/6/2/tree.newick.txt
    output: fastml_results_ml/6/concatenated/2/FastML_ancestors.fasta, fastml_results_ml/6/cleaned_trees/2/tree.nwk, fastml_results_ml/6/cleaned_N0_trees/2/tree.nwk
    jobid: 123
    wildcards: taxon=6, rep=2

[Tue Mar  2 15:47:08 2021]
Finished job 123.
108 of 135 steps (80%) done
Select jobs to execute...

[Tue Mar  2 15:47:08 2021]
rule summarise_fastml_ml_indels:
    input: fastml_results_ml/6/concatenated/2/FastML_ancestors.fasta, fastml_results_ml/6/cleaned_N0_trees/2/tree.nwk, indelible_output/6/cleaned_N0_trees/2.nwk, indelible_output/6/concatenated/2.fasta, indelible_dicts/6/leaves_2.p, indelible_dicts/6/gaps_2.p
    output: fastml_ml_summaries/6/fastml/2.csv
    jobid: 122
    wildcards: taxon=6, rep=2

[Tue Mar  2 15:47:09 2021]
Finished job 122.
109 of 135 steps (81%) done
Select jobs to execute...

[Tue Mar  2 15:47:09 2021]
rule concat_fastml__ml_summaries:
    input: fastml_ml_summaries/6/fastml/1.csv, fastml_ml_summaries/6/fastml/2.csv
    output: concatenated_fastml_ml_summaries/6.csv
    jobid: 119
    wildcards: taxon=6

[Tue Mar  2 15:47:09 2021]
Finished job 119.
110 of 135 steps (81%) done
Select jobs to execute...

[Tue Mar  2 15:47:09 2021]
rule clean_fastml_parsimony:
    input: fastml_results/6/2/seq.marginal_Chars_ParsimonyIndels.txt, fastml_results/6/2/tree.newick.txt
    output: fastml_results_parsimony/6/concatenated/2/FastML_ancestors.fasta, fastml_results_parsimony/6/cleaned_trees/2/tree.nwk, fastml_results_parsimony/6/cleaned_N0_trees/2/tree.nwk
    jobid: 110
    wildcards: taxon=6, rep=2

[Tue Mar  2 15:47:10 2021]
Finished job 110.
111 of 135 steps (82%) done
Select jobs to execute...

[Tue Mar  2 15:47:10 2021]
rule summarise_fastml_parsimony_indels:
    input: fastml_results_parsimony/6/concatenated/2/FastML_ancestors.fasta, fastml_results_parsimony/6/cleaned_N0_trees/2/tree.nwk, indelible_output/6/cleaned_N0_trees/2.nwk, indelible_output/6/concatenated/2.fasta, indelible_dicts/6/leaves_2.p, indelible_dicts/6/gaps_2.p
    output: fastml_parsimony_summaries/6/fastml/2.csv
    jobid: 109
    wildcards: taxon=6, rep=2

[Tue Mar  2 15:47:11 2021]
Finished job 109.
112 of 135 steps (83%) done
Select jobs to execute...

[Tue Mar  2 15:47:11 2021]
rule concat_fastml_summaries:
    input: fastml_parsimony_summaries/6/fastml/1.csv, fastml_parsimony_summaries/6/fastml/2.csv
    output: concatenated_fastml_parsimony_summaries/6.csv
    jobid: 105
    wildcards: taxon=6

[Tue Mar  2 15:47:11 2021]
Finished job 105.
113 of 135 steps (84%) done
Select jobs to execute...

[Tue Mar  2 15:47:11 2021]
rule run_grasp:
    input: indelible_output/6/cleaned_aln/2.fasta, indelible_output/6/cleaned_N0_trees/2.nwk
    output: grasp_results/6/SICP/2, grasp_results/6/SICP/2/GRASP_ancestors.fasta, grasp_results/6/SICP/2/GRASP_ancestors.nwk
    jobid: 31
    wildcards: taxon=6, method=SICP, rep=2

[Tue Mar  2 15:47:11 2021]
Finished job 31.
114 of 135 steps (84%) done
Select jobs to execute...

[Tue Mar  2 15:47:11 2021]
rule concat_fasta:
    input: indelible_output/6/cleaned_aln/2.fasta, grasp_results/6/SICP/2/GRASP_ancestors.fasta
    output: grasp_results/concatenated/6/SICP/2/GRASP_ancestors.fasta
    jobid: 32
    wildcards: taxon=6, method=SICP, rep=2

[Tue Mar  2 15:47:12 2021]
Finished job 32.
115 of 135 steps (85%) done
Select jobs to execute...

[Tue Mar  2 15:47:12 2021]
rule summarise_indels:
    input: grasp_results/6/SICP/2/GRASP_ancestors.nwk, grasp_results/concatenated/6/SICP/2/GRASP_ancestors.fasta, indelible_output/6/cleaned_N0_trees/2.nwk, indelible_output/6/concatenated/2.fasta, indelible_dicts/6/leaves_2.p, indelible_dicts/6/gaps_2.p
    output: summaries/6/SICP/2.csv
    jobid: 30
    wildcards: taxon=6, method=SICP, rep=2

[Tue Mar  2 15:47:13 2021]
Finished job 30.
116 of 135 steps (86%) done
Select jobs to execute...

[Tue Mar  2 15:47:13 2021]
rule concat_summaries:
    input: summaries/6/SICP/1.csv, summaries/6/SICP/2.csv
    output: concatenated_summaries/6_SICP.csv
    jobid: 26
    wildcards: taxon=6, method=SICP

[Tue Mar  2 15:47:13 2021]
Finished job 26.
117 of 135 steps (87%) done
Select jobs to execute...

[Tue Mar  2 15:47:13 2021]
rule summarise_indels:
    input: grasp_results/6/PSP/2/GRASP_ancestors.nwk, grasp_results/concatenated/6/PSP/2/GRASP_ancestors.fasta, indelible_output/6/cleaned_N0_trees/2.nwk, indelible_output/6/concatenated/2.fasta, indelible_dicts/6/leaves_2.p, indelible_dicts/6/gaps_2.p
    output: summaries/6/PSP/2.csv
    jobid: 37
    wildcards: taxon=6, method=PSP, rep=2

[Tue Mar  2 15:47:14 2021]
Finished job 37.
118 of 135 steps (87%) done
Select jobs to execute...

[Tue Mar  2 15:47:14 2021]
rule concat_summaries:
    input: summaries/6/PSP/1.csv, summaries/6/PSP/2.csv
    output: concatenated_summaries/6_PSP.csv
    jobid: 33
    wildcards: taxon=6, method=PSP

[Tue Mar  2 15:47:14 2021]
Finished job 33.
119 of 135 steps (88%) done
Select jobs to execute...

[Tue Mar  2 15:47:14 2021]
rule concat_fasta:
    input: indelible_output/6/cleaned_aln/2.fasta, grasp_results/6/BEML/2/GRASP_ancestors.fasta
    output: grasp_results/concatenated/6/BEML/2/GRASP_ancestors.fasta
    jobid: 46
    wildcards: taxon=6, method=BEML, rep=2

[Tue Mar  2 15:47:14 2021]
Finished job 46.
120 of 135 steps (89%) done
Select jobs to execute...

[Tue Mar  2 15:47:14 2021]
rule summarise_indels:
    input: grasp_results/6/BEML/2/GRASP_ancestors.nwk, grasp_results/concatenated/6/BEML/2/GRASP_ancestors.fasta, indelible_output/6/cleaned_N0_trees/2.nwk, indelible_output/6/concatenated/2.fasta, indelible_dicts/6/leaves_2.p, indelible_dicts/6/gaps_2.p
    output: summaries/6/BEML/2.csv
    jobid: 44
    wildcards: taxon=6, method=BEML, rep=2

[Tue Mar  2 15:47:15 2021]
Finished job 44.
121 of 135 steps (90%) done
Select jobs to execute...

[Tue Mar  2 15:47:15 2021]
rule summarise_indels:
    input: grasp_results/6/BEP/2/GRASP_ancestors.nwk, grasp_results/concatenated/6/BEP/2/GRASP_ancestors.fasta, indelible_output/6/cleaned_N0_trees/2.nwk, indelible_output/6/concatenated/2.fasta, indelible_dicts/6/leaves_2.p, indelible_dicts/6/gaps_2.p
    output: summaries/6/BEP/2.csv
    jobid: 23
    wildcards: taxon=6, method=BEP, rep=2

[Tue Mar  2 15:47:16 2021]
Finished job 23.
122 of 135 steps (90%) done
Select jobs to execute...

[Tue Mar  2 15:47:16 2021]
rule concat_summaries:
    input: summaries/6/BEML/1.csv, summaries/6/BEML/2.csv
    output: concatenated_summaries/6_BEML.csv
    jobid: 40
    wildcards: taxon=6, method=BEML

[Tue Mar  2 15:47:16 2021]
Finished job 40.
123 of 135 steps (91%) done
Select jobs to execute...

[Tue Mar  2 15:47:16 2021]
rule run_grasp:
    input: indelible_output/6/cleaned_aln/1.fasta, indelible_output/6/cleaned_N0_trees/1.nwk
    output: grasp_results/6/PSML/1, grasp_results/6/PSML/1/GRASP_ancestors.fasta, grasp_results/6/PSML/1/GRASP_ancestors.nwk
    jobid: 49
    wildcards: taxon=6, method=PSML, rep=1

[Tue Mar  2 15:47:17 2021]
Finished job 49.
124 of 135 steps (92%) done
Select jobs to execute...

[Tue Mar  2 15:47:17 2021]
rule run_grasp:
    input: indelible_output/6/cleaned_aln/2.fasta, indelible_output/6/cleaned_N0_trees/2.nwk
    output: grasp_results/6/PSML/2, grasp_results/6/PSML/2/GRASP_ancestors.fasta, grasp_results/6/PSML/2/GRASP_ancestors.nwk
    jobid: 52
    wildcards: taxon=6, method=PSML, rep=2

[Tue Mar  2 15:47:17 2021]
Finished job 52.
125 of 135 steps (93%) done
Select jobs to execute...

[Tue Mar  2 15:47:17 2021]
rule concat_fasta:
    input: indelible_output/6/cleaned_aln/2.fasta, grasp_results/6/PSML/2/GRASP_ancestors.fasta
    output: grasp_results/concatenated/6/PSML/2/GRASP_ancestors.fasta
    jobid: 53
    wildcards: taxon=6, method=PSML, rep=2

[Tue Mar  2 15:47:17 2021]
Finished job 53.
126 of 135 steps (93%) done
Select jobs to execute...

[Tue Mar  2 15:47:17 2021]
rule concat_indelible_summaries:
    input: indelible_summaries/6/1.csv, indelible_summaries/6/2.csv
    output: concatenated_indelible_summaries/6.csv
    jobid: 129
    wildcards: taxon=6

[Tue Mar  2 15:47:17 2021]
Finished job 129.
127 of 135 steps (94%) done
Select jobs to execute...

[Tue Mar  2 15:47:17 2021]
rule concat_summaries:
    input: summaries/6/BEP/1.csv, summaries/6/BEP/2.csv
    output: concatenated_summaries/6_BEP.csv
    jobid: 19
    wildcards: taxon=6, method=BEP

[Tue Mar  2 15:47:17 2021]
Finished job 19.
128 of 135 steps (95%) done
Select jobs to execute...

[Tue Mar  2 15:47:17 2021]
rule summarise_indels:
    input: grasp_results/6/PSML/2/GRASP_ancestors.nwk, grasp_results/concatenated/6/PSML/2/GRASP_ancestors.fasta, indelible_output/6/cleaned_N0_trees/2.nwk, indelible_output/6/concatenated/2.fasta, indelible_dicts/6/leaves_2.p, indelible_dicts/6/gaps_2.p
    output: summaries/6/PSML/2.csv
    jobid: 51
    wildcards: taxon=6, method=PSML, rep=2

[Tue Mar  2 15:47:18 2021]
Finished job 51.
129 of 135 steps (96%) done
Select jobs to execute...

[Tue Mar  2 15:47:18 2021]
rule concat_fasta:
    input: indelible_output/6/cleaned_aln/1.fasta, grasp_results/6/PSML/1/GRASP_ancestors.fasta
    output: grasp_results/concatenated/6/PSML/1/GRASP_ancestors.fasta
    jobid: 50
    wildcards: taxon=6, method=PSML, rep=1

[Tue Mar  2 15:47:18 2021]
Finished job 50.
130 of 135 steps (96%) done
Select jobs to execute...

[Tue Mar  2 15:47:18 2021]
rule summarise_indels:
    input: grasp_results/6/PSML/1/GRASP_ancestors.nwk, grasp_results/concatenated/6/PSML/1/GRASP_ancestors.fasta, indelible_output/6/cleaned_N0_trees/1.nwk, indelible_output/6/concatenated/1.fasta, indelible_dicts/6/leaves_1.p, indelible_dicts/6/gaps_1.p
    output: summaries/6/PSML/1.csv
    jobid: 48
    wildcards: taxon=6, method=PSML, rep=1

[Tue Mar  2 15:47:19 2021]
Finished job 48.
131 of 135 steps (97%) done
Select jobs to execute...

[Tue Mar  2 15:47:19 2021]
rule concat_summaries:
    input: summaries/6/PSML/1.csv, summaries/6/PSML/2.csv
    output: concatenated_summaries/6_PSML.csv
    jobid: 47
    wildcards: taxon=6, method=PSML

[Tue Mar  2 15:47:19 2021]
Finished job 47.
132 of 135 steps (98%) done
Select jobs to execute...

[Tue Mar  2 15:47:19 2021]
rule generate_output_dict:
    input: concatenated_summaries/6_SICML.csv, concatenated_summaries/6_BEP.csv, concatenated_summaries/6_SICP.csv, concatenated_summaries/6_PSP.csv, concatenated_summaries/6_BEML.csv, concatenated_summaries/6_PSML.csv, concatenated_summaries/12_SICML.csv, concatenated_summaries/12_BEP.csv, concatenated_summaries/12_SICP.csv, concatenated_summaries/12_PSP.csv, concatenated_summaries/12_BEML.csv, concatenated_summaries/12_PSML.csv, concatenated_fastml_parsimony_summaries/6.csv, concatenated_fastml_parsimony_summaries/12.csv, concatenated_fastml_ml_summaries/6.csv, concatenated_fastml_ml_summaries/12.csv, concatenated_indelible_summaries/6.csv, concatenated_indelible_summaries/12.csv
    output: output_dicts/output.p
    jobid: 2

[Tue Mar  2 15:47:27 2021]
Finished job 2.
133 of 135 steps (99%) done
Select jobs to execute...

[Tue Mar  2 15:47:27 2021]
rule generate_latex:
    input: output_dicts/output.p
    output: plots/plot.tex
    jobid: 1

[Tue Mar  2 15:47:28 2021]
Finished job 1.
134 of 135 steps (99%) done
Select jobs to execute...

[Tue Mar  2 15:47:28 2021]
rule compile_latex:
    input: plots/plot.tex
    output: plots_generated, plots_generated/plot.pdf
    jobid: 0

[Tue Mar  2 15:47:33 2021]
Finished job 0.
135 of 135 steps (100%) done
Complete log: /Users/gabefoley/Dropbox/PhD/20210121_Indel_Evaluation_Project/Indel_Evaluation_Snakemake/.snakemake/log/2021-03-02T154534.862286.snakemake.log
