Building DAG of jobs...
Using shell: /bin/bash
Provided cores: 2
Rules claiming more threads will be scaled down.
Job counts:
	count	jobs
	4	clean_fastml_ml
	4	clean_fastml_parsimony
	1	clean_indelible
	1	compile_latex
	20	concat_fasta
	4	concat_fastml__ml_summaries
	4	concat_fastml_summaries
	1	concat_indelible
	4	concat_indelible_summaries
	20	concat_summaries
	1	generate_latex
	1	generate_output_dict
	4	get_indelible_dict
	4	run_fastml
	19	run_grasp
	1	run_indelible
	4	summarise_fastml_ml_indels
	4	summarise_fastml_parsimony_indels
	4	summarise_indelible
	20	summarise_indels
	125
Select jobs to execute...

[Fri Feb  5 15:43:49 2021]
rule run_grasp:
    input: indelible_output/200/cleaned_aln/1.fasta, indelible_output/200/cleaned_N0_trees/1.nwk
    output: grasp_results/200/BEP/1, grasp_results/200/BEP/1/GRASP_ancestors.fasta, grasp_results/200/BEP/1/tree.nwk
    jobid: 180
    wildcards: taxon=200, method=BEP, rep=1


[Fri Feb  5 15:43:49 2021]
rule run_grasp:
    input: indelible_output/100/cleaned_aln/1.fasta, indelible_output/100/cleaned_N0_trees/1.nwk
    output: grasp_results/100/BEML/1, grasp_results/100/BEML/1/GRASP_ancestors.fasta, grasp_results/100/BEML/1/tree.nwk
    jobid: 172
    wildcards: taxon=100, method=BEML, rep=1

[Fri Feb  5 15:43:51 2021]
Error in rule run_grasp:
    jobid: 172
    output: grasp_results/100/BEML/1, grasp_results/100/BEML/1/GRASP_ancestors.fasta, grasp_results/100/BEML/1/tree.nwk
    shell:
        grasp -aln indelible_output/100/cleaned_aln/1.fasta -nwk indelible_output/100/cleaned_N0_trees/1.nwk -model LG -out grasp_results/100/BEML/1 -savetree grasp_results/100/BEML/1  -indel BEML -inf joint -gap
        (one of the commands exited with non-zero exit code; note that snakemake uses bash strict mode!)

Removing output files of failed job run_grasp since they might be corrupted:
grasp_results/100/BEML/1
Terminating processes on user request, this might take some time.
Cancelling snakemake on user request.
