Building DAG of jobs...
Using shell: /bin/bash
Provided cores: 2
Rules claiming more threads will be scaled down.
Job counts:
	count	jobs
	1	clean_fastml_ml
	1	clean_fastml_parsimony
	1	clean_indelible
	1	compile_latex
	11	concat_fasta
	2	concat_fastml__ml_summaries
	2	concat_fastml_summaries
	1	concat_indelible
	3	concat_indelible_summaries
	15	concat_summaries
	1	generate_latex
	1	generate_output_dict
	1	get_indelible_dict
	1	run_fastml
	10	run_grasp
	2	summarise_fastml_ml_indels
	2	summarise_fastml_parsimony_indels
	1	summarise_indelible
	12	summarise_indels
	69
Select jobs to execute...

[Fri Feb  5 15:28:07 2021]
rule concat_indelible:
    input: indelible_output/25/25_TRUE_1.fasta, indelible_output/25/25_ANCESTRAL_1.fasta
    output: indelible_output/25/concatenated/25_1.fasta
    jobid: 59
    wildcards: taxon=25, rep=1


[Fri Feb  5 15:28:07 2021]
rule concat_indelible_summaries:
    input: indelible_summaries/100/1.csv
    output: concatenated_indelible_summaries/100.csv
    jobid: 171
    wildcards: taxon=100

[Fri Feb  5 15:28:07 2021]
Finished job 59.
1 of 69 steps (1%) done
Select jobs to execute...
[Fri Feb  5 15:28:07 2021]
Finished job 171.
2 of 69 steps (3%) done

[Fri Feb  5 15:28:08 2021]
rule concat_summaries:
    input: summaries/5/SICP/1.csv
    output: concatenated_summaries/5_SICP.csv
    jobid: 12
    wildcards: taxon=5, method=SICP

Select jobs to execute...

[Fri Feb  5 15:28:08 2021]
rule summarise_fastml_ml_indels:
    input: fastml_results_ml/100/concatenated/1/FastML_ancestors.fasta, fastml_results_ml/100/cleaned_N0_trees/1/tree.nwk, indelible_output/100/cleaned_N0_trees/1.nwk, indelible_output/100/concatenated/1.fasta, indelible_dicts/100/leaves_1.p, indelible_dicts/100/gaps_1.p
    output: fastml_ml_summaries/100/fastml/1.csv
    jobid: 161
    wildcards: taxon=100, rep=1

[Fri Feb  5 15:28:08 2021]
Finished job 12.
3 of 69 steps (4%) done
Select jobs to execute...

[Fri Feb  5 15:28:08 2021]
rule concat_indelible_summaries:
    input: indelible_summaries/5/1.csv
    output: concatenated_indelible_summaries/5.csv
    jobid: 163
    wildcards: taxon=5

[Fri Feb  5 15:28:08 2021]
Finished job 163.
4 of 69 steps (6%) done
Select jobs to execute...

[Fri Feb  5 15:28:08 2021]
rule summarise_indels:
    input: grasp_results/10/BEP/1/tree.nwk, grasp_results/concatenated/10/BEP/1/GRASP_ancestors.fasta, indelible_output/10/cleaned_N0_trees/1.nwk, indelible_output/10/concatenated/1.fasta, indelible_dicts/10/leaves_1.p, indelible_dicts/10/gaps_1.p
    output: summaries/10/BEP/1.csv
    jobid: 29
    wildcards: taxon=10, method=BEP, rep=1

[Fri Feb  5 15:28:09 2021]
Finished job 29.
5 of 69 steps (7%) done
Select jobs to execute...

[Fri Feb  5 15:28:09 2021]
rule run_grasp:
    input: indelible_output/50/cleaned_aln/1.fasta, indelible_output/50/cleaned_N0_trees/1.nwk
    output: grasp_results/50/PSP/1, grasp_results/50/PSP/1/GRASP_ancestors.fasta, grasp_results/50/PSP/1/tree.nwk
    jobid: 101
    wildcards: taxon=50, method=PSP, rep=1

[Fri Feb  5 15:28:09 2021]
Finished job 161.
6 of 69 steps (9%) done
Select jobs to execute...

[Fri Feb  5 15:28:09 2021]
rule concat_summaries:
    input: summaries/10/BEP/1.csv
    output: concatenated_summaries/10_BEP.csv
    jobid: 28
    wildcards: taxon=10, method=BEP

[Fri Feb  5 15:28:09 2021]
Finished job 28.
7 of 69 steps (10%) done
Select jobs to execute...

[Fri Feb  5 15:28:09 2021]
rule clean_indelible:
    input: indelible_output/25/N0_trees/1.nwk, indelible_output/25/concatenated/25_1.fasta
    output: indelible_output/25/cleaned_aln/1.fasta, indelible_output/25/concatenated/1.fasta, indelible_output/25/cleaned_trees/1.nwk, indelible_output/25/cleaned_N0_trees/1.nwk, indelible_output/25/cleaned_no_internal_trees/1.nwk
    jobid: 56
    wildcards: taxon=25, rep=1

[Fri Feb  5 15:28:10 2021]
Finished job 56.
8 of 69 steps (12%) done
Select jobs to execute...

[Fri Feb  5 15:28:10 2021]
rule run_grasp:
    input: indelible_output/100/cleaned_aln/1.fasta, indelible_output/100/cleaned_N0_trees/1.nwk
    output: grasp_results/100/BEML/1, grasp_results/100/BEML/1/GRASP_ancestors.fasta, grasp_results/100/BEML/1/tree.nwk
    jobid: 122
    wildcards: taxon=100, method=BEML, rep=1

[Fri Feb  5 15:28:12 2021]
Error in rule run_grasp:
    jobid: 122
    output: grasp_results/100/BEML/1, grasp_results/100/BEML/1/GRASP_ancestors.fasta, grasp_results/100/BEML/1/tree.nwk
    shell:
        grasp -aln indelible_output/100/cleaned_aln/1.fasta -nwk indelible_output/100/cleaned_N0_trees/1.nwk -model LG -out grasp_results/100/BEML/1 -savetree grasp_results/100/BEML/1  -indel BEML -inf joint -gap
        (one of the commands exited with non-zero exit code; note that snakemake uses bash strict mode!)

Removing output files of failed job run_grasp since they might be corrupted:
grasp_results/100/BEML/1
[Fri Feb  5 15:28:13 2021]
Error in rule run_grasp:
    jobid: 101
    output: grasp_results/50/PSP/1, grasp_results/50/PSP/1/GRASP_ancestors.fasta, grasp_results/50/PSP/1/tree.nwk
    shell:
        grasp -aln indelible_output/50/cleaned_aln/1.fasta -nwk indelible_output/50/cleaned_N0_trees/1.nwk -model LG -out grasp_results/50/PSP/1 -savetree grasp_results/50/PSP/1  -indel PSP -inf joint -gap
        (one of the commands exited with non-zero exit code; note that snakemake uses bash strict mode!)

Removing output files of failed job run_grasp since they might be corrupted:
grasp_results/50/PSP/1
Shutting down, this might take some time.
Exiting because a job execution failed. Look above for error message
Complete log: /Users/gabefoley/Dropbox/PhD/20210121_Indel_Evaluation_Project/Indel_Evaluation_Snakemake/.snakemake/log/2021-02-05T152807.775563.snakemake.log
