Building DAG of jobs...
Using shell: /bin/bash
Provided cores: 1 (use --cores to define parallelism)
Rules claiming more threads will be scaled down.
Job counts:
	count	jobs
	5	concat_fasta
	3	concat_summaries
	1	create_plots
	2	get_indelible_dict
	4	run_grasp
	6	summarise_indels
	21
Select jobs to execute...

[Mon Feb  1 09:34:22 2021]
rule get_indelible_dict:
    input: indelible_output/6/concatenated/2.fasta, indelible_output/6/cleaned_N0_trees/2.nwk
    output: indelible_dicts/6/leaves_2.p, indelible_dicts/6/gaps_2.p
    jobid: 16
    wildcards: taxon=6, rep=2

[Mon Feb  1 09:34:23 2021]
Finished job 16.
1 of 21 steps (5%) done
Select jobs to execute...

[Mon Feb  1 09:34:23 2021]
rule run_grasp:
    input: indelible_output/6/cleaned_aln/1.fasta, indelible_output/6/cleaned_N0_trees/1.nwk
    output: grasp_results/6/SICML/1, grasp_results/6/SICML/1/GRASP_ancestors.fasta, grasp_results/6/SICML/1/tree.nwk
    jobid: 26
    wildcards: taxon=6, method=SICML, rep=1

[Mon Feb  1 09:34:23 2021]
Finished job 26.
2 of 21 steps (10%) done
Select jobs to execute...

[Mon Feb  1 09:34:23 2021]
rule concat_fasta:
    input: indelible_output/6/cleaned_aln/1.fasta, grasp_results/6/SICML/1/GRASP_ancestors.fasta
    output: grasp_results/concatenated/6/SICML/1/GRASP_ancestors.fasta
    jobid: 27
    wildcards: taxon=6, method=SICML, rep=1

[Mon Feb  1 09:34:23 2021]
Finished job 27.
3 of 21 steps (14%) done
Select jobs to execute...

[Mon Feb  1 09:34:23 2021]
rule run_grasp:
    input: indelible_output/6/cleaned_aln/2.fasta, indelible_output/6/cleaned_N0_trees/2.nwk
    output: grasp_results/6/BEP/2, grasp_results/6/BEP/2/GRASP_ancestors.fasta, grasp_results/6/BEP/2/tree.nwk
    jobid: 11
    wildcards: taxon=6, method=BEP, rep=2

[Mon Feb  1 09:34:24 2021]
Finished job 11.
4 of 21 steps (19%) done
Select jobs to execute...

[Mon Feb  1 09:34:24 2021]
rule get_indelible_dict:
    input: indelible_output/6/concatenated/1.fasta, indelible_output/6/cleaned_N0_trees/1.nwk
    output: indelible_dicts/6/leaves_1.p, indelible_dicts/6/gaps_1.p
    jobid: 9
    wildcards: taxon=6, rep=1

[Mon Feb  1 09:34:24 2021]
Finished job 9.
5 of 21 steps (24%) done
Select jobs to execute...

[Mon Feb  1 09:34:24 2021]
rule summarise_indels:
    input: grasp_results/6/SICML/1/tree.nwk, grasp_results/concatenated/6/SICML/1/GRASP_ancestors.fasta, indelible_output/6/cleaned_N0_trees/1.nwk, indelible_output/6/concatenated/1.fasta, indelible_dicts/6/leaves_1.p, indelible_dicts/6/gaps_1.p
    output: summaries/6/SICML/1.csv
    jobid: 25
    wildcards: taxon=6, method=SICML, rep=1

[Mon Feb  1 09:34:25 2021]
Error in rule summarise_indels:
    jobid: 25
    output: summaries/6/SICML/1.csv

RuleException:
CalledProcessError in line 123 of /Users/gabefoley/Dropbox/PhD/20210121_Indel_Evaluation_Project/Indel_Evaluation_Snakemake/Snakefile:
Command 'set -euo pipefail;  /Users/gabefoley/miniconda3_latest/envs/indel_snakemake/bin/python3.9 /Users/gabefoley/Dropbox/PhD/20210121_Indel_Evaluation_Project/Indel_Evaluation_Snakemake/.snakemake/scripts/tmpgx3gecz4.summarise_indels.py' returned non-zero exit status 1.
  File "/Users/gabefoley/miniconda3_latest/envs/indel_snakemake/lib/python3.9/site-packages/snakemake/executors/__init__.py", line 2319, in run_wrapper
  File "/Users/gabefoley/Dropbox/PhD/20210121_Indel_Evaluation_Project/Indel_Evaluation_Snakemake/Snakefile", line 123, in __rule_summarise_indels
  File "/Users/gabefoley/miniconda3_latest/envs/indel_snakemake/lib/python3.9/site-packages/snakemake/executors/__init__.py", line 568, in _callback
  File "/Users/gabefoley/miniconda3_latest/envs/indel_snakemake/lib/python3.9/concurrent/futures/thread.py", line 52, in run
  File "/Users/gabefoley/miniconda3_latest/envs/indel_snakemake/lib/python3.9/site-packages/snakemake/executors/__init__.py", line 554, in cached_or_run
  File "/Users/gabefoley/miniconda3_latest/envs/indel_snakemake/lib/python3.9/site-packages/snakemake/executors/__init__.py", line 2350, in run_wrapper
Shutting down, this might take some time.
Exiting because a job execution failed. Look above for error message
Complete log: /Users/gabefoley/Dropbox/PhD/20210121_Indel_Evaluation_Project/Indel_Evaluation_Snakemake/.snakemake/log/2021-02-01T093422.440465.snakemake.log
