Building DAG of jobs...
Using shell: /bin/bash
Provided cores: 1 (use --cores to define parallelism)
Rules claiming more threads will be scaled down.
Job counts:
	count	jobs
	1	compile_latex
	6	concat_fasta
	2	concat_indelible_summaries
	7	concat_summaries
	1	generate_latex
	1	generate_output_dict
	1	get_indelible_dict
	5	run_grasp
	2	summarise_indelible
	9	summarise_indels
	35
Select jobs to execute...

[Wed Feb 17 10:58:54 2021]
rule run_grasp:
    input: indelible_output/10/cleaned_aln/1.fasta, indelible_output/10/cleaned_N0_trees/1.nwk
    output: grasp_results/10/BEML/1, grasp_results/10/BEML/1/GRASP_ancestors.fasta, grasp_results/10/BEML/1/GRASP_ancestors.nwk
    jobid: 58
    wildcards: taxon=10, method=BEML, rep=1

[Wed Feb 17 10:58:55 2021]
Finished job 58.
1 of 35 steps (3%) done
Select jobs to execute...

[Wed Feb 17 10:58:55 2021]
rule concat_fasta:
    input: indelible_output/10/cleaned_aln/1.fasta, grasp_results/10/BEP/1/GRASP_ancestors.fasta
    output: grasp_results/concatenated/10/BEP/1/GRASP_ancestors.fasta
    jobid: 47
    wildcards: taxon=10, method=BEP, rep=1

[Wed Feb 17 10:58:55 2021]
Finished job 47.
2 of 35 steps (6%) done
Select jobs to execute...

[Wed Feb 17 10:58:55 2021]
rule summarise_indels:
    input: grasp_results/10/BEP/1/GRASP_ancestors.nwk, grasp_results/concatenated/10/BEP/1/GRASP_ancestors.fasta, indelible_output/10/cleaned_N0_trees/1.nwk, indelible_output/10/concatenated/1.fasta, indelible_dicts/10/leaves_1.p, indelible_dicts/10/gaps_1.p
    output: summaries/10/BEP/1.csv
    jobid: 41
    wildcards: taxon=10, method=BEP, rep=1

[Wed Feb 17 10:58:56 2021]
Finished job 41.
3 of 35 steps (9%) done
Select jobs to execute...

[Wed Feb 17 10:58:56 2021]
rule summarise_indelible:
    input: indelible_output/10/cleaned_N0_trees/1.nwk, indelible_output/10/concatenated/1.fasta, indelible_output/10/cleaned_N0_trees/1.nwk, indelible_output/10/concatenated/1.fasta, indelible_dicts/10/leaves_1.p, indelible_dicts/10/gaps_1.p
    output: indelible_summaries/10/1.csv
    jobid: 81
    wildcards: taxon=10, rep=1

[Wed Feb 17 10:58:57 2021]
Finished job 81.
4 of 35 steps (11%) done
Select jobs to execute...

[Wed Feb 17 10:58:57 2021]
rule summarise_indels:
    input: grasp_results/10/BEP/2/GRASP_ancestors.nwk, grasp_results/concatenated/10/BEP/2/GRASP_ancestors.fasta, indelible_output/10/cleaned_N0_trees/2.nwk, indelible_output/10/concatenated/2.fasta, indelible_dicts/10/leaves_2.p, indelible_dicts/10/gaps_2.p
    output: summaries/10/BEP/2.csv
    jobid: 49
    wildcards: taxon=10, method=BEP, rep=2

[Wed Feb 17 10:58:58 2021]
Finished job 49.
5 of 35 steps (14%) done
Select jobs to execute...

[Wed Feb 17 10:58:58 2021]
rule concat_summaries:
    input: summaries/10/BEP/1.csv, summaries/10/BEP/2.csv
    output: concatenated_summaries/10_BEP.csv
    jobid: 40
    wildcards: taxon=10, method=BEP

[Wed Feb 17 10:58:58 2021]
Finished job 40.
6 of 35 steps (17%) done
Select jobs to execute...

[Wed Feb 17 10:58:58 2021]
rule concat_indelible_summaries:
    input: indelible_summaries/10/1.csv, indelible_summaries/10/2.csv
    output: concatenated_indelible_summaries/10.csv
    jobid: 80
    wildcards: taxon=10

[Wed Feb 17 10:58:58 2021]
Finished job 80.
7 of 35 steps (20%) done
Select jobs to execute...

[Wed Feb 17 10:58:58 2021]
rule concat_fasta:
    input: indelible_output/10/cleaned_aln/1.fasta, grasp_results/10/BEML/1/GRASP_ancestors.fasta
    output: grasp_results/concatenated/10/BEML/1/GRASP_ancestors.fasta
    jobid: 59
    wildcards: taxon=10, method=BEML, rep=1

[Wed Feb 17 10:58:58 2021]
Finished job 59.
8 of 35 steps (23%) done
Select jobs to execute...

[Wed Feb 17 10:58:58 2021]
rule summarise_indels:
    input: grasp_results/10/BEML/1/GRASP_ancestors.nwk, grasp_results/concatenated/10/BEML/1/GRASP_ancestors.fasta, indelible_output/10/cleaned_N0_trees/1.nwk, indelible_output/10/concatenated/1.fasta, indelible_dicts/10/leaves_1.p, indelible_dicts/10/gaps_1.p
    output: summaries/10/BEML/1.csv
    jobid: 57
    wildcards: taxon=10, method=BEML, rep=1

[Wed Feb 17 10:58:59 2021]
Finished job 57.
9 of 35 steps (26%) done
Select jobs to execute...

[Wed Feb 17 10:58:59 2021]
rule concat_summaries:
    input: summaries/10/BEML/1.csv, summaries/10/BEML/2.csv
    output: concatenated_summaries/10_BEML.csv
    jobid: 56
    wildcards: taxon=10, method=BEML

[Wed Feb 17 10:58:59 2021]
Finished job 56.
10 of 35 steps (29%) done
Select jobs to execute...

[Wed Feb 17 10:58:59 2021]
rule run_grasp:
    input: indelible_output/5/cleaned_aln/1.fasta, indelible_output/5/cleaned_N0_trees/1.nwk
    output: grasp_results/5/SICML/1, grasp_results/5/SICML/1/GRASP_ancestors.fasta, grasp_results/5/SICML/1/GRASP_ancestors.nwk
    jobid: 35
    wildcards: taxon=5, method=SICML, rep=1

[Wed Feb 17 10:58:59 2021]
Finished job 35.
11 of 35 steps (31%) done
Select jobs to execute...

[Wed Feb 17 10:58:59 2021]
rule concat_fasta:
    input: indelible_output/5/cleaned_aln/1.fasta, grasp_results/5/SICML/1/GRASP_ancestors.fasta
    output: grasp_results/concatenated/5/SICML/1/GRASP_ancestors.fasta
    jobid: 36
    wildcards: taxon=5, method=SICML, rep=1

[Wed Feb 17 10:58:59 2021]
Finished job 36.
12 of 35 steps (34%) done
Select jobs to execute...

[Wed Feb 17 10:58:59 2021]
rule run_grasp:
    input: indelible_output/10/cleaned_aln/1.fasta, indelible_output/10/cleaned_N0_trees/1.nwk
    output: grasp_results/10/SICP/1, grasp_results/10/SICP/1/GRASP_ancestors.fasta, grasp_results/10/SICP/1/GRASP_ancestors.nwk
    jobid: 65
    wildcards: taxon=10, method=SICP, rep=1

[Wed Feb 17 10:59:00 2021]
Finished job 65.
13 of 35 steps (37%) done
Select jobs to execute...

[Wed Feb 17 10:59:00 2021]
rule concat_fasta:
    input: indelible_output/10/cleaned_aln/1.fasta, grasp_results/10/SICP/1/GRASP_ancestors.fasta
    output: grasp_results/concatenated/10/SICP/1/GRASP_ancestors.fasta
    jobid: 66
    wildcards: taxon=10, method=SICP, rep=1

[Wed Feb 17 10:59:00 2021]
Finished job 66.
14 of 35 steps (40%) done
Select jobs to execute...

[Wed Feb 17 10:59:00 2021]
rule get_indelible_dict:
    input: indelible_output/5/concatenated/1.fasta, indelible_output/5/cleaned_N0_trees/1.nwk
    output: indelible_dicts/5/leaves_1.p, indelible_dicts/5/gaps_1.p
    jobid: 11
    wildcards: taxon=5, rep=1

[Wed Feb 17 10:59:01 2021]
Finished job 11.
15 of 35 steps (43%) done
Select jobs to execute...

[Wed Feb 17 10:59:01 2021]
rule summarise_indels:
    input: grasp_results/5/SICML/1/GRASP_ancestors.nwk, grasp_results/concatenated/5/SICML/1/GRASP_ancestors.fasta, indelible_output/5/cleaned_N0_trees/1.nwk, indelible_output/5/concatenated/1.fasta, indelible_dicts/5/leaves_1.p, indelible_dicts/5/gaps_1.p
    output: summaries/5/SICML/1.csv
    jobid: 34
    wildcards: taxon=5, method=SICML, rep=1

[Wed Feb 17 10:59:02 2021]
Finished job 34.
16 of 35 steps (46%) done
Select jobs to execute...

[Wed Feb 17 10:59:02 2021]
rule summarise_indels:
    input: grasp_results/10/SICP/1/GRASP_ancestors.nwk, grasp_results/concatenated/10/SICP/1/GRASP_ancestors.fasta, indelible_output/10/cleaned_N0_trees/1.nwk, indelible_output/10/concatenated/1.fasta, indelible_dicts/10/leaves_1.p, indelible_dicts/10/gaps_1.p
    output: summaries/10/SICP/1.csv
    jobid: 64
    wildcards: taxon=10, method=SICP, rep=1

[Wed Feb 17 10:59:03 2021]
Finished job 64.
17 of 35 steps (49%) done
Select jobs to execute...

[Wed Feb 17 10:59:03 2021]
rule concat_summaries:
    input: summaries/10/SICP/1.csv, summaries/10/SICP/2.csv
    output: concatenated_summaries/10_SICP.csv
    jobid: 63
    wildcards: taxon=10, method=SICP

[Wed Feb 17 10:59:03 2021]
Finished job 63.
18 of 35 steps (51%) done
Select jobs to execute...

[Wed Feb 17 10:59:03 2021]
rule concat_summaries:
    input: summaries/5/SICML/1.csv, summaries/5/SICML/2.csv
    output: concatenated_summaries/5_SICML.csv
    jobid: 33
    wildcards: taxon=5, method=SICML

[Wed Feb 17 10:59:03 2021]
Finished job 33.
19 of 35 steps (54%) done
Select jobs to execute...

[Wed Feb 17 10:59:03 2021]
rule summarise_indels:
    input: grasp_results/5/SICP/1/GRASP_ancestors.nwk, grasp_results/concatenated/5/SICP/1/GRASP_ancestors.fasta, indelible_output/5/cleaned_N0_trees/1.nwk, indelible_output/5/concatenated/1.fasta, indelible_dicts/5/leaves_1.p, indelible_dicts/5/gaps_1.p
    output: summaries/5/SICP/1.csv
    jobid: 27
    wildcards: taxon=5, method=SICP, rep=1

[Wed Feb 17 10:59:04 2021]
Finished job 27.
20 of 35 steps (57%) done
Select jobs to execute...

[Wed Feb 17 10:59:04 2021]
rule run_grasp:
    input: indelible_output/5/cleaned_aln/2.fasta, indelible_output/5/cleaned_N0_trees/2.nwk
    output: grasp_results/5/SICP/2, grasp_results/5/SICP/2/GRASP_ancestors.fasta, grasp_results/5/SICP/2/GRASP_ancestors.nwk
    jobid: 31
    wildcards: taxon=5, method=SICP, rep=2

[Wed Feb 17 10:59:04 2021]
Finished job 31.
21 of 35 steps (60%) done
Select jobs to execute...

[Wed Feb 17 10:59:04 2021]
rule run_grasp:
    input: indelible_output/5/cleaned_aln/1.fasta, indelible_output/5/cleaned_N0_trees/1.nwk
    output: grasp_results/5/BEP/1, grasp_results/5/BEP/1/GRASP_ancestors.fasta, grasp_results/5/BEP/1/GRASP_ancestors.nwk
    jobid: 5
    wildcards: taxon=5, method=BEP, rep=1

[Wed Feb 17 10:59:05 2021]
Finished job 5.
22 of 35 steps (63%) done
Select jobs to execute...

[Wed Feb 17 10:59:05 2021]
rule summarise_indels:
    input: grasp_results/5/BEML/1/GRASP_ancestors.nwk, grasp_results/concatenated/5/BEML/1/GRASP_ancestors.fasta, indelible_output/5/cleaned_N0_trees/1.nwk, indelible_output/5/concatenated/1.fasta, indelible_dicts/5/leaves_1.p, indelible_dicts/5/gaps_1.p
    output: summaries/5/BEML/1.csv
    jobid: 20
    wildcards: taxon=5, method=BEML, rep=1

[Wed Feb 17 10:59:05 2021]
Finished job 20.
23 of 35 steps (66%) done
Select jobs to execute...

[Wed Feb 17 10:59:05 2021]
rule summarise_indelible:
    input: indelible_output/5/cleaned_N0_trees/1.nwk, indelible_output/5/concatenated/1.fasta, indelible_output/5/cleaned_N0_trees/1.nwk, indelible_output/5/concatenated/1.fasta, indelible_dicts/5/leaves_1.p, indelible_dicts/5/gaps_1.p
    output: indelible_summaries/5/1.csv
    jobid: 78
    wildcards: taxon=5, rep=1

[Wed Feb 17 10:59:06 2021]
Finished job 78.
24 of 35 steps (69%) done
Select jobs to execute...

[Wed Feb 17 10:59:06 2021]
rule concat_fasta:
    input: indelible_output/5/cleaned_aln/2.fasta, grasp_results/5/SICP/2/GRASP_ancestors.fasta
    output: grasp_results/concatenated/5/SICP/2/GRASP_ancestors.fasta
    jobid: 32
    wildcards: taxon=5, method=SICP, rep=2

[Wed Feb 17 10:59:06 2021]
Finished job 32.
25 of 35 steps (71%) done
Select jobs to execute...

[Wed Feb 17 10:59:06 2021]
rule concat_fasta:
    input: indelible_output/5/cleaned_aln/1.fasta, grasp_results/5/BEP/1/GRASP_ancestors.fasta
    output: grasp_results/concatenated/5/BEP/1/GRASP_ancestors.fasta
    jobid: 10
    wildcards: taxon=5, method=BEP, rep=1

[Wed Feb 17 10:59:06 2021]
Finished job 10.
26 of 35 steps (74%) done
Select jobs to execute...

[Wed Feb 17 10:59:07 2021]
rule concat_summaries:
    input: summaries/5/BEML/1.csv, summaries/5/BEML/2.csv
    output: concatenated_summaries/5_BEML.csv
    jobid: 19
    wildcards: taxon=5, method=BEML

[Wed Feb 17 10:59:07 2021]
Finished job 19.
27 of 35 steps (77%) done
Select jobs to execute...

[Wed Feb 17 10:59:07 2021]
rule concat_indelible_summaries:
    input: indelible_summaries/5/1.csv, indelible_summaries/5/2.csv
    output: concatenated_indelible_summaries/5.csv
    jobid: 77
    wildcards: taxon=5

[Wed Feb 17 10:59:07 2021]
Finished job 77.
28 of 35 steps (80%) done
Select jobs to execute...

[Wed Feb 17 10:59:07 2021]
rule summarise_indels:
    input: grasp_results/5/BEP/1/GRASP_ancestors.nwk, grasp_results/concatenated/5/BEP/1/GRASP_ancestors.fasta, indelible_output/5/cleaned_N0_trees/1.nwk, indelible_output/5/concatenated/1.fasta, indelible_dicts/5/leaves_1.p, indelible_dicts/5/gaps_1.p
    output: summaries/5/BEP/1.csv
    jobid: 4
    wildcards: taxon=5, method=BEP, rep=1

[Wed Feb 17 10:59:08 2021]
Finished job 4.
29 of 35 steps (83%) done
Select jobs to execute...

[Wed Feb 17 10:59:08 2021]
rule concat_summaries:
    input: summaries/5/BEP/1.csv, summaries/5/BEP/2.csv
    output: concatenated_summaries/5_BEP.csv
    jobid: 3
    wildcards: taxon=5, method=BEP

[Wed Feb 17 10:59:08 2021]
Finished job 3.
30 of 35 steps (86%) done
Select jobs to execute...

[Wed Feb 17 10:59:08 2021]
rule summarise_indels:
    input: grasp_results/5/SICP/2/GRASP_ancestors.nwk, grasp_results/concatenated/5/SICP/2/GRASP_ancestors.fasta, indelible_output/5/cleaned_N0_trees/2.nwk, indelible_output/5/concatenated/2.fasta, indelible_dicts/5/leaves_2.p, indelible_dicts/5/gaps_2.p
    output: summaries/5/SICP/2.csv
    jobid: 30
    wildcards: taxon=5, method=SICP, rep=2

Terminating processes on user request, this might take some time.
[Wed Feb 17 10:59:08 2021]
Error in rule summarise_indels:
    jobid: 30
    output: summaries/5/SICP/2.csv

RuleException:
CalledProcessError in line 157 of /Users/gabefoley/Dropbox/PhD/20210121_Indel_Evaluation_Project/Indel_Evaluation_Snakemake/Snakefile:
Command 'set -euo pipefail;  /Users/gabefoley/miniconda3_latest/envs/indel_snakemake/bin/python3.9 /Users/gabefoley/Dropbox/PhD/20210121_Indel_Evaluation_Project/Indel_Evaluation_Snakemake/.snakemake/scripts/tmpupbdi3ei.summarise_indels.py' died with <Signals.SIGINT: 2>.
  File "/Users/gabefoley/miniconda3_latest/envs/indel_snakemake/lib/python3.9/site-packages/snakemake/executors/__init__.py", line 2319, in run_wrapper
  File "/Users/gabefoley/Dropbox/PhD/20210121_Indel_Evaluation_Project/Indel_Evaluation_Snakemake/Snakefile", line 157, in __rule_summarise_indels
  File "/Users/gabefoley/miniconda3_latest/envs/indel_snakemake/lib/python3.9/site-packages/snakemake/executors/__init__.py", line 568, in _callback
  File "/Users/gabefoley/miniconda3_latest/envs/indel_snakemake/lib/python3.9/concurrent/futures/thread.py", line 52, in run
  File "/Users/gabefoley/miniconda3_latest/envs/indel_snakemake/lib/python3.9/site-packages/snakemake/executors/__init__.py", line 554, in cached_or_run
  File "/Users/gabefoley/miniconda3_latest/envs/indel_snakemake/lib/python3.9/site-packages/snakemake/executors/__init__.py", line 2350, in run_wrapper
Complete log: /Users/gabefoley/Dropbox/PhD/20210121_Indel_Evaluation_Project/Indel_Evaluation_Snakemake/.snakemake/log/2021-02-17T105854.262770.snakemake.log
