Building DAG of jobs...
Using shell: /bin/bash
Provided cores: 1 (use --cores to define parallelism)
Rules claiming more threads will be scaled down.
Job counts:
	count	jobs
	4	clean_fastml
	4	clean_indelible
	1	compile_latex
	12	concat_fasta
	2	concat_fastml_summaries
	4	concat_indelible
	2	concat_indelible_summaries
	6	concat_summaries
	2	create_control_files
	1	generate_latex
	1	generate_output_dict
	4	get_indelible_dict
	4	run_fastml
	12	run_grasp
	4	run_indelible
	4	summarise_fastml_indels
	4	summarise_indelible
	12	summarise_indels
	83
Select jobs to execute...

[Tue Feb  2 14:33:53 2021]
rule create_control_files:
    output: indelible/25_control.txt
    jobid: 8
    wildcards: taxon=25

[Tue Feb  2 14:33:53 2021]
Finished job 8.
1 of 83 steps (1%) done
Select jobs to execute...

[Tue Feb  2 14:33:53 2021]
rule create_control_files:
    output: indelible/50_control.txt
    jobid: 38
    wildcards: taxon=50

[Tue Feb  2 14:33:54 2021]
Finished job 38.
2 of 83 steps (2%) done
Select jobs to execute...

[Tue Feb  2 14:33:54 2021]
rule run_indelible:
    input: indelible/25_control.txt
    output: indelible_output/25/trees/1.nwk, indelible_output/25/25_TRUE_1.fasta, indelible_output/25/25_ANCESTRAL_1.fasta, indelible_output/25/N0_trees/1.nwk
    jobid: 7
    wildcards: taxon=25, rep=1

[Tue Feb  2 14:33:55 2021]
Finished job 7.
3 of 83 steps (4%) done
Select jobs to execute...

[Tue Feb  2 14:33:55 2021]
rule run_indelible:
    input: indelible/50_control.txt
    output: indelible_output/50/trees/1.nwk, indelible_output/50/50_TRUE_1.fasta, indelible_output/50/50_ANCESTRAL_1.fasta, indelible_output/50/N0_trees/1.nwk
    jobid: 37
    wildcards: taxon=50, rep=1

[Tue Feb  2 14:33:57 2021]
Finished job 37.
4 of 83 steps (5%) done
Select jobs to execute...

[Tue Feb  2 14:33:57 2021]
rule concat_indelible:
    input: indelible_output/25/25_TRUE_1.fasta, indelible_output/25/25_ANCESTRAL_1.fasta
    output: indelible_output/25/concatenated/25_1.fasta
    jobid: 9
    wildcards: taxon=25, rep=1

[Tue Feb  2 14:33:57 2021]
Finished job 9.
5 of 83 steps (6%) done
Select jobs to execute...

[Tue Feb  2 14:33:57 2021]
rule concat_indelible:
    input: indelible_output/50/50_TRUE_1.fasta, indelible_output/50/50_ANCESTRAL_1.fasta
    output: indelible_output/50/concatenated/50_1.fasta
    jobid: 39
    wildcards: taxon=50, rep=1

[Tue Feb  2 14:33:57 2021]
Finished job 39.
6 of 83 steps (7%) done
Select jobs to execute...

[Tue Feb  2 14:33:57 2021]
rule clean_indelible:
    input: indelible_output/25/N0_trees/1.nwk, indelible_output/25/concatenated/25_1.fasta
    output: indelible_output/25/cleaned_aln/1.fasta, indelible_output/25/concatenated/1.fasta, indelible_output/25/cleaned_trees/1.nwk, indelible_output/25/cleaned_N0_trees/1.nwk, indelible_output/25/cleaned_no_internal_trees/1.nwk
    jobid: 6
    wildcards: taxon=25, rep=1

[Tue Feb  2 14:33:59 2021]
Finished job 6.
7 of 83 steps (8%) done
Select jobs to execute...

[Tue Feb  2 14:33:59 2021]
rule get_indelible_dict:
    input: indelible_output/25/concatenated/1.fasta, indelible_output/25/cleaned_N0_trees/1.nwk
    output: indelible_dicts/25/leaves_1.p, indelible_dicts/25/gaps_1.p
    jobid: 11
    wildcards: taxon=25, rep=1

[Tue Feb  2 14:34:00 2021]
Finished job 11.
8 of 83 steps (10%) done
Select jobs to execute...

[Tue Feb  2 14:34:00 2021]
rule summarise_indelible:
    input: indelible_output/25/cleaned_N0_trees/1.nwk, indelible_output/25/concatenated/1.fasta, indelible_output/25/cleaned_N0_trees/1.nwk, indelible_output/25/concatenated/1.fasta, indelible_dicts/25/leaves_1.p, indelible_dicts/25/gaps_1.p
    output: indelible_summaries/25/1.csv
    jobid: 78
    wildcards: taxon=25, rep=1

[Tue Feb  2 14:34:02 2021]
Finished job 78.
9 of 83 steps (11%) done
Select jobs to execute...

[Tue Feb  2 14:34:02 2021]
rule run_grasp:
    input: indelible_output/25/cleaned_aln/1.fasta, indelible_output/25/cleaned_N0_trees/1.nwk
    output: grasp_results/25/BEP/1, grasp_results/25/BEP/1/GRASP_ancestors.fasta, grasp_results/25/BEP/1/tree.nwk
    jobid: 5
    wildcards: taxon=25, method=BEP, rep=1

[Tue Feb  2 14:34:06 2021]
Finished job 5.
10 of 83 steps (12%) done
Select jobs to execute...

[Tue Feb  2 14:34:07 2021]
rule concat_fasta:
    input: indelible_output/25/cleaned_aln/1.fasta, grasp_results/25/BEP/1/GRASP_ancestors.fasta
    output: grasp_results/concatenated/25/BEP/1/GRASP_ancestors.fasta
    jobid: 10
    wildcards: taxon=25, method=BEP, rep=1

[Tue Feb  2 14:34:07 2021]
Finished job 10.
11 of 83 steps (13%) done
Select jobs to execute...

[Tue Feb  2 14:34:07 2021]
rule run_grasp:
    input: indelible_output/25/cleaned_aln/1.fasta, indelible_output/25/cleaned_N0_trees/1.nwk
    output: grasp_results/25/SICML/1, grasp_results/25/SICML/1/GRASP_ancestors.fasta, grasp_results/25/SICML/1/tree.nwk
    jobid: 28
    wildcards: taxon=25, method=SICML, rep=1

[Tue Feb  2 14:34:11 2021]
Finished job 28.
12 of 83 steps (14%) done
Select jobs to execute...

[Tue Feb  2 14:34:11 2021]
rule concat_fasta:
    input: indelible_output/25/cleaned_aln/1.fasta, grasp_results/25/SICML/1/GRASP_ancestors.fasta
    output: grasp_results/concatenated/25/SICML/1/GRASP_ancestors.fasta
    jobid: 29
    wildcards: taxon=25, method=SICML, rep=1

[Tue Feb  2 14:34:11 2021]
Finished job 29.
13 of 83 steps (16%) done
Select jobs to execute...

[Tue Feb  2 14:34:11 2021]
rule summarise_indels:
    input: grasp_results/25/SICML/1/tree.nwk, grasp_results/concatenated/25/SICML/1/GRASP_ancestors.fasta, indelible_output/25/cleaned_N0_trees/1.nwk, indelible_output/25/concatenated/1.fasta, indelible_dicts/25/leaves_1.p, indelible_dicts/25/gaps_1.p
    output: summaries/25/SICML/1.csv
    jobid: 27
    wildcards: taxon=25, method=SICML, rep=1

[Tue Feb  2 14:34:12 2021]
Finished job 27.
14 of 83 steps (17%) done
Select jobs to execute...

[Tue Feb  2 14:34:12 2021]
rule run_grasp:
    input: indelible_output/25/cleaned_aln/1.fasta, indelible_output/25/cleaned_N0_trees/1.nwk
    output: grasp_results/25/SICP/1, grasp_results/25/SICP/1/GRASP_ancestors.fasta, grasp_results/25/SICP/1/tree.nwk
    jobid: 21
    wildcards: taxon=25, method=SICP, rep=1

[Tue Feb  2 14:34:16 2021]
Finished job 21.
15 of 83 steps (18%) done
Select jobs to execute...

[Tue Feb  2 14:34:16 2021]
rule run_indelible:
    input: indelible/50_control.txt
    output: indelible_output/50/trees/2.nwk, indelible_output/50/50_TRUE_2.fasta, indelible_output/50/50_ANCESTRAL_2.fasta, indelible_output/50/N0_trees/2.nwk
    jobid: 45
    wildcards: taxon=50, rep=2

Warning: the following output files of rule run_indelible were not present when the DAG was created:
{'indelible_output/50/N0_trees/2.nwk', 'indelible_output/50/50_TRUE_2.fasta', 'indelible_output/50/50_ANCESTRAL_2.fasta'}
[Tue Feb  2 14:34:18 2021]
Finished job 45.
16 of 83 steps (19%) done
Select jobs to execute...

[Tue Feb  2 14:34:18 2021]
rule concat_indelible:
    input: indelible_output/50/50_TRUE_2.fasta, indelible_output/50/50_ANCESTRAL_2.fasta
    output: indelible_output/50/concatenated/50_2.fasta
    jobid: 46
    wildcards: taxon=50, rep=2

[Tue Feb  2 14:34:18 2021]
Finished job 46.
17 of 83 steps (20%) done
Select jobs to execute...

[Tue Feb  2 14:34:18 2021]
rule run_indelible:
    input: indelible/25_control.txt
    output: indelible_output/25/trees/2.nwk, indelible_output/25/25_TRUE_2.fasta, indelible_output/25/25_ANCESTRAL_2.fasta, indelible_output/25/N0_trees/2.nwk
    jobid: 15
    wildcards: taxon=25, rep=2

Warning: the following output files of rule run_indelible were not present when the DAG was created:
{'indelible_output/25/25_TRUE_2.fasta', 'indelible_output/25/25_ANCESTRAL_2.fasta', 'indelible_output/25/N0_trees/2.nwk'}
[Tue Feb  2 14:34:19 2021]
Finished job 15.
18 of 83 steps (22%) done
Select jobs to execute...

[Tue Feb  2 14:34:19 2021]
rule concat_indelible:
    input: indelible_output/25/25_TRUE_2.fasta, indelible_output/25/25_ANCESTRAL_2.fasta
    output: indelible_output/25/concatenated/25_2.fasta
    jobid: 16
    wildcards: taxon=25, rep=2

[Tue Feb  2 14:34:19 2021]
Finished job 16.
19 of 83 steps (23%) done
Select jobs to execute...

[Tue Feb  2 14:34:19 2021]
rule clean_indelible:
    input: indelible_output/25/N0_trees/2.nwk, indelible_output/25/concatenated/25_2.fasta
    output: indelible_output/25/cleaned_aln/2.fasta, indelible_output/25/concatenated/2.fasta, indelible_output/25/cleaned_trees/2.nwk, indelible_output/25/cleaned_N0_trees/2.nwk, indelible_output/25/cleaned_no_internal_trees/2.nwk
    jobid: 14
    wildcards: taxon=25, rep=2

[Tue Feb  2 14:34:21 2021]
Finished job 14.
20 of 83 steps (24%) done
Select jobs to execute...

[Tue Feb  2 14:34:21 2021]
rule run_fastml:
    input: indelible_output/25/cleaned_aln/2.fasta, indelible_output/25/cleaned_no_internal_trees/2.nwk
    output: fastml_results/25/2/seq.joint.txt, fastml_results/25/2/tree.newick.txt, fastml_results/25/2
    jobid: 69
    wildcards: taxon=25, rep=2

[Tue Feb  2 14:35:25 2021]
Finished job 69.
21 of 83 steps (25%) done
Select jobs to execute...

[Tue Feb  2 14:35:25 2021]
rule clean_fastml:
    input: fastml_results/25/2/seq.joint.txt, fastml_results/25/2/tree.newick.txt
    output: fastml_results/25/concatenated/2/FastML_ancestors.fasta, fastml_results/25/cleaned_N0_trees/2/tree.nwk
    jobid: 68
    wildcards: taxon=25, rep=2

[Tue Feb  2 14:35:26 2021]
Finished job 68.
22 of 83 steps (27%) done
Select jobs to execute...

[Tue Feb  2 14:35:26 2021]
rule run_grasp:
    input: indelible_output/25/cleaned_aln/2.fasta, indelible_output/25/cleaned_N0_trees/2.nwk
    output: grasp_results/25/SICML/2, grasp_results/25/SICML/2/GRASP_ancestors.fasta, grasp_results/25/SICML/2/tree.nwk
    jobid: 31
    wildcards: taxon=25, method=SICML, rep=2

[Tue Feb  2 14:35:31 2021]
Finished job 31.
23 of 83 steps (28%) done
Select jobs to execute...

[Tue Feb  2 14:35:31 2021]
rule get_indelible_dict:
    input: indelible_output/25/concatenated/2.fasta, indelible_output/25/cleaned_N0_trees/2.nwk
    output: indelible_dicts/25/leaves_2.p, indelible_dicts/25/gaps_2.p
    jobid: 18
    wildcards: taxon=25, rep=2

[Tue Feb  2 14:35:32 2021]
Finished job 18.
24 of 83 steps (29%) done
Select jobs to execute...

[Tue Feb  2 14:35:32 2021]
rule summarise_fastml_indels:
    input: fastml_results/25/concatenated/2/FastML_ancestors.fasta, fastml_results/25/cleaned_N0_trees/2/tree.nwk, indelible_output/25/cleaned_N0_trees/2.nwk, indelible_output/25/concatenated/2.fasta, indelible_dicts/25/leaves_2.p, indelible_dicts/25/gaps_2.p
    output: fastml_summaries/25/fastml/2.csv
    jobid: 67
    wildcards: taxon=25, rep=2

[Tue Feb  2 14:35:34 2021]
Finished job 67.
25 of 83 steps (30%) done
Select jobs to execute...

[Tue Feb  2 14:35:34 2021]
rule concat_fasta:
    input: indelible_output/25/cleaned_aln/2.fasta, grasp_results/25/SICML/2/GRASP_ancestors.fasta
    output: grasp_results/concatenated/25/SICML/2/GRASP_ancestors.fasta
    jobid: 32
    wildcards: taxon=25, method=SICML, rep=2

[Tue Feb  2 14:35:34 2021]
Finished job 32.
26 of 83 steps (31%) done
Select jobs to execute...

[Tue Feb  2 14:35:34 2021]
rule run_grasp:
    input: indelible_output/25/cleaned_aln/2.fasta, indelible_output/25/cleaned_N0_trees/2.nwk
    output: grasp_results/25/SICP/2, grasp_results/25/SICP/2/GRASP_ancestors.fasta, grasp_results/25/SICP/2/tree.nwk
    jobid: 24
    wildcards: taxon=25, method=SICP, rep=2

[Tue Feb  2 14:35:39 2021]
Finished job 24.
27 of 83 steps (33%) done
Select jobs to execute...

[Tue Feb  2 14:35:39 2021]
rule concat_fasta:
    input: indelible_output/25/cleaned_aln/2.fasta, grasp_results/25/SICP/2/GRASP_ancestors.fasta
    output: grasp_results/concatenated/25/SICP/2/GRASP_ancestors.fasta
    jobid: 25
    wildcards: taxon=25, method=SICP, rep=2

[Tue Feb  2 14:35:39 2021]
Finished job 25.
28 of 83 steps (34%) done
Select jobs to execute...

[Tue Feb  2 14:35:39 2021]
rule summarise_indels:
    input: grasp_results/25/SICP/2/tree.nwk, grasp_results/concatenated/25/SICP/2/GRASP_ancestors.fasta, indelible_output/25/cleaned_N0_trees/2.nwk, indelible_output/25/concatenated/2.fasta, indelible_dicts/25/leaves_2.p, indelible_dicts/25/gaps_2.p
    output: summaries/25/SICP/2.csv
    jobid: 23
    wildcards: taxon=25, method=SICP, rep=2

[Tue Feb  2 14:35:41 2021]
Finished job 23.
29 of 83 steps (35%) done
Select jobs to execute...

[Tue Feb  2 14:35:41 2021]
rule run_grasp:
    input: indelible_output/25/cleaned_aln/2.fasta, indelible_output/25/cleaned_N0_trees/2.nwk
    output: grasp_results/25/BEP/2, grasp_results/25/BEP/2/GRASP_ancestors.fasta, grasp_results/25/BEP/2/tree.nwk
    jobid: 13
    wildcards: taxon=25, method=BEP, rep=2

[Tue Feb  2 14:35:46 2021]
Finished job 13.
30 of 83 steps (36%) done
Select jobs to execute...

[Tue Feb  2 14:35:46 2021]
rule concat_fasta:
    input: indelible_output/25/cleaned_aln/2.fasta, grasp_results/25/BEP/2/GRASP_ancestors.fasta
    output: grasp_results/concatenated/25/BEP/2/GRASP_ancestors.fasta
    jobid: 17
    wildcards: taxon=25, method=BEP, rep=2

[Tue Feb  2 14:35:46 2021]
Finished job 17.
31 of 83 steps (37%) done
Select jobs to execute...

[Tue Feb  2 14:35:46 2021]
rule summarise_indels:
    input: grasp_results/25/BEP/2/tree.nwk, grasp_results/concatenated/25/BEP/2/GRASP_ancestors.fasta, indelible_output/25/cleaned_N0_trees/2.nwk, indelible_output/25/concatenated/2.fasta, indelible_dicts/25/leaves_2.p, indelible_dicts/25/gaps_2.p
    output: summaries/25/BEP/2.csv
    jobid: 12
    wildcards: taxon=25, method=BEP, rep=2

[Tue Feb  2 14:35:48 2021]
Finished job 12.
32 of 83 steps (39%) done
Select jobs to execute...

[Tue Feb  2 14:35:48 2021]
rule summarise_indels:
    input: grasp_results/25/SICML/2/tree.nwk, grasp_results/concatenated/25/SICML/2/GRASP_ancestors.fasta, indelible_output/25/cleaned_N0_trees/2.nwk, indelible_output/25/concatenated/2.fasta, indelible_dicts/25/leaves_2.p, indelible_dicts/25/gaps_2.p
    output: summaries/25/SICML/2.csv
    jobid: 30
    wildcards: taxon=25, method=SICML, rep=2

[Tue Feb  2 14:35:49 2021]
Finished job 30.
33 of 83 steps (40%) done
Select jobs to execute...

[Tue Feb  2 14:35:49 2021]
rule concat_summaries:
    input: summaries/25/SICML/1.csv, summaries/25/SICML/2.csv
    output: concatenated_summaries/25_SICML.csv
    jobid: 26
    wildcards: taxon=25, method=SICML

[Tue Feb  2 14:35:49 2021]
Finished job 26.
34 of 83 steps (41%) done
Select jobs to execute...

[Tue Feb  2 14:35:49 2021]
rule summarise_indelible:
    input: indelible_output/25/cleaned_N0_trees/2.nwk, indelible_output/25/concatenated/2.fasta, indelible_output/25/cleaned_N0_trees/2.nwk, indelible_output/25/concatenated/2.fasta, indelible_dicts/25/leaves_2.p, indelible_dicts/25/gaps_2.p
    output: indelible_summaries/25/2.csv
    jobid: 79
    wildcards: taxon=25, rep=2

[Tue Feb  2 14:35:50 2021]
Finished job 79.
35 of 83 steps (42%) done
Select jobs to execute...

[Tue Feb  2 14:35:50 2021]
rule concat_indelible_summaries:
    input: indelible_summaries/25/1.csv, indelible_summaries/25/2.csv
    output: concatenated_indelible_summaries/25.csv
    jobid: 77
    wildcards: taxon=25

[Tue Feb  2 14:35:50 2021]
Finished job 77.
36 of 83 steps (43%) done
Select jobs to execute...

[Tue Feb  2 14:35:50 2021]
rule run_fastml:
    input: indelible_output/25/cleaned_aln/1.fasta, indelible_output/25/cleaned_no_internal_trees/1.nwk
    output: fastml_results/25/1/seq.joint.txt, fastml_results/25/1/tree.newick.txt, fastml_results/25/1
    jobid: 66
    wildcards: taxon=25, rep=1

[Tue Feb  2 14:36:54 2021]
Finished job 66.
37 of 83 steps (45%) done
Select jobs to execute...

[Tue Feb  2 14:36:54 2021]
rule clean_fastml:
    input: fastml_results/25/1/seq.joint.txt, fastml_results/25/1/tree.newick.txt
    output: fastml_results/25/concatenated/1/FastML_ancestors.fasta, fastml_results/25/cleaned_N0_trees/1/tree.nwk
    jobid: 65
    wildcards: taxon=25, rep=1

[Tue Feb  2 14:36:55 2021]
Finished job 65.
38 of 83 steps (46%) done
Select jobs to execute...

[Tue Feb  2 14:36:55 2021]
rule summarise_fastml_indels:
    input: fastml_results/25/concatenated/1/FastML_ancestors.fasta, fastml_results/25/cleaned_N0_trees/1/tree.nwk, indelible_output/25/cleaned_N0_trees/1.nwk, indelible_output/25/concatenated/1.fasta, indelible_dicts/25/leaves_1.p, indelible_dicts/25/gaps_1.p
    output: fastml_summaries/25/fastml/1.csv
    jobid: 64
    wildcards: taxon=25, rep=1

[Tue Feb  2 14:36:57 2021]
Finished job 64.
39 of 83 steps (47%) done
Select jobs to execute...

[Tue Feb  2 14:36:57 2021]
rule concat_fastml_summaries:
    input: fastml_summaries/25/fastml/1.csv, fastml_summaries/25/fastml/2.csv
    output: concatenated_fastml_summaries/25.csv
    jobid: 63
    wildcards: taxon=25

[Tue Feb  2 14:36:57 2021]
Finished job 63.
40 of 83 steps (48%) done
Select jobs to execute...

[Tue Feb  2 14:36:57 2021]
rule concat_fasta:
    input: indelible_output/25/cleaned_aln/1.fasta, grasp_results/25/SICP/1/GRASP_ancestors.fasta
    output: grasp_results/concatenated/25/SICP/1/GRASP_ancestors.fasta
    jobid: 22
    wildcards: taxon=25, method=SICP, rep=1

[Tue Feb  2 14:36:57 2021]
Finished job 22.
41 of 83 steps (49%) done
Select jobs to execute...

[Tue Feb  2 14:36:57 2021]
rule clean_indelible:
    input: indelible_output/50/N0_trees/1.nwk, indelible_output/50/concatenated/50_1.fasta
    output: indelible_output/50/cleaned_aln/1.fasta, indelible_output/50/concatenated/1.fasta, indelible_output/50/cleaned_trees/1.nwk, indelible_output/50/cleaned_N0_trees/1.nwk, indelible_output/50/cleaned_no_internal_trees/1.nwk
    jobid: 36
    wildcards: taxon=50, rep=1

[Tue Feb  2 14:36:59 2021]
Finished job 36.
42 of 83 steps (51%) done
Select jobs to execute...

[Tue Feb  2 14:36:59 2021]
rule run_fastml:
    input: indelible_output/50/cleaned_aln/1.fasta, indelible_output/50/cleaned_no_internal_trees/1.nwk
    output: fastml_results/50/1/seq.joint.txt, fastml_results/50/1/tree.newick.txt, fastml_results/50/1
    jobid: 73
    wildcards: taxon=50, rep=1

[Tue Feb  2 14:41:55 2021]
Finished job 73.
43 of 83 steps (52%) done
Select jobs to execute...

[Tue Feb  2 14:41:55 2021]
rule clean_fastml:
    input: fastml_results/50/1/seq.joint.txt, fastml_results/50/1/tree.newick.txt
    output: fastml_results/50/concatenated/1/FastML_ancestors.fasta, fastml_results/50/cleaned_N0_trees/1/tree.nwk
    jobid: 72
    wildcards: taxon=50, rep=1

[Tue Feb  2 14:41:57 2021]
Finished job 72.
44 of 83 steps (53%) done
Select jobs to execute...

[Tue Feb  2 14:41:57 2021]
rule get_indelible_dict:
    input: indelible_output/50/concatenated/1.fasta, indelible_output/50/cleaned_N0_trees/1.nwk
    output: indelible_dicts/50/leaves_1.p, indelible_dicts/50/gaps_1.p
    jobid: 41
    wildcards: taxon=50, rep=1

[Tue Feb  2 14:41:58 2021]
Finished job 41.
45 of 83 steps (54%) done
Select jobs to execute...

[Tue Feb  2 14:41:58 2021]
rule run_grasp:
    input: indelible_output/50/cleaned_aln/1.fasta, indelible_output/50/cleaned_N0_trees/1.nwk
    output: grasp_results/50/BEP/1, grasp_results/50/BEP/1/GRASP_ancestors.fasta, grasp_results/50/BEP/1/tree.nwk
    jobid: 35
    wildcards: taxon=50, method=BEP, rep=1

[Tue Feb  2 14:42:07 2021]
Finished job 35.
46 of 83 steps (55%) done
Select jobs to execute...

[Tue Feb  2 14:42:07 2021]
rule summarise_indels:
    input: grasp_results/25/SICP/1/tree.nwk, grasp_results/concatenated/25/SICP/1/GRASP_ancestors.fasta, indelible_output/25/cleaned_N0_trees/1.nwk, indelible_output/25/concatenated/1.fasta, indelible_dicts/25/leaves_1.p, indelible_dicts/25/gaps_1.p
    output: summaries/25/SICP/1.csv
    jobid: 20
    wildcards: taxon=25, method=SICP, rep=1

[Tue Feb  2 14:42:09 2021]
Finished job 20.
47 of 83 steps (57%) done
Select jobs to execute...

[Tue Feb  2 14:42:09 2021]
rule concat_summaries:
    input: summaries/25/SICP/1.csv, summaries/25/SICP/2.csv
    output: concatenated_summaries/25_SICP.csv
    jobid: 19
    wildcards: taxon=25, method=SICP

[Tue Feb  2 14:42:09 2021]
Finished job 19.
48 of 83 steps (58%) done
Select jobs to execute...

[Tue Feb  2 14:42:09 2021]
rule concat_fasta:
    input: indelible_output/50/cleaned_aln/1.fasta, grasp_results/50/BEP/1/GRASP_ancestors.fasta
    output: grasp_results/concatenated/50/BEP/1/GRASP_ancestors.fasta
    jobid: 40
    wildcards: taxon=50, method=BEP, rep=1

[Tue Feb  2 14:42:09 2021]
Finished job 40.
49 of 83 steps (59%) done
Select jobs to execute...

[Tue Feb  2 14:42:09 2021]
rule summarise_indels:
    input: grasp_results/50/BEP/1/tree.nwk, grasp_results/concatenated/50/BEP/1/GRASP_ancestors.fasta, indelible_output/50/cleaned_N0_trees/1.nwk, indelible_output/50/concatenated/1.fasta, indelible_dicts/50/leaves_1.p, indelible_dicts/50/gaps_1.p
    output: summaries/50/BEP/1.csv
    jobid: 34
    wildcards: taxon=50, method=BEP, rep=1

[Tue Feb  2 14:42:11 2021]
Finished job 34.
50 of 83 steps (60%) done
Select jobs to execute...

[Tue Feb  2 14:42:11 2021]
rule summarise_indelible:
    input: indelible_output/50/cleaned_N0_trees/1.nwk, indelible_output/50/concatenated/1.fasta, indelible_output/50/cleaned_N0_trees/1.nwk, indelible_output/50/concatenated/1.fasta, indelible_dicts/50/leaves_1.p, indelible_dicts/50/gaps_1.p
    output: indelible_summaries/50/1.csv
    jobid: 81
    wildcards: taxon=50, rep=1

[Tue Feb  2 14:42:12 2021]
Finished job 81.
51 of 83 steps (61%) done
Select jobs to execute...

[Tue Feb  2 14:42:12 2021]
rule run_grasp:
    input: indelible_output/50/cleaned_aln/1.fasta, indelible_output/50/cleaned_N0_trees/1.nwk
    output: grasp_results/50/SICP/1, grasp_results/50/SICP/1/GRASP_ancestors.fasta, grasp_results/50/SICP/1/tree.nwk
    jobid: 51
    wildcards: taxon=50, method=SICP, rep=1

[Tue Feb  2 14:42:19 2021]
Finished job 51.
52 of 83 steps (63%) done
Select jobs to execute...

[Tue Feb  2 14:42:19 2021]
rule summarise_fastml_indels:
    input: fastml_results/50/concatenated/1/FastML_ancestors.fasta, fastml_results/50/cleaned_N0_trees/1/tree.nwk, indelible_output/50/cleaned_N0_trees/1.nwk, indelible_output/50/concatenated/1.fasta, indelible_dicts/50/leaves_1.p, indelible_dicts/50/gaps_1.p
    output: fastml_summaries/50/fastml/1.csv
    jobid: 71
    wildcards: taxon=50, rep=1

[Tue Feb  2 14:42:20 2021]
Finished job 71.
53 of 83 steps (64%) done
Select jobs to execute...

[Tue Feb  2 14:42:20 2021]
rule concat_fasta:
    input: indelible_output/50/cleaned_aln/1.fasta, grasp_results/50/SICP/1/GRASP_ancestors.fasta
    output: grasp_results/concatenated/50/SICP/1/GRASP_ancestors.fasta
    jobid: 52
    wildcards: taxon=50, method=SICP, rep=1

[Tue Feb  2 14:42:20 2021]
Finished job 52.
54 of 83 steps (65%) done
Select jobs to execute...

[Tue Feb  2 14:42:20 2021]
rule summarise_indels:
    input: grasp_results/25/BEP/1/tree.nwk, grasp_results/concatenated/25/BEP/1/GRASP_ancestors.fasta, indelible_output/25/cleaned_N0_trees/1.nwk, indelible_output/25/concatenated/1.fasta, indelible_dicts/25/leaves_1.p, indelible_dicts/25/gaps_1.p
    output: summaries/25/BEP/1.csv
    jobid: 4
    wildcards: taxon=25, method=BEP, rep=1

[Tue Feb  2 14:42:21 2021]
Finished job 4.
55 of 83 steps (66%) done
Select jobs to execute...

[Tue Feb  2 14:42:21 2021]
rule clean_indelible:
    input: indelible_output/50/N0_trees/2.nwk, indelible_output/50/concatenated/50_2.fasta
    output: indelible_output/50/cleaned_aln/2.fasta, indelible_output/50/concatenated/2.fasta, indelible_output/50/cleaned_trees/2.nwk, indelible_output/50/cleaned_N0_trees/2.nwk, indelible_output/50/cleaned_no_internal_trees/2.nwk
    jobid: 44
    wildcards: taxon=50, rep=2

[Tue Feb  2 14:42:23 2021]
Finished job 44.
56 of 83 steps (67%) done
Select jobs to execute...

[Tue Feb  2 14:42:23 2021]
rule concat_summaries:
    input: summaries/25/BEP/1.csv, summaries/25/BEP/2.csv
    output: concatenated_summaries/25_BEP.csv
    jobid: 3
    wildcards: taxon=25, method=BEP

[Tue Feb  2 14:42:23 2021]
Finished job 3.
57 of 83 steps (69%) done
Select jobs to execute...

[Tue Feb  2 14:42:23 2021]
rule run_grasp:
    input: indelible_output/50/cleaned_aln/2.fasta, indelible_output/50/cleaned_N0_trees/2.nwk
    output: grasp_results/50/SICML/2, grasp_results/50/SICML/2/GRASP_ancestors.fasta, grasp_results/50/SICML/2/tree.nwk
    jobid: 61
    wildcards: taxon=50, method=SICML, rep=2

[Tue Feb  2 14:42:29 2021]
Finished job 61.
58 of 83 steps (70%) done
Select jobs to execute...

[Tue Feb  2 14:42:29 2021]
rule summarise_indels:
    input: grasp_results/50/SICP/1/tree.nwk, grasp_results/concatenated/50/SICP/1/GRASP_ancestors.fasta, indelible_output/50/cleaned_N0_trees/1.nwk, indelible_output/50/concatenated/1.fasta, indelible_dicts/50/leaves_1.p, indelible_dicts/50/gaps_1.p
    output: summaries/50/SICP/1.csv
    jobid: 50
    wildcards: taxon=50, method=SICP, rep=1

[Tue Feb  2 14:42:31 2021]
Finished job 50.
59 of 83 steps (71%) done
Select jobs to execute...

[Tue Feb  2 14:42:31 2021]
rule get_indelible_dict:
    input: indelible_output/50/concatenated/2.fasta, indelible_output/50/cleaned_N0_trees/2.nwk
    output: indelible_dicts/50/leaves_2.p, indelible_dicts/50/gaps_2.p
    jobid: 48
    wildcards: taxon=50, rep=2

[Tue Feb  2 14:42:32 2021]
Finished job 48.
60 of 83 steps (72%) done
Select jobs to execute...

[Tue Feb  2 14:42:32 2021]
rule concat_fasta:
    input: indelible_output/50/cleaned_aln/2.fasta, grasp_results/50/SICML/2/GRASP_ancestors.fasta
    output: grasp_results/concatenated/50/SICML/2/GRASP_ancestors.fasta
    jobid: 62
    wildcards: taxon=50, method=SICML, rep=2

[Tue Feb  2 14:42:32 2021]
Finished job 62.
61 of 83 steps (73%) done
Select jobs to execute...

[Tue Feb  2 14:42:32 2021]
rule run_fastml:
    input: indelible_output/50/cleaned_aln/2.fasta, indelible_output/50/cleaned_no_internal_trees/2.nwk
    output: fastml_results/50/2/seq.joint.txt, fastml_results/50/2/tree.newick.txt, fastml_results/50/2
    jobid: 76
    wildcards: taxon=50, rep=2

[Tue Feb  2 14:47:55 2021]
Finished job 76.
62 of 83 steps (75%) done
Select jobs to execute...

[Tue Feb  2 14:47:55 2021]
rule run_grasp:
    input: indelible_output/50/cleaned_aln/2.fasta, indelible_output/50/cleaned_N0_trees/2.nwk
    output: grasp_results/50/SICP/2, grasp_results/50/SICP/2/GRASP_ancestors.fasta, grasp_results/50/SICP/2/tree.nwk
    jobid: 54
    wildcards: taxon=50, method=SICP, rep=2

[Tue Feb  2 14:48:02 2021]
Finished job 54.
63 of 83 steps (76%) done
Select jobs to execute...

[Tue Feb  2 14:48:02 2021]
rule concat_fasta:
    input: indelible_output/50/cleaned_aln/2.fasta, grasp_results/50/SICP/2/GRASP_ancestors.fasta
    output: grasp_results/concatenated/50/SICP/2/GRASP_ancestors.fasta
    jobid: 55
    wildcards: taxon=50, method=SICP, rep=2

[Tue Feb  2 14:48:02 2021]
Finished job 55.
64 of 83 steps (77%) done
Select jobs to execute...

[Tue Feb  2 14:48:02 2021]
rule summarise_indels:
    input: grasp_results/50/SICP/2/tree.nwk, grasp_results/concatenated/50/SICP/2/GRASP_ancestors.fasta, indelible_output/50/cleaned_N0_trees/2.nwk, indelible_output/50/concatenated/2.fasta, indelible_dicts/50/leaves_2.p, indelible_dicts/50/gaps_2.p
    output: summaries/50/SICP/2.csv
    jobid: 53
    wildcards: taxon=50, method=SICP, rep=2

[Tue Feb  2 14:48:04 2021]
Finished job 53.
65 of 83 steps (78%) done
Select jobs to execute...

[Tue Feb  2 14:48:04 2021]
rule run_grasp:
    input: indelible_output/50/cleaned_aln/2.fasta, indelible_output/50/cleaned_N0_trees/2.nwk
    output: grasp_results/50/BEP/2, grasp_results/50/BEP/2/GRASP_ancestors.fasta, grasp_results/50/BEP/2/tree.nwk
    jobid: 43
    wildcards: taxon=50, method=BEP, rep=2

[Tue Feb  2 14:48:14 2021]
Finished job 43.
66 of 83 steps (80%) done
Select jobs to execute...

[Tue Feb  2 14:48:14 2021]
rule concat_fasta:
    input: indelible_output/50/cleaned_aln/2.fasta, grasp_results/50/BEP/2/GRASP_ancestors.fasta
    output: grasp_results/concatenated/50/BEP/2/GRASP_ancestors.fasta
    jobid: 47
    wildcards: taxon=50, method=BEP, rep=2

[Tue Feb  2 14:48:14 2021]
Finished job 47.
67 of 83 steps (81%) done
Select jobs to execute...

[Tue Feb  2 14:48:14 2021]
rule summarise_indels:
    input: grasp_results/50/BEP/2/tree.nwk, grasp_results/concatenated/50/BEP/2/GRASP_ancestors.fasta, indelible_output/50/cleaned_N0_trees/2.nwk, indelible_output/50/concatenated/2.fasta, indelible_dicts/50/leaves_2.p, indelible_dicts/50/gaps_2.p
    output: summaries/50/BEP/2.csv
    jobid: 42
    wildcards: taxon=50, method=BEP, rep=2

[Tue Feb  2 14:48:17 2021]
Finished job 42.
68 of 83 steps (82%) done
Select jobs to execute...

[Tue Feb  2 14:48:17 2021]
rule concat_summaries:
    input: summaries/50/BEP/1.csv, summaries/50/BEP/2.csv
    output: concatenated_summaries/50_BEP.csv
    jobid: 33
    wildcards: taxon=50, method=BEP

[Tue Feb  2 14:48:18 2021]
Finished job 33.
69 of 83 steps (83%) done
Select jobs to execute...

[Tue Feb  2 14:48:18 2021]
rule clean_fastml:
    input: fastml_results/50/2/seq.joint.txt, fastml_results/50/2/tree.newick.txt
    output: fastml_results/50/concatenated/2/FastML_ancestors.fasta, fastml_results/50/cleaned_N0_trees/2/tree.nwk
    jobid: 75
    wildcards: taxon=50, rep=2

[Tue Feb  2 14:48:19 2021]
Finished job 75.
70 of 83 steps (84%) done
Select jobs to execute...

[Tue Feb  2 14:48:19 2021]
rule summarise_indelible:
    input: indelible_output/50/cleaned_N0_trees/2.nwk, indelible_output/50/concatenated/2.fasta, indelible_output/50/cleaned_N0_trees/2.nwk, indelible_output/50/concatenated/2.fasta, indelible_dicts/50/leaves_2.p, indelible_dicts/50/gaps_2.p
    output: indelible_summaries/50/2.csv
    jobid: 82
    wildcards: taxon=50, rep=2

[Tue Feb  2 14:48:20 2021]
Finished job 82.
71 of 83 steps (86%) done
Select jobs to execute...

[Tue Feb  2 14:48:20 2021]
rule concat_indelible_summaries:
    input: indelible_summaries/50/1.csv, indelible_summaries/50/2.csv
    output: concatenated_indelible_summaries/50.csv
    jobid: 80
    wildcards: taxon=50

[Tue Feb  2 14:48:20 2021]
Finished job 80.
72 of 83 steps (87%) done
Select jobs to execute...

[Tue Feb  2 14:48:21 2021]
rule summarise_indels:
    input: grasp_results/50/SICML/2/tree.nwk, grasp_results/concatenated/50/SICML/2/GRASP_ancestors.fasta, indelible_output/50/cleaned_N0_trees/2.nwk, indelible_output/50/concatenated/2.fasta, indelible_dicts/50/leaves_2.p, indelible_dicts/50/gaps_2.p
    output: summaries/50/SICML/2.csv
    jobid: 60
    wildcards: taxon=50, method=SICML, rep=2

[Tue Feb  2 14:48:22 2021]
Finished job 60.
73 of 83 steps (88%) done
Select jobs to execute...

[Tue Feb  2 14:48:22 2021]
rule concat_summaries:
    input: summaries/50/SICP/1.csv, summaries/50/SICP/2.csv
    output: concatenated_summaries/50_SICP.csv
    jobid: 49
    wildcards: taxon=50, method=SICP

[Tue Feb  2 14:48:22 2021]
Finished job 49.
74 of 83 steps (89%) done
Select jobs to execute...

[Tue Feb  2 14:48:22 2021]
rule summarise_fastml_indels:
    input: fastml_results/50/concatenated/2/FastML_ancestors.fasta, fastml_results/50/cleaned_N0_trees/2/tree.nwk, indelible_output/50/cleaned_N0_trees/2.nwk, indelible_output/50/concatenated/2.fasta, indelible_dicts/50/leaves_2.p, indelible_dicts/50/gaps_2.p
    output: fastml_summaries/50/fastml/2.csv
    jobid: 74
    wildcards: taxon=50, rep=2

[Tue Feb  2 14:48:23 2021]
Finished job 74.
75 of 83 steps (90%) done
Select jobs to execute...

[Tue Feb  2 14:48:23 2021]
rule run_grasp:
    input: indelible_output/50/cleaned_aln/1.fasta, indelible_output/50/cleaned_N0_trees/1.nwk
    output: grasp_results/50/SICML/1, grasp_results/50/SICML/1/GRASP_ancestors.fasta, grasp_results/50/SICML/1/tree.nwk
    jobid: 58
    wildcards: taxon=50, method=SICML, rep=1

[Tue Feb  2 14:48:30 2021]
Finished job 58.
76 of 83 steps (92%) done
Select jobs to execute...

[Tue Feb  2 14:48:30 2021]
rule concat_fasta:
    input: indelible_output/50/cleaned_aln/1.fasta, grasp_results/50/SICML/1/GRASP_ancestors.fasta
    output: grasp_results/concatenated/50/SICML/1/GRASP_ancestors.fasta
    jobid: 59
    wildcards: taxon=50, method=SICML, rep=1

[Tue Feb  2 14:48:30 2021]
Finished job 59.
77 of 83 steps (93%) done
Select jobs to execute...

[Tue Feb  2 14:48:30 2021]
rule concat_fastml_summaries:
    input: fastml_summaries/50/fastml/1.csv, fastml_summaries/50/fastml/2.csv
    output: concatenated_fastml_summaries/50.csv
    jobid: 70
    wildcards: taxon=50

[Tue Feb  2 14:48:30 2021]
Finished job 70.
78 of 83 steps (94%) done
Select jobs to execute...

[Tue Feb  2 14:48:30 2021]
rule summarise_indels:
    input: grasp_results/50/SICML/1/tree.nwk, grasp_results/concatenated/50/SICML/1/GRASP_ancestors.fasta, indelible_output/50/cleaned_N0_trees/1.nwk, indelible_output/50/concatenated/1.fasta, indelible_dicts/50/leaves_1.p, indelible_dicts/50/gaps_1.p
    output: summaries/50/SICML/1.csv
    jobid: 57
    wildcards: taxon=50, method=SICML, rep=1

[Tue Feb  2 14:48:31 2021]
Finished job 57.
79 of 83 steps (95%) done
Select jobs to execute...

[Tue Feb  2 14:48:31 2021]
rule concat_summaries:
    input: summaries/50/SICML/1.csv, summaries/50/SICML/2.csv
    output: concatenated_summaries/50_SICML.csv
    jobid: 56
    wildcards: taxon=50, method=SICML

[Tue Feb  2 14:48:31 2021]
Finished job 56.
80 of 83 steps (96%) done
Select jobs to execute...

[Tue Feb  2 14:48:31 2021]
rule generate_output_dict:
    input: concatenated_summaries/25_BEP.csv, concatenated_summaries/25_SICP.csv, concatenated_summaries/25_SICML.csv, concatenated_summaries/50_BEP.csv, concatenated_summaries/50_SICP.csv, concatenated_summaries/50_SICML.csv, concatenated_fastml_summaries/25.csv, concatenated_fastml_summaries/50.csv, concatenated_indelible_summaries/25.csv, concatenated_indelible_summaries/50.csv
    output: output_dicts/output.p
    jobid: 2

[Tue Feb  2 14:48:37 2021]
Finished job 2.
81 of 83 steps (98%) done
Select jobs to execute...

[Tue Feb  2 14:48:37 2021]
rule generate_latex:
    input: output_dicts/output.p
    output: plots/plot.tex
    jobid: 1

[Tue Feb  2 14:48:37 2021]
Finished job 1.
82 of 83 steps (99%) done
Select jobs to execute...

[Tue Feb  2 14:48:38 2021]
rule compile_latex:
    input: plots/plot.tex
    output: plots/plot.pdf
    jobid: 0

[Tue Feb  2 14:48:41 2021]
Finished job 0.
83 of 83 steps (100%) done
Complete log: /Users/gabefoley/Dropbox/PhD/20210121_Indel_Evaluation_Project/Indel_Evaluation_Snakemake/.snakemake/log/2021-02-02T143352.796825.snakemake.log
