Building DAG of jobs...
Using shell: /bin/bash
Provided cores: 1 (use --cores to define parallelism)
Rules claiming more threads will be scaled down.
Job counts:
	count	jobs
	1	clean_fasta
	1	run_grasp
	2
Select jobs to execute...

[Thu Jan 28 09:32:21 2021]
rule clean_fasta:
    input: indelible_output/5/5_TRUE_1.fasta
    output: indelible_output/5/cleaned_aln/5_TRUE_1.fasta
    jobid: 1
    wildcards: taxon=5, rep=1

[Thu Jan 28 09:32:21 2021]
Finished job 1.
1 of 2 steps (50%) done
Select jobs to execute...

[Thu Jan 28 09:32:21 2021]
rule run_grasp:
    input: indelible_output/5/cleaned_aln/5_TRUE_1.fasta, indelible_output/5/cleaned_trees/5_tree_1.nwk
    output: grasp_results/5/5_output_1
    jobid: 0
    wildcards: taxon=5, rep=1

[Thu Jan 28 09:32:23 2021]
Finished job 0.
2 of 2 steps (100%) done
Complete log: /Users/gabefoley/Dropbox/PhD/20210121_Indel_Evaluation_Project/Indel_Evaluation_Snakemake/.snakemake/log/2021-01-28T093220.962812.snakemake.log
