Building DAG of jobs...
Using shell: /bin/bash
Provided cores: 2
Rules claiming more threads will be scaled down.
Job counts:
	count	jobs
	1	clean_fastml_ml
	1	clean_fastml_parsimony
	1	compile_latex
	10	concat_fasta
	2	concat_fastml__ml_summaries
	2	concat_fastml_summaries
	1	concat_indelible_summaries
	13	concat_summaries
	1	generate_latex
	1	generate_output_dict
	1	run_fastml
	10	run_grasp
	1	summarise_fastml_ml_indels
	2	summarise_fastml_parsimony_indels
	1	summarise_indelible
	11	summarise_indels
	59
Select jobs to execute...

[Fri Feb  5 15:28:40 2021]
rule run_grasp:
    input: indelible_output/100/cleaned_aln/1.fasta, indelible_output/100/cleaned_N0_trees/1.nwk
    output: grasp_results/100/BEML/1, grasp_results/100/BEML/1/GRASP_ancestors.fasta, grasp_results/100/BEML/1/tree.nwk
    jobid: 122
    wildcards: taxon=100, method=BEML, rep=1


[Fri Feb  5 15:28:40 2021]
rule run_grasp:
    input: indelible_output/100/cleaned_aln/1.fasta, indelible_output/100/cleaned_N0_trees/1.nwk
    output: grasp_results/100/BEP/1, grasp_results/100/BEP/1/GRASP_ancestors.fasta, grasp_results/100/BEP/1/tree.nwk
    jobid: 105
    wildcards: taxon=100, method=BEP, rep=1

[Fri Feb  5 15:28:42 2021]
Error in rule run_grasp:
    jobid: 122
    output: grasp_results/100/BEML/1, grasp_results/100/BEML/1/GRASP_ancestors.fasta, grasp_results/100/BEML/1/tree.nwk
    shell:
        grasp -aln indelible_output/100/cleaned_aln/1.fasta -nwk indelible_output/100/cleaned_N0_trees/1.nwk -model LG -out grasp_results/100/BEML/1 -savetree grasp_results/100/BEML/1  -indel BEML -inf joint -gap
        (one of the commands exited with non-zero exit code; note that snakemake uses bash strict mode!)

Removing output files of failed job run_grasp since they might be corrupted:
grasp_results/100/BEML/1
Terminating processes on user request, this might take some time.
[Fri Feb  5 15:28:48 2021]
Error in rule run_grasp:
    jobid: 105
    output: grasp_results/100/BEP/1, grasp_results/100/BEP/1/GRASP_ancestors.fasta, grasp_results/100/BEP/1/tree.nwk
    shell:
        grasp -aln indelible_output/100/cleaned_aln/1.fasta -nwk indelible_output/100/cleaned_N0_trees/1.nwk -model LG -out grasp_results/100/BEP/1 -savetree grasp_results/100/BEP/1  -indel BEP -inf joint -gap
        (one of the commands exited with non-zero exit code; note that snakemake uses bash strict mode!)

Removing output files of failed job run_grasp since they might be corrupted:
grasp_results/100/BEP/1
Complete log: /Users/gabefoley/Dropbox/PhD/20210121_Indel_Evaluation_Project/Indel_Evaluation_Snakemake/.snakemake/log/2021-02-05T152840.430948.snakemake.log
