Building DAG of jobs...
Using shell: /bin/bash
Provided cores: 1 (use --cores to define parallelism)
Rules claiming more threads will be scaled down.
Job counts:
	count	jobs
	2	clean_indelible
	6	concat_fasta
	2	concat_indelible
	3	concat_summaries
	1	create_control_files
	1	create_plots
	6	run_grasp
	2	run_indelible
	6	summarise_indels
	29
Select jobs to execute...

[Sun Jan 31 18:27:08 2021]
rule create_control_files:
    output: indelible/6_control.txt
    jobid: 6
    wildcards: taxon=6

[Sun Jan 31 18:27:08 2021]
Finished job 6.
1 of 29 steps (3%) done
Select jobs to execute...

[Sun Jan 31 18:27:09 2021]
rule run_indelible:
    input: indelible/6_control.txt
    output: indelible_output/6/trees/1.nwk, indelible_output/6/6_TRUE_1.fasta, indelible_output/6/6_ANCESTRAL_1.fasta, indelible_output/6/N0_trees/1.nwk
    jobid: 5
    wildcards: taxon=6, rep=1

[Sun Jan 31 18:27:09 2021]
Finished job 5.
2 of 29 steps (7%) done
Select jobs to execute...

[Sun Jan 31 18:27:09 2021]
rule concat_indelible:
    input: indelible_output/6/6_TRUE_1.fasta, indelible_output/6/6_ANCESTRAL_1.fasta
    output: indelible_output/6/concatenated/6_1.fasta
    jobid: 7
    wildcards: taxon=6, rep=1

[Sun Jan 31 18:27:09 2021]
Finished job 7.
3 of 29 steps (10%) done
Select jobs to execute...

[Sun Jan 31 18:27:09 2021]
rule clean_indelible:
    input: indelible_output/6/N0_trees/1.nwk, indelible_output/6/concatenated/6_1.fasta
    output: indelible_output/6/cleaned_aln/1.fasta, indelible_output/6/concatenated/1.fasta, indelible_output/6/cleaned_N0_trees/1.nwk
    jobid: 4
    wildcards: taxon=6, rep=1

[Sun Jan 31 18:27:10 2021]
Finished job 4.
4 of 29 steps (14%) done
Select jobs to execute...

[Sun Jan 31 18:27:10 2021]
rule run_indelible:
    input: indelible/6_control.txt
    output: indelible_output/6/trees/2.nwk, indelible_output/6/6_TRUE_2.fasta, indelible_output/6/6_ANCESTRAL_2.fasta, indelible_output/6/N0_trees/2.nwk
    jobid: 12
    wildcards: taxon=6, rep=2

Warning: the following output files of rule run_indelible were not present when the DAG was created:
{'indelible_output/6/N0_trees/2.nwk', 'indelible_output/6/6_TRUE_2.fasta', 'indelible_output/6/6_ANCESTRAL_2.fasta'}
[Sun Jan 31 18:27:10 2021]
Finished job 12.
5 of 29 steps (17%) done
Select jobs to execute...

[Sun Jan 31 18:27:10 2021]
rule concat_indelible:
    input: indelible_output/6/6_TRUE_2.fasta, indelible_output/6/6_ANCESTRAL_2.fasta
    output: indelible_output/6/concatenated/6_2.fasta
    jobid: 13
    wildcards: taxon=6, rep=2

[Sun Jan 31 18:27:10 2021]
Finished job 13.
6 of 29 steps (21%) done
Select jobs to execute...

[Sun Jan 31 18:27:11 2021]
rule clean_indelible:
    input: indelible_output/6/N0_trees/2.nwk, indelible_output/6/concatenated/6_2.fasta
    output: indelible_output/6/cleaned_aln/2.fasta, indelible_output/6/concatenated/2.fasta, indelible_output/6/cleaned_N0_trees/2.nwk
    jobid: 11
    wildcards: taxon=6, rep=2

[Sun Jan 31 18:27:11 2021]
Finished job 11.
7 of 29 steps (24%) done
Select jobs to execute...

[Sun Jan 31 18:27:11 2021]
rule run_grasp:
    input: indelible_output/6/cleaned_aln/1.fasta, indelible_output/6/cleaned_N0_trees/1.nwk
    output: grasp_results/6/SICML/1, grasp_results/6/SICML/1/GRASP_ancestors.fasta, grasp_results/6/SICML/1/tree.nwk
    jobid: 24
    wildcards: taxon=6, method=SICML, rep=1

[Sun Jan 31 18:27:12 2021]
Finished job 24.
8 of 29 steps (28%) done
Select jobs to execute...

[Sun Jan 31 18:27:12 2021]
rule run_grasp:
    input: indelible_output/6/cleaned_aln/1.fasta, indelible_output/6/cleaned_N0_trees/1.nwk
    output: grasp_results/6/SICP/1, grasp_results/6/SICP/1/GRASP_ancestors.fasta, grasp_results/6/SICP/1/tree.nwk
    jobid: 17
    wildcards: taxon=6, method=SICP, rep=1

[Sun Jan 31 18:27:12 2021]
Finished job 17.
9 of 29 steps (31%) done
Select jobs to execute...

[Sun Jan 31 18:27:12 2021]
rule concat_fasta:
    input: indelible_output/6/cleaned_aln/1.fasta, grasp_results/6/SICP/1/GRASP_ancestors.fasta
    output: grasp_results/concatenated/6/SICP/1/GRASP_ancestors.fasta
    jobid: 18
    wildcards: taxon=6, method=SICP, rep=1

[Sun Jan 31 18:27:12 2021]
Finished job 18.
10 of 29 steps (34%) done
Select jobs to execute...

[Sun Jan 31 18:27:12 2021]
rule summarise_indels:
    input: grasp_results/6/SICP/1/tree.nwk, grasp_results/concatenated/6/SICP/1/GRASP_ancestors.fasta, indelible_output/6/cleaned_N0_trees/1.nwk, indelible_output/6/concatenated/1.fasta
    output: summaries/6/SICP/1.csv
    jobid: 16
    wildcards: taxon=6, method=SICP, rep=1

[Sun Jan 31 18:27:13 2021]
Finished job 16.
11 of 29 steps (38%) done
Select jobs to execute...

[Sun Jan 31 18:27:13 2021]
rule run_grasp:
    input: indelible_output/6/cleaned_aln/2.fasta, indelible_output/6/cleaned_N0_trees/2.nwk
    output: grasp_results/6/SICML/2, grasp_results/6/SICML/2/GRASP_ancestors.fasta, grasp_results/6/SICML/2/tree.nwk
    jobid: 27
    wildcards: taxon=6, method=SICML, rep=2

[Sun Jan 31 18:27:13 2021]
Finished job 27.
12 of 29 steps (41%) done
Select jobs to execute...

[Sun Jan 31 18:27:13 2021]
rule concat_fasta:
    input: indelible_output/6/cleaned_aln/2.fasta, grasp_results/6/SICML/2/GRASP_ancestors.fasta
    output: grasp_results/concatenated/6/SICML/2/GRASP_ancestors.fasta
    jobid: 28
    wildcards: taxon=6, method=SICML, rep=2

[Sun Jan 31 18:27:13 2021]
Finished job 28.
13 of 29 steps (45%) done
Select jobs to execute...

[Sun Jan 31 18:27:13 2021]
rule summarise_indels:
    input: grasp_results/6/SICML/2/tree.nwk, grasp_results/concatenated/6/SICML/2/GRASP_ancestors.fasta, indelible_output/6/cleaned_N0_trees/2.nwk, indelible_output/6/concatenated/2.fasta
    output: summaries/6/SICML/2.csv
    jobid: 26
    wildcards: taxon=6, method=SICML, rep=2

[Sun Jan 31 18:27:14 2021]
Finished job 26.
14 of 29 steps (48%) done
Select jobs to execute...

[Sun Jan 31 18:27:14 2021]
rule run_grasp:
    input: indelible_output/6/cleaned_aln/2.fasta, indelible_output/6/cleaned_N0_trees/2.nwk
    output: grasp_results/6/BEP/2, grasp_results/6/BEP/2/GRASP_ancestors.fasta, grasp_results/6/BEP/2/tree.nwk
    jobid: 10
    wildcards: taxon=6, method=BEP, rep=2

[Sun Jan 31 18:27:14 2021]
Finished job 10.
15 of 29 steps (52%) done
Select jobs to execute...

[Sun Jan 31 18:27:14 2021]
rule concat_fasta:
    input: indelible_output/6/cleaned_aln/1.fasta, grasp_results/6/SICML/1/GRASP_ancestors.fasta
    output: grasp_results/concatenated/6/SICML/1/GRASP_ancestors.fasta
    jobid: 25
    wildcards: taxon=6, method=SICML, rep=1

[Sun Jan 31 18:27:14 2021]
Finished job 25.
16 of 29 steps (55%) done
Select jobs to execute...

[Sun Jan 31 18:27:14 2021]
rule summarise_indels:
    input: grasp_results/6/SICML/1/tree.nwk, grasp_results/concatenated/6/SICML/1/GRASP_ancestors.fasta, indelible_output/6/cleaned_N0_trees/1.nwk, indelible_output/6/concatenated/1.fasta
    output: summaries/6/SICML/1.csv
    jobid: 23
    wildcards: taxon=6, method=SICML, rep=1

[Sun Jan 31 18:27:15 2021]
Finished job 23.
17 of 29 steps (59%) done
Select jobs to execute...

[Sun Jan 31 18:27:15 2021]
rule run_grasp:
    input: indelible_output/6/cleaned_aln/1.fasta, indelible_output/6/cleaned_N0_trees/1.nwk
    output: grasp_results/6/BEP/1, grasp_results/6/BEP/1/GRASP_ancestors.fasta, grasp_results/6/BEP/1/tree.nwk
    jobid: 3
    wildcards: taxon=6, method=BEP, rep=1

[Sun Jan 31 18:27:15 2021]
Finished job 3.
18 of 29 steps (62%) done
Select jobs to execute...

[Sun Jan 31 18:27:15 2021]
rule concat_fasta:
    input: indelible_output/6/cleaned_aln/1.fasta, grasp_results/6/BEP/1/GRASP_ancestors.fasta
    output: grasp_results/concatenated/6/BEP/1/GRASP_ancestors.fasta
    jobid: 8
    wildcards: taxon=6, method=BEP, rep=1

[Sun Jan 31 18:27:15 2021]
Finished job 8.
19 of 29 steps (66%) done
Select jobs to execute...

[Sun Jan 31 18:27:15 2021]
rule summarise_indels:
    input: grasp_results/6/BEP/1/tree.nwk, grasp_results/concatenated/6/BEP/1/GRASP_ancestors.fasta, indelible_output/6/cleaned_N0_trees/1.nwk, indelible_output/6/concatenated/1.fasta
    output: summaries/6/BEP/1.csv
    jobid: 2
    wildcards: taxon=6, method=BEP, rep=1

[Sun Jan 31 18:27:16 2021]
Finished job 2.
20 of 29 steps (69%) done
Select jobs to execute...

[Sun Jan 31 18:27:16 2021]
rule run_grasp:
    input: indelible_output/6/cleaned_aln/2.fasta, indelible_output/6/cleaned_N0_trees/2.nwk
    output: grasp_results/6/SICP/2, grasp_results/6/SICP/2/GRASP_ancestors.fasta, grasp_results/6/SICP/2/tree.nwk
    jobid: 20
    wildcards: taxon=6, method=SICP, rep=2

[Sun Jan 31 18:27:16 2021]
Finished job 20.
21 of 29 steps (72%) done
Select jobs to execute...

[Sun Jan 31 18:27:16 2021]
rule concat_fasta:
    input: indelible_output/6/cleaned_aln/2.fasta, grasp_results/6/BEP/2/GRASP_ancestors.fasta
    output: grasp_results/concatenated/6/BEP/2/GRASP_ancestors.fasta
    jobid: 14
    wildcards: taxon=6, method=BEP, rep=2

[Sun Jan 31 18:27:16 2021]
Finished job 14.
22 of 29 steps (76%) done
Select jobs to execute...

[Sun Jan 31 18:27:16 2021]
rule summarise_indels:
    input: grasp_results/6/BEP/2/tree.nwk, grasp_results/concatenated/6/BEP/2/GRASP_ancestors.fasta, indelible_output/6/cleaned_N0_trees/2.nwk, indelible_output/6/concatenated/2.fasta
    output: summaries/6/BEP/2.csv
    jobid: 9
    wildcards: taxon=6, method=BEP, rep=2

[Sun Jan 31 18:27:17 2021]
Finished job 9.
23 of 29 steps (79%) done
Select jobs to execute...

[Sun Jan 31 18:27:17 2021]
rule concat_summaries:
    input: summaries/6/SICML/1.csv, summaries/6/SICML/2.csv
    output: concatenated_summaries/6_SICML.csv
    jobid: 22
    wildcards: taxon=6, method=SICML

[Sun Jan 31 18:27:17 2021]
Finished job 22.
24 of 29 steps (83%) done
Select jobs to execute...

[Sun Jan 31 18:27:17 2021]
rule concat_summaries:
    input: summaries/6/BEP/1.csv, summaries/6/BEP/2.csv
    output: concatenated_summaries/6_BEP.csv
    jobid: 1
    wildcards: taxon=6, method=BEP

[Sun Jan 31 18:27:17 2021]
Finished job 1.
25 of 29 steps (86%) done
Select jobs to execute...

[Sun Jan 31 18:27:17 2021]
rule concat_fasta:
    input: indelible_output/6/cleaned_aln/2.fasta, grasp_results/6/SICP/2/GRASP_ancestors.fasta
    output: grasp_results/concatenated/6/SICP/2/GRASP_ancestors.fasta
    jobid: 21
    wildcards: taxon=6, method=SICP, rep=2

[Sun Jan 31 18:27:17 2021]
Finished job 21.
26 of 29 steps (90%) done
Select jobs to execute...

[Sun Jan 31 18:27:17 2021]
rule summarise_indels:
    input: grasp_results/6/SICP/2/tree.nwk, grasp_results/concatenated/6/SICP/2/GRASP_ancestors.fasta, indelible_output/6/cleaned_N0_trees/2.nwk, indelible_output/6/concatenated/2.fasta
    output: summaries/6/SICP/2.csv
    jobid: 19
    wildcards: taxon=6, method=SICP, rep=2

[Sun Jan 31 18:27:17 2021]
Finished job 19.
27 of 29 steps (93%) done
Select jobs to execute...

[Sun Jan 31 18:27:18 2021]
rule concat_summaries:
    input: summaries/6/SICP/1.csv, summaries/6/SICP/2.csv
    output: concatenated_summaries/6_SICP.csv
    jobid: 15
    wildcards: taxon=6, method=SICP

[Sun Jan 31 18:27:18 2021]
Finished job 15.
28 of 29 steps (97%) done
Select jobs to execute...

[Sun Jan 31 18:27:18 2021]
rule create_plots:
    input: concatenated_summaries/6_BEP.csv, concatenated_summaries/6_SICP.csv, concatenated_summaries/6_SICML.csv
    output: plots/plot.png
    jobid: 0

[Sun Jan 31 18:27:19 2021]
Finished job 0.
29 of 29 steps (100%) done
Complete log: /Users/gabefoley/Dropbox/PhD/20210121_Indel_Evaluation_Project/Indel_Evaluation_Snakemake/.snakemake/log/2021-01-31T182708.535908.snakemake.log
