Building DAG of jobs...
Using shell: /bin/bash
Provided cores: 1 (use --cores to define parallelism)
Rules claiming more threads will be scaled down.
Job counts:
	count	jobs
	4	clean_indelible
	1	compile_latex
	24	concat_fasta
	4	concat_indelible
	2	concat_indelible_summaries
	12	concat_summaries
	2	create_control_files
	1	generate_latex
	1	generate_output_dict
	4	get_indelible_dict
	24	run_grasp
	4	run_indelible
	4	summarise_indelible
	24	summarise_indels
	111
Select jobs to execute...

[Wed Feb 17 10:55:35 2021]
rule create_control_files:
    output: indelible/10_control.txt
    jobid: 59
    wildcards: taxon=10

[Wed Feb 17 10:55:35 2021]
Finished job 59.
1 of 111 steps (0.90%) done
Select jobs to execute...

[Wed Feb 17 10:55:35 2021]
rule create_control_files:
    output: indelible/5_control.txt
    jobid: 8
    wildcards: taxon=5

[Wed Feb 17 10:55:35 2021]
Finished job 8.
2 of 111 steps (2%) done
Select jobs to execute...

[Wed Feb 17 10:55:35 2021]
rule run_indelible:
    input: indelible/10_control.txt
    output: indelible_output/10/trees/2.nwk, indelible_output/10/10_TRUE_2.fasta, indelible_output/10/10_ANCESTRAL_2.fasta, indelible_output/10/N0_trees/2.nwk
    jobid: 66
    wildcards: taxon=10, rep=2

[Wed Feb 17 10:55:37 2021]
Finished job 66.
3 of 111 steps (3%) done
Select jobs to execute...

[Wed Feb 17 10:55:37 2021]
rule concat_indelible:
    input: indelible_output/10/10_TRUE_2.fasta, indelible_output/10/10_ANCESTRAL_2.fasta
    output: indelible_output/10/concatenated/10_2.fasta
    jobid: 67
    wildcards: taxon=10, rep=2

[Wed Feb 17 10:55:37 2021]
Finished job 67.
4 of 111 steps (4%) done
Select jobs to execute...

[Wed Feb 17 10:55:37 2021]
rule run_indelible:
    input: indelible/5_control.txt
    output: indelible_output/5/trees/1.nwk, indelible_output/5/5_TRUE_1.fasta, indelible_output/5/5_ANCESTRAL_1.fasta, indelible_output/5/N0_trees/1.nwk
    jobid: 7
    wildcards: taxon=5, rep=1

[Wed Feb 17 10:55:38 2021]
Finished job 7.
5 of 111 steps (5%) done
Select jobs to execute...

[Wed Feb 17 10:55:38 2021]
rule concat_indelible:
    input: indelible_output/5/5_TRUE_1.fasta, indelible_output/5/5_ANCESTRAL_1.fasta
    output: indelible_output/5/concatenated/5_1.fasta
    jobid: 9
    wildcards: taxon=5, rep=1

[Wed Feb 17 10:55:38 2021]
Finished job 9.
6 of 111 steps (5%) done
Select jobs to execute...

[Wed Feb 17 10:55:38 2021]
rule run_indelible:
    input: indelible/10_control.txt
    output: indelible_output/10/trees/1.nwk, indelible_output/10/10_TRUE_1.fasta, indelible_output/10/10_ANCESTRAL_1.fasta, indelible_output/10/N0_trees/1.nwk
    jobid: 58
    wildcards: taxon=10, rep=1

Warning: the following output files of rule run_indelible were not present when the DAG was created:
{'indelible_output/10/10_ANCESTRAL_1.fasta', 'indelible_output/10/N0_trees/1.nwk', 'indelible_output/10/10_TRUE_1.fasta'}
[Wed Feb 17 10:55:39 2021]
Finished job 58.
7 of 111 steps (6%) done
Select jobs to execute...

[Wed Feb 17 10:55:39 2021]
rule run_indelible:
    input: indelible/5_control.txt
    output: indelible_output/5/trees/2.nwk, indelible_output/5/5_TRUE_2.fasta, indelible_output/5/5_ANCESTRAL_2.fasta, indelible_output/5/N0_trees/2.nwk
    jobid: 15
    wildcards: taxon=5, rep=2

Warning: the following output files of rule run_indelible were not present when the DAG was created:
{'indelible_output/5/5_TRUE_2.fasta', 'indelible_output/5/5_ANCESTRAL_2.fasta', 'indelible_output/5/N0_trees/2.nwk'}
[Wed Feb 17 10:55:40 2021]
Finished job 15.
8 of 111 steps (7%) done
Select jobs to execute...

[Wed Feb 17 10:55:40 2021]
rule clean_indelible:
    input: indelible_output/10/N0_trees/2.nwk, indelible_output/10/concatenated/10_2.fasta
    output: indelible_output/10/cleaned_aln/2.fasta, indelible_output/10/concatenated/2.fasta, indelible_output/10/cleaned_trees/2.nwk, indelible_output/10/cleaned_N0_trees/2.nwk, indelible_output/10/cleaned_no_internal_trees/2.nwk
    jobid: 65
    wildcards: taxon=10, rep=2

[Wed Feb 17 10:55:41 2021]
Finished job 65.
9 of 111 steps (8%) done
Select jobs to execute...

[Wed Feb 17 10:55:41 2021]
rule run_grasp:
    input: indelible_output/10/cleaned_aln/2.fasta, indelible_output/10/cleaned_N0_trees/2.nwk
    output: grasp_results/10/PSML/2, grasp_results/10/PSML/2/GRASP_ancestors.fasta, grasp_results/10/PSML/2/tree.nwk
    jobid: 103
    wildcards: taxon=10, method=PSML, rep=2

[Wed Feb 17 10:55:41 2021]
Error in rule run_grasp:
    jobid: 103
    output: grasp_results/10/PSML/2, grasp_results/10/PSML/2/GRASP_ancestors.fasta, grasp_results/10/PSML/2/tree.nwk
    shell:
        grasp -aln indelible_output/10/cleaned_aln/2.fasta -nwk indelible_output/10/cleaned_N0_trees/2.nwk -model LG -out grasp_results/10/PSML/2 -savetree grasp_results/10/PSML/2  -indel PSML -inf joint -gap
        (one of the commands exited with non-zero exit code; note that snakemake uses bash strict mode!)

Removing output files of failed job run_grasp since they might be corrupted:
grasp_results/10/PSML/2
Shutting down, this might take some time.
Exiting because a job execution failed. Look above for error message
Complete log: /Users/gabefoley/Dropbox/PhD/20210121_Indel_Evaluation_Project/Indel_Evaluation_Snakemake/.snakemake/log/2021-02-17T105534.875809.snakemake.log
