Building DAG of jobs...
File path grasp_results/4/ancestors/BEP/4_output_1//GRASP_ancestors.fasta contains double '/'. This is likely unintended. It can also lead to inconsistent results of the file-matching approach used by Snakemake.
File path indelible_output/4/cleaned_aln/4_TRUE_1//GRASP_ancestors.fasta.fasta contains double '/'. This is likely unintended. It can also lead to inconsistent results of the file-matching approach used by Snakemake.
File path indelible_output/4/cleaned_trees/4_tree_1//GRASP_ancestors.fasta.nwk contains double '/'. This is likely unintended. It can also lead to inconsistent results of the file-matching approach used by Snakemake.
File path grasp_results/4/ancestors/BEP/4_output_1//GRASP_ancestors.fasta contains double '/'. This is likely unintended. It can also lead to inconsistent results of the file-matching approach used by Snakemake.
File path grasp_results/4/ancestors/BEP/4_output_1//GRASP_ancestors.fasta/tree.nwk contains double '/'. This is likely unintended. It can also lead to inconsistent results of the file-matching approach used by Snakemake.
File path indelible_output/4/4_TRUE_1//GRASP_ancestors.fasta.fasta contains double '/'. This is likely unintended. It can also lead to inconsistent results of the file-matching approach used by Snakemake.
File path indelible_output/4/cleaned_aln/4_TRUE_1//GRASP_ancestors.fasta.fasta contains double '/'. This is likely unintended. It can also lead to inconsistent results of the file-matching approach used by Snakemake.
File path indelible_output/4/cleaned_trees/4_tree_1//GRASP_ancestors.fasta.nwk contains double '/'. This is likely unintended. It can also lead to inconsistent results of the file-matching approach used by Snakemake.
File path indelible_output/4/4_TRUE_1//GRASP_ancestors.fasta.fasta contains double '/'. This is likely unintended. It can also lead to inconsistent results of the file-matching approach used by Snakemake.
File path grasp_results/4/ancestors/BEP/4_output_2//GRASP_ancestors.fasta contains double '/'. This is likely unintended. It can also lead to inconsistent results of the file-matching approach used by Snakemake.
File path indelible_output/4/cleaned_aln/4_TRUE_2//GRASP_ancestors.fasta.fasta contains double '/'. This is likely unintended. It can also lead to inconsistent results of the file-matching approach used by Snakemake.
File path indelible_output/4/cleaned_trees/4_tree_2//GRASP_ancestors.fasta.nwk contains double '/'. This is likely unintended. It can also lead to inconsistent results of the file-matching approach used by Snakemake.
File path grasp_results/4/ancestors/BEP/4_output_2//GRASP_ancestors.fasta contains double '/'. This is likely unintended. It can also lead to inconsistent results of the file-matching approach used by Snakemake.
File path grasp_results/4/ancestors/BEP/4_output_2//GRASP_ancestors.fasta/tree.nwk contains double '/'. This is likely unintended. It can also lead to inconsistent results of the file-matching approach used by Snakemake.
File path indelible_output/4/4_TRUE_2//GRASP_ancestors.fasta.fasta contains double '/'. This is likely unintended. It can also lead to inconsistent results of the file-matching approach used by Snakemake.
File path indelible_output/4/cleaned_aln/4_TRUE_2//GRASP_ancestors.fasta.fasta contains double '/'. This is likely unintended. It can also lead to inconsistent results of the file-matching approach used by Snakemake.
File path indelible_output/4/cleaned_trees/4_tree_2//GRASP_ancestors.fasta.nwk contains double '/'. This is likely unintended. It can also lead to inconsistent results of the file-matching approach used by Snakemake.
File path indelible_output/4/4_TRUE_2//GRASP_ancestors.fasta.fasta contains double '/'. This is likely unintended. It can also lead to inconsistent results of the file-matching approach used by Snakemake.
File path grasp_results/4/ancestors/SICP/4_output_1//GRASP_ancestors.fasta contains double '/'. This is likely unintended. It can also lead to inconsistent results of the file-matching approach used by Snakemake.
File path indelible_output/4/cleaned_aln/4_TRUE_1//GRASP_ancestors.fasta.fasta contains double '/'. This is likely unintended. It can also lead to inconsistent results of the file-matching approach used by Snakemake.
File path indelible_output/4/cleaned_trees/4_tree_1//GRASP_ancestors.fasta.nwk contains double '/'. This is likely unintended. It can also lead to inconsistent results of the file-matching approach used by Snakemake.
File path grasp_results/4/ancestors/SICP/4_output_1//GRASP_ancestors.fasta contains double '/'. This is likely unintended. It can also lead to inconsistent results of the file-matching approach used by Snakemake.
File path grasp_results/4/ancestors/SICP/4_output_1//GRASP_ancestors.fasta/tree.nwk contains double '/'. This is likely unintended. It can also lead to inconsistent results of the file-matching approach used by Snakemake.
File path grasp_results/4/ancestors/SICP/4_output_2//GRASP_ancestors.fasta contains double '/'. This is likely unintended. It can also lead to inconsistent results of the file-matching approach used by Snakemake.
File path indelible_output/4/cleaned_aln/4_TRUE_2//GRASP_ancestors.fasta.fasta contains double '/'. This is likely unintended. It can also lead to inconsistent results of the file-matching approach used by Snakemake.
File path indelible_output/4/cleaned_trees/4_tree_2//GRASP_ancestors.fasta.nwk contains double '/'. This is likely unintended. It can also lead to inconsistent results of the file-matching approach used by Snakemake.
File path grasp_results/4/ancestors/SICP/4_output_2//GRASP_ancestors.fasta contains double '/'. This is likely unintended. It can also lead to inconsistent results of the file-matching approach used by Snakemake.
File path grasp_results/4/ancestors/SICP/4_output_2//GRASP_ancestors.fasta/tree.nwk contains double '/'. This is likely unintended. It can also lead to inconsistent results of the file-matching approach used by Snakemake.
File path grasp_results/4/ancestors/SICML/4_output_1//GRASP_ancestors.fasta contains double '/'. This is likely unintended. It can also lead to inconsistent results of the file-matching approach used by Snakemake.
File path indelible_output/4/cleaned_aln/4_TRUE_1//GRASP_ancestors.fasta.fasta contains double '/'. This is likely unintended. It can also lead to inconsistent results of the file-matching approach used by Snakemake.
File path indelible_output/4/cleaned_trees/4_tree_1//GRASP_ancestors.fasta.nwk contains double '/'. This is likely unintended. It can also lead to inconsistent results of the file-matching approach used by Snakemake.
File path grasp_results/4/ancestors/SICML/4_output_1//GRASP_ancestors.fasta contains double '/'. This is likely unintended. It can also lead to inconsistent results of the file-matching approach used by Snakemake.
File path grasp_results/4/ancestors/SICML/4_output_1//GRASP_ancestors.fasta/tree.nwk contains double '/'. This is likely unintended. It can also lead to inconsistent results of the file-matching approach used by Snakemake.
File path grasp_results/4/ancestors/SICML/4_output_2//GRASP_ancestors.fasta contains double '/'. This is likely unintended. It can also lead to inconsistent results of the file-matching approach used by Snakemake.
File path indelible_output/4/cleaned_aln/4_TRUE_2//GRASP_ancestors.fasta.fasta contains double '/'. This is likely unintended. It can also lead to inconsistent results of the file-matching approach used by Snakemake.
File path indelible_output/4/cleaned_trees/4_tree_2//GRASP_ancestors.fasta.nwk contains double '/'. This is likely unintended. It can also lead to inconsistent results of the file-matching approach used by Snakemake.
File path grasp_results/4/ancestors/SICML/4_output_2//GRASP_ancestors.fasta contains double '/'. This is likely unintended. It can also lead to inconsistent results of the file-matching approach used by Snakemake.
File path grasp_results/4/ancestors/SICML/4_output_2//GRASP_ancestors.fasta/tree.nwk contains double '/'. This is likely unintended. It can also lead to inconsistent results of the file-matching approach used by Snakemake.
File path grasp_results/8/ancestors/BEP/8_output_1//GRASP_ancestors.fasta contains double '/'. This is likely unintended. It can also lead to inconsistent results of the file-matching approach used by Snakemake.
File path indelible_output/8/cleaned_aln/8_TRUE_1//GRASP_ancestors.fasta.fasta contains double '/'. This is likely unintended. It can also lead to inconsistent results of the file-matching approach used by Snakemake.
File path indelible_output/8/cleaned_trees/8_tree_1//GRASP_ancestors.fasta.nwk contains double '/'. This is likely unintended. It can also lead to inconsistent results of the file-matching approach used by Snakemake.
File path grasp_results/8/ancestors/BEP/8_output_1//GRASP_ancestors.fasta contains double '/'. This is likely unintended. It can also lead to inconsistent results of the file-matching approach used by Snakemake.
File path grasp_results/8/ancestors/BEP/8_output_1//GRASP_ancestors.fasta/tree.nwk contains double '/'. This is likely unintended. It can also lead to inconsistent results of the file-matching approach used by Snakemake.
File path indelible_output/8/8_TRUE_1//GRASP_ancestors.fasta.fasta contains double '/'. This is likely unintended. It can also lead to inconsistent results of the file-matching approach used by Snakemake.
File path indelible_output/8/cleaned_aln/8_TRUE_1//GRASP_ancestors.fasta.fasta contains double '/'. This is likely unintended. It can also lead to inconsistent results of the file-matching approach used by Snakemake.
File path indelible_output/8/cleaned_trees/8_tree_1//GRASP_ancestors.fasta.nwk contains double '/'. This is likely unintended. It can also lead to inconsistent results of the file-matching approach used by Snakemake.
File path indelible_output/8/8_TRUE_1//GRASP_ancestors.fasta.fasta contains double '/'. This is likely unintended. It can also lead to inconsistent results of the file-matching approach used by Snakemake.
File path grasp_results/8/ancestors/BEP/8_output_2//GRASP_ancestors.fasta contains double '/'. This is likely unintended. It can also lead to inconsistent results of the file-matching approach used by Snakemake.
File path indelible_output/8/cleaned_aln/8_TRUE_2//GRASP_ancestors.fasta.fasta contains double '/'. This is likely unintended. It can also lead to inconsistent results of the file-matching approach used by Snakemake.
File path indelible_output/8/cleaned_trees/8_tree_2//GRASP_ancestors.fasta.nwk contains double '/'. This is likely unintended. It can also lead to inconsistent results of the file-matching approach used by Snakemake.
File path grasp_results/8/ancestors/BEP/8_output_2//GRASP_ancestors.fasta contains double '/'. This is likely unintended. It can also lead to inconsistent results of the file-matching approach used by Snakemake.
File path grasp_results/8/ancestors/BEP/8_output_2//GRASP_ancestors.fasta/tree.nwk contains double '/'. This is likely unintended. It can also lead to inconsistent results of the file-matching approach used by Snakemake.
File path indelible_output/8/8_TRUE_2//GRASP_ancestors.fasta.fasta contains double '/'. This is likely unintended. It can also lead to inconsistent results of the file-matching approach used by Snakemake.
File path indelible_output/8/cleaned_aln/8_TRUE_2//GRASP_ancestors.fasta.fasta contains double '/'. This is likely unintended. It can also lead to inconsistent results of the file-matching approach used by Snakemake.
File path indelible_output/8/cleaned_trees/8_tree_2//GRASP_ancestors.fasta.nwk contains double '/'. This is likely unintended. It can also lead to inconsistent results of the file-matching approach used by Snakemake.
File path indelible_output/8/8_TRUE_2//GRASP_ancestors.fasta.fasta contains double '/'. This is likely unintended. It can also lead to inconsistent results of the file-matching approach used by Snakemake.
File path grasp_results/8/ancestors/SICP/8_output_1//GRASP_ancestors.fasta contains double '/'. This is likely unintended. It can also lead to inconsistent results of the file-matching approach used by Snakemake.
File path indelible_output/8/cleaned_aln/8_TRUE_1//GRASP_ancestors.fasta.fasta contains double '/'. This is likely unintended. It can also lead to inconsistent results of the file-matching approach used by Snakemake.
File path indelible_output/8/cleaned_trees/8_tree_1//GRASP_ancestors.fasta.nwk contains double '/'. This is likely unintended. It can also lead to inconsistent results of the file-matching approach used by Snakemake.
File path grasp_results/8/ancestors/SICP/8_output_1//GRASP_ancestors.fasta contains double '/'. This is likely unintended. It can also lead to inconsistent results of the file-matching approach used by Snakemake.
File path grasp_results/8/ancestors/SICP/8_output_1//GRASP_ancestors.fasta/tree.nwk contains double '/'. This is likely unintended. It can also lead to inconsistent results of the file-matching approach used by Snakemake.
File path grasp_results/8/ancestors/SICP/8_output_2//GRASP_ancestors.fasta contains double '/'. This is likely unintended. It can also lead to inconsistent results of the file-matching approach used by Snakemake.
File path indelible_output/8/cleaned_aln/8_TRUE_2//GRASP_ancestors.fasta.fasta contains double '/'. This is likely unintended. It can also lead to inconsistent results of the file-matching approach used by Snakemake.
File path indelible_output/8/cleaned_trees/8_tree_2//GRASP_ancestors.fasta.nwk contains double '/'. This is likely unintended. It can also lead to inconsistent results of the file-matching approach used by Snakemake.
File path grasp_results/8/ancestors/SICP/8_output_2//GRASP_ancestors.fasta contains double '/'. This is likely unintended. It can also lead to inconsistent results of the file-matching approach used by Snakemake.
File path grasp_results/8/ancestors/SICP/8_output_2//GRASP_ancestors.fasta/tree.nwk contains double '/'. This is likely unintended. It can also lead to inconsistent results of the file-matching approach used by Snakemake.
File path grasp_results/8/ancestors/SICML/8_output_1//GRASP_ancestors.fasta contains double '/'. This is likely unintended. It can also lead to inconsistent results of the file-matching approach used by Snakemake.
File path indelible_output/8/cleaned_aln/8_TRUE_1//GRASP_ancestors.fasta.fasta contains double '/'. This is likely unintended. It can also lead to inconsistent results of the file-matching approach used by Snakemake.
File path indelible_output/8/cleaned_trees/8_tree_1//GRASP_ancestors.fasta.nwk contains double '/'. This is likely unintended. It can also lead to inconsistent results of the file-matching approach used by Snakemake.
File path grasp_results/8/ancestors/SICML/8_output_1//GRASP_ancestors.fasta contains double '/'. This is likely unintended. It can also lead to inconsistent results of the file-matching approach used by Snakemake.
File path grasp_results/8/ancestors/SICML/8_output_1//GRASP_ancestors.fasta/tree.nwk contains double '/'. This is likely unintended. It can also lead to inconsistent results of the file-matching approach used by Snakemake.
File path grasp_results/8/ancestors/SICML/8_output_2//GRASP_ancestors.fasta contains double '/'. This is likely unintended. It can also lead to inconsistent results of the file-matching approach used by Snakemake.
File path indelible_output/8/cleaned_aln/8_TRUE_2//GRASP_ancestors.fasta.fasta contains double '/'. This is likely unintended. It can also lead to inconsistent results of the file-matching approach used by Snakemake.
File path indelible_output/8/cleaned_trees/8_tree_2//GRASP_ancestors.fasta.nwk contains double '/'. This is likely unintended. It can also lead to inconsistent results of the file-matching approach used by Snakemake.
File path grasp_results/8/ancestors/SICML/8_output_2//GRASP_ancestors.fasta contains double '/'. This is likely unintended. It can also lead to inconsistent results of the file-matching approach used by Snakemake.
File path grasp_results/8/ancestors/SICML/8_output_2//GRASP_ancestors.fasta/tree.nwk contains double '/'. This is likely unintended. It can also lead to inconsistent results of the file-matching approach used by Snakemake.
ChildIOException:
File/directory is a child to another output:
('/Users/gabefoley/Dropbox/PhD/20210121_Indel_Evaluation_Project/Indel_Evaluation_Snakemake/grasp_results/4/ancestors/BEP/4_output_1', run_grasp)
('/Users/gabefoley/Dropbox/PhD/20210121_Indel_Evaluation_Project/Indel_Evaluation_Snakemake/grasp_results/4/ancestors/BEP/4_output_1/GRASP_ancestors.fasta', run_grasp)
