Building DAG of jobs...
Using shell: /bin/bash
Provided cores: 1 (use --cores to define parallelism)
Rules claiming more threads will be scaled down.
Job counts:
	count	jobs
	1	all
	4	clean_fasta
	2	create_control_files
	8	run_indelible
	4	split_trees
	19
Select jobs to execute...

[Sun Jan 24 23:46:51 2021]
rule run_indelible:
    input: indelible/40_control.txt
    output: indelible_output/40/40_TRUE_2.fasta
    jobid: 15
    wildcards: taxon=40, rep=2

[Sun Jan 24 23:46:52 2021]
Finished job 15.
1 of 19 steps (5%) done
Select jobs to execute...

[Sun Jan 24 23:46:52 2021]
rule run_indelible:
    input: indelible/80/80_control.txt
    output: indelible_output/80/80/80/80_TRUE_2.fasta
    jobid: 10
    wildcards: taxon=80/80, rep=2

Waiting at most 5 seconds for missing files.
MissingOutputException in line 18 of /Users/gabefoley/Dropbox/PhD/20210121_Indel_Evaluation_Project/Indel_Evaluation_Snakemake/Snakefile:
Job Missing files after 5 seconds:
indelible_output/80/80/80/80_TRUE_2.fasta
This might be due to filesystem latency. If that is the case, consider to increase the wait time with --latency-wait.
Job id: 10 completed successfully, but some output files are missing. 10
  File "/Users/gabefoley/miniconda3_latest/envs/indel_snakemake/lib/python3.9/site-packages/snakemake/executors/__init__.py", line 583, in handle_job_success
  File "/Users/gabefoley/miniconda3_latest/envs/indel_snakemake/lib/python3.9/site-packages/snakemake/executors/__init__.py", line 252, in handle_job_success
Shutting down, this might take some time.
Exiting because a job execution failed. Look above for error message
Complete log: /Users/gabefoley/Dropbox/PhD/20210121_Indel_Evaluation_Project/Indel_Evaluation_Snakemake/.snakemake/log/2021-01-24T234651.521036.snakemake.log
