Building DAG of jobs...
Using shell: /bin/bash
Provided cores: 1 (use --cores to define parallelism)
Rules claiming more threads will be scaled down.
Job counts:
	count	jobs
	4	clean_indelible
	1	compile_latex
	12	concat_fasta
	4	concat_indelible
	2	concat_indelible_summaries
	6	concat_summaries
	2	create_control_files
	1	generate_latex
	1	generate_output_dict
	4	get_indelible_dict
	12	run_grasp
	4	run_indelible
	4	summarise_indelible
	12	summarise_indels
	69
Select jobs to execute...

[Mon Feb  1 16:10:38 2021]
rule create_control_files:
    output: indelible/6_control.txt
    jobid: 8
    wildcards: taxon=6

[Mon Feb  1 16:10:39 2021]
Finished job 8.
1 of 69 steps (1%) done
Select jobs to execute...

[Mon Feb  1 16:10:39 2021]
rule create_control_files:
    output: indelible/8_control.txt
    jobid: 38
    wildcards: taxon=8

[Mon Feb  1 16:10:39 2021]
Finished job 38.
2 of 69 steps (3%) done
Select jobs to execute...

[Mon Feb  1 16:10:39 2021]
rule run_indelible:
    input: indelible/6_control.txt
    output: indelible_output/6/trees/1.nwk, indelible_output/6/6_TRUE_1.fasta, indelible_output/6/6_ANCESTRAL_1.fasta, indelible_output/6/N0_trees/1.nwk
    jobid: 7
    wildcards: taxon=6, rep=1

[Mon Feb  1 16:10:41 2021]
Finished job 7.
3 of 69 steps (4%) done
Select jobs to execute...

[Mon Feb  1 16:10:41 2021]
rule run_indelible:
    input: indelible/8_control.txt
    output: indelible_output/8/trees/1.nwk, indelible_output/8/8_TRUE_1.fasta, indelible_output/8/8_ANCESTRAL_1.fasta, indelible_output/8/N0_trees/1.nwk
    jobid: 37
    wildcards: taxon=8, rep=1

[Mon Feb  1 16:10:43 2021]
Finished job 37.
4 of 69 steps (6%) done
Select jobs to execute...

[Mon Feb  1 16:10:43 2021]
rule concat_indelible:
    input: indelible_output/6/6_TRUE_1.fasta, indelible_output/6/6_ANCESTRAL_1.fasta
    output: indelible_output/6/concatenated/6_1.fasta
    jobid: 9
    wildcards: taxon=6, rep=1

[Mon Feb  1 16:10:43 2021]
Finished job 9.
5 of 69 steps (7%) done
Select jobs to execute...

[Mon Feb  1 16:10:43 2021]
rule concat_indelible:
    input: indelible_output/8/8_TRUE_1.fasta, indelible_output/8/8_ANCESTRAL_1.fasta
    output: indelible_output/8/concatenated/8_1.fasta
    jobid: 39
    wildcards: taxon=8, rep=1

[Mon Feb  1 16:10:43 2021]
Finished job 39.
6 of 69 steps (9%) done
Select jobs to execute...

[Mon Feb  1 16:10:43 2021]
rule clean_indelible:
    input: indelible_output/8/N0_trees/1.nwk, indelible_output/8/concatenated/8_1.fasta
    output: indelible_output/8/cleaned_aln/1.fasta, indelible_output/8/concatenated/1.fasta, indelible_output/8/cleaned_N0_trees/1.nwk
    jobid: 36
    wildcards: taxon=8, rep=1

[Mon Feb  1 16:10:44 2021]
Finished job 36.
7 of 69 steps (10%) done
Select jobs to execute...

[Mon Feb  1 16:10:45 2021]
rule get_indelible_dict:
    input: indelible_output/8/concatenated/1.fasta, indelible_output/8/cleaned_N0_trees/1.nwk
    output: indelible_dicts/8/leaves_1.p, indelible_dicts/8/gaps_1.p
    jobid: 41
    wildcards: taxon=8, rep=1

[Mon Feb  1 16:10:46 2021]
Finished job 41.
8 of 69 steps (12%) done
Select jobs to execute...

[Mon Feb  1 16:10:46 2021]
rule run_grasp:
    input: indelible_output/8/cleaned_aln/1.fasta, indelible_output/8/cleaned_N0_trees/1.nwk
    output: grasp_results/8/BEP/1, grasp_results/8/BEP/1/GRASP_ancestors.fasta, grasp_results/8/BEP/1/tree.nwk
    jobid: 35
    wildcards: taxon=8, method=BEP, rep=1

[Mon Feb  1 16:10:47 2021]
Finished job 35.
9 of 69 steps (13%) done
Select jobs to execute...

[Mon Feb  1 16:10:47 2021]
rule concat_fasta:
    input: indelible_output/8/cleaned_aln/1.fasta, grasp_results/8/BEP/1/GRASP_ancestors.fasta
    output: grasp_results/concatenated/8/BEP/1/GRASP_ancestors.fasta
    jobid: 40
    wildcards: taxon=8, method=BEP, rep=1

[Mon Feb  1 16:10:47 2021]
Finished job 40.
10 of 69 steps (14%) done
Select jobs to execute...

[Mon Feb  1 16:10:47 2021]
rule summarise_indels:
    input: grasp_results/8/BEP/1/tree.nwk, grasp_results/concatenated/8/BEP/1/GRASP_ancestors.fasta, indelible_output/8/cleaned_N0_trees/1.nwk, indelible_output/8/concatenated/1.fasta, indelible_dicts/8/leaves_1.p, indelible_dicts/8/gaps_1.p
    output: summaries/8/BEP/1.csv
    jobid: 34
    wildcards: taxon=8, method=BEP, rep=1

[Mon Feb  1 16:10:49 2021]
Finished job 34.
11 of 69 steps (16%) done
Select jobs to execute...

[Mon Feb  1 16:10:49 2021]
rule summarise_indelible:
    input: indelible_output/8/cleaned_N0_trees/1.nwk, indelible_output/8/concatenated/1.fasta, indelible_output/8/cleaned_N0_trees/1.nwk, indelible_output/8/concatenated/1.fasta, indelible_dicts/8/leaves_1.p, indelible_dicts/8/gaps_1.p
    output: indelible_summaries/8/1.csv
    jobid: 67
    wildcards: taxon=8, rep=1

[Mon Feb  1 16:10:50 2021]
Finished job 67.
12 of 69 steps (17%) done
Select jobs to execute...

[Mon Feb  1 16:10:51 2021]
rule clean_indelible:
    input: indelible_output/6/N0_trees/1.nwk, indelible_output/6/concatenated/6_1.fasta
    output: indelible_output/6/cleaned_aln/1.fasta, indelible_output/6/concatenated/1.fasta, indelible_output/6/cleaned_N0_trees/1.nwk
    jobid: 6
    wildcards: taxon=6, rep=1

[Mon Feb  1 16:10:52 2021]
Finished job 6.
13 of 69 steps (19%) done
Select jobs to execute...

[Mon Feb  1 16:10:52 2021]
rule get_indelible_dict:
    input: indelible_output/6/concatenated/1.fasta, indelible_output/6/cleaned_N0_trees/1.nwk
    output: indelible_dicts/6/leaves_1.p, indelible_dicts/6/gaps_1.p
    jobid: 11
    wildcards: taxon=6, rep=1

[Mon Feb  1 16:10:54 2021]
Finished job 11.
14 of 69 steps (20%) done
Select jobs to execute...

[Mon Feb  1 16:10:54 2021]
rule run_grasp:
    input: indelible_output/6/cleaned_aln/1.fasta, indelible_output/6/cleaned_N0_trees/1.nwk
    output: grasp_results/6/BEP/1, grasp_results/6/BEP/1/GRASP_ancestors.fasta, grasp_results/6/BEP/1/tree.nwk
    jobid: 5
    wildcards: taxon=6, method=BEP, rep=1

[Mon Feb  1 16:10:54 2021]
Finished job 5.
15 of 69 steps (22%) done
Select jobs to execute...

[Mon Feb  1 16:10:54 2021]
rule concat_fasta:
    input: indelible_output/6/cleaned_aln/1.fasta, grasp_results/6/BEP/1/GRASP_ancestors.fasta
    output: grasp_results/concatenated/6/BEP/1/GRASP_ancestors.fasta
    jobid: 10
    wildcards: taxon=6, method=BEP, rep=1

[Mon Feb  1 16:10:55 2021]
Finished job 10.
16 of 69 steps (23%) done
Select jobs to execute...

[Mon Feb  1 16:10:55 2021]
rule summarise_indels:
    input: grasp_results/6/BEP/1/tree.nwk, grasp_results/concatenated/6/BEP/1/GRASP_ancestors.fasta, indelible_output/6/cleaned_N0_trees/1.nwk, indelible_output/6/concatenated/1.fasta, indelible_dicts/6/leaves_1.p, indelible_dicts/6/gaps_1.p
    output: summaries/6/BEP/1.csv
    jobid: 4
    wildcards: taxon=6, method=BEP, rep=1

[Mon Feb  1 16:10:56 2021]
Finished job 4.
17 of 69 steps (25%) done
Select jobs to execute...

[Mon Feb  1 16:10:56 2021]
rule summarise_indelible:
    input: indelible_output/6/cleaned_N0_trees/1.nwk, indelible_output/6/concatenated/1.fasta, indelible_output/6/cleaned_N0_trees/1.nwk, indelible_output/6/concatenated/1.fasta, indelible_dicts/6/leaves_1.p, indelible_dicts/6/gaps_1.p
    output: indelible_summaries/6/1.csv
    jobid: 64
    wildcards: taxon=6, rep=1

[Mon Feb  1 16:10:57 2021]
Finished job 64.
18 of 69 steps (26%) done
Select jobs to execute...

[Mon Feb  1 16:10:58 2021]
rule run_grasp:
    input: indelible_output/6/cleaned_aln/1.fasta, indelible_output/6/cleaned_N0_trees/1.nwk
    output: grasp_results/6/SICML/1, grasp_results/6/SICML/1/GRASP_ancestors.fasta, grasp_results/6/SICML/1/tree.nwk
    jobid: 28
    wildcards: taxon=6, method=SICML, rep=1

[Mon Feb  1 16:10:58 2021]
Finished job 28.
19 of 69 steps (28%) done
Select jobs to execute...

[Mon Feb  1 16:10:58 2021]
rule concat_fasta:
    input: indelible_output/6/cleaned_aln/1.fasta, grasp_results/6/SICML/1/GRASP_ancestors.fasta
    output: grasp_results/concatenated/6/SICML/1/GRASP_ancestors.fasta
    jobid: 29
    wildcards: taxon=6, method=SICML, rep=1

[Mon Feb  1 16:10:58 2021]
Finished job 29.
20 of 69 steps (29%) done
Select jobs to execute...

[Mon Feb  1 16:10:58 2021]
rule summarise_indels:
    input: grasp_results/6/SICML/1/tree.nwk, grasp_results/concatenated/6/SICML/1/GRASP_ancestors.fasta, indelible_output/6/cleaned_N0_trees/1.nwk, indelible_output/6/concatenated/1.fasta, indelible_dicts/6/leaves_1.p, indelible_dicts/6/gaps_1.p
    output: summaries/6/SICML/1.csv
    jobid: 27
    wildcards: taxon=6, method=SICML, rep=1

[Mon Feb  1 16:11:00 2021]
Finished job 27.
21 of 69 steps (30%) done
Select jobs to execute...

[Mon Feb  1 16:11:00 2021]
rule run_grasp:
    input: indelible_output/6/cleaned_aln/1.fasta, indelible_output/6/cleaned_N0_trees/1.nwk
    output: grasp_results/6/SICP/1, grasp_results/6/SICP/1/GRASP_ancestors.fasta, grasp_results/6/SICP/1/tree.nwk
    jobid: 21
    wildcards: taxon=6, method=SICP, rep=1

[Mon Feb  1 16:11:00 2021]
Finished job 21.
22 of 69 steps (32%) done
Select jobs to execute...

[Mon Feb  1 16:11:00 2021]
rule concat_fasta:
    input: indelible_output/6/cleaned_aln/1.fasta, grasp_results/6/SICP/1/GRASP_ancestors.fasta
    output: grasp_results/concatenated/6/SICP/1/GRASP_ancestors.fasta
    jobid: 22
    wildcards: taxon=6, method=SICP, rep=1

[Mon Feb  1 16:11:00 2021]
Finished job 22.
23 of 69 steps (33%) done
Select jobs to execute...

[Mon Feb  1 16:11:00 2021]
rule summarise_indels:
    input: grasp_results/6/SICP/1/tree.nwk, grasp_results/concatenated/6/SICP/1/GRASP_ancestors.fasta, indelible_output/6/cleaned_N0_trees/1.nwk, indelible_output/6/concatenated/1.fasta, indelible_dicts/6/leaves_1.p, indelible_dicts/6/gaps_1.p
    output: summaries/6/SICP/1.csv
    jobid: 20
    wildcards: taxon=6, method=SICP, rep=1

[Mon Feb  1 16:11:02 2021]
Finished job 20.
24 of 69 steps (35%) done
Select jobs to execute...

[Mon Feb  1 16:11:02 2021]
rule run_indelible:
    input: indelible/6_control.txt
    output: indelible_output/6/trees/2.nwk, indelible_output/6/6_TRUE_2.fasta, indelible_output/6/6_ANCESTRAL_2.fasta, indelible_output/6/N0_trees/2.nwk
    jobid: 15
    wildcards: taxon=6, rep=2

Warning: the following output files of rule run_indelible were not present when the DAG was created:
{'indelible_output/6/6_ANCESTRAL_2.fasta', 'indelible_output/6/N0_trees/2.nwk', 'indelible_output/6/6_TRUE_2.fasta'}
[Mon Feb  1 16:11:03 2021]
Finished job 15.
25 of 69 steps (36%) done
Select jobs to execute...

[Mon Feb  1 16:11:03 2021]
rule concat_indelible:
    input: indelible_output/6/6_TRUE_2.fasta, indelible_output/6/6_ANCESTRAL_2.fasta
    output: indelible_output/6/concatenated/6_2.fasta
    jobid: 16
    wildcards: taxon=6, rep=2

[Mon Feb  1 16:11:03 2021]
Finished job 16.
26 of 69 steps (38%) done
Select jobs to execute...

[Mon Feb  1 16:11:03 2021]
rule run_indelible:
    input: indelible/8_control.txt
    output: indelible_output/8/trees/2.nwk, indelible_output/8/8_TRUE_2.fasta, indelible_output/8/8_ANCESTRAL_2.fasta, indelible_output/8/N0_trees/2.nwk
    jobid: 45
    wildcards: taxon=8, rep=2

Warning: the following output files of rule run_indelible were not present when the DAG was created:
{'indelible_output/8/8_TRUE_2.fasta', 'indelible_output/8/8_ANCESTRAL_2.fasta', 'indelible_output/8/N0_trees/2.nwk'}
[Mon Feb  1 16:11:05 2021]
Finished job 45.
27 of 69 steps (39%) done
Select jobs to execute...

[Mon Feb  1 16:11:05 2021]
rule run_grasp:
    input: indelible_output/8/cleaned_aln/1.fasta, indelible_output/8/cleaned_N0_trees/1.nwk
    output: grasp_results/8/SICP/1, grasp_results/8/SICP/1/GRASP_ancestors.fasta, grasp_results/8/SICP/1/tree.nwk
    jobid: 51
    wildcards: taxon=8, method=SICP, rep=1

[Mon Feb  1 16:11:06 2021]
Finished job 51.
28 of 69 steps (41%) done
Select jobs to execute...

[Mon Feb  1 16:11:06 2021]
rule concat_fasta:
    input: indelible_output/8/cleaned_aln/1.fasta, grasp_results/8/SICP/1/GRASP_ancestors.fasta
    output: grasp_results/concatenated/8/SICP/1/GRASP_ancestors.fasta
    jobid: 52
    wildcards: taxon=8, method=SICP, rep=1

[Mon Feb  1 16:11:06 2021]
Finished job 52.
29 of 69 steps (42%) done
Select jobs to execute...

[Mon Feb  1 16:11:06 2021]
rule run_grasp:
    input: indelible_output/8/cleaned_aln/1.fasta, indelible_output/8/cleaned_N0_trees/1.nwk
    output: grasp_results/8/SICML/1, grasp_results/8/SICML/1/GRASP_ancestors.fasta, grasp_results/8/SICML/1/tree.nwk
    jobid: 58
    wildcards: taxon=8, method=SICML, rep=1

[Mon Feb  1 16:11:06 2021]
Finished job 58.
30 of 69 steps (43%) done
Select jobs to execute...

[Mon Feb  1 16:11:06 2021]
rule clean_indelible:
    input: indelible_output/6/N0_trees/2.nwk, indelible_output/6/concatenated/6_2.fasta
    output: indelible_output/6/cleaned_aln/2.fasta, indelible_output/6/concatenated/2.fasta, indelible_output/6/cleaned_N0_trees/2.nwk
    jobid: 14
    wildcards: taxon=6, rep=2

[Mon Feb  1 16:11:08 2021]
Finished job 14.
31 of 69 steps (45%) done
Select jobs to execute...

[Mon Feb  1 16:11:08 2021]
rule run_grasp:
    input: indelible_output/6/cleaned_aln/2.fasta, indelible_output/6/cleaned_N0_trees/2.nwk
    output: grasp_results/6/SICML/2, grasp_results/6/SICML/2/GRASP_ancestors.fasta, grasp_results/6/SICML/2/tree.nwk
    jobid: 31
    wildcards: taxon=6, method=SICML, rep=2

[Mon Feb  1 16:11:09 2021]
Finished job 31.
32 of 69 steps (46%) done
Select jobs to execute...

[Mon Feb  1 16:11:09 2021]
rule get_indelible_dict:
    input: indelible_output/6/concatenated/2.fasta, indelible_output/6/cleaned_N0_trees/2.nwk
    output: indelible_dicts/6/leaves_2.p, indelible_dicts/6/gaps_2.p
    jobid: 18
    wildcards: taxon=6, rep=2

[Mon Feb  1 16:11:10 2021]
Finished job 18.
33 of 69 steps (48%) done
Select jobs to execute...

[Mon Feb  1 16:11:10 2021]
rule summarise_indelible:
    input: indelible_output/6/cleaned_N0_trees/2.nwk, indelible_output/6/concatenated/2.fasta, indelible_output/6/cleaned_N0_trees/2.nwk, indelible_output/6/concatenated/2.fasta, indelible_dicts/6/leaves_2.p, indelible_dicts/6/gaps_2.p
    output: indelible_summaries/6/2.csv
    jobid: 65
    wildcards: taxon=6, rep=2

[Mon Feb  1 16:11:11 2021]
Finished job 65.
34 of 69 steps (49%) done
Select jobs to execute...

[Mon Feb  1 16:11:11 2021]
rule concat_indelible_summaries:
    input: indelible_summaries/6/1.csv, indelible_summaries/6/2.csv
    output: concatenated_indelible_summaries/6.csv
    jobid: 63
    wildcards: taxon=6

[Mon Feb  1 16:11:11 2021]
Finished job 63.
35 of 69 steps (51%) done
Select jobs to execute...

[Mon Feb  1 16:11:11 2021]
rule concat_fasta:
    input: indelible_output/8/cleaned_aln/1.fasta, grasp_results/8/SICML/1/GRASP_ancestors.fasta
    output: grasp_results/concatenated/8/SICML/1/GRASP_ancestors.fasta
    jobid: 59
    wildcards: taxon=8, method=SICML, rep=1

[Mon Feb  1 16:11:11 2021]
Finished job 59.
36 of 69 steps (52%) done
Select jobs to execute...

[Mon Feb  1 16:11:11 2021]
rule summarise_indels:
    input: grasp_results/8/SICML/1/tree.nwk, grasp_results/concatenated/8/SICML/1/GRASP_ancestors.fasta, indelible_output/8/cleaned_N0_trees/1.nwk, indelible_output/8/concatenated/1.fasta, indelible_dicts/8/leaves_1.p, indelible_dicts/8/gaps_1.p
    output: summaries/8/SICML/1.csv
    jobid: 57
    wildcards: taxon=8, method=SICML, rep=1

[Mon Feb  1 16:11:13 2021]
Finished job 57.
37 of 69 steps (54%) done
Select jobs to execute...

[Mon Feb  1 16:11:13 2021]
rule summarise_indels:
    input: grasp_results/8/SICP/1/tree.nwk, grasp_results/concatenated/8/SICP/1/GRASP_ancestors.fasta, indelible_output/8/cleaned_N0_trees/1.nwk, indelible_output/8/concatenated/1.fasta, indelible_dicts/8/leaves_1.p, indelible_dicts/8/gaps_1.p
    output: summaries/8/SICP/1.csv
    jobid: 50
    wildcards: taxon=8, method=SICP, rep=1

[Mon Feb  1 16:11:14 2021]
Finished job 50.
38 of 69 steps (55%) done
Select jobs to execute...

[Mon Feb  1 16:11:14 2021]
rule run_grasp:
    input: indelible_output/6/cleaned_aln/2.fasta, indelible_output/6/cleaned_N0_trees/2.nwk
    output: grasp_results/6/SICP/2, grasp_results/6/SICP/2/GRASP_ancestors.fasta, grasp_results/6/SICP/2/tree.nwk
    jobid: 24
    wildcards: taxon=6, method=SICP, rep=2

[Mon Feb  1 16:11:15 2021]
Finished job 24.
39 of 69 steps (57%) done
Select jobs to execute...

[Mon Feb  1 16:11:15 2021]
rule concat_fasta:
    input: indelible_output/6/cleaned_aln/2.fasta, grasp_results/6/SICP/2/GRASP_ancestors.fasta
    output: grasp_results/concatenated/6/SICP/2/GRASP_ancestors.fasta
    jobid: 25
    wildcards: taxon=6, method=SICP, rep=2

[Mon Feb  1 16:11:15 2021]
Finished job 25.
40 of 69 steps (58%) done
Select jobs to execute...

[Mon Feb  1 16:11:15 2021]
rule summarise_indels:
    input: grasp_results/6/SICP/2/tree.nwk, grasp_results/concatenated/6/SICP/2/GRASP_ancestors.fasta, indelible_output/6/cleaned_N0_trees/2.nwk, indelible_output/6/concatenated/2.fasta, indelible_dicts/6/leaves_2.p, indelible_dicts/6/gaps_2.p
    output: summaries/6/SICP/2.csv
    jobid: 23
    wildcards: taxon=6, method=SICP, rep=2

[Mon Feb  1 16:11:16 2021]
Finished job 23.
41 of 69 steps (59%) done
Select jobs to execute...

[Mon Feb  1 16:11:16 2021]
rule run_grasp:
    input: indelible_output/6/cleaned_aln/2.fasta, indelible_output/6/cleaned_N0_trees/2.nwk
    output: grasp_results/6/BEP/2, grasp_results/6/BEP/2/GRASP_ancestors.fasta, grasp_results/6/BEP/2/tree.nwk
    jobid: 13
    wildcards: taxon=6, method=BEP, rep=2

[Mon Feb  1 16:11:17 2021]
Finished job 13.
42 of 69 steps (61%) done
Select jobs to execute...

[Mon Feb  1 16:11:17 2021]
rule concat_fasta:
    input: indelible_output/6/cleaned_aln/2.fasta, grasp_results/6/SICML/2/GRASP_ancestors.fasta
    output: grasp_results/concatenated/6/SICML/2/GRASP_ancestors.fasta
    jobid: 32
    wildcards: taxon=6, method=SICML, rep=2

[Mon Feb  1 16:11:17 2021]
Finished job 32.
43 of 69 steps (62%) done
Select jobs to execute...

[Mon Feb  1 16:11:17 2021]
rule concat_indelible:
    input: indelible_output/8/8_TRUE_2.fasta, indelible_output/8/8_ANCESTRAL_2.fasta
    output: indelible_output/8/concatenated/8_2.fasta
    jobid: 46
    wildcards: taxon=8, rep=2

[Mon Feb  1 16:11:17 2021]
Finished job 46.
44 of 69 steps (64%) done
Select jobs to execute...

[Mon Feb  1 16:11:17 2021]
rule concat_summaries:
    input: summaries/6/SICP/1.csv, summaries/6/SICP/2.csv
    output: concatenated_summaries/6_SICP.csv
    jobid: 19
    wildcards: taxon=6, method=SICP

[Mon Feb  1 16:11:17 2021]
Finished job 19.
45 of 69 steps (65%) done
Select jobs to execute...

[Mon Feb  1 16:11:17 2021]
rule concat_fasta:
    input: indelible_output/6/cleaned_aln/2.fasta, grasp_results/6/BEP/2/GRASP_ancestors.fasta
    output: grasp_results/concatenated/6/BEP/2/GRASP_ancestors.fasta
    jobid: 17
    wildcards: taxon=6, method=BEP, rep=2

[Mon Feb  1 16:11:17 2021]
Finished job 17.
46 of 69 steps (67%) done
Select jobs to execute...

[Mon Feb  1 16:11:17 2021]
rule summarise_indels:
    input: grasp_results/6/BEP/2/tree.nwk, grasp_results/concatenated/6/BEP/2/GRASP_ancestors.fasta, indelible_output/6/cleaned_N0_trees/2.nwk, indelible_output/6/concatenated/2.fasta, indelible_dicts/6/leaves_2.p, indelible_dicts/6/gaps_2.p
    output: summaries/6/BEP/2.csv
    jobid: 12
    wildcards: taxon=6, method=BEP, rep=2

[Mon Feb  1 16:11:19 2021]
Finished job 12.
47 of 69 steps (68%) done
Select jobs to execute...

[Mon Feb  1 16:11:19 2021]
rule summarise_indels:
    input: grasp_results/6/SICML/2/tree.nwk, grasp_results/concatenated/6/SICML/2/GRASP_ancestors.fasta, indelible_output/6/cleaned_N0_trees/2.nwk, indelible_output/6/concatenated/2.fasta, indelible_dicts/6/leaves_2.p, indelible_dicts/6/gaps_2.p
    output: summaries/6/SICML/2.csv
    jobid: 30
    wildcards: taxon=6, method=SICML, rep=2

[Mon Feb  1 16:11:20 2021]
Finished job 30.
48 of 69 steps (70%) done
Select jobs to execute...

[Mon Feb  1 16:11:20 2021]
rule concat_summaries:
    input: summaries/6/SICML/1.csv, summaries/6/SICML/2.csv
    output: concatenated_summaries/6_SICML.csv
    jobid: 26
    wildcards: taxon=6, method=SICML

[Mon Feb  1 16:11:20 2021]
Finished job 26.
49 of 69 steps (71%) done
Select jobs to execute...

[Mon Feb  1 16:11:20 2021]
rule concat_summaries:
    input: summaries/6/BEP/1.csv, summaries/6/BEP/2.csv
    output: concatenated_summaries/6_BEP.csv
    jobid: 3
    wildcards: taxon=6, method=BEP

[Mon Feb  1 16:11:20 2021]
Finished job 3.
50 of 69 steps (72%) done
Select jobs to execute...

[Mon Feb  1 16:11:20 2021]
rule clean_indelible:
    input: indelible_output/8/N0_trees/2.nwk, indelible_output/8/concatenated/8_2.fasta
    output: indelible_output/8/cleaned_aln/2.fasta, indelible_output/8/concatenated/2.fasta, indelible_output/8/cleaned_N0_trees/2.nwk
    jobid: 44
    wildcards: taxon=8, rep=2

[Mon Feb  1 16:11:22 2021]
Finished job 44.
51 of 69 steps (74%) done
Select jobs to execute...

[Mon Feb  1 16:11:22 2021]
rule run_grasp:
    input: indelible_output/8/cleaned_aln/2.fasta, indelible_output/8/cleaned_N0_trees/2.nwk
    output: grasp_results/8/SICML/2, grasp_results/8/SICML/2/GRASP_ancestors.fasta, grasp_results/8/SICML/2/tree.nwk
    jobid: 61
    wildcards: taxon=8, method=SICML, rep=2

[Mon Feb  1 16:11:22 2021]
Finished job 61.
52 of 69 steps (75%) done
Select jobs to execute...

[Mon Feb  1 16:11:22 2021]
rule run_grasp:
    input: indelible_output/8/cleaned_aln/2.fasta, indelible_output/8/cleaned_N0_trees/2.nwk
    output: grasp_results/8/SICP/2, grasp_results/8/SICP/2/GRASP_ancestors.fasta, grasp_results/8/SICP/2/tree.nwk
    jobid: 54
    wildcards: taxon=8, method=SICP, rep=2

[Mon Feb  1 16:11:23 2021]
Finished job 54.
53 of 69 steps (77%) done
Select jobs to execute...

[Mon Feb  1 16:11:23 2021]
rule concat_fasta:
    input: indelible_output/8/cleaned_aln/2.fasta, grasp_results/8/SICP/2/GRASP_ancestors.fasta
    output: grasp_results/concatenated/8/SICP/2/GRASP_ancestors.fasta
    jobid: 55
    wildcards: taxon=8, method=SICP, rep=2

[Mon Feb  1 16:11:23 2021]
Finished job 55.
54 of 69 steps (78%) done
Select jobs to execute...

[Mon Feb  1 16:11:23 2021]
rule run_grasp:
    input: indelible_output/8/cleaned_aln/2.fasta, indelible_output/8/cleaned_N0_trees/2.nwk
    output: grasp_results/8/BEP/2, grasp_results/8/BEP/2/GRASP_ancestors.fasta, grasp_results/8/BEP/2/tree.nwk
    jobid: 43
    wildcards: taxon=8, method=BEP, rep=2

[Mon Feb  1 16:11:24 2021]
Finished job 43.
55 of 69 steps (80%) done
Select jobs to execute...

[Mon Feb  1 16:11:24 2021]
rule get_indelible_dict:
    input: indelible_output/8/concatenated/2.fasta, indelible_output/8/cleaned_N0_trees/2.nwk
    output: indelible_dicts/8/leaves_2.p, indelible_dicts/8/gaps_2.p
    jobid: 48
    wildcards: taxon=8, rep=2

[Mon Feb  1 16:11:25 2021]
Finished job 48.
56 of 69 steps (81%) done
Select jobs to execute...

[Mon Feb  1 16:11:25 2021]
rule summarise_indelible:
    input: indelible_output/8/cleaned_N0_trees/2.nwk, indelible_output/8/concatenated/2.fasta, indelible_output/8/cleaned_N0_trees/2.nwk, indelible_output/8/concatenated/2.fasta, indelible_dicts/8/leaves_2.p, indelible_dicts/8/gaps_2.p
    output: indelible_summaries/8/2.csv
    jobid: 68
    wildcards: taxon=8, rep=2

[Mon Feb  1 16:11:26 2021]
Finished job 68.
57 of 69 steps (83%) done
Select jobs to execute...

[Mon Feb  1 16:11:27 2021]
rule summarise_indels:
    input: grasp_results/8/SICP/2/tree.nwk, grasp_results/concatenated/8/SICP/2/GRASP_ancestors.fasta, indelible_output/8/cleaned_N0_trees/2.nwk, indelible_output/8/concatenated/2.fasta, indelible_dicts/8/leaves_2.p, indelible_dicts/8/gaps_2.p
    output: summaries/8/SICP/2.csv
    jobid: 53
    wildcards: taxon=8, method=SICP, rep=2

[Mon Feb  1 16:11:28 2021]
Finished job 53.
58 of 69 steps (84%) done
Select jobs to execute...

[Mon Feb  1 16:11:28 2021]
rule concat_indelible_summaries:
    input: indelible_summaries/8/1.csv, indelible_summaries/8/2.csv
    output: concatenated_indelible_summaries/8.csv
    jobid: 66
    wildcards: taxon=8

[Mon Feb  1 16:11:28 2021]
Finished job 66.
59 of 69 steps (86%) done
Select jobs to execute...

[Mon Feb  1 16:11:28 2021]
rule concat_fasta:
    input: indelible_output/8/cleaned_aln/2.fasta, grasp_results/8/SICML/2/GRASP_ancestors.fasta
    output: grasp_results/concatenated/8/SICML/2/GRASP_ancestors.fasta
    jobid: 62
    wildcards: taxon=8, method=SICML, rep=2

[Mon Feb  1 16:11:28 2021]
Finished job 62.
60 of 69 steps (87%) done
Select jobs to execute...

[Mon Feb  1 16:11:28 2021]
rule concat_fasta:
    input: indelible_output/8/cleaned_aln/2.fasta, grasp_results/8/BEP/2/GRASP_ancestors.fasta
    output: grasp_results/concatenated/8/BEP/2/GRASP_ancestors.fasta
    jobid: 47
    wildcards: taxon=8, method=BEP, rep=2

[Mon Feb  1 16:11:28 2021]
Finished job 47.
61 of 69 steps (88%) done
Select jobs to execute...

[Mon Feb  1 16:11:28 2021]
rule summarise_indels:
    input: grasp_results/8/BEP/2/tree.nwk, grasp_results/concatenated/8/BEP/2/GRASP_ancestors.fasta, indelible_output/8/cleaned_N0_trees/2.nwk, indelible_output/8/concatenated/2.fasta, indelible_dicts/8/leaves_2.p, indelible_dicts/8/gaps_2.p
    output: summaries/8/BEP/2.csv
    jobid: 42
    wildcards: taxon=8, method=BEP, rep=2

[Mon Feb  1 16:11:29 2021]
Finished job 42.
62 of 69 steps (90%) done
Select jobs to execute...

[Mon Feb  1 16:11:29 2021]
rule concat_summaries:
    input: summaries/8/SICP/1.csv, summaries/8/SICP/2.csv
    output: concatenated_summaries/8_SICP.csv
    jobid: 49
    wildcards: taxon=8, method=SICP

[Mon Feb  1 16:11:29 2021]
Finished job 49.
63 of 69 steps (91%) done
Select jobs to execute...

[Mon Feb  1 16:11:29 2021]
rule concat_summaries:
    input: summaries/8/BEP/1.csv, summaries/8/BEP/2.csv
    output: concatenated_summaries/8_BEP.csv
    jobid: 33
    wildcards: taxon=8, method=BEP

[Mon Feb  1 16:11:30 2021]
Finished job 33.
64 of 69 steps (93%) done
Select jobs to execute...

[Mon Feb  1 16:11:30 2021]
rule summarise_indels:
    input: grasp_results/8/SICML/2/tree.nwk, grasp_results/concatenated/8/SICML/2/GRASP_ancestors.fasta, indelible_output/8/cleaned_N0_trees/2.nwk, indelible_output/8/concatenated/2.fasta, indelible_dicts/8/leaves_2.p, indelible_dicts/8/gaps_2.p
    output: summaries/8/SICML/2.csv
    jobid: 60
    wildcards: taxon=8, method=SICML, rep=2

[Mon Feb  1 16:11:31 2021]
Finished job 60.
65 of 69 steps (94%) done
Select jobs to execute...

[Mon Feb  1 16:11:31 2021]
rule concat_summaries:
    input: summaries/8/SICML/1.csv, summaries/8/SICML/2.csv
    output: concatenated_summaries/8_SICML.csv
    jobid: 56
    wildcards: taxon=8, method=SICML

[Mon Feb  1 16:11:31 2021]
Finished job 56.
66 of 69 steps (96%) done
Select jobs to execute...

[Mon Feb  1 16:11:31 2021]
rule generate_output_dict:
    input: concatenated_summaries/6_BEP.csv, concatenated_summaries/6_SICP.csv, concatenated_summaries/6_SICML.csv, concatenated_summaries/8_BEP.csv, concatenated_summaries/8_SICP.csv, concatenated_summaries/8_SICML.csv, concatenated_indelible_summaries/6.csv, concatenated_indelible_summaries/8.csv
    output: output_dicts/output.p
    jobid: 2

[Mon Feb  1 16:11:38 2021]
Finished job 2.
67 of 69 steps (97%) done
Select jobs to execute...

[Mon Feb  1 16:11:38 2021]
rule generate_latex:
    input: output_dicts/output.p
    output: plots/plot.tex
    jobid: 1

[Mon Feb  1 16:11:39 2021]
Finished job 1.
68 of 69 steps (99%) done
Select jobs to execute...

[Mon Feb  1 16:11:39 2021]
rule compile_latex:
    input: plots/plot.tex
    output: plots/plot.pdf
    jobid: 0

[Mon Feb  1 16:11:57 2021]
Error in rule compile_latex:
    jobid: 0
    output: plots/plot.pdf
    shell:
        pdflatex -output-directory plots plots/plot.tex
        (one of the commands exited with non-zero exit code; note that snakemake uses bash strict mode!)

Removing output files of failed job compile_latex since they might be corrupted:
plots/plot.pdf
Shutting down, this might take some time.
Exiting because a job execution failed. Look above for error message
Complete log: /Users/gabefoley/Dropbox/PhD/20210121_Indel_Evaluation_Project/Indel_Evaluation_Snakemake/.snakemake/log/2021-02-01T161038.236174.snakemake.log
