Building DAG of jobs...
Using shell: /bin/bash
Provided cores: 1 (use --cores to define parallelism)
Rules claiming more threads will be scaled down.
Job counts:
	count	jobs
	20	clean_fastml_ml
	20	clean_fastml_parsimony
	20	clean_indelible
	1	compile_latex
	80	concat_fasta
	5	concat_fastml__ml_summaries
	5	concat_fastml_summaries
	20	concat_indelible
	5	concat_indelible_summaries
	20	concat_summaries
	5	create_control_files
	1	generate_latex
	1	generate_output_dict
	20	get_indelible_dict
	20	run_fastml
	80	run_grasp
	20	run_indelible
	20	summarise_fastml_ml_indels
	20	summarise_fastml_parsimony_indels
	20	summarise_indelible
	80	summarise_indels
	483
Select jobs to execute...

[Mon Mar  1 13:28:01 2021]
rule create_control_files:
    output: indelible/10_control.txt
    jobid: 8
    wildcards: taxon=10

[Mon Mar  1 13:28:02 2021]
Finished job 8.
1 of 483 steps (0.21%) done
Select jobs to execute...

[Mon Mar  1 13:28:02 2021]
rule run_indelible:
    input: indelible/10_control.txt
    output: indelible_output/10/trees/3.nwk, indelible_output/10/10_TRUE_3.fasta, indelible_output/10/10_ANCESTRAL_3.fasta, indelible_output/10/N0_trees/3.nwk
    jobid: 22
    wildcards: taxon=10, rep=3

[Mon Mar  1 13:28:03 2021]
Finished job 22.
2 of 483 steps (0.41%) done
Select jobs to execute...

[Mon Mar  1 13:28:03 2021]
rule run_indelible:
    input: indelible/10_control.txt
    output: indelible_output/10/trees/1.nwk, indelible_output/10/10_TRUE_1.fasta, indelible_output/10/10_ANCESTRAL_1.fasta, indelible_output/10/N0_trees/1.nwk
    jobid: 7
    wildcards: taxon=10, rep=1

Warning: the following output files of rule run_indelible were not present when the DAG was created:
{'indelible_output/10/N0_trees/1.nwk', 'indelible_output/10/10_TRUE_1.fasta', 'indelible_output/10/10_ANCESTRAL_1.fasta'}
[Mon Mar  1 13:28:04 2021]
Finished job 7.
3 of 483 steps (0.62%) done
Select jobs to execute...

[Mon Mar  1 13:28:04 2021]
rule create_control_files:
    output: indelible/30_control.txt
    jobid: 215
    wildcards: taxon=30

[Mon Mar  1 13:28:04 2021]
Finished job 215.
4 of 483 steps (0.83%) done
Select jobs to execute...

[Mon Mar  1 13:28:04 2021]
rule run_indelible:
    input: indelible/30_control.txt
    output: indelible_output/30/trees/1.nwk, indelible_output/30/30_TRUE_1.fasta, indelible_output/30/30_ANCESTRAL_1.fasta, indelible_output/30/N0_trees/1.nwk
    jobid: 214
    wildcards: taxon=30, rep=1

[Mon Mar  1 13:28:05 2021]
Finished job 214.
5 of 483 steps (1%) done
Select jobs to execute...

[Mon Mar  1 13:28:05 2021]
rule concat_indelible:
    input: indelible_output/30/30_TRUE_1.fasta, indelible_output/30/30_ANCESTRAL_1.fasta
    output: indelible_output/30/concatenated/30_1.fasta
    jobid: 216
    wildcards: taxon=30, rep=1

[Mon Mar  1 13:28:05 2021]
Finished job 216.
6 of 483 steps (1%) done
Select jobs to execute...

[Mon Mar  1 13:28:05 2021]
rule run_indelible:
    input: indelible/30_control.txt
    output: indelible_output/30/trees/2.nwk, indelible_output/30/30_TRUE_2.fasta, indelible_output/30/30_ANCESTRAL_2.fasta, indelible_output/30/N0_trees/2.nwk
    jobid: 222
    wildcards: taxon=30, rep=2

Warning: the following output files of rule run_indelible were not present when the DAG was created:
{'indelible_output/30/30_ANCESTRAL_2.fasta', 'indelible_output/30/N0_trees/2.nwk', 'indelible_output/30/30_TRUE_2.fasta'}
[Mon Mar  1 13:28:06 2021]
Finished job 222.
7 of 483 steps (1%) done
Select jobs to execute...

[Mon Mar  1 13:28:06 2021]
rule concat_indelible:
    input: indelible_output/30/30_TRUE_2.fasta, indelible_output/30/30_ANCESTRAL_2.fasta
    output: indelible_output/30/concatenated/30_2.fasta
    jobid: 223
    wildcards: taxon=30, rep=2

[Mon Mar  1 13:28:06 2021]
Finished job 223.
8 of 483 steps (2%) done
Select jobs to execute...

[Mon Mar  1 13:28:06 2021]
rule concat_indelible:
    input: indelible_output/10/10_TRUE_1.fasta, indelible_output/10/10_ANCESTRAL_1.fasta
    output: indelible_output/10/concatenated/10_1.fasta
    jobid: 9
    wildcards: taxon=10, rep=1

[Mon Mar  1 13:28:07 2021]
Finished job 9.
9 of 483 steps (2%) done
Select jobs to execute...

[Mon Mar  1 13:28:07 2021]
rule clean_indelible:
    input: indelible_output/10/N0_trees/1.nwk, indelible_output/10/concatenated/10_1.fasta
    output: indelible_output/10/cleaned_aln/1.fasta, indelible_output/10/concatenated/1.fasta, indelible_output/10/cleaned_trees/1.nwk, indelible_output/10/cleaned_N0_trees/1.nwk, indelible_output/10/cleaned_no_internal_trees/1.nwk
    jobid: 6
    wildcards: taxon=10, rep=1

[Mon Mar  1 13:28:08 2021]
Finished job 6.
10 of 483 steps (2%) done
Select jobs to execute...

[Mon Mar  1 13:28:08 2021]
rule create_control_files:
    output: indelible/25_control.txt
    jobid: 146
    wildcards: taxon=25

[Mon Mar  1 13:28:08 2021]
Finished job 146.
11 of 483 steps (2%) done
Select jobs to execute...

[Mon Mar  1 13:28:08 2021]
rule run_indelible:
    input: indelible/30_control.txt
    output: indelible_output/30/trees/4.nwk, indelible_output/30/30_TRUE_4.fasta, indelible_output/30/30_ANCESTRAL_4.fasta, indelible_output/30/N0_trees/4.nwk
    jobid: 236
    wildcards: taxon=30, rep=4

Warning: the following output files of rule run_indelible were not present when the DAG was created:
{'indelible_output/30/N0_trees/4.nwk', 'indelible_output/30/30_ANCESTRAL_4.fasta', 'indelible_output/30/30_TRUE_4.fasta'}
[Mon Mar  1 13:28:09 2021]
Finished job 236.
12 of 483 steps (2%) done
Select jobs to execute...

[Mon Mar  1 13:28:09 2021]
rule run_indelible:
    input: indelible/10_control.txt
    output: indelible_output/10/trees/4.nwk, indelible_output/10/10_TRUE_4.fasta, indelible_output/10/10_ANCESTRAL_4.fasta, indelible_output/10/N0_trees/4.nwk
    jobid: 29
    wildcards: taxon=10, rep=4

Warning: the following output files of rule run_indelible were not present when the DAG was created:
{'indelible_output/10/10_ANCESTRAL_4.fasta', 'indelible_output/10/N0_trees/4.nwk', 'indelible_output/10/10_TRUE_4.fasta'}
[Mon Mar  1 13:28:10 2021]
Finished job 29.
13 of 483 steps (3%) done
Select jobs to execute...

[Mon Mar  1 13:28:10 2021]
rule run_grasp:
    input: indelible_output/10/cleaned_aln/1.fasta, indelible_output/10/cleaned_N0_trees/1.nwk
    output: grasp_results/10/SICML/1, grasp_results/10/SICML/1/GRASP_ancestors.fasta, grasp_results/10/SICML/1/GRASP_ancestors.nwk
    jobid: 5
    wildcards: taxon=10, method=SICML, rep=1

[Mon Mar  1 13:28:11 2021]
Finished job 5.
14 of 483 steps (3%) done
Select jobs to execute...

[Mon Mar  1 13:28:11 2021]
rule run_indelible:
    input: indelible/25_control.txt
    output: indelible_output/25/trees/3.nwk, indelible_output/25/25_TRUE_3.fasta, indelible_output/25/25_ANCESTRAL_3.fasta, indelible_output/25/N0_trees/3.nwk
    jobid: 160
    wildcards: taxon=25, rep=3

[Mon Mar  1 13:28:12 2021]
Finished job 160.
15 of 483 steps (3%) done
Select jobs to execute...

[Mon Mar  1 13:28:12 2021]
rule run_indelible:
    input: indelible/30_control.txt
    output: indelible_output/30/trees/3.nwk, indelible_output/30/30_TRUE_3.fasta, indelible_output/30/30_ANCESTRAL_3.fasta, indelible_output/30/N0_trees/3.nwk
    jobid: 229
    wildcards: taxon=30, rep=3

Warning: the following output files of rule run_indelible were not present when the DAG was created:
{'indelible_output/30/N0_trees/3.nwk', 'indelible_output/30/30_TRUE_3.fasta', 'indelible_output/30/30_ANCESTRAL_3.fasta'}
[Mon Mar  1 13:28:13 2021]
Finished job 229.
16 of 483 steps (3%) done
Select jobs to execute...

[Mon Mar  1 13:28:13 2021]
rule concat_indelible:
    input: indelible_output/10/10_TRUE_3.fasta, indelible_output/10/10_ANCESTRAL_3.fasta
    output: indelible_output/10/concatenated/10_3.fasta
    jobid: 23
    wildcards: taxon=10, rep=3

[Mon Mar  1 13:28:13 2021]
Finished job 23.
17 of 483 steps (4%) done
Select jobs to execute...

[Mon Mar  1 13:28:13 2021]
rule run_indelible:
    input: indelible/25_control.txt
    output: indelible_output/25/trees/2.nwk, indelible_output/25/25_TRUE_2.fasta, indelible_output/25/25_ANCESTRAL_2.fasta, indelible_output/25/N0_trees/2.nwk
    jobid: 153
    wildcards: taxon=25, rep=2

Warning: the following output files of rule run_indelible were not present when the DAG was created:
{'indelible_output/25/25_TRUE_2.fasta', 'indelible_output/25/25_ANCESTRAL_2.fasta', 'indelible_output/25/N0_trees/2.nwk'}
[Mon Mar  1 13:28:14 2021]
Finished job 153.
18 of 483 steps (4%) done
Select jobs to execute...

[Mon Mar  1 13:28:14 2021]
rule run_indelible:
    input: indelible/25_control.txt
    output: indelible_output/25/trees/4.nwk, indelible_output/25/25_TRUE_4.fasta, indelible_output/25/25_ANCESTRAL_4.fasta, indelible_output/25/N0_trees/4.nwk
    jobid: 167
    wildcards: taxon=25, rep=4

Warning: the following output files of rule run_indelible were not present when the DAG was created:
{'indelible_output/25/25_TRUE_4.fasta', 'indelible_output/25/25_ANCESTRAL_4.fasta', 'indelible_output/25/N0_trees/4.nwk'}
[Mon Mar  1 13:28:16 2021]
Finished job 167.
19 of 483 steps (4%) done
Select jobs to execute...

[Mon Mar  1 13:28:16 2021]
rule concat_indelible:
    input: indelible_output/25/25_TRUE_2.fasta, indelible_output/25/25_ANCESTRAL_2.fasta
    output: indelible_output/25/concatenated/25_2.fasta
    jobid: 154
    wildcards: taxon=25, rep=2

[Mon Mar  1 13:28:16 2021]
Finished job 154.
20 of 483 steps (4%) done
Select jobs to execute...

[Mon Mar  1 13:28:16 2021]
rule clean_indelible:
    input: indelible_output/30/N0_trees/1.nwk, indelible_output/30/concatenated/30_1.fasta
    output: indelible_output/30/cleaned_aln/1.fasta, indelible_output/30/concatenated/1.fasta, indelible_output/30/cleaned_trees/1.nwk, indelible_output/30/cleaned_N0_trees/1.nwk, indelible_output/30/cleaned_no_internal_trees/1.nwk
    jobid: 213
    wildcards: taxon=30, rep=1

[Mon Mar  1 13:28:17 2021]
Finished job 213.
21 of 483 steps (4%) done
Select jobs to execute...

[Mon Mar  1 13:28:17 2021]
rule run_indelible:
    input: indelible/10_control.txt
    output: indelible_output/10/trees/2.nwk, indelible_output/10/10_TRUE_2.fasta, indelible_output/10/10_ANCESTRAL_2.fasta, indelible_output/10/N0_trees/2.nwk
    jobid: 15
    wildcards: taxon=10, rep=2

Warning: the following output files of rule run_indelible were not present when the DAG was created:
{'indelible_output/10/10_ANCESTRAL_2.fasta', 'indelible_output/10/10_TRUE_2.fasta', 'indelible_output/10/N0_trees/2.nwk'}
[Mon Mar  1 13:28:18 2021]
Finished job 15.
22 of 483 steps (5%) done
Select jobs to execute...

[Mon Mar  1 13:28:18 2021]
rule run_grasp:
    input: indelible_output/10/cleaned_aln/1.fasta, indelible_output/10/cleaned_N0_trees/1.nwk
    output: grasp_results/10/BEP/1, grasp_results/10/BEP/1/GRASP_ancestors.fasta, grasp_results/10/BEP/1/GRASP_ancestors.nwk
    jobid: 35
    wildcards: taxon=10, method=BEP, rep=1

[Mon Mar  1 13:28:18 2021]
Finished job 35.
23 of 483 steps (5%) done
Select jobs to execute...

[Mon Mar  1 13:28:18 2021]
rule concat_indelible:
    input: indelible_output/10/10_TRUE_2.fasta, indelible_output/10/10_ANCESTRAL_2.fasta
    output: indelible_output/10/concatenated/10_2.fasta
    jobid: 16
    wildcards: taxon=10, rep=2

[Mon Mar  1 13:28:19 2021]
Finished job 16.
24 of 483 steps (5%) done
Select jobs to execute...

[Mon Mar  1 13:28:19 2021]
rule run_grasp:
    input: indelible_output/30/cleaned_aln/1.fasta, indelible_output/30/cleaned_N0_trees/1.nwk
    output: grasp_results/30/SICML/1, grasp_results/30/SICML/1/GRASP_ancestors.fasta, grasp_results/30/SICML/1/GRASP_ancestors.nwk
    jobid: 212
    wildcards: taxon=30, method=SICML, rep=1

[Mon Mar  1 13:28:19 2021]
Finished job 212.
25 of 483 steps (5%) done
Select jobs to execute...

[Mon Mar  1 13:28:19 2021]
rule concat_indelible:
    input: indelible_output/25/25_TRUE_3.fasta, indelible_output/25/25_ANCESTRAL_3.fasta
    output: indelible_output/25/concatenated/25_3.fasta
    jobid: 161
    wildcards: taxon=25, rep=3

[Mon Mar  1 13:28:19 2021]
Finished job 161.
26 of 483 steps (5%) done
Select jobs to execute...

[Mon Mar  1 13:28:19 2021]
rule clean_indelible:
    input: indelible_output/25/N0_trees/3.nwk, indelible_output/25/concatenated/25_3.fasta
    output: indelible_output/25/cleaned_aln/3.fasta, indelible_output/25/concatenated/3.fasta, indelible_output/25/cleaned_trees/3.nwk, indelible_output/25/cleaned_N0_trees/3.nwk, indelible_output/25/cleaned_no_internal_trees/3.nwk
    jobid: 159
    wildcards: taxon=25, rep=3

[Mon Mar  1 13:28:20 2021]
Finished job 159.
27 of 483 steps (6%) done
Select jobs to execute...

[Mon Mar  1 13:28:20 2021]
rule run_grasp:
    input: indelible_output/25/cleaned_aln/3.fasta, indelible_output/25/cleaned_N0_trees/3.nwk
    output: grasp_results/25/PSP/3, grasp_results/25/PSP/3/GRASP_ancestors.fasta, grasp_results/25/PSP/3/GRASP_ancestors.nwk
    jobid: 205
    wildcards: taxon=25, method=PSP, rep=3

[Mon Mar  1 13:28:21 2021]
Finished job 205.
28 of 483 steps (6%) done
Select jobs to execute...

[Mon Mar  1 13:28:21 2021]
rule concat_fasta:
    input: indelible_output/25/cleaned_aln/3.fasta, grasp_results/25/PSP/3/GRASP_ancestors.fasta
    output: grasp_results/concatenated/25/PSP/3/GRASP_ancestors.fasta
    jobid: 206
    wildcards: taxon=25, method=PSP, rep=3

[Mon Mar  1 13:28:21 2021]
Finished job 206.
29 of 483 steps (6%) done
Select jobs to execute...

[Mon Mar  1 13:28:21 2021]
rule concat_fasta:
    input: indelible_output/10/cleaned_aln/1.fasta, grasp_results/10/BEP/1/GRASP_ancestors.fasta
    output: grasp_results/concatenated/10/BEP/1/GRASP_ancestors.fasta
    jobid: 36
    wildcards: taxon=10, method=BEP, rep=1

[Mon Mar  1 13:28:21 2021]
Finished job 36.
30 of 483 steps (6%) done
Select jobs to execute...

[Mon Mar  1 13:28:21 2021]
rule concat_fasta:
    input: indelible_output/30/cleaned_aln/1.fasta, grasp_results/30/SICML/1/GRASP_ancestors.fasta
    output: grasp_results/concatenated/30/SICML/1/GRASP_ancestors.fasta
    jobid: 217
    wildcards: taxon=30, method=SICML, rep=1

[Mon Mar  1 13:28:21 2021]
Finished job 217.
31 of 483 steps (6%) done
Select jobs to execute...

[Mon Mar  1 13:28:21 2021]
rule run_grasp:
    input: indelible_output/25/cleaned_aln/3.fasta, indelible_output/25/cleaned_N0_trees/3.nwk
    output: grasp_results/25/BEP/3, grasp_results/25/BEP/3/GRASP_ancestors.fasta, grasp_results/25/BEP/3/GRASP_ancestors.nwk
    jobid: 179
    wildcards: taxon=25, method=BEP, rep=3

[Mon Mar  1 13:28:22 2021]
Finished job 179.
32 of 483 steps (7%) done
Select jobs to execute...

[Mon Mar  1 13:28:22 2021]
rule run_grasp:
    input: indelible_output/25/cleaned_aln/3.fasta, indelible_output/25/cleaned_N0_trees/3.nwk
    output: grasp_results/25/SICP/3, grasp_results/25/SICP/3/GRASP_ancestors.fasta, grasp_results/25/SICP/3/GRASP_ancestors.nwk
    jobid: 192
    wildcards: taxon=25, method=SICP, rep=3

[Mon Mar  1 13:28:22 2021]
Finished job 192.
33 of 483 steps (7%) done
Select jobs to execute...

[Mon Mar  1 13:28:22 2021]
rule concat_fasta:
    input: indelible_output/25/cleaned_aln/3.fasta, grasp_results/25/BEP/3/GRASP_ancestors.fasta
    output: grasp_results/concatenated/25/BEP/3/GRASP_ancestors.fasta
    jobid: 180
    wildcards: taxon=25, method=BEP, rep=3

[Mon Mar  1 13:28:22 2021]
Finished job 180.
34 of 483 steps (7%) done
Select jobs to execute...

[Mon Mar  1 13:28:22 2021]
rule run_grasp:
    input: indelible_output/30/cleaned_aln/1.fasta, indelible_output/30/cleaned_N0_trees/1.nwk
    output: grasp_results/30/SICP/1, grasp_results/30/SICP/1/GRASP_ancestors.fasta, grasp_results/30/SICP/1/GRASP_ancestors.nwk
    jobid: 255
    wildcards: taxon=30, method=SICP, rep=1

[Mon Mar  1 13:28:23 2021]
Finished job 255.
35 of 483 steps (7%) done
Select jobs to execute...

[Mon Mar  1 13:28:23 2021]
rule run_grasp:
    input: indelible_output/30/cleaned_aln/1.fasta, indelible_output/30/cleaned_N0_trees/1.nwk
    output: grasp_results/30/PSP/1, grasp_results/30/PSP/1/GRASP_ancestors.fasta, grasp_results/30/PSP/1/GRASP_ancestors.nwk
    jobid: 268
    wildcards: taxon=30, method=PSP, rep=1

[Mon Mar  1 13:28:23 2021]
Finished job 268.
36 of 483 steps (7%) done
Select jobs to execute...

[Mon Mar  1 13:28:23 2021]
rule clean_indelible:
    input: indelible_output/25/N0_trees/2.nwk, indelible_output/25/concatenated/25_2.fasta
    output: indelible_output/25/cleaned_aln/2.fasta, indelible_output/25/concatenated/2.fasta, indelible_output/25/cleaned_trees/2.nwk, indelible_output/25/cleaned_N0_trees/2.nwk, indelible_output/25/cleaned_no_internal_trees/2.nwk
    jobid: 152
    wildcards: taxon=25, rep=2

[Mon Mar  1 13:28:24 2021]
Finished job 152.
37 of 483 steps (8%) done
Select jobs to execute...

[Mon Mar  1 13:28:24 2021]
rule get_indelible_dict:
    input: indelible_output/25/concatenated/3.fasta, indelible_output/25/cleaned_N0_trees/3.nwk
    output: indelible_dicts/25/leaves_3.p, indelible_dicts/25/gaps_3.p
    jobid: 163
    wildcards: taxon=25, rep=3

[Mon Mar  1 13:28:25 2021]
Finished job 163.
38 of 483 steps (8%) done
Select jobs to execute...

[Mon Mar  1 13:28:25 2021]
rule run_fastml:
    input: indelible_output/30/cleaned_aln/1.fasta, indelible_output/30/cleaned_no_internal_trees/1.nwk
    output: fastml_results/30/1/seq.marginal_Chars_ParsimonyIndels.txt, fastml_results/30/1/seq.marginal_IndelAndChars.txt, fastml_results/30/1/tree.newick.txt, fastml_results/30/1
    jobid: 390
    wildcards: taxon=30, rep=1

[Mon Mar  1 13:28:38 2021]
Finished job 390.
39 of 483 steps (8%) done
Select jobs to execute...

[Mon Mar  1 13:28:38 2021]
rule run_grasp:
    input: indelible_output/30/cleaned_aln/1.fasta, indelible_output/30/cleaned_N0_trees/1.nwk
    output: grasp_results/30/BEP/1, grasp_results/30/BEP/1/GRASP_ancestors.fasta, grasp_results/30/BEP/1/GRASP_ancestors.nwk
    jobid: 242
    wildcards: taxon=30, method=BEP, rep=1

[Mon Mar  1 13:28:39 2021]
Finished job 242.
40 of 483 steps (8%) done
Select jobs to execute...

[Mon Mar  1 13:28:39 2021]
rule create_control_files:
    output: indelible/50_control.txt
    jobid: 284
    wildcards: taxon=50

[Mon Mar  1 13:28:40 2021]
Finished job 284.
41 of 483 steps (8%) done
Select jobs to execute...

[Mon Mar  1 13:28:40 2021]
rule run_indelible:
    input: indelible/50_control.txt
    output: indelible_output/50/trees/3.nwk, indelible_output/50/50_TRUE_3.fasta, indelible_output/50/50_ANCESTRAL_3.fasta, indelible_output/50/N0_trees/3.nwk
    jobid: 298
    wildcards: taxon=50, rep=3

[Mon Mar  1 13:28:41 2021]
Finished job 298.
42 of 483 steps (9%) done
Select jobs to execute...

[Mon Mar  1 13:28:41 2021]
rule clean_fastml_ml:
    input: fastml_results/30/1/seq.marginal_IndelAndChars.txt, fastml_results/30/1/tree.newick.txt
    output: fastml_results_ml/30/concatenated/1/FastML_ancestors.fasta, fastml_results_ml/30/cleaned_trees/1/tree.nwk, fastml_results_ml/30/cleaned_N0_trees/1/tree.nwk
    jobid: 442
    wildcards: taxon=30, rep=1

[Mon Mar  1 13:28:42 2021]
Finished job 442.
43 of 483 steps (9%) done
Select jobs to execute...

[Mon Mar  1 13:28:42 2021]
rule concat_fasta:
    input: indelible_output/25/cleaned_aln/3.fasta, grasp_results/25/SICP/3/GRASP_ancestors.fasta
    output: grasp_results/concatenated/25/SICP/3/GRASP_ancestors.fasta
    jobid: 193
    wildcards: taxon=25, method=SICP, rep=3

[Mon Mar  1 13:28:42 2021]
Finished job 193.
44 of 483 steps (9%) done
Select jobs to execute...

[Mon Mar  1 13:28:42 2021]
rule summarise_indels:
    input: grasp_results/25/SICP/3/GRASP_ancestors.nwk, grasp_results/concatenated/25/SICP/3/GRASP_ancestors.fasta, indelible_output/25/cleaned_N0_trees/3.nwk, indelible_output/25/concatenated/3.fasta, indelible_dicts/25/leaves_3.p, indelible_dicts/25/gaps_3.p
    output: summaries/25/SICP/3.csv
    jobid: 191
    wildcards: taxon=25, method=SICP, rep=3

[Mon Mar  1 13:28:43 2021]
Finished job 191.
45 of 483 steps (9%) done
Select jobs to execute...

[Mon Mar  1 13:28:43 2021]
rule concat_indelible:
    input: indelible_output/25/25_TRUE_4.fasta, indelible_output/25/25_ANCESTRAL_4.fasta
    output: indelible_output/25/concatenated/25_4.fasta
    jobid: 168
    wildcards: taxon=25, rep=4

[Mon Mar  1 13:28:43 2021]
Finished job 168.
46 of 483 steps (10%) done
Select jobs to execute...

[Mon Mar  1 13:28:43 2021]
rule concat_indelible:
    input: indelible_output/30/30_TRUE_3.fasta, indelible_output/30/30_ANCESTRAL_3.fasta
    output: indelible_output/30/concatenated/30_3.fasta
    jobid: 230
    wildcards: taxon=30, rep=3

[Mon Mar  1 13:28:43 2021]
Finished job 230.
47 of 483 steps (10%) done
Select jobs to execute...

[Mon Mar  1 13:28:43 2021]
rule concat_indelible:
    input: indelible_output/10/10_TRUE_4.fasta, indelible_output/10/10_ANCESTRAL_4.fasta
    output: indelible_output/10/concatenated/10_4.fasta
    jobid: 30
    wildcards: taxon=10, rep=4

[Mon Mar  1 13:28:43 2021]
Finished job 30.
48 of 483 steps (10%) done
Select jobs to execute...

[Mon Mar  1 13:28:43 2021]
rule concat_indelible:
    input: indelible_output/30/30_TRUE_4.fasta, indelible_output/30/30_ANCESTRAL_4.fasta
    output: indelible_output/30/concatenated/30_4.fasta
    jobid: 237
    wildcards: taxon=30, rep=4

[Mon Mar  1 13:28:44 2021]
Finished job 237.
49 of 483 steps (10%) done
Select jobs to execute...

[Mon Mar  1 13:28:44 2021]
rule run_fastml:
    input: indelible_output/10/cleaned_aln/1.fasta, indelible_output/10/cleaned_no_internal_trees/1.nwk
    output: fastml_results/10/1/seq.marginal_Chars_ParsimonyIndels.txt, fastml_results/10/1/seq.marginal_IndelAndChars.txt, fastml_results/10/1/tree.newick.txt, fastml_results/10/1
    jobid: 351
    wildcards: taxon=10, rep=1

[Mon Mar  1 13:28:46 2021]
Finished job 351.
50 of 483 steps (10%) done
Select jobs to execute...

[Mon Mar  1 13:28:46 2021]
rule run_grasp:
    input: indelible_output/10/cleaned_aln/1.fasta, indelible_output/10/cleaned_N0_trees/1.nwk
    output: grasp_results/10/SICP/1, grasp_results/10/SICP/1/GRASP_ancestors.fasta, grasp_results/10/SICP/1/GRASP_ancestors.nwk
    jobid: 48
    wildcards: taxon=10, method=SICP, rep=1

[Mon Mar  1 13:28:46 2021]
Finished job 48.
51 of 483 steps (11%) done
Select jobs to execute...

[Mon Mar  1 13:28:46 2021]
rule concat_fasta:
    input: indelible_output/30/cleaned_aln/1.fasta, grasp_results/30/SICP/1/GRASP_ancestors.fasta
    output: grasp_results/concatenated/30/SICP/1/GRASP_ancestors.fasta
    jobid: 256
    wildcards: taxon=30, method=SICP, rep=1

[Mon Mar  1 13:28:46 2021]
Finished job 256.
52 of 483 steps (11%) done
Select jobs to execute...

[Mon Mar  1 13:28:46 2021]
rule get_indelible_dict:
    input: indelible_output/10/concatenated/1.fasta, indelible_output/10/cleaned_N0_trees/1.nwk
    output: indelible_dicts/10/leaves_1.p, indelible_dicts/10/gaps_1.p
    jobid: 11
    wildcards: taxon=10, rep=1

[Mon Mar  1 13:28:47 2021]
Finished job 11.
53 of 483 steps (11%) done
Select jobs to execute...

[Mon Mar  1 13:28:47 2021]
rule run_grasp:
    input: indelible_output/25/cleaned_aln/2.fasta, indelible_output/25/cleaned_N0_trees/2.nwk
    output: grasp_results/25/SICML/2, grasp_results/25/SICML/2/GRASP_ancestors.fasta, grasp_results/25/SICML/2/GRASP_ancestors.nwk
    jobid: 151
    wildcards: taxon=25, method=SICML, rep=2

[Mon Mar  1 13:28:48 2021]
Finished job 151.
54 of 483 steps (11%) done
Select jobs to execute...

[Mon Mar  1 13:28:48 2021]
rule clean_fastml_parsimony:
    input: fastml_results/30/1/seq.marginal_Chars_ParsimonyIndels.txt, fastml_results/30/1/tree.newick.txt
    output: fastml_results_parsimony/30/concatenated/1/FastML_ancestors.fasta, fastml_results_parsimony/30/cleaned_trees/1/tree.nwk, fastml_results_parsimony/30/cleaned_N0_trees/1/tree.nwk
    jobid: 389
    wildcards: taxon=30, rep=1

[Mon Mar  1 13:28:49 2021]
Finished job 389.
55 of 483 steps (11%) done
Select jobs to execute...

[Mon Mar  1 13:28:49 2021]
rule run_indelible:
    input: indelible/50_control.txt
    output: indelible_output/50/trees/1.nwk, indelible_output/50/50_TRUE_1.fasta, indelible_output/50/50_ANCESTRAL_1.fasta, indelible_output/50/N0_trees/1.nwk
    jobid: 283
    wildcards: taxon=50, rep=1

Warning: the following output files of rule run_indelible were not present when the DAG was created:
{'indelible_output/50/50_ANCESTRAL_1.fasta', 'indelible_output/50/50_TRUE_1.fasta', 'indelible_output/50/N0_trees/1.nwk'}
[Mon Mar  1 13:28:50 2021]
Finished job 283.
56 of 483 steps (12%) done
Select jobs to execute...

[Mon Mar  1 13:28:50 2021]
rule concat_indelible:
    input: indelible_output/50/50_TRUE_1.fasta, indelible_output/50/50_ANCESTRAL_1.fasta
    output: indelible_output/50/concatenated/50_1.fasta
    jobid: 285
    wildcards: taxon=50, rep=1

[Mon Mar  1 13:28:50 2021]
Finished job 285.
57 of 483 steps (12%) done
Select jobs to execute...

[Mon Mar  1 13:28:50 2021]
rule concat_fasta:
    input: indelible_output/30/cleaned_aln/1.fasta, grasp_results/30/BEP/1/GRASP_ancestors.fasta
    output: grasp_results/concatenated/30/BEP/1/GRASP_ancestors.fasta
    jobid: 243
    wildcards: taxon=30, method=BEP, rep=1

[Mon Mar  1 13:28:50 2021]
Finished job 243.
58 of 483 steps (12%) done
Select jobs to execute...

[Mon Mar  1 13:28:50 2021]
rule run_indelible:
    input: indelible/50_control.txt
    output: indelible_output/50/trees/2.nwk, indelible_output/50/50_TRUE_2.fasta, indelible_output/50/50_ANCESTRAL_2.fasta, indelible_output/50/N0_trees/2.nwk
    jobid: 291
    wildcards: taxon=50, rep=2

Warning: the following output files of rule run_indelible were not present when the DAG was created:
{'indelible_output/50/50_TRUE_2.fasta', 'indelible_output/50/N0_trees/2.nwk', 'indelible_output/50/50_ANCESTRAL_2.fasta'}
[Mon Mar  1 13:28:51 2021]
Finished job 291.
59 of 483 steps (12%) done
Select jobs to execute...

[Mon Mar  1 13:28:51 2021]
rule get_indelible_dict:
    input: indelible_output/25/concatenated/2.fasta, indelible_output/25/cleaned_N0_trees/2.nwk
    output: indelible_dicts/25/leaves_2.p, indelible_dicts/25/gaps_2.p
    jobid: 156
    wildcards: taxon=25, rep=2

[Mon Mar  1 13:28:52 2021]
Finished job 156.
60 of 483 steps (12%) done
Select jobs to execute...

[Mon Mar  1 13:28:52 2021]
rule summarise_indelible:
    input: indelible_output/25/cleaned_N0_trees/3.nwk, indelible_output/25/concatenated/3.fasta, indelible_output/25/cleaned_N0_trees/3.nwk, indelible_output/25/concatenated/3.fasta, indelible_dicts/25/leaves_3.p, indelible_dicts/25/gaps_3.p
    output: indelible_summaries/25/3.csv
    jobid: 471
    wildcards: taxon=25, rep=3

[Mon Mar  1 13:28:54 2021]
Finished job 471.
61 of 483 steps (13%) done
Select jobs to execute...

[Mon Mar  1 13:28:54 2021]
rule run_fastml:
    input: indelible_output/25/cleaned_aln/2.fasta, indelible_output/25/cleaned_no_internal_trees/2.nwk
    output: fastml_results/25/2/seq.marginal_Chars_ParsimonyIndels.txt, fastml_results/25/2/seq.marginal_IndelAndChars.txt, fastml_results/25/2/tree.newick.txt, fastml_results/25/2
    jobid: 380
    wildcards: taxon=25, rep=2

[Mon Mar  1 13:29:00 2021]
Finished job 380.
62 of 483 steps (13%) done
Select jobs to execute...

[Mon Mar  1 13:29:00 2021]
rule clean_fastml_ml:
    input: fastml_results/25/2/seq.marginal_IndelAndChars.txt, fastml_results/25/2/tree.newick.txt
    output: fastml_results_ml/25/concatenated/2/FastML_ancestors.fasta, fastml_results_ml/25/cleaned_trees/2/tree.nwk, fastml_results_ml/25/cleaned_N0_trees/2/tree.nwk
    jobid: 435
    wildcards: taxon=25, rep=2

[Mon Mar  1 13:29:01 2021]
Finished job 435.
63 of 483 steps (13%) done
Select jobs to execute...

[Mon Mar  1 13:29:01 2021]
rule summarise_fastml_ml_indels:
    input: fastml_results_ml/25/concatenated/2/FastML_ancestors.fasta, fastml_results_ml/25/cleaned_N0_trees/2/tree.nwk, indelible_output/25/cleaned_N0_trees/2.nwk, indelible_output/25/concatenated/2.fasta, indelible_dicts/25/leaves_2.p, indelible_dicts/25/gaps_2.p
    output: fastml_ml_summaries/25/fastml/2.csv
    jobid: 434
    wildcards: taxon=25, rep=2

[Mon Mar  1 13:29:02 2021]
Finished job 434.
64 of 483 steps (13%) done
Select jobs to execute...

[Mon Mar  1 13:29:02 2021]
rule summarise_indelible:
    input: indelible_output/25/cleaned_N0_trees/2.nwk, indelible_output/25/concatenated/2.fasta, indelible_output/25/cleaned_N0_trees/2.nwk, indelible_output/25/concatenated/2.fasta, indelible_dicts/25/leaves_2.p, indelible_dicts/25/gaps_2.p
    output: indelible_summaries/25/2.csv
    jobid: 470
    wildcards: taxon=25, rep=2

[Mon Mar  1 13:29:03 2021]
Finished job 470.
65 of 483 steps (13%) done
Select jobs to execute...

[Mon Mar  1 13:29:03 2021]
rule run_grasp:
    input: indelible_output/25/cleaned_aln/2.fasta, indelible_output/25/cleaned_N0_trees/2.nwk
    output: grasp_results/25/BEP/2, grasp_results/25/BEP/2/GRASP_ancestors.fasta, grasp_results/25/BEP/2/GRASP_ancestors.nwk
    jobid: 176
    wildcards: taxon=25, method=BEP, rep=2

[Mon Mar  1 13:29:04 2021]
Finished job 176.
66 of 483 steps (14%) done
Select jobs to execute...

[Mon Mar  1 13:29:04 2021]
rule summarise_indels:
    input: grasp_results/25/BEP/3/GRASP_ancestors.nwk, grasp_results/concatenated/25/BEP/3/GRASP_ancestors.fasta, indelible_output/25/cleaned_N0_trees/3.nwk, indelible_output/25/concatenated/3.fasta, indelible_dicts/25/leaves_3.p, indelible_dicts/25/gaps_3.p
    output: summaries/25/BEP/3.csv
    jobid: 178
    wildcards: taxon=25, method=BEP, rep=3

[Mon Mar  1 13:29:05 2021]
Finished job 178.
67 of 483 steps (14%) done
Select jobs to execute...

[Mon Mar  1 13:29:05 2021]
rule run_grasp:
    input: indelible_output/25/cleaned_aln/2.fasta, indelible_output/25/cleaned_N0_trees/2.nwk
    output: grasp_results/25/PSP/2, grasp_results/25/PSP/2/GRASP_ancestors.fasta, grasp_results/25/PSP/2/GRASP_ancestors.nwk
    jobid: 202
    wildcards: taxon=25, method=PSP, rep=2

[Mon Mar  1 13:29:05 2021]
Finished job 202.
68 of 483 steps (14%) done
Select jobs to execute...

[Mon Mar  1 13:29:05 2021]
rule concat_fasta:
    input: indelible_output/25/cleaned_aln/2.fasta, grasp_results/25/PSP/2/GRASP_ancestors.fasta
    output: grasp_results/concatenated/25/PSP/2/GRASP_ancestors.fasta
    jobid: 203
    wildcards: taxon=25, method=PSP, rep=2

[Mon Mar  1 13:29:05 2021]
Finished job 203.
69 of 483 steps (14%) done
Select jobs to execute...

[Mon Mar  1 13:29:05 2021]
rule clean_indelible:
    input: indelible_output/50/N0_trees/1.nwk, indelible_output/50/concatenated/50_1.fasta
    output: indelible_output/50/cleaned_aln/1.fasta, indelible_output/50/concatenated/1.fasta, indelible_output/50/cleaned_trees/1.nwk, indelible_output/50/cleaned_N0_trees/1.nwk, indelible_output/50/cleaned_no_internal_trees/1.nwk
    jobid: 282
    wildcards: taxon=50, rep=1

[Mon Mar  1 13:29:06 2021]
Finished job 282.
70 of 483 steps (14%) done
Select jobs to execute...

[Mon Mar  1 13:29:06 2021]
rule run_grasp:
    input: indelible_output/50/cleaned_aln/1.fasta, indelible_output/50/cleaned_N0_trees/1.nwk
    output: grasp_results/50/BEP/1, grasp_results/50/BEP/1/GRASP_ancestors.fasta, grasp_results/50/BEP/1/GRASP_ancestors.nwk
    jobid: 311
    wildcards: taxon=50, method=BEP, rep=1

[Mon Mar  1 13:29:08 2021]
Finished job 311.
71 of 483 steps (15%) done
Select jobs to execute...

[Mon Mar  1 13:29:08 2021]
rule run_fastml:
    input: indelible_output/50/cleaned_aln/1.fasta, indelible_output/50/cleaned_no_internal_trees/1.nwk
    output: fastml_results/50/1/seq.marginal_Chars_ParsimonyIndels.txt, fastml_results/50/1/seq.marginal_IndelAndChars.txt, fastml_results/50/1/tree.newick.txt, fastml_results/50/1
    jobid: 403
    wildcards: taxon=50, rep=1

[Mon Mar  1 13:29:42 2021]
Finished job 403.
72 of 483 steps (15%) done
Select jobs to execute...

[Mon Mar  1 13:29:42 2021]
rule clean_fastml_parsimony:
    input: fastml_results/50/1/seq.marginal_Chars_ParsimonyIndels.txt, fastml_results/50/1/tree.newick.txt
    output: fastml_results_parsimony/50/concatenated/1/FastML_ancestors.fasta, fastml_results_parsimony/50/cleaned_trees/1/tree.nwk, fastml_results_parsimony/50/cleaned_N0_trees/1/tree.nwk
    jobid: 402
    wildcards: taxon=50, rep=1

[Mon Mar  1 13:29:43 2021]
Finished job 402.
73 of 483 steps (15%) done
Select jobs to execute...

[Mon Mar  1 13:29:43 2021]
rule run_grasp:
    input: indelible_output/50/cleaned_aln/1.fasta, indelible_output/50/cleaned_N0_trees/1.nwk
    output: grasp_results/50/SICP/1, grasp_results/50/SICP/1/GRASP_ancestors.fasta, grasp_results/50/SICP/1/GRASP_ancestors.nwk
    jobid: 324
    wildcards: taxon=50, method=SICP, rep=1

[Mon Mar  1 13:29:44 2021]
Finished job 324.
74 of 483 steps (15%) done
Select jobs to execute...

[Mon Mar  1 13:29:44 2021]
rule run_grasp:
    input: indelible_output/50/cleaned_aln/1.fasta, indelible_output/50/cleaned_N0_trees/1.nwk
    output: grasp_results/50/PSP/1, grasp_results/50/PSP/1/GRASP_ancestors.fasta, grasp_results/50/PSP/1/GRASP_ancestors.nwk
    jobid: 337
    wildcards: taxon=50, method=PSP, rep=1

[Mon Mar  1 13:29:45 2021]
Finished job 337.
75 of 483 steps (16%) done
Select jobs to execute...

[Mon Mar  1 13:29:45 2021]
rule concat_fasta:
    input: indelible_output/50/cleaned_aln/1.fasta, grasp_results/50/PSP/1/GRASP_ancestors.fasta
    output: grasp_results/concatenated/50/PSP/1/GRASP_ancestors.fasta
    jobid: 338
    wildcards: taxon=50, method=PSP, rep=1

[Mon Mar  1 13:29:45 2021]
Finished job 338.
76 of 483 steps (16%) done
Select jobs to execute...

[Mon Mar  1 13:29:45 2021]
rule clean_indelible:
    input: indelible_output/30/N0_trees/4.nwk, indelible_output/30/concatenated/30_4.fasta
    output: indelible_output/30/cleaned_aln/4.fasta, indelible_output/30/concatenated/4.fasta, indelible_output/30/cleaned_trees/4.nwk, indelible_output/30/cleaned_N0_trees/4.nwk, indelible_output/30/cleaned_no_internal_trees/4.nwk
    jobid: 235
    wildcards: taxon=30, rep=4

[Mon Mar  1 13:29:46 2021]
Finished job 235.
77 of 483 steps (16%) done
Select jobs to execute...

[Mon Mar  1 13:29:46 2021]
rule run_grasp:
    input: indelible_output/30/cleaned_aln/4.fasta, indelible_output/30/cleaned_N0_trees/4.nwk
    output: grasp_results/30/PSP/4, grasp_results/30/PSP/4/GRASP_ancestors.fasta, grasp_results/30/PSP/4/GRASP_ancestors.nwk
    jobid: 277
    wildcards: taxon=30, method=PSP, rep=4

[Mon Mar  1 13:29:47 2021]
Finished job 277.
78 of 483 steps (16%) done
Select jobs to execute...

[Mon Mar  1 13:29:47 2021]
rule run_grasp:
    input: indelible_output/30/cleaned_aln/4.fasta, indelible_output/30/cleaned_N0_trees/4.nwk
    output: grasp_results/30/SICML/4, grasp_results/30/SICML/4/GRASP_ancestors.fasta, grasp_results/30/SICML/4/GRASP_ancestors.nwk
    jobid: 234
    wildcards: taxon=30, method=SICML, rep=4

[Mon Mar  1 13:29:47 2021]
Finished job 234.
79 of 483 steps (16%) done
Select jobs to execute...

[Mon Mar  1 13:29:47 2021]
rule clean_fastml_ml:
    input: fastml_results/10/1/seq.marginal_IndelAndChars.txt, fastml_results/10/1/tree.newick.txt
    output: fastml_results_ml/10/concatenated/1/FastML_ancestors.fasta, fastml_results_ml/10/cleaned_trees/1/tree.nwk, fastml_results_ml/10/cleaned_N0_trees/1/tree.nwk
    jobid: 415
    wildcards: taxon=10, rep=1

[Mon Mar  1 13:29:48 2021]
Finished job 415.
80 of 483 steps (17%) done
Select jobs to execute...

[Mon Mar  1 13:29:48 2021]
rule concat_fasta:
    input: indelible_output/30/cleaned_aln/4.fasta, grasp_results/30/PSP/4/GRASP_ancestors.fasta
    output: grasp_results/concatenated/30/PSP/4/GRASP_ancestors.fasta
    jobid: 278
    wildcards: taxon=30, method=PSP, rep=4

[Mon Mar  1 13:29:48 2021]
Finished job 278.
81 of 483 steps (17%) done
Select jobs to execute...

[Mon Mar  1 13:29:48 2021]
rule concat_fasta:
    input: indelible_output/30/cleaned_aln/4.fasta, grasp_results/30/SICML/4/GRASP_ancestors.fasta
    output: grasp_results/concatenated/30/SICML/4/GRASP_ancestors.fasta
    jobid: 238
    wildcards: taxon=30, method=SICML, rep=4

[Mon Mar  1 13:29:48 2021]
Finished job 238.
82 of 483 steps (17%) done
Select jobs to execute...

[Mon Mar  1 13:29:48 2021]
rule clean_fastml_ml:
    input: fastml_results/50/1/seq.marginal_IndelAndChars.txt, fastml_results/50/1/tree.newick.txt
    output: fastml_results_ml/50/concatenated/1/FastML_ancestors.fasta, fastml_results_ml/50/cleaned_trees/1/tree.nwk, fastml_results_ml/50/cleaned_N0_trees/1/tree.nwk
    jobid: 451
    wildcards: taxon=50, rep=1

[Mon Mar  1 13:29:49 2021]
Finished job 451.
83 of 483 steps (17%) done
Select jobs to execute...

[Mon Mar  1 13:29:49 2021]
rule clean_indelible:
    input: indelible_output/10/N0_trees/4.nwk, indelible_output/10/concatenated/10_4.fasta
    output: indelible_output/10/cleaned_aln/4.fasta, indelible_output/10/concatenated/4.fasta, indelible_output/10/cleaned_trees/4.nwk, indelible_output/10/cleaned_N0_trees/4.nwk, indelible_output/10/cleaned_no_internal_trees/4.nwk
    jobid: 28
    wildcards: taxon=10, rep=4

[Mon Mar  1 13:29:50 2021]
Finished job 28.
84 of 483 steps (17%) done
Select jobs to execute...

[Mon Mar  1 13:29:50 2021]
rule run_grasp:
    input: indelible_output/10/cleaned_aln/4.fasta, indelible_output/10/cleaned_N0_trees/4.nwk
    output: grasp_results/10/PSP/4, grasp_results/10/PSP/4/GRASP_ancestors.fasta, grasp_results/10/PSP/4/GRASP_ancestors.nwk
    jobid: 70
    wildcards: taxon=10, method=PSP, rep=4

[Mon Mar  1 13:29:51 2021]
Finished job 70.
85 of 483 steps (18%) done
Select jobs to execute...

[Mon Mar  1 13:29:51 2021]
rule get_indelible_dict:
    input: indelible_output/10/concatenated/4.fasta, indelible_output/10/cleaned_N0_trees/4.nwk
    output: indelible_dicts/10/leaves_4.p, indelible_dicts/10/gaps_4.p
    jobid: 32
    wildcards: taxon=10, rep=4

[Mon Mar  1 13:29:52 2021]
Finished job 32.
86 of 483 steps (18%) done
Select jobs to execute...

[Mon Mar  1 13:29:52 2021]
rule run_grasp:
    input: indelible_output/10/cleaned_aln/4.fasta, indelible_output/10/cleaned_N0_trees/4.nwk
    output: grasp_results/10/SICML/4, grasp_results/10/SICML/4/GRASP_ancestors.fasta, grasp_results/10/SICML/4/GRASP_ancestors.nwk
    jobid: 27
    wildcards: taxon=10, method=SICML, rep=4

[Mon Mar  1 13:29:52 2021]
Finished job 27.
87 of 483 steps (18%) done
Select jobs to execute...

[Mon Mar  1 13:29:52 2021]
rule concat_fasta:
    input: indelible_output/10/cleaned_aln/4.fasta, grasp_results/10/SICML/4/GRASP_ancestors.fasta
    output: grasp_results/concatenated/10/SICML/4/GRASP_ancestors.fasta
    jobid: 31
    wildcards: taxon=10, method=SICML, rep=4

[Mon Mar  1 13:29:52 2021]
Finished job 31.
88 of 483 steps (18%) done
Select jobs to execute...

[Mon Mar  1 13:29:52 2021]
rule concat_fasta:
    input: indelible_output/30/cleaned_aln/1.fasta, grasp_results/30/PSP/1/GRASP_ancestors.fasta
    output: grasp_results/concatenated/30/PSP/1/GRASP_ancestors.fasta
    jobid: 269
    wildcards: taxon=30, method=PSP, rep=1

[Mon Mar  1 13:29:52 2021]
Finished job 269.
89 of 483 steps (18%) done
Select jobs to execute...

[Mon Mar  1 13:29:52 2021]
rule summarise_indelible:
    input: indelible_output/10/cleaned_N0_trees/4.nwk, indelible_output/10/concatenated/4.fasta, indelible_output/10/cleaned_N0_trees/4.nwk, indelible_output/10/concatenated/4.fasta, indelible_dicts/10/leaves_4.p, indelible_dicts/10/gaps_4.p
    output: indelible_summaries/10/4.csv
    jobid: 462
    wildcards: taxon=10, rep=4

[Mon Mar  1 13:29:53 2021]
Finished job 462.
90 of 483 steps (19%) done
Select jobs to execute...

[Mon Mar  1 13:29:53 2021]
rule run_fastml:
    input: indelible_output/10/cleaned_aln/4.fasta, indelible_output/10/cleaned_no_internal_trees/4.nwk
    output: fastml_results/10/4/seq.marginal_Chars_ParsimonyIndels.txt, fastml_results/10/4/seq.marginal_IndelAndChars.txt, fastml_results/10/4/tree.newick.txt, fastml_results/10/4
    jobid: 360
    wildcards: taxon=10, rep=4

[Mon Mar  1 13:29:55 2021]
Finished job 360.
91 of 483 steps (19%) done
Select jobs to execute...

[Mon Mar  1 13:29:55 2021]
rule clean_fastml_parsimony:
    input: fastml_results/10/4/seq.marginal_Chars_ParsimonyIndels.txt, fastml_results/10/4/tree.newick.txt
    output: fastml_results_parsimony/10/concatenated/4/FastML_ancestors.fasta, fastml_results_parsimony/10/cleaned_trees/4/tree.nwk, fastml_results_parsimony/10/cleaned_N0_trees/4/tree.nwk
    jobid: 359
    wildcards: taxon=10, rep=4

[Mon Mar  1 13:29:56 2021]
Finished job 359.
92 of 483 steps (19%) done
Select jobs to execute...

[Mon Mar  1 13:29:56 2021]
rule summarise_fastml_parsimony_indels:
    input: fastml_results_parsimony/10/concatenated/4/FastML_ancestors.fasta, fastml_results_parsimony/10/cleaned_N0_trees/4/tree.nwk, indelible_output/10/cleaned_N0_trees/4.nwk, indelible_output/10/concatenated/4.fasta, indelible_dicts/10/leaves_4.p, indelible_dicts/10/gaps_4.p
    output: fastml_parsimony_summaries/10/fastml/4.csv
    jobid: 358
    wildcards: taxon=10, rep=4

[Mon Mar  1 13:29:57 2021]
Finished job 358.
93 of 483 steps (19%) done
Select jobs to execute...

[Mon Mar  1 13:29:57 2021]
rule clean_fastml_ml:
    input: fastml_results/10/4/seq.marginal_IndelAndChars.txt, fastml_results/10/4/tree.newick.txt
    output: fastml_results_ml/10/concatenated/4/FastML_ancestors.fasta, fastml_results_ml/10/cleaned_trees/4/tree.nwk, fastml_results_ml/10/cleaned_N0_trees/4/tree.nwk
    jobid: 421
    wildcards: taxon=10, rep=4

[Mon Mar  1 13:29:58 2021]
Finished job 421.
94 of 483 steps (19%) done
Select jobs to execute...

[Mon Mar  1 13:29:58 2021]
rule summarise_fastml_ml_indels:
    input: fastml_results_ml/10/concatenated/4/FastML_ancestors.fasta, fastml_results_ml/10/cleaned_N0_trees/4/tree.nwk, indelible_output/10/cleaned_N0_trees/4.nwk, indelible_output/10/concatenated/4.fasta, indelible_dicts/10/leaves_4.p, indelible_dicts/10/gaps_4.p
    output: fastml_ml_summaries/10/fastml/4.csv
    jobid: 420
    wildcards: taxon=10, rep=4

[Mon Mar  1 13:29:59 2021]
Finished job 420.
95 of 483 steps (20%) done
Select jobs to execute...

[Mon Mar  1 13:29:59 2021]
rule run_grasp:
    input: indelible_output/10/cleaned_aln/4.fasta, indelible_output/10/cleaned_N0_trees/4.nwk
    output: grasp_results/10/SICP/4, grasp_results/10/SICP/4/GRASP_ancestors.fasta, grasp_results/10/SICP/4/GRASP_ancestors.nwk
    jobid: 57
    wildcards: taxon=10, method=SICP, rep=4

[Mon Mar  1 13:29:59 2021]
Finished job 57.
96 of 483 steps (20%) done
Select jobs to execute...

[Mon Mar  1 13:29:59 2021]
rule concat_fasta:
    input: indelible_output/10/cleaned_aln/4.fasta, grasp_results/10/SICP/4/GRASP_ancestors.fasta
    output: grasp_results/concatenated/10/SICP/4/GRASP_ancestors.fasta
    jobid: 58
    wildcards: taxon=10, method=SICP, rep=4

[Mon Mar  1 13:29:59 2021]
Finished job 58.
97 of 483 steps (20%) done
Select jobs to execute...

[Mon Mar  1 13:29:59 2021]
rule run_grasp:
    input: indelible_output/30/cleaned_aln/4.fasta, indelible_output/30/cleaned_N0_trees/4.nwk
    output: grasp_results/30/SICP/4, grasp_results/30/SICP/4/GRASP_ancestors.fasta, grasp_results/30/SICP/4/GRASP_ancestors.nwk
    jobid: 264
    wildcards: taxon=30, method=SICP, rep=4

[Mon Mar  1 13:30:00 2021]
Finished job 264.
98 of 483 steps (20%) done
Select jobs to execute...

[Mon Mar  1 13:30:00 2021]
rule concat_fasta:
    input: indelible_output/30/cleaned_aln/4.fasta, grasp_results/30/SICP/4/GRASP_ancestors.fasta
    output: grasp_results/concatenated/30/SICP/4/GRASP_ancestors.fasta
    jobid: 265
    wildcards: taxon=30, method=SICP, rep=4

[Mon Mar  1 13:30:00 2021]
Finished job 265.
99 of 483 steps (20%) done
Select jobs to execute...

[Mon Mar  1 13:30:00 2021]
rule run_fastml:
    input: indelible_output/30/cleaned_aln/4.fasta, indelible_output/30/cleaned_no_internal_trees/4.nwk
    output: fastml_results/30/4/seq.marginal_Chars_ParsimonyIndels.txt, fastml_results/30/4/seq.marginal_IndelAndChars.txt, fastml_results/30/4/tree.newick.txt, fastml_results/30/4
    jobid: 399
    wildcards: taxon=30, rep=4

[Mon Mar  1 13:30:07 2021]
Finished job 399.
100 of 483 steps (21%) done
Select jobs to execute...

[Mon Mar  1 13:30:07 2021]
rule clean_fastml_ml:
    input: fastml_results/30/4/seq.marginal_IndelAndChars.txt, fastml_results/30/4/tree.newick.txt
    output: fastml_results_ml/30/concatenated/4/FastML_ancestors.fasta, fastml_results_ml/30/cleaned_trees/4/tree.nwk, fastml_results_ml/30/cleaned_N0_trees/4/tree.nwk
    jobid: 448
    wildcards: taxon=30, rep=4

[Mon Mar  1 13:30:08 2021]
Finished job 448.
101 of 483 steps (21%) done
Select jobs to execute...

[Mon Mar  1 13:30:08 2021]
rule clean_fastml_parsimony:
    input: fastml_results/30/4/seq.marginal_Chars_ParsimonyIndels.txt, fastml_results/30/4/tree.newick.txt
    output: fastml_results_parsimony/30/concatenated/4/FastML_ancestors.fasta, fastml_results_parsimony/30/cleaned_trees/4/tree.nwk, fastml_results_parsimony/30/cleaned_N0_trees/4/tree.nwk
    jobid: 398
    wildcards: taxon=30, rep=4

[Mon Mar  1 13:30:09 2021]
Finished job 398.
102 of 483 steps (21%) done
Select jobs to execute...

[Mon Mar  1 13:30:09 2021]
rule summarise_indels:
    input: grasp_results/25/PSP/2/GRASP_ancestors.nwk, grasp_results/concatenated/25/PSP/2/GRASP_ancestors.fasta, indelible_output/25/cleaned_N0_trees/2.nwk, indelible_output/25/concatenated/2.fasta, indelible_dicts/25/leaves_2.p, indelible_dicts/25/gaps_2.p
    output: summaries/25/PSP/2.csv
    jobid: 201
    wildcards: taxon=25, method=PSP, rep=2

[Mon Mar  1 13:30:10 2021]
Finished job 201.
103 of 483 steps (21%) done
Select jobs to execute...

[Mon Mar  1 13:30:10 2021]
rule summarise_indels:
    input: grasp_results/10/SICML/4/GRASP_ancestors.nwk, grasp_results/concatenated/10/SICML/4/GRASP_ancestors.fasta, indelible_output/10/cleaned_N0_trees/4.nwk, indelible_output/10/concatenated/4.fasta, indelible_dicts/10/leaves_4.p, indelible_dicts/10/gaps_4.p
    output: summaries/10/SICML/4.csv
    jobid: 26
    wildcards: taxon=10, method=SICML, rep=4

[Mon Mar  1 13:30:11 2021]
Finished job 26.
104 of 483 steps (22%) done
Select jobs to execute...

[Mon Mar  1 13:30:11 2021]
rule run_grasp:
    input: indelible_output/25/cleaned_aln/3.fasta, indelible_output/25/cleaned_N0_trees/3.nwk
    output: grasp_results/25/SICML/3, grasp_results/25/SICML/3/GRASP_ancestors.fasta, grasp_results/25/SICML/3/GRASP_ancestors.nwk
    jobid: 158
    wildcards: taxon=25, method=SICML, rep=3

[Mon Mar  1 13:30:12 2021]
Finished job 158.
105 of 483 steps (22%) done
Select jobs to execute...

[Mon Mar  1 13:30:12 2021]
rule concat_fasta:
    input: indelible_output/25/cleaned_aln/3.fasta, grasp_results/25/SICML/3/GRASP_ancestors.fasta
    output: grasp_results/concatenated/25/SICML/3/GRASP_ancestors.fasta
    jobid: 162
    wildcards: taxon=25, method=SICML, rep=3

[Mon Mar  1 13:30:12 2021]
Finished job 162.
106 of 483 steps (22%) done
Select jobs to execute...

[Mon Mar  1 13:30:12 2021]
rule summarise_indels:
    input: grasp_results/25/SICML/3/GRASP_ancestors.nwk, grasp_results/concatenated/25/SICML/3/GRASP_ancestors.fasta, indelible_output/25/cleaned_N0_trees/3.nwk, indelible_output/25/concatenated/3.fasta, indelible_dicts/25/leaves_3.p, indelible_dicts/25/gaps_3.p
    output: summaries/25/SICML/3.csv
    jobid: 157
    wildcards: taxon=25, method=SICML, rep=3

[Mon Mar  1 13:30:13 2021]
Finished job 157.
107 of 483 steps (22%) done
Select jobs to execute...

[Mon Mar  1 13:30:13 2021]
rule run_fastml:
    input: indelible_output/25/cleaned_aln/3.fasta, indelible_output/25/cleaned_no_internal_trees/3.nwk
    output: fastml_results/25/3/seq.marginal_Chars_ParsimonyIndels.txt, fastml_results/25/3/seq.marginal_IndelAndChars.txt, fastml_results/25/3/tree.newick.txt, fastml_results/25/3
    jobid: 383
    wildcards: taxon=25, rep=3

Waiting at most 10 seconds for missing files.
MissingOutputException in line 53 of /Users/gabefoley/Dropbox/PhD/20210121_Indel_Evaluation_Project/Indel_Evaluation_Snakemake/Snakefile:
Job Missing files after 10 seconds:
fastml_results/25/3/seq.marginal_Chars_ParsimonyIndels.txt
fastml_results/25/3/seq.marginal_IndelAndChars.txt
This might be due to filesystem latency. If that is the case, consider to increase the wait time with --latency-wait.
Job id: 383 completed successfully, but some output files are missing. 383
  File "/Users/gabefoley/miniconda3_latest/envs/indel_snakemake/lib/python3.9/site-packages/snakemake/executors/__init__.py", line 583, in handle_job_success
  File "/Users/gabefoley/miniconda3_latest/envs/indel_snakemake/lib/python3.9/site-packages/snakemake/executors/__init__.py", line 252, in handle_job_success
Removing output files of failed job run_fastml since they might be corrupted:
fastml_results/25/3/tree.newick.txt, fastml_results/25/3
Shutting down, this might take some time.
Exiting because a job execution failed. Look above for error message
Complete log: /Users/gabefoley/Dropbox/PhD/20210121_Indel_Evaluation_Project/Indel_Evaluation_Snakemake/.snakemake/log/2021-03-01T132801.247615.snakemake.log
