Building DAG of jobs...
Using shell: /bin/bash
Provided cores: 1 (use --cores to define parallelism)
Rules claiming more threads will be scaled down.
Job counts:
	count	jobs
	60	clean_indelible
	1	compile_latex
	360	concat_fasta
	60	concat_indelible
	3	concat_indelible_summaries
	18	concat_summaries
	3	create_control_files
	1	generate_latex
	1	generate_output_dict
	60	get_indelible_dict
	360	run_grasp
	60	run_indelible
	60	summarise_indelible
	360	summarise_indels
	1407
Select jobs to execute...

[Tue Mar  2 12:43:08 2021]
rule create_control_files:
    output: indelible/5_control.txt
    jobid: 8
    wildcards: taxon=5

[Tue Mar  2 12:43:09 2021]
Finished job 8.
1 of 1407 steps (0.07%) done
Select jobs to execute...

[Tue Mar  2 12:43:09 2021]
rule run_indelible:
    input: indelible/5_control.txt
    output: indelible_output/5/trees/17.nwk, indelible_output/5/5_TRUE_17.fasta, indelible_output/5/5_ANCESTRAL_17.fasta, indelible_output/5/N0_trees/17.nwk
    jobid: 120
    wildcards: taxon=5, rep=17

[Tue Mar  2 12:43:10 2021]
Finished job 120.
2 of 1407 steps (0.14%) done
Select jobs to execute...

[Tue Mar  2 12:43:10 2021]
rule run_indelible:
    input: indelible/5_control.txt
    output: indelible_output/5/trees/18.nwk, indelible_output/5/5_TRUE_18.fasta, indelible_output/5/5_ANCESTRAL_18.fasta, indelible_output/5/N0_trees/18.nwk
    jobid: 127
    wildcards: taxon=5, rep=18

Warning: the following output files of rule run_indelible were not present when the DAG was created:
{'indelible_output/5/5_TRUE_18.fasta', 'indelible_output/5/5_ANCESTRAL_18.fasta', 'indelible_output/5/N0_trees/18.nwk'}
[Tue Mar  2 12:43:12 2021]
Finished job 127.
3 of 1407 steps (0.21%) done
Select jobs to execute...

[Tue Mar  2 12:43:12 2021]
rule run_indelible:
    input: indelible/5_control.txt
    output: indelible_output/5/trees/20.nwk, indelible_output/5/5_TRUE_20.fasta, indelible_output/5/5_ANCESTRAL_20.fasta, indelible_output/5/N0_trees/20.nwk
    jobid: 141
    wildcards: taxon=5, rep=20

Warning: the following output files of rule run_indelible were not present when the DAG was created:
{'indelible_output/5/N0_trees/20.nwk', 'indelible_output/5/5_TRUE_20.fasta', 'indelible_output/5/5_ANCESTRAL_20.fasta'}
[Tue Mar  2 12:43:13 2021]
Finished job 141.
4 of 1407 steps (0.28%) done
Select jobs to execute...

[Tue Mar  2 12:43:14 2021]
rule run_indelible:
    input: indelible/5_control.txt
    output: indelible_output/5/trees/15.nwk, indelible_output/5/5_TRUE_15.fasta, indelible_output/5/5_ANCESTRAL_15.fasta, indelible_output/5/N0_trees/15.nwk
    jobid: 106
    wildcards: taxon=5, rep=15

Warning: the following output files of rule run_indelible were not present when the DAG was created:
{'indelible_output/5/N0_trees/15.nwk', 'indelible_output/5/5_TRUE_15.fasta', 'indelible_output/5/5_ANCESTRAL_15.fasta'}
[Tue Mar  2 12:43:15 2021]
Finished job 106.
5 of 1407 steps (0.36%) done
Select jobs to execute...

[Tue Mar  2 12:43:15 2021]
rule run_indelible:
    input: indelible/5_control.txt
    output: indelible_output/5/trees/16.nwk, indelible_output/5/5_TRUE_16.fasta, indelible_output/5/5_ANCESTRAL_16.fasta, indelible_output/5/N0_trees/16.nwk
    jobid: 113
    wildcards: taxon=5, rep=16

Warning: the following output files of rule run_indelible were not present when the DAG was created:
{'indelible_output/5/5_TRUE_16.fasta', 'indelible_output/5/N0_trees/16.nwk', 'indelible_output/5/5_ANCESTRAL_16.fasta'}
[Tue Mar  2 12:43:17 2021]
Finished job 113.
6 of 1407 steps (0.43%) done
Select jobs to execute...

[Tue Mar  2 12:43:17 2021]
rule concat_indelible:
    input: indelible_output/5/5_TRUE_17.fasta, indelible_output/5/5_ANCESTRAL_17.fasta
    output: indelible_output/5/concatenated/5_17.fasta
    jobid: 121
    wildcards: taxon=5, rep=17

[Tue Mar  2 12:43:17 2021]
Finished job 121.
7 of 1407 steps (0.50%) done
Select jobs to execute...

[Tue Mar  2 12:43:17 2021]
rule run_indelible:
    input: indelible/5_control.txt
    output: indelible_output/5/trees/3.nwk, indelible_output/5/5_TRUE_3.fasta, indelible_output/5/5_ANCESTRAL_3.fasta, indelible_output/5/N0_trees/3.nwk
    jobid: 22
    wildcards: taxon=5, rep=3

Warning: the following output files of rule run_indelible were not present when the DAG was created:
{'indelible_output/5/5_ANCESTRAL_3.fasta', 'indelible_output/5/N0_trees/3.nwk', 'indelible_output/5/5_TRUE_3.fasta'}
[Tue Mar  2 12:43:18 2021]
Finished job 22.
8 of 1407 steps (0.57%) done
Select jobs to execute...

[Tue Mar  2 12:43:18 2021]
rule concat_indelible:
    input: indelible_output/5/5_TRUE_18.fasta, indelible_output/5/5_ANCESTRAL_18.fasta
    output: indelible_output/5/concatenated/5_18.fasta
    jobid: 128
    wildcards: taxon=5, rep=18

[Tue Mar  2 12:43:18 2021]
Finished job 128.
9 of 1407 steps (0.64%) done
Select jobs to execute...

[Tue Mar  2 12:43:18 2021]
rule run_indelible:
    input: indelible/5_control.txt
    output: indelible_output/5/trees/1.nwk, indelible_output/5/5_TRUE_1.fasta, indelible_output/5/5_ANCESTRAL_1.fasta, indelible_output/5/N0_trees/1.nwk
    jobid: 7
    wildcards: taxon=5, rep=1

Warning: the following output files of rule run_indelible were not present when the DAG was created:
{'indelible_output/5/5_ANCESTRAL_1.fasta', 'indelible_output/5/N0_trees/1.nwk', 'indelible_output/5/5_TRUE_1.fasta'}
[Tue Mar  2 12:43:20 2021]
Finished job 7.
10 of 1407 steps (0.71%) done
Select jobs to execute...

[Tue Mar  2 12:43:20 2021]
rule concat_indelible:
    input: indelible_output/5/5_TRUE_20.fasta, indelible_output/5/5_ANCESTRAL_20.fasta
    output: indelible_output/5/concatenated/5_20.fasta
    jobid: 142
    wildcards: taxon=5, rep=20

[Tue Mar  2 12:43:20 2021]
Finished job 142.
11 of 1407 steps (0.78%) done
Select jobs to execute...

[Tue Mar  2 12:43:20 2021]
rule create_control_files:
    output: indelible/10_control.txt
    jobid: 455
    wildcards: taxon=10

[Tue Mar  2 12:43:21 2021]
Finished job 455.
12 of 1407 steps (0.85%) done
Select jobs to execute...

[Tue Mar  2 12:43:21 2021]
rule run_indelible:
    input: indelible/5_control.txt
    output: indelible_output/5/trees/11.nwk, indelible_output/5/5_TRUE_11.fasta, indelible_output/5/5_ANCESTRAL_11.fasta, indelible_output/5/N0_trees/11.nwk
    jobid: 78
    wildcards: taxon=5, rep=11

Warning: the following output files of rule run_indelible were not present when the DAG was created:
{'indelible_output/5/5_ANCESTRAL_11.fasta', 'indelible_output/5/5_TRUE_11.fasta', 'indelible_output/5/N0_trees/11.nwk'}
[Tue Mar  2 12:43:23 2021]
Finished job 78.
13 of 1407 steps (0.92%) done
Select jobs to execute...

[Tue Mar  2 12:43:23 2021]
rule run_indelible:
    input: indelible/5_control.txt
    output: indelible_output/5/trees/12.nwk, indelible_output/5/5_TRUE_12.fasta, indelible_output/5/5_ANCESTRAL_12.fasta, indelible_output/5/N0_trees/12.nwk
    jobid: 85
    wildcards: taxon=5, rep=12

Warning: the following output files of rule run_indelible were not present when the DAG was created:
{'indelible_output/5/5_TRUE_12.fasta', 'indelible_output/5/N0_trees/12.nwk', 'indelible_output/5/5_ANCESTRAL_12.fasta'}
[Tue Mar  2 12:43:25 2021]
Finished job 85.
14 of 1407 steps (1.00%) done
Select jobs to execute...

[Tue Mar  2 12:43:26 2021]
rule run_indelible:
    input: indelible/10_control.txt
    output: indelible_output/10/trees/7.nwk, indelible_output/10/10_TRUE_7.fasta, indelible_output/10/10_ANCESTRAL_7.fasta, indelible_output/10/N0_trees/7.nwk
    jobid: 497
    wildcards: taxon=10, rep=7

[Tue Mar  2 12:43:28 2021]
Finished job 497.
15 of 1407 steps (1%) done
Select jobs to execute...

[Tue Mar  2 12:43:28 2021]
rule run_indelible:
    input: indelible/10_control.txt
    output: indelible_output/10/trees/8.nwk, indelible_output/10/10_TRUE_8.fasta, indelible_output/10/10_ANCESTRAL_8.fasta, indelible_output/10/N0_trees/8.nwk
    jobid: 504
    wildcards: taxon=10, rep=8

Warning: the following output files of rule run_indelible were not present when the DAG was created:
{'indelible_output/10/10_TRUE_8.fasta', 'indelible_output/10/10_ANCESTRAL_8.fasta', 'indelible_output/10/N0_trees/8.nwk'}
[Tue Mar  2 12:43:30 2021]
Finished job 504.
16 of 1407 steps (1%) done
Select jobs to execute...

[Tue Mar  2 12:43:31 2021]
rule create_control_files:
    output: indelible/15_control.txt
    jobid: 902
    wildcards: taxon=15

[Tue Mar  2 12:43:31 2021]
Finished job 902.
17 of 1407 steps (1%) done
Select jobs to execute...

[Tue Mar  2 12:43:31 2021]
rule run_indelible:
    input: indelible/10_control.txt
    output: indelible_output/10/trees/10.nwk, indelible_output/10/10_TRUE_10.fasta, indelible_output/10/10_ANCESTRAL_10.fasta, indelible_output/10/N0_trees/10.nwk
    jobid: 518
    wildcards: taxon=10, rep=10

Warning: the following output files of rule run_indelible were not present when the DAG was created:
{'indelible_output/10/10_ANCESTRAL_10.fasta', 'indelible_output/10/10_TRUE_10.fasta', 'indelible_output/10/N0_trees/10.nwk'}
[Tue Mar  2 12:43:34 2021]
Finished job 518.
18 of 1407 steps (1%) done
Select jobs to execute...

[Tue Mar  2 12:43:34 2021]
rule concat_indelible:
    input: indelible_output/5/5_TRUE_15.fasta, indelible_output/5/5_ANCESTRAL_15.fasta
    output: indelible_output/5/concatenated/5_15.fasta
    jobid: 107
    wildcards: taxon=5, rep=15

[Tue Mar  2 12:43:34 2021]
Finished job 107.
19 of 1407 steps (1%) done
Select jobs to execute...

[Tue Mar  2 12:43:34 2021]
rule run_indelible:
    input: indelible/5_control.txt
    output: indelible_output/5/trees/13.nwk, indelible_output/5/5_TRUE_13.fasta, indelible_output/5/5_ANCESTRAL_13.fasta, indelible_output/5/N0_trees/13.nwk
    jobid: 92
    wildcards: taxon=5, rep=13

Warning: the following output files of rule run_indelible were not present when the DAG was created:
{'indelible_output/5/5_TRUE_13.fasta', 'indelible_output/5/N0_trees/13.nwk', 'indelible_output/5/5_ANCESTRAL_13.fasta'}
[Tue Mar  2 12:43:37 2021]
Finished job 92.
20 of 1407 steps (1%) done
Select jobs to execute...

[Tue Mar  2 12:43:37 2021]
rule run_indelible:
    input: indelible/10_control.txt
    output: indelible_output/10/trees/9.nwk, indelible_output/10/10_TRUE_9.fasta, indelible_output/10/10_ANCESTRAL_9.fasta, indelible_output/10/N0_trees/9.nwk
    jobid: 511
    wildcards: taxon=10, rep=9

Warning: the following output files of rule run_indelible were not present when the DAG was created:
{'indelible_output/10/N0_trees/9.nwk', 'indelible_output/10/10_ANCESTRAL_9.fasta', 'indelible_output/10/10_TRUE_9.fasta'}
[Tue Mar  2 12:43:39 2021]
Finished job 511.
21 of 1407 steps (1%) done
Select jobs to execute...

[Tue Mar  2 12:43:40 2021]
rule run_indelible:
    input: indelible/15_control.txt
    output: indelible_output/15/trees/1.nwk, indelible_output/15/15_TRUE_1.fasta, indelible_output/15/15_ANCESTRAL_1.fasta, indelible_output/15/N0_trees/1.nwk
    jobid: 901
    wildcards: taxon=15, rep=1

[Tue Mar  2 12:43:42 2021]
Finished job 901.
22 of 1407 steps (2%) done
Select jobs to execute...

[Tue Mar  2 12:43:42 2021]
rule run_indelible:
    input: indelible/15_control.txt
    output: indelible_output/15/trees/3.nwk, indelible_output/15/15_TRUE_3.fasta, indelible_output/15/15_ANCESTRAL_3.fasta, indelible_output/15/N0_trees/3.nwk
    jobid: 916
    wildcards: taxon=15, rep=3

Warning: the following output files of rule run_indelible were not present when the DAG was created:
{'indelible_output/15/15_TRUE_3.fasta', 'indelible_output/15/N0_trees/3.nwk', 'indelible_output/15/15_ANCESTRAL_3.fasta'}
[Tue Mar  2 12:43:45 2021]
Finished job 916.
23 of 1407 steps (2%) done
Select jobs to execute...

[Tue Mar  2 12:43:45 2021]
rule run_indelible:
    input: indelible/15_control.txt
    output: indelible_output/15/trees/18.nwk, indelible_output/15/15_TRUE_18.fasta, indelible_output/15/15_ANCESTRAL_18.fasta, indelible_output/15/N0_trees/18.nwk
    jobid: 1021
    wildcards: taxon=15, rep=18

Warning: the following output files of rule run_indelible were not present when the DAG was created:
{'indelible_output/15/N0_trees/18.nwk', 'indelible_output/15/15_ANCESTRAL_18.fasta', 'indelible_output/15/15_TRUE_18.fasta'}
[Tue Mar  2 12:43:48 2021]
Finished job 1021.
24 of 1407 steps (2%) done
Select jobs to execute...

[Tue Mar  2 12:43:48 2021]
rule run_indelible:
    input: indelible/15_control.txt
    output: indelible_output/15/trees/2.nwk, indelible_output/15/15_TRUE_2.fasta, indelible_output/15/15_ANCESTRAL_2.fasta, indelible_output/15/N0_trees/2.nwk
    jobid: 909
    wildcards: taxon=15, rep=2

Warning: the following output files of rule run_indelible were not present when the DAG was created:
{'indelible_output/15/N0_trees/2.nwk', 'indelible_output/15/15_ANCESTRAL_2.fasta', 'indelible_output/15/15_TRUE_2.fasta'}
[Tue Mar  2 12:43:51 2021]
Finished job 909.
25 of 1407 steps (2%) done
Select jobs to execute...

[Tue Mar  2 12:43:51 2021]
rule run_indelible:
    input: indelible/15_control.txt
    output: indelible_output/15/trees/17.nwk, indelible_output/15/15_TRUE_17.fasta, indelible_output/15/15_ANCESTRAL_17.fasta, indelible_output/15/N0_trees/17.nwk
    jobid: 1014
    wildcards: taxon=15, rep=17

Warning: the following output files of rule run_indelible were not present when the DAG was created:
{'indelible_output/15/15_TRUE_17.fasta', 'indelible_output/15/15_ANCESTRAL_17.fasta', 'indelible_output/15/N0_trees/17.nwk'}
[Tue Mar  2 12:43:54 2021]
Finished job 1014.
26 of 1407 steps (2%) done
Select jobs to execute...

[Tue Mar  2 12:43:54 2021]
rule concat_indelible:
    input: indelible_output/10/10_TRUE_10.fasta, indelible_output/10/10_ANCESTRAL_10.fasta
    output: indelible_output/10/concatenated/10_10.fasta
    jobid: 519
    wildcards: taxon=10, rep=10

[Tue Mar  2 12:43:54 2021]
Finished job 519.
27 of 1407 steps (2%) done
Select jobs to execute...

[Tue Mar  2 12:43:54 2021]
rule run_indelible:
    input: indelible/15_control.txt
    output: indelible_output/15/trees/19.nwk, indelible_output/15/15_TRUE_19.fasta, indelible_output/15/15_ANCESTRAL_19.fasta, indelible_output/15/N0_trees/19.nwk
    jobid: 1028
    wildcards: taxon=15, rep=19

Warning: the following output files of rule run_indelible were not present when the DAG was created:
{'indelible_output/15/15_ANCESTRAL_19.fasta', 'indelible_output/15/15_TRUE_19.fasta', 'indelible_output/15/N0_trees/19.nwk'}
[Tue Mar  2 12:43:57 2021]
Finished job 1028.
28 of 1407 steps (2%) done
Select jobs to execute...

[Tue Mar  2 12:43:57 2021]
rule concat_indelible:
    input: indelible_output/15/15_TRUE_19.fasta, indelible_output/15/15_ANCESTRAL_19.fasta
    output: indelible_output/15/concatenated/15_19.fasta
    jobid: 1029
    wildcards: taxon=15, rep=19

[Tue Mar  2 12:43:57 2021]
Finished job 1029.
29 of 1407 steps (2%) done
Select jobs to execute...

[Tue Mar  2 12:43:57 2021]
rule run_indelible:
    input: indelible/15_control.txt
    output: indelible_output/15/trees/4.nwk, indelible_output/15/15_TRUE_4.fasta, indelible_output/15/15_ANCESTRAL_4.fasta, indelible_output/15/N0_trees/4.nwk
    jobid: 923
    wildcards: taxon=15, rep=4

Warning: the following output files of rule run_indelible were not present when the DAG was created:
{'indelible_output/15/N0_trees/4.nwk', 'indelible_output/15/15_TRUE_4.fasta', 'indelible_output/15/15_ANCESTRAL_4.fasta'}
[Tue Mar  2 12:43:59 2021]
Finished job 923.
30 of 1407 steps (2%) done
Select jobs to execute...

[Tue Mar  2 12:43:59 2021]
rule concat_indelible:
    input: indelible_output/15/15_TRUE_4.fasta, indelible_output/15/15_ANCESTRAL_4.fasta
    output: indelible_output/15/concatenated/15_4.fasta
    jobid: 924
    wildcards: taxon=15, rep=4

[Tue Mar  2 12:43:59 2021]
Finished job 924.
31 of 1407 steps (2%) done
Select jobs to execute...

[Tue Mar  2 12:43:59 2021]
rule concat_indelible:
    input: indelible_output/5/5_TRUE_16.fasta, indelible_output/5/5_ANCESTRAL_16.fasta
    output: indelible_output/5/concatenated/5_16.fasta
    jobid: 114
    wildcards: taxon=5, rep=16

[Tue Mar  2 12:43:59 2021]
Finished job 114.
32 of 1407 steps (2%) done
Select jobs to execute...

[Tue Mar  2 12:43:59 2021]
rule run_indelible:
    input: indelible/5_control.txt
    output: indelible_output/5/trees/14.nwk, indelible_output/5/5_TRUE_14.fasta, indelible_output/5/5_ANCESTRAL_14.fasta, indelible_output/5/N0_trees/14.nwk
    jobid: 99
    wildcards: taxon=5, rep=14

Warning: the following output files of rule run_indelible were not present when the DAG was created:
{'indelible_output/5/N0_trees/14.nwk', 'indelible_output/5/5_TRUE_14.fasta', 'indelible_output/5/5_ANCESTRAL_14.fasta'}
[Tue Mar  2 12:44:02 2021]
Finished job 99.
33 of 1407 steps (2%) done
Select jobs to execute...

[Tue Mar  2 12:44:02 2021]
rule concat_indelible:
    input: indelible_output/5/5_TRUE_14.fasta, indelible_output/5/5_ANCESTRAL_14.fasta
    output: indelible_output/5/concatenated/5_14.fasta
    jobid: 100
    wildcards: taxon=5, rep=14

[Tue Mar  2 12:44:02 2021]
Finished job 100.
34 of 1407 steps (2%) done
Select jobs to execute...

[Tue Mar  2 12:44:02 2021]
rule run_indelible:
    input: indelible/15_control.txt
    output: indelible_output/15/trees/5.nwk, indelible_output/15/15_TRUE_5.fasta, indelible_output/15/15_ANCESTRAL_5.fasta, indelible_output/15/N0_trees/5.nwk
    jobid: 930
    wildcards: taxon=15, rep=5

Warning: the following output files of rule run_indelible were not present when the DAG was created:
{'indelible_output/15/15_TRUE_5.fasta', 'indelible_output/15/15_ANCESTRAL_5.fasta', 'indelible_output/15/N0_trees/5.nwk'}
[Tue Mar  2 12:44:04 2021]
Finished job 930.
35 of 1407 steps (2%) done
Select jobs to execute...

[Tue Mar  2 12:44:04 2021]
rule concat_indelible:
    input: indelible_output/15/15_TRUE_5.fasta, indelible_output/15/15_ANCESTRAL_5.fasta
    output: indelible_output/15/concatenated/15_5.fasta
    jobid: 931
    wildcards: taxon=15, rep=5

[Tue Mar  2 12:44:04 2021]
Finished job 931.
36 of 1407 steps (3%) done
Select jobs to execute...

[Tue Mar  2 12:44:04 2021]
rule run_indelible:
    input: indelible/10_control.txt
    output: indelible_output/10/trees/11.nwk, indelible_output/10/10_TRUE_11.fasta, indelible_output/10/10_ANCESTRAL_11.fasta, indelible_output/10/N0_trees/11.nwk
    jobid: 525
    wildcards: taxon=10, rep=11

Warning: the following output files of rule run_indelible were not present when the DAG was created:
{'indelible_output/10/10_ANCESTRAL_11.fasta', 'indelible_output/10/10_TRUE_11.fasta', 'indelible_output/10/N0_trees/11.nwk'}
[Tue Mar  2 12:44:06 2021]
Finished job 525.
37 of 1407 steps (3%) done
Select jobs to execute...

[Tue Mar  2 12:44:06 2021]
rule concat_indelible:
    input: indelible_output/10/10_TRUE_11.fasta, indelible_output/10/10_ANCESTRAL_11.fasta
    output: indelible_output/10/concatenated/10_11.fasta
    jobid: 526
    wildcards: taxon=10, rep=11

[Tue Mar  2 12:44:06 2021]
Finished job 526.
38 of 1407 steps (3%) done
Select jobs to execute...

[Tue Mar  2 12:44:06 2021]
rule run_indelible:
    input: indelible/15_control.txt
    output: indelible_output/15/trees/7.nwk, indelible_output/15/15_TRUE_7.fasta, indelible_output/15/15_ANCESTRAL_7.fasta, indelible_output/15/N0_trees/7.nwk
    jobid: 944
    wildcards: taxon=15, rep=7

Warning: the following output files of rule run_indelible were not present when the DAG was created:
{'indelible_output/15/15_ANCESTRAL_7.fasta', 'indelible_output/15/15_TRUE_7.fasta', 'indelible_output/15/N0_trees/7.nwk'}
[Tue Mar  2 12:44:09 2021]
Finished job 944.
39 of 1407 steps (3%) done
Select jobs to execute...

[Tue Mar  2 12:44:09 2021]
rule concat_indelible:
    input: indelible_output/15/15_TRUE_7.fasta, indelible_output/15/15_ANCESTRAL_7.fasta
    output: indelible_output/15/concatenated/15_7.fasta
    jobid: 945
    wildcards: taxon=15, rep=7

[Tue Mar  2 12:44:09 2021]
Finished job 945.
40 of 1407 steps (3%) done
Select jobs to execute...

[Tue Mar  2 12:44:09 2021]
rule run_indelible:
    input: indelible/15_control.txt
    output: indelible_output/15/trees/20.nwk, indelible_output/15/15_TRUE_20.fasta, indelible_output/15/15_ANCESTRAL_20.fasta, indelible_output/15/N0_trees/20.nwk
    jobid: 1035
    wildcards: taxon=15, rep=20

Warning: the following output files of rule run_indelible were not present when the DAG was created:
{'indelible_output/15/15_TRUE_20.fasta', 'indelible_output/15/15_ANCESTRAL_20.fasta', 'indelible_output/15/N0_trees/20.nwk'}
[Tue Mar  2 12:44:11 2021]
Finished job 1035.
41 of 1407 steps (3%) done
Select jobs to execute...

[Tue Mar  2 12:44:11 2021]
rule concat_indelible:
    input: indelible_output/15/15_TRUE_20.fasta, indelible_output/15/15_ANCESTRAL_20.fasta
    output: indelible_output/15/concatenated/15_20.fasta
    jobid: 1036
    wildcards: taxon=15, rep=20

[Tue Mar  2 12:44:11 2021]
Finished job 1036.
42 of 1407 steps (3%) done
Select jobs to execute...

[Tue Mar  2 12:44:11 2021]
rule run_indelible:
    input: indelible/15_control.txt
    output: indelible_output/15/trees/16.nwk, indelible_output/15/15_TRUE_16.fasta, indelible_output/15/15_ANCESTRAL_16.fasta, indelible_output/15/N0_trees/16.nwk
    jobid: 1007
    wildcards: taxon=15, rep=16

Warning: the following output files of rule run_indelible were not present when the DAG was created:
{'indelible_output/15/15_ANCESTRAL_16.fasta', 'indelible_output/15/15_TRUE_16.fasta', 'indelible_output/15/N0_trees/16.nwk'}
[Tue Mar  2 12:44:13 2021]
Finished job 1007.
43 of 1407 steps (3%) done
Select jobs to execute...

[Tue Mar  2 12:44:13 2021]
rule concat_indelible:
    input: indelible_output/15/15_TRUE_16.fasta, indelible_output/15/15_ANCESTRAL_16.fasta
    output: indelible_output/15/concatenated/15_16.fasta
    jobid: 1008
    wildcards: taxon=15, rep=16

[Tue Mar  2 12:44:13 2021]
Finished job 1008.
44 of 1407 steps (3%) done
Select jobs to execute...

[Tue Mar  2 12:44:13 2021]
rule clean_indelible:
    input: indelible_output/15/N0_trees/16.nwk, indelible_output/15/concatenated/15_16.fasta
    output: indelible_output/15/cleaned_aln/16.fasta, indelible_output/15/concatenated/16.fasta, indelible_output/15/cleaned_trees/16.nwk, indelible_output/15/cleaned_N0_trees/16.nwk, indelible_output/15/cleaned_no_internal_trees/16.nwk
    jobid: 1006
    wildcards: taxon=15, rep=16

[Tue Mar  2 12:44:15 2021]
Finished job 1006.
45 of 1407 steps (3%) done
Select jobs to execute...

[Tue Mar  2 12:44:15 2021]
rule run_grasp:
    input: indelible_output/15/cleaned_aln/16.fasta, indelible_output/15/cleaned_N0_trees/16.nwk
    output: grasp_results/15/PSML/16, grasp_results/15/PSML/16/GRASP_ancestors.fasta, grasp_results/15/PSML/16/GRASP_ancestors.nwk
    jobid: 1330
    wildcards: taxon=15, method=PSML, rep=16

[Tue Mar  2 12:44:16 2021]
Finished job 1330.
46 of 1407 steps (3%) done
Select jobs to execute...

[Tue Mar  2 12:44:16 2021]
rule get_indelible_dict:
    input: indelible_output/15/concatenated/16.fasta, indelible_output/15/cleaned_N0_trees/16.nwk
    output: indelible_dicts/15/leaves_16.p, indelible_dicts/15/gaps_16.p
    jobid: 1010
    wildcards: taxon=15, rep=16

[Tue Mar  2 12:44:17 2021]
Finished job 1010.
47 of 1407 steps (3%) done
Select jobs to execute...

[Tue Mar  2 12:44:17 2021]
rule concat_fasta:
    input: indelible_output/15/cleaned_aln/16.fasta, grasp_results/15/PSML/16/GRASP_ancestors.fasta
    output: grasp_results/concatenated/15/PSML/16/GRASP_ancestors.fasta
    jobid: 1331
    wildcards: taxon=15, method=PSML, rep=16

[Tue Mar  2 12:44:17 2021]
Finished job 1331.
48 of 1407 steps (3%) done
Select jobs to execute...

[Tue Mar  2 12:44:17 2021]
rule summarise_indels:
    input: grasp_results/15/PSML/16/GRASP_ancestors.nwk, grasp_results/concatenated/15/PSML/16/GRASP_ancestors.fasta, indelible_output/15/cleaned_N0_trees/16.nwk, indelible_output/15/concatenated/16.fasta, indelible_dicts/15/leaves_16.p, indelible_dicts/15/gaps_16.p
    output: summaries/15/PSML/16.csv
    jobid: 1329
    wildcards: taxon=15, method=PSML, rep=16

[Tue Mar  2 12:44:19 2021]
Finished job 1329.
49 of 1407 steps (3%) done
Select jobs to execute...

[Tue Mar  2 12:44:19 2021]
rule concat_indelible:
    input: indelible_output/5/5_TRUE_13.fasta, indelible_output/5/5_ANCESTRAL_13.fasta
    output: indelible_output/5/concatenated/5_13.fasta
    jobid: 93
    wildcards: taxon=5, rep=13

[Tue Mar  2 12:44:19 2021]
Finished job 93.
50 of 1407 steps (4%) done
Select jobs to execute...

[Tue Mar  2 12:44:19 2021]
rule run_grasp:
    input: indelible_output/15/cleaned_aln/16.fasta, indelible_output/15/cleaned_N0_trees/16.nwk
    output: grasp_results/15/BEML/16, grasp_results/15/BEML/16/GRASP_ancestors.fasta, grasp_results/15/BEML/16/GRASP_ancestors.nwk
    jobid: 1269
    wildcards: taxon=15, method=BEML, rep=16

[Tue Mar  2 12:44:20 2021]
Finished job 1269.
51 of 1407 steps (4%) done
Select jobs to execute...

[Tue Mar  2 12:44:20 2021]
rule concat_fasta:
    input: indelible_output/15/cleaned_aln/16.fasta, grasp_results/15/BEML/16/GRASP_ancestors.fasta
    output: grasp_results/concatenated/15/BEML/16/GRASP_ancestors.fasta
    jobid: 1270
    wildcards: taxon=15, method=BEML, rep=16

[Tue Mar  2 12:44:20 2021]
Finished job 1270.
52 of 1407 steps (4%) done
Select jobs to execute...

[Tue Mar  2 12:44:20 2021]
rule run_indelible:
    input: indelible/10_control.txt
    output: indelible_output/10/trees/12.nwk, indelible_output/10/10_TRUE_12.fasta, indelible_output/10/10_ANCESTRAL_12.fasta, indelible_output/10/N0_trees/12.nwk
    jobid: 532
    wildcards: taxon=10, rep=12

Warning: the following output files of rule run_indelible were not present when the DAG was created:
{'indelible_output/10/N0_trees/12.nwk', 'indelible_output/10/10_ANCESTRAL_12.fasta', 'indelible_output/10/10_TRUE_12.fasta'}
[Tue Mar  2 12:44:22 2021]
Finished job 532.
53 of 1407 steps (4%) done
Select jobs to execute...

[Tue Mar  2 12:44:22 2021]
rule concat_indelible:
    input: indelible_output/10/10_TRUE_12.fasta, indelible_output/10/10_ANCESTRAL_12.fasta
    output: indelible_output/10/concatenated/10_12.fasta
    jobid: 533
    wildcards: taxon=10, rep=12

[Tue Mar  2 12:44:22 2021]
Finished job 533.
54 of 1407 steps (4%) done
Select jobs to execute...

[Tue Mar  2 12:44:22 2021]
rule concat_indelible:
    input: indelible_output/5/5_TRUE_1.fasta, indelible_output/5/5_ANCESTRAL_1.fasta
    output: indelible_output/5/concatenated/5_1.fasta
    jobid: 9
    wildcards: taxon=5, rep=1

[Tue Mar  2 12:44:22 2021]
Finished job 9.
55 of 1407 steps (4%) done
Select jobs to execute...

[Tue Mar  2 12:44:22 2021]
rule concat_indelible:
    input: indelible_output/10/10_TRUE_9.fasta, indelible_output/10/10_ANCESTRAL_9.fasta
    output: indelible_output/10/concatenated/10_9.fasta
    jobid: 512
    wildcards: taxon=10, rep=9

[Tue Mar  2 12:44:22 2021]
Finished job 512.
56 of 1407 steps (4%) done
Select jobs to execute...

[Tue Mar  2 12:44:22 2021]
rule concat_indelible:
    input: indelible_output/15/15_TRUE_1.fasta, indelible_output/15/15_ANCESTRAL_1.fasta
    output: indelible_output/15/concatenated/15_1.fasta
    jobid: 903
    wildcards: taxon=15, rep=1

[Tue Mar  2 12:44:22 2021]
Finished job 903.
57 of 1407 steps (4%) done
Select jobs to execute...

[Tue Mar  2 12:44:22 2021]
rule clean_indelible:
    input: indelible_output/15/N0_trees/1.nwk, indelible_output/15/concatenated/15_1.fasta
    output: indelible_output/15/cleaned_aln/1.fasta, indelible_output/15/concatenated/1.fasta, indelible_output/15/cleaned_trees/1.nwk, indelible_output/15/cleaned_N0_trees/1.nwk, indelible_output/15/cleaned_no_internal_trees/1.nwk
    jobid: 900
    wildcards: taxon=15, rep=1

[Tue Mar  2 12:44:24 2021]
Finished job 900.
58 of 1407 steps (4%) done
Select jobs to execute...

[Tue Mar  2 12:44:24 2021]
rule get_indelible_dict:
    input: indelible_output/15/concatenated/1.fasta, indelible_output/15/cleaned_N0_trees/1.nwk
    output: indelible_dicts/15/leaves_1.p, indelible_dicts/15/gaps_1.p
    jobid: 905
    wildcards: taxon=15, rep=1

[Tue Mar  2 12:44:25 2021]
Finished job 905.
59 of 1407 steps (4%) done
Select jobs to execute...

[Tue Mar  2 12:44:25 2021]
rule run_grasp:
    input: indelible_output/15/cleaned_aln/1.fasta, indelible_output/15/cleaned_N0_trees/1.nwk
    output: grasp_results/15/BEML/1, grasp_results/15/BEML/1/GRASP_ancestors.fasta, grasp_results/15/BEML/1/GRASP_ancestors.nwk
    jobid: 1224
    wildcards: taxon=15, method=BEML, rep=1

[Tue Mar  2 12:44:26 2021]
Finished job 1224.
60 of 1407 steps (4%) done
Select jobs to execute...

[Tue Mar  2 12:44:26 2021]
rule run_indelible:
    input: indelible/5_control.txt
    output: indelible_output/5/trees/6.nwk, indelible_output/5/5_TRUE_6.fasta, indelible_output/5/5_ANCESTRAL_6.fasta, indelible_output/5/N0_trees/6.nwk
    jobid: 43
    wildcards: taxon=5, rep=6

Warning: the following output files of rule run_indelible were not present when the DAG was created:
{'indelible_output/5/5_ANCESTRAL_6.fasta', 'indelible_output/5/5_TRUE_6.fasta', 'indelible_output/5/N0_trees/6.nwk'}
[Tue Mar  2 12:44:28 2021]
Finished job 43.
61 of 1407 steps (4%) done
Select jobs to execute...

[Tue Mar  2 12:44:28 2021]
rule concat_indelible:
    input: indelible_output/5/5_TRUE_3.fasta, indelible_output/5/5_ANCESTRAL_3.fasta
    output: indelible_output/5/concatenated/5_3.fasta
    jobid: 23
    wildcards: taxon=5, rep=3

[Tue Mar  2 12:44:28 2021]
Finished job 23.
62 of 1407 steps (4%) done
Select jobs to execute...

[Tue Mar  2 12:44:28 2021]
rule run_indelible:
    input: indelible/5_control.txt
    output: indelible_output/5/trees/4.nwk, indelible_output/5/5_TRUE_4.fasta, indelible_output/5/5_ANCESTRAL_4.fasta, indelible_output/5/N0_trees/4.nwk
    jobid: 29
    wildcards: taxon=5, rep=4

Warning: the following output files of rule run_indelible were not present when the DAG was created:
{'indelible_output/5/5_ANCESTRAL_4.fasta', 'indelible_output/5/5_TRUE_4.fasta', 'indelible_output/5/N0_trees/4.nwk'}
[Tue Mar  2 12:44:30 2021]
Finished job 29.
63 of 1407 steps (4%) done
Select jobs to execute...

[Tue Mar  2 12:44:30 2021]
rule run_indelible:
    input: indelible/15_control.txt
    output: indelible_output/15/trees/6.nwk, indelible_output/15/15_TRUE_6.fasta, indelible_output/15/15_ANCESTRAL_6.fasta, indelible_output/15/N0_trees/6.nwk
    jobid: 937
    wildcards: taxon=15, rep=6

Warning: the following output files of rule run_indelible were not present when the DAG was created:
{'indelible_output/15/15_ANCESTRAL_6.fasta', 'indelible_output/15/N0_trees/6.nwk', 'indelible_output/15/15_TRUE_6.fasta'}
[Tue Mar  2 12:44:32 2021]
Finished job 937.
64 of 1407 steps (5%) done
Select jobs to execute...

[Tue Mar  2 12:44:32 2021]
rule run_indelible:
    input: indelible/5_control.txt
    output: indelible_output/5/trees/19.nwk, indelible_output/5/5_TRUE_19.fasta, indelible_output/5/5_ANCESTRAL_19.fasta, indelible_output/5/N0_trees/19.nwk
    jobid: 134
    wildcards: taxon=5, rep=19

Warning: the following output files of rule run_indelible were not present when the DAG was created:
{'indelible_output/5/N0_trees/19.nwk', 'indelible_output/5/5_ANCESTRAL_19.fasta', 'indelible_output/5/5_TRUE_19.fasta'}
[Tue Mar  2 12:44:34 2021]
Finished job 134.
65 of 1407 steps (5%) done
Select jobs to execute...

[Tue Mar  2 12:44:34 2021]
rule clean_indelible:
    input: indelible_output/5/N0_trees/13.nwk, indelible_output/5/concatenated/5_13.fasta
    output: indelible_output/5/cleaned_aln/13.fasta, indelible_output/5/concatenated/13.fasta, indelible_output/5/cleaned_trees/13.nwk, indelible_output/5/cleaned_N0_trees/13.nwk, indelible_output/5/cleaned_no_internal_trees/13.nwk
    jobid: 91
    wildcards: taxon=5, rep=13

[Tue Mar  2 12:44:36 2021]
Finished job 91.
66 of 1407 steps (5%) done
Select jobs to execute...

[Tue Mar  2 12:44:36 2021]
rule concat_fasta:
    input: indelible_output/15/cleaned_aln/1.fasta, grasp_results/15/BEML/1/GRASP_ancestors.fasta
    output: grasp_results/concatenated/15/BEML/1/GRASP_ancestors.fasta
    jobid: 1225
    wildcards: taxon=15, method=BEML, rep=1

[Tue Mar  2 12:44:36 2021]
Finished job 1225.
67 of 1407 steps (5%) done
Select jobs to execute...

[Tue Mar  2 12:44:36 2021]
rule summarise_indels:
    input: grasp_results/15/BEML/1/GRASP_ancestors.nwk, grasp_results/concatenated/15/BEML/1/GRASP_ancestors.fasta, indelible_output/15/cleaned_N0_trees/1.nwk, indelible_output/15/concatenated/1.fasta, indelible_dicts/15/leaves_1.p, indelible_dicts/15/gaps_1.p
    output: summaries/15/BEML/1.csv
    jobid: 1223
    wildcards: taxon=15, method=BEML, rep=1

[Tue Mar  2 12:44:37 2021]
Finished job 1223.
68 of 1407 steps (5%) done
Select jobs to execute...

[Tue Mar  2 12:44:37 2021]
rule run_grasp:
    input: indelible_output/15/cleaned_aln/16.fasta, indelible_output/15/cleaned_N0_trees/16.nwk
    output: grasp_results/15/SICML/16, grasp_results/15/SICML/16/GRASP_ancestors.fasta, grasp_results/15/SICML/16/GRASP_ancestors.nwk
    jobid: 1005
    wildcards: taxon=15, method=SICML, rep=16

[Tue Mar  2 12:44:38 2021]
Finished job 1005.
69 of 1407 steps (5%) done
Select jobs to execute...

[Tue Mar  2 12:44:38 2021]
rule clean_indelible:
    input: indelible_output/15/N0_trees/7.nwk, indelible_output/15/concatenated/15_7.fasta
    output: indelible_output/15/cleaned_aln/7.fasta, indelible_output/15/concatenated/7.fasta, indelible_output/15/cleaned_trees/7.nwk, indelible_output/15/cleaned_N0_trees/7.nwk, indelible_output/15/cleaned_no_internal_trees/7.nwk
    jobid: 943
    wildcards: taxon=15, rep=7

[Tue Mar  2 12:44:40 2021]
Finished job 943.
70 of 1407 steps (5%) done
Select jobs to execute...

[Tue Mar  2 12:44:40 2021]
rule run_grasp:
    input: indelible_output/15/cleaned_aln/7.fasta, indelible_output/15/cleaned_N0_trees/7.nwk
    output: grasp_results/15/SICP/7, grasp_results/15/SICP/7/GRASP_ancestors.fasta, grasp_results/15/SICP/7/GRASP_ancestors.nwk
    jobid: 1120
    wildcards: taxon=15, method=SICP, rep=7

[Tue Mar  2 12:44:41 2021]
Finished job 1120.
71 of 1407 steps (5%) done
Select jobs to execute...

[Tue Mar  2 12:44:41 2021]
rule run_grasp:
    input: indelible_output/15/cleaned_aln/7.fasta, indelible_output/15/cleaned_N0_trees/7.nwk
    output: grasp_results/15/PSP/7, grasp_results/15/PSP/7/GRASP_ancestors.fasta, grasp_results/15/PSP/7/GRASP_ancestors.nwk
    jobid: 1181
    wildcards: taxon=15, method=PSP, rep=7

[Tue Mar  2 12:44:42 2021]
Finished job 1181.
72 of 1407 steps (5%) done
Select jobs to execute...

[Tue Mar  2 12:44:42 2021]
rule concat_fasta:
    input: indelible_output/15/cleaned_aln/7.fasta, grasp_results/15/SICP/7/GRASP_ancestors.fasta
    output: grasp_results/concatenated/15/SICP/7/GRASP_ancestors.fasta
    jobid: 1121
    wildcards: taxon=15, method=SICP, rep=7

[Tue Mar  2 12:44:42 2021]
Finished job 1121.
73 of 1407 steps (5%) done
Select jobs to execute...

[Tue Mar  2 12:44:42 2021]
rule concat_fasta:
    input: indelible_output/15/cleaned_aln/7.fasta, grasp_results/15/PSP/7/GRASP_ancestors.fasta
    output: grasp_results/concatenated/15/PSP/7/GRASP_ancestors.fasta
    jobid: 1182
    wildcards: taxon=15, method=PSP, rep=7

[Tue Mar  2 12:44:42 2021]
Finished job 1182.
74 of 1407 steps (5%) done
Select jobs to execute...

[Tue Mar  2 12:44:42 2021]
rule concat_indelible:
    input: indelible_output/15/15_TRUE_6.fasta, indelible_output/15/15_ANCESTRAL_6.fasta
    output: indelible_output/15/concatenated/15_6.fasta
    jobid: 938
    wildcards: taxon=15, rep=6

[Tue Mar  2 12:44:42 2021]
Finished job 938.
75 of 1407 steps (5%) done
Select jobs to execute...

[Tue Mar  2 12:44:42 2021]
rule clean_indelible:
    input: indelible_output/5/N0_trees/14.nwk, indelible_output/5/concatenated/5_14.fasta
    output: indelible_output/5/cleaned_aln/14.fasta, indelible_output/5/concatenated/14.fasta, indelible_output/5/cleaned_trees/14.nwk, indelible_output/5/cleaned_N0_trees/14.nwk, indelible_output/5/cleaned_no_internal_trees/14.nwk
    jobid: 98
    wildcards: taxon=5, rep=14

[Tue Mar  2 12:44:43 2021]
Finished job 98.
76 of 1407 steps (5%) done
Select jobs to execute...

[Tue Mar  2 12:44:43 2021]
rule run_grasp:
    input: indelible_output/5/cleaned_aln/14.fasta, indelible_output/5/cleaned_N0_trees/14.nwk
    output: grasp_results/5/PSP/14, grasp_results/5/PSP/14/GRASP_ancestors.fasta, grasp_results/5/PSP/14/GRASP_ancestors.nwk
    jobid: 308
    wildcards: taxon=5, method=PSP, rep=14

[Tue Mar  2 12:44:44 2021]
Finished job 308.
77 of 1407 steps (5%) done
Select jobs to execute...

[Tue Mar  2 12:44:44 2021]
rule get_indelible_dict:
    input: indelible_output/5/concatenated/14.fasta, indelible_output/5/cleaned_N0_trees/14.nwk
    output: indelible_dicts/5/leaves_14.p, indelible_dicts/5/gaps_14.p
    jobid: 102
    wildcards: taxon=5, rep=14

[Tue Mar  2 12:44:45 2021]
Finished job 102.
78 of 1407 steps (6%) done
Select jobs to execute...

[Tue Mar  2 12:44:45 2021]
rule clean_indelible:
    input: indelible_output/15/N0_trees/4.nwk, indelible_output/15/concatenated/15_4.fasta
    output: indelible_output/15/cleaned_aln/4.fasta, indelible_output/15/concatenated/4.fasta, indelible_output/15/cleaned_trees/4.nwk, indelible_output/15/cleaned_N0_trees/4.nwk, indelible_output/15/cleaned_no_internal_trees/4.nwk
    jobid: 922
    wildcards: taxon=15, rep=4

[Tue Mar  2 12:44:46 2021]
Finished job 922.
79 of 1407 steps (6%) done
Select jobs to execute...

[Tue Mar  2 12:44:46 2021]
rule run_indelible:
    input: indelible/15_control.txt
    output: indelible_output/15/trees/8.nwk, indelible_output/15/15_TRUE_8.fasta, indelible_output/15/15_ANCESTRAL_8.fasta, indelible_output/15/N0_trees/8.nwk
    jobid: 951
    wildcards: taxon=15, rep=8

Warning: the following output files of rule run_indelible were not present when the DAG was created:
{'indelible_output/15/15_ANCESTRAL_8.fasta', 'indelible_output/15/15_TRUE_8.fasta', 'indelible_output/15/N0_trees/8.nwk'}
[Tue Mar  2 12:44:48 2021]
Finished job 951.
80 of 1407 steps (6%) done
Select jobs to execute...

[Tue Mar  2 12:44:48 2021]
rule clean_indelible:
    input: indelible_output/15/N0_trees/19.nwk, indelible_output/15/concatenated/15_19.fasta
    output: indelible_output/15/cleaned_aln/19.fasta, indelible_output/15/concatenated/19.fasta, indelible_output/15/cleaned_trees/19.nwk, indelible_output/15/cleaned_N0_trees/19.nwk, indelible_output/15/cleaned_no_internal_trees/19.nwk
    jobid: 1027
    wildcards: taxon=15, rep=19

[Tue Mar  2 12:44:49 2021]
Finished job 1027.
81 of 1407 steps (6%) done
Select jobs to execute...

[Tue Mar  2 12:44:49 2021]
rule clean_indelible:
    input: indelible_output/15/N0_trees/6.nwk, indelible_output/15/concatenated/15_6.fasta
    output: indelible_output/15/cleaned_aln/6.fasta, indelible_output/15/concatenated/6.fasta, indelible_output/15/cleaned_trees/6.nwk, indelible_output/15/cleaned_N0_trees/6.nwk, indelible_output/15/cleaned_no_internal_trees/6.nwk
    jobid: 936
    wildcards: taxon=15, rep=6

[Tue Mar  2 12:44:50 2021]
Finished job 936.
82 of 1407 steps (6%) done
Select jobs to execute...

[Tue Mar  2 12:44:50 2021]
rule run_grasp:
    input: indelible_output/5/cleaned_aln/13.fasta, indelible_output/5/cleaned_N0_trees/13.nwk
    output: grasp_results/5/PSML/13, grasp_results/5/PSML/13/GRASP_ancestors.fasta, grasp_results/5/PSML/13/GRASP_ancestors.nwk
    jobid: 427
    wildcards: taxon=5, method=PSML, rep=13

[Tue Mar  2 12:44:51 2021]
Finished job 427.
83 of 1407 steps (6%) done
Select jobs to execute...

[Tue Mar  2 12:44:51 2021]
rule run_grasp:
    input: indelible_output/5/cleaned_aln/14.fasta, indelible_output/5/cleaned_N0_trees/14.nwk
    output: grasp_results/5/SICP/14, grasp_results/5/SICP/14/GRASP_ancestors.fasta, grasp_results/5/SICP/14/GRASP_ancestors.nwk
    jobid: 247
    wildcards: taxon=5, method=SICP, rep=14

[Tue Mar  2 12:44:51 2021]
Finished job 247.
84 of 1407 steps (6%) done
Select jobs to execute...

[Tue Mar  2 12:44:52 2021]
rule run_grasp:
    input: indelible_output/15/cleaned_aln/6.fasta, indelible_output/15/cleaned_N0_trees/6.nwk
    output: grasp_results/15/SICP/6, grasp_results/15/SICP/6/GRASP_ancestors.fasta, grasp_results/15/SICP/6/GRASP_ancestors.nwk
    jobid: 1117
    wildcards: taxon=15, method=SICP, rep=6

[Tue Mar  2 12:44:52 2021]
Finished job 1117.
85 of 1407 steps (6%) done
Select jobs to execute...

[Tue Mar  2 12:44:52 2021]
rule run_grasp:
    input: indelible_output/15/cleaned_aln/6.fasta, indelible_output/15/cleaned_N0_trees/6.nwk
    output: grasp_results/15/PSP/6, grasp_results/15/PSP/6/GRASP_ancestors.fasta, grasp_results/15/PSP/6/GRASP_ancestors.nwk
    jobid: 1178
    wildcards: taxon=15, method=PSP, rep=6

[Tue Mar  2 12:44:53 2021]
Finished job 1178.
86 of 1407 steps (6%) done
Select jobs to execute...

[Tue Mar  2 12:44:53 2021]
rule concat_fasta:
    input: indelible_output/5/cleaned_aln/13.fasta, grasp_results/5/PSML/13/GRASP_ancestors.fasta
    output: grasp_results/concatenated/5/PSML/13/GRASP_ancestors.fasta
    jobid: 428
    wildcards: taxon=5, method=PSML, rep=13

[Tue Mar  2 12:44:53 2021]
Finished job 428.
87 of 1407 steps (6%) done
Select jobs to execute...

[Tue Mar  2 12:44:53 2021]
rule concat_fasta:
    input: indelible_output/5/cleaned_aln/14.fasta, grasp_results/5/SICP/14/GRASP_ancestors.fasta
    output: grasp_results/concatenated/5/SICP/14/GRASP_ancestors.fasta
    jobid: 248
    wildcards: taxon=5, method=SICP, rep=14

[Tue Mar  2 12:44:53 2021]
Finished job 248.
88 of 1407 steps (6%) done
Select jobs to execute...

[Tue Mar  2 12:44:54 2021]
rule concat_fasta:
    input: indelible_output/15/cleaned_aln/6.fasta, grasp_results/15/SICP/6/GRASP_ancestors.fasta
    output: grasp_results/concatenated/15/SICP/6/GRASP_ancestors.fasta
    jobid: 1118
    wildcards: taxon=15, method=SICP, rep=6

[Tue Mar  2 12:44:54 2021]
Finished job 1118.
89 of 1407 steps (6%) done
Select jobs to execute...

[Tue Mar  2 12:44:54 2021]
rule get_indelible_dict:
    input: indelible_output/15/concatenated/6.fasta, indelible_output/15/cleaned_N0_trees/6.nwk
    output: indelible_dicts/15/leaves_6.p, indelible_dicts/15/gaps_6.p
    jobid: 940
    wildcards: taxon=15, rep=6

[Tue Mar  2 12:44:55 2021]
Finished job 940.
90 of 1407 steps (6%) done
Select jobs to execute...

[Tue Mar  2 12:44:55 2021]
rule run_indelible:
    input: indelible/10_control.txt
    output: indelible_output/10/trees/14.nwk, indelible_output/10/10_TRUE_14.fasta, indelible_output/10/10_ANCESTRAL_14.fasta, indelible_output/10/N0_trees/14.nwk
    jobid: 546
    wildcards: taxon=10, rep=14

Warning: the following output files of rule run_indelible were not present when the DAG was created:
{'indelible_output/10/10_ANCESTRAL_14.fasta', 'indelible_output/10/10_TRUE_14.fasta', 'indelible_output/10/N0_trees/14.nwk'}
[Tue Mar  2 12:44:56 2021]
Finished job 546.
91 of 1407 steps (6%) done
Select jobs to execute...

[Tue Mar  2 12:44:57 2021]
rule concat_indelible:
    input: indelible_output/10/10_TRUE_14.fasta, indelible_output/10/10_ANCESTRAL_14.fasta
    output: indelible_output/10/concatenated/10_14.fasta
    jobid: 547
    wildcards: taxon=10, rep=14

[Tue Mar  2 12:44:57 2021]
Finished job 547.
92 of 1407 steps (7%) done
Select jobs to execute...

[Tue Mar  2 12:44:57 2021]
rule clean_indelible:
    input: indelible_output/10/N0_trees/14.nwk, indelible_output/10/concatenated/10_14.fasta
    output: indelible_output/10/cleaned_aln/14.fasta, indelible_output/10/concatenated/14.fasta, indelible_output/10/cleaned_trees/14.nwk, indelible_output/10/cleaned_N0_trees/14.nwk, indelible_output/10/cleaned_no_internal_trees/14.nwk
    jobid: 545
    wildcards: taxon=10, rep=14

[Tue Mar  2 12:44:58 2021]
Finished job 545.
93 of 1407 steps (7%) done
Select jobs to execute...

[Tue Mar  2 12:44:58 2021]
rule run_indelible:
    input: indelible/10_control.txt
    output: indelible_output/10/trees/3.nwk, indelible_output/10/10_TRUE_3.fasta, indelible_output/10/10_ANCESTRAL_3.fasta, indelible_output/10/N0_trees/3.nwk
    jobid: 469
    wildcards: taxon=10, rep=3

Warning: the following output files of rule run_indelible were not present when the DAG was created:
{'indelible_output/10/10_ANCESTRAL_3.fasta', 'indelible_output/10/N0_trees/3.nwk', 'indelible_output/10/10_TRUE_3.fasta'}
[Tue Mar  2 12:45:00 2021]
Finished job 469.
94 of 1407 steps (7%) done
Select jobs to execute...

[Tue Mar  2 12:45:00 2021]
rule run_grasp:
    input: indelible_output/5/cleaned_aln/13.fasta, indelible_output/5/cleaned_N0_trees/13.nwk
    output: grasp_results/5/BEML/13, grasp_results/5/BEML/13/GRASP_ancestors.fasta, grasp_results/5/BEML/13/GRASP_ancestors.nwk
    jobid: 366
    wildcards: taxon=5, method=BEML, rep=13

[Tue Mar  2 12:45:00 2021]
Finished job 366.
95 of 1407 steps (7%) done
Select jobs to execute...

[Tue Mar  2 12:45:00 2021]
rule run_grasp:
    input: indelible_output/5/cleaned_aln/14.fasta, indelible_output/5/cleaned_N0_trees/14.nwk
    output: grasp_results/5/BEP/14, grasp_results/5/BEP/14/GRASP_ancestors.fasta, grasp_results/5/BEP/14/GRASP_ancestors.nwk
    jobid: 186
    wildcards: taxon=5, method=BEP, rep=14

[Tue Mar  2 12:45:01 2021]
Finished job 186.
96 of 1407 steps (7%) done
Select jobs to execute...

[Tue Mar  2 12:45:01 2021]
rule clean_indelible:
    input: indelible_output/5/N0_trees/18.nwk, indelible_output/5/concatenated/5_18.fasta
    output: indelible_output/5/cleaned_aln/18.fasta, indelible_output/5/concatenated/18.fasta, indelible_output/5/cleaned_trees/18.nwk, indelible_output/5/cleaned_N0_trees/18.nwk, indelible_output/5/cleaned_no_internal_trees/18.nwk
    jobid: 126
    wildcards: taxon=5, rep=18

Terminating processes on user request, this might take some time.
[Tue Mar  2 12:45:02 2021]
Error in rule clean_indelible:
    jobid: 126
    output: indelible_output/5/cleaned_aln/18.fasta, indelible_output/5/concatenated/18.fasta, indelible_output/5/cleaned_trees/18.nwk, indelible_output/5/cleaned_N0_trees/18.nwk, indelible_output/5/cleaned_no_internal_trees/18.nwk

RuleException:
CalledProcessError in line 51 of /Users/gabefoley/Dropbox/PhD/20210121_Indel_Evaluation_Project/Indel_Evaluation_Snakemake/Snakefile:
Command 'set -euo pipefail;  /Users/gabefoley/miniconda3_latest/envs/indel_snakemake/bin/python3.9 /Users/gabefoley/Dropbox/PhD/20210121_Indel_Evaluation_Project/Indel_Evaluation_Snakemake/.snakemake/scripts/tmpta4ihsss.clean_indelible.py' died with <Signals.SIGINT: 2>.
  File "/Users/gabefoley/miniconda3_latest/envs/indel_snakemake/lib/python3.9/site-packages/snakemake/executors/__init__.py", line 2319, in run_wrapper
  File "/Users/gabefoley/Dropbox/PhD/20210121_Indel_Evaluation_Project/Indel_Evaluation_Snakemake/Snakefile", line 51, in __rule_clean_indelible
  File "/Users/gabefoley/miniconda3_latest/envs/indel_snakemake/lib/python3.9/site-packages/snakemake/executors/__init__.py", line 568, in _callback
  File "/Users/gabefoley/miniconda3_latest/envs/indel_snakemake/lib/python3.9/concurrent/futures/thread.py", line 52, in run
  File "/Users/gabefoley/miniconda3_latest/envs/indel_snakemake/lib/python3.9/site-packages/snakemake/executors/__init__.py", line 554, in cached_or_run
  File "/Users/gabefoley/miniconda3_latest/envs/indel_snakemake/lib/python3.9/site-packages/snakemake/executors/__init__.py", line 2350, in run_wrapper
Complete log: /Users/gabefoley/Dropbox/PhD/20210121_Indel_Evaluation_Project/Indel_Evaluation_Snakemake/.snakemake/log/2021-03-02T124307.590858.snakemake.log
