Building DAG of jobs...
Using shell: /bin/bash
Provided cores: 2
Rules claiming more threads will be scaled down.
Job counts:
	count	jobs
	2	clean_fastml_ml
	2	clean_fastml_parsimony
	1	clean_indelible
	1	compile_latex
	15	concat_fasta
	2	concat_fastml__ml_summaries
	2	concat_fastml_summaries
	1	concat_indelible
	3	concat_indelible_summaries
	17	concat_summaries
	1	generate_latex
	1	generate_output_dict
	2	get_indelible_dict
	2	run_fastml
	11	run_grasp
	2	summarise_fastml_ml_indels
	2	summarise_fastml_parsimony_indels
	3	summarise_indelible
	15	summarise_indels
	85
Select jobs to execute...

[Fri Feb  5 14:29:44 2021]
rule summarise_indelible:
    input: indelible_output/5/cleaned_N0_trees/1.nwk, indelible_output/5/concatenated/1.fasta, indelible_output/5/cleaned_N0_trees/1.nwk, indelible_output/5/concatenated/1.fasta, indelible_dicts/5/leaves_1.p, indelible_dicts/5/gaps_1.p
    output: indelible_summaries/5/1.csv
    jobid: 164
    wildcards: taxon=5, rep=1

[Fri Feb  5 14:29:44 2021]
rule run_grasp:
    input: indelible_output/10/cleaned_aln/1.fasta, indelible_output/10/cleaned_N0_trees/1.nwk
    output: grasp_results/10/BEP/1, grasp_results/10/BEP/1/GRASP_ancestors.fasta, grasp_results/10/BEP/1/tree.nwk
    jobid: 30
    wildcards: taxon=10, method=BEP, rep=1

[Fri Feb  5 14:29:45 2021]
Finished job 30.
1 of 85 steps (1%) done
Select jobs to execute...

[Fri Feb  5 14:29:45 2021]
rule concat_summaries:
    input: summaries/50/SICP/1.csv
    output: concatenated_summaries/50_SICP.csv
    jobid: 87
    wildcards: taxon=50, method=SICP

[Fri Feb  5 14:29:45 2021]
Finished job 87.
2 of 85 steps (2%) done
Select jobs to execute...

[Fri Feb  5 14:29:45 2021]
rule concat_fasta:
    input: indelible_output/100/cleaned_aln/1.fasta, grasp_results/100/SICP/1/GRASP_ancestors.fasta
    output: grasp_results/concatenated/100/SICP/1/GRASP_ancestors.fasta
    jobid: 115
    wildcards: taxon=100, method=SICP, rep=1

[Fri Feb  5 14:29:45 2021]
Finished job 115.
3 of 85 steps (4%) done
Select jobs to execute...

[Fri Feb  5 14:29:45 2021]
rule concat_fasta:
    input: indelible_output/100/cleaned_aln/1.fasta, grasp_results/100/SICML/1/GRASP_ancestors.fasta
    output: grasp_results/concatenated/100/SICML/1/GRASP_ancestors.fasta
    jobid: 119
    wildcards: taxon=100, method=SICML, rep=1

[Fri Feb  5 14:29:45 2021]
Finished job 119.
4 of 85 steps (5%) done
Select jobs to execute...

[Fri Feb  5 14:29:45 2021]
rule run_fastml:
    input: indelible_output/100/cleaned_aln/1.fasta, indelible_output/100/cleaned_no_internal_trees/1.nwk
    output: fastml_results/100/1/seq.marginal_Chars_ParsimonyIndels.txt, fastml_results/100/1/seq.marginal_IndelAndChars.txt, fastml_results/100/1/tree.newick.txt, fastml_results/100/1
    jobid: 147
    wildcards: taxon=100, rep=1

[Fri Feb  5 14:29:46 2021]
Finished job 164.
5 of 85 steps (6%) done
Select jobs to execute...

[Fri Feb  5 14:29:46 2021]
rule get_indelible_dict:
    input: indelible_output/100/concatenated/1.fasta, indelible_output/100/cleaned_N0_trees/1.nwk
    output: indelible_dicts/100/leaves_1.p, indelible_dicts/100/gaps_1.p
    jobid: 111
    wildcards: taxon=100, rep=1

[Fri Feb  5 14:29:47 2021]
Finished job 111.
6 of 85 steps (7%) done
Select jobs to execute...

[Fri Feb  5 14:29:47 2021]
rule concat_fasta:
    input: indelible_output/10/cleaned_aln/1.fasta, grasp_results/10/BEP/1/GRASP_ancestors.fasta
    output: grasp_results/concatenated/10/BEP/1/GRASP_ancestors.fasta
    jobid: 35
    wildcards: taxon=10, method=BEP, rep=1

[Fri Feb  5 14:29:47 2021]
Finished job 35.
7 of 85 steps (8%) done
Select jobs to execute...

[Fri Feb  5 14:29:47 2021]
rule summarise_indels:
    input: grasp_results/100/SICP/1/tree.nwk, grasp_results/concatenated/100/SICP/1/GRASP_ancestors.fasta, indelible_output/100/cleaned_N0_trees/1.nwk, indelible_output/100/concatenated/1.fasta, indelible_dicts/100/leaves_1.p, indelible_dicts/100/gaps_1.p
    output: summaries/100/SICP/1.csv
    jobid: 113
    wildcards: taxon=100, method=SICP, rep=1

[Fri Feb  5 14:29:48 2021]
Finished job 113.
8 of 85 steps (9%) done
Select jobs to execute...

[Fri Feb  5 14:29:48 2021]
rule run_grasp:
    input: indelible_output/100/cleaned_aln/1.fasta, indelible_output/100/cleaned_N0_trees/1.nwk
    output: grasp_results/100/PSP/1, grasp_results/100/PSP/1/GRASP_ancestors.fasta, grasp_results/100/PSP/1/tree.nwk
    jobid: 126
    wildcards: taxon=100, method=PSP, rep=1

[Fri Feb  5 14:29:54 2021]
Error in rule run_grasp:
    jobid: 126
    output: grasp_results/100/PSP/1, grasp_results/100/PSP/1/GRASP_ancestors.fasta, grasp_results/100/PSP/1/tree.nwk
    shell:
        grasp -aln indelible_output/100/cleaned_aln/1.fasta -nwk indelible_output/100/cleaned_N0_trees/1.nwk -model LG -out grasp_results/100/PSP/1 -savetree grasp_results/100/PSP/1  -indel PSP -inf joint -gap
        (one of the commands exited with non-zero exit code; note that snakemake uses bash strict mode!)

Removing output files of failed job run_grasp since they might be corrupted:
grasp_results/100/PSP/1
[Fri Feb  5 15:01:28 2021]
Finished job 147.
9 of 85 steps (11%) done
Shutting down, this might take some time.
Exiting because a job execution failed. Look above for error message
Complete log: /Users/gabefoley/Dropbox/PhD/20210121_Indel_Evaluation_Project/Indel_Evaluation_Snakemake/.snakemake/log/2021-02-05T142944.424727.snakemake.log
