Building DAG of jobs...
Using shell: /bin/bash
Provided cores: 1 (use --cores to define parallelism)
Rules claiming more threads will be scaled down.
Job counts:
	count	jobs
	2	clean_indelible
	1	compile_latex
	12	concat_fasta
	2	concat_indelible_summaries
	6	concat_summaries
	1	generate_latex
	1	generate_output_dict
	2	get_indelible_dict
	10	run_grasp
	4	summarise_indelible
	12	summarise_indels
	53
Select jobs to execute...

[Mon Feb  1 15:51:39 2021]
rule summarise_indelible:
    input: indelible_output/6/cleaned_N0_trees/2.nwk, indelible_output/6/concatenated/2.fasta, indelible_output/6/cleaned_N0_trees/2.nwk, indelible_output/6/concatenated/2.fasta, indelible_dicts/6/leaves_2.p, indelible_dicts/6/gaps_2.p
    output: indelible_summaries/6/2.csv
    jobid: 65
    wildcards: taxon=6, rep=2

[Mon Feb  1 15:51:40 2021]
Finished job 65.
1 of 53 steps (2%) done
Select jobs to execute...

[Mon Feb  1 15:51:41 2021]
rule run_grasp:
    input: indelible_output/6/cleaned_aln/1.fasta, indelible_output/6/cleaned_N0_trees/1.nwk
    output: grasp_results/6/SICML/1, grasp_results/6/SICML/1/GRASP_ancestors.fasta, grasp_results/6/SICML/1/tree.nwk
    jobid: 28
    wildcards: taxon=6, method=SICML, rep=1

[Mon Feb  1 15:51:41 2021]
Finished job 28.
2 of 53 steps (4%) done
Select jobs to execute...

[Mon Feb  1 15:51:41 2021]
rule concat_fasta:
    input: indelible_output/6/cleaned_aln/1.fasta, grasp_results/6/SICML/1/GRASP_ancestors.fasta
    output: grasp_results/concatenated/6/SICML/1/GRASP_ancestors.fasta
    jobid: 29
    wildcards: taxon=6, method=SICML, rep=1

[Mon Feb  1 15:51:41 2021]
Finished job 29.
3 of 53 steps (6%) done
Select jobs to execute...

[Mon Feb  1 15:51:41 2021]
rule summarise_indels:
    input: grasp_results/6/SICML/1/tree.nwk, grasp_results/concatenated/6/SICML/1/GRASP_ancestors.fasta, indelible_output/6/cleaned_N0_trees/1.nwk, indelible_output/6/concatenated/1.fasta, indelible_dicts/6/leaves_1.p, indelible_dicts/6/gaps_1.p
    output: summaries/6/SICML/1.csv
    jobid: 27
    wildcards: taxon=6, method=SICML, rep=1

[Mon Feb  1 15:51:43 2021]
Finished job 27.
4 of 53 steps (8%) done
Select jobs to execute...

[Mon Feb  1 15:51:43 2021]
rule run_grasp:
    input: indelible_output/6/cleaned_aln/1.fasta, indelible_output/6/cleaned_N0_trees/1.nwk
    output: grasp_results/6/SICP/1, grasp_results/6/SICP/1/GRASP_ancestors.fasta, grasp_results/6/SICP/1/tree.nwk
    jobid: 21
    wildcards: taxon=6, method=SICP, rep=1

[Mon Feb  1 15:51:44 2021]
Finished job 21.
5 of 53 steps (9%) done
Select jobs to execute...

[Mon Feb  1 15:51:44 2021]
rule concat_fasta:
    input: indelible_output/6/cleaned_aln/1.fasta, grasp_results/6/SICP/1/GRASP_ancestors.fasta
    output: grasp_results/concatenated/6/SICP/1/GRASP_ancestors.fasta
    jobid: 22
    wildcards: taxon=6, method=SICP, rep=1

[Mon Feb  1 15:51:44 2021]
Finished job 22.
6 of 53 steps (11%) done
Select jobs to execute...

[Mon Feb  1 15:51:44 2021]
rule summarise_indels:
    input: grasp_results/6/SICP/1/tree.nwk, grasp_results/concatenated/6/SICP/1/GRASP_ancestors.fasta, indelible_output/6/cleaned_N0_trees/1.nwk, indelible_output/6/concatenated/1.fasta, indelible_dicts/6/leaves_1.p, indelible_dicts/6/gaps_1.p
    output: summaries/6/SICP/1.csv
    jobid: 20
    wildcards: taxon=6, method=SICP, rep=1

[Mon Feb  1 15:51:45 2021]
Finished job 20.
7 of 53 steps (13%) done
Select jobs to execute...

[Mon Feb  1 15:51:45 2021]
rule run_grasp:
    input: indelible_output/6/cleaned_aln/2.fasta, indelible_output/6/cleaned_N0_trees/2.nwk
    output: grasp_results/6/BEP/2, grasp_results/6/BEP/2/GRASP_ancestors.fasta, grasp_results/6/BEP/2/tree.nwk
    jobid: 13
    wildcards: taxon=6, method=BEP, rep=2

[Mon Feb  1 15:51:46 2021]
Finished job 13.
8 of 53 steps (15%) done
Select jobs to execute...

[Mon Feb  1 15:51:46 2021]
rule concat_fasta:
    input: indelible_output/6/cleaned_aln/2.fasta, grasp_results/6/BEP/2/GRASP_ancestors.fasta
    output: grasp_results/concatenated/6/BEP/2/GRASP_ancestors.fasta
    jobid: 17
    wildcards: taxon=6, method=BEP, rep=2

[Mon Feb  1 15:51:46 2021]
Finished job 17.
9 of 53 steps (17%) done
Select jobs to execute...

[Mon Feb  1 15:51:46 2021]
rule summarise_indels:
    input: grasp_results/6/BEP/2/tree.nwk, grasp_results/concatenated/6/BEP/2/GRASP_ancestors.fasta, indelible_output/6/cleaned_N0_trees/2.nwk, indelible_output/6/concatenated/2.fasta, indelible_dicts/6/leaves_2.p, indelible_dicts/6/gaps_2.p
    output: summaries/6/BEP/2.csv
    jobid: 12
    wildcards: taxon=6, method=BEP, rep=2

[Mon Feb  1 15:51:48 2021]
Finished job 12.
10 of 53 steps (19%) done
Select jobs to execute...

[Mon Feb  1 15:51:48 2021]
rule concat_fasta:
    input: indelible_output/6/cleaned_aln/1.fasta, grasp_results/6/BEP/1/GRASP_ancestors.fasta
    output: grasp_results/concatenated/6/BEP/1/GRASP_ancestors.fasta
    jobid: 10
    wildcards: taxon=6, method=BEP, rep=1

[Mon Feb  1 15:51:48 2021]
Finished job 10.
11 of 53 steps (21%) done
Select jobs to execute...

[Mon Feb  1 15:51:48 2021]
rule summarise_indels:
    input: grasp_results/6/BEP/1/tree.nwk, grasp_results/concatenated/6/BEP/1/GRASP_ancestors.fasta, indelible_output/6/cleaned_N0_trees/1.nwk, indelible_output/6/concatenated/1.fasta, indelible_dicts/6/leaves_1.p, indelible_dicts/6/gaps_1.p
    output: summaries/6/BEP/1.csv
    jobid: 4
    wildcards: taxon=6, method=BEP, rep=1

[Mon Feb  1 15:51:50 2021]
Finished job 4.
12 of 53 steps (23%) done
Select jobs to execute...

[Mon Feb  1 15:51:50 2021]
rule concat_summaries:
    input: summaries/6/BEP/1.csv, summaries/6/BEP/2.csv
    output: concatenated_summaries/6_BEP.csv
    jobid: 3
    wildcards: taxon=6, method=BEP

[Mon Feb  1 15:51:50 2021]
Finished job 3.
13 of 53 steps (25%) done
Select jobs to execute...

[Mon Feb  1 15:51:50 2021]
rule run_grasp:
    input: indelible_output/6/cleaned_aln/2.fasta, indelible_output/6/cleaned_N0_trees/2.nwk
    output: grasp_results/6/SICP/2, grasp_results/6/SICP/2/GRASP_ancestors.fasta, grasp_results/6/SICP/2/tree.nwk
    jobid: 24
    wildcards: taxon=6, method=SICP, rep=2

[Mon Feb  1 15:51:51 2021]
Finished job 24.
14 of 53 steps (26%) done
Select jobs to execute...

[Mon Feb  1 15:51:51 2021]
rule concat_fasta:
    input: indelible_output/6/cleaned_aln/2.fasta, grasp_results/6/SICP/2/GRASP_ancestors.fasta
    output: grasp_results/concatenated/6/SICP/2/GRASP_ancestors.fasta
    jobid: 25
    wildcards: taxon=6, method=SICP, rep=2

[Mon Feb  1 15:51:51 2021]
Finished job 25.
15 of 53 steps (28%) done
Select jobs to execute...

[Mon Feb  1 15:51:51 2021]
rule summarise_indels:
    input: grasp_results/6/SICP/2/tree.nwk, grasp_results/concatenated/6/SICP/2/GRASP_ancestors.fasta, indelible_output/6/cleaned_N0_trees/2.nwk, indelible_output/6/concatenated/2.fasta, indelible_dicts/6/leaves_2.p, indelible_dicts/6/gaps_2.p
    output: summaries/6/SICP/2.csv
    jobid: 23
    wildcards: taxon=6, method=SICP, rep=2

[Mon Feb  1 15:51:53 2021]
Finished job 23.
16 of 53 steps (30%) done
Select jobs to execute...

[Mon Feb  1 15:51:53 2021]
rule clean_indelible:
    input: indelible_output/8/N0_trees/1.nwk, indelible_output/8/concatenated/8_1.fasta
    output: indelible_output/8/cleaned_aln/1.fasta, indelible_output/8/concatenated/1.fasta, indelible_output/8/cleaned_N0_trees/1.nwk
    jobid: 36
    wildcards: taxon=8, rep=1

[Mon Feb  1 15:51:55 2021]
Finished job 36.
17 of 53 steps (32%) done
Select jobs to execute...

[Mon Feb  1 15:51:55 2021]
rule get_indelible_dict:
    input: indelible_output/8/concatenated/1.fasta, indelible_output/8/cleaned_N0_trees/1.nwk
    output: indelible_dicts/8/leaves_1.p, indelible_dicts/8/gaps_1.p
    jobid: 41
    wildcards: taxon=8, rep=1

[Mon Feb  1 15:51:57 2021]
Finished job 41.
18 of 53 steps (34%) done
Select jobs to execute...

[Mon Feb  1 15:51:57 2021]
rule run_grasp:
    input: indelible_output/8/cleaned_aln/1.fasta, indelible_output/8/cleaned_N0_trees/1.nwk
    output: grasp_results/8/BEP/1, grasp_results/8/BEP/1/GRASP_ancestors.fasta, grasp_results/8/BEP/1/tree.nwk
    jobid: 35
    wildcards: taxon=8, method=BEP, rep=1

[Mon Feb  1 15:51:58 2021]
Finished job 35.
19 of 53 steps (36%) done
Select jobs to execute...

[Mon Feb  1 15:51:58 2021]
rule concat_fasta:
    input: indelible_output/8/cleaned_aln/1.fasta, grasp_results/8/BEP/1/GRASP_ancestors.fasta
    output: grasp_results/concatenated/8/BEP/1/GRASP_ancestors.fasta
    jobid: 40
    wildcards: taxon=8, method=BEP, rep=1

[Mon Feb  1 15:51:58 2021]
Finished job 40.
20 of 53 steps (38%) done
Select jobs to execute...

[Mon Feb  1 15:51:58 2021]
rule summarise_indels:
    input: grasp_results/8/BEP/1/tree.nwk, grasp_results/concatenated/8/BEP/1/GRASP_ancestors.fasta, indelible_output/8/cleaned_N0_trees/1.nwk, indelible_output/8/concatenated/1.fasta, indelible_dicts/8/leaves_1.p, indelible_dicts/8/gaps_1.p
    output: summaries/8/BEP/1.csv
    jobid: 34
    wildcards: taxon=8, method=BEP, rep=1

[Mon Feb  1 15:51:59 2021]
Finished job 34.
21 of 53 steps (40%) done
Select jobs to execute...

[Mon Feb  1 15:51:59 2021]
rule summarise_indelible:
    input: indelible_output/8/cleaned_N0_trees/1.nwk, indelible_output/8/concatenated/1.fasta, indelible_output/8/cleaned_N0_trees/1.nwk, indelible_output/8/concatenated/1.fasta, indelible_dicts/8/leaves_1.p, indelible_dicts/8/gaps_1.p
    output: indelible_summaries/8/1.csv
    jobid: 67
    wildcards: taxon=8, rep=1

[Mon Feb  1 15:52:01 2021]
Finished job 67.
22 of 53 steps (42%) done
Select jobs to execute...

[Mon Feb  1 15:52:01 2021]
rule run_grasp:
    input: indelible_output/8/cleaned_aln/1.fasta, indelible_output/8/cleaned_N0_trees/1.nwk
    output: grasp_results/8/SICML/1, grasp_results/8/SICML/1/GRASP_ancestors.fasta, grasp_results/8/SICML/1/tree.nwk
    jobid: 58
    wildcards: taxon=8, method=SICML, rep=1

[Mon Feb  1 15:52:02 2021]
Finished job 58.
23 of 53 steps (43%) done
Select jobs to execute...

[Mon Feb  1 15:52:02 2021]
rule concat_fasta:
    input: indelible_output/8/cleaned_aln/1.fasta, grasp_results/8/SICML/1/GRASP_ancestors.fasta
    output: grasp_results/concatenated/8/SICML/1/GRASP_ancestors.fasta
    jobid: 59
    wildcards: taxon=8, method=SICML, rep=1

[Mon Feb  1 15:52:02 2021]
Finished job 59.
24 of 53 steps (45%) done
Select jobs to execute...

[Mon Feb  1 15:52:02 2021]
rule summarise_indels:
    input: grasp_results/8/SICML/1/tree.nwk, grasp_results/concatenated/8/SICML/1/GRASP_ancestors.fasta, indelible_output/8/cleaned_N0_trees/1.nwk, indelible_output/8/concatenated/1.fasta, indelible_dicts/8/leaves_1.p, indelible_dicts/8/gaps_1.p
    output: summaries/8/SICML/1.csv
    jobid: 57
    wildcards: taxon=8, method=SICML, rep=1

[Mon Feb  1 15:52:04 2021]
Finished job 57.
25 of 53 steps (47%) done
Select jobs to execute...

[Mon Feb  1 15:52:04 2021]
rule clean_indelible:
    input: indelible_output/8/N0_trees/2.nwk, indelible_output/8/concatenated/8_2.fasta
    output: indelible_output/8/cleaned_aln/2.fasta, indelible_output/8/concatenated/2.fasta, indelible_output/8/cleaned_N0_trees/2.nwk
    jobid: 44
    wildcards: taxon=8, rep=2

[Mon Feb  1 15:52:05 2021]
Finished job 44.
26 of 53 steps (49%) done
Select jobs to execute...

[Mon Feb  1 15:52:05 2021]
rule run_grasp:
    input: indelible_output/8/cleaned_aln/2.fasta, indelible_output/8/cleaned_N0_trees/2.nwk
    output: grasp_results/8/SICML/2, grasp_results/8/SICML/2/GRASP_ancestors.fasta, grasp_results/8/SICML/2/tree.nwk
    jobid: 61
    wildcards: taxon=8, method=SICML, rep=2

[Mon Feb  1 15:52:06 2021]
Finished job 61.
27 of 53 steps (51%) done
Select jobs to execute...

[Mon Feb  1 15:52:06 2021]
rule get_indelible_dict:
    input: indelible_output/8/concatenated/2.fasta, indelible_output/8/cleaned_N0_trees/2.nwk
    output: indelible_dicts/8/leaves_2.p, indelible_dicts/8/gaps_2.p
    jobid: 48
    wildcards: taxon=8, rep=2

[Mon Feb  1 15:52:08 2021]
Finished job 48.
28 of 53 steps (53%) done
Select jobs to execute...

[Mon Feb  1 15:52:08 2021]
rule summarise_indelible:
    input: indelible_output/8/cleaned_N0_trees/2.nwk, indelible_output/8/concatenated/2.fasta, indelible_output/8/cleaned_N0_trees/2.nwk, indelible_output/8/concatenated/2.fasta, indelible_dicts/8/leaves_2.p, indelible_dicts/8/gaps_2.p
    output: indelible_summaries/8/2.csv
    jobid: 68
    wildcards: taxon=8, rep=2

[Mon Feb  1 15:52:09 2021]
Finished job 68.
29 of 53 steps (55%) done
Select jobs to execute...

[Mon Feb  1 15:52:09 2021]
rule concat_indelible_summaries:
    input: indelible_summaries/8/1.csv, indelible_summaries/8/2.csv
    output: concatenated_indelible_summaries/8.csv
    jobid: 66
    wildcards: taxon=8

[Mon Feb  1 15:52:09 2021]
Finished job 66.
30 of 53 steps (57%) done
Select jobs to execute...

[Mon Feb  1 15:52:09 2021]
rule concat_fasta:
    input: indelible_output/8/cleaned_aln/2.fasta, grasp_results/8/SICML/2/GRASP_ancestors.fasta
    output: grasp_results/concatenated/8/SICML/2/GRASP_ancestors.fasta
    jobid: 62
    wildcards: taxon=8, method=SICML, rep=2

[Mon Feb  1 15:52:09 2021]
Finished job 62.
31 of 53 steps (58%) done
Select jobs to execute...

[Mon Feb  1 15:52:09 2021]
rule summarise_indels:
    input: grasp_results/8/SICML/2/tree.nwk, grasp_results/concatenated/8/SICML/2/GRASP_ancestors.fasta, indelible_output/8/cleaned_N0_trees/2.nwk, indelible_output/8/concatenated/2.fasta, indelible_dicts/8/leaves_2.p, indelible_dicts/8/gaps_2.p
    output: summaries/8/SICML/2.csv
    jobid: 60
    wildcards: taxon=8, method=SICML, rep=2

[Mon Feb  1 15:52:11 2021]
Finished job 60.
32 of 53 steps (60%) done
Select jobs to execute...

[Mon Feb  1 15:52:11 2021]
rule concat_summaries:
    input: summaries/8/SICML/1.csv, summaries/8/SICML/2.csv
    output: concatenated_summaries/8_SICML.csv
    jobid: 56
    wildcards: taxon=8, method=SICML

[Mon Feb  1 15:52:11 2021]
Finished job 56.
33 of 53 steps (62%) done
Select jobs to execute...

[Mon Feb  1 15:52:11 2021]
rule run_grasp:
    input: indelible_output/8/cleaned_aln/2.fasta, indelible_output/8/cleaned_N0_trees/2.nwk
    output: grasp_results/8/SICP/2, grasp_results/8/SICP/2/GRASP_ancestors.fasta, grasp_results/8/SICP/2/tree.nwk
    jobid: 54
    wildcards: taxon=8, method=SICP, rep=2

[Mon Feb  1 15:52:12 2021]
Finished job 54.
34 of 53 steps (64%) done
Select jobs to execute...

[Mon Feb  1 15:52:12 2021]
rule concat_fasta:
    input: indelible_output/8/cleaned_aln/2.fasta, grasp_results/8/SICP/2/GRASP_ancestors.fasta
    output: grasp_results/concatenated/8/SICP/2/GRASP_ancestors.fasta
    jobid: 55
    wildcards: taxon=8, method=SICP, rep=2

[Mon Feb  1 15:52:12 2021]
Finished job 55.
35 of 53 steps (66%) done
Select jobs to execute...

[Mon Feb  1 15:52:12 2021]
rule summarise_indels:
    input: grasp_results/8/SICP/2/tree.nwk, grasp_results/concatenated/8/SICP/2/GRASP_ancestors.fasta, indelible_output/8/cleaned_N0_trees/2.nwk, indelible_output/8/concatenated/2.fasta, indelible_dicts/8/leaves_2.p, indelible_dicts/8/gaps_2.p
    output: summaries/8/SICP/2.csv
    jobid: 53
    wildcards: taxon=8, method=SICP, rep=2

[Mon Feb  1 15:52:13 2021]
Finished job 53.
36 of 53 steps (68%) done
Select jobs to execute...

[Mon Feb  1 15:52:13 2021]
rule run_grasp:
    input: indelible_output/8/cleaned_aln/2.fasta, indelible_output/8/cleaned_N0_trees/2.nwk
    output: grasp_results/8/BEP/2, grasp_results/8/BEP/2/GRASP_ancestors.fasta, grasp_results/8/BEP/2/tree.nwk
    jobid: 43
    wildcards: taxon=8, method=BEP, rep=2

[Mon Feb  1 15:52:14 2021]
Finished job 43.
37 of 53 steps (70%) done
Select jobs to execute...

[Mon Feb  1 15:52:14 2021]
rule concat_fasta:
    input: indelible_output/8/cleaned_aln/2.fasta, grasp_results/8/BEP/2/GRASP_ancestors.fasta
    output: grasp_results/concatenated/8/BEP/2/GRASP_ancestors.fasta
    jobid: 47
    wildcards: taxon=8, method=BEP, rep=2

[Mon Feb  1 15:52:14 2021]
Finished job 47.
38 of 53 steps (72%) done
Select jobs to execute...

[Mon Feb  1 15:52:14 2021]
rule summarise_indels:
    input: grasp_results/8/BEP/2/tree.nwk, grasp_results/concatenated/8/BEP/2/GRASP_ancestors.fasta, indelible_output/8/cleaned_N0_trees/2.nwk, indelible_output/8/concatenated/2.fasta, indelible_dicts/8/leaves_2.p, indelible_dicts/8/gaps_2.p
    output: summaries/8/BEP/2.csv
    jobid: 42
    wildcards: taxon=8, method=BEP, rep=2

[Mon Feb  1 15:52:16 2021]
Finished job 42.
39 of 53 steps (74%) done
Select jobs to execute...

[Mon Feb  1 15:52:16 2021]
rule concat_summaries:
    input: summaries/8/BEP/1.csv, summaries/8/BEP/2.csv
    output: concatenated_summaries/8_BEP.csv
    jobid: 33
    wildcards: taxon=8, method=BEP

[Mon Feb  1 15:52:16 2021]
Finished job 33.
40 of 53 steps (75%) done
Select jobs to execute...

[Mon Feb  1 15:52:16 2021]
rule concat_fasta:
    input: indelible_output/6/cleaned_aln/2.fasta, grasp_results/6/SICML/2/GRASP_ancestors.fasta
    output: grasp_results/concatenated/6/SICML/2/GRASP_ancestors.fasta
    jobid: 32
    wildcards: taxon=6, method=SICML, rep=2

[Mon Feb  1 15:52:16 2021]
Finished job 32.
41 of 53 steps (77%) done
Select jobs to execute...

[Mon Feb  1 15:52:16 2021]
rule summarise_indelible:
    input: indelible_output/6/cleaned_N0_trees/1.nwk, indelible_output/6/concatenated/1.fasta, indelible_output/6/cleaned_N0_trees/1.nwk, indelible_output/6/concatenated/1.fasta, indelible_dicts/6/leaves_1.p, indelible_dicts/6/gaps_1.p
    output: indelible_summaries/6/1.csv
    jobid: 64
    wildcards: taxon=6, rep=1

[Mon Feb  1 15:52:18 2021]
Finished job 64.
42 of 53 steps (79%) done
Select jobs to execute...

[Mon Feb  1 15:52:18 2021]
rule concat_summaries:
    input: summaries/6/SICP/1.csv, summaries/6/SICP/2.csv
    output: concatenated_summaries/6_SICP.csv
    jobid: 19
    wildcards: taxon=6, method=SICP

[Mon Feb  1 15:52:18 2021]
Finished job 19.
43 of 53 steps (81%) done
Select jobs to execute...

[Mon Feb  1 15:52:18 2021]
rule run_grasp:
    input: indelible_output/8/cleaned_aln/1.fasta, indelible_output/8/cleaned_N0_trees/1.nwk
    output: grasp_results/8/SICP/1, grasp_results/8/SICP/1/GRASP_ancestors.fasta, grasp_results/8/SICP/1/tree.nwk
    jobid: 51
    wildcards: taxon=8, method=SICP, rep=1

[Mon Feb  1 15:52:18 2021]
Finished job 51.
44 of 53 steps (83%) done
Select jobs to execute...

[Mon Feb  1 15:52:18 2021]
rule concat_fasta:
    input: indelible_output/8/cleaned_aln/1.fasta, grasp_results/8/SICP/1/GRASP_ancestors.fasta
    output: grasp_results/concatenated/8/SICP/1/GRASP_ancestors.fasta
    jobid: 52
    wildcards: taxon=8, method=SICP, rep=1

[Mon Feb  1 15:52:18 2021]
Finished job 52.
45 of 53 steps (85%) done
Select jobs to execute...

[Mon Feb  1 15:52:19 2021]
rule summarise_indels:
    input: grasp_results/6/SICML/2/tree.nwk, grasp_results/concatenated/6/SICML/2/GRASP_ancestors.fasta, indelible_output/6/cleaned_N0_trees/2.nwk, indelible_output/6/concatenated/2.fasta, indelible_dicts/6/leaves_2.p, indelible_dicts/6/gaps_2.p
    output: summaries/6/SICML/2.csv
    jobid: 30
    wildcards: taxon=6, method=SICML, rep=2

[Mon Feb  1 15:52:20 2021]
Finished job 30.
46 of 53 steps (87%) done
Select jobs to execute...

[Mon Feb  1 15:52:20 2021]
rule concat_summaries:
    input: summaries/6/SICML/1.csv, summaries/6/SICML/2.csv
    output: concatenated_summaries/6_SICML.csv
    jobid: 26
    wildcards: taxon=6, method=SICML

[Mon Feb  1 15:52:20 2021]
Finished job 26.
47 of 53 steps (89%) done
Select jobs to execute...

[Mon Feb  1 15:52:20 2021]
rule summarise_indels:
    input: grasp_results/8/SICP/1/tree.nwk, grasp_results/concatenated/8/SICP/1/GRASP_ancestors.fasta, indelible_output/8/cleaned_N0_trees/1.nwk, indelible_output/8/concatenated/1.fasta, indelible_dicts/8/leaves_1.p, indelible_dicts/8/gaps_1.p
    output: summaries/8/SICP/1.csv
    jobid: 50
    wildcards: taxon=8, method=SICP, rep=1

[Mon Feb  1 15:52:22 2021]
Finished job 50.
48 of 53 steps (91%) done
Select jobs to execute...

[Mon Feb  1 15:52:22 2021]
rule concat_indelible_summaries:
    input: indelible_summaries/6/1.csv, indelible_summaries/6/2.csv
    output: concatenated_indelible_summaries/6.csv
    jobid: 63
    wildcards: taxon=6

[Mon Feb  1 15:52:22 2021]
Finished job 63.
49 of 53 steps (92%) done
Select jobs to execute...

[Mon Feb  1 15:52:22 2021]
rule concat_summaries:
    input: summaries/8/SICP/1.csv, summaries/8/SICP/2.csv
    output: concatenated_summaries/8_SICP.csv
    jobid: 49
    wildcards: taxon=8, method=SICP

[Mon Feb  1 15:52:22 2021]
Finished job 49.
50 of 53 steps (94%) done
Select jobs to execute...

[Mon Feb  1 15:52:22 2021]
rule generate_output_dict:
    input: concatenated_summaries/6_BEP.csv, concatenated_summaries/6_SICP.csv, concatenated_summaries/6_SICML.csv, concatenated_summaries/8_BEP.csv, concatenated_summaries/8_SICP.csv, concatenated_summaries/8_SICML.csv, concatenated_indelible_summaries/6.csv, concatenated_indelible_summaries/8.csv
    output: output_dicts/output.p
    jobid: 2

[Mon Feb  1 15:52:24 2021]
Error in rule generate_output_dict:
    jobid: 2
    output: output_dicts/output.p

RuleException:
CalledProcessError in line 164 of /Users/gabefoley/Dropbox/PhD/20210121_Indel_Evaluation_Project/Indel_Evaluation_Snakemake/Snakefile:
Command 'set -euo pipefail;  /Users/gabefoley/miniconda3_latest/envs/indel_snakemake/bin/python3.9 /Users/gabefoley/Dropbox/PhD/20210121_Indel_Evaluation_Project/Indel_Evaluation_Snakemake/.snakemake/scripts/tmp8t5xo7p1.generate_output_dict.py' returned non-zero exit status 1.
  File "/Users/gabefoley/miniconda3_latest/envs/indel_snakemake/lib/python3.9/site-packages/snakemake/executors/__init__.py", line 2319, in run_wrapper
  File "/Users/gabefoley/Dropbox/PhD/20210121_Indel_Evaluation_Project/Indel_Evaluation_Snakemake/Snakefile", line 164, in __rule_generate_output_dict
  File "/Users/gabefoley/miniconda3_latest/envs/indel_snakemake/lib/python3.9/site-packages/snakemake/executors/__init__.py", line 568, in _callback
  File "/Users/gabefoley/miniconda3_latest/envs/indel_snakemake/lib/python3.9/concurrent/futures/thread.py", line 52, in run
  File "/Users/gabefoley/miniconda3_latest/envs/indel_snakemake/lib/python3.9/site-packages/snakemake/executors/__init__.py", line 554, in cached_or_run
  File "/Users/gabefoley/miniconda3_latest/envs/indel_snakemake/lib/python3.9/site-packages/snakemake/executors/__init__.py", line 2350, in run_wrapper
Shutting down, this might take some time.
Exiting because a job execution failed. Look above for error message
Complete log: /Users/gabefoley/Dropbox/PhD/20210121_Indel_Evaluation_Project/Indel_Evaluation_Snakemake/.snakemake/log/2021-02-01T155139.328875.snakemake.log
