Building DAG of jobs...
Using shell: /bin/bash
Provided cores: 1 (use --cores to define parallelism)
Rules claiming more threads will be scaled down.
Job counts:
	count	jobs
	1	clean_fasta
	1	run_grasp
	1	run_indelible
	1	summarise_indels
	4
Select jobs to execute...

[Thu Jan 28 14:33:07 2021]
rule run_indelible:
    input: indelible/concatenated/5_control.txt
    output: indelible_output/concatenated/5/cleaned_trees/1.nwk, indelible_output/concatenated/5/concatenated/5_TRUE_1.fasta
    jobid: 7
    wildcards: taxon=concatenated/5, rep=1

Waiting at most 100 seconds for missing files.
Terminating processes on user request, this might take some time.
Cancelling snakemake on user request.
