Building DAG of jobs...
Using shell: /bin/bash
Provided cores: 1 (use --cores to define parallelism)
Rules claiming more threads will be scaled down.
Job counts:
	count	jobs
	1	all
	3	clean_fasta
	16	concat_fasta
	1	create_control_files
	16	run_grasp
	2	run_indelible
	16	summarise_indels
	55
Select jobs to execute...

[Thu Jan 28 11:58:46 2021]
rule run_grasp:
    input: indelible_output/8/cleaned_aln/8_TRUE_2.fasta, indelible_output/8/cleaned_trees/8_tree_2.nwk
    output: grasp_results/8/ancestors/BEML_8_output_2, grasp_results/8/ancestors/BEML_8_output_2/8_output_2.nwk
    jobid: 45
    wildcards: taxon=8, method=BEML, rep=2

Waiting at most 100 seconds for missing files.
Terminating processes on user request, this might take some time.
Cancelling snakemake on user request.
