Building DAG of jobs...
Using shell: /bin/bash
Provided cores: 1 (use --cores to define parallelism)
Rules claiming more threads will be scaled down.
Job counts:
	count	jobs
	2	clean_indelible
	6	concat_fasta
	1	concat_indelible
	3	concat_summaries
	1	create_plots
	6	run_grasp
	6	summarise_indels
	25
Select jobs to execute...

[Sun Jan 31 18:19:45 2021]
rule clean_indelible:
    input: indelible_output/6/N0_trees/1.nwk, indelible_output/6/concatenated/6_1.fasta
    output: indelible_output/6/cleaned_aln/1.fasta, indelible_output/6/cleaned_ancestors/1.fasta, indelible_output/6/concatenated/1.fasta, indelible_output/6/cleaned_N0_trees/1.nwk
    jobid: 4
    wildcards: taxon=6, rep=1

Waiting at most 100 seconds for missing files.
Terminating processes on user request, this might take some time.
Cancelling snakemake on user request.
