Building DAG of jobs...
Using shell: /bin/bash
Provided cores: 1 (use --cores to define parallelism)
Rules claiming more threads will be scaled down.
Job counts:
	count	jobs
	4	clean_indelible
	1	compile_latex
	4	concat_fasta
	4	concat_indelible
	1	concat_indelible_summaries
	1	concat_summaries
	1	create_control_files
	1	generate_latex
	1	generate_output_dict
	4	get_indelible_dict
	4	run_grasp
	4	run_indelible
	4	summarise_indelible
	4	summarise_indels
	38
Select jobs to execute...

[Mon Mar  1 16:12:55 2021]
rule create_control_files:
    output: indelible/25_control.txt
    jobid: 8
    wildcards: taxon=25

[Mon Mar  1 16:12:55 2021]
Finished job 8.
1 of 38 steps (3%) done
Select jobs to execute...

[Mon Mar  1 16:12:55 2021]
rule run_indelible:
    input: indelible/25_control.txt
    output: indelible_output/25/trees/3.nwk, indelible_output/25/25_TRUE_3.fasta, indelible_output/25/25_ANCESTRAL_3.fasta, indelible_output/25/N0_trees/3.nwk
    jobid: 22
    wildcards: taxon=25, rep=3

[Mon Mar  1 16:12:56 2021]
Finished job 22.
2 of 38 steps (5%) done
Select jobs to execute...

[Mon Mar  1 16:12:57 2021]
rule run_indelible:
    input: indelible/25_control.txt
    output: indelible_output/25/trees/1.nwk, indelible_output/25/25_TRUE_1.fasta, indelible_output/25/25_ANCESTRAL_1.fasta, indelible_output/25/N0_trees/1.nwk
    jobid: 7
    wildcards: taxon=25, rep=1

Warning: the following output files of rule run_indelible were not present when the DAG was created:
{'indelible_output/25/25_TRUE_1.fasta', 'indelible_output/25/N0_trees/1.nwk', 'indelible_output/25/25_ANCESTRAL_1.fasta'}
[Mon Mar  1 16:12:58 2021]
Finished job 7.
3 of 38 steps (8%) done
Select jobs to execute...

[Mon Mar  1 16:12:58 2021]
rule concat_indelible:
    input: indelible_output/25/25_TRUE_3.fasta, indelible_output/25/25_ANCESTRAL_3.fasta
    output: indelible_output/25/concatenated/25_3.fasta
    jobid: 23
    wildcards: taxon=25, rep=3

[Mon Mar  1 16:12:58 2021]
Finished job 23.
4 of 38 steps (11%) done
Select jobs to execute...

[Mon Mar  1 16:12:58 2021]
rule concat_indelible:
    input: indelible_output/25/25_TRUE_1.fasta, indelible_output/25/25_ANCESTRAL_1.fasta
    output: indelible_output/25/concatenated/25_1.fasta
    jobid: 9
    wildcards: taxon=25, rep=1

[Mon Mar  1 16:12:58 2021]
Finished job 9.
5 of 38 steps (13%) done
Select jobs to execute...

[Mon Mar  1 16:12:58 2021]
rule clean_indelible:
    input: indelible_output/25/N0_trees/3.nwk, indelible_output/25/concatenated/25_3.fasta
    output: indelible_output/25/cleaned_aln/3.fasta, indelible_output/25/concatenated/3.fasta, indelible_output/25/cleaned_trees/3.nwk, indelible_output/25/cleaned_N0_trees/3.nwk, indelible_output/25/cleaned_no_internal_trees/3.nwk
    jobid: 21
    wildcards: taxon=25, rep=3

[Mon Mar  1 16:12:59 2021]
Finished job 21.
6 of 38 steps (16%) done
Select jobs to execute...

[Mon Mar  1 16:12:59 2021]
rule get_indelible_dict:
    input: indelible_output/25/concatenated/3.fasta, indelible_output/25/cleaned_N0_trees/3.nwk
    output: indelible_dicts/25/leaves_3.p, indelible_dicts/25/gaps_3.p
    jobid: 25
    wildcards: taxon=25, rep=3

[Mon Mar  1 16:13:00 2021]
Finished job 25.
7 of 38 steps (18%) done
Select jobs to execute...

[Mon Mar  1 16:13:00 2021]
rule run_grasp:
    input: indelible_output/25/cleaned_aln/3.fasta, indelible_output/25/cleaned_N0_trees/3.nwk
    output: grasp_results/25/BEML/3, grasp_results/25/BEML/3/GRASP_ancestors.fasta, grasp_results/25/BEML/3/GRASP_ancestors.nwk
    jobid: 20
    wildcards: taxon=25, method=BEML, rep=3

[Mon Mar  1 16:13:02 2021]
Finished job 20.
8 of 38 steps (21%) done
Select jobs to execute...

[Mon Mar  1 16:13:02 2021]
rule run_indelible:
    input: indelible/25_control.txt
    output: indelible_output/25/trees/4.nwk, indelible_output/25/25_TRUE_4.fasta, indelible_output/25/25_ANCESTRAL_4.fasta, indelible_output/25/N0_trees/4.nwk
    jobid: 29
    wildcards: taxon=25, rep=4

Warning: the following output files of rule run_indelible were not present when the DAG was created:
{'indelible_output/25/25_TRUE_4.fasta', 'indelible_output/25/25_ANCESTRAL_4.fasta', 'indelible_output/25/N0_trees/4.nwk'}
[Mon Mar  1 16:13:04 2021]
Finished job 29.
9 of 38 steps (24%) done
Select jobs to execute...

[Mon Mar  1 16:13:04 2021]
rule concat_fasta:
    input: indelible_output/25/cleaned_aln/3.fasta, grasp_results/25/BEML/3/GRASP_ancestors.fasta
    output: grasp_results/concatenated/25/BEML/3/GRASP_ancestors.fasta
    jobid: 24
    wildcards: taxon=25, method=BEML, rep=3

[Mon Mar  1 16:13:04 2021]
Finished job 24.
10 of 38 steps (26%) done
Select jobs to execute...

[Mon Mar  1 16:13:04 2021]
rule clean_indelible:
    input: indelible_output/25/N0_trees/1.nwk, indelible_output/25/concatenated/25_1.fasta
    output: indelible_output/25/cleaned_aln/1.fasta, indelible_output/25/concatenated/1.fasta, indelible_output/25/cleaned_trees/1.nwk, indelible_output/25/cleaned_N0_trees/1.nwk, indelible_output/25/cleaned_no_internal_trees/1.nwk
    jobid: 6
    wildcards: taxon=25, rep=1

[Mon Mar  1 16:13:05 2021]
Finished job 6.
11 of 38 steps (29%) done
Select jobs to execute...

[Mon Mar  1 16:13:05 2021]
rule get_indelible_dict:
    input: indelible_output/25/concatenated/1.fasta, indelible_output/25/cleaned_N0_trees/1.nwk
    output: indelible_dicts/25/leaves_1.p, indelible_dicts/25/gaps_1.p
    jobid: 11
    wildcards: taxon=25, rep=1

[Mon Mar  1 16:13:06 2021]
Finished job 11.
12 of 38 steps (32%) done
Select jobs to execute...

[Mon Mar  1 16:13:06 2021]
rule run_grasp:
    input: indelible_output/25/cleaned_aln/1.fasta, indelible_output/25/cleaned_N0_trees/1.nwk
    output: grasp_results/25/BEML/1, grasp_results/25/BEML/1/GRASP_ancestors.fasta, grasp_results/25/BEML/1/GRASP_ancestors.nwk
    jobid: 5
    wildcards: taxon=25, method=BEML, rep=1

[Mon Mar  1 16:13:07 2021]
Finished job 5.
13 of 38 steps (34%) done
Select jobs to execute...

[Mon Mar  1 16:13:07 2021]
rule concat_fasta:
    input: indelible_output/25/cleaned_aln/1.fasta, grasp_results/25/BEML/1/GRASP_ancestors.fasta
    output: grasp_results/concatenated/25/BEML/1/GRASP_ancestors.fasta
    jobid: 10
    wildcards: taxon=25, method=BEML, rep=1

[Mon Mar  1 16:13:07 2021]
Finished job 10.
14 of 38 steps (37%) done
Select jobs to execute...

[Mon Mar  1 16:13:07 2021]
rule summarise_indels:
    input: grasp_results/25/BEML/1/GRASP_ancestors.nwk, grasp_results/concatenated/25/BEML/1/GRASP_ancestors.fasta, indelible_output/25/cleaned_N0_trees/1.nwk, indelible_output/25/concatenated/1.fasta, indelible_dicts/25/leaves_1.p, indelible_dicts/25/gaps_1.p
    output: summaries/25/BEML/1.csv
    jobid: 4
    wildcards: taxon=25, method=BEML, rep=1

[Mon Mar  1 16:13:09 2021]
Finished job 4.
15 of 38 steps (39%) done
Select jobs to execute...

[Mon Mar  1 16:13:09 2021]
rule summarise_indelible:
    input: indelible_output/25/cleaned_N0_trees/1.nwk, indelible_output/25/concatenated/1.fasta, indelible_output/25/cleaned_N0_trees/1.nwk, indelible_output/25/concatenated/1.fasta, indelible_dicts/25/leaves_1.p, indelible_dicts/25/gaps_1.p
    output: indelible_summaries/25/1.csv
    jobid: 34
    wildcards: taxon=25, rep=1

[Mon Mar  1 16:13:10 2021]
Finished job 34.
16 of 38 steps (42%) done
Select jobs to execute...

[Mon Mar  1 16:13:10 2021]
rule run_indelible:
    input: indelible/25_control.txt
    output: indelible_output/25/trees/2.nwk, indelible_output/25/25_TRUE_2.fasta, indelible_output/25/25_ANCESTRAL_2.fasta, indelible_output/25/N0_trees/2.nwk
    jobid: 15
    wildcards: taxon=25, rep=2

Warning: the following output files of rule run_indelible were not present when the DAG was created:
{'indelible_output/25/25_ANCESTRAL_2.fasta', 'indelible_output/25/N0_trees/2.nwk', 'indelible_output/25/25_TRUE_2.fasta'}
[Mon Mar  1 16:13:11 2021]
Finished job 15.
17 of 38 steps (45%) done
Select jobs to execute...

[Mon Mar  1 16:13:11 2021]
rule summarise_indelible:
    input: indelible_output/25/cleaned_N0_trees/3.nwk, indelible_output/25/concatenated/3.fasta, indelible_output/25/cleaned_N0_trees/3.nwk, indelible_output/25/concatenated/3.fasta, indelible_dicts/25/leaves_3.p, indelible_dicts/25/gaps_3.p
    output: indelible_summaries/25/3.csv
    jobid: 36
    wildcards: taxon=25, rep=3

[Mon Mar  1 16:13:12 2021]
Finished job 36.
18 of 38 steps (47%) done
Select jobs to execute...

[Mon Mar  1 16:13:12 2021]
rule concat_indelible:
    input: indelible_output/25/25_TRUE_4.fasta, indelible_output/25/25_ANCESTRAL_4.fasta
    output: indelible_output/25/concatenated/25_4.fasta
    jobid: 30
    wildcards: taxon=25, rep=4

[Mon Mar  1 16:13:12 2021]
Finished job 30.
19 of 38 steps (50%) done
Select jobs to execute...

[Mon Mar  1 16:13:12 2021]
rule summarise_indels:
    input: grasp_results/25/BEML/3/GRASP_ancestors.nwk, grasp_results/concatenated/25/BEML/3/GRASP_ancestors.fasta, indelible_output/25/cleaned_N0_trees/3.nwk, indelible_output/25/concatenated/3.fasta, indelible_dicts/25/leaves_3.p, indelible_dicts/25/gaps_3.p
    output: summaries/25/BEML/3.csv
    jobid: 19
    wildcards: taxon=25, method=BEML, rep=3

[Mon Mar  1 16:13:13 2021]
Finished job 19.
20 of 38 steps (53%) done
Select jobs to execute...

[Mon Mar  1 16:13:13 2021]
rule clean_indelible:
    input: indelible_output/25/N0_trees/4.nwk, indelible_output/25/concatenated/25_4.fasta
    output: indelible_output/25/cleaned_aln/4.fasta, indelible_output/25/concatenated/4.fasta, indelible_output/25/cleaned_trees/4.nwk, indelible_output/25/cleaned_N0_trees/4.nwk, indelible_output/25/cleaned_no_internal_trees/4.nwk
    jobid: 28
    wildcards: taxon=25, rep=4

[Mon Mar  1 16:13:14 2021]
Finished job 28.
21 of 38 steps (55%) done
Select jobs to execute...

[Mon Mar  1 16:13:14 2021]
rule run_grasp:
    input: indelible_output/25/cleaned_aln/4.fasta, indelible_output/25/cleaned_N0_trees/4.nwk
    output: grasp_results/25/BEML/4, grasp_results/25/BEML/4/GRASP_ancestors.fasta, grasp_results/25/BEML/4/GRASP_ancestors.nwk
    jobid: 27
    wildcards: taxon=25, method=BEML, rep=4

[Mon Mar  1 16:13:15 2021]
Finished job 27.
22 of 38 steps (58%) done
Select jobs to execute...

[Mon Mar  1 16:13:15 2021]
rule concat_fasta:
    input: indelible_output/25/cleaned_aln/4.fasta, grasp_results/25/BEML/4/GRASP_ancestors.fasta
    output: grasp_results/concatenated/25/BEML/4/GRASP_ancestors.fasta
    jobid: 31
    wildcards: taxon=25, method=BEML, rep=4

[Mon Mar  1 16:13:15 2021]
Finished job 31.
23 of 38 steps (61%) done
Select jobs to execute...

[Mon Mar  1 16:13:15 2021]
rule concat_indelible:
    input: indelible_output/25/25_TRUE_2.fasta, indelible_output/25/25_ANCESTRAL_2.fasta
    output: indelible_output/25/concatenated/25_2.fasta
    jobid: 16
    wildcards: taxon=25, rep=2

[Mon Mar  1 16:13:15 2021]
Finished job 16.
24 of 38 steps (63%) done
Select jobs to execute...

[Mon Mar  1 16:13:15 2021]
rule clean_indelible:
    input: indelible_output/25/N0_trees/2.nwk, indelible_output/25/concatenated/25_2.fasta
    output: indelible_output/25/cleaned_aln/2.fasta, indelible_output/25/concatenated/2.fasta, indelible_output/25/cleaned_trees/2.nwk, indelible_output/25/cleaned_N0_trees/2.nwk, indelible_output/25/cleaned_no_internal_trees/2.nwk
    jobid: 14
    wildcards: taxon=25, rep=2

[Mon Mar  1 16:13:17 2021]
Finished job 14.
25 of 38 steps (66%) done
Select jobs to execute...

[Mon Mar  1 16:13:17 2021]
rule get_indelible_dict:
    input: indelible_output/25/concatenated/4.fasta, indelible_output/25/cleaned_N0_trees/4.nwk
    output: indelible_dicts/25/leaves_4.p, indelible_dicts/25/gaps_4.p
    jobid: 32
    wildcards: taxon=25, rep=4

[Mon Mar  1 16:13:18 2021]
Finished job 32.
26 of 38 steps (68%) done
Select jobs to execute...

[Mon Mar  1 16:13:18 2021]
rule summarise_indels:
    input: grasp_results/25/BEML/4/GRASP_ancestors.nwk, grasp_results/concatenated/25/BEML/4/GRASP_ancestors.fasta, indelible_output/25/cleaned_N0_trees/4.nwk, indelible_output/25/concatenated/4.fasta, indelible_dicts/25/leaves_4.p, indelible_dicts/25/gaps_4.p
    output: summaries/25/BEML/4.csv
    jobid: 26
    wildcards: taxon=25, method=BEML, rep=4

[Mon Mar  1 16:13:19 2021]
Finished job 26.
27 of 38 steps (71%) done
Select jobs to execute...

[Mon Mar  1 16:13:19 2021]
rule summarise_indelible:
    input: indelible_output/25/cleaned_N0_trees/4.nwk, indelible_output/25/concatenated/4.fasta, indelible_output/25/cleaned_N0_trees/4.nwk, indelible_output/25/concatenated/4.fasta, indelible_dicts/25/leaves_4.p, indelible_dicts/25/gaps_4.p
    output: indelible_summaries/25/4.csv
    jobid: 37
    wildcards: taxon=25, rep=4

[Mon Mar  1 16:13:20 2021]
Finished job 37.
28 of 38 steps (74%) done
Select jobs to execute...

[Mon Mar  1 16:13:20 2021]
rule get_indelible_dict:
    input: indelible_output/25/concatenated/2.fasta, indelible_output/25/cleaned_N0_trees/2.nwk
    output: indelible_dicts/25/leaves_2.p, indelible_dicts/25/gaps_2.p
    jobid: 18
    wildcards: taxon=25, rep=2

[Mon Mar  1 16:13:21 2021]
Finished job 18.
29 of 38 steps (76%) done
Select jobs to execute...

[Mon Mar  1 16:13:21 2021]
rule summarise_indelible:
    input: indelible_output/25/cleaned_N0_trees/2.nwk, indelible_output/25/concatenated/2.fasta, indelible_output/25/cleaned_N0_trees/2.nwk, indelible_output/25/concatenated/2.fasta, indelible_dicts/25/leaves_2.p, indelible_dicts/25/gaps_2.p
    output: indelible_summaries/25/2.csv
    jobid: 35
    wildcards: taxon=25, rep=2

[Mon Mar  1 16:13:22 2021]
Finished job 35.
30 of 38 steps (79%) done
Select jobs to execute...

[Mon Mar  1 16:13:22 2021]
rule concat_indelible_summaries:
    input: indelible_summaries/25/1.csv, indelible_summaries/25/2.csv, indelible_summaries/25/3.csv, indelible_summaries/25/4.csv
    output: concatenated_indelible_summaries/25.csv
    jobid: 33
    wildcards: taxon=25

[Mon Mar  1 16:13:22 2021]
Finished job 33.
31 of 38 steps (82%) done
Select jobs to execute...

[Mon Mar  1 16:13:22 2021]
rule run_grasp:
    input: indelible_output/25/cleaned_aln/2.fasta, indelible_output/25/cleaned_N0_trees/2.nwk
    output: grasp_results/25/BEML/2, grasp_results/25/BEML/2/GRASP_ancestors.fasta, grasp_results/25/BEML/2/GRASP_ancestors.nwk
    jobid: 13
    wildcards: taxon=25, method=BEML, rep=2

[Mon Mar  1 16:13:24 2021]
Finished job 13.
32 of 38 steps (84%) done
Select jobs to execute...

[Mon Mar  1 16:13:24 2021]
rule concat_fasta:
    input: indelible_output/25/cleaned_aln/2.fasta, grasp_results/25/BEML/2/GRASP_ancestors.fasta
    output: grasp_results/concatenated/25/BEML/2/GRASP_ancestors.fasta
    jobid: 17
    wildcards: taxon=25, method=BEML, rep=2

[Mon Mar  1 16:13:24 2021]
Finished job 17.
33 of 38 steps (87%) done
Select jobs to execute...

[Mon Mar  1 16:13:24 2021]
rule summarise_indels:
    input: grasp_results/25/BEML/2/GRASP_ancestors.nwk, grasp_results/concatenated/25/BEML/2/GRASP_ancestors.fasta, indelible_output/25/cleaned_N0_trees/2.nwk, indelible_output/25/concatenated/2.fasta, indelible_dicts/25/leaves_2.p, indelible_dicts/25/gaps_2.p
    output: summaries/25/BEML/2.csv
    jobid: 12
    wildcards: taxon=25, method=BEML, rep=2

[Mon Mar  1 16:13:25 2021]
Finished job 12.
34 of 38 steps (89%) done
Select jobs to execute...

[Mon Mar  1 16:13:25 2021]
rule concat_summaries:
    input: summaries/25/BEML/1.csv, summaries/25/BEML/2.csv, summaries/25/BEML/3.csv, summaries/25/BEML/4.csv
    output: concatenated_summaries/25_BEML.csv
    jobid: 3
    wildcards: taxon=25, method=BEML

[Mon Mar  1 16:13:25 2021]
Finished job 3.
35 of 38 steps (92%) done
Select jobs to execute...

[Mon Mar  1 16:13:25 2021]
rule generate_output_dict:
    input: concatenated_summaries/25_BEML.csv, concatenated_indelible_summaries/25.csv
    output: output_dicts/output.p
    jobid: 2

[Mon Mar  1 16:13:27 2021]
Finished job 2.
36 of 38 steps (95%) done
Select jobs to execute...

[Mon Mar  1 16:13:27 2021]
rule generate_latex:
    input: output_dicts/output.p
    output: plots/plot.tex
    jobid: 1

[Mon Mar  1 16:13:27 2021]
Finished job 1.
37 of 38 steps (97%) done
Select jobs to execute...

[Mon Mar  1 16:13:27 2021]
rule compile_latex:
    input: plots/plot.tex
    output: plots/plot.pdf
    jobid: 0

[Mon Mar  1 16:13:28 2021]
Finished job 0.
38 of 38 steps (100%) done
Complete log: /Users/gabefoley/Dropbox/PhD/20210121_Indel_Evaluation_Project/Indel_Evaluation_Snakemake/.snakemake/log/2021-03-01T161254.855127.snakemake.log
