Building DAG of jobs...
Using shell: /bin/bash
Provided cores: 1 (use --cores to define parallelism)
Rules claiming more threads will be scaled down.
Job counts:
	count	jobs
	3	clean_fastml
	3	clean_indelible
	1	compile_latex
	9	concat_fasta
	1	concat_fastml_summaries
	3	concat_indelible
	1	concat_indelible_summaries
	3	concat_summaries
	1	create_control_files
	1	generate_latex
	1	generate_output_dict
	3	get_indelible_dict
	3	run_fastml
	9	run_grasp
	3	run_indelible
	3	summarise_fastml_indels
	3	summarise_indelible
	9	summarise_indels
	60
Select jobs to execute...

[Tue Feb  2 12:34:16 2021]
rule create_control_files:
    output: indelible/6_control.txt
    jobid: 8
    wildcards: taxon=6

[Tue Feb  2 12:34:17 2021]
Finished job 8.
1 of 60 steps (2%) done
Select jobs to execute...

[Tue Feb  2 12:34:17 2021]
rule run_indelible:
    input: indelible/6_control.txt
    output: indelible_output/6/trees/1.nwk, indelible_output/6/6_TRUE_1.fasta, indelible_output/6/6_ANCESTRAL_1.fasta, indelible_output/6/N0_trees/1.nwk
    jobid: 7
    wildcards: taxon=6, rep=1

[Tue Feb  2 12:34:18 2021]
Finished job 7.
2 of 60 steps (3%) done
Select jobs to execute...

[Tue Feb  2 12:34:18 2021]
rule concat_indelible:
    input: indelible_output/6/6_TRUE_1.fasta, indelible_output/6/6_ANCESTRAL_1.fasta
    output: indelible_output/6/concatenated/6_1.fasta
    jobid: 9
    wildcards: taxon=6, rep=1

[Tue Feb  2 12:34:18 2021]
Finished job 9.
3 of 60 steps (5%) done
Select jobs to execute...

[Tue Feb  2 12:34:18 2021]
rule clean_indelible:
    input: indelible_output/6/N0_trees/1.nwk, indelible_output/6/concatenated/6_1.fasta
    output: indelible_output/6/cleaned_aln/1.fasta, indelible_output/6/concatenated/1.fasta, indelible_output/6/cleaned_trees/1.nwk, indelible_output/6/cleaned_N0_trees/1.nwk, indelible_output/6/cleaned_no_internal_trees/1.nwk
    jobid: 6
    wildcards: taxon=6, rep=1

[Tue Feb  2 12:34:19 2021]
Finished job 6.
4 of 60 steps (7%) done
Select jobs to execute...

[Tue Feb  2 12:34:19 2021]
rule run_fastml:
    input: indelible_output/6/cleaned_aln/1.fasta, indelible_output/6/cleaned_no_internal_trees/1.nwk
    output: fastml_results/6/1/seq.joint.txt, fastml_results/6/1/tree.newick.txt, fastml_results/6/1
    jobid: 49
    wildcards: taxon=6, rep=1

[Tue Feb  2 12:34:23 2021]
Finished job 49.
5 of 60 steps (8%) done
Select jobs to execute...

[Tue Feb  2 12:34:23 2021]
rule clean_fastml:
    input: fastml_results/6/1/seq.joint.txt, fastml_results/6/1/tree.newick.txt
    output: fastml_results/6/concatenated/1/FastML_ancestors.fasta, fastml_results/6/cleaned_N0_trees/1/tree.nwk
    jobid: 48
    wildcards: taxon=6, rep=1

[Tue Feb  2 12:34:24 2021]
Finished job 48.
6 of 60 steps (10%) done
Select jobs to execute...

[Tue Feb  2 12:34:24 2021]
rule run_grasp:
    input: indelible_output/6/cleaned_aln/1.fasta, indelible_output/6/cleaned_N0_trees/1.nwk
    output: grasp_results/6/SICML/1, grasp_results/6/SICML/1/GRASP_ancestors.fasta, grasp_results/6/SICML/1/tree.nwk
    jobid: 38
    wildcards: taxon=6, method=SICML, rep=1

[Tue Feb  2 12:34:25 2021]
Finished job 38.
7 of 60 steps (12%) done
Select jobs to execute...

[Tue Feb  2 12:34:26 2021]
rule get_indelible_dict:
    input: indelible_output/6/concatenated/1.fasta, indelible_output/6/cleaned_N0_trees/1.nwk
    output: indelible_dicts/6/leaves_1.p, indelible_dicts/6/gaps_1.p
    jobid: 11
    wildcards: taxon=6, rep=1

[Tue Feb  2 12:34:27 2021]
Finished job 11.
8 of 60 steps (13%) done
Select jobs to execute...

[Tue Feb  2 12:34:27 2021]
rule summarise_indelible:
    input: indelible_output/6/cleaned_N0_trees/1.nwk, indelible_output/6/concatenated/1.fasta, indelible_output/6/cleaned_N0_trees/1.nwk, indelible_output/6/concatenated/1.fasta, indelible_dicts/6/leaves_1.p, indelible_dicts/6/gaps_1.p
    output: indelible_summaries/6/1.csv
    jobid: 57
    wildcards: taxon=6, rep=1

[Tue Feb  2 12:34:28 2021]
Finished job 57.
9 of 60 steps (15%) done
Select jobs to execute...

[Tue Feb  2 12:34:28 2021]
rule run_grasp:
    input: indelible_output/6/cleaned_aln/1.fasta, indelible_output/6/cleaned_N0_trees/1.nwk
    output: grasp_results/6/BEP/1, grasp_results/6/BEP/1/GRASP_ancestors.fasta, grasp_results/6/BEP/1/tree.nwk
    jobid: 5
    wildcards: taxon=6, method=BEP, rep=1

[Tue Feb  2 12:34:29 2021]
Finished job 5.
10 of 60 steps (17%) done
Select jobs to execute...

[Tue Feb  2 12:34:29 2021]
rule concat_fasta:
    input: indelible_output/6/cleaned_aln/1.fasta, grasp_results/6/BEP/1/GRASP_ancestors.fasta
    output: grasp_results/concatenated/6/BEP/1/GRASP_ancestors.fasta
    jobid: 10
    wildcards: taxon=6, method=BEP, rep=1

[Tue Feb  2 12:34:29 2021]
Finished job 10.
11 of 60 steps (18%) done
Select jobs to execute...

[Tue Feb  2 12:34:29 2021]
rule summarise_indels:
    input: grasp_results/6/BEP/1/tree.nwk, grasp_results/concatenated/6/BEP/1/GRASP_ancestors.fasta, indelible_output/6/cleaned_N0_trees/1.nwk, indelible_output/6/concatenated/1.fasta, indelible_dicts/6/leaves_1.p, indelible_dicts/6/gaps_1.p
    output: summaries/6/BEP/1.csv
    jobid: 4
    wildcards: taxon=6, method=BEP, rep=1

[Tue Feb  2 12:34:30 2021]
Finished job 4.
12 of 60 steps (20%) done
Select jobs to execute...

[Tue Feb  2 12:34:30 2021]
rule concat_fasta:
    input: indelible_output/6/cleaned_aln/1.fasta, grasp_results/6/SICML/1/GRASP_ancestors.fasta
    output: grasp_results/concatenated/6/SICML/1/GRASP_ancestors.fasta
    jobid: 39
    wildcards: taxon=6, method=SICML, rep=1

[Tue Feb  2 12:34:30 2021]
Finished job 39.
13 of 60 steps (22%) done
Select jobs to execute...

[Tue Feb  2 12:34:30 2021]
rule summarise_indels:
    input: grasp_results/6/SICML/1/tree.nwk, grasp_results/concatenated/6/SICML/1/GRASP_ancestors.fasta, indelible_output/6/cleaned_N0_trees/1.nwk, indelible_output/6/concatenated/1.fasta, indelible_dicts/6/leaves_1.p, indelible_dicts/6/gaps_1.p
    output: summaries/6/SICML/1.csv
    jobid: 37
    wildcards: taxon=6, method=SICML, rep=1

[Tue Feb  2 12:34:31 2021]
Finished job 37.
14 of 60 steps (23%) done
Select jobs to execute...

[Tue Feb  2 12:34:31 2021]
rule summarise_fastml_indels:
    input: fastml_results/6/concatenated/1/FastML_ancestors.fasta, fastml_results/6/cleaned_N0_trees/1/tree.nwk, indelible_output/6/cleaned_N0_trees/1.nwk, indelible_output/6/concatenated/1.fasta, indelible_dicts/6/leaves_1.p, indelible_dicts/6/gaps_1.p
    output: fastml_summaries/6/fastml/1.csv
    jobid: 47
    wildcards: taxon=6, rep=1

[Tue Feb  2 12:34:32 2021]
Finished job 47.
15 of 60 steps (25%) done
Select jobs to execute...

[Tue Feb  2 12:34:32 2021]
rule run_indelible:
    input: indelible/6_control.txt
    output: indelible_output/6/trees/3.nwk, indelible_output/6/6_TRUE_3.fasta, indelible_output/6/6_ANCESTRAL_3.fasta, indelible_output/6/N0_trees/3.nwk
    jobid: 22
    wildcards: taxon=6, rep=3

Warning: the following output files of rule run_indelible were not present when the DAG was created:
{'indelible_output/6/6_TRUE_3.fasta', 'indelible_output/6/6_ANCESTRAL_3.fasta', 'indelible_output/6/N0_trees/3.nwk'}
[Tue Feb  2 12:34:33 2021]
Finished job 22.
16 of 60 steps (27%) done
Select jobs to execute...

[Tue Feb  2 12:34:33 2021]
rule concat_indelible:
    input: indelible_output/6/6_TRUE_3.fasta, indelible_output/6/6_ANCESTRAL_3.fasta
    output: indelible_output/6/concatenated/6_3.fasta
    jobid: 23
    wildcards: taxon=6, rep=3

[Tue Feb  2 12:34:33 2021]
Finished job 23.
17 of 60 steps (28%) done
Select jobs to execute...

[Tue Feb  2 12:34:33 2021]
rule clean_indelible:
    input: indelible_output/6/N0_trees/3.nwk, indelible_output/6/concatenated/6_3.fasta
    output: indelible_output/6/cleaned_aln/3.fasta, indelible_output/6/concatenated/3.fasta, indelible_output/6/cleaned_trees/3.nwk, indelible_output/6/cleaned_N0_trees/3.nwk, indelible_output/6/cleaned_no_internal_trees/3.nwk
    jobid: 21
    wildcards: taxon=6, rep=3

[Tue Feb  2 12:34:34 2021]
Finished job 21.
18 of 60 steps (30%) done
Select jobs to execute...

[Tue Feb  2 12:34:35 2021]
rule run_grasp:
    input: indelible_output/6/cleaned_aln/3.fasta, indelible_output/6/cleaned_N0_trees/3.nwk
    output: grasp_results/6/SICML/3, grasp_results/6/SICML/3/GRASP_ancestors.fasta, grasp_results/6/SICML/3/tree.nwk
    jobid: 44
    wildcards: taxon=6, method=SICML, rep=3

[Tue Feb  2 12:34:36 2021]
Finished job 44.
19 of 60 steps (32%) done
Select jobs to execute...

[Tue Feb  2 12:34:36 2021]
rule get_indelible_dict:
    input: indelible_output/6/concatenated/3.fasta, indelible_output/6/cleaned_N0_trees/3.nwk
    output: indelible_dicts/6/leaves_3.p, indelible_dicts/6/gaps_3.p
    jobid: 25
    wildcards: taxon=6, rep=3

[Tue Feb  2 12:34:37 2021]
Finished job 25.
20 of 60 steps (33%) done
Select jobs to execute...

[Tue Feb  2 12:34:37 2021]
rule summarise_indelible:
    input: indelible_output/6/cleaned_N0_trees/3.nwk, indelible_output/6/concatenated/3.fasta, indelible_output/6/cleaned_N0_trees/3.nwk, indelible_output/6/concatenated/3.fasta, indelible_dicts/6/leaves_3.p, indelible_dicts/6/gaps_3.p
    output: indelible_summaries/6/3.csv
    jobid: 59
    wildcards: taxon=6, rep=3

[Tue Feb  2 12:34:38 2021]
Finished job 59.
21 of 60 steps (35%) done
Select jobs to execute...

[Tue Feb  2 12:34:38 2021]
rule run_grasp:
    input: indelible_output/6/cleaned_aln/3.fasta, indelible_output/6/cleaned_N0_trees/3.nwk
    output: grasp_results/6/BEP/3, grasp_results/6/BEP/3/GRASP_ancestors.fasta, grasp_results/6/BEP/3/tree.nwk
    jobid: 20
    wildcards: taxon=6, method=BEP, rep=3

[Tue Feb  2 12:34:39 2021]
Finished job 20.
22 of 60 steps (37%) done
Select jobs to execute...

[Tue Feb  2 12:34:39 2021]
rule concat_fasta:
    input: indelible_output/6/cleaned_aln/3.fasta, grasp_results/6/BEP/3/GRASP_ancestors.fasta
    output: grasp_results/concatenated/6/BEP/3/GRASP_ancestors.fasta
    jobid: 24
    wildcards: taxon=6, method=BEP, rep=3

[Tue Feb  2 12:34:39 2021]
Finished job 24.
23 of 60 steps (38%) done
Select jobs to execute...

[Tue Feb  2 12:34:39 2021]
rule summarise_indels:
    input: grasp_results/6/BEP/3/tree.nwk, grasp_results/concatenated/6/BEP/3/GRASP_ancestors.fasta, indelible_output/6/cleaned_N0_trees/3.nwk, indelible_output/6/concatenated/3.fasta, indelible_dicts/6/leaves_3.p, indelible_dicts/6/gaps_3.p
    output: summaries/6/BEP/3.csv
    jobid: 19
    wildcards: taxon=6, method=BEP, rep=3

[Tue Feb  2 12:34:40 2021]
Finished job 19.
24 of 60 steps (40%) done
Select jobs to execute...

[Tue Feb  2 12:34:40 2021]
rule run_fastml:
    input: indelible_output/6/cleaned_aln/3.fasta, indelible_output/6/cleaned_no_internal_trees/3.nwk
    output: fastml_results/6/3/seq.joint.txt, fastml_results/6/3/tree.newick.txt, fastml_results/6/3
    jobid: 55
    wildcards: taxon=6, rep=3

[Tue Feb  2 12:34:45 2021]
Finished job 55.
25 of 60 steps (42%) done
Select jobs to execute...

[Tue Feb  2 12:34:45 2021]
rule clean_fastml:
    input: fastml_results/6/3/seq.joint.txt, fastml_results/6/3/tree.newick.txt
    output: fastml_results/6/concatenated/3/FastML_ancestors.fasta, fastml_results/6/cleaned_N0_trees/3/tree.nwk
    jobid: 54
    wildcards: taxon=6, rep=3

[Tue Feb  2 12:34:46 2021]
Finished job 54.
26 of 60 steps (43%) done
Select jobs to execute...

[Tue Feb  2 12:34:46 2021]
rule summarise_fastml_indels:
    input: fastml_results/6/concatenated/3/FastML_ancestors.fasta, fastml_results/6/cleaned_N0_trees/3/tree.nwk, indelible_output/6/cleaned_N0_trees/3.nwk, indelible_output/6/concatenated/3.fasta, indelible_dicts/6/leaves_3.p, indelible_dicts/6/gaps_3.p
    output: fastml_summaries/6/fastml/3.csv
    jobid: 53
    wildcards: taxon=6, rep=3

[Tue Feb  2 12:34:47 2021]
Finished job 53.
27 of 60 steps (45%) done
Select jobs to execute...

[Tue Feb  2 12:34:47 2021]
rule run_indelible:
    input: indelible/6_control.txt
    output: indelible_output/6/trees/2.nwk, indelible_output/6/6_TRUE_2.fasta, indelible_output/6/6_ANCESTRAL_2.fasta, indelible_output/6/N0_trees/2.nwk
    jobid: 15
    wildcards: taxon=6, rep=2

Warning: the following output files of rule run_indelible were not present when the DAG was created:
{'indelible_output/6/N0_trees/2.nwk', 'indelible_output/6/6_ANCESTRAL_2.fasta', 'indelible_output/6/6_TRUE_2.fasta'}
[Tue Feb  2 12:34:48 2021]
Finished job 15.
28 of 60 steps (47%) done
Select jobs to execute...

[Tue Feb  2 12:34:48 2021]
rule run_grasp:
    input: indelible_output/6/cleaned_aln/1.fasta, indelible_output/6/cleaned_N0_trees/1.nwk
    output: grasp_results/6/SICP/1, grasp_results/6/SICP/1/GRASP_ancestors.fasta, grasp_results/6/SICP/1/tree.nwk
    jobid: 28
    wildcards: taxon=6, method=SICP, rep=1

[Tue Feb  2 12:34:49 2021]
Finished job 28.
29 of 60 steps (48%) done
Select jobs to execute...

[Tue Feb  2 12:34:49 2021]
rule run_grasp:
    input: indelible_output/6/cleaned_aln/3.fasta, indelible_output/6/cleaned_N0_trees/3.nwk
    output: grasp_results/6/SICP/3, grasp_results/6/SICP/3/GRASP_ancestors.fasta, grasp_results/6/SICP/3/tree.nwk
    jobid: 34
    wildcards: taxon=6, method=SICP, rep=3

[Tue Feb  2 12:34:50 2021]
Finished job 34.
30 of 60 steps (50%) done
Select jobs to execute...

[Tue Feb  2 12:34:50 2021]
rule concat_fasta:
    input: indelible_output/6/cleaned_aln/3.fasta, grasp_results/6/SICML/3/GRASP_ancestors.fasta
    output: grasp_results/concatenated/6/SICML/3/GRASP_ancestors.fasta
    jobid: 45
    wildcards: taxon=6, method=SICML, rep=3

[Tue Feb  2 12:34:50 2021]
Finished job 45.
31 of 60 steps (52%) done
Select jobs to execute...

[Tue Feb  2 12:34:51 2021]
rule summarise_indels:
    input: grasp_results/6/SICML/3/tree.nwk, grasp_results/concatenated/6/SICML/3/GRASP_ancestors.fasta, indelible_output/6/cleaned_N0_trees/3.nwk, indelible_output/6/concatenated/3.fasta, indelible_dicts/6/leaves_3.p, indelible_dicts/6/gaps_3.p
    output: summaries/6/SICML/3.csv
    jobid: 43
    wildcards: taxon=6, method=SICML, rep=3

[Tue Feb  2 12:34:52 2021]
Finished job 43.
32 of 60 steps (53%) done
Select jobs to execute...

[Tue Feb  2 12:34:52 2021]
rule concat_indelible:
    input: indelible_output/6/6_TRUE_2.fasta, indelible_output/6/6_ANCESTRAL_2.fasta
    output: indelible_output/6/concatenated/6_2.fasta
    jobid: 16
    wildcards: taxon=6, rep=2

[Tue Feb  2 12:34:52 2021]
Finished job 16.
33 of 60 steps (55%) done
Select jobs to execute...

[Tue Feb  2 12:34:52 2021]
rule concat_fasta:
    input: indelible_output/6/cleaned_aln/1.fasta, grasp_results/6/SICP/1/GRASP_ancestors.fasta
    output: grasp_results/concatenated/6/SICP/1/GRASP_ancestors.fasta
    jobid: 29
    wildcards: taxon=6, method=SICP, rep=1

[Tue Feb  2 12:34:52 2021]
Finished job 29.
34 of 60 steps (57%) done
Select jobs to execute...

[Tue Feb  2 12:34:52 2021]
rule summarise_indels:
    input: grasp_results/6/SICP/1/tree.nwk, grasp_results/concatenated/6/SICP/1/GRASP_ancestors.fasta, indelible_output/6/cleaned_N0_trees/1.nwk, indelible_output/6/concatenated/1.fasta, indelible_dicts/6/leaves_1.p, indelible_dicts/6/gaps_1.p
    output: summaries/6/SICP/1.csv
    jobid: 27
    wildcards: taxon=6, method=SICP, rep=1

[Tue Feb  2 12:34:53 2021]
Finished job 27.
35 of 60 steps (58%) done
Select jobs to execute...

[Tue Feb  2 12:34:53 2021]
rule clean_indelible:
    input: indelible_output/6/N0_trees/2.nwk, indelible_output/6/concatenated/6_2.fasta
    output: indelible_output/6/cleaned_aln/2.fasta, indelible_output/6/concatenated/2.fasta, indelible_output/6/cleaned_trees/2.nwk, indelible_output/6/cleaned_N0_trees/2.nwk, indelible_output/6/cleaned_no_internal_trees/2.nwk
    jobid: 14
    wildcards: taxon=6, rep=2

[Tue Feb  2 12:34:54 2021]
Finished job 14.
36 of 60 steps (60%) done
Select jobs to execute...

[Tue Feb  2 12:34:54 2021]
rule run_fastml:
    input: indelible_output/6/cleaned_aln/2.fasta, indelible_output/6/cleaned_no_internal_trees/2.nwk
    output: fastml_results/6/2/seq.joint.txt, fastml_results/6/2/tree.newick.txt, fastml_results/6/2
    jobid: 52
    wildcards: taxon=6, rep=2

[Tue Feb  2 12:34:58 2021]
Finished job 52.
37 of 60 steps (62%) done
Select jobs to execute...

[Tue Feb  2 12:34:58 2021]
rule run_grasp:
    input: indelible_output/6/cleaned_aln/2.fasta, indelible_output/6/cleaned_N0_trees/2.nwk
    output: grasp_results/6/SICP/2, grasp_results/6/SICP/2/GRASP_ancestors.fasta, grasp_results/6/SICP/2/tree.nwk
    jobid: 31
    wildcards: taxon=6, method=SICP, rep=2

[Tue Feb  2 12:34:59 2021]
Finished job 31.
38 of 60 steps (63%) done
Select jobs to execute...

[Tue Feb  2 12:34:59 2021]
rule concat_fasta:
    input: indelible_output/6/cleaned_aln/3.fasta, grasp_results/6/SICP/3/GRASP_ancestors.fasta
    output: grasp_results/concatenated/6/SICP/3/GRASP_ancestors.fasta
    jobid: 35
    wildcards: taxon=6, method=SICP, rep=3

[Tue Feb  2 12:34:59 2021]
Finished job 35.
39 of 60 steps (65%) done
Select jobs to execute...

[Tue Feb  2 12:34:59 2021]
rule summarise_indels:
    input: grasp_results/6/SICP/3/tree.nwk, grasp_results/concatenated/6/SICP/3/GRASP_ancestors.fasta, indelible_output/6/cleaned_N0_trees/3.nwk, indelible_output/6/concatenated/3.fasta, indelible_dicts/6/leaves_3.p, indelible_dicts/6/gaps_3.p
    output: summaries/6/SICP/3.csv
    jobid: 33
    wildcards: taxon=6, method=SICP, rep=3

[Tue Feb  2 12:35:00 2021]
Finished job 33.
40 of 60 steps (67%) done
Select jobs to execute...

[Tue Feb  2 12:35:00 2021]
rule get_indelible_dict:
    input: indelible_output/6/concatenated/2.fasta, indelible_output/6/cleaned_N0_trees/2.nwk
    output: indelible_dicts/6/leaves_2.p, indelible_dicts/6/gaps_2.p
    jobid: 18
    wildcards: taxon=6, rep=2

[Tue Feb  2 12:35:01 2021]
Finished job 18.
41 of 60 steps (68%) done
Select jobs to execute...

[Tue Feb  2 12:35:01 2021]
rule run_grasp:
    input: indelible_output/6/cleaned_aln/2.fasta, indelible_output/6/cleaned_N0_trees/2.nwk
    output: grasp_results/6/SICML/2, grasp_results/6/SICML/2/GRASP_ancestors.fasta, grasp_results/6/SICML/2/tree.nwk
    jobid: 41
    wildcards: taxon=6, method=SICML, rep=2

[Tue Feb  2 12:35:02 2021]
Finished job 41.
42 of 60 steps (70%) done
Select jobs to execute...

[Tue Feb  2 12:35:02 2021]
rule concat_fasta:
    input: indelible_output/6/cleaned_aln/2.fasta, grasp_results/6/SICML/2/GRASP_ancestors.fasta
    output: grasp_results/concatenated/6/SICML/2/GRASP_ancestors.fasta
    jobid: 42
    wildcards: taxon=6, method=SICML, rep=2

[Tue Feb  2 12:35:02 2021]
Finished job 42.
43 of 60 steps (72%) done
Select jobs to execute...

[Tue Feb  2 12:35:02 2021]
rule summarise_indels:
    input: grasp_results/6/SICML/2/tree.nwk, grasp_results/concatenated/6/SICML/2/GRASP_ancestors.fasta, indelible_output/6/cleaned_N0_trees/2.nwk, indelible_output/6/concatenated/2.fasta, indelible_dicts/6/leaves_2.p, indelible_dicts/6/gaps_2.p
    output: summaries/6/SICML/2.csv
    jobid: 40
    wildcards: taxon=6, method=SICML, rep=2

[Tue Feb  2 12:35:03 2021]
Finished job 40.
44 of 60 steps (73%) done
Select jobs to execute...

[Tue Feb  2 12:35:03 2021]
rule summarise_indelible:
    input: indelible_output/6/cleaned_N0_trees/2.nwk, indelible_output/6/concatenated/2.fasta, indelible_output/6/cleaned_N0_trees/2.nwk, indelible_output/6/concatenated/2.fasta, indelible_dicts/6/leaves_2.p, indelible_dicts/6/gaps_2.p
    output: indelible_summaries/6/2.csv
    jobid: 58
    wildcards: taxon=6, rep=2

[Tue Feb  2 12:35:04 2021]
Finished job 58.
45 of 60 steps (75%) done
Select jobs to execute...

[Tue Feb  2 12:35:04 2021]
rule concat_indelible_summaries:
    input: indelible_summaries/6/1.csv, indelible_summaries/6/2.csv, indelible_summaries/6/3.csv
    output: concatenated_indelible_summaries/6.csv
    jobid: 56
    wildcards: taxon=6

[Tue Feb  2 12:35:04 2021]
Finished job 56.
46 of 60 steps (77%) done
Select jobs to execute...

[Tue Feb  2 12:35:05 2021]
rule concat_summaries:
    input: summaries/6/SICML/1.csv, summaries/6/SICML/2.csv, summaries/6/SICML/3.csv
    output: concatenated_summaries/6_SICML.csv
    jobid: 36
    wildcards: taxon=6, method=SICML

[Tue Feb  2 12:35:05 2021]
Finished job 36.
47 of 60 steps (78%) done
Select jobs to execute...

[Tue Feb  2 12:35:05 2021]
rule run_grasp:
    input: indelible_output/6/cleaned_aln/2.fasta, indelible_output/6/cleaned_N0_trees/2.nwk
    output: grasp_results/6/BEP/2, grasp_results/6/BEP/2/GRASP_ancestors.fasta, grasp_results/6/BEP/2/tree.nwk
    jobid: 13
    wildcards: taxon=6, method=BEP, rep=2

[Tue Feb  2 12:35:06 2021]
Finished job 13.
48 of 60 steps (80%) done
Select jobs to execute...

[Tue Feb  2 12:35:06 2021]
rule clean_fastml:
    input: fastml_results/6/2/seq.joint.txt, fastml_results/6/2/tree.newick.txt
    output: fastml_results/6/concatenated/2/FastML_ancestors.fasta, fastml_results/6/cleaned_N0_trees/2/tree.nwk
    jobid: 51
    wildcards: taxon=6, rep=2

[Tue Feb  2 12:35:07 2021]
Finished job 51.
49 of 60 steps (82%) done
Select jobs to execute...

[Tue Feb  2 12:35:07 2021]
rule concat_fasta:
    input: indelible_output/6/cleaned_aln/2.fasta, grasp_results/6/SICP/2/GRASP_ancestors.fasta
    output: grasp_results/concatenated/6/SICP/2/GRASP_ancestors.fasta
    jobid: 32
    wildcards: taxon=6, method=SICP, rep=2

[Tue Feb  2 12:35:07 2021]
Finished job 32.
50 of 60 steps (83%) done
Select jobs to execute...

[Tue Feb  2 12:35:07 2021]
rule summarise_fastml_indels:
    input: fastml_results/6/concatenated/2/FastML_ancestors.fasta, fastml_results/6/cleaned_N0_trees/2/tree.nwk, indelible_output/6/cleaned_N0_trees/2.nwk, indelible_output/6/concatenated/2.fasta, indelible_dicts/6/leaves_2.p, indelible_dicts/6/gaps_2.p
    output: fastml_summaries/6/fastml/2.csv
    jobid: 50
    wildcards: taxon=6, rep=2

[Tue Feb  2 12:35:08 2021]
Finished job 50.
51 of 60 steps (85%) done
Select jobs to execute...

[Tue Feb  2 12:35:08 2021]
rule summarise_indels:
    input: grasp_results/6/SICP/2/tree.nwk, grasp_results/concatenated/6/SICP/2/GRASP_ancestors.fasta, indelible_output/6/cleaned_N0_trees/2.nwk, indelible_output/6/concatenated/2.fasta, indelible_dicts/6/leaves_2.p, indelible_dicts/6/gaps_2.p
    output: summaries/6/SICP/2.csv
    jobid: 30
    wildcards: taxon=6, method=SICP, rep=2

[Tue Feb  2 12:35:09 2021]
Finished job 30.
52 of 60 steps (87%) done
Select jobs to execute...

[Tue Feb  2 12:35:09 2021]
rule concat_summaries:
    input: summaries/6/SICP/1.csv, summaries/6/SICP/2.csv, summaries/6/SICP/3.csv
    output: concatenated_summaries/6_SICP.csv
    jobid: 26
    wildcards: taxon=6, method=SICP

[Tue Feb  2 12:35:09 2021]
Finished job 26.
53 of 60 steps (88%) done
Select jobs to execute...

[Tue Feb  2 12:35:09 2021]
rule concat_fastml_summaries:
    input: fastml_summaries/6/fastml/1.csv, fastml_summaries/6/fastml/2.csv, fastml_summaries/6/fastml/3.csv
    output: concatenated_fastml_summaries/6.csv
    jobid: 46
    wildcards: taxon=6

[Tue Feb  2 12:35:09 2021]
Finished job 46.
54 of 60 steps (90%) done
Select jobs to execute...

[Tue Feb  2 12:35:09 2021]
rule concat_fasta:
    input: indelible_output/6/cleaned_aln/2.fasta, grasp_results/6/BEP/2/GRASP_ancestors.fasta
    output: grasp_results/concatenated/6/BEP/2/GRASP_ancestors.fasta
    jobid: 17
    wildcards: taxon=6, method=BEP, rep=2

[Tue Feb  2 12:35:09 2021]
Finished job 17.
55 of 60 steps (92%) done
Select jobs to execute...

[Tue Feb  2 12:35:09 2021]
rule summarise_indels:
    input: grasp_results/6/BEP/2/tree.nwk, grasp_results/concatenated/6/BEP/2/GRASP_ancestors.fasta, indelible_output/6/cleaned_N0_trees/2.nwk, indelible_output/6/concatenated/2.fasta, indelible_dicts/6/leaves_2.p, indelible_dicts/6/gaps_2.p
    output: summaries/6/BEP/2.csv
    jobid: 12
    wildcards: taxon=6, method=BEP, rep=2

[Tue Feb  2 12:35:10 2021]
Finished job 12.
56 of 60 steps (93%) done
Select jobs to execute...

[Tue Feb  2 12:35:10 2021]
rule concat_summaries:
    input: summaries/6/BEP/1.csv, summaries/6/BEP/2.csv, summaries/6/BEP/3.csv
    output: concatenated_summaries/6_BEP.csv
    jobid: 3
    wildcards: taxon=6, method=BEP

[Tue Feb  2 12:35:10 2021]
Finished job 3.
57 of 60 steps (95%) done
Select jobs to execute...

[Tue Feb  2 12:35:10 2021]
rule generate_output_dict:
    input: concatenated_summaries/6_BEP.csv, concatenated_summaries/6_SICP.csv, concatenated_summaries/6_SICML.csv, concatenated_fastml_summaries/6.csv, concatenated_indelible_summaries/6.csv
    output: output_dicts/output.p
    jobid: 2

[Tue Feb  2 12:35:14 2021]
Finished job 2.
58 of 60 steps (97%) done
Select jobs to execute...

[Tue Feb  2 12:35:14 2021]
rule generate_latex:
    input: output_dicts/output.p
    output: plots/plot.tex
    jobid: 1

[Tue Feb  2 12:35:14 2021]
Finished job 1.
59 of 60 steps (98%) done
Select jobs to execute...

[Tue Feb  2 12:35:14 2021]
rule compile_latex:
    input: plots/plot.tex
    output: plots/plot.pdf
    jobid: 0

[Tue Feb  2 12:35:16 2021]
Finished job 0.
60 of 60 steps (100%) done
Complete log: /Users/gabefoley/Dropbox/PhD/20210121_Indel_Evaluation_Project/Indel_Evaluation_Snakemake/.snakemake/log/2021-02-02T123416.490847.snakemake.log
