Building DAG of jobs...
Using shell: /bin/bash
Provided cores: 1 (use --cores to define parallelism)
Rules claiming more threads will be scaled down.
Job counts:
	count	jobs
	1	clean_indelible
	1	compile_latex
	3	concat_fasta
	1	concat_indelible
	3	concat_summaries
	1	generate_latex
	1	get_indelible_dict
	3	run_grasp
	3	summarise_indels
	17
Select jobs to execute...

[Mon Feb  1 09:57:25 2021]
rule concat_indelible:
    input: indelible_output/6/6_TRUE_2.fasta, indelible_output/6/6_ANCESTRAL_2.fasta
    output: indelible_output/6/concatenated/6_2.fasta
    jobid: 15
    wildcards: taxon=6, rep=2

[Mon Feb  1 09:57:25 2021]
Finished job 15.
1 of 17 steps (6%) done
Select jobs to execute...

[Mon Feb  1 09:57:25 2021]
rule clean_indelible:
    input: indelible_output/6/N0_trees/2.nwk, indelible_output/6/concatenated/6_2.fasta
    output: indelible_output/6/cleaned_aln/2.fasta, indelible_output/6/concatenated/2.fasta, indelible_output/6/cleaned_N0_trees/2.nwk
    jobid: 13
    wildcards: taxon=6, rep=2

[Mon Feb  1 09:57:25 2021]
Finished job 13.
2 of 17 steps (12%) done
Select jobs to execute...

[Mon Feb  1 09:57:25 2021]
rule run_grasp:
    input: indelible_output/6/cleaned_aln/2.fasta, indelible_output/6/cleaned_N0_trees/2.nwk
    output: grasp_results/6/BEP/2, grasp_results/6/BEP/2/GRASP_ancestors.fasta, grasp_results/6/BEP/2/tree.nwk
    jobid: 12
    wildcards: taxon=6, method=BEP, rep=2

[Mon Feb  1 09:57:26 2021]
Finished job 12.
3 of 17 steps (18%) done
Select jobs to execute...

[Mon Feb  1 09:57:26 2021]
rule run_grasp:
    input: indelible_output/6/cleaned_aln/2.fasta, indelible_output/6/cleaned_N0_trees/2.nwk
    output: grasp_results/6/SICP/2, grasp_results/6/SICP/2/GRASP_ancestors.fasta, grasp_results/6/SICP/2/tree.nwk
    jobid: 23
    wildcards: taxon=6, method=SICP, rep=2

[Mon Feb  1 09:57:26 2021]
Finished job 23.
4 of 17 steps (24%) done
Select jobs to execute...

[Mon Feb  1 09:57:26 2021]
rule concat_fasta:
    input: indelible_output/6/cleaned_aln/2.fasta, grasp_results/6/SICP/2/GRASP_ancestors.fasta
    output: grasp_results/concatenated/6/SICP/2/GRASP_ancestors.fasta
    jobid: 24
    wildcards: taxon=6, method=SICP, rep=2

[Mon Feb  1 09:57:26 2021]
Finished job 24.
5 of 17 steps (29%) done
Select jobs to execute...

[Mon Feb  1 09:57:26 2021]
rule run_grasp:
    input: indelible_output/6/cleaned_aln/2.fasta, indelible_output/6/cleaned_N0_trees/2.nwk
    output: grasp_results/6/SICML/2, grasp_results/6/SICML/2/GRASP_ancestors.fasta, grasp_results/6/SICML/2/tree.nwk
    jobid: 30
    wildcards: taxon=6, method=SICML, rep=2

[Mon Feb  1 09:57:27 2021]
Finished job 30.
6 of 17 steps (35%) done
Select jobs to execute...

[Mon Feb  1 09:57:27 2021]
rule get_indelible_dict:
    input: indelible_output/6/concatenated/2.fasta, indelible_output/6/cleaned_N0_trees/2.nwk
    output: indelible_dicts/6/leaves_2.p, indelible_dicts/6/gaps_2.p
    jobid: 17
    wildcards: taxon=6, rep=2

[Mon Feb  1 09:57:27 2021]
Finished job 17.
7 of 17 steps (41%) done
Select jobs to execute...

[Mon Feb  1 09:57:27 2021]
rule summarise_indels:
    input: grasp_results/6/SICP/2/tree.nwk, grasp_results/concatenated/6/SICP/2/GRASP_ancestors.fasta, indelible_output/6/cleaned_N0_trees/2.nwk, indelible_output/6/concatenated/2.fasta, indelible_dicts/6/leaves_2.p, indelible_dicts/6/gaps_2.p
    output: summaries/6/SICP/2.csv
    jobid: 22
    wildcards: taxon=6, method=SICP, rep=2

[Mon Feb  1 09:57:28 2021]
Finished job 22.
8 of 17 steps (47%) done
Select jobs to execute...

[Mon Feb  1 09:57:28 2021]
rule concat_fasta:
    input: indelible_output/6/cleaned_aln/2.fasta, grasp_results/6/BEP/2/GRASP_ancestors.fasta
    output: grasp_results/concatenated/6/BEP/2/GRASP_ancestors.fasta
    jobid: 16
    wildcards: taxon=6, method=BEP, rep=2

[Mon Feb  1 09:57:28 2021]
Finished job 16.
9 of 17 steps (53%) done
Select jobs to execute...

[Mon Feb  1 09:57:28 2021]
rule summarise_indels:
    input: grasp_results/6/BEP/2/tree.nwk, grasp_results/concatenated/6/BEP/2/GRASP_ancestors.fasta, indelible_output/6/cleaned_N0_trees/2.nwk, indelible_output/6/concatenated/2.fasta, indelible_dicts/6/leaves_2.p, indelible_dicts/6/gaps_2.p
    output: summaries/6/BEP/2.csv
    jobid: 11
    wildcards: taxon=6, method=BEP, rep=2

[Mon Feb  1 09:57:29 2021]
Finished job 11.
10 of 17 steps (59%) done
Select jobs to execute...

[Mon Feb  1 09:57:29 2021]
rule concat_summaries:
    input: summaries/6/BEP/1.csv, summaries/6/BEP/2.csv
    output: concatenated_summaries/6_BEP.csv
    jobid: 2
    wildcards: taxon=6, method=BEP

[Mon Feb  1 09:57:29 2021]
Finished job 2.
11 of 17 steps (65%) done
Select jobs to execute...

[Mon Feb  1 09:57:29 2021]
rule concat_summaries:
    input: summaries/6/SICP/1.csv, summaries/6/SICP/2.csv
    output: concatenated_summaries/6_SICP.csv
    jobid: 18
    wildcards: taxon=6, method=SICP

[Mon Feb  1 09:57:29 2021]
Finished job 18.
12 of 17 steps (71%) done
Select jobs to execute...

[Mon Feb  1 09:57:29 2021]
rule concat_fasta:
    input: indelible_output/6/cleaned_aln/2.fasta, grasp_results/6/SICML/2/GRASP_ancestors.fasta
    output: grasp_results/concatenated/6/SICML/2/GRASP_ancestors.fasta
    jobid: 31
    wildcards: taxon=6, method=SICML, rep=2

[Mon Feb  1 09:57:29 2021]
Finished job 31.
13 of 17 steps (76%) done
Select jobs to execute...

[Mon Feb  1 09:57:29 2021]
rule summarise_indels:
    input: grasp_results/6/SICML/2/tree.nwk, grasp_results/concatenated/6/SICML/2/GRASP_ancestors.fasta, indelible_output/6/cleaned_N0_trees/2.nwk, indelible_output/6/concatenated/2.fasta, indelible_dicts/6/leaves_2.p, indelible_dicts/6/gaps_2.p
    output: summaries/6/SICML/2.csv
    jobid: 29
    wildcards: taxon=6, method=SICML, rep=2

[Mon Feb  1 09:57:29 2021]
Finished job 29.
14 of 17 steps (82%) done
Select jobs to execute...

[Mon Feb  1 09:57:29 2021]
rule concat_summaries:
    input: summaries/6/SICML/1.csv, summaries/6/SICML/2.csv
    output: concatenated_summaries/6_SICML.csv
    jobid: 25
    wildcards: taxon=6, method=SICML

[Mon Feb  1 09:57:29 2021]
Finished job 25.
15 of 17 steps (88%) done
Select jobs to execute...

[Mon Feb  1 09:57:29 2021]
rule generate_latex:
    input: concatenated_summaries/6_BEP.csv, concatenated_summaries/6_SICP.csv, concatenated_summaries/6_SICML.csv
    output: plots/plot.tex
    jobid: 1

[Mon Feb  1 09:57:30 2021]
Error in rule generate_latex:
    jobid: 1
    output: plots/plot.tex

RuleException:
CalledProcessError in line 135 of /Users/gabefoley/Dropbox/PhD/20210121_Indel_Evaluation_Project/Indel_Evaluation_Snakemake/Snakefile:
Command 'set -euo pipefail;  /Users/gabefoley/miniconda3_latest/envs/indel_snakemake/bin/python3.9 /Users/gabefoley/Dropbox/PhD/20210121_Indel_Evaluation_Project/Indel_Evaluation_Snakemake/.snakemake/scripts/tmpc0h3zemo.generate_latex.py' returned non-zero exit status 1.
  File "/Users/gabefoley/miniconda3_latest/envs/indel_snakemake/lib/python3.9/site-packages/snakemake/executors/__init__.py", line 2319, in run_wrapper
  File "/Users/gabefoley/Dropbox/PhD/20210121_Indel_Evaluation_Project/Indel_Evaluation_Snakemake/Snakefile", line 135, in __rule_generate_latex
  File "/Users/gabefoley/miniconda3_latest/envs/indel_snakemake/lib/python3.9/site-packages/snakemake/executors/__init__.py", line 568, in _callback
  File "/Users/gabefoley/miniconda3_latest/envs/indel_snakemake/lib/python3.9/concurrent/futures/thread.py", line 52, in run
  File "/Users/gabefoley/miniconda3_latest/envs/indel_snakemake/lib/python3.9/site-packages/snakemake/executors/__init__.py", line 554, in cached_or_run
  File "/Users/gabefoley/miniconda3_latest/envs/indel_snakemake/lib/python3.9/site-packages/snakemake/executors/__init__.py", line 2350, in run_wrapper
Shutting down, this might take some time.
Exiting because a job execution failed. Look above for error message
Complete log: /Users/gabefoley/Dropbox/PhD/20210121_Indel_Evaluation_Project/Indel_Evaluation_Snakemake/.snakemake/log/2021-02-01T095725.098038.snakemake.log
