Building DAG of jobs...
Using shell: /bin/bash
Provided cores: 1 (use --cores to define parallelism)
Rules claiming more threads will be scaled down.
Job counts:
	count	jobs
	1	run_fastml
	1
Select jobs to execute...

[Mon Jan 25 14:28:32 2021]
rule run_fastml:
    input: indelible_output/40/cleaned_aln/40_TRUE_1.fasta, indelible_output/40/cleaned_trees/40_tree_1.nwk
    output: fastml_results/40/1
    jobid: 0
    wildcards: taxon=40, rep=1

ImproperOutputException in line 35 of /Users/gabefoley/Dropbox/PhD/20210121_Indel_Evaluation_Project/Indel_Evaluation_Snakemake/Snakefile:
Outputs of incorrect type (directories when expecting files or vice versa). Output directories must be flagged with directory(). for rule run_fastml:
fastml_results/40/1
  File "/Users/gabefoley/miniconda3_latest/envs/indel_snakemake/lib/python3.9/site-packages/snakemake/executors/__init__.py", line 583, in handle_job_success
  File "/Users/gabefoley/miniconda3_latest/envs/indel_snakemake/lib/python3.9/site-packages/snakemake/executors/__init__.py", line 252, in handle_job_success
Removing output files of failed job run_fastml since they might be corrupted:
fastml_results/40/1
[Errno 66] Directory not empty: 'fastml_results/40/1'
Shutting down, this might take some time.
Exiting because a job execution failed. Look above for error message
Complete log: /Users/gabefoley/Dropbox/PhD/20210121_Indel_Evaluation_Project/Indel_Evaluation_Snakemake/.snakemake/log/2021-01-25T142832.553336.snakemake.log
