Building DAG of jobs...
Using shell: /bin/bash
Provided cores: 1 (use --cores to define parallelism)
Rules claiming more threads will be scaled down.
Job counts:
	count	jobs
	4	clean_indelible
	1	compile_latex
	24	concat_fasta
	4	concat_indelible
	2	concat_indelible_summaries
	12	concat_summaries
	1	generate_latex
	1	generate_output_dict
	4	get_indelible_dict
	24	run_grasp
	4	summarise_indelible
	24	summarise_indels
	105
Select jobs to execute...

[Wed Feb 17 10:57:41 2021]
rule concat_indelible:
    input: indelible_output/5/5_TRUE_1.fasta, indelible_output/5/5_ANCESTRAL_1.fasta
    output: indelible_output/5/concatenated/5_1.fasta
    jobid: 9
    wildcards: taxon=5, rep=1

[Wed Feb 17 10:57:41 2021]
Finished job 9.
1 of 105 steps (0.95%) done
Select jobs to execute...

[Wed Feb 17 10:57:41 2021]
rule clean_indelible:
    input: indelible_output/5/N0_trees/1.nwk, indelible_output/5/concatenated/5_1.fasta
    output: indelible_output/5/cleaned_aln/1.fasta, indelible_output/5/concatenated/1.fasta, indelible_output/5/cleaned_trees/1.nwk, indelible_output/5/cleaned_N0_trees/1.nwk, indelible_output/5/cleaned_no_internal_trees/1.nwk
    jobid: 6
    wildcards: taxon=5, rep=1

[Wed Feb 17 10:57:42 2021]
Finished job 6.
2 of 105 steps (2%) done
Select jobs to execute...

[Wed Feb 17 10:57:42 2021]
rule run_grasp:
    input: indelible_output/5/cleaned_aln/1.fasta, indelible_output/5/cleaned_N0_trees/1.nwk
    output: grasp_results/5/PSML/1, grasp_results/5/PSML/1/GRASP_ancestors.fasta, grasp_results/5/PSML/1/GRASP_ancestors.nwk
    jobid: 49
    wildcards: taxon=5, method=PSML, rep=1

[Wed Feb 17 10:57:43 2021]
Error in rule run_grasp:
    jobid: 49
    output: grasp_results/5/PSML/1, grasp_results/5/PSML/1/GRASP_ancestors.fasta, grasp_results/5/PSML/1/GRASP_ancestors.nwk
    shell:
        grasp -aln indelible_output/5/cleaned_aln/1.fasta -nwk indelible_output/5/cleaned_N0_trees/1.nwk -model LG -out grasp_results/5/PSML/1 -savetree  -indel PSML -inf joint -gap
        (one of the commands exited with non-zero exit code; note that snakemake uses bash strict mode!)

Removing output files of failed job run_grasp since they might be corrupted:
grasp_results/5/PSML/1
Shutting down, this might take some time.
Exiting because a job execution failed. Look above for error message
Complete log: /Users/gabefoley/Dropbox/PhD/20210121_Indel_Evaluation_Project/Indel_Evaluation_Snakemake/.snakemake/log/2021-02-17T105741.513104.snakemake.log
