Building DAG of jobs...
Using shell: /bin/bash
Provided cores: 1 (use --cores to define parallelism)
Rules claiming more threads will be scaled down.
Job counts:
	count	jobs
	1	clean_indelible
	1	concat_fasta
	1	concat_indelible
	1	create_control_files
	1	get_indelible_dict
	1	run_grasp
	1	run_indelible
	1	summarise_indels
	8
Select jobs to execute...

[Tue Mar  2 12:09:37 2021]
rule create_control_files:
    output: indelible/10_control.txt
    jobid: 4
    wildcards: taxon=10

[Tue Mar  2 12:09:37 2021]
Finished job 4.
1 of 8 steps (12%) done
Select jobs to execute...

[Tue Mar  2 12:09:37 2021]
rule run_indelible:
    input: indelible/10_control.txt
    output: indelible_output/10/trees/38.nwk, indelible_output/10/10_TRUE_38.fasta, indelible_output/10/10_ANCESTRAL_38.fasta, indelible_output/10/N0_trees/38.nwk
    jobid: 3
    wildcards: taxon=10, rep=38

[Tue Mar  2 12:09:40 2021]
Finished job 3.
2 of 8 steps (25%) done
Select jobs to execute...

[Tue Mar  2 12:09:40 2021]
rule concat_indelible:
    input: indelible_output/10/10_TRUE_38.fasta, indelible_output/10/10_ANCESTRAL_38.fasta
    output: indelible_output/10/concatenated/10_38.fasta
    jobid: 5
    wildcards: taxon=10, rep=38

[Tue Mar  2 12:09:40 2021]
Finished job 5.
3 of 8 steps (38%) done
Select jobs to execute...

[Tue Mar  2 12:09:40 2021]
rule clean_indelible:
    input: indelible_output/10/N0_trees/38.nwk, indelible_output/10/concatenated/10_38.fasta
    output: indelible_output/10/cleaned_aln/38.fasta, indelible_output/10/concatenated/38.fasta, indelible_output/10/cleaned_trees/38.nwk, indelible_output/10/cleaned_N0_trees/38.nwk, indelible_output/10/cleaned_no_internal_trees/38.nwk
    jobid: 2
    wildcards: taxon=10, rep=38

[Tue Mar  2 12:09:42 2021]
Finished job 2.
4 of 8 steps (50%) done
Select jobs to execute...

[Tue Mar  2 12:09:42 2021]
rule run_grasp:
    input: indelible_output/10/cleaned_aln/38.fasta, indelible_output/10/cleaned_N0_trees/38.nwk
    output: grasp_results/10/BEML/38, grasp_results/10/BEML/38/GRASP_ancestors.fasta, grasp_results/10/BEML/38/GRASP_ancestors.nwk
    jobid: 1
    wildcards: taxon=10, method=BEML, rep=38

[Tue Mar  2 12:09:42 2021]
Error in rule run_grasp:
    jobid: 1
    output: grasp_results/10/BEML/38, grasp_results/10/BEML/38/GRASP_ancestors.fasta, grasp_results/10/BEML/38/GRASP_ancestors.nwk
    shell:
        grasp_indel -aln indelible_output/10/cleaned_aln/38.fasta -nwk indelible_output/10/cleaned_N0_trees/38.nwk -model LG -out grasp_results/10/BEML/38 -savetree  -indel BEML -inf joint -gap
        (one of the commands exited with non-zero exit code; note that snakemake uses bash strict mode!)

Removing output files of failed job run_grasp since they might be corrupted:
grasp_results/10/BEML/38
Shutting down, this might take some time.
Exiting because a job execution failed. Look above for error message
Complete log: /Users/gabefoley/Dropbox/PhD/20210121_Indel_Evaluation_Project/Indel_Evaluation_Snakemake/.snakemake/log/2021-03-02T120937.166384.snakemake.log
