Building DAG of jobs...
Using shell: /bin/bash
Provided cores: 1 (use --cores to define parallelism)
Rules claiming more threads will be scaled down.
Job counts:
	count	jobs
	2	clean_fastml
	2	clean_indelible
	1	compile_latex
	2	concat_fasta
	1	concat_fastml_summaries
	2	concat_indelible
	1	concat_indelible_summaries
	1	concat_summaries
	1	create_control_files
	1	generate_latex
	1	generate_output_dict
	2	get_indelible_dict
	2	run_fastml
	2	run_grasp
	2	run_indelible
	2	summarise_fastml_indels
	2	summarise_indelible
	2	summarise_indels
	29
Select jobs to execute...

[Tue Feb  2 10:26:01 2021]
rule create_control_files:
    output: indelible/6_control.txt
    jobid: 8
    wildcards: taxon=6

[Tue Feb  2 10:26:01 2021]
Finished job 8.
1 of 29 steps (3%) done
Select jobs to execute...

[Tue Feb  2 10:26:02 2021]
rule run_indelible:
    input: indelible/6_control.txt
    output: indelible_output/6/trees/2.nwk, indelible_output/6/6_TRUE_2.fasta, indelible_output/6/6_ANCESTRAL_2.fasta, indelible_output/6/N0_trees/2.nwk
    jobid: 15
    wildcards: taxon=6, rep=2

[Tue Feb  2 10:26:03 2021]
Finished job 15.
2 of 29 steps (7%) done
Select jobs to execute...

[Tue Feb  2 10:26:03 2021]
rule concat_indelible:
    input: indelible_output/6/6_TRUE_2.fasta, indelible_output/6/6_ANCESTRAL_2.fasta
    output: indelible_output/6/concatenated/6_2.fasta
    jobid: 16
    wildcards: taxon=6, rep=2

[Tue Feb  2 10:26:03 2021]
Finished job 16.
3 of 29 steps (10%) done
Select jobs to execute...

[Tue Feb  2 10:26:03 2021]
rule clean_indelible:
    input: indelible_output/6/N0_trees/2.nwk, indelible_output/6/concatenated/6_2.fasta
    output: indelible_output/6/cleaned_aln/2.fasta, indelible_output/6/concatenated/2.fasta, indelible_output/6/cleaned_trees/2.nwk, indelible_output/6/cleaned_N0_trees/2.nwk, indelible_output/6/cleaned_no_internal_trees/2.nwk
    jobid: 14
    wildcards: taxon=6, rep=2

[Tue Feb  2 10:26:04 2021]
Finished job 14.
4 of 29 steps (14%) done
Select jobs to execute...

[Tue Feb  2 10:26:04 2021]
rule run_indelible:
    input: indelible/6_control.txt
    output: indelible_output/6/trees/1.nwk, indelible_output/6/6_TRUE_1.fasta, indelible_output/6/6_ANCESTRAL_1.fasta, indelible_output/6/N0_trees/1.nwk
    jobid: 7
    wildcards: taxon=6, rep=1

Warning: the following output files of rule run_indelible were not present when the DAG was created:
{'indelible_output/6/6_TRUE_1.fasta', 'indelible_output/6/N0_trees/1.nwk', 'indelible_output/6/6_ANCESTRAL_1.fasta'}
[Tue Feb  2 10:26:05 2021]
Finished job 7.
5 of 29 steps (17%) done
Select jobs to execute...

[Tue Feb  2 10:26:05 2021]
rule concat_indelible:
    input: indelible_output/6/6_TRUE_1.fasta, indelible_output/6/6_ANCESTRAL_1.fasta
    output: indelible_output/6/concatenated/6_1.fasta
    jobid: 9
    wildcards: taxon=6, rep=1

[Tue Feb  2 10:26:05 2021]
Finished job 9.
6 of 29 steps (21%) done
Select jobs to execute...

[Tue Feb  2 10:26:05 2021]
rule clean_indelible:
    input: indelible_output/6/N0_trees/1.nwk, indelible_output/6/concatenated/6_1.fasta
    output: indelible_output/6/cleaned_aln/1.fasta, indelible_output/6/concatenated/1.fasta, indelible_output/6/cleaned_trees/1.nwk, indelible_output/6/cleaned_N0_trees/1.nwk, indelible_output/6/cleaned_no_internal_trees/1.nwk
    jobid: 6
    wildcards: taxon=6, rep=1

[Tue Feb  2 10:26:06 2021]
Finished job 6.
7 of 29 steps (24%) done
Select jobs to execute...

[Tue Feb  2 10:26:06 2021]
rule get_indelible_dict:
    input: indelible_output/6/concatenated/1.fasta, indelible_output/6/cleaned_N0_trees/1.nwk
    output: indelible_dicts/6/leaves_1.p, indelible_dicts/6/gaps_1.p
    jobid: 11
    wildcards: taxon=6, rep=1

[Tue Feb  2 10:26:07 2021]
Finished job 11.
8 of 29 steps (28%) done
Select jobs to execute...

[Tue Feb  2 10:26:07 2021]
rule summarise_indelible:
    input: indelible_output/6/cleaned_N0_trees/1.nwk, indelible_output/6/concatenated/1.fasta, indelible_output/6/cleaned_N0_trees/1.nwk, indelible_output/6/concatenated/1.fasta, indelible_dicts/6/leaves_1.p, indelible_dicts/6/gaps_1.p
    output: indelible_summaries/6/1.csv
    jobid: 20
    wildcards: taxon=6, rep=1

[Tue Feb  2 10:26:09 2021]
Finished job 20.
9 of 29 steps (31%) done
Select jobs to execute...

[Tue Feb  2 10:26:09 2021]
rule run_grasp:
    input: indelible_output/6/cleaned_aln/1.fasta, indelible_output/6/cleaned_N0_trees/1.nwk
    output: grasp_results/6/BEP/1, grasp_results/6/BEP/1/GRASP_ancestors.fasta, grasp_results/6/BEP/1/tree.nwk
    jobid: 5
    wildcards: taxon=6, method=BEP, rep=1

[Tue Feb  2 10:26:10 2021]
Finished job 5.
10 of 29 steps (34%) done
Select jobs to execute...

[Tue Feb  2 10:26:10 2021]
rule get_indelible_dict:
    input: indelible_output/6/concatenated/2.fasta, indelible_output/6/cleaned_N0_trees/2.nwk
    output: indelible_dicts/6/leaves_2.p, indelible_dicts/6/gaps_2.p
    jobid: 18
    wildcards: taxon=6, rep=2

[Tue Feb  2 10:26:11 2021]
Finished job 18.
11 of 29 steps (38%) done
Select jobs to execute...

[Tue Feb  2 10:26:11 2021]
rule run_fastml:
    input: indelible_output/6/cleaned_aln/2.fasta, indelible_output/6/cleaned_no_internal_trees/2.nwk
    output: fastml_results/6/2/seq.joint.txt, fastml_results/6/2/tree.newick.txt, fastml_results/6/2
    jobid: 28
    wildcards: taxon=6, rep=2

[Tue Feb  2 10:26:15 2021]
Finished job 28.
12 of 29 steps (41%) done
Select jobs to execute...

[Tue Feb  2 10:26:15 2021]
rule clean_fastml:
    input: fastml_results/6/2/seq.joint.txt, fastml_results/6/2/tree.newick.txt
    output: fastml_results/6/concatenated/2/FastML_ancestors.fasta, fastml_results/6/cleaned_N0_trees/2/tree.nwk
    jobid: 27
    wildcards: taxon=6, rep=2

[Tue Feb  2 10:26:16 2021]
Error in rule clean_fastml:
    jobid: 27
    output: fastml_results/6/concatenated/2/FastML_ancestors.fasta, fastml_results/6/cleaned_N0_trees/2/tree.nwk

RuleException:
CalledProcessError in line 72 of /Users/gabefoley/Dropbox/PhD/20210121_Indel_Evaluation_Project/Indel_Evaluation_Snakemake/Snakefile:
Command 'set -euo pipefail;  /Users/gabefoley/miniconda3_latest/envs/indel_snakemake/bin/python3.9 /Users/gabefoley/Dropbox/PhD/20210121_Indel_Evaluation_Project/Indel_Evaluation_Snakemake/.snakemake/scripts/tmpvmzrw92m.clean_fastml.py' returned non-zero exit status 1.
  File "/Users/gabefoley/miniconda3_latest/envs/indel_snakemake/lib/python3.9/site-packages/snakemake/executors/__init__.py", line 2319, in run_wrapper
  File "/Users/gabefoley/Dropbox/PhD/20210121_Indel_Evaluation_Project/Indel_Evaluation_Snakemake/Snakefile", line 72, in __rule_clean_fastml
  File "/Users/gabefoley/miniconda3_latest/envs/indel_snakemake/lib/python3.9/site-packages/snakemake/executors/__init__.py", line 568, in _callback
  File "/Users/gabefoley/miniconda3_latest/envs/indel_snakemake/lib/python3.9/concurrent/futures/thread.py", line 52, in run
  File "/Users/gabefoley/miniconda3_latest/envs/indel_snakemake/lib/python3.9/site-packages/snakemake/executors/__init__.py", line 554, in cached_or_run
  File "/Users/gabefoley/miniconda3_latest/envs/indel_snakemake/lib/python3.9/site-packages/snakemake/executors/__init__.py", line 2350, in run_wrapper
Removing output files of failed job clean_fastml since they might be corrupted:
fastml_results/6/concatenated/2/FastML_ancestors.fasta
Shutting down, this might take some time.
Exiting because a job execution failed. Look above for error message
Complete log: /Users/gabefoley/Dropbox/PhD/20210121_Indel_Evaluation_Project/Indel_Evaluation_Snakemake/.snakemake/log/2021-02-02T102601.480013.snakemake.log
