Building DAG of jobs...
Using shell: /bin/bash
Provided cores: 1 (use --cores to define parallelism)
Rules claiming more threads will be scaled down.
Job counts:
	count	jobs
	2	clean_indelible
	6	concat_fasta
	2	concat_indelible
	3	concat_summaries
	1	create_control_files
	1	create_plots
	2	get_indelible_dict
	6	run_grasp
	2	run_indelible
	6	summarise_indels
	31
Select jobs to execute...

[Mon Feb  1 09:28:16 2021]
rule create_control_files:
    output: indelible/6_control.txt
    jobid: 6
    wildcards: taxon=6

[Mon Feb  1 09:28:16 2021]
Finished job 6.
1 of 31 steps (3%) done
Select jobs to execute...

[Mon Feb  1 09:28:16 2021]
rule run_indelible:
    input: indelible/6_control.txt
    output: indelible_output/6/trees/1.nwk, indelible_output/6/6_TRUE_1.fasta, indelible_output/6/6_ANCESTRAL_1.fasta, indelible_output/6/N0_trees/1.nwk
    jobid: 5
    wildcards: taxon=6, rep=1

[Mon Feb  1 09:28:17 2021]
Finished job 5.
2 of 31 steps (6%) done
Select jobs to execute...

[Mon Feb  1 09:28:17 2021]
rule run_indelible:
    input: indelible/6_control.txt
    output: indelible_output/6/trees/2.nwk, indelible_output/6/6_TRUE_2.fasta, indelible_output/6/6_ANCESTRAL_2.fasta, indelible_output/6/N0_trees/2.nwk
    jobid: 13
    wildcards: taxon=6, rep=2

Warning: the following output files of rule run_indelible were not present when the DAG was created:
{'indelible_output/6/N0_trees/2.nwk', 'indelible_output/6/6_TRUE_2.fasta', 'indelible_output/6/6_ANCESTRAL_2.fasta'}
[Mon Feb  1 09:28:18 2021]
Finished job 13.
3 of 31 steps (10%) done
Select jobs to execute...

[Mon Feb  1 09:28:18 2021]
rule concat_indelible:
    input: indelible_output/6/6_TRUE_2.fasta, indelible_output/6/6_ANCESTRAL_2.fasta
    output: indelible_output/6/concatenated/6_2.fasta
    jobid: 14
    wildcards: taxon=6, rep=2

[Mon Feb  1 09:28:18 2021]
Finished job 14.
4 of 31 steps (13%) done
Select jobs to execute...

[Mon Feb  1 09:28:18 2021]
rule concat_indelible:
    input: indelible_output/6/6_TRUE_1.fasta, indelible_output/6/6_ANCESTRAL_1.fasta
    output: indelible_output/6/concatenated/6_1.fasta
    jobid: 7
    wildcards: taxon=6, rep=1

[Mon Feb  1 09:28:18 2021]
Finished job 7.
5 of 31 steps (16%) done
Select jobs to execute...

[Mon Feb  1 09:28:18 2021]
rule clean_indelible:
    input: indelible_output/6/N0_trees/1.nwk, indelible_output/6/concatenated/6_1.fasta
    output: indelible_output/6/cleaned_aln/1.fasta, indelible_output/6/concatenated/1.fasta, indelible_output/6/cleaned_N0_trees/1.nwk
    jobid: 4
    wildcards: taxon=6, rep=1

[Mon Feb  1 09:28:19 2021]
Finished job 4.
6 of 31 steps (19%) done
Select jobs to execute...

[Mon Feb  1 09:28:19 2021]
rule clean_indelible:
    input: indelible_output/6/N0_trees/2.nwk, indelible_output/6/concatenated/6_2.fasta
    output: indelible_output/6/cleaned_aln/2.fasta, indelible_output/6/concatenated/2.fasta, indelible_output/6/cleaned_N0_trees/2.nwk
    jobid: 12
    wildcards: taxon=6, rep=2

[Mon Feb  1 09:28:19 2021]
Finished job 12.
7 of 31 steps (23%) done
Select jobs to execute...

[Mon Feb  1 09:28:20 2021]
rule run_grasp:
    input: indelible_output/6/cleaned_aln/2.fasta, indelible_output/6/cleaned_N0_trees/2.nwk
    output: grasp_results/6/SICML/2, grasp_results/6/SICML/2/GRASP_ancestors.fasta, grasp_results/6/SICML/2/tree.nwk
    jobid: 29
    wildcards: taxon=6, method=SICML, rep=2

[Mon Feb  1 09:28:20 2021]
Finished job 29.
8 of 31 steps (26%) done
Select jobs to execute...

[Mon Feb  1 09:28:20 2021]
rule get_indelible_dict:
    input: indelible_output/6/concatenated/2.fasta, indelible_output/6/cleaned_N0_trees/2.nwk
    output: indelible_dicts/6/leaves_2.p, indelible_dicts/6/gaps_2.p
    jobid: 16
    wildcards: taxon=6, rep=2

[Mon Feb  1 09:28:21 2021]
Error in rule get_indelible_dict:
    jobid: 16
    output: indelible_dicts/6/leaves_2.p, indelible_dicts/6/gaps_2.p

RuleException:
CalledProcessError in line 107 of /Users/gabefoley/Dropbox/PhD/20210121_Indel_Evaluation_Project/Indel_Evaluation_Snakemake/Snakefile:
Command 'set -euo pipefail;  /Users/gabefoley/miniconda3_latest/envs/indel_snakemake/bin/python3.9 /Users/gabefoley/Dropbox/PhD/20210121_Indel_Evaluation_Project/Indel_Evaluation_Snakemake/.snakemake/scripts/tmpxzpgda8x.get_indelible_dict.py' returned non-zero exit status 1.
  File "/Users/gabefoley/miniconda3_latest/envs/indel_snakemake/lib/python3.9/site-packages/snakemake/executors/__init__.py", line 2319, in run_wrapper
  File "/Users/gabefoley/Dropbox/PhD/20210121_Indel_Evaluation_Project/Indel_Evaluation_Snakemake/Snakefile", line 107, in __rule_get_indelible_dict
  File "/Users/gabefoley/miniconda3_latest/envs/indel_snakemake/lib/python3.9/site-packages/snakemake/executors/__init__.py", line 568, in _callback
  File "/Users/gabefoley/miniconda3_latest/envs/indel_snakemake/lib/python3.9/concurrent/futures/thread.py", line 52, in run
  File "/Users/gabefoley/miniconda3_latest/envs/indel_snakemake/lib/python3.9/site-packages/snakemake/executors/__init__.py", line 554, in cached_or_run
  File "/Users/gabefoley/miniconda3_latest/envs/indel_snakemake/lib/python3.9/site-packages/snakemake/executors/__init__.py", line 2350, in run_wrapper
Shutting down, this might take some time.
Exiting because a job execution failed. Look above for error message
Complete log: /Users/gabefoley/Dropbox/PhD/20210121_Indel_Evaluation_Project/Indel_Evaluation_Snakemake/.snakemake/log/2021-02-01T092816.152018.snakemake.log
