Building DAG of jobs...
Using shell: /bin/bash
Provided cores: 1 (use --cores to define parallelism)
Rules claiming more threads will be scaled down.
Conda environments: ignored
Job counts:
	count	jobs
	1	all
	2	create_control_files
	200	run_indelible
	203
Select jobs to execute...

[Sun Jan 24 19:01:29 2021]
rule create_control_files:
    output: indelible/40_control.txt
    jobid: 2
    wildcards: taxon=40

[Sun Jan 24 19:01:29 2021]
Finished job 2.
1 of 203 steps (0.49%) done
Select jobs to execute...

[Sun Jan 24 19:01:29 2021]
rule run_indelible:
    input: indelible/40_control.txt
    output: indelible_output/40/40_TRUE_81.fas
    jobid: 82
    wildcards: taxon=40, rep=81

[Sun Jan 24 19:01:33 2021]
Finished job 82.
2 of 203 steps (0.99%) done
Select jobs to execute...

[Sun Jan 24 19:01:33 2021]
rule run_indelible:
    input: indelible/40_control.txt
    output: indelible_output/40/40_TRUE_96.fas
    jobid: 97
    wildcards: taxon=40, rep=96

[Sun Jan 24 19:01:37 2021]
Finished job 97.
3 of 203 steps (1%) done
Select jobs to execute...

[Sun Jan 24 19:01:37 2021]
rule run_indelible:
    input: indelible/40_control.txt
    output: indelible_output/40/40_TRUE_7.fas
    jobid: 8
    wildcards: taxon=40, rep=7

[Sun Jan 24 19:01:42 2021]
Finished job 8.
4 of 203 steps (2%) done
Select jobs to execute...

[Sun Jan 24 19:01:42 2021]
rule run_indelible:
    input: indelible/40_control.txt
    output: indelible_output/40/40_TRUE_36.fas
    jobid: 37
    wildcards: taxon=40, rep=36

[Sun Jan 24 19:01:48 2021]
Finished job 37.
5 of 203 steps (2%) done
Select jobs to execute...

[Sun Jan 24 19:01:48 2021]
rule run_indelible:
    input: indelible/40_control.txt
    output: indelible_output/40/40_TRUE_37.fas
    jobid: 38
    wildcards: taxon=40, rep=37

[Sun Jan 24 19:01:54 2021]
Finished job 38.
6 of 203 steps (3%) done
Select jobs to execute...

[Sun Jan 24 19:01:54 2021]
rule run_indelible:
    input: indelible/40_control.txt
    output: indelible_output/40/40_TRUE_6.fas
    jobid: 7
    wildcards: taxon=40, rep=6

[Sun Jan 24 19:02:00 2021]
Finished job 7.
7 of 203 steps (3%) done
Select jobs to execute...

[Sun Jan 24 19:02:00 2021]
rule run_indelible:
    input: indelible/40_control.txt
    output: indelible_output/40/40_TRUE_52.fas
    jobid: 53
    wildcards: taxon=40, rep=52

[Sun Jan 24 19:02:07 2021]
Finished job 53.
8 of 203 steps (4%) done
Select jobs to execute...

[Sun Jan 24 19:02:07 2021]
rule run_indelible:
    input: indelible/40_control.txt
    output: indelible_output/40/40_TRUE_95.fas
    jobid: 96
    wildcards: taxon=40, rep=95

Terminating processes on user request, this might take some time.
Waiting at most 5 seconds for missing files.
Cancelling snakemake on user request.
