Building DAG of jobs...
Using shell: /bin/bash
Provided cores: 1 (use --cores to define parallelism)
Rules claiming more threads will be scaled down.
Job counts:
	count	jobs
	2	clean_indelible
	1	compile_latex
	4	concat_fasta
	2	concat_indelible
	1	concat_indelible_summaries
	2	concat_summaries
	1	create_control_files
	1	generate_latex
	1	generate_output_dict
	2	get_indelible_dict
	4	run_grasp
	2	run_indelible
	2	summarise_indelible
	4	summarise_indels
	29
Select jobs to execute...

[Mon Feb 22 14:03:30 2021]
rule create_control_files:
    output: indelible/1000_control.txt
    jobid: 8
    wildcards: taxon=1000

[Mon Feb 22 14:03:31 2021]
Finished job 8.
1 of 29 steps (3%) done
Select jobs to execute...

[Mon Feb 22 14:03:31 2021]
rule run_indelible:
    input: indelible/1000_control.txt
    output: indelible_output/1000/trees/2.nwk, indelible_output/1000/1000_TRUE_2.fasta, indelible_output/1000/1000_ANCESTRAL_2.fasta, indelible_output/1000/N0_trees/2.nwk
    jobid: 15
    wildcards: taxon=1000, rep=2

Terminating processes on user request, this might take some time.
Waiting at most 1 seconds for missing files.
MissingOutputException in line 15 of /Users/gabefoley/Dropbox/PhD/20210121_Indel_Evaluation_Project/Indel_Evaluation_Snakemake/Snakefile:
Job Missing files after 1 seconds:
indelible_output/1000/trees/2.nwk
indelible_output/1000/1000_TRUE_2.fasta
indelible_output/1000/1000_ANCESTRAL_2.fasta
indelible_output/1000/N0_trees/2.nwk
This might be due to filesystem latency. If that is the case, consider to increase the wait time with --latency-wait.
Job id: 15 completed successfully, but some output files are missing. 15
  File "/Users/gabefoley/miniconda3_latest/envs/indel_snakemake/lib/python3.9/site-packages/snakemake/executors/__init__.py", line 583, in handle_job_success
  File "/Users/gabefoley/miniconda3_latest/envs/indel_snakemake/lib/python3.9/site-packages/snakemake/executors/__init__.py", line 252, in handle_job_success
Complete log: /Users/gabefoley/Dropbox/PhD/20210121_Indel_Evaluation_Project/Indel_Evaluation_Snakemake/.snakemake/log/2021-02-22T140330.443060.snakemake.log
