Building DAG of jobs...
Using shell: /bin/bash
Provided cores: 1 (use --cores to define parallelism)
Rules claiming more threads will be scaled down.
Job counts:
	count	jobs
	1	clean_fastml
	1	clean_indelible
	1	compile_latex
	3	concat_fasta
	1	concat_fastml_summaries
	1	concat_indelible
	1	concat_indelible_summaries
	3	concat_summaries
	1	create_control_files
	1	generate_latex
	1	generate_output_dict
	1	get_indelible_dict
	1	run_fastml
	3	run_grasp
	1	run_indelible
	1	summarise_fastml_indels
	1	summarise_indelible
	3	summarise_indels
	26
Select jobs to execute...

[Tue Feb  2 12:43:45 2021]
rule create_control_files:
    output: indelible/6_control.txt
    jobid: 8
    wildcards: taxon=6

[Tue Feb  2 12:43:45 2021]
Finished job 8.
1 of 26 steps (4%) done
Select jobs to execute...

[Tue Feb  2 12:43:45 2021]
rule run_indelible:
    input: indelible/6_control.txt
    output: indelible_output/6/trees/1.nwk, indelible_output/6/6_TRUE_1.fasta, indelible_output/6/6_ANCESTRAL_1.fasta, indelible_output/6/N0_trees/1.nwk
    jobid: 7
    wildcards: taxon=6, rep=1

[Tue Feb  2 12:43:46 2021]
Finished job 7.
2 of 26 steps (8%) done
Select jobs to execute...

[Tue Feb  2 12:43:46 2021]
rule concat_indelible:
    input: indelible_output/6/6_TRUE_1.fasta, indelible_output/6/6_ANCESTRAL_1.fasta
    output: indelible_output/6/concatenated/6_1.fasta
    jobid: 9
    wildcards: taxon=6, rep=1

[Tue Feb  2 12:43:46 2021]
Finished job 9.
3 of 26 steps (12%) done
Select jobs to execute...

[Tue Feb  2 12:43:46 2021]
rule clean_indelible:
    input: indelible_output/6/N0_trees/1.nwk, indelible_output/6/concatenated/6_1.fasta
    output: indelible_output/6/cleaned_aln/1.fasta, indelible_output/6/concatenated/1.fasta, indelible_output/6/cleaned_trees/1.nwk, indelible_output/6/cleaned_N0_trees/1.nwk, indelible_output/6/cleaned_no_internal_trees/1.nwk
    jobid: 6
    wildcards: taxon=6, rep=1

[Tue Feb  2 12:43:47 2021]
Finished job 6.
4 of 26 steps (15%) done
Select jobs to execute...

[Tue Feb  2 12:43:47 2021]
rule get_indelible_dict:
    input: indelible_output/6/concatenated/1.fasta, indelible_output/6/cleaned_N0_trees/1.nwk
    output: indelible_dicts/6/leaves_1.p, indelible_dicts/6/gaps_1.p
    jobid: 11
    wildcards: taxon=6, rep=1

[Tue Feb  2 12:43:48 2021]
Finished job 11.
5 of 26 steps (19%) done
Select jobs to execute...

[Tue Feb  2 12:43:48 2021]
rule summarise_indelible:
    input: indelible_output/6/cleaned_N0_trees/1.nwk, indelible_output/6/concatenated/1.fasta, indelible_output/6/cleaned_N0_trees/1.nwk, indelible_output/6/concatenated/1.fasta, indelible_dicts/6/leaves_1.p, indelible_dicts/6/gaps_1.p
    output: indelible_summaries/6/1.csv
    jobid: 25
    wildcards: taxon=6, rep=1

[Tue Feb  2 12:43:49 2021]
Finished job 25.
6 of 26 steps (23%) done
Select jobs to execute...

[Tue Feb  2 12:43:49 2021]
rule concat_indelible_summaries:
    input: indelible_summaries/6/1.csv
    output: concatenated_indelible_summaries/6.csv
    jobid: 24
    wildcards: taxon=6

[Tue Feb  2 12:43:49 2021]
Finished job 24.
7 of 26 steps (27%) done
Select jobs to execute...

[Tue Feb  2 12:43:49 2021]
rule run_fastml:
    input: indelible_output/6/cleaned_aln/1.fasta, indelible_output/6/cleaned_no_internal_trees/1.nwk
    output: fastml_results/6/1/seq.joint.txt, fastml_results/6/1/tree.newick.txt, fastml_results/6/1
    jobid: 23
    wildcards: taxon=6, rep=1

[Tue Feb  2 12:43:53 2021]
Finished job 23.
8 of 26 steps (31%) done
Select jobs to execute...

[Tue Feb  2 12:43:53 2021]
rule clean_fastml:
    input: fastml_results/6/1/seq.joint.txt, fastml_results/6/1/tree.newick.txt
    output: fastml_results/6/concatenated/1/FastML_ancestors.fasta, fastml_results/6/cleaned_N0_trees/1/tree.nwk
    jobid: 22
    wildcards: taxon=6, rep=1

[Tue Feb  2 12:43:54 2021]
Finished job 22.
9 of 26 steps (35%) done
Select jobs to execute...

[Tue Feb  2 12:43:54 2021]
rule summarise_fastml_indels:
    input: fastml_results/6/concatenated/1/FastML_ancestors.fasta, fastml_results/6/cleaned_N0_trees/1/tree.nwk, indelible_output/6/cleaned_N0_trees/1.nwk, indelible_output/6/concatenated/1.fasta, indelible_dicts/6/leaves_1.p, indelible_dicts/6/gaps_1.p
    output: fastml_summaries/6/fastml/1.csv
    jobid: 21
    wildcards: taxon=6, rep=1

[Tue Feb  2 12:43:55 2021]
Finished job 21.
10 of 26 steps (38%) done
Select jobs to execute...

[Tue Feb  2 12:43:55 2021]
rule concat_fastml_summaries:
    input: fastml_summaries/6/fastml/1.csv
    output: concatenated_fastml_summaries/6.csv
    jobid: 20
    wildcards: taxon=6

[Tue Feb  2 12:43:55 2021]
Finished job 20.
11 of 26 steps (42%) done
Select jobs to execute...

[Tue Feb  2 12:43:55 2021]
rule run_grasp:
    input: indelible_output/6/cleaned_aln/1.fasta, indelible_output/6/cleaned_N0_trees/1.nwk
    output: grasp_results/6/SICP/1, grasp_results/6/SICP/1/GRASP_ancestors.fasta, grasp_results/6/SICP/1/tree.nwk
    jobid: 14
    wildcards: taxon=6, method=SICP, rep=1

[Tue Feb  2 12:43:56 2021]
Finished job 14.
12 of 26 steps (46%) done
Select jobs to execute...

[Tue Feb  2 12:43:56 2021]
rule run_grasp:
    input: indelible_output/6/cleaned_aln/1.fasta, indelible_output/6/cleaned_N0_trees/1.nwk
    output: grasp_results/6/SICML/1, grasp_results/6/SICML/1/GRASP_ancestors.fasta, grasp_results/6/SICML/1/tree.nwk
    jobid: 18
    wildcards: taxon=6, method=SICML, rep=1

[Tue Feb  2 12:43:57 2021]
Finished job 18.
13 of 26 steps (50%) done
Select jobs to execute...

[Tue Feb  2 12:43:57 2021]
rule run_grasp:
    input: indelible_output/6/cleaned_aln/1.fasta, indelible_output/6/cleaned_N0_trees/1.nwk
    output: grasp_results/6/BEP/1, grasp_results/6/BEP/1/GRASP_ancestors.fasta, grasp_results/6/BEP/1/tree.nwk
    jobid: 5
    wildcards: taxon=6, method=BEP, rep=1

[Tue Feb  2 12:43:58 2021]
Finished job 5.
14 of 26 steps (54%) done
Select jobs to execute...

[Tue Feb  2 12:43:58 2021]
rule concat_fasta:
    input: indelible_output/6/cleaned_aln/1.fasta, grasp_results/6/BEP/1/GRASP_ancestors.fasta
    output: grasp_results/concatenated/6/BEP/1/GRASP_ancestors.fasta
    jobid: 10
    wildcards: taxon=6, method=BEP, rep=1

[Tue Feb  2 12:43:58 2021]
Finished job 10.
15 of 26 steps (58%) done
Select jobs to execute...

[Tue Feb  2 12:43:58 2021]
rule concat_fasta:
    input: indelible_output/6/cleaned_aln/1.fasta, grasp_results/6/SICP/1/GRASP_ancestors.fasta
    output: grasp_results/concatenated/6/SICP/1/GRASP_ancestors.fasta
    jobid: 15
    wildcards: taxon=6, method=SICP, rep=1

[Tue Feb  2 12:43:59 2021]
Finished job 15.
16 of 26 steps (62%) done
Select jobs to execute...

[Tue Feb  2 12:43:59 2021]
rule concat_fasta:
    input: indelible_output/6/cleaned_aln/1.fasta, grasp_results/6/SICML/1/GRASP_ancestors.fasta
    output: grasp_results/concatenated/6/SICML/1/GRASP_ancestors.fasta
    jobid: 19
    wildcards: taxon=6, method=SICML, rep=1

[Tue Feb  2 12:43:59 2021]
Finished job 19.
17 of 26 steps (65%) done
Select jobs to execute...

[Tue Feb  2 12:43:59 2021]
rule summarise_indels:
    input: grasp_results/6/BEP/1/tree.nwk, grasp_results/concatenated/6/BEP/1/GRASP_ancestors.fasta, indelible_output/6/cleaned_N0_trees/1.nwk, indelible_output/6/concatenated/1.fasta, indelible_dicts/6/leaves_1.p, indelible_dicts/6/gaps_1.p
    output: summaries/6/BEP/1.csv
    jobid: 4
    wildcards: taxon=6, method=BEP, rep=1

[Tue Feb  2 12:44:00 2021]
Finished job 4.
18 of 26 steps (69%) done
Select jobs to execute...

[Tue Feb  2 12:44:00 2021]
rule concat_summaries:
    input: summaries/6/BEP/1.csv
    output: concatenated_summaries/6_BEP.csv
    jobid: 3
    wildcards: taxon=6, method=BEP

[Tue Feb  2 12:44:00 2021]
Finished job 3.
19 of 26 steps (73%) done
Select jobs to execute...

[Tue Feb  2 12:44:00 2021]
rule summarise_indels:
    input: grasp_results/6/SICML/1/tree.nwk, grasp_results/concatenated/6/SICML/1/GRASP_ancestors.fasta, indelible_output/6/cleaned_N0_trees/1.nwk, indelible_output/6/concatenated/1.fasta, indelible_dicts/6/leaves_1.p, indelible_dicts/6/gaps_1.p
    output: summaries/6/SICML/1.csv
    jobid: 17
    wildcards: taxon=6, method=SICML, rep=1

[Tue Feb  2 12:44:01 2021]
Finished job 17.
20 of 26 steps (77%) done
Select jobs to execute...

[Tue Feb  2 12:44:01 2021]
rule summarise_indels:
    input: grasp_results/6/SICP/1/tree.nwk, grasp_results/concatenated/6/SICP/1/GRASP_ancestors.fasta, indelible_output/6/cleaned_N0_trees/1.nwk, indelible_output/6/concatenated/1.fasta, indelible_dicts/6/leaves_1.p, indelible_dicts/6/gaps_1.p
    output: summaries/6/SICP/1.csv
    jobid: 13
    wildcards: taxon=6, method=SICP, rep=1

[Tue Feb  2 12:44:02 2021]
Finished job 13.
21 of 26 steps (81%) done
Select jobs to execute...

[Tue Feb  2 12:44:02 2021]
rule concat_summaries:
    input: summaries/6/SICML/1.csv
    output: concatenated_summaries/6_SICML.csv
    jobid: 16
    wildcards: taxon=6, method=SICML

[Tue Feb  2 12:44:02 2021]
Finished job 16.
22 of 26 steps (85%) done
Select jobs to execute...

[Tue Feb  2 12:44:02 2021]
rule concat_summaries:
    input: summaries/6/SICP/1.csv
    output: concatenated_summaries/6_SICP.csv
    jobid: 12
    wildcards: taxon=6, method=SICP

[Tue Feb  2 12:44:02 2021]
Finished job 12.
23 of 26 steps (88%) done
Select jobs to execute...

[Tue Feb  2 12:44:02 2021]
rule generate_output_dict:
    input: concatenated_summaries/6_BEP.csv, concatenated_summaries/6_SICP.csv, concatenated_summaries/6_SICML.csv, concatenated_fastml_summaries/6.csv, concatenated_indelible_summaries/6.csv
    output: output_dicts/output.p
    jobid: 2

[Tue Feb  2 12:44:06 2021]
Finished job 2.
24 of 26 steps (92%) done
Select jobs to execute...

[Tue Feb  2 12:44:06 2021]
rule generate_latex:
    input: output_dicts/output.p
    output: plots/plot.tex
    jobid: 1

[Tue Feb  2 12:44:07 2021]
Finished job 1.
25 of 26 steps (96%) done
Select jobs to execute...

[Tue Feb  2 12:44:07 2021]
rule compile_latex:
    input: plots/plot.tex
    output: plots/plot.pdf
    jobid: 0

[Tue Feb  2 12:44:09 2021]
Finished job 0.
26 of 26 steps (100%) done
Complete log: /Users/gabefoley/Dropbox/PhD/20210121_Indel_Evaluation_Project/Indel_Evaluation_Snakemake/.snakemake/log/2021-02-02T124344.998179.snakemake.log
