Building DAG of jobs...
Using shell: /bin/bash
Provided cores: 1 (use --cores to define parallelism)
Rules claiming more threads will be scaled down.
Job counts:
	count	jobs
	12	clean_fastml_ml
	12	clean_fastml_parsimony
	12	clean_indelible
	1	compile_latex
	60	concat_fasta
	4	concat_fastml__ml_summaries
	4	concat_fastml_summaries
	12	concat_indelible
	4	concat_indelible_summaries
	20	concat_summaries
	4	create_control_files
	1	generate_latex
	1	generate_output_dict
	12	get_indelible_dict
	12	run_fastml
	60	run_grasp
	12	run_indelible
	12	summarise_fastml_ml_indels
	12	summarise_fastml_parsimony_indels
	12	summarise_indelible
	60	summarise_indels
	339
Select jobs to execute...

[Thu Feb  4 20:31:07 2021]
rule create_control_files:
    output: indelible/50_control.txt
    jobid: 197
    wildcards: taxon=50

[Thu Feb  4 20:31:08 2021]
Finished job 197.
1 of 339 steps (0.29%) done
Select jobs to execute...

[Thu Feb  4 20:31:08 2021]
rule run_indelible:
    input: indelible/50_control.txt
    output: indelible_output/50/trees/2.nwk, indelible_output/50/50_TRUE_2.fasta, indelible_output/50/50_ANCESTRAL_2.fasta, indelible_output/50/N0_trees/2.nwk
    jobid: 204
    wildcards: taxon=50, rep=2

[Thu Feb  4 20:31:09 2021]
Finished job 204.
2 of 339 steps (0.59%) done
Select jobs to execute...

[Thu Feb  4 20:31:10 2021]
rule create_control_files:
    output: indelible/10_control.txt
    jobid: 71
    wildcards: taxon=10

[Thu Feb  4 20:31:10 2021]
Finished job 71.
3 of 339 steps (0.88%) done
Select jobs to execute...

[Thu Feb  4 20:31:10 2021]
rule run_indelible:
    input: indelible/10_control.txt
    output: indelible_output/10/trees/3.nwk, indelible_output/10/10_TRUE_3.fasta, indelible_output/10/10_ANCESTRAL_3.fasta, indelible_output/10/N0_trees/3.nwk
    jobid: 85
    wildcards: taxon=10, rep=3

[Thu Feb  4 20:31:11 2021]
Finished job 85.
4 of 339 steps (1%) done
Select jobs to execute...

[Thu Feb  4 20:31:11 2021]
rule run_indelible:
    input: indelible/10_control.txt
    output: indelible_output/10/trees/1.nwk, indelible_output/10/10_TRUE_1.fasta, indelible_output/10/10_ANCESTRAL_1.fasta, indelible_output/10/N0_trees/1.nwk
    jobid: 70
    wildcards: taxon=10, rep=1

Warning: the following output files of rule run_indelible were not present when the DAG was created:
{'indelible_output/10/10_TRUE_1.fasta', 'indelible_output/10/10_ANCESTRAL_1.fasta', 'indelible_output/10/N0_trees/1.nwk'}
[Thu Feb  4 20:31:12 2021]
Finished job 70.
5 of 339 steps (1%) done
Select jobs to execute...

[Thu Feb  4 20:31:12 2021]
rule create_control_files:
    output: indelible/25_control.txt
    jobid: 134
    wildcards: taxon=25

[Thu Feb  4 20:31:12 2021]
Finished job 134.
6 of 339 steps (2%) done
Select jobs to execute...

[Thu Feb  4 20:31:12 2021]
rule run_indelible:
    input: indelible/25_control.txt
    output: indelible_output/25/trees/3.nwk, indelible_output/25/25_TRUE_3.fasta, indelible_output/25/25_ANCESTRAL_3.fasta, indelible_output/25/N0_trees/3.nwk
    jobid: 148
    wildcards: taxon=25, rep=3

[Thu Feb  4 20:31:13 2021]
Finished job 148.
7 of 339 steps (2%) done
Select jobs to execute...

[Thu Feb  4 20:31:13 2021]
rule run_indelible:
    input: indelible/25_control.txt
    output: indelible_output/25/trees/1.nwk, indelible_output/25/25_TRUE_1.fasta, indelible_output/25/25_ANCESTRAL_1.fasta, indelible_output/25/N0_trees/1.nwk
    jobid: 133
    wildcards: taxon=25, rep=1

Warning: the following output files of rule run_indelible were not present when the DAG was created:
{'indelible_output/25/25_TRUE_1.fasta', 'indelible_output/25/25_ANCESTRAL_1.fasta', 'indelible_output/25/N0_trees/1.nwk'}
[Thu Feb  4 20:31:14 2021]
Finished job 133.
8 of 339 steps (2%) done
Select jobs to execute...

[Thu Feb  4 20:31:14 2021]
rule concat_indelible:
    input: indelible_output/25/25_TRUE_1.fasta, indelible_output/25/25_ANCESTRAL_1.fasta
    output: indelible_output/25/concatenated/25_1.fasta
    jobid: 135
    wildcards: taxon=25, rep=1

[Thu Feb  4 20:31:14 2021]
Finished job 135.
9 of 339 steps (3%) done
Select jobs to execute...

[Thu Feb  4 20:31:14 2021]
rule clean_indelible:
    input: indelible_output/25/N0_trees/1.nwk, indelible_output/25/concatenated/25_1.fasta
    output: indelible_output/25/cleaned_aln/1.fasta, indelible_output/25/concatenated/1.fasta, indelible_output/25/cleaned_trees/1.nwk, indelible_output/25/cleaned_N0_trees/1.nwk, indelible_output/25/cleaned_no_internal_trees/1.nwk
    jobid: 132
    wildcards: taxon=25, rep=1

[Thu Feb  4 20:31:15 2021]
Finished job 132.
10 of 339 steps (3%) done
Select jobs to execute...

[Thu Feb  4 20:31:15 2021]
rule create_control_files:
    output: indelible/5_control.txt
    jobid: 8
    wildcards: taxon=5

[Thu Feb  4 20:31:15 2021]
Finished job 8.
11 of 339 steps (3%) done
Select jobs to execute...

[Thu Feb  4 20:31:15 2021]
rule run_indelible:
    input: indelible/5_control.txt
    output: indelible_output/5/trees/1.nwk, indelible_output/5/5_TRUE_1.fasta, indelible_output/5/5_ANCESTRAL_1.fasta, indelible_output/5/N0_trees/1.nwk
    jobid: 7
    wildcards: taxon=5, rep=1

[Thu Feb  4 20:31:16 2021]
Finished job 7.
12 of 339 steps (4%) done
Select jobs to execute...

[Thu Feb  4 20:31:16 2021]
rule run_indelible:
    input: indelible/5_control.txt
    output: indelible_output/5/trees/2.nwk, indelible_output/5/5_TRUE_2.fasta, indelible_output/5/5_ANCESTRAL_2.fasta, indelible_output/5/N0_trees/2.nwk
    jobid: 15
    wildcards: taxon=5, rep=2

Warning: the following output files of rule run_indelible were not present when the DAG was created:
{'indelible_output/5/5_TRUE_2.fasta', 'indelible_output/5/5_ANCESTRAL_2.fasta', 'indelible_output/5/N0_trees/2.nwk'}
[Thu Feb  4 20:31:17 2021]
Finished job 15.
13 of 339 steps (4%) done
Select jobs to execute...

[Thu Feb  4 20:31:17 2021]
rule run_indelible:
    input: indelible/5_control.txt
    output: indelible_output/5/trees/3.nwk, indelible_output/5/5_TRUE_3.fasta, indelible_output/5/5_ANCESTRAL_3.fasta, indelible_output/5/N0_trees/3.nwk
    jobid: 22
    wildcards: taxon=5, rep=3

Warning: the following output files of rule run_indelible were not present when the DAG was created:
{'indelible_output/5/5_TRUE_3.fasta', 'indelible_output/5/N0_trees/3.nwk', 'indelible_output/5/5_ANCESTRAL_3.fasta'}
[Thu Feb  4 20:31:18 2021]
Finished job 22.
14 of 339 steps (4%) done
Select jobs to execute...

[Thu Feb  4 20:31:18 2021]
rule run_indelible:
    input: indelible/50_control.txt
    output: indelible_output/50/trees/1.nwk, indelible_output/50/50_TRUE_1.fasta, indelible_output/50/50_ANCESTRAL_1.fasta, indelible_output/50/N0_trees/1.nwk
    jobid: 196
    wildcards: taxon=50, rep=1

Warning: the following output files of rule run_indelible were not present when the DAG was created:
{'indelible_output/50/50_ANCESTRAL_1.fasta', 'indelible_output/50/50_TRUE_1.fasta', 'indelible_output/50/N0_trees/1.nwk'}
[Thu Feb  4 20:31:19 2021]
Finished job 196.
15 of 339 steps (4%) done
Select jobs to execute...

[Thu Feb  4 20:31:19 2021]
rule concat_indelible:
    input: indelible_output/50/50_TRUE_1.fasta, indelible_output/50/50_ANCESTRAL_1.fasta
    output: indelible_output/50/concatenated/50_1.fasta
    jobid: 198
    wildcards: taxon=50, rep=1

[Thu Feb  4 20:31:19 2021]
Finished job 198.
16 of 339 steps (5%) done
Select jobs to execute...

[Thu Feb  4 20:31:19 2021]
rule clean_indelible:
    input: indelible_output/50/N0_trees/1.nwk, indelible_output/50/concatenated/50_1.fasta
    output: indelible_output/50/cleaned_aln/1.fasta, indelible_output/50/concatenated/1.fasta, indelible_output/50/cleaned_trees/1.nwk, indelible_output/50/cleaned_N0_trees/1.nwk, indelible_output/50/cleaned_no_internal_trees/1.nwk
    jobid: 195
    wildcards: taxon=50, rep=1

[Thu Feb  4 20:31:20 2021]
Finished job 195.
17 of 339 steps (5%) done
Select jobs to execute...

[Thu Feb  4 20:31:20 2021]
rule run_grasp:
    input: indelible_output/25/cleaned_aln/1.fasta, indelible_output/25/cleaned_N0_trees/1.nwk
    output: grasp_results/25/SICML/1, grasp_results/25/SICML/1/GRASP_ancestors.fasta, grasp_results/25/SICML/1/tree.nwk
    jobid: 164
    wildcards: taxon=25, method=SICML, rep=1

[Thu Feb  4 20:31:22 2021]
Finished job 164.
18 of 339 steps (5%) done
Select jobs to execute...

[Thu Feb  4 20:31:22 2021]
rule run_grasp:
    input: indelible_output/50/cleaned_aln/1.fasta, indelible_output/50/cleaned_N0_trees/1.nwk
    output: grasp_results/50/BEP/1, grasp_results/50/BEP/1/GRASP_ancestors.fasta, grasp_results/50/BEP/1/tree.nwk
    jobid: 194
    wildcards: taxon=50, method=BEP, rep=1

[Thu Feb  4 20:31:28 2021]
Finished job 194.
19 of 339 steps (6%) done
Select jobs to execute...

[Thu Feb  4 20:31:28 2021]
rule run_grasp:
    input: indelible_output/50/cleaned_aln/1.fasta, indelible_output/50/cleaned_N0_trees/1.nwk
    output: grasp_results/50/SICP/1, grasp_results/50/SICP/1/GRASP_ancestors.fasta, grasp_results/50/SICP/1/tree.nwk
    jobid: 217
    wildcards: taxon=50, method=SICP, rep=1

Terminating processes on user request, this might take some time.
[Thu Feb  4 20:31:29 2021]
Error in rule run_grasp:
    jobid: 217
    output: grasp_results/50/SICP/1, grasp_results/50/SICP/1/GRASP_ancestors.fasta, grasp_results/50/SICP/1/tree.nwk
    shell:
        grasp -aln indelible_output/50/cleaned_aln/1.fasta -nwk indelible_output/50/cleaned_N0_trees/1.nwk -model LG -out grasp_results/50/SICP/1 -savetree grasp_results/50/SICP/1  -indel SICP -inf joint -gap
        (one of the commands exited with non-zero exit code; note that snakemake uses bash strict mode!)

Removing output files of failed job run_grasp since they might be corrupted:
grasp_results/50/SICP/1
Complete log: /Users/gabefoley/Dropbox/PhD/20210121_Indel_Evaluation_Project/Indel_Evaluation_Snakemake/.snakemake/log/2021-02-04T203107.359002.snakemake.log
