Building DAG of jobs...
Using shell: /bin/bash
Provided cores: 1 (use --cores to define parallelism)
Rules claiming more threads will be scaled down.
Job counts:
	count	jobs
	2	clean_fastml_ml
	2	clean_fastml_parsimony
	1	clean_indelible
	1	compile_latex
	10	concat_fasta
	1	concat_fastml__ml_summaries
	1	concat_fastml_summaries
	1	concat_indelible
	1	concat_indelible_summaries
	5	concat_summaries
	1	generate_latex
	1	generate_output_dict
	2	get_indelible_dict
	2	run_fastml
	10	run_grasp
	2	summarise_fastml_ml_indels
	2	summarise_fastml_parsimony_indels
	2	summarise_indelible
	10	summarise_indels
	57
Select jobs to execute...

[Mon Mar  1 13:22:50 2021]
rule run_grasp:
    input: indelible_output/4/cleaned_aln/1.fasta, indelible_output/4/cleaned_N0_trees/1.nwk
    output: grasp_results/4/SICP/1, grasp_results/4/SICP/1/GRASP_ancestors.fasta, grasp_results/4/SICP/1/GRASP_ancestors.nwk
    jobid: 35
    wildcards: taxon=4, method=SICP, rep=1

[Mon Mar  1 13:22:50 2021]
Finished job 35.
1 of 57 steps (2%) done
Select jobs to execute...

[Mon Mar  1 13:22:50 2021]
rule get_indelible_dict:
    input: indelible_output/4/concatenated/1.fasta, indelible_output/4/cleaned_N0_trees/1.nwk
    output: indelible_dicts/4/leaves_1.p, indelible_dicts/4/gaps_1.p
    jobid: 11
    wildcards: taxon=4, rep=1

[Mon Mar  1 13:22:52 2021]
Finished job 11.
2 of 57 steps (4%) done
Select jobs to execute...

[Mon Mar  1 13:22:52 2021]
rule run_grasp:
    input: indelible_output/4/cleaned_aln/1.fasta, indelible_output/4/cleaned_N0_trees/1.nwk
    output: grasp_results/4/BEML/1, grasp_results/4/BEML/1/GRASP_ancestors.fasta, grasp_results/4/BEML/1/GRASP_ancestors.nwk
    jobid: 28
    wildcards: taxon=4, method=BEML, rep=1

[Mon Mar  1 13:22:52 2021]
Finished job 28.
3 of 57 steps (5%) done
Select jobs to execute...

[Mon Mar  1 13:22:52 2021]
rule run_grasp:
    input: indelible_output/4/cleaned_aln/1.fasta, indelible_output/4/cleaned_N0_trees/1.nwk
    output: grasp_results/4/BEP/1, grasp_results/4/BEP/1/GRASP_ancestors.fasta, grasp_results/4/BEP/1/GRASP_ancestors.nwk
    jobid: 21
    wildcards: taxon=4, method=BEP, rep=1

[Mon Mar  1 13:22:53 2021]
Finished job 21.
4 of 57 steps (7%) done
Select jobs to execute...

[Mon Mar  1 13:22:53 2021]
rule concat_indelible:
    input: indelible_output/4/4_TRUE_2.fasta, indelible_output/4/4_ANCESTRAL_2.fasta
    output: indelible_output/4/concatenated/4_2.fasta
    jobid: 16
    wildcards: taxon=4, rep=2

[Mon Mar  1 13:22:53 2021]
Finished job 16.
5 of 57 steps (9%) done
Select jobs to execute...

[Mon Mar  1 13:22:53 2021]
rule clean_indelible:
    input: indelible_output/4/N0_trees/2.nwk, indelible_output/4/concatenated/4_2.fasta
    output: indelible_output/4/cleaned_aln/2.fasta, indelible_output/4/concatenated/2.fasta, indelible_output/4/cleaned_trees/2.nwk, indelible_output/4/cleaned_N0_trees/2.nwk, indelible_output/4/cleaned_no_internal_trees/2.nwk
    jobid: 14
    wildcards: taxon=4, rep=2

[Mon Mar  1 13:22:54 2021]
Finished job 14.
6 of 57 steps (11%) done
Select jobs to execute...

[Mon Mar  1 13:22:54 2021]
rule concat_fasta:
    input: indelible_output/4/cleaned_aln/1.fasta, grasp_results/4/BEP/1/GRASP_ancestors.fasta
    output: grasp_results/concatenated/4/BEP/1/GRASP_ancestors.fasta
    jobid: 22
    wildcards: taxon=4, method=BEP, rep=1

[Mon Mar  1 13:22:54 2021]
Finished job 22.
7 of 57 steps (12%) done
Select jobs to execute...

[Mon Mar  1 13:22:54 2021]
rule summarise_indelible:
    input: indelible_output/4/cleaned_N0_trees/1.nwk, indelible_output/4/concatenated/1.fasta, indelible_output/4/cleaned_N0_trees/1.nwk, indelible_output/4/concatenated/1.fasta, indelible_dicts/4/leaves_1.p, indelible_dicts/4/gaps_1.p
    output: indelible_summaries/4/1.csv
    jobid: 60
    wildcards: taxon=4, rep=1

[Mon Mar  1 13:22:55 2021]
Finished job 60.
8 of 57 steps (14%) done
Select jobs to execute...

[Mon Mar  1 13:22:55 2021]
rule get_indelible_dict:
    input: indelible_output/4/concatenated/2.fasta, indelible_output/4/cleaned_N0_trees/2.nwk
    output: indelible_dicts/4/leaves_2.p, indelible_dicts/4/gaps_2.p
    jobid: 18
    wildcards: taxon=4, rep=2

[Mon Mar  1 13:22:56 2021]
Finished job 18.
9 of 57 steps (16%) done
Select jobs to execute...

[Mon Mar  1 13:22:56 2021]
rule run_grasp:
    input: indelible_output/4/cleaned_aln/2.fasta, indelible_output/4/cleaned_N0_trees/2.nwk
    output: grasp_results/4/BEP/2, grasp_results/4/BEP/2/GRASP_ancestors.fasta, grasp_results/4/BEP/2/GRASP_ancestors.nwk
    jobid: 24
    wildcards: taxon=4, method=BEP, rep=2

[Mon Mar  1 13:22:56 2021]
Finished job 24.
10 of 57 steps (18%) done
Select jobs to execute...

[Mon Mar  1 13:22:56 2021]
rule concat_fasta:
    input: indelible_output/4/cleaned_aln/2.fasta, grasp_results/4/BEP/2/GRASP_ancestors.fasta
    output: grasp_results/concatenated/4/BEP/2/GRASP_ancestors.fasta
    jobid: 25
    wildcards: taxon=4, method=BEP, rep=2

[Mon Mar  1 13:22:56 2021]
Finished job 25.
11 of 57 steps (19%) done
Select jobs to execute...

[Mon Mar  1 13:22:56 2021]
rule concat_fasta:
    input: indelible_output/4/cleaned_aln/1.fasta, grasp_results/4/SICP/1/GRASP_ancestors.fasta
    output: grasp_results/concatenated/4/SICP/1/GRASP_ancestors.fasta
    jobid: 36
    wildcards: taxon=4, method=SICP, rep=1

[Mon Mar  1 13:22:56 2021]
Finished job 36.
12 of 57 steps (21%) done
Select jobs to execute...

[Mon Mar  1 13:22:56 2021]
rule run_grasp:
    input: indelible_output/4/cleaned_aln/1.fasta, indelible_output/4/cleaned_N0_trees/1.nwk
    output: grasp_results/4/PSP/1, grasp_results/4/PSP/1/GRASP_ancestors.fasta, grasp_results/4/PSP/1/GRASP_ancestors.nwk
    jobid: 42
    wildcards: taxon=4, method=PSP, rep=1

[Mon Mar  1 13:22:57 2021]
Finished job 42.
13 of 57 steps (23%) done
Select jobs to execute...

[Mon Mar  1 13:22:57 2021]
rule run_fastml:
    input: indelible_output/4/cleaned_aln/1.fasta, indelible_output/4/cleaned_no_internal_trees/1.nwk
    output: fastml_results/4/1/seq.marginal_Chars_ParsimonyIndels.txt, fastml_results/4/1/seq.marginal_IndelAndChars.txt, fastml_results/4/1/tree.newick.txt, fastml_results/4/1
    jobid: 50
    wildcards: taxon=4, rep=1

Waiting at most 10 seconds for missing files.
MissingOutputException in line 53 of /Users/gabefoley/Dropbox/PhD/20210121_Indel_Evaluation_Project/Indel_Evaluation_Snakemake/Snakefile:
Job Missing files after 10 seconds:
fastml_results/4/1/seq.marginal_Chars_ParsimonyIndels.txt
fastml_results/4/1/seq.marginal_IndelAndChars.txt
This might be due to filesystem latency. If that is the case, consider to increase the wait time with --latency-wait.
Job id: 50 completed successfully, but some output files are missing. 50
  File "/Users/gabefoley/miniconda3_latest/envs/indel_snakemake/lib/python3.9/site-packages/snakemake/executors/__init__.py", line 583, in handle_job_success
  File "/Users/gabefoley/miniconda3_latest/envs/indel_snakemake/lib/python3.9/site-packages/snakemake/executors/__init__.py", line 252, in handle_job_success
Removing output files of failed job run_fastml since they might be corrupted:
fastml_results/4/1/tree.newick.txt, fastml_results/4/1
Shutting down, this might take some time.
Exiting because a job execution failed. Look above for error message
Complete log: /Users/gabefoley/Dropbox/PhD/20210121_Indel_Evaluation_Project/Indel_Evaluation_Snakemake/.snakemake/log/2021-03-01T132250.323610.snakemake.log
