Building DAG of jobs...
Using shell: /bin/bash
Provided cores: 1 (use --cores to define parallelism)
Rules claiming more threads will be scaled down.
Conda environments: ignored
Job counts:
	count	jobs
	1	all
	2	create_control_files
	4	run_indelible
	7
Select jobs to execute...

[Sun Jan 24 21:44:32 2021]
rule create_control_files:
    output: indelible/40_control.txt
    jobid: 2
    wildcards: taxon=40

[Sun Jan 24 21:44:32 2021]
Finished job 2.
1 of 7 steps (14%) done
Select jobs to execute...

[Sun Jan 24 21:44:32 2021]
rule run_indelible:
    input: indelible/40_control.txt
    output: indelible_output/40/40_TRUE_1.fasta
    jobid: 1
    wildcards: taxon=40, rep=1

[Sun Jan 24 21:44:33 2021]
Finished job 1.
2 of 7 steps (29%) done
Select jobs to execute...

[Sun Jan 24 21:44:33 2021]
rule create_control_files:
    output: indelible/80_control.txt
    jobid: 5
    wildcards: taxon=80

[Sun Jan 24 21:44:33 2021]
Finished job 5.
3 of 7 steps (43%) done
Select jobs to execute...

[Sun Jan 24 21:44:33 2021]
rule run_indelible:
    input: indelible/80_control.txt
    output: indelible_output/80/80_TRUE_2.fasta
    jobid: 6
    wildcards: taxon=80, rep=2

[Sun Jan 24 21:44:34 2021]
Finished job 6.
4 of 7 steps (57%) done
Select jobs to execute...

[Sun Jan 24 21:44:34 2021]
rule run_indelible:
    input: indelible/80_control.txt
    output: indelible_output/80/80_TRUE_1.fasta
    jobid: 4
    wildcards: taxon=80, rep=1

Warning: the following output files of rule run_indelible were not present when the DAG was created:
{'indelible_output/80/80_TRUE_1.fasta'}
[Sun Jan 24 21:44:34 2021]
Finished job 4.
5 of 7 steps (71%) done
Select jobs to execute...

[Sun Jan 24 21:44:34 2021]
rule run_indelible:
    input: indelible/40_control.txt
    output: indelible_output/40/40_TRUE_2.fasta
    jobid: 3
    wildcards: taxon=40, rep=2

Warning: the following output files of rule run_indelible were not present when the DAG was created:
{'indelible_output/40/40_TRUE_2.fasta'}
[Sun Jan 24 21:44:35 2021]
Finished job 3.
6 of 7 steps (86%) done
Select jobs to execute...

[Sun Jan 24 21:44:35 2021]
localrule all:
    input: indelible_output/40/40_TRUE_1.fasta, indelible_output/40/40_TRUE_2.fasta, indelible_output/80/80_TRUE_1.fasta, indelible_output/80/80_TRUE_2.fasta
    jobid: 0

[Sun Jan 24 21:44:35 2021]
Finished job 0.
7 of 7 steps (100%) done
Complete log: /Users/gabefoley/Dropbox/PhD/20210121_Indel_Evaluation_Project/Indel_Evaluation_Snakemake/.snakemake/log/2021-01-24T214432.190207.snakemake.log
