Building DAG of jobs...
Using shell: /bin/bash
Provided cores: 1 (use --cores to define parallelism)
Rules claiming more threads will be scaled down.
Job counts:
	count	jobs
	2	clean_fasta
	2	create_control_files
	2	run_grasp
	2	run_indelible
	1	summarise_indels
	9
Select jobs to execute...

[Thu Jan 28 14:24:54 2021]
rule create_control_files:
    output: indelible/5_control.txt
    jobid: 4
    wildcards: taxon=5

[Thu Jan 28 14:24:54 2021]
Finished job 4.
1 of 9 steps (11%) done
Select jobs to execute...

[Thu Jan 28 14:24:54 2021]
rule run_indelible:
    input: indelible/5_control.txt
    output: indelible_output/5/cleaned_trees/1.nwk, indelible_output/5/5_TRUE_1.fasta
    jobid: 3
    wildcards: taxon=5, rep=1

[Thu Jan 28 14:24:55 2021]
Finished job 3.
2 of 9 steps (22%) done
Select jobs to execute...

[Thu Jan 28 14:24:55 2021]
rule clean_fasta:
    input: indelible_output/5/5_TRUE_1.fasta
    output: indelible_output/cleaned_aln/5/1.fasta
    jobid: 2
    wildcards: taxon=5, rep=1

[Thu Jan 28 14:24:55 2021]
Finished job 2.
3 of 9 steps (33%) done
Select jobs to execute...

[Thu Jan 28 14:24:55 2021]
rule run_grasp:
    input: indelible_output/cleaned_aln/5/1.fasta, indelible_output/5/cleaned_trees/1.nwk
    output: grasp_results/5/BEP/1, grasp_results/5/BEP/1/GRASP_ancestors.fasta, grasp_results/5/BEP/1/tree.nwk
    jobid: 1
    wildcards: taxon=5, method=BEP, rep=1

ImproperOutputException in line 46 of /Users/gabefoley/Dropbox/PhD/20210121_Indel_Evaluation_Project/Indel_Evaluation_Snakemake/Snakefile:
Outputs of incorrect type (directories when expecting files or vice versa). Output directories must be flagged with directory(). for rule run_grasp:
grasp_results/5/BEP/1
  File "/Users/gabefoley/miniconda3_latest/envs/indel_snakemake/lib/python3.9/site-packages/snakemake/executors/__init__.py", line 583, in handle_job_success
  File "/Users/gabefoley/miniconda3_latest/envs/indel_snakemake/lib/python3.9/site-packages/snakemake/executors/__init__.py", line 252, in handle_job_success
Removing output files of failed job run_grasp since they might be corrupted:
grasp_results/5/BEP/1, grasp_results/5/BEP/1/GRASP_ancestors.fasta, grasp_results/5/BEP/1/tree.nwk
[Errno 66] Directory not empty: 'grasp_results/5/BEP/1'
Shutting down, this might take some time.
Exiting because a job execution failed. Look above for error message
Complete log: /Users/gabefoley/Dropbox/PhD/20210121_Indel_Evaluation_Project/Indel_Evaluation_Snakemake/.snakemake/log/2021-01-28T142454.158883.snakemake.log
