Building DAG of jobs...
Using shell: /bin/bash
Provided cores: 1 (use --cores to define parallelism)
Rules claiming more threads will be scaled down.
Job counts:
	count	jobs
	1	all
	3	clean_fasta
	4	split_trees
	8
Select jobs to execute...

[Sun Jan 24 23:38:59 2021]
rule clean_fasta:
    input: indelible_output/80/80_TRUE_1.fasta
    output: indelible_output/cleaned_aln/80/80_TRUE_1.fasta
    jobid: 13
    wildcards: taxon=80, rep=1

[Sun Jan 24 23:39:00 2021]
Finished job 13.
1 of 8 steps (12%) done
Select jobs to execute...

[Sun Jan 24 23:39:00 2021]
rule split_trees:
    input: indelible_output/80/80_TRUE_1.fasta
    output: indelible_output/cleaned_trees/80/80_tree_1.nwk
    jobid: 6
    wildcards: taxon=80, rep=1

Waiting at most 5 seconds for missing files.
MissingOutputException in line 27 of /Users/gabefoley/Dropbox/PhD/20210121_Indel_Evaluation_Project/Indel_Evaluation_Snakemake/Snakefile:
Job Missing files after 5 seconds:
indelible_output/cleaned_trees/80/80_tree_1.nwk
This might be due to filesystem latency. If that is the case, consider to increase the wait time with --latency-wait.
Job id: 6 completed successfully, but some output files are missing. 6
  File "/Users/gabefoley/miniconda3_latest/envs/indel_snakemake/lib/python3.9/site-packages/snakemake/executors/__init__.py", line 583, in handle_job_success
  File "/Users/gabefoley/miniconda3_latest/envs/indel_snakemake/lib/python3.9/site-packages/snakemake/executors/__init__.py", line 252, in handle_job_success
Shutting down, this might take some time.
Exiting because a job execution failed. Look above for error message
Complete log: /Users/gabefoley/Dropbox/PhD/20210121_Indel_Evaluation_Project/Indel_Evaluation_Snakemake/.snakemake/log/2021-01-24T233859.870836.snakemake.log
