Building DAG of jobs...
Using shell: /bin/bash
Provided cores: 1 (use --cores to define parallelism)
Rules claiming more threads will be scaled down.
Job counts:
	count	jobs
	1	clean_fastml_ml
	1	clean_fastml_parsimony
	1	clean_indelible
	1	compile_latex
	6	concat_fasta
	1	concat_fastml__ml_summaries
	1	concat_fastml_summaries
	1	concat_indelible
	1	concat_indelible_summaries
	6	concat_summaries
	1	generate_latex
	1	generate_output_dict
	1	get_indelible_dict
	1	run_fastml
	6	run_grasp
	1	summarise_fastml_ml_indels
	1	summarise_fastml_parsimony_indels
	1	summarise_indelible
	6	summarise_indels
	39
Select jobs to execute...

[Tue Mar  2 13:03:28 2021]
rule concat_indelible:
    input: indelible_output/5/5_TRUE_1.fasta, indelible_output/5/5_ANCESTRAL_1.fasta
    output: indelible_output/5/concatenated/5_1.fasta
    jobid: 9
    wildcards: taxon=5, rep=1

[Tue Mar  2 13:03:28 2021]
Finished job 9.
1 of 39 steps (3%) done
Select jobs to execute...

[Tue Mar  2 13:03:28 2021]
rule clean_indelible:
    input: indelible_output/5/N0_trees/1.nwk, indelible_output/5/concatenated/5_1.fasta
    output: indelible_output/5/cleaned_aln/1.fasta, indelible_output/5/concatenated/1.fasta, indelible_output/5/cleaned_trees/1.nwk, indelible_output/5/cleaned_N0_trees/1.nwk, indelible_output/5/cleaned_no_internal_trees/1.nwk
    jobid: 6
    wildcards: taxon=5, rep=1

[Tue Mar  2 13:03:29 2021]
Finished job 6.
2 of 39 steps (5%) done
Select jobs to execute...

[Tue Mar  2 13:03:29 2021]
rule run_fastml:
    input: indelible_output/5/cleaned_aln/1.fasta, indelible_output/5/cleaned_no_internal_trees/1.nwk
    output: fastml_results/5/1/seq.marginal_Chars_ParsimonyIndels.txt, fastml_results/5/1/seq.marginal_IndelAndChars.txt, fastml_results/5/1/tree.newick.txt, fastml_results/5/1
    jobid: 108
    wildcards: taxon=5, rep=1

[Tue Mar  2 13:03:31 2021]
Finished job 108.
3 of 39 steps (8%) done
Select jobs to execute...

[Tue Mar  2 13:03:31 2021]
rule clean_fastml_parsimony:
    input: fastml_results/5/1/seq.marginal_Chars_ParsimonyIndels.txt, fastml_results/5/1/tree.newick.txt
    output: fastml_results_parsimony/5/concatenated/1/FastML_ancestors.fasta, fastml_results_parsimony/5/cleaned_trees/1/tree.nwk, fastml_results_parsimony/5/cleaned_N0_trees/1/tree.nwk
    jobid: 107
    wildcards: taxon=5, rep=1

[Tue Mar  2 13:03:32 2021]
Finished job 107.
4 of 39 steps (10%) done
Select jobs to execute...

[Tue Mar  2 13:03:32 2021]
rule get_indelible_dict:
    input: indelible_output/5/concatenated/1.fasta, indelible_output/5/cleaned_N0_trees/1.nwk
    output: indelible_dicts/5/leaves_1.p, indelible_dicts/5/gaps_1.p
    jobid: 11
    wildcards: taxon=5, rep=1

[Tue Mar  2 13:03:34 2021]
Finished job 11.
5 of 39 steps (13%) done
Select jobs to execute...

[Tue Mar  2 13:03:34 2021]
rule summarise_indelible:
    input: indelible_output/5/cleaned_N0_trees/1.nwk, indelible_output/5/concatenated/1.fasta, indelible_output/5/cleaned_N0_trees/1.nwk, indelible_output/5/concatenated/1.fasta, indelible_dicts/5/leaves_1.p, indelible_dicts/5/gaps_1.p
    output: indelible_summaries/5/1.csv
    jobid: 130
    wildcards: taxon=5, rep=1

[Tue Mar  2 13:03:35 2021]
Finished job 130.
6 of 39 steps (15%) done
Select jobs to execute...

[Tue Mar  2 13:03:35 2021]
rule run_grasp:
    input: indelible_output/5/cleaned_aln/1.fasta, indelible_output/5/cleaned_N0_trees/1.nwk
    output: grasp_results/5/BEP/1, grasp_results/5/BEP/1/GRASP_ancestors.fasta, grasp_results/5/BEP/1/GRASP_ancestors.nwk
    jobid: 21
    wildcards: taxon=5, method=BEP, rep=1

[Tue Mar  2 13:03:35 2021]
Finished job 21.
7 of 39 steps (18%) done
Select jobs to execute...

[Tue Mar  2 13:03:35 2021]
rule run_grasp:
    input: indelible_output/5/cleaned_aln/1.fasta, indelible_output/5/cleaned_N0_trees/1.nwk
    output: grasp_results/5/SICP/1, grasp_results/5/SICP/1/GRASP_ancestors.fasta, grasp_results/5/SICP/1/GRASP_ancestors.nwk
    jobid: 28
    wildcards: taxon=5, method=SICP, rep=1

[Tue Mar  2 13:03:36 2021]
Finished job 28.
8 of 39 steps (21%) done
Select jobs to execute...

[Tue Mar  2 13:03:36 2021]
rule concat_fasta:
    input: indelible_output/5/cleaned_aln/1.fasta, grasp_results/5/SICP/1/GRASP_ancestors.fasta
    output: grasp_results/concatenated/5/SICP/1/GRASP_ancestors.fasta
    jobid: 29
    wildcards: taxon=5, method=SICP, rep=1

[Tue Mar  2 13:03:36 2021]
Finished job 29.
9 of 39 steps (23%) done
Select jobs to execute...

[Tue Mar  2 13:03:36 2021]
rule run_grasp:
    input: indelible_output/5/cleaned_aln/1.fasta, indelible_output/5/cleaned_N0_trees/1.nwk
    output: grasp_results/5/PSP/1, grasp_results/5/PSP/1/GRASP_ancestors.fasta, grasp_results/5/PSP/1/GRASP_ancestors.nwk
    jobid: 35
    wildcards: taxon=5, method=PSP, rep=1

[Tue Mar  2 13:03:37 2021]
Finished job 35.
10 of 39 steps (26%) done
Select jobs to execute...

[Tue Mar  2 13:03:37 2021]
rule concat_fasta:
    input: indelible_output/5/cleaned_aln/1.fasta, grasp_results/5/PSP/1/GRASP_ancestors.fasta
    output: grasp_results/concatenated/5/PSP/1/GRASP_ancestors.fasta
    jobid: 36
    wildcards: taxon=5, method=PSP, rep=1

[Tue Mar  2 13:03:37 2021]
Finished job 36.
11 of 39 steps (28%) done
Select jobs to execute...

[Tue Mar  2 13:03:37 2021]
rule summarise_indels:
    input: grasp_results/5/SICP/1/GRASP_ancestors.nwk, grasp_results/concatenated/5/SICP/1/GRASP_ancestors.fasta, indelible_output/5/cleaned_N0_trees/1.nwk, indelible_output/5/concatenated/1.fasta, indelible_dicts/5/leaves_1.p, indelible_dicts/5/gaps_1.p
    output: summaries/5/SICP/1.csv
    jobid: 27
    wildcards: taxon=5, method=SICP, rep=1

[Tue Mar  2 13:03:38 2021]
Finished job 27.
12 of 39 steps (31%) done
Select jobs to execute...

[Tue Mar  2 13:03:38 2021]
rule concat_summaries:
    input: summaries/5/SICP/1.csv, summaries/5/SICP/2.csv
    output: concatenated_summaries/5_SICP.csv
    jobid: 26
    wildcards: taxon=5, method=SICP

[Tue Mar  2 13:03:38 2021]
Finished job 26.
13 of 39 steps (33%) done
Select jobs to execute...

[Tue Mar  2 13:03:38 2021]
rule run_grasp:
    input: indelible_output/5/cleaned_aln/1.fasta, indelible_output/5/cleaned_N0_trees/1.nwk
    output: grasp_results/5/BEML/1, grasp_results/5/BEML/1/GRASP_ancestors.fasta, grasp_results/5/BEML/1/GRASP_ancestors.nwk
    jobid: 42
    wildcards: taxon=5, method=BEML, rep=1

[Tue Mar  2 13:03:39 2021]
Finished job 42.
14 of 39 steps (36%) done
Select jobs to execute...

[Tue Mar  2 13:03:39 2021]
rule concat_fasta:
    input: indelible_output/5/cleaned_aln/1.fasta, grasp_results/5/BEML/1/GRASP_ancestors.fasta
    output: grasp_results/concatenated/5/BEML/1/GRASP_ancestors.fasta
    jobid: 43
    wildcards: taxon=5, method=BEML, rep=1

[Tue Mar  2 13:03:39 2021]
Finished job 43.
15 of 39 steps (38%) done
Select jobs to execute...

[Tue Mar  2 13:03:39 2021]
rule summarise_indels:
    input: grasp_results/5/BEML/1/GRASP_ancestors.nwk, grasp_results/concatenated/5/BEML/1/GRASP_ancestors.fasta, indelible_output/5/cleaned_N0_trees/1.nwk, indelible_output/5/concatenated/1.fasta, indelible_dicts/5/leaves_1.p, indelible_dicts/5/gaps_1.p
    output: summaries/5/BEML/1.csv
    jobid: 41
    wildcards: taxon=5, method=BEML, rep=1

[Tue Mar  2 13:03:40 2021]
Finished job 41.
16 of 39 steps (41%) done
Select jobs to execute...

[Tue Mar  2 13:03:40 2021]
rule concat_summaries:
    input: summaries/5/BEML/1.csv, summaries/5/BEML/2.csv
    output: concatenated_summaries/5_BEML.csv
    jobid: 40
    wildcards: taxon=5, method=BEML

[Tue Mar  2 13:03:40 2021]
Finished job 40.
17 of 39 steps (44%) done
Select jobs to execute...

[Tue Mar  2 13:03:40 2021]
rule summarise_indels:
    input: grasp_results/5/PSP/1/GRASP_ancestors.nwk, grasp_results/concatenated/5/PSP/1/GRASP_ancestors.fasta, indelible_output/5/cleaned_N0_trees/1.nwk, indelible_output/5/concatenated/1.fasta, indelible_dicts/5/leaves_1.p, indelible_dicts/5/gaps_1.p
    output: summaries/5/PSP/1.csv
    jobid: 34
    wildcards: taxon=5, method=PSP, rep=1

[Tue Mar  2 13:03:41 2021]
Finished job 34.
18 of 39 steps (46%) done
Select jobs to execute...

[Tue Mar  2 13:03:41 2021]
rule concat_summaries:
    input: summaries/5/PSP/1.csv, summaries/5/PSP/2.csv
    output: concatenated_summaries/5_PSP.csv
    jobid: 33
    wildcards: taxon=5, method=PSP

[Tue Mar  2 13:03:41 2021]
Finished job 33.
19 of 39 steps (49%) done
Select jobs to execute...

[Tue Mar  2 13:03:41 2021]
rule concat_fasta:
    input: indelible_output/5/cleaned_aln/1.fasta, grasp_results/5/BEP/1/GRASP_ancestors.fasta
    output: grasp_results/concatenated/5/BEP/1/GRASP_ancestors.fasta
    jobid: 22
    wildcards: taxon=5, method=BEP, rep=1

[Tue Mar  2 13:03:41 2021]
Finished job 22.
20 of 39 steps (51%) done
Select jobs to execute...

[Tue Mar  2 13:03:41 2021]
rule summarise_indels:
    input: grasp_results/5/BEP/1/GRASP_ancestors.nwk, grasp_results/concatenated/5/BEP/1/GRASP_ancestors.fasta, indelible_output/5/cleaned_N0_trees/1.nwk, indelible_output/5/concatenated/1.fasta, indelible_dicts/5/leaves_1.p, indelible_dicts/5/gaps_1.p
    output: summaries/5/BEP/1.csv
    jobid: 20
    wildcards: taxon=5, method=BEP, rep=1

[Tue Mar  2 13:03:42 2021]
Finished job 20.
21 of 39 steps (54%) done
Select jobs to execute...

[Tue Mar  2 13:03:42 2021]
rule concat_summaries:
    input: summaries/5/BEP/1.csv, summaries/5/BEP/2.csv
    output: concatenated_summaries/5_BEP.csv
    jobid: 19
    wildcards: taxon=5, method=BEP

[Tue Mar  2 13:03:42 2021]
Finished job 19.
22 of 39 steps (56%) done
Select jobs to execute...

[Tue Mar  2 13:03:42 2021]
rule clean_fastml_ml:
    input: fastml_results/5/1/seq.marginal_IndelAndChars.txt, fastml_results/5/1/tree.newick.txt
    output: fastml_results_ml/5/concatenated/1/FastML_ancestors.fasta, fastml_results_ml/5/cleaned_trees/1/tree.nwk, fastml_results_ml/5/cleaned_N0_trees/1/tree.nwk
    jobid: 121
    wildcards: taxon=5, rep=1

[Tue Mar  2 13:03:44 2021]
Finished job 121.
23 of 39 steps (59%) done
Select jobs to execute...

[Tue Mar  2 13:03:44 2021]
rule summarise_fastml_ml_indels:
    input: fastml_results_ml/5/concatenated/1/FastML_ancestors.fasta, fastml_results_ml/5/cleaned_N0_trees/1/tree.nwk, indelible_output/5/cleaned_N0_trees/1.nwk, indelible_output/5/concatenated/1.fasta, indelible_dicts/5/leaves_1.p, indelible_dicts/5/gaps_1.p
    output: fastml_ml_summaries/5/fastml/1.csv
    jobid: 120
    wildcards: taxon=5, rep=1

[Tue Mar  2 13:03:45 2021]
Finished job 120.
24 of 39 steps (62%) done
Select jobs to execute...

[Tue Mar  2 13:03:45 2021]
rule concat_fastml__ml_summaries:
    input: fastml_ml_summaries/5/fastml/1.csv, fastml_ml_summaries/5/fastml/2.csv
    output: concatenated_fastml_ml_summaries/5.csv
    jobid: 119
    wildcards: taxon=5

[Tue Mar  2 13:03:45 2021]
Finished job 119.
25 of 39 steps (64%) done
Select jobs to execute...

[Tue Mar  2 13:03:45 2021]
rule summarise_fastml_parsimony_indels:
    input: fastml_results_parsimony/5/concatenated/1/FastML_ancestors.fasta, fastml_results_parsimony/5/cleaned_N0_trees/1/tree.nwk, indelible_output/5/cleaned_N0_trees/1.nwk, indelible_output/5/concatenated/1.fasta, indelible_dicts/5/leaves_1.p, indelible_dicts/5/gaps_1.p
    output: fastml_parsimony_summaries/5/fastml/1.csv
    jobid: 106
    wildcards: taxon=5, rep=1

[Tue Mar  2 13:03:46 2021]
Finished job 106.
26 of 39 steps (67%) done
Select jobs to execute...

[Tue Mar  2 13:03:46 2021]
rule concat_fastml_summaries:
    input: fastml_parsimony_summaries/5/fastml/1.csv, fastml_parsimony_summaries/5/fastml/2.csv
    output: concatenated_fastml_parsimony_summaries/5.csv
    jobid: 105
    wildcards: taxon=5

[Tue Mar  2 13:03:46 2021]
Finished job 105.
27 of 39 steps (69%) done
Select jobs to execute...

[Tue Mar  2 13:03:46 2021]
rule run_grasp:
    input: indelible_output/5/cleaned_aln/1.fasta, indelible_output/5/cleaned_N0_trees/1.nwk
    output: grasp_results/5/SICML/1, grasp_results/5/SICML/1/GRASP_ancestors.fasta, grasp_results/5/SICML/1/GRASP_ancestors.nwk
    jobid: 5
    wildcards: taxon=5, method=SICML, rep=1

[Tue Mar  2 13:03:46 2021]
Finished job 5.
28 of 39 steps (72%) done
Select jobs to execute...

[Tue Mar  2 13:03:47 2021]
rule concat_fasta:
    input: indelible_output/5/cleaned_aln/1.fasta, grasp_results/5/SICML/1/GRASP_ancestors.fasta
    output: grasp_results/concatenated/5/SICML/1/GRASP_ancestors.fasta
    jobid: 10
    wildcards: taxon=5, method=SICML, rep=1

[Tue Mar  2 13:03:47 2021]
Finished job 10.
29 of 39 steps (74%) done
Select jobs to execute...

[Tue Mar  2 13:03:47 2021]
rule run_grasp:
    input: indelible_output/5/cleaned_aln/1.fasta, indelible_output/5/cleaned_N0_trees/1.nwk
    output: grasp_results/5/PSML/1, grasp_results/5/PSML/1/GRASP_ancestors.fasta, grasp_results/5/PSML/1/GRASP_ancestors.nwk
    jobid: 49
    wildcards: taxon=5, method=PSML, rep=1

[Tue Mar  2 13:03:47 2021]
Finished job 49.
30 of 39 steps (77%) done
Select jobs to execute...

[Tue Mar  2 13:03:47 2021]
rule concat_fasta:
    input: indelible_output/5/cleaned_aln/1.fasta, grasp_results/5/PSML/1/GRASP_ancestors.fasta
    output: grasp_results/concatenated/5/PSML/1/GRASP_ancestors.fasta
    jobid: 50
    wildcards: taxon=5, method=PSML, rep=1

[Tue Mar  2 13:03:47 2021]
Finished job 50.
31 of 39 steps (79%) done
Select jobs to execute...

[Tue Mar  2 13:03:47 2021]
rule concat_indelible_summaries:
    input: indelible_summaries/5/1.csv, indelible_summaries/5/2.csv
    output: concatenated_indelible_summaries/5.csv
    jobid: 129
    wildcards: taxon=5

[Tue Mar  2 13:03:47 2021]
Finished job 129.
32 of 39 steps (82%) done
Select jobs to execute...

[Tue Mar  2 13:03:47 2021]
rule summarise_indels:
    input: grasp_results/5/PSML/1/GRASP_ancestors.nwk, grasp_results/concatenated/5/PSML/1/GRASP_ancestors.fasta, indelible_output/5/cleaned_N0_trees/1.nwk, indelible_output/5/concatenated/1.fasta, indelible_dicts/5/leaves_1.p, indelible_dicts/5/gaps_1.p
    output: summaries/5/PSML/1.csv
    jobid: 48
    wildcards: taxon=5, method=PSML, rep=1

[Tue Mar  2 13:03:48 2021]
Finished job 48.
33 of 39 steps (85%) done
Select jobs to execute...

[Tue Mar  2 13:03:49 2021]
rule concat_summaries:
    input: summaries/5/PSML/1.csv, summaries/5/PSML/2.csv
    output: concatenated_summaries/5_PSML.csv
    jobid: 47
    wildcards: taxon=5, method=PSML

[Tue Mar  2 13:03:49 2021]
Finished job 47.
34 of 39 steps (87%) done
Select jobs to execute...

[Tue Mar  2 13:03:49 2021]
rule summarise_indels:
    input: grasp_results/5/SICML/1/GRASP_ancestors.nwk, grasp_results/concatenated/5/SICML/1/GRASP_ancestors.fasta, indelible_output/5/cleaned_N0_trees/1.nwk, indelible_output/5/concatenated/1.fasta, indelible_dicts/5/leaves_1.p, indelible_dicts/5/gaps_1.p
    output: summaries/5/SICML/1.csv
    jobid: 4
    wildcards: taxon=5, method=SICML, rep=1

[Tue Mar  2 13:03:50 2021]
Finished job 4.
35 of 39 steps (90%) done
Select jobs to execute...

[Tue Mar  2 13:03:50 2021]
rule concat_summaries:
    input: summaries/5/SICML/1.csv, summaries/5/SICML/2.csv
    output: concatenated_summaries/5_SICML.csv
    jobid: 3
    wildcards: taxon=5, method=SICML

[Tue Mar  2 13:03:50 2021]
Finished job 3.
36 of 39 steps (92%) done
Select jobs to execute...

[Tue Mar  2 13:03:50 2021]
rule generate_output_dict:
    input: concatenated_summaries/5_SICML.csv, concatenated_summaries/5_BEP.csv, concatenated_summaries/5_SICP.csv, concatenated_summaries/5_PSP.csv, concatenated_summaries/5_BEML.csv, concatenated_summaries/5_PSML.csv, concatenated_summaries/10_SICML.csv, concatenated_summaries/10_BEP.csv, concatenated_summaries/10_SICP.csv, concatenated_summaries/10_PSP.csv, concatenated_summaries/10_BEML.csv, concatenated_summaries/10_PSML.csv, concatenated_fastml_parsimony_summaries/5.csv, concatenated_fastml_parsimony_summaries/10.csv, concatenated_fastml_ml_summaries/5.csv, concatenated_fastml_ml_summaries/10.csv, concatenated_indelible_summaries/5.csv, concatenated_indelible_summaries/10.csv
    output: output_dicts/output.p
    jobid: 2

[Tue Mar  2 13:03:58 2021]
Finished job 2.
37 of 39 steps (95%) done
Select jobs to execute...

[Tue Mar  2 13:03:58 2021]
rule generate_latex:
    input: output_dicts/output.p
    output: plots/plot.tex
    jobid: 1

[Tue Mar  2 13:03:58 2021]
Finished job 1.
38 of 39 steps (97%) done
Select jobs to execute...

[Tue Mar  2 13:03:58 2021]
rule compile_latex:
    input: plots/plot.tex
    output: plots/plot.pdf
    jobid: 0

[Tue Mar  2 13:04:02 2021]
Finished job 0.
39 of 39 steps (100%) done
Complete log: /Users/gabefoley/Dropbox/PhD/20210121_Indel_Evaluation_Project/Indel_Evaluation_Snakemake/.snakemake/log/2021-03-02T130327.865425.snakemake.log
