Building DAG of jobs...
Using shell: /bin/bash
Provided cores: 1 (use --cores to define parallelism)
Rules claiming more threads will be scaled down.
Job counts:
	count	jobs
	1	all
	4	clean_fasta
	12	concat_fasta
	2	create_control_files
	12	run_grasp
	4	run_indelible
	12	summarise_indels
	47
Select jobs to execute...

[Thu Jan 28 13:46:04 2021]
rule create_control_files:
    output: indelible/4_control.txt
    jobid: 5
    wildcards: taxon=4

[Thu Jan 28 13:46:05 2021]
Finished job 5.
1 of 47 steps (2%) done
Select jobs to execute...

[Thu Jan 28 13:46:05 2021]
rule create_control_files:
    output: indelible/8_control.txt
    jobid: 28
    wildcards: taxon=8

[Thu Jan 28 13:46:05 2021]
Finished job 28.
2 of 47 steps (4%) done
Select jobs to execute...

[Thu Jan 28 13:46:05 2021]
rule run_indelible:
    input: indelible/8_control.txt
    output: indelible_output/8/cleaned_trees/8_tree_1.nwk, indelible_output/8/8_TRUE_1.fasta
    jobid: 27
    wildcards: taxon=8, rep=1

[Thu Jan 28 13:46:06 2021]
Finished job 27.
3 of 47 steps (6%) done
Select jobs to execute...

[Thu Jan 28 13:46:06 2021]
rule run_indelible:
    input: indelible/4_control.txt
    output: indelible_output/4/cleaned_trees/4_tree_2.nwk, indelible_output/4/4_TRUE_2.fasta
    jobid: 10
    wildcards: taxon=4, rep=2

[Thu Jan 28 13:46:06 2021]
Finished job 10.
4 of 47 steps (9%) done
Select jobs to execute...

[Thu Jan 28 13:46:06 2021]
rule clean_fasta:
    input: indelible_output/8/8_TRUE_1.fasta
    output: indelible_output/8/cleaned_aln/8_TRUE_1.fasta
    jobid: 26
    wildcards: taxon=8, rep=1

[Thu Jan 28 13:46:07 2021]
Finished job 26.
5 of 47 steps (11%) done
Select jobs to execute...

[Thu Jan 28 13:46:07 2021]
rule run_grasp:
    input: indelible_output/8/cleaned_aln/8_TRUE_1.fasta, indelible_output/8/cleaned_trees/8_tree_1.nwk
    output: grasp_results/8/ancestors/SICP/8_output_1/8_output_1, grasp_results/8/ancestors/SICP/8_output_1/8_output_1.fasta, grasp_results/8/ancestors/SICP/8_output_1/8_output_1.nwk
    jobid: 36
    wildcards: taxon=8, method=SICP/8_output_1, rep=1

RuleException in line 43 of /Users/gabefoley/Dropbox/PhD/20210121_Indel_Evaluation_Project/Indel_Evaluation_Snakemake/Snakefile:
NameError: The name 'method' is unknown in this context. Did you mean 'wildcards.method'?
  File "/Users/gabefoley/miniconda3_latest/envs/indel_snakemake/lib/python3.9/site-packages/snakemake/executors/__init__.py", line 136, in run_jobs
  File "/Users/gabefoley/miniconda3_latest/envs/indel_snakemake/lib/python3.9/site-packages/snakemake/executors/__init__.py", line 441, in run
  File "/Users/gabefoley/miniconda3_latest/envs/indel_snakemake/lib/python3.9/site-packages/snakemake/executors/__init__.py", line 230, in _run
  File "/Users/gabefoley/miniconda3_latest/envs/indel_snakemake/lib/python3.9/site-packages/snakemake/executors/__init__.py", line 156, in _run
  File "/Users/gabefoley/miniconda3_latest/envs/indel_snakemake/lib/python3.9/site-packages/snakemake/executors/__init__.py", line 162, in printjob
