Building DAG of jobs...
Using shell: /bin/bash
Provided cores: 1 (use --cores to define parallelism)
Rules claiming more threads will be scaled down.
Job counts:
	count	jobs
	6	clean_indelible
	1	compile_latex
	12	concat_fasta
	6	concat_indelible
	1	concat_indelible_summaries
	2	concat_summaries
	1	create_control_files
	1	generate_latex
	1	generate_output_dict
	6	get_indelible_dict
	12	run_grasp
	6	run_indelible
	6	summarise_indelible
	12	summarise_indels
	73
Select jobs to execute...

[Thu Feb 18 13:02:45 2021]
rule create_control_files:
    output: indelible/4_control.txt
    jobid: 8
    wildcards: taxon=4

[Thu Feb 18 13:02:45 2021]
Finished job 8.
1 of 73 steps (1%) done
Select jobs to execute...

[Thu Feb 18 13:02:45 2021]
rule run_indelible:
    input: indelible/4_control.txt
    output: indelible_output/4/trees/6.nwk, indelible_output/4/4_TRUE_6.fasta, indelible_output/4/4_ANCESTRAL_6.fasta, indelible_output/4/N0_trees/6.nwk
    jobid: 43
    wildcards: taxon=4, rep=6

[Thu Feb 18 13:02:47 2021]
Finished job 43.
2 of 73 steps (3%) done
Select jobs to execute...

[Thu Feb 18 13:02:47 2021]
rule run_indelible:
    input: indelible/4_control.txt
    output: indelible_output/4/trees/1.nwk, indelible_output/4/4_TRUE_1.fasta, indelible_output/4/4_ANCESTRAL_1.fasta, indelible_output/4/N0_trees/1.nwk
    jobid: 7
    wildcards: taxon=4, rep=1

Warning: the following output files of rule run_indelible were not present when the DAG was created:
{'indelible_output/4/N0_trees/1.nwk', 'indelible_output/4/4_TRUE_1.fasta', 'indelible_output/4/4_ANCESTRAL_1.fasta'}
[Thu Feb 18 13:02:48 2021]
Finished job 7.
3 of 73 steps (4%) done
Select jobs to execute...

[Thu Feb 18 13:02:48 2021]
rule run_indelible:
    input: indelible/4_control.txt
    output: indelible_output/4/trees/3.nwk, indelible_output/4/4_TRUE_3.fasta, indelible_output/4/4_ANCESTRAL_3.fasta, indelible_output/4/N0_trees/3.nwk
    jobid: 22
    wildcards: taxon=4, rep=3

Warning: the following output files of rule run_indelible were not present when the DAG was created:
{'indelible_output/4/4_TRUE_3.fasta', 'indelible_output/4/4_ANCESTRAL_3.fasta', 'indelible_output/4/N0_trees/3.nwk'}
[Thu Feb 18 13:02:49 2021]
Finished job 22.
4 of 73 steps (5%) done
Select jobs to execute...

[Thu Feb 18 13:02:49 2021]
rule run_indelible:
    input: indelible/4_control.txt
    output: indelible_output/4/trees/2.nwk, indelible_output/4/4_TRUE_2.fasta, indelible_output/4/4_ANCESTRAL_2.fasta, indelible_output/4/N0_trees/2.nwk
    jobid: 15
    wildcards: taxon=4, rep=2

Warning: the following output files of rule run_indelible were not present when the DAG was created:
{'indelible_output/4/4_ANCESTRAL_2.fasta', 'indelible_output/4/N0_trees/2.nwk', 'indelible_output/4/4_TRUE_2.fasta'}
[Thu Feb 18 13:02:51 2021]
Finished job 15.
5 of 73 steps (7%) done
Select jobs to execute...

[Thu Feb 18 13:02:51 2021]
rule concat_indelible:
    input: indelible_output/4/4_TRUE_2.fasta, indelible_output/4/4_ANCESTRAL_2.fasta
    output: indelible_output/4/concatenated/4_2.fasta
    jobid: 16
    wildcards: taxon=4, rep=2

[Thu Feb 18 13:02:51 2021]
Finished job 16.
6 of 73 steps (8%) done
Select jobs to execute...

[Thu Feb 18 13:02:51 2021]
rule clean_indelible:
    input: indelible_output/4/N0_trees/2.nwk, indelible_output/4/concatenated/4_2.fasta
    output: indelible_output/4/cleaned_aln/2.fasta, indelible_output/4/concatenated/2.fasta, indelible_output/4/cleaned_trees/2.nwk, indelible_output/4/cleaned_N0_trees/2.nwk, indelible_output/4/cleaned_no_internal_trees/2.nwk
    jobid: 14
    wildcards: taxon=4, rep=2

[Thu Feb 18 13:02:52 2021]
Finished job 14.
7 of 73 steps (10%) done
Select jobs to execute...

[Thu Feb 18 13:02:52 2021]
rule run_grasp:
    input: indelible_output/4/cleaned_aln/2.fasta, indelible_output/4/cleaned_N0_trees/2.nwk
    output: grasp_results/4/SICML/2, grasp_results/4/SICML/2/GRASP_ancestors.fasta, grasp_results/4/SICML/2/GRASP_ancestors.nwk
    jobid: 13
    wildcards: taxon=4, method=SICML, rep=2

[Thu Feb 18 13:02:53 2021]
Finished job 13.
8 of 73 steps (11%) done
Select jobs to execute...

[Thu Feb 18 13:02:53 2021]
rule concat_fasta:
    input: indelible_output/4/cleaned_aln/2.fasta, grasp_results/4/SICML/2/GRASP_ancestors.fasta
    output: grasp_results/concatenated/4/SICML/2/GRASP_ancestors.fasta
    jobid: 17
    wildcards: taxon=4, method=SICML, rep=2

[Thu Feb 18 13:02:53 2021]
Finished job 17.
9 of 73 steps (12%) done
Select jobs to execute...

[Thu Feb 18 13:02:53 2021]
rule run_grasp:
    input: indelible_output/4/cleaned_aln/2.fasta, indelible_output/4/cleaned_N0_trees/2.nwk
    output: grasp_results/4/BEP/2, grasp_results/4/BEP/2/GRASP_ancestors.fasta, grasp_results/4/BEP/2/GRASP_ancestors.nwk
    jobid: 52
    wildcards: taxon=4, method=BEP, rep=2

[Thu Feb 18 13:02:54 2021]
Finished job 52.
10 of 73 steps (14%) done
Select jobs to execute...

[Thu Feb 18 13:02:54 2021]
rule concat_fasta:
    input: indelible_output/4/cleaned_aln/2.fasta, grasp_results/4/BEP/2/GRASP_ancestors.fasta
    output: grasp_results/concatenated/4/BEP/2/GRASP_ancestors.fasta
    jobid: 53
    wildcards: taxon=4, method=BEP, rep=2

[Thu Feb 18 13:02:54 2021]
Finished job 53.
11 of 73 steps (15%) done
Select jobs to execute...

[Thu Feb 18 13:02:54 2021]
rule get_indelible_dict:
    input: indelible_output/4/concatenated/2.fasta, indelible_output/4/cleaned_N0_trees/2.nwk
    output: indelible_dicts/4/leaves_2.p, indelible_dicts/4/gaps_2.p
    jobid: 18
    wildcards: taxon=4, rep=2

[Thu Feb 18 13:02:55 2021]
Finished job 18.
12 of 73 steps (16%) done
Select jobs to execute...

[Thu Feb 18 13:02:55 2021]
rule summarise_indels:
    input: grasp_results/4/BEP/2/GRASP_ancestors.nwk, grasp_results/concatenated/4/BEP/2/GRASP_ancestors.fasta, indelible_output/4/cleaned_N0_trees/2.nwk, indelible_output/4/concatenated/2.fasta, indelible_dicts/4/leaves_2.p, indelible_dicts/4/gaps_2.p
    output: summaries/4/BEP/2.csv
    jobid: 51
    wildcards: taxon=4, method=BEP, rep=2

[Thu Feb 18 13:02:56 2021]
Finished job 51.
13 of 73 steps (18%) done
Select jobs to execute...

[Thu Feb 18 13:02:56 2021]
rule summarise_indelible:
    input: indelible_output/4/cleaned_N0_trees/2.nwk, indelible_output/4/concatenated/2.fasta, indelible_output/4/cleaned_N0_trees/2.nwk, indelible_output/4/concatenated/2.fasta, indelible_dicts/4/leaves_2.p, indelible_dicts/4/gaps_2.p
    output: indelible_summaries/4/2.csv
    jobid: 68
    wildcards: taxon=4, rep=2

[Thu Feb 18 13:02:56 2021]
Finished job 68.
14 of 73 steps (19%) done
Select jobs to execute...

[Thu Feb 18 13:02:56 2021]
rule summarise_indels:
    input: grasp_results/4/SICML/2/GRASP_ancestors.nwk, grasp_results/concatenated/4/SICML/2/GRASP_ancestors.fasta, indelible_output/4/cleaned_N0_trees/2.nwk, indelible_output/4/concatenated/2.fasta, indelible_dicts/4/leaves_2.p, indelible_dicts/4/gaps_2.p
    output: summaries/4/SICML/2.csv
    jobid: 12
    wildcards: taxon=4, method=SICML, rep=2

[Thu Feb 18 13:02:57 2021]
Finished job 12.
15 of 73 steps (21%) done
Select jobs to execute...

[Thu Feb 18 13:02:57 2021]
rule concat_indelible:
    input: indelible_output/4/4_TRUE_1.fasta, indelible_output/4/4_ANCESTRAL_1.fasta
    output: indelible_output/4/concatenated/4_1.fasta
    jobid: 9
    wildcards: taxon=4, rep=1

[Thu Feb 18 13:02:57 2021]
Finished job 9.
16 of 73 steps (22%) done
Select jobs to execute...

[Thu Feb 18 13:02:57 2021]
rule concat_indelible:
    input: indelible_output/4/4_TRUE_3.fasta, indelible_output/4/4_ANCESTRAL_3.fasta
    output: indelible_output/4/concatenated/4_3.fasta
    jobid: 23
    wildcards: taxon=4, rep=3

[Thu Feb 18 13:02:57 2021]
Finished job 23.
17 of 73 steps (23%) done
Select jobs to execute...

[Thu Feb 18 13:02:57 2021]
rule run_indelible:
    input: indelible/4_control.txt
    output: indelible_output/4/trees/5.nwk, indelible_output/4/4_TRUE_5.fasta, indelible_output/4/4_ANCESTRAL_5.fasta, indelible_output/4/N0_trees/5.nwk
    jobid: 36
    wildcards: taxon=4, rep=5

Warning: the following output files of rule run_indelible were not present when the DAG was created:
{'indelible_output/4/4_TRUE_5.fasta', 'indelible_output/4/N0_trees/5.nwk', 'indelible_output/4/4_ANCESTRAL_5.fasta'}
[Thu Feb 18 13:02:59 2021]
Finished job 36.
18 of 73 steps (25%) done
Select jobs to execute...

[Thu Feb 18 13:02:59 2021]
rule concat_indelible:
    input: indelible_output/4/4_TRUE_5.fasta, indelible_output/4/4_ANCESTRAL_5.fasta
    output: indelible_output/4/concatenated/4_5.fasta
    jobid: 37
    wildcards: taxon=4, rep=5

[Thu Feb 18 13:02:59 2021]
Finished job 37.
19 of 73 steps (26%) done
Select jobs to execute...

[Thu Feb 18 13:02:59 2021]
rule clean_indelible:
    input: indelible_output/4/N0_trees/5.nwk, indelible_output/4/concatenated/4_5.fasta
    output: indelible_output/4/cleaned_aln/5.fasta, indelible_output/4/concatenated/5.fasta, indelible_output/4/cleaned_trees/5.nwk, indelible_output/4/cleaned_N0_trees/5.nwk, indelible_output/4/cleaned_no_internal_trees/5.nwk
    jobid: 35
    wildcards: taxon=4, rep=5

[Thu Feb 18 13:03:00 2021]
Finished job 35.
20 of 73 steps (27%) done
Select jobs to execute...

[Thu Feb 18 13:03:00 2021]
rule run_grasp:
    input: indelible_output/4/cleaned_aln/5.fasta, indelible_output/4/cleaned_N0_trees/5.nwk
    output: grasp_results/4/SICML/5, grasp_results/4/SICML/5/GRASP_ancestors.fasta, grasp_results/4/SICML/5/GRASP_ancestors.nwk
    jobid: 34
    wildcards: taxon=4, method=SICML, rep=5

[Thu Feb 18 13:03:01 2021]
Finished job 34.
21 of 73 steps (29%) done
Select jobs to execute...

[Thu Feb 18 13:03:01 2021]
rule concat_fasta:
    input: indelible_output/4/cleaned_aln/5.fasta, grasp_results/4/SICML/5/GRASP_ancestors.fasta
    output: grasp_results/concatenated/4/SICML/5/GRASP_ancestors.fasta
    jobid: 38
    wildcards: taxon=4, method=SICML, rep=5

[Thu Feb 18 13:03:01 2021]
Finished job 38.
22 of 73 steps (30%) done
Select jobs to execute...

[Thu Feb 18 13:03:01 2021]
rule run_grasp:
    input: indelible_output/4/cleaned_aln/5.fasta, indelible_output/4/cleaned_N0_trees/5.nwk
    output: grasp_results/4/BEP/5, grasp_results/4/BEP/5/GRASP_ancestors.fasta, grasp_results/4/BEP/5/GRASP_ancestors.nwk
    jobid: 61
    wildcards: taxon=4, method=BEP, rep=5

[Thu Feb 18 13:03:01 2021]
Finished job 61.
23 of 73 steps (32%) done
Select jobs to execute...

[Thu Feb 18 13:03:01 2021]
rule concat_fasta:
    input: indelible_output/4/cleaned_aln/5.fasta, grasp_results/4/BEP/5/GRASP_ancestors.fasta
    output: grasp_results/concatenated/4/BEP/5/GRASP_ancestors.fasta
    jobid: 62
    wildcards: taxon=4, method=BEP, rep=5

[Thu Feb 18 13:03:01 2021]
Finished job 62.
24 of 73 steps (33%) done
Select jobs to execute...

[Thu Feb 18 13:03:01 2021]
rule clean_indelible:
    input: indelible_output/4/N0_trees/1.nwk, indelible_output/4/concatenated/4_1.fasta
    output: indelible_output/4/cleaned_aln/1.fasta, indelible_output/4/concatenated/1.fasta, indelible_output/4/cleaned_trees/1.nwk, indelible_output/4/cleaned_N0_trees/1.nwk, indelible_output/4/cleaned_no_internal_trees/1.nwk
    jobid: 6
    wildcards: taxon=4, rep=1

[Thu Feb 18 13:03:02 2021]
Finished job 6.
25 of 73 steps (34%) done
Select jobs to execute...

[Thu Feb 18 13:03:02 2021]
rule run_grasp:
    input: indelible_output/4/cleaned_aln/1.fasta, indelible_output/4/cleaned_N0_trees/1.nwk
    output: grasp_results/4/BEP/1, grasp_results/4/BEP/1/GRASP_ancestors.fasta, grasp_results/4/BEP/1/GRASP_ancestors.nwk
    jobid: 49
    wildcards: taxon=4, method=BEP, rep=1

[Thu Feb 18 13:03:03 2021]
Finished job 49.
26 of 73 steps (36%) done
Select jobs to execute...

[Thu Feb 18 13:03:03 2021]
rule concat_fasta:
    input: indelible_output/4/cleaned_aln/1.fasta, grasp_results/4/BEP/1/GRASP_ancestors.fasta
    output: grasp_results/concatenated/4/BEP/1/GRASP_ancestors.fasta
    jobid: 50
    wildcards: taxon=4, method=BEP, rep=1

[Thu Feb 18 13:03:03 2021]
Finished job 50.
27 of 73 steps (37%) done
Select jobs to execute...

[Thu Feb 18 13:03:03 2021]
rule get_indelible_dict:
    input: indelible_output/4/concatenated/1.fasta, indelible_output/4/cleaned_N0_trees/1.nwk
    output: indelible_dicts/4/leaves_1.p, indelible_dicts/4/gaps_1.p
    jobid: 11
    wildcards: taxon=4, rep=1

[Thu Feb 18 13:03:04 2021]
Finished job 11.
28 of 73 steps (38%) done
Select jobs to execute...

[Thu Feb 18 13:03:04 2021]
rule summarise_indelible:
    input: indelible_output/4/cleaned_N0_trees/1.nwk, indelible_output/4/concatenated/1.fasta, indelible_output/4/cleaned_N0_trees/1.nwk, indelible_output/4/concatenated/1.fasta, indelible_dicts/4/leaves_1.p, indelible_dicts/4/gaps_1.p
    output: indelible_summaries/4/1.csv
    jobid: 67
    wildcards: taxon=4, rep=1

[Thu Feb 18 13:03:05 2021]
Finished job 67.
29 of 73 steps (40%) done
Select jobs to execute...

[Thu Feb 18 13:03:05 2021]
rule summarise_indels:
    input: grasp_results/4/BEP/1/GRASP_ancestors.nwk, grasp_results/concatenated/4/BEP/1/GRASP_ancestors.fasta, indelible_output/4/cleaned_N0_trees/1.nwk, indelible_output/4/concatenated/1.fasta, indelible_dicts/4/leaves_1.p, indelible_dicts/4/gaps_1.p
    output: summaries/4/BEP/1.csv
    jobid: 48
    wildcards: taxon=4, method=BEP, rep=1

[Thu Feb 18 13:03:06 2021]
Finished job 48.
30 of 73 steps (41%) done
Select jobs to execute...

[Thu Feb 18 13:03:06 2021]
rule clean_indelible:
    input: indelible_output/4/N0_trees/3.nwk, indelible_output/4/concatenated/4_3.fasta
    output: indelible_output/4/cleaned_aln/3.fasta, indelible_output/4/concatenated/3.fasta, indelible_output/4/cleaned_trees/3.nwk, indelible_output/4/cleaned_N0_trees/3.nwk, indelible_output/4/cleaned_no_internal_trees/3.nwk
    jobid: 21
    wildcards: taxon=4, rep=3

[Thu Feb 18 13:03:07 2021]
Finished job 21.
31 of 73 steps (42%) done
Select jobs to execute...

[Thu Feb 18 13:03:07 2021]
rule get_indelible_dict:
    input: indelible_output/4/concatenated/3.fasta, indelible_output/4/cleaned_N0_trees/3.nwk
    output: indelible_dicts/4/leaves_3.p, indelible_dicts/4/gaps_3.p
    jobid: 25
    wildcards: taxon=4, rep=3

[Thu Feb 18 13:03:08 2021]
Finished job 25.
32 of 73 steps (44%) done
Select jobs to execute...

[Thu Feb 18 13:03:08 2021]
rule summarise_indelible:
    input: indelible_output/4/cleaned_N0_trees/3.nwk, indelible_output/4/concatenated/3.fasta, indelible_output/4/cleaned_N0_trees/3.nwk, indelible_output/4/concatenated/3.fasta, indelible_dicts/4/leaves_3.p, indelible_dicts/4/gaps_3.p
    output: indelible_summaries/4/3.csv
    jobid: 69
    wildcards: taxon=4, rep=3

[Thu Feb 18 13:03:09 2021]
Finished job 69.
33 of 73 steps (45%) done
Select jobs to execute...

[Thu Feb 18 13:03:09 2021]
rule run_grasp:
    input: indelible_output/4/cleaned_aln/3.fasta, indelible_output/4/cleaned_N0_trees/3.nwk
    output: grasp_results/4/BEP/3, grasp_results/4/BEP/3/GRASP_ancestors.fasta, grasp_results/4/BEP/3/GRASP_ancestors.nwk
    jobid: 55
    wildcards: taxon=4, method=BEP, rep=3

[Thu Feb 18 13:03:10 2021]
Finished job 55.
34 of 73 steps (47%) done
Select jobs to execute...

[Thu Feb 18 13:03:10 2021]
rule concat_fasta:
    input: indelible_output/4/cleaned_aln/3.fasta, grasp_results/4/BEP/3/GRASP_ancestors.fasta
    output: grasp_results/concatenated/4/BEP/3/GRASP_ancestors.fasta
    jobid: 56
    wildcards: taxon=4, method=BEP, rep=3

[Thu Feb 18 13:03:10 2021]
Finished job 56.
35 of 73 steps (48%) done
Select jobs to execute...

[Thu Feb 18 13:03:10 2021]
rule summarise_indels:
    input: grasp_results/4/BEP/3/GRASP_ancestors.nwk, grasp_results/concatenated/4/BEP/3/GRASP_ancestors.fasta, indelible_output/4/cleaned_N0_trees/3.nwk, indelible_output/4/concatenated/3.fasta, indelible_dicts/4/leaves_3.p, indelible_dicts/4/gaps_3.p
    output: summaries/4/BEP/3.csv
    jobid: 54
    wildcards: taxon=4, method=BEP, rep=3

[Thu Feb 18 13:03:11 2021]
Finished job 54.
36 of 73 steps (49%) done
Select jobs to execute...

[Thu Feb 18 13:03:11 2021]
rule run_grasp:
    input: indelible_output/4/cleaned_aln/3.fasta, indelible_output/4/cleaned_N0_trees/3.nwk
    output: grasp_results/4/SICML/3, grasp_results/4/SICML/3/GRASP_ancestors.fasta, grasp_results/4/SICML/3/GRASP_ancestors.nwk
    jobid: 20
    wildcards: taxon=4, method=SICML, rep=3

[Thu Feb 18 13:03:11 2021]
Finished job 20.
37 of 73 steps (51%) done
Select jobs to execute...

[Thu Feb 18 13:03:11 2021]
rule concat_fasta:
    input: indelible_output/4/cleaned_aln/3.fasta, grasp_results/4/SICML/3/GRASP_ancestors.fasta
    output: grasp_results/concatenated/4/SICML/3/GRASP_ancestors.fasta
    jobid: 24
    wildcards: taxon=4, method=SICML, rep=3

[Thu Feb 18 13:03:12 2021]
Finished job 24.
38 of 73 steps (52%) done
Select jobs to execute...

[Thu Feb 18 13:03:12 2021]
rule summarise_indels:
    input: grasp_results/4/SICML/3/GRASP_ancestors.nwk, grasp_results/concatenated/4/SICML/3/GRASP_ancestors.fasta, indelible_output/4/cleaned_N0_trees/3.nwk, indelible_output/4/concatenated/3.fasta, indelible_dicts/4/leaves_3.p, indelible_dicts/4/gaps_3.p
    output: summaries/4/SICML/3.csv
    jobid: 19
    wildcards: taxon=4, method=SICML, rep=3

Terminating processes on user request, this might take some time.
[Thu Feb 18 13:03:12 2021]
Error in rule summarise_indels:
    jobid: 19
    output: summaries/4/SICML/3.csv

RuleException:
CalledProcessError in line 157 of /Users/gabefoley/Dropbox/PhD/20210121_Indel_Evaluation_Project/Indel_Evaluation_Snakemake/Snakefile:
Command 'set -euo pipefail;  /Users/gabefoley/miniconda3_latest/envs/indel_snakemake/bin/python3.9 /Users/gabefoley/Dropbox/PhD/20210121_Indel_Evaluation_Project/Indel_Evaluation_Snakemake/.snakemake/scripts/tmp3i60ac66.summarise_indels.py' died with <Signals.SIGINT: 2>.
  File "/Users/gabefoley/miniconda3_latest/envs/indel_snakemake/lib/python3.9/site-packages/snakemake/executors/__init__.py", line 2319, in run_wrapper
  File "/Users/gabefoley/Dropbox/PhD/20210121_Indel_Evaluation_Project/Indel_Evaluation_Snakemake/Snakefile", line 157, in __rule_summarise_indels
  File "/Users/gabefoley/miniconda3_latest/envs/indel_snakemake/lib/python3.9/site-packages/snakemake/executors/__init__.py", line 568, in _callback
  File "/Users/gabefoley/miniconda3_latest/envs/indel_snakemake/lib/python3.9/concurrent/futures/thread.py", line 52, in run
  File "/Users/gabefoley/miniconda3_latest/envs/indel_snakemake/lib/python3.9/site-packages/snakemake/executors/__init__.py", line 554, in cached_or_run
  File "/Users/gabefoley/miniconda3_latest/envs/indel_snakemake/lib/python3.9/site-packages/snakemake/executors/__init__.py", line 2350, in run_wrapper
Complete log: /Users/gabefoley/Dropbox/PhD/20210121_Indel_Evaluation_Project/Indel_Evaluation_Snakemake/.snakemake/log/2021-02-18T130245.049829.snakemake.log
