Building DAG of jobs...
Using shell: /bin/bash
Provided cores: 1 (use --cores to define parallelism)
Rules claiming more threads will be scaled down.
Job counts:
	count	jobs
	2	clean_indelible
	1	compile_latex
	11	concat_fasta
	2	concat_indelible
	6	concat_summaries
	1	generate_latex
	2	get_indelible_dict
	8	run_grasp
	12	summarise_indels
	45
Select jobs to execute...

[Mon Feb  1 11:17:12 2021]
rule concat_indelible:
    input: indelible_output/6/6_TRUE_2.fasta, indelible_output/6/6_ANCESTRAL_2.fasta
    output: indelible_output/6/concatenated/6_2.fasta
    jobid: 15
    wildcards: taxon=6, rep=2

[Mon Feb  1 11:17:12 2021]
Finished job 15.
1 of 45 steps (2%) done
Select jobs to execute...

[Mon Feb  1 11:17:12 2021]
rule concat_indelible:
    input: indelible_output/8/8_TRUE_2.fasta, indelible_output/8/8_ANCESTRAL_2.fasta
    output: indelible_output/8/concatenated/8_2.fasta
    jobid: 45
    wildcards: taxon=8, rep=2

[Mon Feb  1 11:17:12 2021]
Finished job 45.
2 of 45 steps (4%) done
Select jobs to execute...

[Mon Feb  1 11:17:12 2021]
rule clean_indelible:
    input: indelible_output/8/N0_trees/2.nwk, indelible_output/8/concatenated/8_2.fasta
    output: indelible_output/8/cleaned_aln/2.fasta, indelible_output/8/concatenated/2.fasta, indelible_output/8/cleaned_N0_trees/2.nwk
    jobid: 43
    wildcards: taxon=8, rep=2

[Mon Feb  1 11:17:13 2021]
Finished job 43.
3 of 45 steps (7%) done
Select jobs to execute...

[Mon Feb  1 11:17:13 2021]
rule run_grasp:
    input: indelible_output/8/cleaned_aln/2.fasta, indelible_output/8/cleaned_N0_trees/2.nwk
    output: grasp_results/8/BEP/2, grasp_results/8/BEP/2/GRASP_ancestors.fasta, grasp_results/8/BEP/2/tree.nwk
    jobid: 42
    wildcards: taxon=8, method=BEP, rep=2

[Mon Feb  1 11:17:14 2021]
Finished job 42.
4 of 45 steps (9%) done
Select jobs to execute...

[Mon Feb  1 11:17:14 2021]
rule run_grasp:
    input: indelible_output/8/cleaned_aln/2.fasta, indelible_output/8/cleaned_N0_trees/2.nwk
    output: grasp_results/8/SICP/2, grasp_results/8/SICP/2/GRASP_ancestors.fasta, grasp_results/8/SICP/2/tree.nwk
    jobid: 53
    wildcards: taxon=8, method=SICP, rep=2

[Mon Feb  1 11:17:14 2021]
Finished job 53.
5 of 45 steps (11%) done
Select jobs to execute...

[Mon Feb  1 11:17:14 2021]
rule concat_fasta:
    input: indelible_output/8/cleaned_aln/2.fasta, grasp_results/8/SICP/2/GRASP_ancestors.fasta
    output: grasp_results/concatenated/8/SICP/2/GRASP_ancestors.fasta
    jobid: 54
    wildcards: taxon=8, method=SICP, rep=2

[Mon Feb  1 11:17:14 2021]
Finished job 54.
6 of 45 steps (13%) done
Select jobs to execute...

[Mon Feb  1 11:17:14 2021]
rule concat_fasta:
    input: indelible_output/8/cleaned_aln/2.fasta, grasp_results/8/BEP/2/GRASP_ancestors.fasta
    output: grasp_results/concatenated/8/BEP/2/GRASP_ancestors.fasta
    jobid: 46
    wildcards: taxon=8, method=BEP, rep=2

[Mon Feb  1 11:17:14 2021]
Finished job 46.
7 of 45 steps (16%) done
Select jobs to execute...

[Mon Feb  1 11:17:14 2021]
rule run_grasp:
    input: indelible_output/8/cleaned_aln/2.fasta, indelible_output/8/cleaned_N0_trees/2.nwk
    output: grasp_results/8/SICML/2, grasp_results/8/SICML/2/GRASP_ancestors.fasta, grasp_results/8/SICML/2/tree.nwk
    jobid: 60
    wildcards: taxon=8, method=SICML, rep=2

[Mon Feb  1 11:17:15 2021]
Finished job 60.
8 of 45 steps (18%) done
Select jobs to execute...

[Mon Feb  1 11:17:15 2021]
rule concat_fasta:
    input: indelible_output/8/cleaned_aln/2.fasta, grasp_results/8/SICML/2/GRASP_ancestors.fasta
    output: grasp_results/concatenated/8/SICML/2/GRASP_ancestors.fasta
    jobid: 61
    wildcards: taxon=8, method=SICML, rep=2

[Mon Feb  1 11:17:15 2021]
Finished job 61.
9 of 45 steps (20%) done
Select jobs to execute...

[Mon Feb  1 11:17:15 2021]
rule get_indelible_dict:
    input: indelible_output/8/concatenated/2.fasta, indelible_output/8/cleaned_N0_trees/2.nwk
    output: indelible_dicts/8/leaves_2.p, indelible_dicts/8/gaps_2.p
    jobid: 47
    wildcards: taxon=8, rep=2

[Mon Feb  1 11:17:16 2021]
Finished job 47.
10 of 45 steps (22%) done
Select jobs to execute...

[Mon Feb  1 11:17:16 2021]
rule summarise_indels:
    input: grasp_results/8/SICML/2/tree.nwk, grasp_results/concatenated/8/SICML/2/GRASP_ancestors.fasta, indelible_output/8/cleaned_N0_trees/2.nwk, indelible_output/8/concatenated/2.fasta, indelible_dicts/8/leaves_2.p, indelible_dicts/8/gaps_2.p
    output: summaries/8/SICML/2.csv
    jobid: 59
    wildcards: taxon=8, method=SICML, rep=2

[Mon Feb  1 11:17:17 2021]
Finished job 59.
11 of 45 steps (24%) done
Select jobs to execute...

[Mon Feb  1 11:17:17 2021]
rule clean_indelible:
    input: indelible_output/6/N0_trees/2.nwk, indelible_output/6/concatenated/6_2.fasta
    output: indelible_output/6/cleaned_aln/2.fasta, indelible_output/6/concatenated/2.fasta, indelible_output/6/cleaned_N0_trees/2.nwk
    jobid: 13
    wildcards: taxon=6, rep=2

[Mon Feb  1 11:17:18 2021]
Finished job 13.
12 of 45 steps (27%) done
Select jobs to execute...

[Mon Feb  1 11:17:18 2021]
rule get_indelible_dict:
    input: indelible_output/6/concatenated/2.fasta, indelible_output/6/cleaned_N0_trees/2.nwk
    output: indelible_dicts/6/leaves_2.p, indelible_dicts/6/gaps_2.p
    jobid: 17
    wildcards: taxon=6, rep=2

[Mon Feb  1 11:17:19 2021]
Finished job 17.
13 of 45 steps (29%) done
Select jobs to execute...

[Mon Feb  1 11:17:19 2021]
rule run_grasp:
    input: indelible_output/6/cleaned_aln/2.fasta, indelible_output/6/cleaned_N0_trees/2.nwk
    output: grasp_results/6/BEP/2, grasp_results/6/BEP/2/GRASP_ancestors.fasta, grasp_results/6/BEP/2/tree.nwk
    jobid: 12
    wildcards: taxon=6, method=BEP, rep=2

[Mon Feb  1 11:17:20 2021]
Finished job 12.
14 of 45 steps (31%) done
Select jobs to execute...

[Mon Feb  1 11:17:20 2021]
rule run_grasp:
    input: indelible_output/6/cleaned_aln/2.fasta, indelible_output/6/cleaned_N0_trees/2.nwk
    output: grasp_results/6/SICP/2, grasp_results/6/SICP/2/GRASP_ancestors.fasta, grasp_results/6/SICP/2/tree.nwk
    jobid: 23
    wildcards: taxon=6, method=SICP, rep=2

[Mon Feb  1 11:17:20 2021]
Finished job 23.
15 of 45 steps (33%) done
Select jobs to execute...

[Mon Feb  1 11:17:20 2021]
rule concat_fasta:
    input: indelible_output/6/cleaned_aln/2.fasta, grasp_results/6/SICP/2/GRASP_ancestors.fasta
    output: grasp_results/concatenated/6/SICP/2/GRASP_ancestors.fasta
    jobid: 24
    wildcards: taxon=6, method=SICP, rep=2

[Mon Feb  1 11:17:20 2021]
Finished job 24.
16 of 45 steps (36%) done
Select jobs to execute...

[Mon Feb  1 11:17:20 2021]
rule concat_fasta:
    input: indelible_output/8/cleaned_aln/1.fasta, grasp_results/8/SICML/1/GRASP_ancestors.fasta
    output: grasp_results/concatenated/8/SICML/1/GRASP_ancestors.fasta
    jobid: 58
    wildcards: taxon=8, method=SICML, rep=1

[Mon Feb  1 11:17:21 2021]
Finished job 58.
17 of 45 steps (38%) done
Select jobs to execute...

[Mon Feb  1 11:17:21 2021]
rule concat_fasta:
    input: indelible_output/6/cleaned_aln/1.fasta, grasp_results/6/SICML/1/GRASP_ancestors.fasta
    output: grasp_results/concatenated/6/SICML/1/GRASP_ancestors.fasta
    jobid: 28
    wildcards: taxon=6, method=SICML, rep=1

[Mon Feb  1 11:17:21 2021]
Finished job 28.
18 of 45 steps (40%) done
Select jobs to execute...

[Mon Feb  1 11:17:21 2021]
rule concat_fasta:
    input: indelible_output/6/cleaned_aln/1.fasta, grasp_results/6/SICP/1/GRASP_ancestors.fasta
    output: grasp_results/concatenated/6/SICP/1/GRASP_ancestors.fasta
    jobid: 21
    wildcards: taxon=6, method=SICP, rep=1

[Mon Feb  1 11:17:21 2021]
Finished job 21.
19 of 45 steps (42%) done
Select jobs to execute...

[Mon Feb  1 11:17:21 2021]
rule summarise_indels:
    input: grasp_results/6/SICP/1/tree.nwk, grasp_results/concatenated/6/SICP/1/GRASP_ancestors.fasta, indelible_output/6/cleaned_N0_trees/1.nwk, indelible_output/6/concatenated/1.fasta, indelible_dicts/6/leaves_1.p, indelible_dicts/6/gaps_1.p
    output: summaries/6/SICP/1.csv
    jobid: 19
    wildcards: taxon=6, method=SICP, rep=1

[Mon Feb  1 11:17:22 2021]
Finished job 19.
20 of 45 steps (44%) done
Select jobs to execute...

[Mon Feb  1 11:17:22 2021]
rule concat_fasta:
    input: indelible_output/6/cleaned_aln/2.fasta, grasp_results/6/BEP/2/GRASP_ancestors.fasta
    output: grasp_results/concatenated/6/BEP/2/GRASP_ancestors.fasta
    jobid: 16
    wildcards: taxon=6, method=BEP, rep=2

[Mon Feb  1 11:17:22 2021]
Finished job 16.
21 of 45 steps (47%) done
Select jobs to execute...

[Mon Feb  1 11:17:22 2021]
rule summarise_indels:
    input: grasp_results/6/BEP/2/tree.nwk, grasp_results/concatenated/6/BEP/2/GRASP_ancestors.fasta, indelible_output/6/cleaned_N0_trees/2.nwk, indelible_output/6/concatenated/2.fasta, indelible_dicts/6/leaves_2.p, indelible_dicts/6/gaps_2.p
    output: summaries/6/BEP/2.csv
    jobid: 11
    wildcards: taxon=6, method=BEP, rep=2

[Mon Feb  1 11:17:23 2021]
Finished job 11.
22 of 45 steps (49%) done
Select jobs to execute...

[Mon Feb  1 11:17:23 2021]
rule summarise_indels:
    input: grasp_results/6/SICML/1/tree.nwk, grasp_results/concatenated/6/SICML/1/GRASP_ancestors.fasta, indelible_output/6/cleaned_N0_trees/1.nwk, indelible_output/6/concatenated/1.fasta, indelible_dicts/6/leaves_1.p, indelible_dicts/6/gaps_1.p
    output: summaries/6/SICML/1.csv
    jobid: 26
    wildcards: taxon=6, method=SICML, rep=1

[Mon Feb  1 11:17:24 2021]
Finished job 26.
23 of 45 steps (51%) done
Select jobs to execute...

[Mon Feb  1 11:17:24 2021]
rule summarise_indels:
    input: grasp_results/8/SICML/1/tree.nwk, grasp_results/concatenated/8/SICML/1/GRASP_ancestors.fasta, indelible_output/8/cleaned_N0_trees/1.nwk, indelible_output/8/concatenated/1.fasta, indelible_dicts/8/leaves_1.p, indelible_dicts/8/gaps_1.p
    output: summaries/8/SICML/1.csv
    jobid: 56
    wildcards: taxon=8, method=SICML, rep=1

[Mon Feb  1 11:17:25 2021]
Finished job 56.
24 of 45 steps (53%) done
Select jobs to execute...

[Mon Feb  1 11:17:25 2021]
rule concat_summaries:
    input: summaries/8/SICML/1.csv, summaries/8/SICML/2.csv
    output: concatenated_summaries/8_SICML.csv
    jobid: 55
    wildcards: taxon=8, method=SICML

[Mon Feb  1 11:17:25 2021]
Finished job 55.
25 of 45 steps (56%) done
Select jobs to execute...

[Mon Feb  1 11:17:25 2021]
rule summarise_indels:
    input: grasp_results/6/SICP/2/tree.nwk, grasp_results/concatenated/6/SICP/2/GRASP_ancestors.fasta, indelible_output/6/cleaned_N0_trees/2.nwk, indelible_output/6/concatenated/2.fasta, indelible_dicts/6/leaves_2.p, indelible_dicts/6/gaps_2.p
    output: summaries/6/SICP/2.csv
    jobid: 22
    wildcards: taxon=6, method=SICP, rep=2

[Mon Feb  1 11:17:26 2021]
Finished job 22.
26 of 45 steps (58%) done
Select jobs to execute...

[Mon Feb  1 11:17:26 2021]
rule concat_summaries:
    input: summaries/6/SICP/1.csv, summaries/6/SICP/2.csv
    output: concatenated_summaries/6_SICP.csv
    jobid: 18
    wildcards: taxon=6, method=SICP

[Mon Feb  1 11:17:26 2021]
Finished job 18.
27 of 45 steps (60%) done
Select jobs to execute...

[Mon Feb  1 11:17:26 2021]
rule run_grasp:
    input: indelible_output/6/cleaned_aln/2.fasta, indelible_output/6/cleaned_N0_trees/2.nwk
    output: grasp_results/6/SICML/2, grasp_results/6/SICML/2/GRASP_ancestors.fasta, grasp_results/6/SICML/2/tree.nwk
    jobid: 30
    wildcards: taxon=6, method=SICML, rep=2

[Mon Feb  1 11:17:27 2021]
Finished job 30.
28 of 45 steps (62%) done
Select jobs to execute...

[Mon Feb  1 11:17:27 2021]
rule concat_fasta:
    input: indelible_output/6/cleaned_aln/2.fasta, grasp_results/6/SICML/2/GRASP_ancestors.fasta
    output: grasp_results/concatenated/6/SICML/2/GRASP_ancestors.fasta
    jobid: 31
    wildcards: taxon=6, method=SICML, rep=2

[Mon Feb  1 11:17:27 2021]
Finished job 31.
29 of 45 steps (64%) done
Select jobs to execute...

[Mon Feb  1 11:17:27 2021]
rule summarise_indels:
    input: grasp_results/6/SICML/2/tree.nwk, grasp_results/concatenated/6/SICML/2/GRASP_ancestors.fasta, indelible_output/6/cleaned_N0_trees/2.nwk, indelible_output/6/concatenated/2.fasta, indelible_dicts/6/leaves_2.p, indelible_dicts/6/gaps_2.p
    output: summaries/6/SICML/2.csv
    jobid: 29
    wildcards: taxon=6, method=SICML, rep=2

[Mon Feb  1 11:17:28 2021]
Finished job 29.
30 of 45 steps (67%) done
Select jobs to execute...

[Mon Feb  1 11:17:28 2021]
rule concat_summaries:
    input: summaries/6/SICML/1.csv, summaries/6/SICML/2.csv
    output: concatenated_summaries/6_SICML.csv
    jobid: 25
    wildcards: taxon=6, method=SICML

[Mon Feb  1 11:17:28 2021]
Finished job 25.
31 of 45 steps (69%) done
Select jobs to execute...

[Mon Feb  1 11:17:28 2021]
rule summarise_indels:
    input: grasp_results/8/BEP/2/tree.nwk, grasp_results/concatenated/8/BEP/2/GRASP_ancestors.fasta, indelible_output/8/cleaned_N0_trees/2.nwk, indelible_output/8/concatenated/2.fasta, indelible_dicts/8/leaves_2.p, indelible_dicts/8/gaps_2.p
    output: summaries/8/BEP/2.csv
    jobid: 41
    wildcards: taxon=8, method=BEP, rep=2

[Mon Feb  1 11:17:29 2021]
Finished job 41.
32 of 45 steps (71%) done
Select jobs to execute...

[Mon Feb  1 11:17:29 2021]
rule run_grasp:
    input: indelible_output/8/cleaned_aln/1.fasta, indelible_output/8/cleaned_N0_trees/1.nwk
    output: grasp_results/8/BEP/1, grasp_results/8/BEP/1/GRASP_ancestors.fasta, grasp_results/8/BEP/1/tree.nwk
    jobid: 34
    wildcards: taxon=8, method=BEP, rep=1

[Mon Feb  1 11:17:29 2021]
Finished job 34.
33 of 45 steps (73%) done
Select jobs to execute...

[Mon Feb  1 11:17:29 2021]
rule summarise_indels:
    input: grasp_results/8/SICP/2/tree.nwk, grasp_results/concatenated/8/SICP/2/GRASP_ancestors.fasta, indelible_output/8/cleaned_N0_trees/2.nwk, indelible_output/8/concatenated/2.fasta, indelible_dicts/8/leaves_2.p, indelible_dicts/8/gaps_2.p
    output: summaries/8/SICP/2.csv
    jobid: 52
    wildcards: taxon=8, method=SICP, rep=2

[Mon Feb  1 11:17:30 2021]
Finished job 52.
34 of 45 steps (76%) done
Select jobs to execute...

[Mon Feb  1 11:17:30 2021]
rule run_grasp:
    input: indelible_output/6/cleaned_aln/1.fasta, indelible_output/6/cleaned_N0_trees/1.nwk
    output: grasp_results/6/BEP/1, grasp_results/6/BEP/1/GRASP_ancestors.fasta, grasp_results/6/BEP/1/tree.nwk
    jobid: 4
    wildcards: taxon=6, method=BEP, rep=1

[Mon Feb  1 11:17:30 2021]
Finished job 4.
35 of 45 steps (78%) done
Select jobs to execute...

[Mon Feb  1 11:17:30 2021]
rule concat_fasta:
    input: indelible_output/6/cleaned_aln/1.fasta, grasp_results/6/BEP/1/GRASP_ancestors.fasta
    output: grasp_results/concatenated/6/BEP/1/GRASP_ancestors.fasta
    jobid: 9
    wildcards: taxon=6, method=BEP, rep=1

[Mon Feb  1 11:17:31 2021]
Finished job 9.
36 of 45 steps (80%) done
Select jobs to execute...

[Mon Feb  1 11:17:31 2021]
rule summarise_indels:
    input: grasp_results/8/SICP/1/tree.nwk, grasp_results/concatenated/8/SICP/1/GRASP_ancestors.fasta, indelible_output/8/cleaned_N0_trees/1.nwk, indelible_output/8/concatenated/1.fasta, indelible_dicts/8/leaves_1.p, indelible_dicts/8/gaps_1.p
    output: summaries/8/SICP/1.csv
    jobid: 49
    wildcards: taxon=8, method=SICP, rep=1

[Mon Feb  1 11:17:32 2021]
Finished job 49.
37 of 45 steps (82%) done
Select jobs to execute...

[Mon Feb  1 11:17:32 2021]
rule concat_summaries:
    input: summaries/8/SICP/1.csv, summaries/8/SICP/2.csv
    output: concatenated_summaries/8_SICP.csv
    jobid: 48
    wildcards: taxon=8, method=SICP

[Mon Feb  1 11:17:32 2021]
Finished job 48.
38 of 45 steps (84%) done
Select jobs to execute...

[Mon Feb  1 11:17:32 2021]
rule summarise_indels:
    input: grasp_results/6/BEP/1/tree.nwk, grasp_results/concatenated/6/BEP/1/GRASP_ancestors.fasta, indelible_output/6/cleaned_N0_trees/1.nwk, indelible_output/6/concatenated/1.fasta, indelible_dicts/6/leaves_1.p, indelible_dicts/6/gaps_1.p
    output: summaries/6/BEP/1.csv
    jobid: 3
    wildcards: taxon=6, method=BEP, rep=1

[Mon Feb  1 11:17:33 2021]
Finished job 3.
39 of 45 steps (87%) done
Select jobs to execute...

[Mon Feb  1 11:17:33 2021]
rule concat_summaries:
    input: summaries/6/BEP/1.csv, summaries/6/BEP/2.csv
    output: concatenated_summaries/6_BEP.csv
    jobid: 2
    wildcards: taxon=6, method=BEP

[Mon Feb  1 11:17:33 2021]
Finished job 2.
40 of 45 steps (89%) done
Select jobs to execute...

[Mon Feb  1 11:17:33 2021]
rule concat_fasta:
    input: indelible_output/8/cleaned_aln/1.fasta, grasp_results/8/BEP/1/GRASP_ancestors.fasta
    output: grasp_results/concatenated/8/BEP/1/GRASP_ancestors.fasta
    jobid: 39
    wildcards: taxon=8, method=BEP, rep=1

[Mon Feb  1 11:17:33 2021]
Finished job 39.
41 of 45 steps (91%) done
Select jobs to execute...

[Mon Feb  1 11:17:33 2021]
rule summarise_indels:
    input: grasp_results/8/BEP/1/tree.nwk, grasp_results/concatenated/8/BEP/1/GRASP_ancestors.fasta, indelible_output/8/cleaned_N0_trees/1.nwk, indelible_output/8/concatenated/1.fasta, indelible_dicts/8/leaves_1.p, indelible_dicts/8/gaps_1.p
    output: summaries/8/BEP/1.csv
    jobid: 33
    wildcards: taxon=8, method=BEP, rep=1

[Mon Feb  1 11:17:34 2021]
Finished job 33.
42 of 45 steps (93%) done
Select jobs to execute...

[Mon Feb  1 11:17:34 2021]
rule concat_summaries:
    input: summaries/8/BEP/1.csv, summaries/8/BEP/2.csv
    output: concatenated_summaries/8_BEP.csv
    jobid: 32
    wildcards: taxon=8, method=BEP

[Mon Feb  1 11:17:34 2021]
Finished job 32.
43 of 45 steps (96%) done
Select jobs to execute...

[Mon Feb  1 11:17:34 2021]
rule generate_latex:
    input: concatenated_summaries/6_BEP.csv, concatenated_summaries/6_SICP.csv, concatenated_summaries/6_SICML.csv, concatenated_summaries/8_BEP.csv, concatenated_summaries/8_SICP.csv, concatenated_summaries/8_SICML.csv
    output: plots/plot.tex
    jobid: 1

[Mon Feb  1 11:17:35 2021]
Finished job 1.
44 of 45 steps (98%) done
Select jobs to execute...

[Mon Feb  1 11:17:35 2021]
rule compile_latex:
    input: plots/plot.tex
    output: plots/plot.pdf
    jobid: 0

[Mon Feb  1 11:17:36 2021]
Finished job 0.
45 of 45 steps (100%) done
Complete log: /Users/gabefoley/Dropbox/PhD/20210121_Indel_Evaluation_Project/Indel_Evaluation_Snakemake/.snakemake/log/2021-02-01T111712.262710.snakemake.log
