Building DAG of jobs...
Using shell: /bin/bash
Provided cores: 1 (use --cores to define parallelism)
Rules claiming more threads will be scaled down.
Job counts:
	count	jobs
	4	concat_fasta
	3	concat_summaries
	1	create_plots
	2	run_grasp
	6	summarise_indels
	16
Select jobs to execute...

[Mon Feb  1 09:35:12 2021]
rule summarise_indels:
    input: grasp_results/6/SICML/1/tree.nwk, grasp_results/concatenated/6/SICML/1/GRASP_ancestors.fasta, indelible_output/6/cleaned_N0_trees/1.nwk, indelible_output/6/concatenated/1.fasta, indelible_dicts/6/leaves_1.p, indelible_dicts/6/gaps_1.p
    output: summaries/6/SICML/1.csv
    jobid: 25
    wildcards: taxon=6, method=SICML, rep=1

[Mon Feb  1 09:35:13 2021]
Finished job 25.
1 of 16 steps (6%) done
Select jobs to execute...

[Mon Feb  1 09:35:13 2021]
rule run_grasp:
    input: indelible_output/6/cleaned_aln/2.fasta, indelible_output/6/cleaned_N0_trees/2.nwk
    output: grasp_results/6/SICP/2, grasp_results/6/SICP/2/GRASP_ancestors.fasta, grasp_results/6/SICP/2/tree.nwk
    jobid: 22
    wildcards: taxon=6, method=SICP, rep=2

[Mon Feb  1 09:35:13 2021]
Finished job 22.
2 of 16 steps (12%) done
Select jobs to execute...

[Mon Feb  1 09:35:13 2021]
rule concat_fasta:
    input: indelible_output/6/cleaned_aln/2.fasta, grasp_results/6/SICP/2/GRASP_ancestors.fasta
    output: grasp_results/concatenated/6/SICP/2/GRASP_ancestors.fasta
    jobid: 23
    wildcards: taxon=6, method=SICP, rep=2

[Mon Feb  1 09:35:13 2021]
Finished job 23.
3 of 16 steps (19%) done
Select jobs to execute...

[Mon Feb  1 09:35:13 2021]
rule summarise_indels:
    input: grasp_results/6/SICP/2/tree.nwk, grasp_results/concatenated/6/SICP/2/GRASP_ancestors.fasta, indelible_output/6/cleaned_N0_trees/2.nwk, indelible_output/6/concatenated/2.fasta, indelible_dicts/6/leaves_2.p, indelible_dicts/6/gaps_2.p
    output: summaries/6/SICP/2.csv
    jobid: 21
    wildcards: taxon=6, method=SICP, rep=2

[Mon Feb  1 09:35:14 2021]
Finished job 21.
4 of 16 steps (25%) done
Select jobs to execute...

[Mon Feb  1 09:35:14 2021]
rule concat_fasta:
    input: indelible_output/6/cleaned_aln/2.fasta, grasp_results/6/BEP/2/GRASP_ancestors.fasta
    output: grasp_results/concatenated/6/BEP/2/GRASP_ancestors.fasta
    jobid: 15
    wildcards: taxon=6, method=BEP, rep=2

[Mon Feb  1 09:35:14 2021]
Finished job 15.
5 of 16 steps (31%) done
Select jobs to execute...

[Mon Feb  1 09:35:14 2021]
rule summarise_indels:
    input: grasp_results/6/BEP/2/tree.nwk, grasp_results/concatenated/6/BEP/2/GRASP_ancestors.fasta, indelible_output/6/cleaned_N0_trees/2.nwk, indelible_output/6/concatenated/2.fasta, indelible_dicts/6/leaves_2.p, indelible_dicts/6/gaps_2.p
    output: summaries/6/BEP/2.csv
    jobid: 10
    wildcards: taxon=6, method=BEP, rep=2

[Mon Feb  1 09:35:14 2021]
Finished job 10.
6 of 16 steps (38%) done
Select jobs to execute...

[Mon Feb  1 09:35:14 2021]
rule concat_fasta:
    input: indelible_output/6/cleaned_aln/2.fasta, grasp_results/6/SICML/2/GRASP_ancestors.fasta
    output: grasp_results/concatenated/6/SICML/2/GRASP_ancestors.fasta
    jobid: 30
    wildcards: taxon=6, method=SICML, rep=2

[Mon Feb  1 09:35:14 2021]
Finished job 30.
7 of 16 steps (44%) done
Select jobs to execute...

[Mon Feb  1 09:35:14 2021]
rule run_grasp:
    input: indelible_output/6/cleaned_aln/1.fasta, indelible_output/6/cleaned_N0_trees/1.nwk
    output: grasp_results/6/SICP/1, grasp_results/6/SICP/1/GRASP_ancestors.fasta, grasp_results/6/SICP/1/tree.nwk
    jobid: 19
    wildcards: taxon=6, method=SICP, rep=1

[Mon Feb  1 09:35:15 2021]
Finished job 19.
8 of 16 steps (50%) done
Select jobs to execute...

[Mon Feb  1 09:35:15 2021]
rule summarise_indels:
    input: grasp_results/6/BEP/1/tree.nwk, grasp_results/concatenated/6/BEP/1/GRASP_ancestors.fasta, indelible_output/6/cleaned_N0_trees/1.nwk, indelible_output/6/concatenated/1.fasta, indelible_dicts/6/leaves_1.p, indelible_dicts/6/gaps_1.p
    output: summaries/6/BEP/1.csv
    jobid: 2
    wildcards: taxon=6, method=BEP, rep=1

[Mon Feb  1 09:35:15 2021]
Finished job 2.
9 of 16 steps (56%) done
Select jobs to execute...

[Mon Feb  1 09:35:15 2021]
rule summarise_indels:
    input: grasp_results/6/SICML/2/tree.nwk, grasp_results/concatenated/6/SICML/2/GRASP_ancestors.fasta, indelible_output/6/cleaned_N0_trees/2.nwk, indelible_output/6/concatenated/2.fasta, indelible_dicts/6/leaves_2.p, indelible_dicts/6/gaps_2.p
    output: summaries/6/SICML/2.csv
    jobid: 28
    wildcards: taxon=6, method=SICML, rep=2

[Mon Feb  1 09:35:16 2021]
Finished job 28.
10 of 16 steps (62%) done
Select jobs to execute...

[Mon Feb  1 09:35:16 2021]
rule concat_summaries:
    input: summaries/6/SICML/1.csv, summaries/6/SICML/2.csv
    output: concatenated_summaries/6_SICML.csv
    jobid: 24
    wildcards: taxon=6, method=SICML

[Mon Feb  1 09:35:16 2021]
Finished job 24.
11 of 16 steps (69%) done
Select jobs to execute...

[Mon Feb  1 09:35:16 2021]
rule concat_summaries:
    input: summaries/6/BEP/1.csv, summaries/6/BEP/2.csv
    output: concatenated_summaries/6_BEP.csv
    jobid: 1
    wildcards: taxon=6, method=BEP

[Mon Feb  1 09:35:16 2021]
Finished job 1.
12 of 16 steps (75%) done
Select jobs to execute...

[Mon Feb  1 09:35:16 2021]
rule concat_fasta:
    input: indelible_output/6/cleaned_aln/1.fasta, grasp_results/6/SICP/1/GRASP_ancestors.fasta
    output: grasp_results/concatenated/6/SICP/1/GRASP_ancestors.fasta
    jobid: 20
    wildcards: taxon=6, method=SICP, rep=1

[Mon Feb  1 09:35:16 2021]
Finished job 20.
13 of 16 steps (81%) done
Select jobs to execute...

[Mon Feb  1 09:35:16 2021]
rule summarise_indels:
    input: grasp_results/6/SICP/1/tree.nwk, grasp_results/concatenated/6/SICP/1/GRASP_ancestors.fasta, indelible_output/6/cleaned_N0_trees/1.nwk, indelible_output/6/concatenated/1.fasta, indelible_dicts/6/leaves_1.p, indelible_dicts/6/gaps_1.p
    output: summaries/6/SICP/1.csv
    jobid: 18
    wildcards: taxon=6, method=SICP, rep=1

[Mon Feb  1 09:35:17 2021]
Finished job 18.
14 of 16 steps (88%) done
Select jobs to execute...

[Mon Feb  1 09:35:17 2021]
rule concat_summaries:
    input: summaries/6/SICP/1.csv, summaries/6/SICP/2.csv
    output: concatenated_summaries/6_SICP.csv
    jobid: 17
    wildcards: taxon=6, method=SICP

[Mon Feb  1 09:35:17 2021]
Finished job 17.
15 of 16 steps (94%) done
Select jobs to execute...

[Mon Feb  1 09:35:17 2021]
rule create_plots:
    input: concatenated_summaries/6_BEP.csv, concatenated_summaries/6_SICP.csv, concatenated_summaries/6_SICML.csv
    output: plots/plot.png
    jobid: 0

[Mon Feb  1 09:35:18 2021]
Finished job 0.
16 of 16 steps (100%) done
Complete log: /Users/gabefoley/Dropbox/PhD/20210121_Indel_Evaluation_Project/Indel_Evaluation_Snakemake/.snakemake/log/2021-02-01T093512.461721.snakemake.log
