Building DAG of jobs...
Using shell: /bin/bash
Provided cores: 1 (use --cores to define parallelism)
Rules claiming more threads will be scaled down.
Job counts:
	count	jobs
	6	clean_indelible
	1	compile_latex
	18	concat_fasta
	6	concat_indelible
	3	concat_indelible_summaries
	9	concat_summaries
	3	create_control_files
	1	generate_latex
	1	generate_output_dict
	6	get_indelible_dict
	18	run_grasp
	6	run_indelible
	6	summarise_indelible
	18	summarise_indels
	102
Select jobs to execute...

[Mon Feb  1 17:29:10 2021]
rule create_control_files:
    output: indelible/100_control.txt
    jobid: 38
    wildcards: taxon=100

[Mon Feb  1 17:29:11 2021]
Finished job 38.
1 of 102 steps (0.98%) done
Select jobs to execute...

[Mon Feb  1 17:29:11 2021]
rule create_control_files:
    output: indelible/25_control.txt
    jobid: 8
    wildcards: taxon=25

[Mon Feb  1 17:29:11 2021]
Finished job 8.
2 of 102 steps (2%) done
Select jobs to execute...

[Mon Feb  1 17:29:11 2021]
rule create_control_files:
    output: indelible/250_control.txt
    jobid: 68
    wildcards: taxon=250

[Mon Feb  1 17:29:12 2021]
Finished job 68.
3 of 102 steps (3%) done
Select jobs to execute...

[Mon Feb  1 17:29:12 2021]
rule run_indelible:
    input: indelible/250_control.txt
    output: indelible_output/250/trees/2.nwk, indelible_output/250/250_TRUE_2.fasta, indelible_output/250/250_ANCESTRAL_2.fasta, indelible_output/250/N0_trees/2.nwk
    jobid: 75
    wildcards: taxon=250, rep=2

[Mon Feb  1 17:29:14 2021]
Finished job 75.
4 of 102 steps (4%) done
Select jobs to execute...

[Mon Feb  1 17:29:14 2021]
rule concat_indelible:
    input: indelible_output/250/250_TRUE_2.fasta, indelible_output/250/250_ANCESTRAL_2.fasta
    output: indelible_output/250/concatenated/250_2.fasta
    jobid: 76
    wildcards: taxon=250, rep=2

[Mon Feb  1 17:29:14 2021]
Finished job 76.
5 of 102 steps (5%) done
Select jobs to execute...

[Mon Feb  1 17:29:14 2021]
rule clean_indelible:
    input: indelible_output/250/N0_trees/2.nwk, indelible_output/250/concatenated/250_2.fasta
    output: indelible_output/250/cleaned_aln/2.fasta, indelible_output/250/concatenated/2.fasta, indelible_output/250/cleaned_N0_trees/2.nwk
    jobid: 74
    wildcards: taxon=250, rep=2

[Mon Feb  1 17:29:17 2021]
Finished job 74.
6 of 102 steps (6%) done
Select jobs to execute...
Terminating processes on user request, this might take some time.
Complete log: /Users/gabefoley/Dropbox/PhD/20210121_Indel_Evaluation_Project/Indel_Evaluation_Snakemake/.snakemake/log/2021-02-01T172910.057350.snakemake.log
