Building DAG of jobs...
Using shell: /bin/bash
Provided cores: 1 (use --cores to define parallelism)
Rules claiming more threads will be scaled down.
Job counts:
	count	jobs
	1	clean_indelible
	1	concat_fasta
	1	concat_indelible
	1	create_control_files
	1	get_indelible_dict
	1	run_grasp
	1	run_indelible
	1	summarise_indels
	8
Select jobs to execute...

[Tue Feb  2 10:20:22 2021]
rule create_control_files:
    output: indelible/6_control.txt
    jobid: 2
    wildcards: taxon=6

[Tue Feb  2 10:20:23 2021]
Finished job 2.
1 of 8 steps (12%) done
Select jobs to execute...

[Tue Feb  2 10:20:23 2021]
rule run_indelible:
    input: indelible/6_control.txt
    output: indelible_output/6/trees/1.nwk, indelible_output/6/6_TRUE_1.fasta, indelible_output/6/6_ANCESTRAL_1.fasta, indelible_output/6/N0_trees/1.nwk
    jobid: 1
    wildcards: taxon=6, rep=1

[Tue Feb  2 10:20:24 2021]
Finished job 1.
2 of 8 steps (25%) done
Select jobs to execute...

[Tue Feb  2 10:20:24 2021]
rule concat_indelible:
    input: indelible_output/6/6_TRUE_1.fasta, indelible_output/6/6_ANCESTRAL_1.fasta
    output: indelible_output/6/concatenated/6_1.fasta
    jobid: 3
    wildcards: taxon=6, rep=1

[Tue Feb  2 10:20:24 2021]
Finished job 3.
3 of 8 steps (38%) done
Select jobs to execute...

[Tue Feb  2 10:20:24 2021]
rule clean_indelible:
    input: indelible_output/6/N0_trees/1.nwk, indelible_output/6/concatenated/6_1.fasta
    output: indelible_output/6/cleaned_aln/1.fasta, indelible_output/6/concatenated/1.fasta, indelible_output/6/cleaned_trees/1.nwk, indelible_output/6/cleaned_N0_trees/1.nwk, indelible_output/6/cleaned_no_internal_trees/1.nwk
    jobid: 0
    wildcards: taxon=6, rep=1

[Tue Feb  2 10:20:25 2021]
Finished job 0.
4 of 8 steps (50%) done
Select jobs to execute...

[Tue Feb  2 10:20:25 2021]
rule get_indelible_dict:
    input: indelible_output/6/concatenated/1.fasta, indelible_output/6/cleaned_N0_trees/1.nwk
    output: indelible_dicts/6/leaves_1.p, indelible_dicts/6/gaps_1.p
    jobid: 4
    wildcards: taxon=6, rep=1

[Tue Feb  2 10:20:26 2021]
Finished job 4.
5 of 8 steps (62%) done
Select jobs to execute...

[Tue Feb  2 10:20:26 2021]
rule run_grasp:
    input: indelible_output/6/cleaned_aln/1.fasta, indelible_output/6/cleaned_N0_trees/1.nwk
    output: grasp_results/6/fastml/1, grasp_results/6/fastml/1/GRASP_ancestors.fasta, grasp_results/6/fastml/1/tree.nwk
    jobid: 6
    wildcards: taxon=6, method=fastml, rep=1

[Tue Feb  2 10:20:26 2021]
Error in rule run_grasp:
    jobid: 6
    output: grasp_results/6/fastml/1, grasp_results/6/fastml/1/GRASP_ancestors.fasta, grasp_results/6/fastml/1/tree.nwk
    shell:
        grasp -aln indelible_output/6/cleaned_aln/1.fasta -nwk indelible_output/6/cleaned_N0_trees/1.nwk -model LG -out grasp_results/6/fastml/1 -savetree grasp_results/6/fastml/1  -indel fastml -inf joint -gap
        (one of the commands exited with non-zero exit code; note that snakemake uses bash strict mode!)

Removing output files of failed job run_grasp since they might be corrupted:
grasp_results/6/fastml/1
Shutting down, this might take some time.
Exiting because a job execution failed. Look above for error message
Complete log: /Users/gabefoley/Dropbox/PhD/20210121_Indel_Evaluation_Project/Indel_Evaluation_Snakemake/.snakemake/log/2021-02-02T102022.687439.snakemake.log
