Building DAG of jobs...
Using shell: /bin/bash
Provided cores: 1 (use --cores to define parallelism)
Rules claiming more threads will be scaled down.
Job counts:
	count	jobs
	1	clean_indelible
	1	concat_indelible
	1	run_grasp
	3
Select jobs to execute...

[Wed Feb 17 11:29:24 2021]
rule concat_indelible:
    input: indelible_output/5/5_TRUE_2.fasta, indelible_output/5/5_ANCESTRAL_2.fasta
    output: indelible_output/5/concatenated/5_2.fasta
    jobid: 4
    wildcards: taxon=5, rep=2

[Wed Feb 17 11:29:24 2021]
Finished job 4.
1 of 3 steps (33%) done
Select jobs to execute...

[Wed Feb 17 11:29:24 2021]
rule clean_indelible:
    input: indelible_output/5/N0_trees/2.nwk, indelible_output/5/concatenated/5_2.fasta
    output: indelible_output/5/cleaned_aln/2.fasta, indelible_output/5/concatenated/2.fasta, indelible_output/5/cleaned_trees/2.nwk, indelible_output/5/cleaned_N0_trees/2.nwk, indelible_output/5/cleaned_no_internal_trees/2.nwk
    jobid: 1
    wildcards: taxon=5, rep=2

[Wed Feb 17 11:29:25 2021]
Finished job 1.
2 of 3 steps (67%) done
Select jobs to execute...

[Wed Feb 17 11:29:25 2021]
rule run_grasp:
    input: indelible_output/5/cleaned_aln/2.fasta, indelible_output/5/cleaned_N0_trees/2.nwk
    output: grasp_results/5/SICML/2, grasp_results/5/SICML/2/GRASP_ancestors.fasta, grasp_results/5/SICML/2/GRASP_ancestors.nwk
    jobid: 0
    wildcards: taxon=5, method=SICML, rep=2

[Wed Feb 17 11:29:25 2021]
Finished job 0.
3 of 3 steps (100%) done
Complete log: /Users/gabefoley/Dropbox/PhD/20210121_Indel_Evaluation_Project/Indel_Evaluation_Snakemake/.snakemake/log/2021-02-17T112924.023427.snakemake.log
