Building DAG of jobs...
Using shell: /bin/bash
Provided cores: 1 (use --cores to define parallelism)
Rules claiming more threads will be scaled down.
Conda environments: ignored
Job counts:
	count	jobs
	1	all
	2	create_control_files
	4	run_indelible
	7
Select jobs to execute...

[Sun Jan 24 21:45:20 2021]
rule create_control_files:
    output: indelible/80_control.txt
    jobid: 5
    wildcards: taxon=80

[Sun Jan 24 21:45:20 2021]
Finished job 5.
1 of 7 steps (14%) done
Select jobs to execute...

[Sun Jan 24 21:45:20 2021]
rule run_indelible:
    input: indelible/80_control.txt
    output: indelible_output/80/80_TRUE_1_cols_removed.fasta
    jobid: 4
    wildcards: taxon=80, rep=1_cols_removed

Waiting at most 5 seconds for missing files.
MissingOutputException in line 21 of /Users/gabefoley/Dropbox/PhD/20210121_Indel_Evaluation_Project/Indel_Evaluation_Snakemake/Snakefile:
Job Missing files after 5 seconds:
indelible_output/80/80_TRUE_1_cols_removed.fasta
This might be due to filesystem latency. If that is the case, consider to increase the wait time with --latency-wait.
Job id: 4 completed successfully, but some output files are missing. 4
  File "/Users/gabefoley/miniconda3_latest/envs/indel_snakemake/lib/python3.9/site-packages/snakemake/executors/__init__.py", line 583, in handle_job_success
  File "/Users/gabefoley/miniconda3_latest/envs/indel_snakemake/lib/python3.9/site-packages/snakemake/executors/__init__.py", line 252, in handle_job_success
Shutting down, this might take some time.
Exiting because a job execution failed. Look above for error message
Complete log: /Users/gabefoley/Dropbox/PhD/20210121_Indel_Evaluation_Project/Indel_Evaluation_Snakemake/.snakemake/log/2021-01-24T214520.384893.snakemake.log
