Building DAG of jobs...
Using shell: /bin/bash
Provided cores: 1 (use --cores to define parallelism)
Rules claiming more threads will be scaled down.
Conda environments: ignored
Job counts:
	count	jobs
	1	all
	1	run_indelible
	2
Select jobs to execute...

[Sun Jan 24 17:52:17 2021]
rule run_indelible:
    input: indelible/80_control.txt
    output: indelible_output/80/80_TRUE.phy
    jobid: 3
    wildcards: taxon=80

[Sun Jan 24 17:52:18 2021]
Finished job 3.
1 of 2 steps (50%) done
Select jobs to execute...

[Sun Jan 24 17:52:18 2021]
localrule all:
    input: indelible_output/40/40_TRUE.phy, indelible_output/80/80_TRUE.phy
    jobid: 0

[Sun Jan 24 17:52:18 2021]
Finished job 0.
2 of 2 steps (100%) done
Complete log: /Users/gabefoley/Dropbox/PhD/20210121_Indel_Evaluation_Project/Indel_Evaluation_Snakemake/.snakemake/log/2021-01-24T175217.397781.snakemake.log
