Building DAG of jobs...
Using shell: /bin/bash
Provided cores: 1 (use --cores to define parallelism)
Rules claiming more threads will be scaled down.
Conda environments: ignored
Job counts:
	count	jobs
	1	all
	40	run_indelible
	41
Select jobs to execute...

[Sun Jan 24 19:34:03 2021]
rule run_indelible:
    input: indelible/40_control.txt
    output: indelible_output/40/40_TRUE_5.fasta
    jobid: 6
    wildcards: taxon=40, rep=5

Waiting at most 30 seconds for missing files.
MissingOutputException in line 17 of /Users/gabefoley/Dropbox/PhD/20210121_Indel_Evaluation_Project/Indel_Evaluation_Snakemake/Snakefile:
Job Missing files after 30 seconds:
indelible_output/40/40_TRUE_5.fasta
This might be due to filesystem latency. If that is the case, consider to increase the wait time with --latency-wait.
Job id: 6 completed successfully, but some output files are missing. 6
  File "/Users/gabefoley/miniconda3_latest/envs/indel_snakemake/lib/python3.9/site-packages/snakemake/executors/__init__.py", line 583, in handle_job_success
  File "/Users/gabefoley/miniconda3_latest/envs/indel_snakemake/lib/python3.9/site-packages/snakemake/executors/__init__.py", line 252, in handle_job_success
Shutting down, this might take some time.
Exiting because a job execution failed. Look above for error message
Complete log: /Users/gabefoley/Dropbox/PhD/20210121_Indel_Evaluation_Project/Indel_Evaluation_Snakemake/.snakemake/log/2021-01-24T193403.323460.snakemake.log
