Building DAG of jobs...
Using shell: /bin/bash
Provided cores: 2
Rules claiming more threads will be scaled down.
Job counts:
	count	jobs
	2	clean_fastml_ml
	2	clean_fastml_parsimony
	2	clean_indelible
	1	compile_latex
	10	concat_fasta
	2	concat_fastml__ml_summaries
	2	concat_fastml_summaries
	2	concat_indelible
	2	concat_indelible_summaries
	10	concat_summaries
	2	create_control_files
	1	generate_latex
	1	generate_output_dict
	2	get_indelible_dict
	2	run_fastml
	10	run_grasp
	2	run_indelible
	2	summarise_fastml_ml_indels
	2	summarise_fastml_parsimony_indels
	2	summarise_indelible
	10	summarise_indels
	71
Select jobs to execute...

[Fri Feb  5 15:38:28 2021]
rule create_control_files:
    output: indelible/25_control.txt
    jobid: 83
    wildcards: taxon=25

[Fri Feb  5 15:38:28 2021]
rule create_control_files:
    output: indelible/20_control.txt
    jobid: 58
    wildcards: taxon=20

[Fri Feb  5 15:38:28 2021]
Finished job 58.
1 of 71 steps (1%) done
[Fri Feb  5 15:38:28 2021]
Finished job 83.
2 of 71 steps (3%) done
Select jobs to execute...

[Fri Feb  5 15:38:28 2021]
rule run_indelible:
    input: indelible/20_control.txt
    output: indelible_output/20/trees/1.nwk, indelible_output/20/20_TRUE_1.fasta, indelible_output/20/20_ANCESTRAL_1.fasta, indelible_output/20/N0_trees/1.nwk
    jobid: 57
    wildcards: taxon=20, rep=1

[Fri Feb  5 15:38:28 2021]
rule run_indelible:
    input: indelible/25_control.txt
    output: indelible_output/25/trees/1.nwk, indelible_output/25/25_TRUE_1.fasta, indelible_output/25/25_ANCESTRAL_1.fasta, indelible_output/25/N0_trees/1.nwk
    jobid: 82
    wildcards: taxon=25, rep=1

[Fri Feb  5 15:38:30 2021]
Finished job 82.
3 of 71 steps (4%) done
[Fri Feb  5 15:38:30 2021]
Finished job 57.
4 of 71 steps (6%) done
Select jobs to execute...

[Fri Feb  5 15:38:30 2021]
rule concat_indelible:
    input: indelible_output/20/20_TRUE_1.fasta, indelible_output/20/20_ANCESTRAL_1.fasta
    output: indelible_output/20/concatenated/20_1.fasta
    jobid: 59
    wildcards: taxon=20, rep=1


[Fri Feb  5 15:38:30 2021]
rule concat_indelible:
    input: indelible_output/25/25_TRUE_1.fasta, indelible_output/25/25_ANCESTRAL_1.fasta
    output: indelible_output/25/concatenated/25_1.fasta
    jobid: 84
    wildcards: taxon=25, rep=1

[Fri Feb  5 15:38:30 2021]
Finished job 59.
5 of 71 steps (7%) done
[Fri Feb  5 15:38:30 2021]
Finished job 84.
6 of 71 steps (8%) done
Select jobs to execute...

[Fri Feb  5 15:38:30 2021]
rule clean_indelible:
    input: indelible_output/20/N0_trees/1.nwk, indelible_output/20/concatenated/20_1.fasta
    output: indelible_output/20/cleaned_aln/1.fasta, indelible_output/20/concatenated/1.fasta, indelible_output/20/cleaned_trees/1.nwk, indelible_output/20/cleaned_N0_trees/1.nwk, indelible_output/20/cleaned_no_internal_trees/1.nwk
    jobid: 56
    wildcards: taxon=20, rep=1

[Fri Feb  5 15:38:30 2021]
rule clean_indelible:
    input: indelible_output/25/N0_trees/1.nwk, indelible_output/25/concatenated/25_1.fasta
    output: indelible_output/25/cleaned_aln/1.fasta, indelible_output/25/concatenated/1.fasta, indelible_output/25/cleaned_trees/1.nwk, indelible_output/25/cleaned_N0_trees/1.nwk, indelible_output/25/cleaned_no_internal_trees/1.nwk
    jobid: 81
    wildcards: taxon=25, rep=1

[Fri Feb  5 15:38:31 2021]
Finished job 81.
7 of 71 steps (10%) done
[Fri Feb  5 15:38:31 2021]
Finished job 56.
8 of 71 steps (11%) done
Select jobs to execute...

[Fri Feb  5 15:38:31 2021]
rule get_indelible_dict:
    input: indelible_output/20/concatenated/1.fasta, indelible_output/20/cleaned_N0_trees/1.nwk
    output: indelible_dicts/20/leaves_1.p, indelible_dicts/20/gaps_1.p
    jobid: 61
    wildcards: taxon=20, rep=1

[Fri Feb  5 15:38:31 2021]
rule run_grasp:
    input: indelible_output/25/cleaned_aln/1.fasta, indelible_output/25/cleaned_N0_trees/1.nwk
    output: grasp_results/25/PSP/1, grasp_results/25/PSP/1/GRASP_ancestors.fasta, grasp_results/25/PSP/1/tree.nwk
    jobid: 101
    wildcards: taxon=25, method=PSP, rep=1

Select jobs to execute...
[Fri Feb  5 15:38:33 2021]
Finished job 61.
9 of 71 steps (13%) done
Select jobs to execute...

[Fri Feb  5 15:38:33 2021]
rule run_grasp:
    input: indelible_output/20/cleaned_aln/1.fasta, indelible_output/20/cleaned_N0_trees/1.nwk
    output: grasp_results/20/SICML/1, grasp_results/20/SICML/1/GRASP_ancestors.fasta, grasp_results/20/SICML/1/tree.nwk
    jobid: 68
    wildcards: taxon=20, method=SICML, rep=1

[Fri Feb  5 15:38:34 2021]
Finished job 101.
10 of 71 steps (14%) done
Select jobs to execute...

[Fri Feb  5 15:38:34 2021]
rule run_grasp:
    input: indelible_output/20/cleaned_aln/1.fasta, indelible_output/20/cleaned_N0_trees/1.nwk
    output: grasp_results/20/BEML/1, grasp_results/20/BEML/1/GRASP_ancestors.fasta, grasp_results/20/BEML/1/tree.nwk
    jobid: 72
    wildcards: taxon=20, method=BEML, rep=1

[Fri Feb  5 15:38:35 2021]
Finished job 68.
11 of 71 steps (15%) done
Select jobs to execute...

[Fri Feb  5 15:38:35 2021]
rule run_grasp:
    input: indelible_output/20/cleaned_aln/1.fasta, indelible_output/20/cleaned_N0_trees/1.nwk
    output: grasp_results/20/BEP/1, grasp_results/20/BEP/1/GRASP_ancestors.fasta, grasp_results/20/BEP/1/tree.nwk
    jobid: 55
    wildcards: taxon=20, method=BEP, rep=1

[Fri Feb  5 15:38:37 2021]
Finished job 72.
12 of 71 steps (17%) done
Select jobs to execute...

[Fri Feb  5 15:38:37 2021]
rule run_fastml:
    input: indelible_output/25/cleaned_aln/1.fasta, indelible_output/25/cleaned_no_internal_trees/1.nwk
    output: fastml_results/25/1/seq.marginal_Chars_ParsimonyIndels.txt, fastml_results/25/1/seq.marginal_IndelAndChars.txt, fastml_results/25/1/tree.newick.txt, fastml_results/25/1
    jobid: 118
    wildcards: taxon=25, rep=1

[Fri Feb  5 15:38:38 2021]
Finished job 55.
13 of 71 steps (18%) done
Select jobs to execute...

[Fri Feb  5 15:38:38 2021]
rule run_fastml:
    input: indelible_output/20/cleaned_aln/1.fasta, indelible_output/20/cleaned_no_internal_trees/1.nwk
    output: fastml_results/20/1/seq.marginal_Chars_ParsimonyIndels.txt, fastml_results/20/1/seq.marginal_IndelAndChars.txt, fastml_results/20/1/tree.newick.txt, fastml_results/20/1
    jobid: 114
    wildcards: taxon=20, rep=1

[Fri Feb  5 15:39:12 2021]
Finished job 114.
14 of 71 steps (20%) done
Select jobs to execute...

[Fri Feb  5 15:39:12 2021]
rule run_grasp:
    input: indelible_output/25/cleaned_aln/1.fasta, indelible_output/25/cleaned_N0_trees/1.nwk
    output: grasp_results/25/SICML/1, grasp_results/25/SICML/1/GRASP_ancestors.fasta, grasp_results/25/SICML/1/tree.nwk
    jobid: 93
    wildcards: taxon=25, method=SICML, rep=1

[Fri Feb  5 15:39:15 2021]
Finished job 93.
15 of 71 steps (21%) done
Select jobs to execute...

[Fri Feb  5 15:39:15 2021]
rule run_grasp:
    input: indelible_output/25/cleaned_aln/1.fasta, indelible_output/25/cleaned_N0_trees/1.nwk
    output: grasp_results/25/SICP/1, grasp_results/25/SICP/1/GRASP_ancestors.fasta, grasp_results/25/SICP/1/tree.nwk
    jobid: 89
    wildcards: taxon=25, method=SICP, rep=1

[Fri Feb  5 15:39:17 2021]
Finished job 89.
16 of 71 steps (23%) done
Select jobs to execute...

[Fri Feb  5 15:39:18 2021]
rule concat_fasta:
    input: indelible_output/25/cleaned_aln/1.fasta, grasp_results/25/SICP/1/GRASP_ancestors.fasta
    output: grasp_results/concatenated/25/SICP/1/GRASP_ancestors.fasta
    jobid: 90
    wildcards: taxon=25, method=SICP, rep=1

[Fri Feb  5 15:39:18 2021]
Finished job 90.
17 of 71 steps (24%) done
Select jobs to execute...

[Fri Feb  5 15:39:18 2021]
rule get_indelible_dict:
    input: indelible_output/25/concatenated/1.fasta, indelible_output/25/cleaned_N0_trees/1.nwk
    output: indelible_dicts/25/leaves_1.p, indelible_dicts/25/gaps_1.p
    jobid: 86
    wildcards: taxon=25, rep=1

[Fri Feb  5 15:39:19 2021]
Finished job 86.
18 of 71 steps (25%) done
Select jobs to execute...

[Fri Feb  5 15:39:19 2021]
rule concat_fasta:
    input: indelible_output/25/cleaned_aln/1.fasta, grasp_results/25/SICML/1/GRASP_ancestors.fasta
    output: grasp_results/concatenated/25/SICML/1/GRASP_ancestors.fasta
    jobid: 94
    wildcards: taxon=25, method=SICML, rep=1

[Fri Feb  5 15:39:19 2021]
Finished job 94.
19 of 71 steps (27%) done
Select jobs to execute...

[Fri Feb  5 15:39:19 2021]
rule clean_fastml_ml:
    input: fastml_results/20/1/seq.marginal_IndelAndChars.txt, fastml_results/20/1/tree.newick.txt
    output: fastml_results_ml/20/concatenated/1/FastML_ancestors.fasta, fastml_results_ml/20/cleaned_trees/1/tree.nwk, fastml_results_ml/20/cleaned_N0_trees/1/tree.nwk
    jobid: 127
    wildcards: taxon=20, rep=1

[Fri Feb  5 15:39:20 2021]
Finished job 127.
20 of 71 steps (28%) done
Select jobs to execute...

[Fri Feb  5 15:39:20 2021]
rule summarise_indelible:
    input: indelible_output/25/cleaned_N0_trees/1.nwk, indelible_output/25/concatenated/1.fasta, indelible_output/25/cleaned_N0_trees/1.nwk, indelible_output/25/concatenated/1.fasta, indelible_dicts/25/leaves_1.p, indelible_dicts/25/gaps_1.p
    output: indelible_summaries/25/1.csv
    jobid: 138
    wildcards: taxon=25, rep=1

[Fri Feb  5 15:39:21 2021]
Finished job 138.
21 of 71 steps (30%) done
Select jobs to execute...

[Fri Feb  5 15:39:21 2021]
rule summarise_fastml_ml_indels:
    input: fastml_results_ml/20/concatenated/1/FastML_ancestors.fasta, fastml_results_ml/20/cleaned_N0_trees/1/tree.nwk, indelible_output/20/cleaned_N0_trees/1.nwk, indelible_output/20/concatenated/1.fasta, indelible_dicts/20/leaves_1.p, indelible_dicts/20/gaps_1.p
    output: fastml_ml_summaries/20/fastml/1.csv
    jobid: 126
    wildcards: taxon=20, rep=1

[Fri Feb  5 15:39:22 2021]
Finished job 126.
22 of 71 steps (31%) done
Select jobs to execute...

[Fri Feb  5 15:39:22 2021]
rule concat_fasta:
    input: indelible_output/20/cleaned_aln/1.fasta, grasp_results/20/BEP/1/GRASP_ancestors.fasta
    output: grasp_results/concatenated/20/BEP/1/GRASP_ancestors.fasta
    jobid: 60
    wildcards: taxon=20, method=BEP, rep=1

[Fri Feb  5 15:39:22 2021]
Finished job 60.
23 of 71 steps (32%) done
Select jobs to execute...

[Fri Feb  5 15:39:22 2021]
rule run_grasp:
    input: indelible_output/20/cleaned_aln/1.fasta, indelible_output/20/cleaned_N0_trees/1.nwk
    output: grasp_results/20/SICP/1, grasp_results/20/SICP/1/GRASP_ancestors.fasta, grasp_results/20/SICP/1/tree.nwk
    jobid: 64
    wildcards: taxon=20, method=SICP, rep=1

[Fri Feb  5 15:39:24 2021]
Finished job 64.
24 of 71 steps (34%) done
Select jobs to execute...

[Fri Feb  5 15:39:24 2021]
rule run_grasp:
    input: indelible_output/25/cleaned_aln/1.fasta, indelible_output/25/cleaned_N0_trees/1.nwk
    output: grasp_results/25/BEML/1, grasp_results/25/BEML/1/GRASP_ancestors.fasta, grasp_results/25/BEML/1/tree.nwk
    jobid: 97
    wildcards: taxon=25, method=BEML, rep=1

[Fri Feb  5 15:39:26 2021]
Finished job 97.
25 of 71 steps (35%) done
Select jobs to execute...

[Fri Feb  5 15:39:26 2021]
rule concat_indelible_summaries:
    input: indelible_summaries/25/1.csv
    output: concatenated_indelible_summaries/25.csv
    jobid: 137
    wildcards: taxon=25

[Fri Feb  5 15:39:27 2021]
Finished job 137.
26 of 71 steps (37%) done
Select jobs to execute...

[Fri Feb  5 15:39:27 2021]
rule run_grasp:
    input: indelible_output/20/cleaned_aln/1.fasta, indelible_output/20/cleaned_N0_trees/1.nwk
    output: grasp_results/20/PSP/1, grasp_results/20/PSP/1/GRASP_ancestors.fasta, grasp_results/20/PSP/1/tree.nwk
    jobid: 76
    wildcards: taxon=20, method=PSP, rep=1

[Fri Feb  5 15:39:28 2021]
Finished job 76.
27 of 71 steps (38%) done
Select jobs to execute...

[Fri Feb  5 15:39:28 2021]
rule concat_fasta:
    input: indelible_output/20/cleaned_aln/1.fasta, grasp_results/20/PSP/1/GRASP_ancestors.fasta
    output: grasp_results/concatenated/20/PSP/1/GRASP_ancestors.fasta
    jobid: 77
    wildcards: taxon=20, method=PSP, rep=1

[Fri Feb  5 15:39:28 2021]
Finished job 77.
28 of 71 steps (39%) done
Select jobs to execute...

[Fri Feb  5 15:39:28 2021]
rule summarise_indels:
    input: grasp_results/20/PSP/1/tree.nwk, grasp_results/concatenated/20/PSP/1/GRASP_ancestors.fasta, indelible_output/20/cleaned_N0_trees/1.nwk, indelible_output/20/concatenated/1.fasta, indelible_dicts/20/leaves_1.p, indelible_dicts/20/gaps_1.p
    output: summaries/20/PSP/1.csv
    jobid: 75
    wildcards: taxon=20, method=PSP, rep=1

[Fri Feb  5 15:39:29 2021]
Finished job 75.
29 of 71 steps (41%) done
Select jobs to execute...

[Fri Feb  5 15:39:29 2021]
rule concat_summaries:
    input: summaries/20/PSP/1.csv
    output: concatenated_summaries/20_PSP.csv
    jobid: 74
    wildcards: taxon=20, method=PSP

[Fri Feb  5 15:39:29 2021]
Finished job 74.
30 of 71 steps (42%) done
Select jobs to execute...

[Fri Feb  5 15:39:29 2021]
rule concat_fasta:
    input: indelible_output/25/cleaned_aln/1.fasta, grasp_results/25/PSP/1/GRASP_ancestors.fasta
    output: grasp_results/concatenated/25/PSP/1/GRASP_ancestors.fasta
    jobid: 102
    wildcards: taxon=25, method=PSP, rep=1

[Fri Feb  5 15:39:29 2021]
Finished job 102.
31 of 71 steps (44%) done
Select jobs to execute...

[Fri Feb  5 15:39:29 2021]
rule summarise_indels:
    input: grasp_results/25/PSP/1/tree.nwk, grasp_results/concatenated/25/PSP/1/GRASP_ancestors.fasta, indelible_output/25/cleaned_N0_trees/1.nwk, indelible_output/25/concatenated/1.fasta, indelible_dicts/25/leaves_1.p, indelible_dicts/25/gaps_1.p
    output: summaries/25/PSP/1.csv
    jobid: 100
    wildcards: taxon=25, method=PSP, rep=1

[Fri Feb  5 15:39:30 2021]
Finished job 100.
32 of 71 steps (45%) done
Select jobs to execute...

[Fri Feb  5 15:39:30 2021]
rule concat_summaries:
    input: summaries/25/PSP/1.csv
    output: concatenated_summaries/25_PSP.csv
    jobid: 99
    wildcards: taxon=25, method=PSP

[Fri Feb  5 15:39:30 2021]
Finished job 99.
33 of 71 steps (46%) done
Select jobs to execute...

[Fri Feb  5 15:39:30 2021]
rule clean_fastml_parsimony:
    input: fastml_results/20/1/seq.marginal_Chars_ParsimonyIndels.txt, fastml_results/20/1/tree.newick.txt
    output: fastml_results_parsimony/20/concatenated/1/FastML_ancestors.fasta, fastml_results_parsimony/20/cleaned_trees/1/tree.nwk, fastml_results_parsimony/20/cleaned_N0_trees/1/tree.nwk
    jobid: 113
    wildcards: taxon=20, rep=1

[Fri Feb  5 15:39:31 2021]
Finished job 113.
34 of 71 steps (48%) done
Select jobs to execute...

[Fri Feb  5 15:39:31 2021]
rule summarise_fastml_parsimony_indels:
    input: fastml_results_parsimony/20/concatenated/1/FastML_ancestors.fasta, fastml_results_parsimony/20/cleaned_N0_trees/1/tree.nwk, indelible_output/20/cleaned_N0_trees/1.nwk, indelible_output/20/concatenated/1.fasta, indelible_dicts/20/leaves_1.p, indelible_dicts/20/gaps_1.p
    output: fastml_parsimony_summaries/20/fastml/1.csv
    jobid: 112
    wildcards: taxon=20, rep=1

[Fri Feb  5 15:39:32 2021]
Finished job 112.
35 of 71 steps (49%) done
Select jobs to execute...

[Fri Feb  5 15:39:32 2021]
rule concat_fastml_summaries:
    input: fastml_parsimony_summaries/20/fastml/1.csv
    output: concatenated_fastml_parsimony_summaries/20.csv
    jobid: 111
    wildcards: taxon=20

[Fri Feb  5 15:39:32 2021]
Finished job 111.
36 of 71 steps (51%) done
Select jobs to execute...

[Fri Feb  5 15:39:32 2021]
rule concat_fasta:
    input: indelible_output/25/cleaned_aln/1.fasta, grasp_results/25/BEML/1/GRASP_ancestors.fasta
    output: grasp_results/concatenated/25/BEML/1/GRASP_ancestors.fasta
    jobid: 98
    wildcards: taxon=25, method=BEML, rep=1

[Fri Feb  5 15:39:32 2021]
Finished job 98.
37 of 71 steps (52%) done
Select jobs to execute...

[Fri Feb  5 15:39:32 2021]
rule summarise_indels:
    input: grasp_results/25/BEML/1/tree.nwk, grasp_results/concatenated/25/BEML/1/GRASP_ancestors.fasta, indelible_output/25/cleaned_N0_trees/1.nwk, indelible_output/25/concatenated/1.fasta, indelible_dicts/25/leaves_1.p, indelible_dicts/25/gaps_1.p
    output: summaries/25/BEML/1.csv
    jobid: 96
    wildcards: taxon=25, method=BEML, rep=1

[Fri Feb  5 15:39:33 2021]
Finished job 96.
38 of 71 steps (54%) done
Select jobs to execute...

[Fri Feb  5 15:39:33 2021]
rule concat_summaries:
    input: summaries/25/BEML/1.csv
    output: concatenated_summaries/25_BEML.csv
    jobid: 95
    wildcards: taxon=25, method=BEML

[Fri Feb  5 15:39:33 2021]
Finished job 95.
39 of 71 steps (55%) done
Select jobs to execute...

[Fri Feb  5 15:39:33 2021]
rule concat_fasta:
    input: indelible_output/20/cleaned_aln/1.fasta, grasp_results/20/SICP/1/GRASP_ancestors.fasta
    output: grasp_results/concatenated/20/SICP/1/GRASP_ancestors.fasta
    jobid: 65
    wildcards: taxon=20, method=SICP, rep=1

[Fri Feb  5 15:39:33 2021]
Finished job 65.
40 of 71 steps (56%) done
Select jobs to execute...

[Fri Feb  5 15:39:33 2021]
rule summarise_indels:
    input: grasp_results/20/SICP/1/tree.nwk, grasp_results/concatenated/20/SICP/1/GRASP_ancestors.fasta, indelible_output/20/cleaned_N0_trees/1.nwk, indelible_output/20/concatenated/1.fasta, indelible_dicts/20/leaves_1.p, indelible_dicts/20/gaps_1.p
    output: summaries/20/SICP/1.csv
    jobid: 63
    wildcards: taxon=20, method=SICP, rep=1

[Fri Feb  5 15:39:34 2021]
Finished job 63.
41 of 71 steps (58%) done
Select jobs to execute...

[Fri Feb  5 15:39:34 2021]
rule concat_summaries:
    input: summaries/20/SICP/1.csv
    output: concatenated_summaries/20_SICP.csv
    jobid: 62
    wildcards: taxon=20, method=SICP

[Fri Feb  5 15:39:34 2021]
Finished job 62.
42 of 71 steps (59%) done
Select jobs to execute...

[Fri Feb  5 15:39:35 2021]
rule summarise_indels:
    input: grasp_results/20/BEP/1/tree.nwk, grasp_results/concatenated/20/BEP/1/GRASP_ancestors.fasta, indelible_output/20/cleaned_N0_trees/1.nwk, indelible_output/20/concatenated/1.fasta, indelible_dicts/20/leaves_1.p, indelible_dicts/20/gaps_1.p
    output: summaries/20/BEP/1.csv
    jobid: 54
    wildcards: taxon=20, method=BEP, rep=1

[Fri Feb  5 15:39:35 2021]
Finished job 118.
43 of 71 steps (61%) done
Select jobs to execute...

[Fri Feb  5 15:39:35 2021]
rule clean_fastml_parsimony:
    input: fastml_results/25/1/seq.marginal_Chars_ParsimonyIndels.txt, fastml_results/25/1/tree.newick.txt
    output: fastml_results_parsimony/25/concatenated/1/FastML_ancestors.fasta, fastml_results_parsimony/25/cleaned_trees/1/tree.nwk, fastml_results_parsimony/25/cleaned_N0_trees/1/tree.nwk
    jobid: 117
    wildcards: taxon=25, rep=1

[Fri Feb  5 15:39:36 2021]
Finished job 54.
44 of 71 steps (62%) done
Select jobs to execute...

[Fri Feb  5 15:39:36 2021]
rule concat_summaries:
    input: summaries/20/BEP/1.csv
    output: concatenated_summaries/20_BEP.csv
    jobid: 53
    wildcards: taxon=20, method=BEP

[Fri Feb  5 15:39:36 2021]
Finished job 53.
45 of 71 steps (63%) done
Select jobs to execute...

[Fri Feb  5 15:39:36 2021]
rule clean_fastml_ml:
    input: fastml_results/25/1/seq.marginal_IndelAndChars.txt, fastml_results/25/1/tree.newick.txt
    output: fastml_results_ml/25/concatenated/1/FastML_ancestors.fasta, fastml_results_ml/25/cleaned_trees/1/tree.nwk, fastml_results_ml/25/cleaned_N0_trees/1/tree.nwk
    jobid: 130
    wildcards: taxon=25, rep=1

[Fri Feb  5 15:39:36 2021]
Finished job 117.
46 of 71 steps (65%) done
Select jobs to execute...

[Fri Feb  5 15:39:36 2021]
rule summarise_fastml_parsimony_indels:
    input: fastml_results_parsimony/25/concatenated/1/FastML_ancestors.fasta, fastml_results_parsimony/25/cleaned_N0_trees/1/tree.nwk, indelible_output/25/cleaned_N0_trees/1.nwk, indelible_output/25/concatenated/1.fasta, indelible_dicts/25/leaves_1.p, indelible_dicts/25/gaps_1.p
    output: fastml_parsimony_summaries/25/fastml/1.csv
    jobid: 116
    wildcards: taxon=25, rep=1

[Fri Feb  5 15:39:37 2021]
Finished job 130.
47 of 71 steps (66%) done
Select jobs to execute...

[Fri Feb  5 15:39:37 2021]
rule summarise_fastml_ml_indels:
    input: fastml_results_ml/25/concatenated/1/FastML_ancestors.fasta, fastml_results_ml/25/cleaned_N0_trees/1/tree.nwk, indelible_output/25/cleaned_N0_trees/1.nwk, indelible_output/25/concatenated/1.fasta, indelible_dicts/25/leaves_1.p, indelible_dicts/25/gaps_1.p
    output: fastml_ml_summaries/25/fastml/1.csv
    jobid: 129
    wildcards: taxon=25, rep=1

[Fri Feb  5 15:39:37 2021]
Finished job 116.
48 of 71 steps (68%) done
Select jobs to execute...

[Fri Feb  5 15:39:37 2021]
rule concat_fastml_summaries:
    input: fastml_parsimony_summaries/25/fastml/1.csv
    output: concatenated_fastml_parsimony_summaries/25.csv
    jobid: 115
    wildcards: taxon=25

[Fri Feb  5 15:39:37 2021]
Finished job 115.
49 of 71 steps (69%) done
Select jobs to execute...

[Fri Feb  5 15:39:37 2021]
rule concat_fastml__ml_summaries:
    input: fastml_ml_summaries/20/fastml/1.csv
    output: concatenated_fastml_ml_summaries/20.csv
    jobid: 125
    wildcards: taxon=20

[Fri Feb  5 15:39:37 2021]
Finished job 125.
50 of 71 steps (70%) done
Select jobs to execute...

[Fri Feb  5 15:39:37 2021]
rule summarise_indels:
    input: grasp_results/25/SICML/1/tree.nwk, grasp_results/concatenated/25/SICML/1/GRASP_ancestors.fasta, indelible_output/25/cleaned_N0_trees/1.nwk, indelible_output/25/concatenated/1.fasta, indelible_dicts/25/leaves_1.p, indelible_dicts/25/gaps_1.p
    output: summaries/25/SICML/1.csv
    jobid: 92
    wildcards: taxon=25, method=SICML, rep=1

[Fri Feb  5 15:39:38 2021]
Finished job 129.
51 of 71 steps (72%) done
Select jobs to execute...

[Fri Feb  5 15:39:38 2021]
rule concat_fastml__ml_summaries:
    input: fastml_ml_summaries/25/fastml/1.csv
    output: concatenated_fastml_ml_summaries/25.csv
    jobid: 128
    wildcards: taxon=25

[Fri Feb  5 15:39:38 2021]
Finished job 128.
52 of 71 steps (73%) done
Select jobs to execute...

[Fri Feb  5 15:39:38 2021]
rule concat_fasta:
    input: indelible_output/20/cleaned_aln/1.fasta, grasp_results/20/SICML/1/GRASP_ancestors.fasta
    output: grasp_results/concatenated/20/SICML/1/GRASP_ancestors.fasta
    jobid: 69
    wildcards: taxon=20, method=SICML, rep=1

[Fri Feb  5 15:39:38 2021]
Finished job 69.
53 of 71 steps (75%) done
Select jobs to execute...

[Fri Feb  5 15:39:38 2021]
rule summarise_indels:
    input: grasp_results/20/SICML/1/tree.nwk, grasp_results/concatenated/20/SICML/1/GRASP_ancestors.fasta, indelible_output/20/cleaned_N0_trees/1.nwk, indelible_output/20/concatenated/1.fasta, indelible_dicts/20/leaves_1.p, indelible_dicts/20/gaps_1.p
    output: summaries/20/SICML/1.csv
    jobid: 67
    wildcards: taxon=20, method=SICML, rep=1

[Fri Feb  5 15:39:38 2021]
Finished job 92.
54 of 71 steps (76%) done
Select jobs to execute...

[Fri Feb  5 15:39:38 2021]
rule concat_summaries:
    input: summaries/25/SICML/1.csv
    output: concatenated_summaries/25_SICML.csv
    jobid: 91
    wildcards: taxon=25, method=SICML

[Fri Feb  5 15:39:38 2021]
Finished job 91.
55 of 71 steps (77%) done
Select jobs to execute...

[Fri Feb  5 15:39:38 2021]
rule run_grasp:
    input: indelible_output/25/cleaned_aln/1.fasta, indelible_output/25/cleaned_N0_trees/1.nwk
    output: grasp_results/25/BEP/1, grasp_results/25/BEP/1/GRASP_ancestors.fasta, grasp_results/25/BEP/1/tree.nwk
    jobid: 80
    wildcards: taxon=25, method=BEP, rep=1

[Fri Feb  5 15:39:39 2021]
Finished job 67.
56 of 71 steps (79%) done
Select jobs to execute...

[Fri Feb  5 15:39:39 2021]
rule concat_summaries:
    input: summaries/20/SICML/1.csv
    output: concatenated_summaries/20_SICML.csv
    jobid: 66
    wildcards: taxon=20, method=SICML

[Fri Feb  5 15:39:39 2021]
Finished job 66.
57 of 71 steps (80%) done
Select jobs to execute...

[Fri Feb  5 15:39:39 2021]
rule summarise_indelible:
    input: indelible_output/20/cleaned_N0_trees/1.nwk, indelible_output/20/concatenated/1.fasta, indelible_output/20/cleaned_N0_trees/1.nwk, indelible_output/20/concatenated/1.fasta, indelible_dicts/20/leaves_1.p, indelible_dicts/20/gaps_1.p
    output: indelible_summaries/20/1.csv
    jobid: 136
    wildcards: taxon=20, rep=1

[Fri Feb  5 15:39:41 2021]
Finished job 136.
58 of 71 steps (82%) done
Select jobs to execute...

[Fri Feb  5 15:39:41 2021]
rule concat_fasta:
    input: indelible_output/20/cleaned_aln/1.fasta, grasp_results/20/BEML/1/GRASP_ancestors.fasta
    output: grasp_results/concatenated/20/BEML/1/GRASP_ancestors.fasta
    jobid: 73
    wildcards: taxon=20, method=BEML, rep=1

[Fri Feb  5 15:39:41 2021]
Finished job 73.
59 of 71 steps (83%) done
Select jobs to execute...

[Fri Feb  5 15:39:41 2021]
rule summarise_indels:
    input: grasp_results/25/SICP/1/tree.nwk, grasp_results/concatenated/25/SICP/1/GRASP_ancestors.fasta, indelible_output/25/cleaned_N0_trees/1.nwk, indelible_output/25/concatenated/1.fasta, indelible_dicts/25/leaves_1.p, indelible_dicts/25/gaps_1.p
    output: summaries/25/SICP/1.csv
    jobid: 88
    wildcards: taxon=25, method=SICP, rep=1

[Fri Feb  5 15:39:41 2021]
Finished job 80.
60 of 71 steps (85%) done
Select jobs to execute...

[Fri Feb  5 15:39:41 2021]
rule concat_fasta:
    input: indelible_output/25/cleaned_aln/1.fasta, grasp_results/25/BEP/1/GRASP_ancestors.fasta
    output: grasp_results/concatenated/25/BEP/1/GRASP_ancestors.fasta
    jobid: 85
    wildcards: taxon=25, method=BEP, rep=1

[Fri Feb  5 15:39:41 2021]
Finished job 85.
61 of 71 steps (86%) done
Select jobs to execute...

[Fri Feb  5 15:39:41 2021]
rule summarise_indels:
    input: grasp_results/20/BEML/1/tree.nwk, grasp_results/concatenated/20/BEML/1/GRASP_ancestors.fasta, indelible_output/20/cleaned_N0_trees/1.nwk, indelible_output/20/concatenated/1.fasta, indelible_dicts/20/leaves_1.p, indelible_dicts/20/gaps_1.p
    output: summaries/20/BEML/1.csv
    jobid: 71
    wildcards: taxon=20, method=BEML, rep=1

[Fri Feb  5 15:39:42 2021]
Finished job 88.
62 of 71 steps (87%) done
Select jobs to execute...

[Fri Feb  5 15:39:42 2021]
rule concat_indelible_summaries:
    input: indelible_summaries/20/1.csv
    output: concatenated_indelible_summaries/20.csv
    jobid: 135
    wildcards: taxon=20

[Fri Feb  5 15:39:42 2021]
Finished job 135.
63 of 71 steps (89%) done
Select jobs to execute...

[Fri Feb  5 15:39:42 2021]
rule concat_summaries:
    input: summaries/25/SICP/1.csv
    output: concatenated_summaries/25_SICP.csv
    jobid: 87
    wildcards: taxon=25, method=SICP

[Fri Feb  5 15:39:42 2021]
Finished job 87.
64 of 71 steps (90%) done
Select jobs to execute...

[Fri Feb  5 15:39:42 2021]
rule summarise_indels:
    input: grasp_results/25/BEP/1/tree.nwk, grasp_results/concatenated/25/BEP/1/GRASP_ancestors.fasta, indelible_output/25/cleaned_N0_trees/1.nwk, indelible_output/25/concatenated/1.fasta, indelible_dicts/25/leaves_1.p, indelible_dicts/25/gaps_1.p
    output: summaries/25/BEP/1.csv
    jobid: 79
    wildcards: taxon=25, method=BEP, rep=1

[Fri Feb  5 15:39:42 2021]
Finished job 71.
65 of 71 steps (92%) done
Select jobs to execute...

[Fri Feb  5 15:39:42 2021]
rule concat_summaries:
    input: summaries/20/BEML/1.csv
    output: concatenated_summaries/20_BEML.csv
    jobid: 70
    wildcards: taxon=20, method=BEML

[Fri Feb  5 15:39:42 2021]
Finished job 70.
66 of 71 steps (93%) done
[Fri Feb  5 15:39:43 2021]
Finished job 79.
67 of 71 steps (94%) done
Select jobs to execute...

[Fri Feb  5 15:39:43 2021]
rule concat_summaries:
    input: summaries/25/BEP/1.csv
    output: concatenated_summaries/25_BEP.csv
    jobid: 78
    wildcards: taxon=25, method=BEP

[Fri Feb  5 15:39:43 2021]
Finished job 78.
68 of 71 steps (96%) done
Select jobs to execute...

[Fri Feb  5 15:39:43 2021]
rule generate_output_dict:
    input: concatenated_summaries/5_BEP.csv, concatenated_summaries/5_SICP.csv, concatenated_summaries/5_SICML.csv, concatenated_summaries/5_BEML.csv, concatenated_summaries/5_PSP.csv, concatenated_summaries/10_BEP.csv, concatenated_summaries/10_SICP.csv, concatenated_summaries/10_SICML.csv, concatenated_summaries/10_BEML.csv, concatenated_summaries/10_PSP.csv, concatenated_summaries/20_BEP.csv, concatenated_summaries/20_SICP.csv, concatenated_summaries/20_SICML.csv, concatenated_summaries/20_BEML.csv, concatenated_summaries/20_PSP.csv, concatenated_summaries/25_BEP.csv, concatenated_summaries/25_SICP.csv, concatenated_summaries/25_SICML.csv, concatenated_summaries/25_BEML.csv, concatenated_summaries/25_PSP.csv, concatenated_fastml_parsimony_summaries/5.csv, concatenated_fastml_parsimony_summaries/10.csv, concatenated_fastml_parsimony_summaries/20.csv, concatenated_fastml_parsimony_summaries/25.csv, concatenated_fastml_ml_summaries/5.csv, concatenated_fastml_ml_summaries/10.csv, concatenated_fastml_ml_summaries/20.csv, concatenated_fastml_ml_summaries/25.csv, concatenated_indelible_summaries/5.csv, concatenated_indelible_summaries/10.csv, concatenated_indelible_summaries/20.csv, concatenated_indelible_summaries/25.csv
    output: output_dicts/output.p
    jobid: 2

[Fri Feb  5 15:39:55 2021]
Finished job 2.
69 of 71 steps (97%) done
Select jobs to execute...

[Fri Feb  5 15:39:55 2021]
rule generate_latex:
    input: output_dicts/output.p
    output: plots/plot.tex
    jobid: 1

[Fri Feb  5 15:39:55 2021]
Finished job 1.
70 of 71 steps (99%) done
Select jobs to execute...

[Fri Feb  5 15:39:55 2021]
rule compile_latex:
    input: plots/plot.tex
    output: plots/plot.pdf
    jobid: 0

[Fri Feb  5 15:40:01 2021]
Finished job 0.
71 of 71 steps (100%) done
Complete log: /Users/gabefoley/Dropbox/PhD/20210121_Indel_Evaluation_Project/Indel_Evaluation_Snakemake/.snakemake/log/2021-02-05T153828.335380.snakemake.log
