Building DAG of jobs...
Using shell: /bin/bash
Provided cores: 1 (use --cores to define parallelism)
Rules claiming more threads will be scaled down.
Job counts:
	count	jobs
	1	clean_fasta
	1	concat_fasta
	1	create_control_files
	1	run_grasp
	1	run_indelible
	1	summarise_indels
	6
Select jobs to execute...

[Thu Jan 28 14:42:38 2021]
rule create_control_files:
    output: indelible/5_control.txt
    jobid: 4
    wildcards: taxon=5

[Thu Jan 28 14:42:38 2021]
Finished job 4.
1 of 6 steps (17%) done
Select jobs to execute...

[Thu Jan 28 14:42:39 2021]
rule run_indelible:
    input: indelible/5_control.txt
    output: indelible_output/5/cleaned_trees/1.nwk, indelible_output/5/5_TRUE_1.fasta
    jobid: 3
    wildcards: taxon=5, rep=1

[Thu Jan 28 14:42:39 2021]
Finished job 3.
2 of 6 steps (33%) done
Select jobs to execute...

[Thu Jan 28 14:42:39 2021]
rule clean_fasta:
    input: indelible_output/5/5_TRUE_1.fasta
    output: indelible_output/cleaned_aln/5/1.fasta
    jobid: 2
    wildcards: taxon=5, rep=1

[Thu Jan 28 14:42:39 2021]
Finished job 2.
3 of 6 steps (50%) done
Select jobs to execute...

[Thu Jan 28 14:42:39 2021]
rule run_grasp:
    input: indelible_output/cleaned_aln/5/1.fasta, indelible_output/5/cleaned_trees/1.nwk
    output: grasp_results/5/BEP/1, grasp_results/5/BEP/1/GRASP_ancestors.fasta, grasp_results/5/BEP/1/tree.nwk
    jobid: 1
    wildcards: taxon=5, method=BEP, rep=1

[Thu Jan 28 14:42:41 2021]
Finished job 1.
4 of 6 steps (67%) done
Select jobs to execute...

[Thu Jan 28 14:42:41 2021]
rule concat_fasta:
    input: indelible_output/cleaned_aln/5/1.fasta, grasp_results/5/BEP/1/GRASP_ancestors.fasta
    output: grasp_results/concatenated/5/BEP/1/GRASP_ancestors.fasta
    jobid: 5
    wildcards: taxon=5, method=BEP, rep=1

[Thu Jan 28 14:42:41 2021]
Finished job 5.
5 of 6 steps (83%) done
Select jobs to execute...

[Thu Jan 28 14:42:41 2021]
rule summarise_indels:
    input: grasp_results/5/BEP/1/tree.nwk, grasp_results/concatenated/5/BEP/1/GRASP_ancestors.fasta
    output: summaries/5/BEP/1.txt
    jobid: 0
    wildcards: taxon=5, method=BEP, rep=1

[Thu Jan 28 14:42:42 2021]
Error in rule summarise_indels:
    jobid: 0
    output: summaries/5/BEP/1.txt

RuleException:
CalledProcessError in line 83 of /Users/gabefoley/Dropbox/PhD/20210121_Indel_Evaluation_Project/Indel_Evaluation_Snakemake/Snakefile:
Command 'set -euo pipefail;  /Users/gabefoley/miniconda3_latest/envs/indel_snakemake/bin/python3.9 /Users/gabefoley/Dropbox/PhD/20210121_Indel_Evaluation_Project/Indel_Evaluation_Snakemake/.snakemake/scripts/tmpqv4ybn_4.summarise_indels.py' returned non-zero exit status 1.
  File "/Users/gabefoley/miniconda3_latest/envs/indel_snakemake/lib/python3.9/site-packages/snakemake/executors/__init__.py", line 2319, in run_wrapper
  File "/Users/gabefoley/Dropbox/PhD/20210121_Indel_Evaluation_Project/Indel_Evaluation_Snakemake/Snakefile", line 83, in __rule_summarise_indels
  File "/Users/gabefoley/miniconda3_latest/envs/indel_snakemake/lib/python3.9/site-packages/snakemake/executors/__init__.py", line 568, in _callback
  File "/Users/gabefoley/miniconda3_latest/envs/indel_snakemake/lib/python3.9/concurrent/futures/thread.py", line 52, in run
  File "/Users/gabefoley/miniconda3_latest/envs/indel_snakemake/lib/python3.9/site-packages/snakemake/executors/__init__.py", line 554, in cached_or_run
  File "/Users/gabefoley/miniconda3_latest/envs/indel_snakemake/lib/python3.9/site-packages/snakemake/executors/__init__.py", line 2350, in run_wrapper
Shutting down, this might take some time.
Exiting because a job execution failed. Look above for error message
Complete log: /Users/gabefoley/Dropbox/PhD/20210121_Indel_Evaluation_Project/Indel_Evaluation_Snakemake/.snakemake/log/2021-01-28T144238.589514.snakemake.log
