Building DAG of jobs...
Using shell: /bin/bash
Provided cores: 1 (use --cores to define parallelism)
Rules claiming more threads will be scaled down.
Job counts:
	count	jobs
	2	clean_indelible
	1	compile_latex
	6	concat_fasta
	2	concat_indelible
	2	concat_indelible_summaries
	6	concat_summaries
	1	generate_latex
	1	generate_output_dict
	2	get_indelible_dict
	6	run_grasp
	2	summarise_indelible
	6	summarise_indels
	37
Select jobs to execute...

[Mon Feb  1 17:13:38 2021]
rule concat_indelible:
    input: indelible_output/100/100_TRUE_1.fasta, indelible_output/100/100_ANCESTRAL_1.fasta
    output: indelible_output/100/concatenated/100_1.fasta
    jobid: 39
    wildcards: taxon=100, rep=1

[Mon Feb  1 17:13:38 2021]
Finished job 39.
1 of 37 steps (3%) done
Select jobs to execute...

[Mon Feb  1 17:13:38 2021]
rule clean_indelible:
    input: indelible_output/100/N0_trees/1.nwk, indelible_output/100/concatenated/100_1.fasta
    output: indelible_output/100/cleaned_aln/1.fasta, indelible_output/100/concatenated/1.fasta, indelible_output/100/cleaned_N0_trees/1.nwk
    jobid: 36
    wildcards: taxon=100, rep=1

[Mon Feb  1 17:13:40 2021]
Finished job 36.
2 of 37 steps (5%) done
Select jobs to execute...

[Mon Feb  1 17:13:40 2021]
rule concat_indelible:
    input: indelible_output/25/25_TRUE_1.fasta, indelible_output/25/25_ANCESTRAL_1.fasta
    output: indelible_output/25/concatenated/25_1.fasta
    jobid: 9
    wildcards: taxon=25, rep=1

[Mon Feb  1 17:13:40 2021]
Finished job 9.
3 of 37 steps (8%) done
Select jobs to execute...

[Mon Feb  1 17:13:40 2021]
rule get_indelible_dict:
    input: indelible_output/100/concatenated/1.fasta, indelible_output/100/cleaned_N0_trees/1.nwk
    output: indelible_dicts/100/leaves_1.p, indelible_dicts/100/gaps_1.p
    jobid: 41
    wildcards: taxon=100, rep=1

[Mon Feb  1 17:13:41 2021]
Finished job 41.
4 of 37 steps (11%) done
Select jobs to execute...

[Mon Feb  1 17:13:41 2021]
rule run_grasp:
    input: indelible_output/100/cleaned_aln/1.fasta, indelible_output/100/cleaned_N0_trees/1.nwk
    output: grasp_results/100/BEP/1, grasp_results/100/BEP/1/GRASP_ancestors.fasta, grasp_results/100/BEP/1/tree.nwk
    jobid: 35
    wildcards: taxon=100, method=BEP, rep=1

[Mon Feb  1 17:14:09 2021]
Finished job 35.
5 of 37 steps (14%) done
Select jobs to execute...

[Mon Feb  1 17:14:09 2021]
rule concat_fasta:
    input: indelible_output/100/cleaned_aln/1.fasta, grasp_results/100/BEP/1/GRASP_ancestors.fasta
    output: grasp_results/concatenated/100/BEP/1/GRASP_ancestors.fasta
    jobid: 40
    wildcards: taxon=100, method=BEP, rep=1

[Mon Feb  1 17:14:09 2021]
Finished job 40.
6 of 37 steps (16%) done
Select jobs to execute...

[Mon Feb  1 17:14:09 2021]
rule summarise_indels:
    input: grasp_results/100/BEP/1/tree.nwk, grasp_results/concatenated/100/BEP/1/GRASP_ancestors.fasta, indelible_output/100/cleaned_N0_trees/1.nwk, indelible_output/100/concatenated/1.fasta, indelible_dicts/100/leaves_1.p, indelible_dicts/100/gaps_1.p
    output: summaries/100/BEP/1.csv
    jobid: 34
    wildcards: taxon=100, method=BEP, rep=1

[Mon Feb  1 17:14:10 2021]
Finished job 34.
7 of 37 steps (19%) done
Select jobs to execute...

[Mon Feb  1 17:14:10 2021]
rule concat_summaries:
    input: summaries/100/BEP/1.csv, summaries/100/BEP/2.csv
    output: concatenated_summaries/100_BEP.csv
    jobid: 33
    wildcards: taxon=100, method=BEP

[Mon Feb  1 17:14:10 2021]
Finished job 33.
8 of 37 steps (22%) done
Select jobs to execute...

[Mon Feb  1 17:14:10 2021]
rule clean_indelible:
    input: indelible_output/25/N0_trees/1.nwk, indelible_output/25/concatenated/25_1.fasta
    output: indelible_output/25/cleaned_aln/1.fasta, indelible_output/25/concatenated/1.fasta, indelible_output/25/cleaned_N0_trees/1.nwk
    jobid: 6
    wildcards: taxon=25, rep=1

[Mon Feb  1 17:14:12 2021]
Finished job 6.
9 of 37 steps (24%) done
Select jobs to execute...

[Mon Feb  1 17:14:12 2021]
rule get_indelible_dict:
    input: indelible_output/25/concatenated/1.fasta, indelible_output/25/cleaned_N0_trees/1.nwk
    output: indelible_dicts/25/leaves_1.p, indelible_dicts/25/gaps_1.p
    jobid: 11
    wildcards: taxon=25, rep=1

[Mon Feb  1 17:14:13 2021]
Finished job 11.
10 of 37 steps (27%) done
Select jobs to execute...

[Mon Feb  1 17:14:13 2021]
rule run_grasp:
    input: indelible_output/25/cleaned_aln/1.fasta, indelible_output/25/cleaned_N0_trees/1.nwk
    output: grasp_results/25/BEP/1, grasp_results/25/BEP/1/GRASP_ancestors.fasta, grasp_results/25/BEP/1/tree.nwk
    jobid: 5
    wildcards: taxon=25, method=BEP, rep=1

[Mon Feb  1 17:14:17 2021]
Finished job 5.
11 of 37 steps (30%) done
Select jobs to execute...

[Mon Feb  1 17:14:17 2021]
rule concat_fasta:
    input: indelible_output/25/cleaned_aln/1.fasta, grasp_results/25/BEP/1/GRASP_ancestors.fasta
    output: grasp_results/concatenated/25/BEP/1/GRASP_ancestors.fasta
    jobid: 10
    wildcards: taxon=25, method=BEP, rep=1

[Mon Feb  1 17:14:17 2021]
Finished job 10.
12 of 37 steps (32%) done
Select jobs to execute...

[Mon Feb  1 17:14:17 2021]
rule summarise_indels:
    input: grasp_results/25/BEP/1/tree.nwk, grasp_results/concatenated/25/BEP/1/GRASP_ancestors.fasta, indelible_output/25/cleaned_N0_trees/1.nwk, indelible_output/25/concatenated/1.fasta, indelible_dicts/25/leaves_1.p, indelible_dicts/25/gaps_1.p
    output: summaries/25/BEP/1.csv
    jobid: 4
    wildcards: taxon=25, method=BEP, rep=1

[Mon Feb  1 17:14:19 2021]
Finished job 4.
13 of 37 steps (35%) done
Select jobs to execute...

[Mon Feb  1 17:14:19 2021]
rule concat_summaries:
    input: summaries/25/BEP/1.csv, summaries/25/BEP/2.csv
    output: concatenated_summaries/25_BEP.csv
    jobid: 3
    wildcards: taxon=25, method=BEP

[Mon Feb  1 17:14:19 2021]
Finished job 3.
14 of 37 steps (38%) done
Select jobs to execute...

[Mon Feb  1 17:14:19 2021]
rule summarise_indelible:
    input: indelible_output/25/cleaned_N0_trees/1.nwk, indelible_output/25/concatenated/1.fasta, indelible_output/25/cleaned_N0_trees/1.nwk, indelible_output/25/concatenated/1.fasta, indelible_dicts/25/leaves_1.p, indelible_dicts/25/gaps_1.p
    output: indelible_summaries/25/1.csv
    jobid: 64
    wildcards: taxon=25, rep=1

[Mon Feb  1 17:14:20 2021]
Finished job 64.
15 of 37 steps (41%) done
Select jobs to execute...

[Mon Feb  1 17:14:20 2021]
rule concat_indelible_summaries:
    input: indelible_summaries/25/1.csv, indelible_summaries/25/2.csv
    output: concatenated_indelible_summaries/25.csv
    jobid: 63
    wildcards: taxon=25

[Mon Feb  1 17:14:20 2021]
Finished job 63.
16 of 37 steps (43%) done
Select jobs to execute...

[Mon Feb  1 17:14:20 2021]
rule run_grasp:
    input: indelible_output/25/cleaned_aln/1.fasta, indelible_output/25/cleaned_N0_trees/1.nwk
    output: grasp_results/25/SICP/1, grasp_results/25/SICP/1/GRASP_ancestors.fasta, grasp_results/25/SICP/1/tree.nwk
    jobid: 21
    wildcards: taxon=25, method=SICP, rep=1

[Mon Feb  1 17:14:24 2021]
Finished job 21.
17 of 37 steps (46%) done
Select jobs to execute...

[Mon Feb  1 17:14:24 2021]
rule summarise_indelible:
    input: indelible_output/100/cleaned_N0_trees/1.nwk, indelible_output/100/concatenated/1.fasta, indelible_output/100/cleaned_N0_trees/1.nwk, indelible_output/100/concatenated/1.fasta, indelible_dicts/100/leaves_1.p, indelible_dicts/100/gaps_1.p
    output: indelible_summaries/100/1.csv
    jobid: 67
    wildcards: taxon=100, rep=1

[Mon Feb  1 17:14:26 2021]
Finished job 67.
18 of 37 steps (49%) done
Select jobs to execute...

[Mon Feb  1 17:14:26 2021]
rule concat_fasta:
    input: indelible_output/25/cleaned_aln/1.fasta, grasp_results/25/SICP/1/GRASP_ancestors.fasta
    output: grasp_results/concatenated/25/SICP/1/GRASP_ancestors.fasta
    jobid: 22
    wildcards: taxon=25, method=SICP, rep=1

[Mon Feb  1 17:14:26 2021]
Finished job 22.
19 of 37 steps (51%) done
Select jobs to execute...

[Mon Feb  1 17:14:26 2021]
rule summarise_indels:
    input: grasp_results/25/SICP/1/tree.nwk, grasp_results/concatenated/25/SICP/1/GRASP_ancestors.fasta, indelible_output/25/cleaned_N0_trees/1.nwk, indelible_output/25/concatenated/1.fasta, indelible_dicts/25/leaves_1.p, indelible_dicts/25/gaps_1.p
    output: summaries/25/SICP/1.csv
    jobid: 20
    wildcards: taxon=25, method=SICP, rep=1

[Mon Feb  1 17:14:27 2021]
Finished job 20.
20 of 37 steps (54%) done
Select jobs to execute...

[Mon Feb  1 17:14:27 2021]
rule run_grasp:
    input: indelible_output/100/cleaned_aln/1.fasta, indelible_output/100/cleaned_N0_trees/1.nwk
    output: grasp_results/100/SICP/1, grasp_results/100/SICP/1/GRASP_ancestors.fasta, grasp_results/100/SICP/1/tree.nwk
    jobid: 51
    wildcards: taxon=100, method=SICP, rep=1

[Mon Feb  1 17:14:41 2021]
Finished job 51.
21 of 37 steps (57%) done
Select jobs to execute...

[Mon Feb  1 17:14:41 2021]
rule concat_fasta:
    input: indelible_output/100/cleaned_aln/1.fasta, grasp_results/100/SICP/1/GRASP_ancestors.fasta
    output: grasp_results/concatenated/100/SICP/1/GRASP_ancestors.fasta
    jobid: 52
    wildcards: taxon=100, method=SICP, rep=1

[Mon Feb  1 17:14:41 2021]
Finished job 52.
22 of 37 steps (59%) done
Select jobs to execute...

[Mon Feb  1 17:14:41 2021]
rule summarise_indels:
    input: grasp_results/100/SICP/1/tree.nwk, grasp_results/concatenated/100/SICP/1/GRASP_ancestors.fasta, indelible_output/100/cleaned_N0_trees/1.nwk, indelible_output/100/concatenated/1.fasta, indelible_dicts/100/leaves_1.p, indelible_dicts/100/gaps_1.p
    output: summaries/100/SICP/1.csv
    jobid: 50
    wildcards: taxon=100, method=SICP, rep=1

[Mon Feb  1 17:14:43 2021]
Finished job 50.
23 of 37 steps (62%) done
Select jobs to execute...

[Mon Feb  1 17:14:43 2021]
rule concat_summaries:
    input: summaries/100/SICP/1.csv, summaries/100/SICP/2.csv
    output: concatenated_summaries/100_SICP.csv
    jobid: 49
    wildcards: taxon=100, method=SICP

[Mon Feb  1 17:14:43 2021]
Finished job 49.
24 of 37 steps (65%) done
Select jobs to execute...

[Mon Feb  1 17:14:43 2021]
rule run_grasp:
    input: indelible_output/100/cleaned_aln/1.fasta, indelible_output/100/cleaned_N0_trees/1.nwk
    output: grasp_results/100/SICML/1, grasp_results/100/SICML/1/GRASP_ancestors.fasta, grasp_results/100/SICML/1/tree.nwk
    jobid: 58
    wildcards: taxon=100, method=SICML, rep=1

[Mon Feb  1 17:15:00 2021]
Finished job 58.
25 of 37 steps (68%) done
Select jobs to execute...

[Mon Feb  1 17:15:00 2021]
rule run_grasp:
    input: indelible_output/25/cleaned_aln/1.fasta, indelible_output/25/cleaned_N0_trees/1.nwk
    output: grasp_results/25/SICML/1, grasp_results/25/SICML/1/GRASP_ancestors.fasta, grasp_results/25/SICML/1/tree.nwk
    jobid: 28
    wildcards: taxon=25, method=SICML, rep=1

[Mon Feb  1 17:15:04 2021]
Finished job 28.
26 of 37 steps (70%) done
Select jobs to execute...

[Mon Feb  1 17:15:04 2021]
rule concat_indelible_summaries:
    input: indelible_summaries/100/1.csv, indelible_summaries/100/2.csv
    output: concatenated_indelible_summaries/100.csv
    jobid: 66
    wildcards: taxon=100

[Mon Feb  1 17:15:04 2021]
Finished job 66.
27 of 37 steps (73%) done
Select jobs to execute...

[Mon Feb  1 17:15:04 2021]
rule concat_summaries:
    input: summaries/25/SICP/1.csv, summaries/25/SICP/2.csv
    output: concatenated_summaries/25_SICP.csv
    jobid: 19
    wildcards: taxon=25, method=SICP

[Mon Feb  1 17:15:04 2021]
Finished job 19.
28 of 37 steps (76%) done
Select jobs to execute...

[Mon Feb  1 17:15:04 2021]
rule concat_fasta:
    input: indelible_output/25/cleaned_aln/1.fasta, grasp_results/25/SICML/1/GRASP_ancestors.fasta
    output: grasp_results/concatenated/25/SICML/1/GRASP_ancestors.fasta
    jobid: 29
    wildcards: taxon=25, method=SICML, rep=1

[Mon Feb  1 17:15:04 2021]
Finished job 29.
29 of 37 steps (78%) done
Select jobs to execute...

[Mon Feb  1 17:15:05 2021]
rule concat_fasta:
    input: indelible_output/100/cleaned_aln/1.fasta, grasp_results/100/SICML/1/GRASP_ancestors.fasta
    output: grasp_results/concatenated/100/SICML/1/GRASP_ancestors.fasta
    jobid: 59
    wildcards: taxon=100, method=SICML, rep=1

[Mon Feb  1 17:15:05 2021]
Finished job 59.
30 of 37 steps (81%) done
Select jobs to execute...

[Mon Feb  1 17:15:05 2021]
rule summarise_indels:
    input: grasp_results/25/SICML/1/tree.nwk, grasp_results/concatenated/25/SICML/1/GRASP_ancestors.fasta, indelible_output/25/cleaned_N0_trees/1.nwk, indelible_output/25/concatenated/1.fasta, indelible_dicts/25/leaves_1.p, indelible_dicts/25/gaps_1.p
    output: summaries/25/SICML/1.csv
    jobid: 27
    wildcards: taxon=25, method=SICML, rep=1

[Mon Feb  1 17:15:06 2021]
Finished job 27.
31 of 37 steps (84%) done
Select jobs to execute...

[Mon Feb  1 17:15:06 2021]
rule concat_summaries:
    input: summaries/25/SICML/1.csv, summaries/25/SICML/2.csv
    output: concatenated_summaries/25_SICML.csv
    jobid: 26
    wildcards: taxon=25, method=SICML

[Mon Feb  1 17:15:06 2021]
Finished job 26.
32 of 37 steps (86%) done
Select jobs to execute...

[Mon Feb  1 17:15:06 2021]
rule summarise_indels:
    input: grasp_results/100/SICML/1/tree.nwk, grasp_results/concatenated/100/SICML/1/GRASP_ancestors.fasta, indelible_output/100/cleaned_N0_trees/1.nwk, indelible_output/100/concatenated/1.fasta, indelible_dicts/100/leaves_1.p, indelible_dicts/100/gaps_1.p
    output: summaries/100/SICML/1.csv
    jobid: 57
    wildcards: taxon=100, method=SICML, rep=1

[Mon Feb  1 17:15:08 2021]
Finished job 57.
33 of 37 steps (89%) done
Select jobs to execute...

[Mon Feb  1 17:15:08 2021]
rule concat_summaries:
    input: summaries/100/SICML/1.csv, summaries/100/SICML/2.csv
    output: concatenated_summaries/100_SICML.csv
    jobid: 56
    wildcards: taxon=100, method=SICML

[Mon Feb  1 17:15:08 2021]
Finished job 56.
34 of 37 steps (92%) done
Select jobs to execute...

[Mon Feb  1 17:15:08 2021]
rule generate_output_dict:
    input: concatenated_summaries/25_BEP.csv, concatenated_summaries/25_SICP.csv, concatenated_summaries/25_SICML.csv, concatenated_summaries/100_BEP.csv, concatenated_summaries/100_SICP.csv, concatenated_summaries/100_SICML.csv, concatenated_indelible_summaries/25.csv, concatenated_indelible_summaries/100.csv
    output: output_dicts/output.p
    jobid: 2

[Mon Feb  1 17:15:15 2021]
Finished job 2.
35 of 37 steps (95%) done
Select jobs to execute...

[Mon Feb  1 17:15:15 2021]
rule generate_latex:
    input: output_dicts/output.p
    output: plots/plot.tex
    jobid: 1

[Mon Feb  1 17:15:15 2021]
Error in rule generate_latex:
    jobid: 1
    output: plots/plot.tex

RuleException:
CalledProcessError in line 174 of /Users/gabefoley/Dropbox/PhD/20210121_Indel_Evaluation_Project/Indel_Evaluation_Snakemake/Snakefile:
Command 'set -euo pipefail;  /Users/gabefoley/miniconda3_latest/envs/indel_snakemake/bin/python3.9 /Users/gabefoley/Dropbox/PhD/20210121_Indel_Evaluation_Project/Indel_Evaluation_Snakemake/.snakemake/scripts/tmploeb9svl.generate_latex.py' returned non-zero exit status 1.
  File "/Users/gabefoley/miniconda3_latest/envs/indel_snakemake/lib/python3.9/site-packages/snakemake/executors/__init__.py", line 2319, in run_wrapper
  File "/Users/gabefoley/Dropbox/PhD/20210121_Indel_Evaluation_Project/Indel_Evaluation_Snakemake/Snakefile", line 174, in __rule_generate_latex
  File "/Users/gabefoley/miniconda3_latest/envs/indel_snakemake/lib/python3.9/site-packages/snakemake/executors/__init__.py", line 568, in _callback
  File "/Users/gabefoley/miniconda3_latest/envs/indel_snakemake/lib/python3.9/concurrent/futures/thread.py", line 52, in run
  File "/Users/gabefoley/miniconda3_latest/envs/indel_snakemake/lib/python3.9/site-packages/snakemake/executors/__init__.py", line 554, in cached_or_run
  File "/Users/gabefoley/miniconda3_latest/envs/indel_snakemake/lib/python3.9/site-packages/snakemake/executors/__init__.py", line 2350, in run_wrapper
Shutting down, this might take some time.
Exiting because a job execution failed. Look above for error message
Complete log: /Users/gabefoley/Dropbox/PhD/20210121_Indel_Evaluation_Project/Indel_Evaluation_Snakemake/.snakemake/log/2021-02-01T171338.597444.snakemake.log
