Building DAG of jobs...
Using shell: /bin/bash
Provided cores: 1 (use --cores to define parallelism)
Rules claiming more threads will be scaled down.
Job counts:
	count	jobs
	1	all
	1	create_control_files
	4	run_indelible
	6
Select jobs to execute...

[Mon Jan 25 12:01:56 2021]
rule run_indelible:
    input: indelible/40_control.txt
    output: indelible_output/40/cleaned_trees/40_tree_2.nwk, indelible_output/40/cleaned_fasta/40_TRUE_2.fasta
    jobid: 3
    wildcards: taxon=40, rep=2

Waiting at most 5 seconds for missing files.
MissingOutputException in line 17 of /Users/gabefoley/Dropbox/PhD/20210121_Indel_Evaluation_Project/Indel_Evaluation_Snakemake/Snakefile:
Job Missing files after 5 seconds:
indelible_output/40/cleaned_fasta/40_TRUE_2.fasta
This might be due to filesystem latency. If that is the case, consider to increase the wait time with --latency-wait.
Job id: 3 completed successfully, but some output files are missing. 3
  File "/Users/gabefoley/miniconda3_latest/envs/indel_snakemake/lib/python3.9/site-packages/snakemake/executors/__init__.py", line 583, in handle_job_success
  File "/Users/gabefoley/miniconda3_latest/envs/indel_snakemake/lib/python3.9/site-packages/snakemake/executors/__init__.py", line 252, in handle_job_success
Removing output files of failed job run_indelible since they might be corrupted:
indelible_output/40/cleaned_trees/40_tree_2.nwk
Shutting down, this might take some time.
Exiting because a job execution failed. Look above for error message
Complete log: /Users/gabefoley/Dropbox/PhD/20210121_Indel_Evaluation_Project/Indel_Evaluation_Snakemake/.snakemake/log/2021-01-25T120156.695103.snakemake.log
