Building DAG of jobs...
Using shell: /bin/bash
Provided cores: 1 (use --cores to define parallelism)
Rules claiming more threads will be scaled down.
Job counts:
	count	jobs
	1	clean_fasta
	1	concat_fasta
	1	create_control_files
	1	run_grasp
	1	run_indelible
	5
Select jobs to execute...

[Thu Jan 28 09:45:44 2021]
rule create_control_files:
    output: indelible/5_control.txt
    jobid: 3
    wildcards: taxon=5

[Thu Jan 28 09:45:44 2021]
Finished job 3.
1 of 5 steps (20%) done
Select jobs to execute...

[Thu Jan 28 09:45:44 2021]
rule run_indelible:
    input: indelible/5_control.txt
    output: indelible_output/5/cleaned_trees/5_tree_1.nwk, indelible_output/5/5_TRUE_1.fasta
    jobid: 2
    wildcards: taxon=5, rep=1

[Thu Jan 28 09:45:45 2021]
Finished job 2.
2 of 5 steps (40%) done
Select jobs to execute...

[Thu Jan 28 09:45:45 2021]
rule clean_fasta:
    input: indelible_output/5/5_TRUE_1.fasta
    output: indelible_output/5/cleaned_aln/5_TRUE_1.fasta
    jobid: 1
    wildcards: taxon=5, rep=1

[Thu Jan 28 09:45:45 2021]
Finished job 1.
3 of 5 steps (60%) done
Select jobs to execute...

[Thu Jan 28 09:45:45 2021]
rule run_grasp:
    input: indelible_output/5/cleaned_aln/5_TRUE_1.fasta, indelible_output/5/cleaned_trees/5_tree_1.nwk
    output: grasp_results/5/ancestors/5_output_1
    jobid: 4
    wildcards: taxon=5, rep=1

[Thu Jan 28 09:45:47 2021]
Finished job 4.
4 of 5 steps (80%) done
Select jobs to execute...

[Thu Jan 28 09:45:47 2021]
rule concat_fasta:
    input: indelible_output/5/cleaned_aln/5_TRUE_1.fasta, grasp_results/5/ancestors/5_output_1
    output: grasp_results/5/concatenated/5_output_1
    jobid: 0
    wildcards: taxon=5, rep=1

[Thu Jan 28 09:45:47 2021]
Finished job 0.
5 of 5 steps (100%) done
Complete log: /Users/gabefoley/Dropbox/PhD/20210121_Indel_Evaluation_Project/Indel_Evaluation_Snakemake/.snakemake/log/2021-01-28T094544.392478.snakemake.log
