Building DAG of jobs...
Using shell: /bin/bash
Provided cores: 1 (use --cores to define parallelism)
Rules claiming more threads will be scaled down.
Job counts:
	count	jobs
	6	clean_fastml
	6	clean_indelible
	1	compile_latex
	24	concat_fasta
	3	concat_fastml_summaries
	6	concat_indelible
	3	concat_indelible_summaries
	12	concat_summaries
	1	generate_latex
	1	generate_output_dict
	6	get_indelible_dict
	6	run_fastml
	24	run_grasp
	6	summarise_fastml_indels
	6	summarise_indelible
	24	summarise_indels
	135
Select jobs to execute...

[Thu Feb  4 14:06:28 2021]
rule concat_indelible:
    input: indelible_output/10/10_TRUE_1.fasta, indelible_output/10/10_ANCESTRAL_1.fasta
    output: indelible_output/10/concatenated/10_1.fasta
    jobid: 62
    wildcards: taxon=10, rep=1

[Thu Feb  4 14:06:28 2021]
Finished job 62.
1 of 135 steps (0.74%) done
Select jobs to execute...

[Thu Feb  4 14:06:28 2021]
rule concat_indelible:
    input: indelible_output/50/50_TRUE_3.fasta, indelible_output/50/50_ANCESTRAL_3.fasta
    output: indelible_output/50/concatenated/50_3.fasta
    jobid: 182
    wildcards: taxon=50, rep=3

[Thu Feb  4 14:06:28 2021]
Finished job 182.
2 of 135 steps (1%) done
Select jobs to execute...

[Thu Feb  4 14:06:28 2021]
rule concat_indelible:
    input: indelible_output/10/10_TRUE_3.fasta, indelible_output/10/10_ANCESTRAL_3.fasta
    output: indelible_output/10/concatenated/10_3.fasta
    jobid: 76
    wildcards: taxon=10, rep=3

[Thu Feb  4 14:06:28 2021]
Finished job 76.
3 of 135 steps (2%) done
Select jobs to execute...

[Thu Feb  4 14:06:28 2021]
rule clean_indelible:
    input: indelible_output/10/N0_trees/3.nwk, indelible_output/10/concatenated/10_3.fasta
    output: indelible_output/10/cleaned_aln/3.fasta, indelible_output/10/concatenated/3.fasta, indelible_output/10/cleaned_trees/3.nwk, indelible_output/10/cleaned_N0_trees/3.nwk, indelible_output/10/cleaned_no_internal_trees/3.nwk
    jobid: 74
    wildcards: taxon=10, rep=3

[Thu Feb  4 14:06:30 2021]
Finished job 74.
4 of 135 steps (3%) done
Select jobs to execute...

[Thu Feb  4 14:06:30 2021]
rule get_indelible_dict:
    input: indelible_output/10/concatenated/3.fasta, indelible_output/10/cleaned_N0_trees/3.nwk
    output: indelible_dicts/10/leaves_3.p, indelible_dicts/10/gaps_3.p
    jobid: 78
    wildcards: taxon=10, rep=3

[Thu Feb  4 14:06:31 2021]
Finished job 78.
5 of 135 steps (4%) done
Select jobs to execute...

[Thu Feb  4 14:06:31 2021]
rule run_grasp:
    input: indelible_output/10/cleaned_aln/3.fasta, indelible_output/10/cleaned_N0_trees/3.nwk
    output: grasp_results/10/SICP/3, grasp_results/10/SICP/3/GRASP_ancestors.fasta, grasp_results/10/SICP/3/tree.nwk
    jobid: 87
    wildcards: taxon=10, method=SICP, rep=3

[Thu Feb  4 14:06:32 2021]
Finished job 87.
6 of 135 steps (4%) done
Select jobs to execute...

[Thu Feb  4 14:06:32 2021]
rule concat_fasta:
    input: indelible_output/10/cleaned_aln/3.fasta, grasp_results/10/SICP/3/GRASP_ancestors.fasta
    output: grasp_results/concatenated/10/SICP/3/GRASP_ancestors.fasta
    jobid: 88
    wildcards: taxon=10, method=SICP, rep=3

[Thu Feb  4 14:06:32 2021]
Finished job 88.
7 of 135 steps (5%) done
Select jobs to execute...

[Thu Feb  4 14:06:32 2021]
rule summarise_indels:
    input: grasp_results/10/SICP/3/tree.nwk, grasp_results/concatenated/10/SICP/3/GRASP_ancestors.fasta, indelible_output/10/cleaned_N0_trees/3.nwk, indelible_output/10/concatenated/3.fasta, indelible_dicts/10/leaves_3.p, indelible_dicts/10/gaps_3.p
    output: summaries/10/SICP/3.csv
    jobid: 86
    wildcards: taxon=10, method=SICP, rep=3

[Thu Feb  4 14:06:33 2021]
Finished job 86.
8 of 135 steps (6%) done
Select jobs to execute...

[Thu Feb  4 14:06:33 2021]
rule summarise_indelible:
    input: indelible_output/10/cleaned_N0_trees/3.nwk, indelible_output/10/concatenated/3.fasta, indelible_output/10/cleaned_N0_trees/3.nwk, indelible_output/10/concatenated/3.fasta, indelible_dicts/10/leaves_3.p, indelible_dicts/10/gaps_3.p
    output: indelible_summaries/10/3.csv
    jobid: 262
    wildcards: taxon=10, rep=3

[Thu Feb  4 14:06:34 2021]
Finished job 262.
9 of 135 steps (7%) done
Select jobs to execute...

[Thu Feb  4 14:06:34 2021]
rule run_grasp:
    input: indelible_output/10/cleaned_aln/3.fasta, indelible_output/10/cleaned_N0_trees/3.nwk
    output: grasp_results/10/BEML/3, grasp_results/10/BEML/3/GRASP_ancestors.fasta, grasp_results/10/BEML/3/tree.nwk
    jobid: 107
    wildcards: taxon=10, method=BEML, rep=3

[Thu Feb  4 14:06:35 2021]
Finished job 107.
10 of 135 steps (7%) done
Select jobs to execute...

[Thu Feb  4 14:06:35 2021]
rule concat_fasta:
    input: indelible_output/10/cleaned_aln/3.fasta, grasp_results/10/BEML/3/GRASP_ancestors.fasta
    output: grasp_results/concatenated/10/BEML/3/GRASP_ancestors.fasta
    jobid: 108
    wildcards: taxon=10, method=BEML, rep=3

[Thu Feb  4 14:06:35 2021]
Finished job 108.
11 of 135 steps (8%) done
Select jobs to execute...

[Thu Feb  4 14:06:35 2021]
rule summarise_indels:
    input: grasp_results/10/BEML/3/tree.nwk, grasp_results/concatenated/10/BEML/3/GRASP_ancestors.fasta, indelible_output/10/cleaned_N0_trees/3.nwk, indelible_output/10/concatenated/3.fasta, indelible_dicts/10/leaves_3.p, indelible_dicts/10/gaps_3.p
    output: summaries/10/BEML/3.csv
    jobid: 106
    wildcards: taxon=10, method=BEML, rep=3

[Thu Feb  4 14:06:36 2021]
Finished job 106.
12 of 135 steps (9%) done
Select jobs to execute...

[Thu Feb  4 14:06:36 2021]
rule run_grasp:
    input: indelible_output/10/cleaned_aln/3.fasta, indelible_output/10/cleaned_N0_trees/3.nwk
    output: grasp_results/10/BEP/3, grasp_results/10/BEP/3/GRASP_ancestors.fasta, grasp_results/10/BEP/3/tree.nwk
    jobid: 73
    wildcards: taxon=10, method=BEP, rep=3

[Thu Feb  4 14:06:37 2021]
Finished job 73.
13 of 135 steps (10%) done
Select jobs to execute...

[Thu Feb  4 14:06:37 2021]
rule concat_fasta:
    input: indelible_output/10/cleaned_aln/3.fasta, grasp_results/10/BEP/3/GRASP_ancestors.fasta
    output: grasp_results/concatenated/10/BEP/3/GRASP_ancestors.fasta
    jobid: 77
    wildcards: taxon=10, method=BEP, rep=3

[Thu Feb  4 14:06:37 2021]
Finished job 77.
14 of 135 steps (10%) done
Select jobs to execute...

[Thu Feb  4 14:06:37 2021]
rule summarise_indels:
    input: grasp_results/10/BEP/3/tree.nwk, grasp_results/concatenated/10/BEP/3/GRASP_ancestors.fasta, indelible_output/10/cleaned_N0_trees/3.nwk, indelible_output/10/concatenated/3.fasta, indelible_dicts/10/leaves_3.p, indelible_dicts/10/gaps_3.p
    output: summaries/10/BEP/3.csv
    jobid: 72
    wildcards: taxon=10, method=BEP, rep=3

[Thu Feb  4 14:06:38 2021]
Finished job 72.
15 of 135 steps (11%) done
Select jobs to execute...

[Thu Feb  4 14:06:38 2021]
rule clean_indelible:
    input: indelible_output/50/N0_trees/3.nwk, indelible_output/50/concatenated/50_3.fasta
    output: indelible_output/50/cleaned_aln/3.fasta, indelible_output/50/concatenated/3.fasta, indelible_output/50/cleaned_trees/3.nwk, indelible_output/50/cleaned_N0_trees/3.nwk, indelible_output/50/cleaned_no_internal_trees/3.nwk
    jobid: 180
    wildcards: taxon=50, rep=3

[Thu Feb  4 14:06:39 2021]
Finished job 180.
16 of 135 steps (12%) done
Select jobs to execute...

[Thu Feb  4 14:06:39 2021]
rule run_fastml:
    input: indelible_output/50/cleaned_aln/3.fasta, indelible_output/50/cleaned_no_internal_trees/3.nwk
    output: fastml_results/50/3/seq.joint.txt, fastml_results/50/3/tree.newick.txt, fastml_results/50/3
    jobid: 254
    wildcards: taxon=50, rep=3

Terminating processes on user request, this might take some time.
Waiting at most 1 seconds for missing files.
MissingOutputException in line 53 of /Users/gabefoley/Dropbox/PhD/20210121_Indel_Evaluation_Project/Indel_Evaluation_Snakemake/Snakefile:
Job Missing files after 1 seconds:
fastml_results/50/3/seq.joint.txt
fastml_results/50/3/tree.newick.txt
This might be due to filesystem latency. If that is the case, consider to increase the wait time with --latency-wait.
Job id: 254 completed successfully, but some output files are missing. 254
  File "/Users/gabefoley/miniconda3_latest/envs/indel_snakemake/lib/python3.9/site-packages/snakemake/executors/__init__.py", line 583, in handle_job_success
  File "/Users/gabefoley/miniconda3_latest/envs/indel_snakemake/lib/python3.9/site-packages/snakemake/executors/__init__.py", line 252, in handle_job_success
Removing output files of failed job run_fastml since they might be corrupted:
fastml_results/50/3
Complete log: /Users/gabefoley/Dropbox/PhD/20210121_Indel_Evaluation_Project/Indel_Evaluation_Snakemake/.snakemake/log/2021-02-04T140627.859117.snakemake.log
