Building DAG of jobs...
Using shell: /bin/bash
Provided cores: 1 (use --cores to define parallelism)
Rules claiming more threads will be scaled down.
Job counts:
	count	jobs
	1	clean_fasta
	3	concat_fasta
	1	create_plots
	3	run_grasp
	3	summarise_indels
	11
Select jobs to execute...

[Fri Jan 29 10:31:08 2021]
rule clean_fasta:
    input: indelible_output/8/8_TRUE_1.fasta
    output: indelible_output/cleaned_aln/8/1.fasta
    jobid: 26
    wildcards: taxon=8, rep=1

[Fri Jan 29 10:31:09 2021]
Finished job 26.
1 of 11 steps (9%) done
Select jobs to execute...

[Fri Jan 29 10:31:09 2021]
rule run_grasp:
    input: indelible_output/cleaned_aln/8/1.fasta, indelible_output/8/cleaned_trees/1.nwk
    output: grasp_results/8/SICML/1, grasp_results/8/SICML/1/GRASP_ancestors.fasta, grasp_results/8/SICML/1/tree.nwk
    jobid: 42
    wildcards: taxon=8, method=SICML, rep=1

[Fri Jan 29 10:31:11 2021]
Finished job 42.
2 of 11 steps (18%) done
Select jobs to execute...

[Fri Jan 29 10:31:11 2021]
rule concat_fasta:
    input: indelible_output/cleaned_aln/8/1.fasta, grasp_results/8/SICML/1/GRASP_ancestors.fasta
    output: grasp_results/concatenated/8/SICML/1/GRASP_ancestors.fasta
    jobid: 43
    wildcards: taxon=8, method=SICML, rep=1

[Fri Jan 29 10:31:11 2021]
Finished job 43.
3 of 11 steps (27%) done
Select jobs to execute...

[Fri Jan 29 10:31:11 2021]
rule run_grasp:
    input: indelible_output/cleaned_aln/8/1.fasta, indelible_output/8/cleaned_trees/1.nwk
    output: grasp_results/8/BEP/1, grasp_results/8/BEP/1/GRASP_ancestors.fasta, grasp_results/8/BEP/1/tree.nwk
    jobid: 25
    wildcards: taxon=8, method=BEP, rep=1

[Fri Jan 29 10:31:13 2021]
Finished job 25.
4 of 11 steps (36%) done
Select jobs to execute...

[Fri Jan 29 10:31:13 2021]
rule summarise_indels:
    input: grasp_results/8/SICML/1/tree.nwk, grasp_results/concatenated/8/SICML/1/GRASP_ancestors.fasta
    output: summaries/8/SICML/1.csv
    jobid: 41
    wildcards: taxon=8, method=SICML, rep=1

[Fri Jan 29 10:31:13 2021]
Finished job 41.
5 of 11 steps (45%) done
Select jobs to execute...

[Fri Jan 29 10:31:13 2021]
rule concat_fasta:
    input: indelible_output/cleaned_aln/8/1.fasta, grasp_results/8/BEP/1/GRASP_ancestors.fasta
    output: grasp_results/concatenated/8/BEP/1/GRASP_ancestors.fasta
    jobid: 29
    wildcards: taxon=8, method=BEP, rep=1

[Fri Jan 29 10:31:13 2021]
Finished job 29.
6 of 11 steps (55%) done
Select jobs to execute...

[Fri Jan 29 10:31:13 2021]
rule run_grasp:
    input: indelible_output/cleaned_aln/8/1.fasta, indelible_output/8/cleaned_trees/1.nwk
    output: grasp_results/8/SICP/1, grasp_results/8/SICP/1/GRASP_ancestors.fasta, grasp_results/8/SICP/1/tree.nwk
    jobid: 36
    wildcards: taxon=8, method=SICP, rep=1

[Fri Jan 29 10:31:15 2021]
Finished job 36.
7 of 11 steps (64%) done
Select jobs to execute...

[Fri Jan 29 10:31:15 2021]
rule summarise_indels:
    input: grasp_results/8/BEP/1/tree.nwk, grasp_results/concatenated/8/BEP/1/GRASP_ancestors.fasta
    output: summaries/8/BEP/1.csv
    jobid: 24
    wildcards: taxon=8, method=BEP, rep=1

[Fri Jan 29 10:31:15 2021]
Finished job 24.
8 of 11 steps (73%) done
Select jobs to execute...

[Fri Jan 29 10:31:15 2021]
rule concat_fasta:
    input: indelible_output/cleaned_aln/8/1.fasta, grasp_results/8/SICP/1/GRASP_ancestors.fasta
    output: grasp_results/concatenated/8/SICP/1/GRASP_ancestors.fasta
    jobid: 37
    wildcards: taxon=8, method=SICP, rep=1

[Fri Jan 29 10:31:15 2021]
Finished job 37.
9 of 11 steps (82%) done
Select jobs to execute...

[Fri Jan 29 10:31:16 2021]
rule summarise_indels:
    input: grasp_results/8/SICP/1/tree.nwk, grasp_results/concatenated/8/SICP/1/GRASP_ancestors.fasta
    output: summaries/8/SICP/1.csv
    jobid: 35
    wildcards: taxon=8, method=SICP, rep=1

[Fri Jan 29 10:31:16 2021]
Finished job 35.
10 of 11 steps (91%) done
Select jobs to execute...

[Fri Jan 29 10:31:16 2021]
rule create_plots:
    input: summaries/4/BEP/1.csv, summaries/4/BEP/2.csv, summaries/4/SICP/1.csv, summaries/4/SICP/2.csv, summaries/4/SICML/1.csv, summaries/4/SICML/2.csv, summaries/8/BEP/1.csv, summaries/8/BEP/2.csv, summaries/8/SICP/1.csv, summaries/8/SICP/2.csv, summaries/8/SICML/1.csv, summaries/8/SICML/2.csv
    output: plots/plot.png
    jobid: 0

[Fri Jan 29 10:31:16 2021]
Error in rule create_plots:
    jobid: 0
    output: plots/plot.png

RuleException:
CalledProcessError in line 88 of /Users/gabefoley/Dropbox/PhD/20210121_Indel_Evaluation_Project/Indel_Evaluation_Snakemake/Snakefile:
Command 'set -euo pipefail;  /Users/gabefoley/miniconda3_latest/envs/indel_snakemake/bin/python3.9 /Users/gabefoley/Dropbox/PhD/20210121_Indel_Evaluation_Project/Indel_Evaluation_Snakemake/.snakemake/scripts/tmp_57n3pfd.create_plots.py' returned non-zero exit status 1.
  File "/Users/gabefoley/miniconda3_latest/envs/indel_snakemake/lib/python3.9/site-packages/snakemake/executors/__init__.py", line 2319, in run_wrapper
  File "/Users/gabefoley/Dropbox/PhD/20210121_Indel_Evaluation_Project/Indel_Evaluation_Snakemake/Snakefile", line 88, in __rule_create_plots
  File "/Users/gabefoley/miniconda3_latest/envs/indel_snakemake/lib/python3.9/site-packages/snakemake/executors/__init__.py", line 568, in _callback
  File "/Users/gabefoley/miniconda3_latest/envs/indel_snakemake/lib/python3.9/concurrent/futures/thread.py", line 52, in run
  File "/Users/gabefoley/miniconda3_latest/envs/indel_snakemake/lib/python3.9/site-packages/snakemake/executors/__init__.py", line 554, in cached_or_run
  File "/Users/gabefoley/miniconda3_latest/envs/indel_snakemake/lib/python3.9/site-packages/snakemake/executors/__init__.py", line 2350, in run_wrapper
Shutting down, this might take some time.
Exiting because a job execution failed. Look above for error message
Complete log: /Users/gabefoley/Dropbox/PhD/20210121_Indel_Evaluation_Project/Indel_Evaluation_Snakemake/.snakemake/log/2021-01-29T103108.536630.snakemake.log
