Building DAG of jobs...
Using shell: /bin/bash
Provided cores: 1 (use --cores to define parallelism)
Rules claiming more threads will be scaled down.
Job counts:
	count	jobs
	1	clean_fasta
	1	create_control_files
	1	run_fastml
	1	run_indelible
	4
Select jobs to execute...

[Wed Jan 27 16:31:49 2021]
rule create_control_files:
    output: indelible/5_control.txt
    jobid: 3
    wildcards: taxon=5

[Wed Jan 27 16:31:50 2021]
Finished job 3.
1 of 4 steps (25%) done
Select jobs to execute...

[Wed Jan 27 16:31:50 2021]
rule run_indelible:
    input: indelible/5_control.txt
    output: indelible_output/5/cleaned_trees/5_tree_2.nwk, indelible_output/5/5_TRUE_2.fasta
    jobid: 2
    wildcards: taxon=5, rep=2

[Wed Jan 27 16:31:50 2021]
Finished job 2.
2 of 4 steps (50%) done
Select jobs to execute...

[Wed Jan 27 16:31:50 2021]
rule clean_fasta:
    input: indelible_output/5/5_TRUE_2.fasta
    output: indelible_output/5/cleaned_aln/5_TRUE_2.fasta
    jobid: 1
    wildcards: taxon=5, rep=2

[Wed Jan 27 16:31:51 2021]
Finished job 1.
3 of 4 steps (75%) done
Select jobs to execute...

[Wed Jan 27 16:31:51 2021]
rule run_fastml:
    input: indelible_output/5/cleaned_aln/5_TRUE_2.fasta, indelible_output/5/cleaned_trees/5_tree_2.nwk
    output: fastml_results/5/2
    jobid: 0
    wildcards: taxon=5, rep=2

ImproperOutputException in line 35 of /Users/gabefoley/Dropbox/PhD/20210121_Indel_Evaluation_Project/Indel_Evaluation_Snakemake/Snakefile:
Outputs of incorrect type (directories when expecting files or vice versa). Output directories must be flagged with directory(). for rule run_fastml:
fastml_results/5/2
  File "/Users/gabefoley/miniconda3_latest/envs/indel_snakemake/lib/python3.9/site-packages/snakemake/executors/__init__.py", line 583, in handle_job_success
  File "/Users/gabefoley/miniconda3_latest/envs/indel_snakemake/lib/python3.9/site-packages/snakemake/executors/__init__.py", line 252, in handle_job_success
Removing output files of failed job run_fastml since they might be corrupted:
fastml_results/5/2
[Errno 66] Directory not empty: 'fastml_results/5/2'
Shutting down, this might take some time.
Exiting because a job execution failed. Look above for error message
Complete log: /Users/gabefoley/Dropbox/PhD/20210121_Indel_Evaluation_Project/Indel_Evaluation_Snakemake/.snakemake/log/2021-01-27T163149.766094.snakemake.log
