Building DAG of jobs...
Using shell: /bin/bash
Provided cores: 1 (use --cores to define parallelism)
Rules claiming more threads will be scaled down.
Job counts:
	count	jobs
	2	clean_fastml_ml
	2	clean_fastml_parsimony
	2	clean_indelible
	1	compile_latex
	10	concat_fasta
	1	concat_fastml__ml_summaries
	1	concat_fastml_summaries
	2	concat_indelible
	1	concat_indelible_summaries
	5	concat_summaries
	1	create_control_files
	1	generate_latex
	1	generate_output_dict
	2	get_indelible_dict
	2	run_fastml
	10	run_grasp
	2	run_indelible
	2	summarise_fastml_ml_indels
	2	summarise_fastml_parsimony_indels
	2	summarise_indelible
	10	summarise_indels
	62
Select jobs to execute...

[Mon Mar  1 13:14:36 2021]
rule create_control_files:
    output: indelible/4_control.txt
    jobid: 8
    wildcards: taxon=4

[Mon Mar  1 13:14:37 2021]
Finished job 8.
1 of 62 steps (2%) done
Select jobs to execute...

[Mon Mar  1 13:14:37 2021]
rule run_indelible:
    input: indelible/4_control.txt
    output: indelible_output/4/trees/1.nwk, indelible_output/4/4_TRUE_1.fasta, indelible_output/4/4_ANCESTRAL_1.fasta, indelible_output/4/N0_trees/1.nwk
    jobid: 7
    wildcards: taxon=4, rep=1

[Mon Mar  1 13:14:38 2021]
Finished job 7.
2 of 62 steps (3%) done
Select jobs to execute...

[Mon Mar  1 13:14:38 2021]
rule run_indelible:
    input: indelible/4_control.txt
    output: indelible_output/4/trees/2.nwk, indelible_output/4/4_TRUE_2.fasta, indelible_output/4/4_ANCESTRAL_2.fasta, indelible_output/4/N0_trees/2.nwk
    jobid: 15
    wildcards: taxon=4, rep=2

Warning: the following output files of rule run_indelible were not present when the DAG was created:
{'indelible_output/4/4_TRUE_2.fasta', 'indelible_output/4/4_ANCESTRAL_2.fasta', 'indelible_output/4/N0_trees/2.nwk'}
[Mon Mar  1 13:14:39 2021]
Finished job 15.
3 of 62 steps (5%) done
Select jobs to execute...

[Mon Mar  1 13:14:39 2021]
rule concat_indelible:
    input: indelible_output/4/4_TRUE_2.fasta, indelible_output/4/4_ANCESTRAL_2.fasta
    output: indelible_output/4/concatenated/4_2.fasta
    jobid: 16
    wildcards: taxon=4, rep=2

[Mon Mar  1 13:14:39 2021]
Finished job 16.
4 of 62 steps (6%) done
Select jobs to execute...

[Mon Mar  1 13:14:39 2021]
rule clean_indelible:
    input: indelible_output/4/N0_trees/2.nwk, indelible_output/4/concatenated/4_2.fasta
    output: indelible_output/4/cleaned_aln/2.fasta, indelible_output/4/concatenated/2.fasta, indelible_output/4/cleaned_trees/2.nwk, indelible_output/4/cleaned_N0_trees/2.nwk, indelible_output/4/cleaned_no_internal_trees/2.nwk
    jobid: 14
    wildcards: taxon=4, rep=2

[Mon Mar  1 13:14:40 2021]
Finished job 14.
5 of 62 steps (8%) done
Select jobs to execute...

[Mon Mar  1 13:14:40 2021]
rule run_fastml:
    input: indelible_output/4/cleaned_aln/2.fasta, indelible_output/4/cleaned_no_internal_trees/2.nwk
    output: fastml_results/4/2/seq.marginal_Chars_ParsimonyIndels.txt, fastml_results/4/2/seq.marginal_IndelAndChars.txt, fastml_results/4/2/tree.newick.txt, fastml_results/4/2
    jobid: 53
    wildcards: taxon=4, rep=2

[Mon Mar  1 13:14:41 2021]
Finished job 53.
6 of 62 steps (10%) done
Select jobs to execute...

[Mon Mar  1 13:14:41 2021]
rule clean_fastml_parsimony:
    input: fastml_results/4/2/seq.marginal_Chars_ParsimonyIndels.txt, fastml_results/4/2/tree.newick.txt
    output: fastml_results_parsimony/4/concatenated/2/FastML_ancestors.fasta, fastml_results_parsimony/4/cleaned_trees/2/tree.nwk, fastml_results_parsimony/4/cleaned_N0_trees/2/tree.nwk
    jobid: 52
    wildcards: taxon=4, rep=2

[Mon Mar  1 13:14:42 2021]
Finished job 52.
7 of 62 steps (11%) done
Select jobs to execute...

[Mon Mar  1 13:14:42 2021]
rule run_grasp:
    input: indelible_output/4/cleaned_aln/2.fasta, indelible_output/4/cleaned_N0_trees/2.nwk
    output: grasp_results/4/BEP/2, grasp_results/4/BEP/2/GRASP_ancestors.fasta, grasp_results/4/BEP/2/GRASP_ancestors.nwk
    jobid: 24
    wildcards: taxon=4, method=BEP, rep=2

[Mon Mar  1 13:14:42 2021]
Finished job 24.
8 of 62 steps (13%) done
Select jobs to execute...

[Mon Mar  1 13:14:42 2021]
rule get_indelible_dict:
    input: indelible_output/4/concatenated/2.fasta, indelible_output/4/cleaned_N0_trees/2.nwk
    output: indelible_dicts/4/leaves_2.p, indelible_dicts/4/gaps_2.p
    jobid: 18
    wildcards: taxon=4, rep=2

[Mon Mar  1 13:14:43 2021]
Finished job 18.
9 of 62 steps (15%) done
Select jobs to execute...

[Mon Mar  1 13:14:43 2021]
rule summarise_indelible:
    input: indelible_output/4/cleaned_N0_trees/2.nwk, indelible_output/4/concatenated/2.fasta, indelible_output/4/cleaned_N0_trees/2.nwk, indelible_output/4/concatenated/2.fasta, indelible_dicts/4/leaves_2.p, indelible_dicts/4/gaps_2.p
    output: indelible_summaries/4/2.csv
    jobid: 61
    wildcards: taxon=4, rep=2

[Mon Mar  1 13:14:44 2021]
Finished job 61.
10 of 62 steps (16%) done
Select jobs to execute...

[Mon Mar  1 13:14:45 2021]
rule summarise_fastml_parsimony_indels:
    input: fastml_results_parsimony/4/concatenated/2/FastML_ancestors.fasta, fastml_results_parsimony/4/cleaned_N0_trees/2/tree.nwk, indelible_output/4/cleaned_N0_trees/2.nwk, indelible_output/4/concatenated/2.fasta, indelible_dicts/4/leaves_2.p, indelible_dicts/4/gaps_2.p
    output: fastml_parsimony_summaries/4/fastml/2.csv
    jobid: 51
    wildcards: taxon=4, rep=2

[Mon Mar  1 13:14:45 2021]
Finished job 51.
11 of 62 steps (18%) done
Select jobs to execute...

[Mon Mar  1 13:14:46 2021]
rule run_grasp:
    input: indelible_output/4/cleaned_aln/2.fasta, indelible_output/4/cleaned_N0_trees/2.nwk
    output: grasp_results/4/SICML/2, grasp_results/4/SICML/2/GRASP_ancestors.fasta, grasp_results/4/SICML/2/GRASP_ancestors.nwk
    jobid: 13
    wildcards: taxon=4, method=SICML, rep=2

[Mon Mar  1 13:14:46 2021]
Finished job 13.
12 of 62 steps (19%) done
Select jobs to execute...

[Mon Mar  1 13:14:46 2021]
rule concat_fasta:
    input: indelible_output/4/cleaned_aln/2.fasta, grasp_results/4/SICML/2/GRASP_ancestors.fasta
    output: grasp_results/concatenated/4/SICML/2/GRASP_ancestors.fasta
    jobid: 17
    wildcards: taxon=4, method=SICML, rep=2

[Mon Mar  1 13:14:46 2021]
Finished job 17.
13 of 62 steps (21%) done
Select jobs to execute...

[Mon Mar  1 13:14:46 2021]
rule summarise_indels:
    input: grasp_results/4/SICML/2/GRASP_ancestors.nwk, grasp_results/concatenated/4/SICML/2/GRASP_ancestors.fasta, indelible_output/4/cleaned_N0_trees/2.nwk, indelible_output/4/concatenated/2.fasta, indelible_dicts/4/leaves_2.p, indelible_dicts/4/gaps_2.p
    output: summaries/4/SICML/2.csv
    jobid: 12
    wildcards: taxon=4, method=SICML, rep=2

[Mon Mar  1 13:14:47 2021]
Finished job 12.
14 of 62 steps (23%) done
Select jobs to execute...

[Mon Mar  1 13:14:47 2021]
rule concat_fasta:
    input: indelible_output/4/cleaned_aln/2.fasta, grasp_results/4/BEP/2/GRASP_ancestors.fasta
    output: grasp_results/concatenated/4/BEP/2/GRASP_ancestors.fasta
    jobid: 25
    wildcards: taxon=4, method=BEP, rep=2

[Mon Mar  1 13:14:47 2021]
Finished job 25.
15 of 62 steps (24%) done
Select jobs to execute...

[Mon Mar  1 13:14:47 2021]
rule summarise_indels:
    input: grasp_results/4/BEP/2/GRASP_ancestors.nwk, grasp_results/concatenated/4/BEP/2/GRASP_ancestors.fasta, indelible_output/4/cleaned_N0_trees/2.nwk, indelible_output/4/concatenated/2.fasta, indelible_dicts/4/leaves_2.p, indelible_dicts/4/gaps_2.p
    output: summaries/4/BEP/2.csv
    jobid: 23
    wildcards: taxon=4, method=BEP, rep=2

[Mon Mar  1 13:14:48 2021]
Finished job 23.
16 of 62 steps (26%) done
Select jobs to execute...

[Mon Mar  1 13:14:48 2021]
rule run_grasp:
    input: indelible_output/4/cleaned_aln/2.fasta, indelible_output/4/cleaned_N0_trees/2.nwk
    output: grasp_results/4/SICP/2, grasp_results/4/SICP/2/GRASP_ancestors.fasta, grasp_results/4/SICP/2/GRASP_ancestors.nwk
    jobid: 38
    wildcards: taxon=4, method=SICP, rep=2

[Mon Mar  1 13:14:48 2021]
Finished job 38.
17 of 62 steps (27%) done
Select jobs to execute...

[Mon Mar  1 13:14:48 2021]
rule run_grasp:
    input: indelible_output/4/cleaned_aln/2.fasta, indelible_output/4/cleaned_N0_trees/2.nwk
    output: grasp_results/4/PSP/2, grasp_results/4/PSP/2/GRASP_ancestors.fasta, grasp_results/4/PSP/2/GRASP_ancestors.nwk
    jobid: 45
    wildcards: taxon=4, method=PSP, rep=2

[Mon Mar  1 13:14:49 2021]
Finished job 45.
18 of 62 steps (29%) done
Select jobs to execute...

[Mon Mar  1 13:14:49 2021]
rule concat_fasta:
    input: indelible_output/4/cleaned_aln/2.fasta, grasp_results/4/PSP/2/GRASP_ancestors.fasta
    output: grasp_results/concatenated/4/PSP/2/GRASP_ancestors.fasta
    jobid: 46
    wildcards: taxon=4, method=PSP, rep=2

[Mon Mar  1 13:14:49 2021]
Finished job 46.
19 of 62 steps (31%) done
Select jobs to execute...

[Mon Mar  1 13:14:49 2021]
rule summarise_indels:
    input: grasp_results/4/PSP/2/GRASP_ancestors.nwk, grasp_results/concatenated/4/PSP/2/GRASP_ancestors.fasta, indelible_output/4/cleaned_N0_trees/2.nwk, indelible_output/4/concatenated/2.fasta, indelible_dicts/4/leaves_2.p, indelible_dicts/4/gaps_2.p
    output: summaries/4/PSP/2.csv
    jobid: 44
    wildcards: taxon=4, method=PSP, rep=2

[Mon Mar  1 13:14:50 2021]
Finished job 44.
20 of 62 steps (32%) done
Select jobs to execute...

[Mon Mar  1 13:14:50 2021]
rule concat_fasta:
    input: indelible_output/4/cleaned_aln/2.fasta, grasp_results/4/SICP/2/GRASP_ancestors.fasta
    output: grasp_results/concatenated/4/SICP/2/GRASP_ancestors.fasta
    jobid: 39
    wildcards: taxon=4, method=SICP, rep=2

[Mon Mar  1 13:14:50 2021]
Finished job 39.
21 of 62 steps (34%) done
Select jobs to execute...

[Mon Mar  1 13:14:50 2021]
rule summarise_indels:
    input: grasp_results/4/SICP/2/GRASP_ancestors.nwk, grasp_results/concatenated/4/SICP/2/GRASP_ancestors.fasta, indelible_output/4/cleaned_N0_trees/2.nwk, indelible_output/4/concatenated/2.fasta, indelible_dicts/4/leaves_2.p, indelible_dicts/4/gaps_2.p
    output: summaries/4/SICP/2.csv
    jobid: 37
    wildcards: taxon=4, method=SICP, rep=2

[Mon Mar  1 13:14:51 2021]
Finished job 37.
22 of 62 steps (35%) done
Select jobs to execute...

[Mon Mar  1 13:14:51 2021]
rule clean_fastml_ml:
    input: fastml_results/4/2/seq.marginal_IndelAndChars.txt, fastml_results/4/2/tree.newick.txt
    output: fastml_results_ml/4/concatenated/2/FastML_ancestors.fasta, fastml_results_ml/4/cleaned_trees/2/tree.nwk, fastml_results_ml/4/cleaned_N0_trees/2/tree.nwk
    jobid: 58
    wildcards: taxon=4, rep=2

[Mon Mar  1 13:14:51 2021]
Finished job 58.
23 of 62 steps (37%) done
Select jobs to execute...

[Mon Mar  1 13:14:51 2021]
rule summarise_fastml_ml_indels:
    input: fastml_results_ml/4/concatenated/2/FastML_ancestors.fasta, fastml_results_ml/4/cleaned_N0_trees/2/tree.nwk, indelible_output/4/cleaned_N0_trees/2.nwk, indelible_output/4/concatenated/2.fasta, indelible_dicts/4/leaves_2.p, indelible_dicts/4/gaps_2.p
    output: fastml_ml_summaries/4/fastml/2.csv
    jobid: 57
    wildcards: taxon=4, rep=2

[Mon Mar  1 13:14:52 2021]
Finished job 57.
24 of 62 steps (39%) done
Select jobs to execute...

[Mon Mar  1 13:14:52 2021]
rule run_grasp:
    input: indelible_output/4/cleaned_aln/2.fasta, indelible_output/4/cleaned_N0_trees/2.nwk
    output: grasp_results/4/BEML/2, grasp_results/4/BEML/2/GRASP_ancestors.fasta, grasp_results/4/BEML/2/GRASP_ancestors.nwk
    jobid: 31
    wildcards: taxon=4, method=BEML, rep=2

[Mon Mar  1 13:14:53 2021]
Finished job 31.
25 of 62 steps (40%) done
Select jobs to execute...

[Mon Mar  1 13:14:53 2021]
rule concat_indelible:
    input: indelible_output/4/4_TRUE_1.fasta, indelible_output/4/4_ANCESTRAL_1.fasta
    output: indelible_output/4/concatenated/4_1.fasta
    jobid: 9
    wildcards: taxon=4, rep=1

[Mon Mar  1 13:14:53 2021]
Finished job 9.
26 of 62 steps (42%) done
Select jobs to execute...

[Mon Mar  1 13:14:53 2021]
rule concat_fasta:
    input: indelible_output/4/cleaned_aln/2.fasta, grasp_results/4/BEML/2/GRASP_ancestors.fasta
    output: grasp_results/concatenated/4/BEML/2/GRASP_ancestors.fasta
    jobid: 32
    wildcards: taxon=4, method=BEML, rep=2

[Mon Mar  1 13:14:53 2021]
Finished job 32.
27 of 62 steps (44%) done
Select jobs to execute...

[Mon Mar  1 13:14:53 2021]
rule summarise_indels:
    input: grasp_results/4/BEML/2/GRASP_ancestors.nwk, grasp_results/concatenated/4/BEML/2/GRASP_ancestors.fasta, indelible_output/4/cleaned_N0_trees/2.nwk, indelible_output/4/concatenated/2.fasta, indelible_dicts/4/leaves_2.p, indelible_dicts/4/gaps_2.p
    output: summaries/4/BEML/2.csv
    jobid: 30
    wildcards: taxon=4, method=BEML, rep=2

[Mon Mar  1 13:14:54 2021]
Finished job 30.
28 of 62 steps (45%) done
Select jobs to execute...

[Mon Mar  1 13:14:54 2021]
rule clean_indelible:
    input: indelible_output/4/N0_trees/1.nwk, indelible_output/4/concatenated/4_1.fasta
    output: indelible_output/4/cleaned_aln/1.fasta, indelible_output/4/concatenated/1.fasta, indelible_output/4/cleaned_trees/1.nwk, indelible_output/4/cleaned_N0_trees/1.nwk, indelible_output/4/cleaned_no_internal_trees/1.nwk
    jobid: 6
    wildcards: taxon=4, rep=1

[Mon Mar  1 13:14:55 2021]
Finished job 6.
29 of 62 steps (47%) done
Select jobs to execute...

[Mon Mar  1 13:14:55 2021]
rule get_indelible_dict:
    input: indelible_output/4/concatenated/1.fasta, indelible_output/4/cleaned_N0_trees/1.nwk
    output: indelible_dicts/4/leaves_1.p, indelible_dicts/4/gaps_1.p
    jobid: 11
    wildcards: taxon=4, rep=1

[Mon Mar  1 13:14:56 2021]
Finished job 11.
30 of 62 steps (48%) done
Select jobs to execute...

[Mon Mar  1 13:14:56 2021]
rule run_grasp:
    input: indelible_output/4/cleaned_aln/1.fasta, indelible_output/4/cleaned_N0_trees/1.nwk
    output: grasp_results/4/BEP/1, grasp_results/4/BEP/1/GRASP_ancestors.fasta, grasp_results/4/BEP/1/GRASP_ancestors.nwk
    jobid: 21
    wildcards: taxon=4, method=BEP, rep=1

[Mon Mar  1 13:14:56 2021]
Finished job 21.
31 of 62 steps (50%) done
Select jobs to execute...

[Mon Mar  1 13:14:56 2021]
rule run_grasp:
    input: indelible_output/4/cleaned_aln/1.fasta, indelible_output/4/cleaned_N0_trees/1.nwk
    output: grasp_results/4/SICP/1, grasp_results/4/SICP/1/GRASP_ancestors.fasta, grasp_results/4/SICP/1/GRASP_ancestors.nwk
    jobid: 35
    wildcards: taxon=4, method=SICP, rep=1

[Mon Mar  1 13:14:56 2021]
Finished job 35.
32 of 62 steps (52%) done
Select jobs to execute...

[Mon Mar  1 13:14:56 2021]
rule run_grasp:
    input: indelible_output/4/cleaned_aln/1.fasta, indelible_output/4/cleaned_N0_trees/1.nwk
    output: grasp_results/4/BEML/1, grasp_results/4/BEML/1/GRASP_ancestors.fasta, grasp_results/4/BEML/1/GRASP_ancestors.nwk
    jobid: 28
    wildcards: taxon=4, method=BEML, rep=1

[Mon Mar  1 13:14:57 2021]
Finished job 28.
33 of 62 steps (53%) done
Select jobs to execute...

[Mon Mar  1 13:14:57 2021]
rule concat_fasta:
    input: indelible_output/4/cleaned_aln/1.fasta, grasp_results/4/BEML/1/GRASP_ancestors.fasta
    output: grasp_results/concatenated/4/BEML/1/GRASP_ancestors.fasta
    jobid: 29
    wildcards: taxon=4, method=BEML, rep=1

[Mon Mar  1 13:14:57 2021]
Finished job 29.
34 of 62 steps (55%) done
Select jobs to execute...

[Mon Mar  1 13:14:57 2021]
rule summarise_indels:
    input: grasp_results/4/BEML/1/GRASP_ancestors.nwk, grasp_results/concatenated/4/BEML/1/GRASP_ancestors.fasta, indelible_output/4/cleaned_N0_trees/1.nwk, indelible_output/4/concatenated/1.fasta, indelible_dicts/4/leaves_1.p, indelible_dicts/4/gaps_1.p
    output: summaries/4/BEML/1.csv
    jobid: 27
    wildcards: taxon=4, method=BEML, rep=1

[Mon Mar  1 13:14:58 2021]
Finished job 27.
35 of 62 steps (56%) done
Select jobs to execute...

[Mon Mar  1 13:14:58 2021]
rule concat_summaries:
    input: summaries/4/BEML/1.csv, summaries/4/BEML/2.csv
    output: concatenated_summaries/4_BEML.csv
    jobid: 26
    wildcards: taxon=4, method=BEML

[Mon Mar  1 13:14:58 2021]
Finished job 26.
36 of 62 steps (58%) done
Select jobs to execute...

[Mon Mar  1 13:14:58 2021]
rule concat_fasta:
    input: indelible_output/4/cleaned_aln/1.fasta, grasp_results/4/SICP/1/GRASP_ancestors.fasta
    output: grasp_results/concatenated/4/SICP/1/GRASP_ancestors.fasta
    jobid: 36
    wildcards: taxon=4, method=SICP, rep=1

[Mon Mar  1 13:14:58 2021]
Finished job 36.
37 of 62 steps (60%) done
Select jobs to execute...

[Mon Mar  1 13:14:58 2021]
rule summarise_indels:
    input: grasp_results/4/SICP/1/GRASP_ancestors.nwk, grasp_results/concatenated/4/SICP/1/GRASP_ancestors.fasta, indelible_output/4/cleaned_N0_trees/1.nwk, indelible_output/4/concatenated/1.fasta, indelible_dicts/4/leaves_1.p, indelible_dicts/4/gaps_1.p
    output: summaries/4/SICP/1.csv
    jobid: 34
    wildcards: taxon=4, method=SICP, rep=1

[Mon Mar  1 13:14:59 2021]
Finished job 34.
38 of 62 steps (61%) done
Select jobs to execute...

[Mon Mar  1 13:14:59 2021]
rule concat_summaries:
    input: summaries/4/SICP/1.csv, summaries/4/SICP/2.csv
    output: concatenated_summaries/4_SICP.csv
    jobid: 33
    wildcards: taxon=4, method=SICP

[Mon Mar  1 13:14:59 2021]
Finished job 33.
39 of 62 steps (63%) done
Select jobs to execute...

[Mon Mar  1 13:14:59 2021]
rule summarise_indelible:
    input: indelible_output/4/cleaned_N0_trees/1.nwk, indelible_output/4/concatenated/1.fasta, indelible_output/4/cleaned_N0_trees/1.nwk, indelible_output/4/concatenated/1.fasta, indelible_dicts/4/leaves_1.p, indelible_dicts/4/gaps_1.p
    output: indelible_summaries/4/1.csv
    jobid: 60
    wildcards: taxon=4, rep=1

[Mon Mar  1 13:15:00 2021]
Finished job 60.
40 of 62 steps (65%) done
Select jobs to execute...

[Mon Mar  1 13:15:00 2021]
rule concat_indelible_summaries:
    input: indelible_summaries/4/1.csv, indelible_summaries/4/2.csv
    output: concatenated_indelible_summaries/4.csv
    jobid: 59
    wildcards: taxon=4

[Mon Mar  1 13:15:00 2021]
Finished job 59.
41 of 62 steps (66%) done
Select jobs to execute...

[Mon Mar  1 13:15:00 2021]
rule run_grasp:
    input: indelible_output/4/cleaned_aln/1.fasta, indelible_output/4/cleaned_N0_trees/1.nwk
    output: grasp_results/4/PSP/1, grasp_results/4/PSP/1/GRASP_ancestors.fasta, grasp_results/4/PSP/1/GRASP_ancestors.nwk
    jobid: 42
    wildcards: taxon=4, method=PSP, rep=1

[Mon Mar  1 13:15:00 2021]
Finished job 42.
42 of 62 steps (68%) done
Select jobs to execute...

[Mon Mar  1 13:15:00 2021]
rule concat_fasta:
    input: indelible_output/4/cleaned_aln/1.fasta, grasp_results/4/BEP/1/GRASP_ancestors.fasta
    output: grasp_results/concatenated/4/BEP/1/GRASP_ancestors.fasta
    jobid: 22
    wildcards: taxon=4, method=BEP, rep=1

[Mon Mar  1 13:15:00 2021]
Finished job 22.
43 of 62 steps (69%) done
Select jobs to execute...

[Mon Mar  1 13:15:00 2021]
rule summarise_indels:
    input: grasp_results/4/BEP/1/GRASP_ancestors.nwk, grasp_results/concatenated/4/BEP/1/GRASP_ancestors.fasta, indelible_output/4/cleaned_N0_trees/1.nwk, indelible_output/4/concatenated/1.fasta, indelible_dicts/4/leaves_1.p, indelible_dicts/4/gaps_1.p
    output: summaries/4/BEP/1.csv
    jobid: 20
    wildcards: taxon=4, method=BEP, rep=1

[Mon Mar  1 13:15:01 2021]
Finished job 20.
44 of 62 steps (71%) done
Select jobs to execute...

[Mon Mar  1 13:15:01 2021]
rule concat_summaries:
    input: summaries/4/BEP/1.csv, summaries/4/BEP/2.csv
    output: concatenated_summaries/4_BEP.csv
    jobid: 19
    wildcards: taxon=4, method=BEP

[Mon Mar  1 13:15:01 2021]
Finished job 19.
45 of 62 steps (73%) done
Select jobs to execute...

[Mon Mar  1 13:15:01 2021]
rule concat_fasta:
    input: indelible_output/4/cleaned_aln/1.fasta, grasp_results/4/PSP/1/GRASP_ancestors.fasta
    output: grasp_results/concatenated/4/PSP/1/GRASP_ancestors.fasta
    jobid: 43
    wildcards: taxon=4, method=PSP, rep=1

[Mon Mar  1 13:15:01 2021]
Finished job 43.
46 of 62 steps (74%) done
Select jobs to execute...

[Mon Mar  1 13:15:01 2021]
rule run_grasp:
    input: indelible_output/4/cleaned_aln/1.fasta, indelible_output/4/cleaned_N0_trees/1.nwk
    output: grasp_results/4/SICML/1, grasp_results/4/SICML/1/GRASP_ancestors.fasta, grasp_results/4/SICML/1/GRASP_ancestors.nwk
    jobid: 5
    wildcards: taxon=4, method=SICML, rep=1

[Mon Mar  1 13:15:01 2021]
Finished job 5.
47 of 62 steps (76%) done
Select jobs to execute...

[Mon Mar  1 13:15:01 2021]
rule run_fastml:
    input: indelible_output/4/cleaned_aln/1.fasta, indelible_output/4/cleaned_no_internal_trees/1.nwk
    output: fastml_results/4/1/seq.marginal_Chars_ParsimonyIndels.txt, fastml_results/4/1/seq.marginal_IndelAndChars.txt, fastml_results/4/1/tree.newick.txt, fastml_results/4/1
    jobid: 50
    wildcards: taxon=4, rep=1

Waiting at most 1 seconds for missing files.
MissingOutputException in line 53 of /Users/gabefoley/Dropbox/PhD/20210121_Indel_Evaluation_Project/Indel_Evaluation_Snakemake/Snakefile:
Job Missing files after 1 seconds:
fastml_results/4/1/seq.marginal_Chars_ParsimonyIndels.txt
fastml_results/4/1/seq.marginal_IndelAndChars.txt
This might be due to filesystem latency. If that is the case, consider to increase the wait time with --latency-wait.
Job id: 50 completed successfully, but some output files are missing. 50
  File "/Users/gabefoley/miniconda3_latest/envs/indel_snakemake/lib/python3.9/site-packages/snakemake/executors/__init__.py", line 583, in handle_job_success
  File "/Users/gabefoley/miniconda3_latest/envs/indel_snakemake/lib/python3.9/site-packages/snakemake/executors/__init__.py", line 252, in handle_job_success
Removing output files of failed job run_fastml since they might be corrupted:
fastml_results/4/1/tree.newick.txt, fastml_results/4/1
Shutting down, this might take some time.
Exiting because a job execution failed. Look above for error message
Complete log: /Users/gabefoley/Dropbox/PhD/20210121_Indel_Evaluation_Project/Indel_Evaluation_Snakemake/.snakemake/log/2021-03-01T131436.419297.snakemake.log
