Building DAG of jobs...
Using shell: /bin/bash
Provided cores: 1 (use --cores to define parallelism)
Rules claiming more threads will be scaled down.
Job counts:
	count	jobs
	1	all
	3	clean_fasta
	24	concat_fasta
	1	create_control_files
	24	run_grasp
	2	run_indelible
	24	summarise_indels
	79
Select jobs to execute...

[Thu Jan 28 11:45:34 2021]
rule run_grasp:
    input: indelible_output/80/cleaned_aln/80_TRUE_2.fasta, indelible_output/80/cleaned_trees/80_tree_2.nwk
    output: grasp_results/80/ancestors/PSML/PSML_80_output_2, grasp_results/80/ancestors/PSML/PSML_80_output_2/80_output_2.nwk
    jobid: 81
    wildcards: taxon=80, method=PSML, rep=2

RuleException in line 43 of /Users/gabefoley/Dropbox/PhD/20210121_Indel_Evaluation_Project/Indel_Evaluation_Snakemake/Snakefile:
NameError: The name 'method' is unknown in this context. Did you mean 'wildcards.method'?
  File "/Users/gabefoley/miniconda3_latest/envs/indel_snakemake/lib/python3.9/site-packages/snakemake/executors/__init__.py", line 136, in run_jobs
  File "/Users/gabefoley/miniconda3_latest/envs/indel_snakemake/lib/python3.9/site-packages/snakemake/executors/__init__.py", line 441, in run
  File "/Users/gabefoley/miniconda3_latest/envs/indel_snakemake/lib/python3.9/site-packages/snakemake/executors/__init__.py", line 230, in _run
  File "/Users/gabefoley/miniconda3_latest/envs/indel_snakemake/lib/python3.9/site-packages/snakemake/executors/__init__.py", line 156, in _run
  File "/Users/gabefoley/miniconda3_latest/envs/indel_snakemake/lib/python3.9/site-packages/snakemake/executors/__init__.py", line 162, in printjob
