Building DAG of jobs...
Using shell: /bin/bash
Provided cores: 1 (use --cores to define parallelism)
Rules claiming more threads will be scaled down.
Job counts:
	count	jobs
	4	clean_indelible
	1	compile_latex
	12	concat_fasta
	4	concat_indelible
	6	concat_summaries
	2	create_control_files
	1	generate_latex
	4	get_indelible_dict
	12	run_grasp
	4	run_indelible
	12	summarise_indels
	62
Select jobs to execute...

[Mon Feb  1 10:31:34 2021]
rule create_control_files:
    output: indelible/6_control.txt
    jobid: 7
    wildcards: taxon=6

[Mon Feb  1 10:31:35 2021]
Finished job 7.
1 of 62 steps (2%) done
Select jobs to execute...

[Mon Feb  1 10:31:35 2021]
rule create_control_files:
    output: indelible/8_control.txt
    jobid: 37
    wildcards: taxon=8

[Mon Feb  1 10:31:35 2021]
Finished job 37.
2 of 62 steps (3%) done
Select jobs to execute...

[Mon Feb  1 10:31:35 2021]
rule run_indelible:
    input: indelible/6_control.txt
    output: indelible_output/6/trees/1.nwk, indelible_output/6/6_TRUE_1.fasta, indelible_output/6/6_ANCESTRAL_1.fasta, indelible_output/6/N0_trees/1.nwk
    jobid: 6
    wildcards: taxon=6, rep=1

[Mon Feb  1 10:31:36 2021]
Finished job 6.
3 of 62 steps (5%) done
Select jobs to execute...

[Mon Feb  1 10:31:36 2021]
rule run_indelible:
    input: indelible/8_control.txt
    output: indelible_output/8/trees/1.nwk, indelible_output/8/8_TRUE_1.fasta, indelible_output/8/8_ANCESTRAL_1.fasta, indelible_output/8/N0_trees/1.nwk
    jobid: 36
    wildcards: taxon=8, rep=1

[Mon Feb  1 10:31:36 2021]
Finished job 36.
4 of 62 steps (6%) done
Select jobs to execute...

[Mon Feb  1 10:31:36 2021]
rule concat_indelible:
    input: indelible_output/6/6_TRUE_1.fasta, indelible_output/6/6_ANCESTRAL_1.fasta
    output: indelible_output/6/concatenated/6_1.fasta
    jobid: 8
    wildcards: taxon=6, rep=1

[Mon Feb  1 10:31:37 2021]
Finished job 8.
5 of 62 steps (8%) done
Select jobs to execute...

[Mon Feb  1 10:31:37 2021]
rule concat_indelible:
    input: indelible_output/8/8_TRUE_1.fasta, indelible_output/8/8_ANCESTRAL_1.fasta
    output: indelible_output/8/concatenated/8_1.fasta
    jobid: 38
    wildcards: taxon=8, rep=1

[Mon Feb  1 10:31:37 2021]
Finished job 38.
6 of 62 steps (10%) done
Select jobs to execute...

[Mon Feb  1 10:31:37 2021]
rule clean_indelible:
    input: indelible_output/8/N0_trees/1.nwk, indelible_output/8/concatenated/8_1.fasta
    output: indelible_output/8/cleaned_aln/1.fasta, indelible_output/8/concatenated/1.fasta, indelible_output/8/cleaned_N0_trees/1.nwk
    jobid: 35
    wildcards: taxon=8, rep=1

[Mon Feb  1 10:31:37 2021]
Finished job 35.
7 of 62 steps (11%) done
Select jobs to execute...

[Mon Feb  1 10:31:37 2021]
rule run_grasp:
    input: indelible_output/8/cleaned_aln/1.fasta, indelible_output/8/cleaned_N0_trees/1.nwk
    output: grasp_results/8/SICML/1, grasp_results/8/SICML/1/GRASP_ancestors.fasta, grasp_results/8/SICML/1/tree.nwk
    jobid: 57
    wildcards: taxon=8, method=SICML, rep=1

[Mon Feb  1 10:31:38 2021]
Finished job 57.
8 of 62 steps (13%) done
Select jobs to execute...

[Mon Feb  1 10:31:38 2021]
rule run_grasp:
    input: indelible_output/8/cleaned_aln/1.fasta, indelible_output/8/cleaned_N0_trees/1.nwk
    output: grasp_results/8/SICP/1, grasp_results/8/SICP/1/GRASP_ancestors.fasta, grasp_results/8/SICP/1/tree.nwk
    jobid: 50
    wildcards: taxon=8, method=SICP, rep=1

[Mon Feb  1 10:31:38 2021]
Finished job 50.
9 of 62 steps (15%) done
Select jobs to execute...

[Mon Feb  1 10:31:38 2021]
rule get_indelible_dict:
    input: indelible_output/8/concatenated/1.fasta, indelible_output/8/cleaned_N0_trees/1.nwk
    output: indelible_dicts/8/leaves_1.p, indelible_dicts/8/gaps_1.p
    jobid: 40
    wildcards: taxon=8, rep=1

[Mon Feb  1 10:31:39 2021]
Error in rule get_indelible_dict:
    jobid: 40
    output: indelible_dicts/8/leaves_1.p, indelible_dicts/8/gaps_1.p

RuleException:
CalledProcessError in line 107 of /Users/gabefoley/Dropbox/PhD/20210121_Indel_Evaluation_Project/Indel_Evaluation_Snakemake/Snakefile:
Command 'set -euo pipefail;  /Users/gabefoley/miniconda3_latest/envs/indel_snakemake/bin/python3.9 /Users/gabefoley/Dropbox/PhD/20210121_Indel_Evaluation_Project/Indel_Evaluation_Snakemake/.snakemake/scripts/tmpf5yvimqs.get_indelible_dict.py' returned non-zero exit status 1.
  File "/Users/gabefoley/miniconda3_latest/envs/indel_snakemake/lib/python3.9/site-packages/snakemake/executors/__init__.py", line 2319, in run_wrapper
  File "/Users/gabefoley/Dropbox/PhD/20210121_Indel_Evaluation_Project/Indel_Evaluation_Snakemake/Snakefile", line 107, in __rule_get_indelible_dict
  File "/Users/gabefoley/miniconda3_latest/envs/indel_snakemake/lib/python3.9/site-packages/snakemake/executors/__init__.py", line 568, in _callback
  File "/Users/gabefoley/miniconda3_latest/envs/indel_snakemake/lib/python3.9/concurrent/futures/thread.py", line 52, in run
  File "/Users/gabefoley/miniconda3_latest/envs/indel_snakemake/lib/python3.9/site-packages/snakemake/executors/__init__.py", line 554, in cached_or_run
  File "/Users/gabefoley/miniconda3_latest/envs/indel_snakemake/lib/python3.9/site-packages/snakemake/executors/__init__.py", line 2350, in run_wrapper
Shutting down, this might take some time.
Exiting because a job execution failed. Look above for error message
Complete log: /Users/gabefoley/Dropbox/PhD/20210121_Indel_Evaluation_Project/Indel_Evaluation_Snakemake/.snakemake/log/2021-02-01T103134.699586.snakemake.log
