Building DAG of jobs...
Using shell: /bin/bash
Provided cores: 1 (use --cores to define parallelism)
Rules claiming more threads will be scaled down.
Job counts:
	count	jobs
	2	clean_fasta
	6	concat_fasta
	2	concat_indelible
	3	concat_summaries
	1	create_plots
	6	run_grasp
	2	run_indelible
	6	summarise_indels
	28
Select jobs to execute...

[Sun Jan 31 15:50:41 2021]
rule run_indelible:
    input: indelible/8_control.txt
    output: indelible_output/8/cleaned_trees/1.nwk, indelible_output/8/8_TRUE_1.fasta, indelible_output/8/8_ANCESTRAL_1.fasta
    jobid: 5
    wildcards: taxon=8, rep=1

[Sun Jan 31 15:50:42 2021]
Finished job 5.
1 of 28 steps (4%) done
Select jobs to execute...

[Sun Jan 31 15:50:42 2021]
rule run_indelible:
    input: indelible/8_control.txt
    output: indelible_output/8/cleaned_trees/2.nwk, indelible_output/8/8_TRUE_2.fasta, indelible_output/8/8_ANCESTRAL_2.fasta
    jobid: 12
    wildcards: taxon=8, rep=2

Warning: the following output files of rule run_indelible were not present when the DAG was created:
{'indelible_output/8/cleaned_trees/2.nwk'}
[Sun Jan 31 15:50:43 2021]
Finished job 12.
2 of 28 steps (7%) done
Select jobs to execute...

[Sun Jan 31 15:50:43 2021]
rule clean_fasta:
    input: indelible_output/8/8_TRUE_2.fasta
    output: indelible_output/8/cleaned_aln/2.fasta
    jobid: 11
    wildcards: taxon=8, rep=2

[Sun Jan 31 15:50:43 2021]
Finished job 11.
3 of 28 steps (11%) done
Select jobs to execute...

[Sun Jan 31 15:50:43 2021]
rule clean_fasta:
    input: indelible_output/8/8_TRUE_1.fasta
    output: indelible_output/8/cleaned_aln/1.fasta
    jobid: 4
    wildcards: taxon=8, rep=1

[Sun Jan 31 15:50:43 2021]
Finished job 4.
4 of 28 steps (14%) done
Select jobs to execute...

[Sun Jan 31 15:50:43 2021]
rule run_grasp:
    input: indelible_output/8/cleaned_aln/1.fasta, indelible_output/8/cleaned_trees/1.nwk
    output: grasp_results/8/SICML/1, grasp_results/8/SICML/1/GRASP_ancestors.fasta, grasp_results/8/SICML/1/tree.nwk
    jobid: 24
    wildcards: taxon=8, method=SICML, rep=1

[Sun Jan 31 15:50:45 2021]
Finished job 24.
5 of 28 steps (18%) done
Select jobs to execute...

[Sun Jan 31 15:50:45 2021]
rule run_grasp:
    input: indelible_output/8/cleaned_aln/1.fasta, indelible_output/8/cleaned_trees/1.nwk
    output: grasp_results/8/SICP/1, grasp_results/8/SICP/1/GRASP_ancestors.fasta, grasp_results/8/SICP/1/tree.nwk
    jobid: 17
    wildcards: taxon=8, method=SICP, rep=1

[Sun Jan 31 15:50:47 2021]
Finished job 17.
6 of 28 steps (21%) done
Select jobs to execute...

[Sun Jan 31 15:50:47 2021]
rule concat_fasta:
    input: indelible_output/8/cleaned_aln/1.fasta, grasp_results/8/SICP/1/GRASP_ancestors.fasta
    output: grasp_results/concatenated/8/SICP/1/GRASP_ancestors.fasta
    jobid: 18
    wildcards: taxon=8, method=SICP, rep=1

[Sun Jan 31 15:50:47 2021]
Finished job 18.
7 of 28 steps (25%) done
Select jobs to execute...

[Sun Jan 31 15:50:47 2021]
rule concat_fasta:
    input: indelible_output/8/cleaned_aln/1.fasta, grasp_results/8/SICML/1/GRASP_ancestors.fasta
    output: grasp_results/concatenated/8/SICML/1/GRASP_ancestors.fasta
    jobid: 25
    wildcards: taxon=8, method=SICML, rep=1

[Sun Jan 31 15:50:47 2021]
Finished job 25.
8 of 28 steps (29%) done
Select jobs to execute...

[Sun Jan 31 15:50:47 2021]
rule run_grasp:
    input: indelible_output/8/cleaned_aln/1.fasta, indelible_output/8/cleaned_trees/1.nwk
    output: grasp_results/8/BEP/1, grasp_results/8/BEP/1/GRASP_ancestors.fasta, grasp_results/8/BEP/1/tree.nwk
    jobid: 3
    wildcards: taxon=8, method=BEP, rep=1

[Sun Jan 31 15:50:48 2021]
Finished job 3.
9 of 28 steps (32%) done
Select jobs to execute...

[Sun Jan 31 15:50:48 2021]
rule concat_fasta:
    input: indelible_output/8/cleaned_aln/1.fasta, grasp_results/8/BEP/1/GRASP_ancestors.fasta
    output: grasp_results/concatenated/8/BEP/1/GRASP_ancestors.fasta
    jobid: 7
    wildcards: taxon=8, method=BEP, rep=1

[Sun Jan 31 15:50:48 2021]
Finished job 7.
10 of 28 steps (36%) done
Select jobs to execute...

[Sun Jan 31 15:50:48 2021]
rule run_grasp:
    input: indelible_output/8/cleaned_aln/2.fasta, indelible_output/8/cleaned_trees/2.nwk
    output: grasp_results/8/SICML/2, grasp_results/8/SICML/2/GRASP_ancestors.fasta, grasp_results/8/SICML/2/tree.nwk
    jobid: 27
    wildcards: taxon=8, method=SICML, rep=2

[Sun Jan 31 15:50:50 2021]
Finished job 27.
11 of 28 steps (39%) done
Select jobs to execute...

[Sun Jan 31 15:50:50 2021]
rule concat_fasta:
    input: indelible_output/8/cleaned_aln/2.fasta, grasp_results/8/SICML/2/GRASP_ancestors.fasta
    output: grasp_results/concatenated/8/SICML/2/GRASP_ancestors.fasta
    jobid: 28
    wildcards: taxon=8, method=SICML, rep=2

[Sun Jan 31 15:50:50 2021]
Finished job 28.
12 of 28 steps (43%) done
Select jobs to execute...

[Sun Jan 31 15:50:50 2021]
rule run_grasp:
    input: indelible_output/8/cleaned_aln/2.fasta, indelible_output/8/cleaned_trees/2.nwk
    output: grasp_results/8/BEP/2, grasp_results/8/BEP/2/GRASP_ancestors.fasta, grasp_results/8/BEP/2/tree.nwk
    jobid: 10
    wildcards: taxon=8, method=BEP, rep=2

[Sun Jan 31 15:50:52 2021]
Finished job 10.
13 of 28 steps (46%) done
Select jobs to execute...

[Sun Jan 31 15:50:52 2021]
rule concat_fasta:
    input: indelible_output/8/cleaned_aln/2.fasta, grasp_results/8/BEP/2/GRASP_ancestors.fasta
    output: grasp_results/concatenated/8/BEP/2/GRASP_ancestors.fasta
    jobid: 13
    wildcards: taxon=8, method=BEP, rep=2

[Sun Jan 31 15:50:52 2021]
Finished job 13.
14 of 28 steps (50%) done
Select jobs to execute...

[Sun Jan 31 15:50:52 2021]
rule concat_indelible:
    input: indelible_output/8/8_TRUE_1.fasta, indelible_output/8/8_ANCESTRAL_1.fasta
    output: indelible_output/8/concatenated/8_1.fasta
    jobid: 8
    wildcards: taxon=8, rep=1

[Sun Jan 31 15:50:52 2021]
Finished job 8.
15 of 28 steps (54%) done
Select jobs to execute...

[Sun Jan 31 15:50:52 2021]
rule summarise_indels:
    input: grasp_results/8/BEP/1/tree.nwk, grasp_results/concatenated/8/BEP/1/GRASP_ancestors.fasta, indelible_output/8/cleaned_trees/1.nwk, indelible_output/8/concatenated/8_1.fasta
    output: summaries/8/BEP/1.csv
    jobid: 2
    wildcards: taxon=8, method=BEP, rep=1

[Sun Jan 31 15:50:53 2021]
Finished job 2.
16 of 28 steps (57%) done
Select jobs to execute...

[Sun Jan 31 15:50:53 2021]
rule summarise_indels:
    input: grasp_results/8/SICML/1/tree.nwk, grasp_results/concatenated/8/SICML/1/GRASP_ancestors.fasta, indelible_output/8/cleaned_trees/1.nwk, indelible_output/8/concatenated/8_1.fasta
    output: summaries/8/SICML/1.csv
    jobid: 23
    wildcards: taxon=8, method=SICML, rep=1

[Sun Jan 31 15:50:53 2021]
Finished job 23.
17 of 28 steps (61%) done
Select jobs to execute...

[Sun Jan 31 15:50:53 2021]
rule concat_indelible:
    input: indelible_output/8/8_TRUE_2.fasta, indelible_output/8/8_ANCESTRAL_2.fasta
    output: indelible_output/8/concatenated/8_2.fasta
    jobid: 14
    wildcards: taxon=8, rep=2

[Sun Jan 31 15:50:53 2021]
Finished job 14.
18 of 28 steps (64%) done
Select jobs to execute...

[Sun Jan 31 15:50:53 2021]
rule summarise_indels:
    input: grasp_results/8/SICML/2/tree.nwk, grasp_results/concatenated/8/SICML/2/GRASP_ancestors.fasta, indelible_output/8/cleaned_trees/2.nwk, indelible_output/8/concatenated/8_2.fasta
    output: summaries/8/SICML/2.csv
    jobid: 26
    wildcards: taxon=8, method=SICML, rep=2

[Sun Jan 31 15:50:54 2021]
Finished job 26.
19 of 28 steps (68%) done
Select jobs to execute...

[Sun Jan 31 15:50:54 2021]
rule summarise_indels:
    input: grasp_results/8/BEP/2/tree.nwk, grasp_results/concatenated/8/BEP/2/GRASP_ancestors.fasta, indelible_output/8/cleaned_trees/2.nwk, indelible_output/8/concatenated/8_2.fasta
    output: summaries/8/BEP/2.csv
    jobid: 9
    wildcards: taxon=8, method=BEP, rep=2

[Sun Jan 31 15:50:54 2021]
Finished job 9.
20 of 28 steps (71%) done
Select jobs to execute...

[Sun Jan 31 15:50:54 2021]
rule concat_summaries:
    input: summaries/8/BEP/1.csv, summaries/8/BEP/2.csv
    output: concatenated_summaries/8_BEP.csv
    jobid: 1
    wildcards: taxon=8, method=BEP

[Sun Jan 31 15:50:54 2021]
Finished job 1.
21 of 28 steps (75%) done
Select jobs to execute...

[Sun Jan 31 15:50:54 2021]
rule run_grasp:
    input: indelible_output/8/cleaned_aln/2.fasta, indelible_output/8/cleaned_trees/2.nwk
    output: grasp_results/8/SICP/2, grasp_results/8/SICP/2/GRASP_ancestors.fasta, grasp_results/8/SICP/2/tree.nwk
    jobid: 20
    wildcards: taxon=8, method=SICP, rep=2

[Sun Jan 31 15:50:56 2021]
Finished job 20.
22 of 28 steps (79%) done
Select jobs to execute...

[Sun Jan 31 15:50:56 2021]
rule summarise_indels:
    input: grasp_results/8/SICP/1/tree.nwk, grasp_results/concatenated/8/SICP/1/GRASP_ancestors.fasta, indelible_output/8/cleaned_trees/1.nwk, indelible_output/8/concatenated/8_1.fasta
    output: summaries/8/SICP/1.csv
    jobid: 16
    wildcards: taxon=8, method=SICP, rep=1

[Sun Jan 31 15:50:57 2021]
Finished job 16.
23 of 28 steps (82%) done
Select jobs to execute...

[Sun Jan 31 15:50:57 2021]
rule concat_fasta:
    input: indelible_output/8/cleaned_aln/2.fasta, grasp_results/8/SICP/2/GRASP_ancestors.fasta
    output: grasp_results/concatenated/8/SICP/2/GRASP_ancestors.fasta
    jobid: 21
    wildcards: taxon=8, method=SICP, rep=2

[Sun Jan 31 15:50:57 2021]
Finished job 21.
24 of 28 steps (86%) done
Select jobs to execute...

[Sun Jan 31 15:50:57 2021]
rule concat_summaries:
    input: summaries/8/SICML/1.csv, summaries/8/SICML/2.csv
    output: concatenated_summaries/8_SICML.csv
    jobid: 22
    wildcards: taxon=8, method=SICML

[Sun Jan 31 15:50:57 2021]
Finished job 22.
25 of 28 steps (89%) done
Select jobs to execute...

[Sun Jan 31 15:50:57 2021]
rule summarise_indels:
    input: grasp_results/8/SICP/2/tree.nwk, grasp_results/concatenated/8/SICP/2/GRASP_ancestors.fasta, indelible_output/8/cleaned_trees/2.nwk, indelible_output/8/concatenated/8_2.fasta
    output: summaries/8/SICP/2.csv
    jobid: 19
    wildcards: taxon=8, method=SICP, rep=2

[Sun Jan 31 15:50:57 2021]
Finished job 19.
26 of 28 steps (93%) done
Select jobs to execute...

[Sun Jan 31 15:50:57 2021]
rule concat_summaries:
    input: summaries/8/SICP/1.csv, summaries/8/SICP/2.csv
    output: concatenated_summaries/8_SICP.csv
    jobid: 15
    wildcards: taxon=8, method=SICP

[Sun Jan 31 15:50:57 2021]
Finished job 15.
27 of 28 steps (96%) done
Select jobs to execute...

[Sun Jan 31 15:50:57 2021]
rule create_plots:
    input: concatenated_summaries/8_BEP.csv, concatenated_summaries/8_SICP.csv, concatenated_summaries/8_SICML.csv
    output: plots/plot.png
    jobid: 0

[Sun Jan 31 15:50:58 2021]
Finished job 0.
28 of 28 steps (100%) done
Complete log: /Users/gabefoley/Dropbox/PhD/20210121_Indel_Evaluation_Project/Indel_Evaluation_Snakemake/.snakemake/log/2021-01-31T155041.702383.snakemake.log
