Building DAG of jobs...
Using shell: /bin/bash
Provided cores: 1 (use --cores to define parallelism)
Rules claiming more threads will be scaled down.
Job counts:
	count	jobs
	8	clean_indelible
	1	compile_latex
	24	concat_fasta
	8	concat_indelible
	4	concat_indelible_summaries
	12	concat_summaries
	4	create_control_files
	1	generate_latex
	1	generate_output_dict
	8	get_indelible_dict
	24	run_grasp
	8	run_indelible
	8	summarise_indelible
	24	summarise_indels
	135
Select jobs to execute...

[Mon Feb  1 17:29:35 2021]
rule create_control_files:
    output: indelible/250_control.txt
    jobid: 68
    wildcards: taxon=250

[Mon Feb  1 17:29:35 2021]
Finished job 68.
1 of 135 steps (0.74%) done
Select jobs to execute...

[Mon Feb  1 17:29:35 2021]
rule create_control_files:
    output: indelible/25_control.txt
    jobid: 8
    wildcards: taxon=25

[Mon Feb  1 17:29:36 2021]
Finished job 8.
2 of 135 steps (1%) done
Select jobs to execute...

[Mon Feb  1 17:29:36 2021]
rule run_indelible:
    input: indelible/25_control.txt
    output: indelible_output/25/trees/2.nwk, indelible_output/25/25_TRUE_2.fasta, indelible_output/25/25_ANCESTRAL_2.fasta, indelible_output/25/N0_trees/2.nwk
    jobid: 15
    wildcards: taxon=25, rep=2

[Mon Feb  1 17:29:38 2021]
Finished job 15.
3 of 135 steps (2%) done
Select jobs to execute...

[Mon Feb  1 17:29:38 2021]
rule concat_indelible:
    input: indelible_output/25/25_TRUE_2.fasta, indelible_output/25/25_ANCESTRAL_2.fasta
    output: indelible_output/25/concatenated/25_2.fasta
    jobid: 16
    wildcards: taxon=25, rep=2

[Mon Feb  1 17:29:38 2021]
Finished job 16.
4 of 135 steps (3%) done
Select jobs to execute...

[Mon Feb  1 17:29:38 2021]
rule clean_indelible:
    input: indelible_output/25/N0_trees/2.nwk, indelible_output/25/concatenated/25_2.fasta
    output: indelible_output/25/cleaned_aln/2.fasta, indelible_output/25/concatenated/2.fasta, indelible_output/25/cleaned_N0_trees/2.nwk
    jobid: 14
    wildcards: taxon=25, rep=2

[Mon Feb  1 17:29:40 2021]
Finished job 14.
5 of 135 steps (4%) done
Select jobs to execute...

[Mon Feb  1 17:29:40 2021]
rule run_grasp:
    input: indelible_output/25/cleaned_aln/2.fasta, indelible_output/25/cleaned_N0_trees/2.nwk
    output: grasp_results/25/SICML/2, grasp_results/25/SICML/2/GRASP_ancestors.fasta, grasp_results/25/SICML/2/tree.nwk
    jobid: 31
    wildcards: taxon=25, method=SICML, rep=2

[Mon Feb  1 17:29:46 2021]
Finished job 31.
6 of 135 steps (4%) done
Select jobs to execute...

[Mon Feb  1 17:29:46 2021]
rule get_indelible_dict:
    input: indelible_output/25/concatenated/2.fasta, indelible_output/25/cleaned_N0_trees/2.nwk
    output: indelible_dicts/25/leaves_2.p, indelible_dicts/25/gaps_2.p
    jobid: 18
    wildcards: taxon=25, rep=2

[Mon Feb  1 17:29:48 2021]
Finished job 18.
7 of 135 steps (5%) done
Select jobs to execute...

[Mon Feb  1 17:29:48 2021]
rule summarise_indelible:
    input: indelible_output/25/cleaned_N0_trees/2.nwk, indelible_output/25/concatenated/2.fasta, indelible_output/25/cleaned_N0_trees/2.nwk, indelible_output/25/concatenated/2.fasta, indelible_dicts/25/leaves_2.p, indelible_dicts/25/gaps_2.p
    output: indelible_summaries/25/2.csv
    jobid: 125
    wildcards: taxon=25, rep=2

[Mon Feb  1 17:29:49 2021]
Finished job 125.
8 of 135 steps (6%) done
Select jobs to execute...

[Mon Feb  1 17:29:50 2021]
rule concat_fasta:
    input: indelible_output/25/cleaned_aln/2.fasta, grasp_results/25/SICML/2/GRASP_ancestors.fasta
    output: grasp_results/concatenated/25/SICML/2/GRASP_ancestors.fasta
    jobid: 32
    wildcards: taxon=25, method=SICML, rep=2

[Mon Feb  1 17:29:50 2021]
Finished job 32.
9 of 135 steps (7%) done
Select jobs to execute...

[Mon Feb  1 17:29:50 2021]
rule summarise_indels:
    input: grasp_results/25/SICML/2/tree.nwk, grasp_results/concatenated/25/SICML/2/GRASP_ancestors.fasta, indelible_output/25/cleaned_N0_trees/2.nwk, indelible_output/25/concatenated/2.fasta, indelible_dicts/25/leaves_2.p, indelible_dicts/25/gaps_2.p
    output: summaries/25/SICML/2.csv
    jobid: 30
    wildcards: taxon=25, method=SICML, rep=2

[Mon Feb  1 17:29:51 2021]
Finished job 30.
10 of 135 steps (7%) done
Select jobs to execute...

[Mon Feb  1 17:29:51 2021]
rule run_grasp:
    input: indelible_output/25/cleaned_aln/2.fasta, indelible_output/25/cleaned_N0_trees/2.nwk
    output: grasp_results/25/SICP/2, grasp_results/25/SICP/2/GRASP_ancestors.fasta, grasp_results/25/SICP/2/tree.nwk
    jobid: 24
    wildcards: taxon=25, method=SICP, rep=2

[Mon Feb  1 17:29:56 2021]
Finished job 24.
11 of 135 steps (8%) done
Select jobs to execute...

[Mon Feb  1 17:29:56 2021]
rule concat_fasta:
    input: indelible_output/25/cleaned_aln/2.fasta, grasp_results/25/SICP/2/GRASP_ancestors.fasta
    output: grasp_results/concatenated/25/SICP/2/GRASP_ancestors.fasta
    jobid: 25
    wildcards: taxon=25, method=SICP, rep=2

[Mon Feb  1 17:29:56 2021]
Finished job 25.
12 of 135 steps (9%) done
Select jobs to execute...

[Mon Feb  1 17:29:56 2021]
rule summarise_indels:
    input: grasp_results/25/SICP/2/tree.nwk, grasp_results/concatenated/25/SICP/2/GRASP_ancestors.fasta, indelible_output/25/cleaned_N0_trees/2.nwk, indelible_output/25/concatenated/2.fasta, indelible_dicts/25/leaves_2.p, indelible_dicts/25/gaps_2.p
    output: summaries/25/SICP/2.csv
    jobid: 23
    wildcards: taxon=25, method=SICP, rep=2

[Mon Feb  1 17:29:58 2021]
Finished job 23.
13 of 135 steps (10%) done
Select jobs to execute...

[Mon Feb  1 17:29:58 2021]
rule run_grasp:
    input: indelible_output/25/cleaned_aln/2.fasta, indelible_output/25/cleaned_N0_trees/2.nwk
    output: grasp_results/25/BEP/2, grasp_results/25/BEP/2/GRASP_ancestors.fasta, grasp_results/25/BEP/2/tree.nwk
    jobid: 13
    wildcards: taxon=25, method=BEP, rep=2

[Mon Feb  1 17:30:03 2021]
Finished job 13.
14 of 135 steps (10%) done
Select jobs to execute...

[Mon Feb  1 17:30:03 2021]
rule concat_fasta:
    input: indelible_output/25/cleaned_aln/2.fasta, grasp_results/25/BEP/2/GRASP_ancestors.fasta
    output: grasp_results/concatenated/25/BEP/2/GRASP_ancestors.fasta
    jobid: 17
    wildcards: taxon=25, method=BEP, rep=2

[Mon Feb  1 17:30:03 2021]
Finished job 17.
15 of 135 steps (11%) done
Select jobs to execute...

[Mon Feb  1 17:30:03 2021]
rule summarise_indels:
    input: grasp_results/25/BEP/2/tree.nwk, grasp_results/concatenated/25/BEP/2/GRASP_ancestors.fasta, indelible_output/25/cleaned_N0_trees/2.nwk, indelible_output/25/concatenated/2.fasta, indelible_dicts/25/leaves_2.p, indelible_dicts/25/gaps_2.p
    output: summaries/25/BEP/2.csv
    jobid: 12
    wildcards: taxon=25, method=BEP, rep=2

[Mon Feb  1 17:30:05 2021]
Finished job 12.
16 of 135 steps (12%) done
Select jobs to execute...

[Mon Feb  1 17:30:05 2021]
rule create_control_files:
    output: indelible/500_control.txt
    jobid: 98
    wildcards: taxon=500

[Mon Feb  1 17:30:05 2021]
Finished job 98.
17 of 135 steps (13%) done
Select jobs to execute...

[Mon Feb  1 17:30:05 2021]
rule run_indelible:
    input: indelible/500_control.txt
    output: indelible_output/500/trees/2.nwk, indelible_output/500/500_TRUE_2.fasta, indelible_output/500/500_ANCESTRAL_2.fasta, indelible_output/500/N0_trees/2.nwk
    jobid: 105
    wildcards: taxon=500, rep=2

[Mon Feb  1 17:30:09 2021]
Finished job 105.
18 of 135 steps (13%) done
Select jobs to execute...

[Mon Feb  1 17:30:09 2021]
rule concat_indelible:
    input: indelible_output/500/500_TRUE_2.fasta, indelible_output/500/500_ANCESTRAL_2.fasta
    output: indelible_output/500/concatenated/500_2.fasta
    jobid: 106
    wildcards: taxon=500, rep=2

[Mon Feb  1 17:30:09 2021]
Finished job 106.
19 of 135 steps (14%) done
Select jobs to execute...

[Mon Feb  1 17:30:09 2021]
rule clean_indelible:
    input: indelible_output/500/N0_trees/2.nwk, indelible_output/500/concatenated/500_2.fasta
    output: indelible_output/500/cleaned_aln/2.fasta, indelible_output/500/concatenated/2.fasta, indelible_output/500/cleaned_N0_trees/2.nwk
    jobid: 104
    wildcards: taxon=500, rep=2

[Mon Feb  1 17:30:12 2021]
Finished job 104.
20 of 135 steps (15%) done
Select jobs to execute...

[Mon Feb  1 17:30:12 2021]
rule run_grasp:
    input: indelible_output/500/cleaned_aln/2.fasta, indelible_output/500/cleaned_N0_trees/2.nwk
    output: grasp_results/500/SICML/2, grasp_results/500/SICML/2/GRASP_ancestors.fasta, grasp_results/500/SICML/2/tree.nwk
    jobid: 121
    wildcards: taxon=500, method=SICML, rep=2

Terminating processes on user request, this might take some time.
[Mon Feb  1 17:46:27 2021]
Error in rule run_grasp:
    jobid: 121
    output: grasp_results/500/SICML/2, grasp_results/500/SICML/2/GRASP_ancestors.fasta, grasp_results/500/SICML/2/tree.nwk
    shell:
        grasp -aln indelible_output/500/cleaned_aln/2.fasta -nwk indelible_output/500/cleaned_N0_trees/2.nwk -model LG -out grasp_results/500/SICML/2 -savetree grasp_results/500/SICML/2  -indel SICML -inf joint -gap
        (one of the commands exited with non-zero exit code; note that snakemake uses bash strict mode!)

Removing output files of failed job run_grasp since they might be corrupted:
grasp_results/500/SICML/2
Complete log: /Users/gabefoley/Dropbox/PhD/20210121_Indel_Evaluation_Project/Indel_Evaluation_Snakemake/.snakemake/log/2021-02-01T172934.829669.snakemake.log
