Building DAG of jobs...
Using shell: /bin/bash
Provided cores: 1 (use --cores to define parallelism)
Rules claiming more threads will be scaled down.
Job counts:
	count	jobs
	1	all
	8	clean_fasta
	12	concat_fasta
	2	create_control_files
	24	run_grasp
	8	run_indelible
	12	summarise_indels
	67
Select jobs to execute...

[Thu Jan 28 13:43:02 2021]
rule create_control_files:
    output: indelible/4_control.txt
    jobid: 5
    wildcards: taxon=4

[Thu Jan 28 13:43:02 2021]
Finished job 5.
1 of 67 steps (1%) done
Select jobs to execute...

[Thu Jan 28 13:43:02 2021]
rule run_indelible:
    input: indelible/4_control.txt
    output: indelible_output/4/cleaned_trees/4_tree_2.nwk, indelible_output/4/4_TRUE_2.fasta
    jobid: 13
    wildcards: taxon=4, rep=2

[Thu Jan 28 13:43:03 2021]
Finished job 13.
2 of 67 steps (3%) done
Select jobs to execute...

[Thu Jan 28 13:43:03 2021]
rule run_indelible:
    input: indelible/4_control.txt
    output: indelible_output/4/cleaned_trees/4_tree_1/GRASP_ancestors.nwk, indelible_output/4/4_TRUE_1/GRASP_ancestors.fasta
    jobid: 9
    wildcards: taxon=4, rep=1/GRASP_ancestors

Waiting at most 100 seconds for missing files.
Terminating processes on user request, this might take some time.
Cancelling snakemake on user request.
