Building DAG of jobs...
Using shell: /bin/bash
Provided cores: 1 (use --cores to define parallelism)
Rules claiming more threads will be scaled down.
Job counts:
	count	jobs
	5	concat_summaries
	1	create_plots
	6
Select jobs to execute...

[Fri Jan 29 14:18:24 2021]
rule concat_summaries:
    input: summaries/8/SICP/1.csv, summaries/8/SICP/2.csv
    output: concatenated_summaries/8_SICP.csv
    jobid: 39
    wildcards: taxon=8, method=SICP

[Fri Jan 29 14:18:24 2021]
Finished job 39.
1 of 6 steps (17%) done
Select jobs to execute...

[Fri Jan 29 14:18:24 2021]
rule concat_summaries:
    input: summaries/8/BEP/1.csv, summaries/8/BEP/2.csv
    output: concatenated_summaries/8_BEP.csv
    jobid: 27
    wildcards: taxon=8, method=BEP

[Fri Jan 29 14:18:24 2021]
Finished job 27.
2 of 6 steps (33%) done
Select jobs to execute...

[Fri Jan 29 14:18:24 2021]
rule concat_summaries:
    input: summaries/4/SICP/1.csv, summaries/4/SICP/2.csv
    output: concatenated_summaries/4_SICP.csv
    jobid: 13
    wildcards: taxon=4, method=SICP

[Fri Jan 29 14:18:24 2021]
Finished job 13.
3 of 6 steps (50%) done
Select jobs to execute...

[Fri Jan 29 14:18:24 2021]
rule concat_summaries:
    input: summaries/4/SICML/1.csv, summaries/4/SICML/2.csv
    output: concatenated_summaries/4_SICML.csv
    jobid: 20
    wildcards: taxon=4, method=SICML

[Fri Jan 29 14:18:24 2021]
Finished job 20.
4 of 6 steps (67%) done
Select jobs to execute...

[Fri Jan 29 14:18:24 2021]
rule concat_summaries:
    input: summaries/8/SICML/1.csv, summaries/8/SICML/2.csv
    output: concatenated_summaries/8_SICML.csv
    jobid: 46
    wildcards: taxon=8, method=SICML

[Fri Jan 29 14:18:24 2021]
Finished job 46.
5 of 6 steps (83%) done
Select jobs to execute...

[Fri Jan 29 14:18:25 2021]
rule create_plots:
    input: concatenated_summaries/4_BEP.csv, concatenated_summaries/4_SICP.csv, concatenated_summaries/4_SICML.csv, concatenated_summaries/8_BEP.csv, concatenated_summaries/8_SICP.csv, concatenated_summaries/8_SICML.csv
    output: plots/plot.png
    jobid: 0

[Fri Jan 29 14:18:26 2021]
Finished job 0.
6 of 6 steps (100%) done
Complete log: /Users/gabefoley/Dropbox/PhD/20210121_Indel_Evaluation_Project/Indel_Evaluation_Snakemake/.snakemake/log/2021-01-29T141824.569032.snakemake.log
