Building DAG of jobs...
Using shell: /bin/bash
Provided cores: 1 (use --cores to define parallelism)
Rules claiming more threads will be scaled down.
Job counts:
	count	jobs
	2	clean_fastml_ml
	2	clean_fastml_parsimony
	2	clean_indelible
	1	compile_latex
	12	concat_fasta
	1	concat_fastml__ml_summaries
	1	concat_fastml_summaries
	2	concat_indelible
	1	concat_indelible_summaries
	6	concat_summaries
	1	create_control_files
	1	generate_latex
	1	generate_output_dict
	2	get_indelible_dict
	2	run_fastml
	12	run_grasp
	2	run_indelible
	2	summarise_fastml_ml_indels
	2	summarise_fastml_parsimony_indels
	2	summarise_indelible
	12	summarise_indels
	69
Select jobs to execute...

[Tue Mar  2 15:13:41 2021]
rule create_control_files:
    output: indelible/6_control.txt
    jobid: 8
    wildcards: taxon=6

[Tue Mar  2 15:13:42 2021]
Finished job 8.
1 of 69 steps (1%) done
Select jobs to execute...

[Tue Mar  2 15:13:42 2021]
rule run_indelible:
    input: indelible/6_control.txt
    output: indelible_output/6/trees/1.nwk, indelible_output/6/6_TRUE_1.fasta, indelible_output/6/6_ANCESTRAL_1.fasta, indelible_output/6/N0_trees/1.nwk
    jobid: 7
    wildcards: taxon=6, rep=1

[Tue Mar  2 15:13:43 2021]
Finished job 7.
2 of 69 steps (3%) done
Select jobs to execute...

[Tue Mar  2 15:13:43 2021]
rule run_indelible:
    input: indelible/6_control.txt
    output: indelible_output/6/trees/2.nwk, indelible_output/6/6_TRUE_2.fasta, indelible_output/6/6_ANCESTRAL_2.fasta, indelible_output/6/N0_trees/2.nwk
    jobid: 15
    wildcards: taxon=6, rep=2

Warning: the following output files of rule run_indelible were not present when the DAG was created:
{'indelible_output/6/6_ANCESTRAL_2.fasta', 'indelible_output/6/N0_trees/2.nwk', 'indelible_output/6/6_TRUE_2.fasta'}
[Tue Mar  2 15:13:44 2021]
Finished job 15.
3 of 69 steps (4%) done
Select jobs to execute...

[Tue Mar  2 15:13:44 2021]
rule concat_indelible:
    input: indelible_output/6/6_TRUE_2.fasta, indelible_output/6/6_ANCESTRAL_2.fasta
    output: indelible_output/6/concatenated/6_2.fasta
    jobid: 16
    wildcards: taxon=6, rep=2

[Tue Mar  2 15:13:44 2021]
Finished job 16.
4 of 69 steps (6%) done
Select jobs to execute...

[Tue Mar  2 15:13:44 2021]
rule clean_indelible:
    input: indelible_output/6/N0_trees/2.nwk, indelible_output/6/concatenated/6_2.fasta
    output: indelible_output/6/cleaned_aln/2.fasta, indelible_output/6/concatenated/2.fasta, indelible_output/6/cleaned_trees/2.nwk, indelible_output/6/cleaned_N0_trees/2.nwk, indelible_output/6/cleaned_no_internal_trees/2.nwk
    jobid: 14
    wildcards: taxon=6, rep=2

[Tue Mar  2 15:13:45 2021]
Finished job 14.
5 of 69 steps (7%) done
Select jobs to execute...

[Tue Mar  2 15:13:45 2021]
rule run_grasp:
    input: indelible_output/6/cleaned_aln/2.fasta, indelible_output/6/cleaned_N0_trees/2.nwk
    output: grasp_results/6/PSML/2, grasp_results/6/PSML/2/GRASP_ancestors.fasta, grasp_results/6/PSML/2/GRASP_ancestors.nwk
    jobid: 52
    wildcards: taxon=6, method=PSML, rep=2

[Tue Mar  2 15:13:46 2021]
Finished job 52.
6 of 69 steps (9%) done
Select jobs to execute...

[Tue Mar  2 15:13:46 2021]
rule concat_fasta:
    input: indelible_output/6/cleaned_aln/2.fasta, grasp_results/6/PSML/2/GRASP_ancestors.fasta
    output: grasp_results/concatenated/6/PSML/2/GRASP_ancestors.fasta
    jobid: 53
    wildcards: taxon=6, method=PSML, rep=2

[Tue Mar  2 15:13:46 2021]
Finished job 53.
7 of 69 steps (10%) done
Select jobs to execute...

[Tue Mar  2 15:13:46 2021]
rule run_grasp:
    input: indelible_output/6/cleaned_aln/2.fasta, indelible_output/6/cleaned_N0_trees/2.nwk
    output: grasp_results/6/BEP/2, grasp_results/6/BEP/2/GRASP_ancestors.fasta, grasp_results/6/BEP/2/GRASP_ancestors.nwk
    jobid: 24
    wildcards: taxon=6, method=BEP, rep=2

[Tue Mar  2 15:13:47 2021]
Finished job 24.
8 of 69 steps (12%) done
Select jobs to execute...

[Tue Mar  2 15:13:47 2021]
rule concat_fasta:
    input: indelible_output/6/cleaned_aln/2.fasta, grasp_results/6/BEP/2/GRASP_ancestors.fasta
    output: grasp_results/concatenated/6/BEP/2/GRASP_ancestors.fasta
    jobid: 25
    wildcards: taxon=6, method=BEP, rep=2

[Tue Mar  2 15:13:47 2021]
Finished job 25.
9 of 69 steps (13%) done
Select jobs to execute...

[Tue Mar  2 15:13:47 2021]
rule get_indelible_dict:
    input: indelible_output/6/concatenated/2.fasta, indelible_output/6/cleaned_N0_trees/2.nwk
    output: indelible_dicts/6/leaves_2.p, indelible_dicts/6/gaps_2.p
    jobid: 18
    wildcards: taxon=6, rep=2

[Tue Mar  2 15:13:48 2021]
Finished job 18.
10 of 69 steps (14%) done
Select jobs to execute...

[Tue Mar  2 15:13:48 2021]
rule run_grasp:
    input: indelible_output/6/cleaned_aln/2.fasta, indelible_output/6/cleaned_N0_trees/2.nwk
    output: grasp_results/6/SICML/2, grasp_results/6/SICML/2/GRASP_ancestors.fasta, grasp_results/6/SICML/2/GRASP_ancestors.nwk
    jobid: 13
    wildcards: taxon=6, method=SICML, rep=2

[Tue Mar  2 15:13:49 2021]
Finished job 13.
11 of 69 steps (16%) done
Select jobs to execute...

[Tue Mar  2 15:13:49 2021]
rule concat_fasta:
    input: indelible_output/6/cleaned_aln/2.fasta, grasp_results/6/SICML/2/GRASP_ancestors.fasta
    output: grasp_results/concatenated/6/SICML/2/GRASP_ancestors.fasta
    jobid: 17
    wildcards: taxon=6, method=SICML, rep=2

[Tue Mar  2 15:13:49 2021]
Finished job 17.
12 of 69 steps (17%) done
Select jobs to execute...

[Tue Mar  2 15:13:49 2021]
rule summarise_indels:
    input: grasp_results/6/SICML/2/GRASP_ancestors.nwk, grasp_results/concatenated/6/SICML/2/GRASP_ancestors.fasta, indelible_output/6/cleaned_N0_trees/2.nwk, indelible_output/6/concatenated/2.fasta, indelible_dicts/6/leaves_2.p, indelible_dicts/6/gaps_2.p
    output: summaries/6/SICML/2.csv
    jobid: 12
    wildcards: taxon=6, method=SICML, rep=2

[Tue Mar  2 15:13:50 2021]
Finished job 12.
13 of 69 steps (19%) done
Select jobs to execute...

[Tue Mar  2 15:13:50 2021]
rule run_fastml:
    input: indelible_output/6/cleaned_aln/2.fasta, indelible_output/6/cleaned_no_internal_trees/2.nwk
    output: fastml_results/6/2/seq.marginal_Chars_ParsimonyIndels.txt, fastml_results/6/2/seq.marginal_IndelAndChars.txt, fastml_results/6/2/tree.newick.txt, fastml_results/6/2
    jobid: 60
    wildcards: taxon=6, rep=2

[Tue Mar  2 15:13:52 2021]
Finished job 60.
14 of 69 steps (20%) done
Select jobs to execute...

[Tue Mar  2 15:13:52 2021]
rule clean_fastml_ml:
    input: fastml_results/6/2/seq.marginal_IndelAndChars.txt, fastml_results/6/2/tree.newick.txt
    output: fastml_results_ml/6/concatenated/2/FastML_ancestors.fasta, fastml_results_ml/6/cleaned_trees/2/tree.nwk, fastml_results_ml/6/cleaned_N0_trees/2/tree.nwk
    jobid: 65
    wildcards: taxon=6, rep=2

[Tue Mar  2 15:13:53 2021]
Finished job 65.
15 of 69 steps (22%) done
Select jobs to execute...

[Tue Mar  2 15:13:53 2021]
rule concat_indelible:
    input: indelible_output/6/6_TRUE_1.fasta, indelible_output/6/6_ANCESTRAL_1.fasta
    output: indelible_output/6/concatenated/6_1.fasta
    jobid: 9
    wildcards: taxon=6, rep=1

[Tue Mar  2 15:13:53 2021]
Finished job 9.
16 of 69 steps (23%) done
Select jobs to execute...

[Tue Mar  2 15:13:53 2021]
rule clean_indelible:
    input: indelible_output/6/N0_trees/1.nwk, indelible_output/6/concatenated/6_1.fasta
    output: indelible_output/6/cleaned_aln/1.fasta, indelible_output/6/concatenated/1.fasta, indelible_output/6/cleaned_trees/1.nwk, indelible_output/6/cleaned_N0_trees/1.nwk, indelible_output/6/cleaned_no_internal_trees/1.nwk
    jobid: 6
    wildcards: taxon=6, rep=1

[Tue Mar  2 15:13:54 2021]
Finished job 6.
17 of 69 steps (25%) done
Select jobs to execute...

[Tue Mar  2 15:13:54 2021]
rule run_grasp:
    input: indelible_output/6/cleaned_aln/1.fasta, indelible_output/6/cleaned_N0_trees/1.nwk
    output: grasp_results/6/PSML/1, grasp_results/6/PSML/1/GRASP_ancestors.fasta, grasp_results/6/PSML/1/GRASP_ancestors.nwk
    jobid: 49
    wildcards: taxon=6, method=PSML, rep=1

[Tue Mar  2 15:13:55 2021]
Finished job 49.
18 of 69 steps (26%) done
Select jobs to execute...

[Tue Mar  2 15:13:55 2021]
rule run_grasp:
    input: indelible_output/6/cleaned_aln/1.fasta, indelible_output/6/cleaned_N0_trees/1.nwk
    output: grasp_results/6/BEML/1, grasp_results/6/BEML/1/GRASP_ancestors.fasta, grasp_results/6/BEML/1/GRASP_ancestors.nwk
    jobid: 42
    wildcards: taxon=6, method=BEML, rep=1

[Tue Mar  2 15:13:55 2021]
Finished job 42.
19 of 69 steps (28%) done
Select jobs to execute...

[Tue Mar  2 15:13:55 2021]
rule concat_fasta:
    input: indelible_output/6/cleaned_aln/1.fasta, grasp_results/6/PSML/1/GRASP_ancestors.fasta
    output: grasp_results/concatenated/6/PSML/1/GRASP_ancestors.fasta
    jobid: 50
    wildcards: taxon=6, method=PSML, rep=1

[Tue Mar  2 15:13:55 2021]
Finished job 50.
20 of 69 steps (29%) done
Select jobs to execute...

[Tue Mar  2 15:13:55 2021]
rule get_indelible_dict:
    input: indelible_output/6/concatenated/1.fasta, indelible_output/6/cleaned_N0_trees/1.nwk
    output: indelible_dicts/6/leaves_1.p, indelible_dicts/6/gaps_1.p
    jobid: 11
    wildcards: taxon=6, rep=1

[Tue Mar  2 15:13:56 2021]
Finished job 11.
21 of 69 steps (30%) done
Select jobs to execute...

[Tue Mar  2 15:13:56 2021]
rule run_grasp:
    input: indelible_output/6/cleaned_aln/1.fasta, indelible_output/6/cleaned_N0_trees/1.nwk
    output: grasp_results/6/BEP/1, grasp_results/6/BEP/1/GRASP_ancestors.fasta, grasp_results/6/BEP/1/GRASP_ancestors.nwk
    jobid: 21
    wildcards: taxon=6, method=BEP, rep=1

[Tue Mar  2 15:13:57 2021]
Finished job 21.
22 of 69 steps (32%) done
Select jobs to execute...

[Tue Mar  2 15:13:57 2021]
rule run_grasp:
    input: indelible_output/6/cleaned_aln/1.fasta, indelible_output/6/cleaned_N0_trees/1.nwk
    output: grasp_results/6/PSP/1, grasp_results/6/PSP/1/GRASP_ancestors.fasta, grasp_results/6/PSP/1/GRASP_ancestors.nwk
    jobid: 35
    wildcards: taxon=6, method=PSP, rep=1

[Tue Mar  2 15:13:57 2021]
Finished job 35.
23 of 69 steps (33%) done
Select jobs to execute...

[Tue Mar  2 15:13:57 2021]
rule concat_fasta:
    input: indelible_output/6/cleaned_aln/1.fasta, grasp_results/6/BEML/1/GRASP_ancestors.fasta
    output: grasp_results/concatenated/6/BEML/1/GRASP_ancestors.fasta
    jobid: 43
    wildcards: taxon=6, method=BEML, rep=1

[Tue Mar  2 15:13:57 2021]
Finished job 43.
24 of 69 steps (35%) done
Select jobs to execute...

[Tue Mar  2 15:13:57 2021]
rule summarise_indels:
    input: grasp_results/6/BEML/1/GRASP_ancestors.nwk, grasp_results/concatenated/6/BEML/1/GRASP_ancestors.fasta, indelible_output/6/cleaned_N0_trees/1.nwk, indelible_output/6/concatenated/1.fasta, indelible_dicts/6/leaves_1.p, indelible_dicts/6/gaps_1.p
    output: summaries/6/BEML/1.csv
    jobid: 41
    wildcards: taxon=6, method=BEML, rep=1

[Tue Mar  2 15:13:58 2021]
Finished job 41.
25 of 69 steps (36%) done
Select jobs to execute...

[Tue Mar  2 15:13:58 2021]
rule run_grasp:
    input: indelible_output/6/cleaned_aln/1.fasta, indelible_output/6/cleaned_N0_trees/1.nwk
    output: grasp_results/6/SICP/1, grasp_results/6/SICP/1/GRASP_ancestors.fasta, grasp_results/6/SICP/1/GRASP_ancestors.nwk
    jobid: 28
    wildcards: taxon=6, method=SICP, rep=1

[Tue Mar  2 15:13:59 2021]
Finished job 28.
26 of 69 steps (38%) done
Select jobs to execute...

[Tue Mar  2 15:13:59 2021]
rule concat_fasta:
    input: indelible_output/6/cleaned_aln/1.fasta, grasp_results/6/SICP/1/GRASP_ancestors.fasta
    output: grasp_results/concatenated/6/SICP/1/GRASP_ancestors.fasta
    jobid: 29
    wildcards: taxon=6, method=SICP, rep=1

[Tue Mar  2 15:13:59 2021]
Finished job 29.
27 of 69 steps (39%) done
Select jobs to execute...

[Tue Mar  2 15:13:59 2021]
rule summarise_indels:
    input: grasp_results/6/SICP/1/GRASP_ancestors.nwk, grasp_results/concatenated/6/SICP/1/GRASP_ancestors.fasta, indelible_output/6/cleaned_N0_trees/1.nwk, indelible_output/6/concatenated/1.fasta, indelible_dicts/6/leaves_1.p, indelible_dicts/6/gaps_1.p
    output: summaries/6/SICP/1.csv
    jobid: 27
    wildcards: taxon=6, method=SICP, rep=1

[Tue Mar  2 15:14:00 2021]
Finished job 27.
28 of 69 steps (41%) done
Select jobs to execute...

[Tue Mar  2 15:14:00 2021]
rule run_fastml:
    input: indelible_output/6/cleaned_aln/1.fasta, indelible_output/6/cleaned_no_internal_trees/1.nwk
    output: fastml_results/6/1/seq.marginal_Chars_ParsimonyIndels.txt, fastml_results/6/1/seq.marginal_IndelAndChars.txt, fastml_results/6/1/tree.newick.txt, fastml_results/6/1
    jobid: 57
    wildcards: taxon=6, rep=1

[Tue Mar  2 15:14:02 2021]
Finished job 57.
29 of 69 steps (42%) done
Select jobs to execute...

[Tue Mar  2 15:14:02 2021]
rule clean_fastml_parsimony:
    input: fastml_results/6/1/seq.marginal_Chars_ParsimonyIndels.txt, fastml_results/6/1/tree.newick.txt
    output: fastml_results_parsimony/6/concatenated/1/FastML_ancestors.fasta, fastml_results_parsimony/6/cleaned_trees/1/tree.nwk, fastml_results_parsimony/6/cleaned_N0_trees/1/tree.nwk
    jobid: 56
    wildcards: taxon=6, rep=1

[Tue Mar  2 15:14:03 2021]
Finished job 56.
30 of 69 steps (43%) done
Select jobs to execute...

[Tue Mar  2 15:14:03 2021]
rule summarise_fastml_parsimony_indels:
    input: fastml_results_parsimony/6/concatenated/1/FastML_ancestors.fasta, fastml_results_parsimony/6/cleaned_N0_trees/1/tree.nwk, indelible_output/6/cleaned_N0_trees/1.nwk, indelible_output/6/concatenated/1.fasta, indelible_dicts/6/leaves_1.p, indelible_dicts/6/gaps_1.p
    output: fastml_parsimony_summaries/6/fastml/1.csv
    jobid: 55
    wildcards: taxon=6, rep=1

[Tue Mar  2 15:14:04 2021]
Finished job 55.
31 of 69 steps (45%) done
Select jobs to execute...

[Tue Mar  2 15:14:04 2021]
rule summarise_indels:
    input: grasp_results/6/PSML/1/GRASP_ancestors.nwk, grasp_results/concatenated/6/PSML/1/GRASP_ancestors.fasta, indelible_output/6/cleaned_N0_trees/1.nwk, indelible_output/6/concatenated/1.fasta, indelible_dicts/6/leaves_1.p, indelible_dicts/6/gaps_1.p
    output: summaries/6/PSML/1.csv
    jobid: 48
    wildcards: taxon=6, method=PSML, rep=1

[Tue Mar  2 15:14:05 2021]
Finished job 48.
32 of 69 steps (46%) done
Select jobs to execute...

[Tue Mar  2 15:14:05 2021]
rule summarise_indelible:
    input: indelible_output/6/cleaned_N0_trees/1.nwk, indelible_output/6/concatenated/1.fasta, indelible_output/6/cleaned_N0_trees/1.nwk, indelible_output/6/concatenated/1.fasta, indelible_dicts/6/leaves_1.p, indelible_dicts/6/gaps_1.p
    output: indelible_summaries/6/1.csv
    jobid: 67
    wildcards: taxon=6, rep=1

[Tue Mar  2 15:14:06 2021]
Finished job 67.
33 of 69 steps (48%) done
Select jobs to execute...

[Tue Mar  2 15:14:06 2021]
rule concat_fasta:
    input: indelible_output/6/cleaned_aln/1.fasta, grasp_results/6/BEP/1/GRASP_ancestors.fasta
    output: grasp_results/concatenated/6/BEP/1/GRASP_ancestors.fasta
    jobid: 22
    wildcards: taxon=6, method=BEP, rep=1

[Tue Mar  2 15:14:06 2021]
Finished job 22.
34 of 69 steps (49%) done
Select jobs to execute...

[Tue Mar  2 15:14:06 2021]
rule summarise_indels:
    input: grasp_results/6/BEP/1/GRASP_ancestors.nwk, grasp_results/concatenated/6/BEP/1/GRASP_ancestors.fasta, indelible_output/6/cleaned_N0_trees/1.nwk, indelible_output/6/concatenated/1.fasta, indelible_dicts/6/leaves_1.p, indelible_dicts/6/gaps_1.p
    output: summaries/6/BEP/1.csv
    jobid: 20
    wildcards: taxon=6, method=BEP, rep=1

[Tue Mar  2 15:14:07 2021]
Finished job 20.
35 of 69 steps (51%) done
Select jobs to execute...

[Tue Mar  2 15:14:07 2021]
rule concat_fasta:
    input: indelible_output/6/cleaned_aln/1.fasta, grasp_results/6/PSP/1/GRASP_ancestors.fasta
    output: grasp_results/concatenated/6/PSP/1/GRASP_ancestors.fasta
    jobid: 36
    wildcards: taxon=6, method=PSP, rep=1

[Tue Mar  2 15:14:07 2021]
Finished job 36.
36 of 69 steps (52%) done
Select jobs to execute...

[Tue Mar  2 15:14:07 2021]
rule summarise_indels:
    input: grasp_results/6/PSP/1/GRASP_ancestors.nwk, grasp_results/concatenated/6/PSP/1/GRASP_ancestors.fasta, indelible_output/6/cleaned_N0_trees/1.nwk, indelible_output/6/concatenated/1.fasta, indelible_dicts/6/leaves_1.p, indelible_dicts/6/gaps_1.p
    output: summaries/6/PSP/1.csv
    jobid: 34
    wildcards: taxon=6, method=PSP, rep=1

[Tue Mar  2 15:14:08 2021]
Finished job 34.
37 of 69 steps (54%) done
Select jobs to execute...

[Tue Mar  2 15:14:08 2021]
rule clean_fastml_ml:
    input: fastml_results/6/1/seq.marginal_IndelAndChars.txt, fastml_results/6/1/tree.newick.txt
    output: fastml_results_ml/6/concatenated/1/FastML_ancestors.fasta, fastml_results_ml/6/cleaned_trees/1/tree.nwk, fastml_results_ml/6/cleaned_N0_trees/1/tree.nwk
    jobid: 63
    wildcards: taxon=6, rep=1

[Tue Mar  2 15:14:09 2021]
Finished job 63.
38 of 69 steps (55%) done
Select jobs to execute...

[Tue Mar  2 15:14:09 2021]
rule summarise_fastml_ml_indels:
    input: fastml_results_ml/6/concatenated/1/FastML_ancestors.fasta, fastml_results_ml/6/cleaned_N0_trees/1/tree.nwk, indelible_output/6/cleaned_N0_trees/1.nwk, indelible_output/6/concatenated/1.fasta, indelible_dicts/6/leaves_1.p, indelible_dicts/6/gaps_1.p
    output: fastml_ml_summaries/6/fastml/1.csv
    jobid: 62
    wildcards: taxon=6, rep=1

[Tue Mar  2 15:14:09 2021]
Finished job 62.
39 of 69 steps (57%) done
Select jobs to execute...

[Tue Mar  2 15:14:09 2021]
rule run_grasp:
    input: indelible_output/6/cleaned_aln/1.fasta, indelible_output/6/cleaned_N0_trees/1.nwk
    output: grasp_results/6/SICML/1, grasp_results/6/SICML/1/GRASP_ancestors.fasta, grasp_results/6/SICML/1/GRASP_ancestors.nwk
    jobid: 5
    wildcards: taxon=6, method=SICML, rep=1

[Tue Mar  2 15:14:10 2021]
Finished job 5.
40 of 69 steps (58%) done
Select jobs to execute...

[Tue Mar  2 15:14:10 2021]
rule concat_fasta:
    input: indelible_output/6/cleaned_aln/1.fasta, grasp_results/6/SICML/1/GRASP_ancestors.fasta
    output: grasp_results/concatenated/6/SICML/1/GRASP_ancestors.fasta
    jobid: 10
    wildcards: taxon=6, method=SICML, rep=1

[Tue Mar  2 15:14:10 2021]
Finished job 10.
41 of 69 steps (59%) done
Select jobs to execute...

[Tue Mar  2 15:14:10 2021]
rule summarise_indels:
    input: grasp_results/6/SICML/1/GRASP_ancestors.nwk, grasp_results/concatenated/6/SICML/1/GRASP_ancestors.fasta, indelible_output/6/cleaned_N0_trees/1.nwk, indelible_output/6/concatenated/1.fasta, indelible_dicts/6/leaves_1.p, indelible_dicts/6/gaps_1.p
    output: summaries/6/SICML/1.csv
    jobid: 4
    wildcards: taxon=6, method=SICML, rep=1

[Tue Mar  2 15:14:11 2021]
Finished job 4.
42 of 69 steps (61%) done
Select jobs to execute...

[Tue Mar  2 15:14:11 2021]
rule concat_summaries:
    input: summaries/6/SICML/1.csv, summaries/6/SICML/2.csv
    output: concatenated_summaries/6_SICML.csv
    jobid: 3
    wildcards: taxon=6, method=SICML

[Tue Mar  2 15:14:11 2021]
Finished job 3.
43 of 69 steps (62%) done
Select jobs to execute...

[Tue Mar  2 15:14:11 2021]
rule summarise_fastml_ml_indels:
    input: fastml_results_ml/6/concatenated/2/FastML_ancestors.fasta, fastml_results_ml/6/cleaned_N0_trees/2/tree.nwk, indelible_output/6/cleaned_N0_trees/2.nwk, indelible_output/6/concatenated/2.fasta, indelible_dicts/6/leaves_2.p, indelible_dicts/6/gaps_2.p
    output: fastml_ml_summaries/6/fastml/2.csv
    jobid: 64
    wildcards: taxon=6, rep=2

[Tue Mar  2 15:14:12 2021]
Finished job 64.
44 of 69 steps (64%) done
Select jobs to execute...

[Tue Mar  2 15:14:12 2021]
rule concat_fastml__ml_summaries:
    input: fastml_ml_summaries/6/fastml/1.csv, fastml_ml_summaries/6/fastml/2.csv
    output: concatenated_fastml_ml_summaries/6.csv
    jobid: 61
    wildcards: taxon=6

[Tue Mar  2 15:14:12 2021]
Finished job 61.
45 of 69 steps (65%) done
Select jobs to execute...

[Tue Mar  2 15:14:12 2021]
rule clean_fastml_parsimony:
    input: fastml_results/6/2/seq.marginal_Chars_ParsimonyIndels.txt, fastml_results/6/2/tree.newick.txt
    output: fastml_results_parsimony/6/concatenated/2/FastML_ancestors.fasta, fastml_results_parsimony/6/cleaned_trees/2/tree.nwk, fastml_results_parsimony/6/cleaned_N0_trees/2/tree.nwk
    jobid: 59
    wildcards: taxon=6, rep=2

[Tue Mar  2 15:14:13 2021]
Finished job 59.
46 of 69 steps (67%) done
Select jobs to execute...

[Tue Mar  2 15:14:14 2021]
rule summarise_fastml_parsimony_indels:
    input: fastml_results_parsimony/6/concatenated/2/FastML_ancestors.fasta, fastml_results_parsimony/6/cleaned_N0_trees/2/tree.nwk, indelible_output/6/cleaned_N0_trees/2.nwk, indelible_output/6/concatenated/2.fasta, indelible_dicts/6/leaves_2.p, indelible_dicts/6/gaps_2.p
    output: fastml_parsimony_summaries/6/fastml/2.csv
    jobid: 58
    wildcards: taxon=6, rep=2

[Tue Mar  2 15:14:14 2021]
Finished job 58.
47 of 69 steps (68%) done
Select jobs to execute...

[Tue Mar  2 15:14:14 2021]
rule concat_fastml_summaries:
    input: fastml_parsimony_summaries/6/fastml/1.csv, fastml_parsimony_summaries/6/fastml/2.csv
    output: concatenated_fastml_parsimony_summaries/6.csv
    jobid: 54
    wildcards: taxon=6

[Tue Mar  2 15:14:15 2021]
Finished job 54.
48 of 69 steps (70%) done
Select jobs to execute...

[Tue Mar  2 15:14:15 2021]
rule summarise_indelible:
    input: indelible_output/6/cleaned_N0_trees/2.nwk, indelible_output/6/concatenated/2.fasta, indelible_output/6/cleaned_N0_trees/2.nwk, indelible_output/6/concatenated/2.fasta, indelible_dicts/6/leaves_2.p, indelible_dicts/6/gaps_2.p
    output: indelible_summaries/6/2.csv
    jobid: 68
    wildcards: taxon=6, rep=2

[Tue Mar  2 15:14:16 2021]
Finished job 68.
49 of 69 steps (71%) done
Select jobs to execute...

[Tue Mar  2 15:14:16 2021]
rule concat_indelible_summaries:
    input: indelible_summaries/6/1.csv, indelible_summaries/6/2.csv
    output: concatenated_indelible_summaries/6.csv
    jobid: 66
    wildcards: taxon=6

[Tue Mar  2 15:14:16 2021]
Finished job 66.
50 of 69 steps (72%) done
Select jobs to execute...

[Tue Mar  2 15:14:16 2021]
rule run_grasp:
    input: indelible_output/6/cleaned_aln/2.fasta, indelible_output/6/cleaned_N0_trees/2.nwk
    output: grasp_results/6/BEML/2, grasp_results/6/BEML/2/GRASP_ancestors.fasta, grasp_results/6/BEML/2/GRASP_ancestors.nwk
    jobid: 45
    wildcards: taxon=6, method=BEML, rep=2

[Tue Mar  2 15:14:16 2021]
Finished job 45.
51 of 69 steps (74%) done
Select jobs to execute...

[Tue Mar  2 15:14:16 2021]
rule concat_fasta:
    input: indelible_output/6/cleaned_aln/2.fasta, grasp_results/6/BEML/2/GRASP_ancestors.fasta
    output: grasp_results/concatenated/6/BEML/2/GRASP_ancestors.fasta
    jobid: 46
    wildcards: taxon=6, method=BEML, rep=2

[Tue Mar  2 15:14:16 2021]
Finished job 46.
52 of 69 steps (75%) done
Select jobs to execute...

[Tue Mar  2 15:14:16 2021]
rule summarise_indels:
    input: grasp_results/6/BEML/2/GRASP_ancestors.nwk, grasp_results/concatenated/6/BEML/2/GRASP_ancestors.fasta, indelible_output/6/cleaned_N0_trees/2.nwk, indelible_output/6/concatenated/2.fasta, indelible_dicts/6/leaves_2.p, indelible_dicts/6/gaps_2.p
    output: summaries/6/BEML/2.csv
    jobid: 44
    wildcards: taxon=6, method=BEML, rep=2

[Tue Mar  2 15:14:17 2021]
Finished job 44.
53 of 69 steps (77%) done
Select jobs to execute...

[Tue Mar  2 15:14:17 2021]
rule summarise_indels:
    input: grasp_results/6/PSML/2/GRASP_ancestors.nwk, grasp_results/concatenated/6/PSML/2/GRASP_ancestors.fasta, indelible_output/6/cleaned_N0_trees/2.nwk, indelible_output/6/concatenated/2.fasta, indelible_dicts/6/leaves_2.p, indelible_dicts/6/gaps_2.p
    output: summaries/6/PSML/2.csv
    jobid: 51
    wildcards: taxon=6, method=PSML, rep=2

[Tue Mar  2 15:14:18 2021]
Finished job 51.
54 of 69 steps (78%) done
Select jobs to execute...

[Tue Mar  2 15:14:18 2021]
rule concat_summaries:
    input: summaries/6/BEML/1.csv, summaries/6/BEML/2.csv
    output: concatenated_summaries/6_BEML.csv
    jobid: 40
    wildcards: taxon=6, method=BEML

[Tue Mar  2 15:14:18 2021]
Finished job 40.
55 of 69 steps (80%) done
Select jobs to execute...

[Tue Mar  2 15:14:18 2021]
rule run_grasp:
    input: indelible_output/6/cleaned_aln/2.fasta, indelible_output/6/cleaned_N0_trees/2.nwk
    output: grasp_results/6/SICP/2, grasp_results/6/SICP/2/GRASP_ancestors.fasta, grasp_results/6/SICP/2/GRASP_ancestors.nwk
    jobid: 31
    wildcards: taxon=6, method=SICP, rep=2

[Tue Mar  2 15:14:19 2021]
Finished job 31.
56 of 69 steps (81%) done
Select jobs to execute...

[Tue Mar  2 15:14:19 2021]
rule concat_fasta:
    input: indelible_output/6/cleaned_aln/2.fasta, grasp_results/6/SICP/2/GRASP_ancestors.fasta
    output: grasp_results/concatenated/6/SICP/2/GRASP_ancestors.fasta
    jobid: 32
    wildcards: taxon=6, method=SICP, rep=2

[Tue Mar  2 15:14:19 2021]
Finished job 32.
57 of 69 steps (83%) done
Select jobs to execute...

[Tue Mar  2 15:14:19 2021]
rule summarise_indels:
    input: grasp_results/6/SICP/2/GRASP_ancestors.nwk, grasp_results/concatenated/6/SICP/2/GRASP_ancestors.fasta, indelible_output/6/cleaned_N0_trees/2.nwk, indelible_output/6/concatenated/2.fasta, indelible_dicts/6/leaves_2.p, indelible_dicts/6/gaps_2.p
    output: summaries/6/SICP/2.csv
    jobid: 30
    wildcards: taxon=6, method=SICP, rep=2

[Tue Mar  2 15:14:20 2021]
Finished job 30.
58 of 69 steps (84%) done
Select jobs to execute...

[Tue Mar  2 15:14:20 2021]
rule run_grasp:
    input: indelible_output/6/cleaned_aln/2.fasta, indelible_output/6/cleaned_N0_trees/2.nwk
    output: grasp_results/6/PSP/2, grasp_results/6/PSP/2/GRASP_ancestors.fasta, grasp_results/6/PSP/2/GRASP_ancestors.nwk
    jobid: 38
    wildcards: taxon=6, method=PSP, rep=2

[Tue Mar  2 15:14:20 2021]
Finished job 38.
59 of 69 steps (86%) done
Select jobs to execute...

[Tue Mar  2 15:14:20 2021]
rule summarise_indels:
    input: grasp_results/6/BEP/2/GRASP_ancestors.nwk, grasp_results/concatenated/6/BEP/2/GRASP_ancestors.fasta, indelible_output/6/cleaned_N0_trees/2.nwk, indelible_output/6/concatenated/2.fasta, indelible_dicts/6/leaves_2.p, indelible_dicts/6/gaps_2.p
    output: summaries/6/BEP/2.csv
    jobid: 23
    wildcards: taxon=6, method=BEP, rep=2

[Tue Mar  2 15:14:21 2021]
Finished job 23.
60 of 69 steps (87%) done
Select jobs to execute...

[Tue Mar  2 15:14:21 2021]
rule concat_summaries:
    input: summaries/6/PSML/1.csv, summaries/6/PSML/2.csv
    output: concatenated_summaries/6_PSML.csv
    jobid: 47
    wildcards: taxon=6, method=PSML

[Tue Mar  2 15:14:21 2021]
Finished job 47.
61 of 69 steps (88%) done
Select jobs to execute...

[Tue Mar  2 15:14:21 2021]
rule concat_fasta:
    input: indelible_output/6/cleaned_aln/2.fasta, grasp_results/6/PSP/2/GRASP_ancestors.fasta
    output: grasp_results/concatenated/6/PSP/2/GRASP_ancestors.fasta
    jobid: 39
    wildcards: taxon=6, method=PSP, rep=2

[Tue Mar  2 15:14:21 2021]
Finished job 39.
62 of 69 steps (90%) done
Select jobs to execute...

[Tue Mar  2 15:14:22 2021]
rule summarise_indels:
    input: grasp_results/6/PSP/2/GRASP_ancestors.nwk, grasp_results/concatenated/6/PSP/2/GRASP_ancestors.fasta, indelible_output/6/cleaned_N0_trees/2.nwk, indelible_output/6/concatenated/2.fasta, indelible_dicts/6/leaves_2.p, indelible_dicts/6/gaps_2.p
    output: summaries/6/PSP/2.csv
    jobid: 37
    wildcards: taxon=6, method=PSP, rep=2

[Tue Mar  2 15:14:22 2021]
Finished job 37.
63 of 69 steps (91%) done
Select jobs to execute...

[Tue Mar  2 15:14:22 2021]
rule concat_summaries:
    input: summaries/6/PSP/1.csv, summaries/6/PSP/2.csv
    output: concatenated_summaries/6_PSP.csv
    jobid: 33
    wildcards: taxon=6, method=PSP

[Tue Mar  2 15:14:22 2021]
Finished job 33.
64 of 69 steps (93%) done
Select jobs to execute...

[Tue Mar  2 15:14:23 2021]
rule concat_summaries:
    input: summaries/6/SICP/1.csv, summaries/6/SICP/2.csv
    output: concatenated_summaries/6_SICP.csv
    jobid: 26
    wildcards: taxon=6, method=SICP

[Tue Mar  2 15:14:23 2021]
Finished job 26.
65 of 69 steps (94%) done
Select jobs to execute...

[Tue Mar  2 15:14:23 2021]
rule concat_summaries:
    input: summaries/6/BEP/1.csv, summaries/6/BEP/2.csv
    output: concatenated_summaries/6_BEP.csv
    jobid: 19
    wildcards: taxon=6, method=BEP

[Tue Mar  2 15:14:23 2021]
Finished job 19.
66 of 69 steps (96%) done
Select jobs to execute...

[Tue Mar  2 15:14:23 2021]
rule generate_output_dict:
    input: concatenated_summaries/6_SICML.csv, concatenated_summaries/6_BEP.csv, concatenated_summaries/6_SICP.csv, concatenated_summaries/6_PSP.csv, concatenated_summaries/6_BEML.csv, concatenated_summaries/6_PSML.csv, concatenated_fastml_parsimony_summaries/6.csv, concatenated_fastml_ml_summaries/6.csv, concatenated_indelible_summaries/6.csv
    output: output_dicts/output.p
    jobid: 2

[Tue Mar  2 15:14:27 2021]
Finished job 2.
67 of 69 steps (97%) done
Select jobs to execute...

[Tue Mar  2 15:14:27 2021]
rule generate_latex:
    input: output_dicts/output.p
    output: plots/plot.tex
    jobid: 1

[Tue Mar  2 15:14:27 2021]
Finished job 1.
68 of 69 steps (99%) done
Select jobs to execute...

[Tue Mar  2 15:14:27 2021]
rule compile_latex:
    input: plots/plot.tex
    output: plots/plot.pdf
    jobid: 0

[Tue Mar  2 15:14:29 2021]
Finished job 0.
69 of 69 steps (100%) done
Complete log: /Users/gabefoley/Dropbox/PhD/20210121_Indel_Evaluation_Project/Indel_Evaluation_Snakemake/.snakemake/log/2021-03-02T151341.575138.snakemake.log
