Building DAG of jobs...
Using shell: /bin/bash
Provided cores: 1 (use --cores to define parallelism)
Rules claiming more threads will be scaled down.
Job counts:
	count	jobs
	35	clean_fastml_ml
	35	clean_fastml_parsimony
	35	clean_indelible
	1	compile_latex
	105	concat_fasta
	7	concat_fastml__ml_summaries
	7	concat_fastml_summaries
	35	concat_indelible
	7	concat_indelible_summaries
	21	concat_summaries
	7	create_control_files
	1	generate_latex
	1	generate_output_dict
	35	get_indelible_dict
	35	run_fastml
	105	run_grasp
	35	run_indelible
	35	summarise_fastml_ml_indels
	35	summarise_fastml_parsimony_indels
	35	summarise_indelible
	105	summarise_indels
	717
Select jobs to execute...

[Fri Feb  5 17:42:28 2021]
rule create_control_files:
    output: indelible/25_control.txt
    jobid: 215
    wildcards: taxon=25

[Fri Feb  5 17:42:28 2021]
Finished job 215.
1 of 717 steps (0.14%) done
Select jobs to execute...

[Fri Feb  5 17:42:29 2021]
rule run_indelible:
    input: indelible/25_control.txt
    output: indelible_output/25/trees/2.nwk, indelible_output/25/25_TRUE_2.fasta, indelible_output/25/25_ANCESTRAL_2.fasta, indelible_output/25/N0_trees/2.nwk
    jobid: 222
    wildcards: taxon=25, rep=2

[Fri Feb  5 17:42:30 2021]
Finished job 222.
2 of 717 steps (0.28%) done
Select jobs to execute...

[Fri Feb  5 17:42:30 2021]
rule create_control_files:
    output: indelible/5_control.txt
    jobid: 8
    wildcards: taxon=5

[Fri Feb  5 17:42:31 2021]
Finished job 8.
3 of 717 steps (0.42%) done
Select jobs to execute...

[Fri Feb  5 17:42:31 2021]
rule create_control_files:
    output: indelible/100_control.txt
    jobid: 422
    wildcards: taxon=100

[Fri Feb  5 17:42:31 2021]
Finished job 422.
4 of 717 steps (0.56%) done
Select jobs to execute...

[Fri Feb  5 17:42:31 2021]
rule run_indelible:
    input: indelible/100_control.txt
    output: indelible_output/100/trees/3.nwk, indelible_output/100/100_TRUE_3.fasta, indelible_output/100/100_ANCESTRAL_3.fasta, indelible_output/100/N0_trees/3.nwk
    jobid: 436
    wildcards: taxon=100, rep=3

[Fri Feb  5 17:42:32 2021]
Finished job 436.
5 of 717 steps (0.70%) done
Select jobs to execute...

[Fri Feb  5 17:42:32 2021]
rule run_indelible:
    input: indelible/100_control.txt
    output: indelible_output/100/trees/4.nwk, indelible_output/100/100_TRUE_4.fasta, indelible_output/100/100_ANCESTRAL_4.fasta, indelible_output/100/N0_trees/4.nwk
    jobid: 443
    wildcards: taxon=100, rep=4

Warning: the following output files of rule run_indelible were not present when the DAG was created:
{'indelible_output/100/100_ANCESTRAL_4.fasta', 'indelible_output/100/100_TRUE_4.fasta', 'indelible_output/100/N0_trees/4.nwk'}
[Fri Feb  5 17:42:34 2021]
Finished job 443.
6 of 717 steps (0.84%) done
Select jobs to execute...

[Fri Feb  5 17:42:34 2021]
rule create_control_files:
    output: indelible/10_control.txt
    jobid: 77
    wildcards: taxon=10

[Fri Feb  5 17:42:34 2021]
Finished job 77.
7 of 717 steps (0.98%) done
Select jobs to execute...

[Fri Feb  5 17:42:34 2021]
rule run_indelible:
    input: indelible/10_control.txt
    output: indelible_output/10/trees/1.nwk, indelible_output/10/10_TRUE_1.fasta, indelible_output/10/10_ANCESTRAL_1.fasta, indelible_output/10/N0_trees/1.nwk
    jobid: 76
    wildcards: taxon=10, rep=1

[Fri Feb  5 17:42:35 2021]
Finished job 76.
8 of 717 steps (1%) done
Select jobs to execute...

[Fri Feb  5 17:42:35 2021]
rule run_indelible:
    input: indelible/10_control.txt
    output: indelible_output/10/trees/4.nwk, indelible_output/10/10_TRUE_4.fasta, indelible_output/10/10_ANCESTRAL_4.fasta, indelible_output/10/N0_trees/4.nwk
    jobid: 98
    wildcards: taxon=10, rep=4

Warning: the following output files of rule run_indelible were not present when the DAG was created:
{'indelible_output/10/10_ANCESTRAL_4.fasta', 'indelible_output/10/N0_trees/4.nwk', 'indelible_output/10/10_TRUE_4.fasta'}
[Fri Feb  5 17:42:37 2021]
Finished job 98.
9 of 717 steps (1%) done
Select jobs to execute...

[Fri Feb  5 17:42:37 2021]
rule run_indelible:
    input: indelible/10_control.txt
    output: indelible_output/10/trees/3.nwk, indelible_output/10/10_TRUE_3.fasta, indelible_output/10/10_ANCESTRAL_3.fasta, indelible_output/10/N0_trees/3.nwk
    jobid: 91
    wildcards: taxon=10, rep=3

Warning: the following output files of rule run_indelible were not present when the DAG was created:
{'indelible_output/10/10_ANCESTRAL_3.fasta', 'indelible_output/10/N0_trees/3.nwk', 'indelible_output/10/10_TRUE_3.fasta'}
[Fri Feb  5 17:42:38 2021]
Finished job 91.
10 of 717 steps (1%) done
Select jobs to execute...

[Fri Feb  5 17:42:38 2021]
rule run_indelible:
    input: indelible/100_control.txt
    output: indelible_output/100/trees/1.nwk, indelible_output/100/100_TRUE_1.fasta, indelible_output/100/100_ANCESTRAL_1.fasta, indelible_output/100/N0_trees/1.nwk
    jobid: 421
    wildcards: taxon=100, rep=1

Warning: the following output files of rule run_indelible were not present when the DAG was created:
{'indelible_output/100/100_TRUE_1.fasta', 'indelible_output/100/N0_trees/1.nwk', 'indelible_output/100/100_ANCESTRAL_1.fasta'}
[Fri Feb  5 17:42:40 2021]
Finished job 421.
11 of 717 steps (2%) done
Select jobs to execute...

[Fri Feb  5 17:42:40 2021]
rule run_indelible:
    input: indelible/10_control.txt
    output: indelible_output/10/trees/2.nwk, indelible_output/10/10_TRUE_2.fasta, indelible_output/10/10_ANCESTRAL_2.fasta, indelible_output/10/N0_trees/2.nwk
    jobid: 84
    wildcards: taxon=10, rep=2

Warning: the following output files of rule run_indelible were not present when the DAG was created:
{'indelible_output/10/10_TRUE_2.fasta', 'indelible_output/10/10_ANCESTRAL_2.fasta', 'indelible_output/10/N0_trees/2.nwk'}
[Fri Feb  5 17:42:41 2021]
Finished job 84.
12 of 717 steps (2%) done
Select jobs to execute...

[Fri Feb  5 17:42:41 2021]
rule concat_indelible:
    input: indelible_output/10/10_TRUE_1.fasta, indelible_output/10/10_ANCESTRAL_1.fasta
    output: indelible_output/10/concatenated/10_1.fasta
    jobid: 78
    wildcards: taxon=10, rep=1

[Fri Feb  5 17:42:41 2021]
Finished job 78.
13 of 717 steps (2%) done
Select jobs to execute...

[Fri Feb  5 17:42:41 2021]
rule run_indelible:
    input: indelible/100_control.txt
    output: indelible_output/100/trees/5.nwk, indelible_output/100/100_TRUE_5.fasta, indelible_output/100/100_ANCESTRAL_5.fasta, indelible_output/100/N0_trees/5.nwk
    jobid: 450
    wildcards: taxon=100, rep=5

Warning: the following output files of rule run_indelible were not present when the DAG was created:
{'indelible_output/100/N0_trees/5.nwk', 'indelible_output/100/100_TRUE_5.fasta', 'indelible_output/100/100_ANCESTRAL_5.fasta'}
[Fri Feb  5 17:42:44 2021]
Finished job 450.
14 of 717 steps (2%) done
Select jobs to execute...

[Fri Feb  5 17:42:44 2021]
rule concat_indelible:
    input: indelible_output/10/10_TRUE_4.fasta, indelible_output/10/10_ANCESTRAL_4.fasta
    output: indelible_output/10/concatenated/10_4.fasta
    jobid: 99
    wildcards: taxon=10, rep=4

[Fri Feb  5 17:42:44 2021]
Finished job 99.
15 of 717 steps (2%) done
Select jobs to execute...

[Fri Feb  5 17:42:44 2021]
rule create_control_files:
    output: indelible/50_control.txt
    jobid: 284
    wildcards: taxon=50

[Fri Feb  5 17:42:44 2021]
Finished job 284.
16 of 717 steps (2%) done
Select jobs to execute...

[Fri Feb  5 17:42:44 2021]
rule run_indelible:
    input: indelible/5_control.txt
    output: indelible_output/5/trees/2.nwk, indelible_output/5/5_TRUE_2.fasta, indelible_output/5/5_ANCESTRAL_2.fasta, indelible_output/5/N0_trees/2.nwk
    jobid: 15
    wildcards: taxon=5, rep=2

[Fri Feb  5 17:42:46 2021]
Finished job 15.
17 of 717 steps (2%) done
Select jobs to execute...

[Fri Feb  5 17:42:46 2021]
rule run_indelible:
    input: indelible/5_control.txt
    output: indelible_output/5/trees/3.nwk, indelible_output/5/5_TRUE_3.fasta, indelible_output/5/5_ANCESTRAL_3.fasta, indelible_output/5/N0_trees/3.nwk
    jobid: 22
    wildcards: taxon=5, rep=3

Warning: the following output files of rule run_indelible were not present when the DAG was created:
{'indelible_output/5/N0_trees/3.nwk', 'indelible_output/5/5_ANCESTRAL_3.fasta', 'indelible_output/5/5_TRUE_3.fasta'}
[Fri Feb  5 17:42:47 2021]
Finished job 22.
18 of 717 steps (3%) done
Select jobs to execute...

[Fri Feb  5 17:42:47 2021]
rule run_indelible:
    input: indelible/10_control.txt
    output: indelible_output/10/trees/5.nwk, indelible_output/10/10_TRUE_5.fasta, indelible_output/10/10_ANCESTRAL_5.fasta, indelible_output/10/N0_trees/5.nwk
    jobid: 105
    wildcards: taxon=10, rep=5

Warning: the following output files of rule run_indelible were not present when the DAG was created:
{'indelible_output/10/N0_trees/5.nwk', 'indelible_output/10/10_TRUE_5.fasta', 'indelible_output/10/10_ANCESTRAL_5.fasta'}
[Fri Feb  5 17:42:48 2021]
Finished job 105.
19 of 717 steps (3%) done
Select jobs to execute...

[Fri Feb  5 17:42:48 2021]
rule run_indelible:
    input: indelible/50_control.txt
    output: indelible_output/50/trees/2.nwk, indelible_output/50/50_TRUE_2.fasta, indelible_output/50/50_ANCESTRAL_2.fasta, indelible_output/50/N0_trees/2.nwk
    jobid: 291
    wildcards: taxon=50, rep=2

[Fri Feb  5 17:42:49 2021]
Finished job 291.
20 of 717 steps (3%) done
Select jobs to execute...

[Fri Feb  5 17:42:49 2021]
rule concat_indelible:
    input: indelible_output/5/5_TRUE_2.fasta, indelible_output/5/5_ANCESTRAL_2.fasta
    output: indelible_output/5/concatenated/5_2.fasta
    jobid: 16
    wildcards: taxon=5, rep=2

[Fri Feb  5 17:42:49 2021]
Finished job 16.
21 of 717 steps (3%) done
Select jobs to execute...

[Fri Feb  5 17:42:49 2021]
rule concat_indelible:
    input: indelible_output/5/5_TRUE_3.fasta, indelible_output/5/5_ANCESTRAL_3.fasta
    output: indelible_output/5/concatenated/5_3.fasta
    jobid: 23
    wildcards: taxon=5, rep=3

[Fri Feb  5 17:42:49 2021]
Finished job 23.
22 of 717 steps (3%) done
Select jobs to execute...

[Fri Feb  5 17:42:49 2021]
rule concat_indelible:
    input: indelible_output/10/10_TRUE_5.fasta, indelible_output/10/10_ANCESTRAL_5.fasta
    output: indelible_output/10/concatenated/10_5.fasta
    jobid: 106
    wildcards: taxon=10, rep=5

[Fri Feb  5 17:42:49 2021]
Finished job 106.
23 of 717 steps (3%) done
Select jobs to execute...

[Fri Feb  5 17:42:50 2021]
rule concat_indelible:
    input: indelible_output/50/50_TRUE_2.fasta, indelible_output/50/50_ANCESTRAL_2.fasta
    output: indelible_output/50/concatenated/50_2.fasta
    jobid: 292
    wildcards: taxon=50, rep=2

[Fri Feb  5 17:42:50 2021]
Finished job 292.
24 of 717 steps (3%) done
Select jobs to execute...

[Fri Feb  5 17:42:50 2021]
rule concat_indelible:
    input: indelible_output/10/10_TRUE_3.fasta, indelible_output/10/10_ANCESTRAL_3.fasta
    output: indelible_output/10/concatenated/10_3.fasta
    jobid: 92
    wildcards: taxon=10, rep=3

[Fri Feb  5 17:42:50 2021]
Finished job 92.
25 of 717 steps (3%) done
Select jobs to execute...

[Fri Feb  5 17:42:50 2021]
rule run_indelible:
    input: indelible/5_control.txt
    output: indelible_output/5/trees/1.nwk, indelible_output/5/5_TRUE_1.fasta, indelible_output/5/5_ANCESTRAL_1.fasta, indelible_output/5/N0_trees/1.nwk
    jobid: 7
    wildcards: taxon=5, rep=1

Warning: the following output files of rule run_indelible were not present when the DAG was created:
{'indelible_output/5/N0_trees/1.nwk', 'indelible_output/5/5_TRUE_1.fasta', 'indelible_output/5/5_ANCESTRAL_1.fasta'}
[Fri Feb  5 17:42:51 2021]
Finished job 7.
26 of 717 steps (4%) done
Select jobs to execute...

[Fri Feb  5 17:42:51 2021]
rule concat_indelible:
    input: indelible_output/5/5_TRUE_1.fasta, indelible_output/5/5_ANCESTRAL_1.fasta
    output: indelible_output/5/concatenated/5_1.fasta
    jobid: 9
    wildcards: taxon=5, rep=1

[Fri Feb  5 17:42:51 2021]
Finished job 9.
27 of 717 steps (4%) done
Select jobs to execute...

[Fri Feb  5 17:42:51 2021]
rule concat_indelible:
    input: indelible_output/100/100_TRUE_5.fasta, indelible_output/100/100_ANCESTRAL_5.fasta
    output: indelible_output/100/concatenated/100_5.fasta
    jobid: 451
    wildcards: taxon=100, rep=5

[Fri Feb  5 17:42:51 2021]
Finished job 451.
28 of 717 steps (4%) done
Select jobs to execute...

[Fri Feb  5 17:42:51 2021]
rule clean_indelible:
    input: indelible_output/100/N0_trees/5.nwk, indelible_output/100/concatenated/100_5.fasta
    output: indelible_output/100/cleaned_aln/5.fasta, indelible_output/100/concatenated/5.fasta, indelible_output/100/cleaned_trees/5.nwk, indelible_output/100/cleaned_N0_trees/5.nwk, indelible_output/100/cleaned_no_internal_trees/5.nwk
    jobid: 449
    wildcards: taxon=100, rep=5

[Fri Feb  5 17:42:52 2021]
Finished job 449.
29 of 717 steps (4%) done
Select jobs to execute...

[Fri Feb  5 17:42:52 2021]
rule clean_indelible:
    input: indelible_output/50/N0_trees/2.nwk, indelible_output/50/concatenated/50_2.fasta
    output: indelible_output/50/cleaned_aln/2.fasta, indelible_output/50/concatenated/2.fasta, indelible_output/50/cleaned_trees/2.nwk, indelible_output/50/cleaned_N0_trees/2.nwk, indelible_output/50/cleaned_no_internal_trees/2.nwk
    jobid: 290
    wildcards: taxon=50, rep=2

[Fri Feb  5 17:42:53 2021]
Finished job 290.
30 of 717 steps (4%) done
Select jobs to execute...

[Fri Feb  5 17:42:53 2021]
rule clean_indelible:
    input: indelible_output/5/N0_trees/3.nwk, indelible_output/5/concatenated/5_3.fasta
    output: indelible_output/5/cleaned_aln/3.fasta, indelible_output/5/concatenated/3.fasta, indelible_output/5/cleaned_trees/3.nwk, indelible_output/5/cleaned_N0_trees/3.nwk, indelible_output/5/cleaned_no_internal_trees/3.nwk
    jobid: 21
    wildcards: taxon=5, rep=3

[Fri Feb  5 17:42:55 2021]
Finished job 21.
31 of 717 steps (4%) done
Select jobs to execute...

[Fri Feb  5 17:42:55 2021]
rule run_indelible:
    input: indelible/25_control.txt
    output: indelible_output/25/trees/1.nwk, indelible_output/25/25_TRUE_1.fasta, indelible_output/25/25_ANCESTRAL_1.fasta, indelible_output/25/N0_trees/1.nwk
    jobid: 214
    wildcards: taxon=25, rep=1

Warning: the following output files of rule run_indelible were not present when the DAG was created:
{'indelible_output/25/N0_trees/1.nwk', 'indelible_output/25/25_ANCESTRAL_1.fasta', 'indelible_output/25/25_TRUE_1.fasta'}
[Fri Feb  5 17:42:56 2021]
Finished job 214.
32 of 717 steps (4%) done
Select jobs to execute...

[Fri Feb  5 17:42:56 2021]
rule run_indelible:
    input: indelible/25_control.txt
    output: indelible_output/25/trees/5.nwk, indelible_output/25/25_TRUE_5.fasta, indelible_output/25/25_ANCESTRAL_5.fasta, indelible_output/25/N0_trees/5.nwk
    jobid: 243
    wildcards: taxon=25, rep=5

Warning: the following output files of rule run_indelible were not present when the DAG was created:
{'indelible_output/25/25_TRUE_5.fasta', 'indelible_output/25/25_ANCESTRAL_5.fasta', 'indelible_output/25/N0_trees/5.nwk'}
[Fri Feb  5 17:42:57 2021]
Finished job 243.
33 of 717 steps (5%) done
Select jobs to execute...

[Fri Feb  5 17:42:57 2021]
rule concat_indelible:
    input: indelible_output/25/25_TRUE_5.fasta, indelible_output/25/25_ANCESTRAL_5.fasta
    output: indelible_output/25/concatenated/25_5.fasta
    jobid: 244
    wildcards: taxon=25, rep=5

[Fri Feb  5 17:42:57 2021]
Finished job 244.
34 of 717 steps (5%) done
Select jobs to execute...

[Fri Feb  5 17:42:57 2021]
rule concat_indelible:
    input: indelible_output/25/25_TRUE_1.fasta, indelible_output/25/25_ANCESTRAL_1.fasta
    output: indelible_output/25/concatenated/25_1.fasta
    jobid: 216
    wildcards: taxon=25, rep=1

[Fri Feb  5 17:42:57 2021]
Finished job 216.
35 of 717 steps (5%) done
Select jobs to execute...

[Fri Feb  5 17:42:57 2021]
rule run_grasp:
    input: indelible_output/5/cleaned_aln/3.fasta, indelible_output/5/cleaned_N0_trees/3.nwk
    output: grasp_results/5/BEP/3, grasp_results/5/BEP/3/GRASP_ancestors.fasta, grasp_results/5/BEP/3/tree.nwk
    jobid: 20
    wildcards: taxon=5, method=BEP, rep=3

[Fri Feb  5 17:42:58 2021]
Finished job 20.
36 of 717 steps (5%) done
Select jobs to execute...

[Fri Feb  5 17:42:58 2021]
rule concat_fasta:
    input: indelible_output/5/cleaned_aln/3.fasta, grasp_results/5/BEP/3/GRASP_ancestors.fasta
    output: grasp_results/concatenated/5/BEP/3/GRASP_ancestors.fasta
    jobid: 24
    wildcards: taxon=5, method=BEP, rep=3

[Fri Feb  5 17:42:58 2021]
Finished job 24.
37 of 717 steps (5%) done
Select jobs to execute...

[Fri Feb  5 17:42:58 2021]
rule run_grasp:
    input: indelible_output/50/cleaned_aln/2.fasta, indelible_output/50/cleaned_N0_trees/2.nwk
    output: grasp_results/50/BEP/2, grasp_results/50/BEP/2/GRASP_ancestors.fasta, grasp_results/50/BEP/2/tree.nwk
    jobid: 289
    wildcards: taxon=50, method=BEP, rep=2

[Fri Feb  5 17:43:05 2021]
Finished job 289.
38 of 717 steps (5%) done
Select jobs to execute...

[Fri Feb  5 17:43:05 2021]
rule concat_fasta:
    input: indelible_output/50/cleaned_aln/2.fasta, grasp_results/50/BEP/2/GRASP_ancestors.fasta
    output: grasp_results/concatenated/50/BEP/2/GRASP_ancestors.fasta
    jobid: 293
    wildcards: taxon=50, method=BEP, rep=2

[Fri Feb  5 17:43:05 2021]
Finished job 293.
39 of 717 steps (5%) done
Select jobs to execute...

[Fri Feb  5 17:43:05 2021]
rule run_indelible:
    input: indelible/25_control.txt
    output: indelible_output/25/trees/3.nwk, indelible_output/25/25_TRUE_3.fasta, indelible_output/25/25_ANCESTRAL_3.fasta, indelible_output/25/N0_trees/3.nwk
    jobid: 229
    wildcards: taxon=25, rep=3

Warning: the following output files of rule run_indelible were not present when the DAG was created:
{'indelible_output/25/25_ANCESTRAL_3.fasta', 'indelible_output/25/N0_trees/3.nwk', 'indelible_output/25/25_TRUE_3.fasta'}
[Fri Feb  5 17:43:07 2021]
Finished job 229.
40 of 717 steps (6%) done
Select jobs to execute...

[Fri Feb  5 17:43:07 2021]
rule concat_indelible:
    input: indelible_output/25/25_TRUE_3.fasta, indelible_output/25/25_ANCESTRAL_3.fasta
    output: indelible_output/25/concatenated/25_3.fasta
    jobid: 230
    wildcards: taxon=25, rep=3

[Fri Feb  5 17:43:07 2021]
Finished job 230.
41 of 717 steps (6%) done
Select jobs to execute...

[Fri Feb  5 17:43:07 2021]
rule run_grasp:
    input: indelible_output/100/cleaned_aln/5.fasta, indelible_output/100/cleaned_N0_trees/5.nwk
    output: grasp_results/100/SICML/5, grasp_results/100/SICML/5/GRASP_ancestors.fasta, grasp_results/100/SICML/5/tree.nwk
    jobid: 484
    wildcards: taxon=100, method=SICML, rep=5

[Fri Feb  5 17:43:56 2021]
Finished job 484.
42 of 717 steps (6%) done
Select jobs to execute...

[Fri Feb  5 17:43:56 2021]
rule concat_fasta:
    input: indelible_output/100/cleaned_aln/5.fasta, grasp_results/100/SICML/5/GRASP_ancestors.fasta
    output: grasp_results/concatenated/100/SICML/5/GRASP_ancestors.fasta
    jobid: 485
    wildcards: taxon=100, method=SICML, rep=5

[Fri Feb  5 17:43:56 2021]
Finished job 485.
43 of 717 steps (6%) done
Select jobs to execute...

[Fri Feb  5 17:43:56 2021]
rule concat_indelible:
    input: indelible_output/10/10_TRUE_2.fasta, indelible_output/10/10_ANCESTRAL_2.fasta
    output: indelible_output/10/concatenated/10_2.fasta
    jobid: 85
    wildcards: taxon=10, rep=2

[Fri Feb  5 17:43:56 2021]
Finished job 85.
44 of 717 steps (6%) done
Select jobs to execute...

[Fri Feb  5 17:43:56 2021]
rule concat_indelible:
    input: indelible_output/100/100_TRUE_1.fasta, indelible_output/100/100_ANCESTRAL_1.fasta
    output: indelible_output/100/concatenated/100_1.fasta
    jobid: 423
    wildcards: taxon=100, rep=1

[Fri Feb  5 17:43:56 2021]
Finished job 423.
45 of 717 steps (6%) done
Select jobs to execute...

[Fri Feb  5 17:43:56 2021]
rule concat_indelible:
    input: indelible_output/100/100_TRUE_4.fasta, indelible_output/100/100_ANCESTRAL_4.fasta
    output: indelible_output/100/concatenated/100_4.fasta
    jobid: 444
    wildcards: taxon=100, rep=4

[Fri Feb  5 17:43:56 2021]
Finished job 444.
46 of 717 steps (6%) done
Select jobs to execute...

[Fri Feb  5 17:43:56 2021]
rule concat_indelible:
    input: indelible_output/100/100_TRUE_3.fasta, indelible_output/100/100_ANCESTRAL_3.fasta
    output: indelible_output/100/concatenated/100_3.fasta
    jobid: 437
    wildcards: taxon=100, rep=3

[Fri Feb  5 17:43:56 2021]
Finished job 437.
47 of 717 steps (7%) done
Select jobs to execute...

[Fri Feb  5 17:43:56 2021]
rule run_indelible:
    input: indelible/100_control.txt
    output: indelible_output/100/trees/2.nwk, indelible_output/100/100_TRUE_2.fasta, indelible_output/100/100_ANCESTRAL_2.fasta, indelible_output/100/N0_trees/2.nwk
    jobid: 429
    wildcards: taxon=100, rep=2

Warning: the following output files of rule run_indelible were not present when the DAG was created:
{'indelible_output/100/100_TRUE_2.fasta', 'indelible_output/100/100_ANCESTRAL_2.fasta', 'indelible_output/100/N0_trees/2.nwk'}
[Fri Feb  5 17:43:58 2021]
Finished job 429.
48 of 717 steps (7%) done
Select jobs to execute...

[Fri Feb  5 17:43:58 2021]
rule run_indelible:
    input: indelible/25_control.txt
    output: indelible_output/25/trees/4.nwk, indelible_output/25/25_TRUE_4.fasta, indelible_output/25/25_ANCESTRAL_4.fasta, indelible_output/25/N0_trees/4.nwk
    jobid: 236
    wildcards: taxon=25, rep=4

Warning: the following output files of rule run_indelible were not present when the DAG was created:
{'indelible_output/25/N0_trees/4.nwk', 'indelible_output/25/25_TRUE_4.fasta', 'indelible_output/25/25_ANCESTRAL_4.fasta'}
[Fri Feb  5 17:44:00 2021]
Finished job 236.
49 of 717 steps (7%) done
Select jobs to execute...

[Fri Feb  5 17:44:00 2021]
rule run_grasp:
    input: indelible_output/100/cleaned_aln/5.fasta, indelible_output/100/cleaned_N0_trees/5.nwk
    output: grasp_results/100/BEP/5, grasp_results/100/BEP/5/GRASP_ancestors.fasta, grasp_results/100/BEP/5/tree.nwk
    jobid: 448
    wildcards: taxon=100, method=BEP, rep=5

[Fri Feb  5 17:44:24 2021]
Finished job 448.
50 of 717 steps (7%) done
Select jobs to execute...

[Fri Feb  5 17:44:25 2021]
rule run_fastml:
    input: indelible_output/100/cleaned_aln/5.fasta, indelible_output/100/cleaned_no_internal_trees/5.nwk
    output: fastml_results/100/5/seq.marginal_Chars_ParsimonyIndels.txt, fastml_results/100/5/seq.marginal_IndelAndChars.txt, fastml_results/100/5/tree.newick.txt, fastml_results/100/5
    jobid: 597
    wildcards: taxon=100, rep=5

Terminating processes on user request, this might take some time.
Waiting at most 1 seconds for missing files.
Cancelling snakemake on user request.
