Building DAG of jobs...
Using shell: /bin/bash
Provided cores: 1 (use --cores to define parallelism)
Rules claiming more threads will be scaled down.
Job counts:
	count	jobs
	1	clean_fastml
	1	clean_indelible
	1	compile_latex
	6	concat_fasta
	1	concat_fastml_summaries
	1	concat_indelible
	1	concat_indelible_summaries
	3	concat_summaries
	1	generate_latex
	1	generate_output_dict
	1	get_indelible_dict
	1	run_fastml
	5	run_grasp
	2	summarise_fastml_indels
	2	summarise_indelible
	6	summarise_indels
	34
Select jobs to execute...

[Tue Feb  2 10:50:39 2021]
rule summarise_indelible:
    input: indelible_output/6/cleaned_N0_trees/2.nwk, indelible_output/6/concatenated/2.fasta, indelible_output/6/cleaned_N0_trees/2.nwk, indelible_output/6/concatenated/2.fasta, indelible_dicts/6/leaves_2.p, indelible_dicts/6/gaps_2.p
    output: indelible_summaries/6/2.csv
    jobid: 42
    wildcards: taxon=6, rep=2

[Tue Feb  2 10:50:40 2021]
Finished job 42.
1 of 34 steps (3%) done
Select jobs to execute...

[Tue Feb  2 10:50:40 2021]
rule concat_indelible:
    input: indelible_output/6/6_TRUE_1.fasta, indelible_output/6/6_ANCESTRAL_1.fasta
    output: indelible_output/6/concatenated/6_1.fasta
    jobid: 9
    wildcards: taxon=6, rep=1

[Tue Feb  2 10:50:40 2021]
Finished job 9.
2 of 34 steps (6%) done
Select jobs to execute...

[Tue Feb  2 10:50:40 2021]
rule clean_indelible:
    input: indelible_output/6/N0_trees/1.nwk, indelible_output/6/concatenated/6_1.fasta
    output: indelible_output/6/cleaned_aln/1.fasta, indelible_output/6/concatenated/1.fasta, indelible_output/6/cleaned_trees/1.nwk, indelible_output/6/cleaned_N0_trees/1.nwk, indelible_output/6/cleaned_no_internal_trees/1.nwk
    jobid: 6
    wildcards: taxon=6, rep=1

[Tue Feb  2 10:50:41 2021]
Finished job 6.
3 of 34 steps (9%) done
Select jobs to execute...

[Tue Feb  2 10:50:41 2021]
rule get_indelible_dict:
    input: indelible_output/6/concatenated/1.fasta, indelible_output/6/cleaned_N0_trees/1.nwk
    output: indelible_dicts/6/leaves_1.p, indelible_dicts/6/gaps_1.p
    jobid: 11
    wildcards: taxon=6, rep=1

[Tue Feb  2 10:50:42 2021]
Finished job 11.
4 of 34 steps (12%) done
Select jobs to execute...

[Tue Feb  2 10:50:42 2021]
rule run_grasp:
    input: indelible_output/6/cleaned_aln/1.fasta, indelible_output/6/cleaned_N0_trees/1.nwk
    output: grasp_results/6/BEP/1, grasp_results/6/BEP/1/GRASP_ancestors.fasta, grasp_results/6/BEP/1/tree.nwk
    jobid: 5
    wildcards: taxon=6, method=BEP, rep=1

[Tue Feb  2 10:50:43 2021]
Finished job 5.
5 of 34 steps (15%) done
Select jobs to execute...

[Tue Feb  2 10:50:43 2021]
rule concat_fasta:
    input: indelible_output/6/cleaned_aln/1.fasta, grasp_results/6/BEP/1/GRASP_ancestors.fasta
    output: grasp_results/concatenated/6/BEP/1/GRASP_ancestors.fasta
    jobid: 10
    wildcards: taxon=6, method=BEP, rep=1

[Tue Feb  2 10:50:43 2021]
Finished job 10.
6 of 34 steps (18%) done
Select jobs to execute...

[Tue Feb  2 10:50:43 2021]
rule summarise_indels:
    input: grasp_results/6/BEP/1/tree.nwk, grasp_results/concatenated/6/BEP/1/GRASP_ancestors.fasta, indelible_output/6/cleaned_N0_trees/1.nwk, indelible_output/6/concatenated/1.fasta, indelible_dicts/6/leaves_1.p, indelible_dicts/6/gaps_1.p
    output: summaries/6/BEP/1.csv
    jobid: 4
    wildcards: taxon=6, method=BEP, rep=1

[Tue Feb  2 10:50:44 2021]
Finished job 4.
7 of 34 steps (21%) done
Select jobs to execute...

[Tue Feb  2 10:50:44 2021]
rule summarise_indelible:
    input: indelible_output/6/cleaned_N0_trees/1.nwk, indelible_output/6/concatenated/1.fasta, indelible_output/6/cleaned_N0_trees/1.nwk, indelible_output/6/concatenated/1.fasta, indelible_dicts/6/leaves_1.p, indelible_dicts/6/gaps_1.p
    output: indelible_summaries/6/1.csv
    jobid: 41
    wildcards: taxon=6, rep=1

[Tue Feb  2 10:50:45 2021]
Finished job 41.
8 of 34 steps (24%) done
Select jobs to execute...

[Tue Feb  2 10:50:45 2021]
rule concat_indelible_summaries:
    input: indelible_summaries/6/1.csv, indelible_summaries/6/2.csv
    output: concatenated_indelible_summaries/6.csv
    jobid: 40
    wildcards: taxon=6

[Tue Feb  2 10:50:45 2021]
Finished job 40.
9 of 34 steps (26%) done
Select jobs to execute...

[Tue Feb  2 10:50:45 2021]
rule run_fastml:
    input: indelible_output/6/cleaned_aln/1.fasta, indelible_output/6/cleaned_no_internal_trees/1.nwk
    output: fastml_results/6/1/seq.joint.txt, fastml_results/6/1/tree.newick.txt, fastml_results/6/1
    jobid: 36
    wildcards: taxon=6, rep=1

[Tue Feb  2 10:50:49 2021]
Finished job 36.
10 of 34 steps (29%) done
Select jobs to execute...

[Tue Feb  2 10:50:49 2021]
rule clean_fastml:
    input: fastml_results/6/1/seq.joint.txt, fastml_results/6/1/tree.newick.txt
    output: fastml_results/6/concatenated/1/FastML_ancestors.fasta, fastml_results/6/cleaned_N0_trees/1/tree.nwk
    jobid: 35
    wildcards: taxon=6, rep=1

[Tue Feb  2 10:50:50 2021]
Finished job 35.
11 of 34 steps (32%) done
Select jobs to execute...

[Tue Feb  2 10:50:50 2021]
rule summarise_fastml_indels:
    input: fastml_results/6/concatenated/1/FastML_ancestors.fasta, fastml_results/6/cleaned_N0_trees/1/tree.nwk, indelible_output/6/cleaned_N0_trees/1.nwk, indelible_output/6/concatenated/1.fasta, indelible_dicts/6/leaves_1.p, indelible_dicts/6/gaps_1.p
    output: fastml_summaries/6/fastml/1.csv
    jobid: 34
    wildcards: taxon=6, rep=1

[Tue Feb  2 10:50:51 2021]
Finished job 34.
12 of 34 steps (35%) done
Select jobs to execute...

[Tue Feb  2 10:50:51 2021]
rule run_grasp:
    input: indelible_output/6/cleaned_aln/1.fasta, indelible_output/6/cleaned_N0_trees/1.nwk
    output: grasp_results/6/SICML/1, grasp_results/6/SICML/1/GRASP_ancestors.fasta, grasp_results/6/SICML/1/tree.nwk
    jobid: 28
    wildcards: taxon=6, method=SICML, rep=1

[Tue Feb  2 10:50:52 2021]
Finished job 28.
13 of 34 steps (38%) done
Select jobs to execute...

[Tue Feb  2 10:50:52 2021]
rule concat_fasta:
    input: indelible_output/6/cleaned_aln/1.fasta, grasp_results/6/SICML/1/GRASP_ancestors.fasta
    output: grasp_results/concatenated/6/SICML/1/GRASP_ancestors.fasta
    jobid: 29
    wildcards: taxon=6, method=SICML, rep=1

[Tue Feb  2 10:50:52 2021]
Finished job 29.
14 of 34 steps (41%) done
Select jobs to execute...

[Tue Feb  2 10:50:52 2021]
rule summarise_indels:
    input: grasp_results/6/SICML/1/tree.nwk, grasp_results/concatenated/6/SICML/1/GRASP_ancestors.fasta, indelible_output/6/cleaned_N0_trees/1.nwk, indelible_output/6/concatenated/1.fasta, indelible_dicts/6/leaves_1.p, indelible_dicts/6/gaps_1.p
    output: summaries/6/SICML/1.csv
    jobid: 27
    wildcards: taxon=6, method=SICML, rep=1

[Tue Feb  2 10:50:53 2021]
Finished job 27.
15 of 34 steps (44%) done
Select jobs to execute...

[Tue Feb  2 10:50:54 2021]
rule run_grasp:
    input: indelible_output/6/cleaned_aln/2.fasta, indelible_output/6/cleaned_N0_trees/2.nwk
    output: grasp_results/6/SICP/2, grasp_results/6/SICP/2/GRASP_ancestors.fasta, grasp_results/6/SICP/2/tree.nwk
    jobid: 24
    wildcards: taxon=6, method=SICP, rep=2

[Tue Feb  2 10:50:54 2021]
Finished job 24.
16 of 34 steps (47%) done
Select jobs to execute...

[Tue Feb  2 10:50:55 2021]
rule concat_fasta:
    input: indelible_output/6/cleaned_aln/2.fasta, grasp_results/6/SICP/2/GRASP_ancestors.fasta
    output: grasp_results/concatenated/6/SICP/2/GRASP_ancestors.fasta
    jobid: 25
    wildcards: taxon=6, method=SICP, rep=2

[Tue Feb  2 10:50:55 2021]
Finished job 25.
17 of 34 steps (50%) done
Select jobs to execute...

[Tue Feb  2 10:50:55 2021]
rule summarise_indels:
    input: grasp_results/6/SICP/2/tree.nwk, grasp_results/concatenated/6/SICP/2/GRASP_ancestors.fasta, indelible_output/6/cleaned_N0_trees/2.nwk, indelible_output/6/concatenated/2.fasta, indelible_dicts/6/leaves_2.p, indelible_dicts/6/gaps_2.p
    output: summaries/6/SICP/2.csv
    jobid: 23
    wildcards: taxon=6, method=SICP, rep=2

[Tue Feb  2 10:50:56 2021]
Finished job 23.
18 of 34 steps (53%) done
Select jobs to execute...

[Tue Feb  2 10:50:56 2021]
rule summarise_fastml_indels:
    input: fastml_results/6/concatenated/2/FastML_ancestors.fasta, fastml_results/6/cleaned_N0_trees/2/tree.nwk, indelible_output/6/cleaned_N0_trees/2.nwk, indelible_output/6/concatenated/2.fasta, indelible_dicts/6/leaves_2.p, indelible_dicts/6/gaps_2.p
    output: fastml_summaries/6/fastml/2.csv
    jobid: 37
    wildcards: taxon=6, rep=2

[Tue Feb  2 10:50:57 2021]
Finished job 37.
19 of 34 steps (56%) done
Select jobs to execute...

[Tue Feb  2 10:50:57 2021]
rule concat_fasta:
    input: indelible_output/6/cleaned_aln/2.fasta, grasp_results/6/SICML/2/GRASP_ancestors.fasta
    output: grasp_results/concatenated/6/SICML/2/GRASP_ancestors.fasta
    jobid: 32
    wildcards: taxon=6, method=SICML, rep=2

[Tue Feb  2 10:50:57 2021]
Finished job 32.
20 of 34 steps (59%) done
Select jobs to execute...

[Tue Feb  2 10:50:57 2021]
rule run_grasp:
    input: indelible_output/6/cleaned_aln/2.fasta, indelible_output/6/cleaned_N0_trees/2.nwk
    output: grasp_results/6/BEP/2, grasp_results/6/BEP/2/GRASP_ancestors.fasta, grasp_results/6/BEP/2/tree.nwk
    jobid: 13
    wildcards: taxon=6, method=BEP, rep=2

[Tue Feb  2 10:50:58 2021]
Finished job 13.
21 of 34 steps (62%) done
Select jobs to execute...

[Tue Feb  2 10:50:58 2021]
rule run_grasp:
    input: indelible_output/6/cleaned_aln/1.fasta, indelible_output/6/cleaned_N0_trees/1.nwk
    output: grasp_results/6/SICP/1, grasp_results/6/SICP/1/GRASP_ancestors.fasta, grasp_results/6/SICP/1/tree.nwk
    jobid: 21
    wildcards: taxon=6, method=SICP, rep=1

[Tue Feb  2 10:50:59 2021]
Finished job 21.
22 of 34 steps (65%) done
Select jobs to execute...

[Tue Feb  2 10:50:59 2021]
rule concat_fasta:
    input: indelible_output/6/cleaned_aln/1.fasta, grasp_results/6/SICP/1/GRASP_ancestors.fasta
    output: grasp_results/concatenated/6/SICP/1/GRASP_ancestors.fasta
    jobid: 22
    wildcards: taxon=6, method=SICP, rep=1

[Tue Feb  2 10:50:59 2021]
Finished job 22.
23 of 34 steps (68%) done
Select jobs to execute...

[Tue Feb  2 10:50:59 2021]
rule summarise_indels:
    input: grasp_results/6/SICML/2/tree.nwk, grasp_results/concatenated/6/SICML/2/GRASP_ancestors.fasta, indelible_output/6/cleaned_N0_trees/2.nwk, indelible_output/6/concatenated/2.fasta, indelible_dicts/6/leaves_2.p, indelible_dicts/6/gaps_2.p
    output: summaries/6/SICML/2.csv
    jobid: 30
    wildcards: taxon=6, method=SICML, rep=2

[Tue Feb  2 10:51:00 2021]
Finished job 30.
24 of 34 steps (71%) done
Select jobs to execute...

[Tue Feb  2 10:51:00 2021]
rule concat_summaries:
    input: summaries/6/SICML/1.csv, summaries/6/SICML/2.csv
    output: concatenated_summaries/6_SICML.csv
    jobid: 26
    wildcards: taxon=6, method=SICML

[Tue Feb  2 10:51:00 2021]
Finished job 26.
25 of 34 steps (74%) done
Select jobs to execute...

[Tue Feb  2 10:51:00 2021]
rule concat_fastml_summaries:
    input: fastml_summaries/6/fastml/1.csv, fastml_summaries/6/fastml/2.csv
    output: concatenated_fastml_summaries/6.csv
    jobid: 33
    wildcards: taxon=6

[Tue Feb  2 10:51:00 2021]
Finished job 33.
26 of 34 steps (76%) done
Select jobs to execute...

[Tue Feb  2 10:51:00 2021]
rule summarise_indels:
    input: grasp_results/6/SICP/1/tree.nwk, grasp_results/concatenated/6/SICP/1/GRASP_ancestors.fasta, indelible_output/6/cleaned_N0_trees/1.nwk, indelible_output/6/concatenated/1.fasta, indelible_dicts/6/leaves_1.p, indelible_dicts/6/gaps_1.p
    output: summaries/6/SICP/1.csv
    jobid: 20
    wildcards: taxon=6, method=SICP, rep=1

[Tue Feb  2 10:51:01 2021]
Finished job 20.
27 of 34 steps (79%) done
Select jobs to execute...

[Tue Feb  2 10:51:01 2021]
rule concat_summaries:
    input: summaries/6/SICP/1.csv, summaries/6/SICP/2.csv
    output: concatenated_summaries/6_SICP.csv
    jobid: 19
    wildcards: taxon=6, method=SICP

[Tue Feb  2 10:51:02 2021]
Finished job 19.
28 of 34 steps (82%) done
Select jobs to execute...

[Tue Feb  2 10:51:02 2021]
rule concat_fasta:
    input: indelible_output/6/cleaned_aln/2.fasta, grasp_results/6/BEP/2/GRASP_ancestors.fasta
    output: grasp_results/concatenated/6/BEP/2/GRASP_ancestors.fasta
    jobid: 17
    wildcards: taxon=6, method=BEP, rep=2

[Tue Feb  2 10:51:02 2021]
Finished job 17.
29 of 34 steps (85%) done
Select jobs to execute...

[Tue Feb  2 10:51:02 2021]
rule summarise_indels:
    input: grasp_results/6/BEP/2/tree.nwk, grasp_results/concatenated/6/BEP/2/GRASP_ancestors.fasta, indelible_output/6/cleaned_N0_trees/2.nwk, indelible_output/6/concatenated/2.fasta, indelible_dicts/6/leaves_2.p, indelible_dicts/6/gaps_2.p
    output: summaries/6/BEP/2.csv
    jobid: 12
    wildcards: taxon=6, method=BEP, rep=2

[Tue Feb  2 10:51:03 2021]
Finished job 12.
30 of 34 steps (88%) done
Select jobs to execute...

[Tue Feb  2 10:51:03 2021]
rule concat_summaries:
    input: summaries/6/BEP/1.csv, summaries/6/BEP/2.csv
    output: concatenated_summaries/6_BEP.csv
    jobid: 3
    wildcards: taxon=6, method=BEP

[Tue Feb  2 10:51:03 2021]
Finished job 3.
31 of 34 steps (91%) done
Select jobs to execute...

[Tue Feb  2 10:51:03 2021]
rule generate_output_dict:
    input: concatenated_summaries/6_BEP.csv, concatenated_summaries/6_SICP.csv, concatenated_summaries/6_SICML.csv, concatenated_fastml_summaries/6.csv, concatenated_indelible_summaries/6.csv
    output: output_dicts/output.p
    jobid: 2

Terminating processes on user request, this might take some time.
[Tue Feb  2 10:51:05 2021]
Error in rule generate_output_dict:
    jobid: 2
    output: output_dicts/output.p

RuleException:
CalledProcessError in line 213 of /Users/gabefoley/Dropbox/PhD/20210121_Indel_Evaluation_Project/Indel_Evaluation_Snakemake/Snakefile:
Command 'set -euo pipefail;  /Users/gabefoley/miniconda3_latest/envs/indel_snakemake/bin/python3.9 /Users/gabefoley/Dropbox/PhD/20210121_Indel_Evaluation_Project/Indel_Evaluation_Snakemake/.snakemake/scripts/tmpgd63kr17.generate_output_dict.py' died with <Signals.SIGINT: 2>.
  File "/Users/gabefoley/miniconda3_latest/envs/indel_snakemake/lib/python3.9/site-packages/snakemake/executors/__init__.py", line 2319, in run_wrapper
  File "/Users/gabefoley/Dropbox/PhD/20210121_Indel_Evaluation_Project/Indel_Evaluation_Snakemake/Snakefile", line 213, in __rule_generate_output_dict
  File "/Users/gabefoley/miniconda3_latest/envs/indel_snakemake/lib/python3.9/site-packages/snakemake/executors/__init__.py", line 568, in _callback
  File "/Users/gabefoley/miniconda3_latest/envs/indel_snakemake/lib/python3.9/concurrent/futures/thread.py", line 52, in run
  File "/Users/gabefoley/miniconda3_latest/envs/indel_snakemake/lib/python3.9/site-packages/snakemake/executors/__init__.py", line 554, in cached_or_run
  File "/Users/gabefoley/miniconda3_latest/envs/indel_snakemake/lib/python3.9/site-packages/snakemake/executors/__init__.py", line 2350, in run_wrapper
Complete log: /Users/gabefoley/Dropbox/PhD/20210121_Indel_Evaluation_Project/Indel_Evaluation_Snakemake/.snakemake/log/2021-02-02T105039.293767.snakemake.log
