Building DAG of jobs...
Using shell: /bin/bash
Provided cores: 1 (use --cores to define parallelism)
Rules claiming more threads will be scaled down.
Job counts:
	count	jobs
	1	all
	4	clean_fasta
	4	split_trees
	9
Select jobs to execute...

[Sun Jan 24 23:32:20 2021]
rule clean_fasta:
    input: indelible_output/80/80_TRUE_1.fasta
    output: indelible_output/cleaned_aln/80/80_TRUE_1.fasta
    jobid: 13
    wildcards: taxon=80, rep=1

[Sun Jan 24 23:32:20 2021]
Error in rule clean_fasta:
    jobid: 13
    output: indelible_output/cleaned_aln/80/80_TRUE_1.fasta

RuleException:
CalledProcessError in line 41 of /Users/gabefoley/Dropbox/PhD/20210121_Indel_Evaluation_Project/Indel_Evaluation_Snakemake/Snakefile:
Command 'set -euo pipefail;  /Users/gabefoley/miniconda3_latest/envs/indel_snakemake/bin/python3.9 /Users/gabefoley/Dropbox/PhD/20210121_Indel_Evaluation_Project/Indel_Evaluation_Snakemake/.snakemake/scripts/tmp1mgm8n8a.tidy_output.py' returned non-zero exit status 1.
  File "/Users/gabefoley/miniconda3_latest/envs/indel_snakemake/lib/python3.9/site-packages/snakemake/executors/__init__.py", line 2319, in run_wrapper
  File "/Users/gabefoley/Dropbox/PhD/20210121_Indel_Evaluation_Project/Indel_Evaluation_Snakemake/Snakefile", line 41, in __rule_clean_fasta
  File "/Users/gabefoley/miniconda3_latest/envs/indel_snakemake/lib/python3.9/site-packages/snakemake/executors/__init__.py", line 568, in _callback
  File "/Users/gabefoley/miniconda3_latest/envs/indel_snakemake/lib/python3.9/concurrent/futures/thread.py", line 52, in run
  File "/Users/gabefoley/miniconda3_latest/envs/indel_snakemake/lib/python3.9/site-packages/snakemake/executors/__init__.py", line 554, in cached_or_run
  File "/Users/gabefoley/miniconda3_latest/envs/indel_snakemake/lib/python3.9/site-packages/snakemake/executors/__init__.py", line 2350, in run_wrapper
Shutting down, this might take some time.
Exiting because a job execution failed. Look above for error message
Complete log: /Users/gabefoley/Dropbox/PhD/20210121_Indel_Evaluation_Project/Indel_Evaluation_Snakemake/.snakemake/log/2021-01-24T233220.456541.snakemake.log
