Building DAG of jobs...
Using shell: /bin/bash
Provided cores: 1 (use --cores to define parallelism)
Rules claiming more threads will be scaled down.
Job counts:
	count	jobs
	1	all
	12	clean_fasta
	12	concat_fasta
	2	create_control_files
	24	run_grasp
	12	run_indelible
	12	summarise_indels
	75
Select jobs to execute...

[Thu Jan 28 13:12:41 2021]
rule create_control_files:
    output: indelible/4_control.txt
    jobid: 5
    wildcards: taxon=4

[Thu Jan 28 13:12:41 2021]
Finished job 5.
1 of 75 steps (1%) done
Select jobs to execute...

[Thu Jan 28 13:12:41 2021]
rule run_indelible:
    input: indelible/4_control.txt
    output: indelible_output/4/cleaned_trees/4_tree_2/GRASP_ancestors/GRASP_ancestors.nwk, indelible_output/4/4_TRUE_2/GRASP_ancestors/GRASP_ancestors.fasta
    jobid: 21
    wildcards: taxon=4, rep=2/GRASP_ancestors/GRASP_ancestors

Waiting at most 100 seconds for missing files.
Terminating processes on user request, this might take some time.
Cancelling snakemake on user request.
