Building DAG of jobs...
Using shell: /bin/bash
Provided cores: 1 (use --cores to define parallelism)
Rules claiming more threads will be scaled down.
Job counts:
	count	jobs
	2	clean_fastml
	2	clean_indelible
	1	compile_latex
	2	concat_fasta
	1	concat_fastml_summaries
	2	concat_indelible
	1	concat_indelible_summaries
	1	concat_summaries
	1	create_control_files
	1	generate_latex
	1	generate_output_dict
	2	get_indelible_dict
	2	run_fastml
	2	run_grasp
	2	run_indelible
	2	summarise_fastml_indels
	2	summarise_indelible
	2	summarise_indels
	29
Select jobs to execute...

[Tue Feb  2 10:45:18 2021]
rule create_control_files:
    output: indelible/6_control.txt
    jobid: 8
    wildcards: taxon=6

[Tue Feb  2 10:45:18 2021]
Finished job 8.
1 of 29 steps (3%) done
Select jobs to execute...

[Tue Feb  2 10:45:18 2021]
rule run_indelible:
    input: indelible/6_control.txt
    output: indelible_output/6/trees/2.nwk, indelible_output/6/6_TRUE_2.fasta, indelible_output/6/6_ANCESTRAL_2.fasta, indelible_output/6/N0_trees/2.nwk
    jobid: 15
    wildcards: taxon=6, rep=2

[Tue Feb  2 10:45:19 2021]
Finished job 15.
2 of 29 steps (7%) done
Select jobs to execute...

[Tue Feb  2 10:45:19 2021]
rule concat_indelible:
    input: indelible_output/6/6_TRUE_2.fasta, indelible_output/6/6_ANCESTRAL_2.fasta
    output: indelible_output/6/concatenated/6_2.fasta
    jobid: 16
    wildcards: taxon=6, rep=2

[Tue Feb  2 10:45:19 2021]
Finished job 16.
3 of 29 steps (10%) done
Select jobs to execute...

[Tue Feb  2 10:45:19 2021]
rule clean_indelible:
    input: indelible_output/6/N0_trees/2.nwk, indelible_output/6/concatenated/6_2.fasta
    output: indelible_output/6/cleaned_aln/2.fasta, indelible_output/6/concatenated/2.fasta, indelible_output/6/cleaned_trees/2.nwk, indelible_output/6/cleaned_N0_trees/2.nwk, indelible_output/6/cleaned_no_internal_trees/2.nwk
    jobid: 14
    wildcards: taxon=6, rep=2

[Tue Feb  2 10:45:20 2021]
Finished job 14.
4 of 29 steps (14%) done
Select jobs to execute...

[Tue Feb  2 10:45:20 2021]
rule run_fastml:
    input: indelible_output/6/cleaned_aln/2.fasta, indelible_output/6/cleaned_no_internal_trees/2.nwk
    output: fastml_results/6/2/seq.joint.txt, fastml_results/6/2/tree.newick.txt, fastml_results/6/2
    jobid: 25
    wildcards: taxon=6, rep=2

[Tue Feb  2 10:45:24 2021]
Finished job 25.
5 of 29 steps (17%) done
Select jobs to execute...

[Tue Feb  2 10:45:24 2021]
rule run_indelible:
    input: indelible/6_control.txt
    output: indelible_output/6/trees/1.nwk, indelible_output/6/6_TRUE_1.fasta, indelible_output/6/6_ANCESTRAL_1.fasta, indelible_output/6/N0_trees/1.nwk
    jobid: 7
    wildcards: taxon=6, rep=1

Warning: the following output files of rule run_indelible were not present when the DAG was created:
{'indelible_output/6/6_ANCESTRAL_1.fasta', 'indelible_output/6/N0_trees/1.nwk', 'indelible_output/6/6_TRUE_1.fasta'}
[Tue Feb  2 10:45:25 2021]
Finished job 7.
6 of 29 steps (21%) done
Select jobs to execute...

[Tue Feb  2 10:45:25 2021]
rule clean_fastml:
    input: fastml_results/6/2/seq.joint.txt, fastml_results/6/2/tree.newick.txt
    output: fastml_results/6/concatenated/2/FastML_ancestors.fasta, fastml_results/6/cleaned_N0_trees/2/tree.nwk
    jobid: 24
    wildcards: taxon=6, rep=2

[Tue Feb  2 10:45:26 2021]
Finished job 24.
7 of 29 steps (24%) done
Select jobs to execute...

[Tue Feb  2 10:45:26 2021]
rule concat_indelible:
    input: indelible_output/6/6_TRUE_1.fasta, indelible_output/6/6_ANCESTRAL_1.fasta
    output: indelible_output/6/concatenated/6_1.fasta
    jobid: 9
    wildcards: taxon=6, rep=1

[Tue Feb  2 10:45:26 2021]
Finished job 9.
8 of 29 steps (28%) done
Select jobs to execute...

[Tue Feb  2 10:45:26 2021]
rule clean_indelible:
    input: indelible_output/6/N0_trees/1.nwk, indelible_output/6/concatenated/6_1.fasta
    output: indelible_output/6/cleaned_aln/1.fasta, indelible_output/6/concatenated/1.fasta, indelible_output/6/cleaned_trees/1.nwk, indelible_output/6/cleaned_N0_trees/1.nwk, indelible_output/6/cleaned_no_internal_trees/1.nwk
    jobid: 6
    wildcards: taxon=6, rep=1

[Tue Feb  2 10:45:27 2021]
Finished job 6.
9 of 29 steps (31%) done
Select jobs to execute...

[Tue Feb  2 10:45:27 2021]
rule get_indelible_dict:
    input: indelible_output/6/concatenated/1.fasta, indelible_output/6/cleaned_N0_trees/1.nwk
    output: indelible_dicts/6/leaves_1.p, indelible_dicts/6/gaps_1.p
    jobid: 11
    wildcards: taxon=6, rep=1

[Tue Feb  2 10:45:28 2021]
Finished job 11.
10 of 29 steps (34%) done
Select jobs to execute...

[Tue Feb  2 10:45:28 2021]
rule summarise_indelible:
    input: indelible_output/6/cleaned_N0_trees/1.nwk, indelible_output/6/concatenated/1.fasta, indelible_output/6/cleaned_N0_trees/1.nwk, indelible_output/6/concatenated/1.fasta, indelible_dicts/6/leaves_1.p, indelible_dicts/6/gaps_1.p
    output: indelible_summaries/6/1.csv
    jobid: 27
    wildcards: taxon=6, rep=1

[Tue Feb  2 10:45:29 2021]
Finished job 27.
11 of 29 steps (38%) done
Select jobs to execute...

[Tue Feb  2 10:45:29 2021]
rule run_fastml:
    input: indelible_output/6/cleaned_aln/1.fasta, indelible_output/6/cleaned_no_internal_trees/1.nwk
    output: fastml_results/6/1/seq.joint.txt, fastml_results/6/1/tree.newick.txt, fastml_results/6/1
    jobid: 22
    wildcards: taxon=6, rep=1

[Tue Feb  2 10:45:33 2021]
Finished job 22.
12 of 29 steps (41%) done
Select jobs to execute...

[Tue Feb  2 10:45:33 2021]
rule run_grasp:
    input: indelible_output/6/cleaned_aln/2.fasta, indelible_output/6/cleaned_N0_trees/2.nwk
    output: grasp_results/6/BEP/2, grasp_results/6/BEP/2/GRASP_ancestors.fasta, grasp_results/6/BEP/2/tree.nwk
    jobid: 13
    wildcards: taxon=6, method=BEP, rep=2

[Tue Feb  2 10:45:34 2021]
Finished job 13.
13 of 29 steps (45%) done
Select jobs to execute...

[Tue Feb  2 10:45:34 2021]
rule clean_fastml:
    input: fastml_results/6/1/seq.joint.txt, fastml_results/6/1/tree.newick.txt
    output: fastml_results/6/concatenated/1/FastML_ancestors.fasta, fastml_results/6/cleaned_N0_trees/1/tree.nwk
    jobid: 21
    wildcards: taxon=6, rep=1

[Tue Feb  2 10:45:35 2021]
Finished job 21.
14 of 29 steps (48%) done
Select jobs to execute...

[Tue Feb  2 10:45:35 2021]
rule summarise_fastml_indels:
    input: fastml_results/6/concatenated/1/FastML_ancestors.fasta, fastml_results/6/cleaned_N0_trees/1/tree.nwk, indelible_output/6/cleaned_N0_trees/1.nwk, indelible_output/6/concatenated/1.fasta, indelible_dicts/6/leaves_1.p, indelible_dicts/6/gaps_1.p
    output: fastml_summaries/6/fastml/1.csv
    jobid: 20
    wildcards: taxon=6, rep=1

[Tue Feb  2 10:45:36 2021]
Finished job 20.
15 of 29 steps (52%) done
Select jobs to execute...

[Tue Feb  2 10:45:37 2021]
rule get_indelible_dict:
    input: indelible_output/6/concatenated/2.fasta, indelible_output/6/cleaned_N0_trees/2.nwk
    output: indelible_dicts/6/leaves_2.p, indelible_dicts/6/gaps_2.p
    jobid: 18
    wildcards: taxon=6, rep=2

[Tue Feb  2 10:45:38 2021]
Finished job 18.
16 of 29 steps (55%) done
Select jobs to execute...

[Tue Feb  2 10:45:38 2021]
rule summarise_fastml_indels:
    input: fastml_results/6/concatenated/2/FastML_ancestors.fasta, fastml_results/6/cleaned_N0_trees/2/tree.nwk, indelible_output/6/cleaned_N0_trees/2.nwk, indelible_output/6/concatenated/2.fasta, indelible_dicts/6/leaves_2.p, indelible_dicts/6/gaps_2.p
    output: fastml_summaries/6/fastml/2.csv
    jobid: 23
    wildcards: taxon=6, rep=2

[Tue Feb  2 10:45:39 2021]
Finished job 23.
17 of 29 steps (59%) done
Select jobs to execute...

[Tue Feb  2 10:45:39 2021]
rule concat_fastml_summaries:
    input: fastml_summaries/6/fastml/1.csv, fastml_summaries/6/fastml/2.csv
    output: concatenated_fastml_summaries/6.csv
    jobid: 19
    wildcards: taxon=6

[Tue Feb  2 10:45:39 2021]
Finished job 19.
18 of 29 steps (62%) done
Select jobs to execute...

[Tue Feb  2 10:45:39 2021]
rule run_grasp:
    input: indelible_output/6/cleaned_aln/1.fasta, indelible_output/6/cleaned_N0_trees/1.nwk
    output: grasp_results/6/BEP/1, grasp_results/6/BEP/1/GRASP_ancestors.fasta, grasp_results/6/BEP/1/tree.nwk
    jobid: 5
    wildcards: taxon=6, method=BEP, rep=1

[Tue Feb  2 10:45:40 2021]
Finished job 5.
19 of 29 steps (66%) done
Select jobs to execute...

[Tue Feb  2 10:45:40 2021]
rule concat_fasta:
    input: indelible_output/6/cleaned_aln/1.fasta, grasp_results/6/BEP/1/GRASP_ancestors.fasta
    output: grasp_results/concatenated/6/BEP/1/GRASP_ancestors.fasta
    jobid: 10
    wildcards: taxon=6, method=BEP, rep=1

[Tue Feb  2 10:45:40 2021]
Finished job 10.
20 of 29 steps (69%) done
Select jobs to execute...

[Tue Feb  2 10:45:40 2021]
rule concat_fasta:
    input: indelible_output/6/cleaned_aln/2.fasta, grasp_results/6/BEP/2/GRASP_ancestors.fasta
    output: grasp_results/concatenated/6/BEP/2/GRASP_ancestors.fasta
    jobid: 17
    wildcards: taxon=6, method=BEP, rep=2

[Tue Feb  2 10:45:40 2021]
Finished job 17.
21 of 29 steps (72%) done
Select jobs to execute...

[Tue Feb  2 10:45:40 2021]
rule summarise_indels:
    input: grasp_results/6/BEP/2/tree.nwk, grasp_results/concatenated/6/BEP/2/GRASP_ancestors.fasta, indelible_output/6/cleaned_N0_trees/2.nwk, indelible_output/6/concatenated/2.fasta, indelible_dicts/6/leaves_2.p, indelible_dicts/6/gaps_2.p
    output: summaries/6/BEP/2.csv
    jobid: 12
    wildcards: taxon=6, method=BEP, rep=2

[Tue Feb  2 10:45:41 2021]
Finished job 12.
22 of 29 steps (76%) done
Select jobs to execute...

[Tue Feb  2 10:45:41 2021]
rule summarise_indels:
    input: grasp_results/6/BEP/1/tree.nwk, grasp_results/concatenated/6/BEP/1/GRASP_ancestors.fasta, indelible_output/6/cleaned_N0_trees/1.nwk, indelible_output/6/concatenated/1.fasta, indelible_dicts/6/leaves_1.p, indelible_dicts/6/gaps_1.p
    output: summaries/6/BEP/1.csv
    jobid: 4
    wildcards: taxon=6, method=BEP, rep=1

[Tue Feb  2 10:45:42 2021]
Finished job 4.
23 of 29 steps (79%) done
Select jobs to execute...

[Tue Feb  2 10:45:42 2021]
rule concat_summaries:
    input: summaries/6/BEP/1.csv, summaries/6/BEP/2.csv
    output: concatenated_summaries/6_BEP.csv
    jobid: 3
    wildcards: taxon=6, method=BEP

[Tue Feb  2 10:45:42 2021]
Finished job 3.
24 of 29 steps (83%) done
Select jobs to execute...

[Tue Feb  2 10:45:42 2021]
rule summarise_indelible:
    input: indelible_output/6/cleaned_N0_trees/2.nwk, indelible_output/6/concatenated/2.fasta, indelible_output/6/cleaned_N0_trees/2.nwk, indelible_output/6/concatenated/2.fasta, indelible_dicts/6/leaves_2.p, indelible_dicts/6/gaps_2.p
    output: indelible_summaries/6/2.csv
    jobid: 28
    wildcards: taxon=6, rep=2

[Tue Feb  2 10:45:44 2021]
Finished job 28.
25 of 29 steps (86%) done
Select jobs to execute...

[Tue Feb  2 10:45:44 2021]
rule concat_indelible_summaries:
    input: indelible_summaries/6/1.csv, indelible_summaries/6/2.csv
    output: concatenated_indelible_summaries/6.csv
    jobid: 26
    wildcards: taxon=6

[Tue Feb  2 10:45:44 2021]
Finished job 26.
26 of 29 steps (90%) done
Select jobs to execute...

[Tue Feb  2 10:45:44 2021]
rule generate_output_dict:
    input: concatenated_summaries/6_BEP.csv, concatenated_fastml_summaries/6.csv, concatenated_indelible_summaries/6.csv
    output: output_dicts/output.p
    jobid: 2

[Tue Feb  2 10:45:47 2021]
Finished job 2.
27 of 29 steps (93%) done
Select jobs to execute...

[Tue Feb  2 10:45:47 2021]
rule generate_latex:
    input: output_dicts/output.p
    output: plots/plot.tex
    jobid: 1

[Tue Feb  2 10:45:47 2021]
Finished job 1.
28 of 29 steps (97%) done
Select jobs to execute...

[Tue Feb  2 10:45:47 2021]
rule compile_latex:
    input: plots/plot.tex
    output: plots/plot.pdf
    jobid: 0

[Tue Feb  2 10:45:49 2021]
Finished job 0.
29 of 29 steps (100%) done
Complete log: /Users/gabefoley/Dropbox/PhD/20210121_Indel_Evaluation_Project/Indel_Evaluation_Snakemake/.snakemake/log/2021-02-02T104518.029312.snakemake.log
