Building DAG of jobs...
Using shell: /bin/bash
Provided cores: 1 (use --cores to define parallelism)
Rules claiming more threads will be scaled down.
Job counts:
	count	jobs
	1	all
	4	clean_fasta
	12	concat_fasta
	2	create_control_files
	12	run_grasp
	4	run_indelible
	12	summarise_indels
	47
Select jobs to execute...

[Thu Jan 28 15:48:11 2021]
rule create_control_files:
    output: indelible/12_control.txt
    jobid: 51
    wildcards: taxon=12

[Thu Jan 28 15:48:11 2021]
Finished job 51.
1 of 47 steps (2%) done
Select jobs to execute...

[Thu Jan 28 15:48:11 2021]
rule run_indelible:
    input: indelible/12_control.txt
    output: indelible_output/12/cleaned_trees/2.nwk, indelible_output/12/12_TRUE_2.fasta
    jobid: 56
    wildcards: taxon=12, rep=2

[Thu Jan 28 15:48:12 2021]
Finished job 56.
2 of 47 steps (4%) done
Select jobs to execute...

[Thu Jan 28 15:48:12 2021]
rule clean_fasta:
    input: indelible_output/12/12_TRUE_2.fasta
    output: indelible_output/cleaned_aln/12/2.fasta
    jobid: 55
    wildcards: taxon=12, rep=2

[Thu Jan 28 15:48:12 2021]
Finished job 55.
3 of 47 steps (6%) done
Select jobs to execute...

[Thu Jan 28 15:48:12 2021]
rule run_grasp:
    input: indelible_output/cleaned_aln/12/2.fasta, indelible_output/12/cleaned_trees/2.nwk
    output: grasp_results/12/BEP/2, grasp_results/12/BEP/2/GRASP_ancestors.fasta, grasp_results/12/BEP/2/tree.nwk
    jobid: 54
    wildcards: taxon=12, method=BEP, rep=2

[Thu Jan 28 15:48:15 2021]
Finished job 54.
4 of 47 steps (9%) done
Select jobs to execute...

[Thu Jan 28 15:48:15 2021]
rule run_grasp:
    input: indelible_output/cleaned_aln/12/2.fasta, indelible_output/12/cleaned_trees/2.nwk
    output: grasp_results/12/SICP/2, grasp_results/12/SICP/2/GRASP_ancestors.fasta, grasp_results/12/SICP/2/tree.nwk
    jobid: 62
    wildcards: taxon=12, method=SICP, rep=2

[Thu Jan 28 15:48:17 2021]
Finished job 62.
5 of 47 steps (11%) done
Select jobs to execute...

[Thu Jan 28 15:48:17 2021]
rule concat_fasta:
    input: indelible_output/cleaned_aln/12/2.fasta, grasp_results/12/BEP/2/GRASP_ancestors.fasta
    output: grasp_results/concatenated/12/BEP/2/GRASP_ancestors.fasta
    jobid: 57
    wildcards: taxon=12, method=BEP, rep=2

[Thu Jan 28 15:48:17 2021]
Finished job 57.
6 of 47 steps (13%) done
Select jobs to execute...

[Thu Jan 28 15:48:17 2021]
rule run_grasp:
    input: indelible_output/cleaned_aln/12/2.fasta, indelible_output/12/cleaned_trees/2.nwk
    output: grasp_results/12/SICML/2, grasp_results/12/SICML/2/GRASP_ancestors.fasta, grasp_results/12/SICML/2/tree.nwk
    jobid: 68
    wildcards: taxon=12, method=SICML, rep=2

Terminating processes on user request, this might take some time.
[Thu Jan 28 16:00:55 2021]
Error in rule run_grasp:
    jobid: 68
    output: grasp_results/12/SICML/2, grasp_results/12/SICML/2/GRASP_ancestors.fasta, grasp_results/12/SICML/2/tree.nwk
    shell:
        grasp -aln indelible_output/cleaned_aln/12/2.fasta -nwk indelible_output/12/cleaned_trees/2.nwk -model LG -out grasp_results/12/SICML/2 -savetree grasp_results/12/SICML/2  -indel SICML -inf joint -gap
        (one of the commands exited with non-zero exit code; note that snakemake uses bash strict mode!)

Removing output files of failed job run_grasp since they might be corrupted:
grasp_results/12/SICML/2
Complete log: /Users/gabefoley/Dropbox/PhD/20210121_Indel_Evaluation_Project/Indel_Evaluation_Snakemake/.snakemake/log/2021-01-28T154810.972272.snakemake.log
