Building DAG of jobs...
Using shell: /bin/bash
Provided cores: 1 (use --cores to define parallelism)
Rules claiming more threads will be scaled down.
Job counts:
	count	jobs
	2	clean_fasta
	6	concat_fasta
	3	concat_summaries
	1	create_control_files
	1	create_plots
	6	run_grasp
	2	run_indelible
	6	summarise_indels
	27
Select jobs to execute...

[Sun Jan 31 14:19:03 2021]
rule create_control_files:
    output: indelible/40_control.txt
    jobid: 6
    wildcards: taxon=40

[Sun Jan 31 14:19:03 2021]
Finished job 6.
1 of 27 steps (4%) done
Select jobs to execute...

[Sun Jan 31 14:19:03 2021]
rule run_indelible:
    input: indelible/40_control.txt
    output: indelible_output/40/cleaned_trees/1.nwk, indelible_output/40/40_TRUE_1.fasta
    jobid: 5
    wildcards: taxon=40, rep=1

[Sun Jan 31 14:19:04 2021]
Finished job 5.
2 of 27 steps (7%) done
Select jobs to execute...

[Sun Jan 31 14:19:04 2021]
rule clean_fasta:
    input: indelible_output/40/40_TRUE_1.fasta
    output: indelible_output/cleaned_aln/40/1.fasta
    jobid: 4
    wildcards: taxon=40, rep=1

[Sun Jan 31 14:19:05 2021]
Finished job 4.
3 of 27 steps (11%) done
Select jobs to execute...

[Sun Jan 31 14:19:05 2021]
rule run_indelible:
    input: indelible/40_control.txt
    output: indelible_output/40/cleaned_trees/2.nwk, indelible_output/40/40_TRUE_2.fasta
    jobid: 11
    wildcards: taxon=40, rep=2

Warning: the following output files of rule run_indelible were not present when the DAG was created:
{'indelible_output/40/40_TRUE_2.fasta', 'indelible_output/40/cleaned_trees/2.nwk'}
[Sun Jan 31 14:19:05 2021]
Finished job 11.
4 of 27 steps (15%) done
Select jobs to execute...

[Sun Jan 31 14:19:05 2021]
rule clean_fasta:
    input: indelible_output/40/40_TRUE_2.fasta
    output: indelible_output/cleaned_aln/40/2.fasta
    jobid: 10
    wildcards: taxon=40, rep=2

[Sun Jan 31 14:19:06 2021]
Finished job 10.
5 of 27 steps (19%) done
Select jobs to execute...

[Sun Jan 31 14:19:06 2021]
rule run_grasp:
    input: indelible_output/cleaned_aln/40/2.fasta, indelible_output/40/cleaned_trees/2.nwk
    output: grasp_results/40/BEP/2, grasp_results/40/BEP/2/GRASP_ancestors.fasta, grasp_results/40/BEP/2/tree.nwk
    jobid: 9
    wildcards: taxon=40, method=BEP, rep=2

[Sun Jan 31 14:19:18 2021]
Finished job 9.
6 of 27 steps (22%) done
Select jobs to execute...

[Sun Jan 31 14:19:19 2021]
rule run_grasp:
    input: indelible_output/cleaned_aln/40/1.fasta, indelible_output/40/cleaned_trees/1.nwk
    output: grasp_results/40/SICP/1, grasp_results/40/SICP/1/GRASP_ancestors.fasta, grasp_results/40/SICP/1/tree.nwk
    jobid: 15
    wildcards: taxon=40, method=SICP, rep=1

[Sun Jan 31 14:19:26 2021]
Finished job 15.
7 of 27 steps (26%) done
Select jobs to execute...

[Sun Jan 31 14:19:26 2021]
rule concat_fasta:
    input: indelible_output/cleaned_aln/40/1.fasta, grasp_results/40/SICP/1/GRASP_ancestors.fasta
    output: grasp_results/concatenated/40/SICP/1/GRASP_ancestors.fasta
    jobid: 16
    wildcards: taxon=40, method=SICP, rep=1

[Sun Jan 31 14:19:26 2021]
Finished job 16.
8 of 27 steps (30%) done
Select jobs to execute...

[Sun Jan 31 14:19:26 2021]
rule summarise_indels:
    input: grasp_results/40/SICP/1/tree.nwk, grasp_results/concatenated/40/SICP/1/GRASP_ancestors.fasta
    output: summaries/40/SICP/1.csv
    jobid: 14
    wildcards: taxon=40, method=SICP, rep=1

[Sun Jan 31 14:19:27 2021]
Finished job 14.
9 of 27 steps (33%) done
Select jobs to execute...

[Sun Jan 31 14:19:27 2021]
rule concat_fasta:
    input: indelible_output/cleaned_aln/40/2.fasta, grasp_results/40/BEP/2/GRASP_ancestors.fasta
    output: grasp_results/concatenated/40/BEP/2/GRASP_ancestors.fasta
    jobid: 12
    wildcards: taxon=40, method=BEP, rep=2

[Sun Jan 31 14:19:27 2021]
Finished job 12.
10 of 27 steps (37%) done
Select jobs to execute...

[Sun Jan 31 14:19:27 2021]
rule summarise_indels:
    input: grasp_results/40/BEP/2/tree.nwk, grasp_results/concatenated/40/BEP/2/GRASP_ancestors.fasta
    output: summaries/40/BEP/2.csv
    jobid: 8
    wildcards: taxon=40, method=BEP, rep=2

[Sun Jan 31 14:19:27 2021]
Finished job 8.
11 of 27 steps (41%) done
Select jobs to execute...

[Sun Jan 31 14:19:27 2021]
rule run_grasp:
    input: indelible_output/cleaned_aln/40/2.fasta, indelible_output/40/cleaned_trees/2.nwk
    output: grasp_results/40/SICML/2, grasp_results/40/SICML/2/GRASP_ancestors.fasta, grasp_results/40/SICML/2/tree.nwk
    jobid: 25
    wildcards: taxon=40, method=SICML, rep=2

[Sun Jan 31 14:19:36 2021]
Finished job 25.
12 of 27 steps (44%) done
Select jobs to execute...

[Sun Jan 31 14:19:36 2021]
rule concat_fasta:
    input: indelible_output/cleaned_aln/40/2.fasta, grasp_results/40/SICML/2/GRASP_ancestors.fasta
    output: grasp_results/concatenated/40/SICML/2/GRASP_ancestors.fasta
    jobid: 26
    wildcards: taxon=40, method=SICML, rep=2

[Sun Jan 31 14:19:36 2021]
Finished job 26.
13 of 27 steps (48%) done
Select jobs to execute...

[Sun Jan 31 14:19:36 2021]
rule summarise_indels:
    input: grasp_results/40/SICML/2/tree.nwk, grasp_results/concatenated/40/SICML/2/GRASP_ancestors.fasta
    output: summaries/40/SICML/2.csv
    jobid: 24
    wildcards: taxon=40, method=SICML, rep=2

[Sun Jan 31 14:19:37 2021]
Finished job 24.
14 of 27 steps (52%) done
Select jobs to execute...

[Sun Jan 31 14:19:37 2021]
rule run_grasp:
    input: indelible_output/cleaned_aln/40/1.fasta, indelible_output/40/cleaned_trees/1.nwk
    output: grasp_results/40/SICML/1, grasp_results/40/SICML/1/GRASP_ancestors.fasta, grasp_results/40/SICML/1/tree.nwk
    jobid: 22
    wildcards: taxon=40, method=SICML, rep=1

[Sun Jan 31 14:19:45 2021]
Finished job 22.
15 of 27 steps (56%) done
Select jobs to execute...

[Sun Jan 31 14:19:45 2021]
rule concat_fasta:
    input: indelible_output/cleaned_aln/40/1.fasta, grasp_results/40/SICML/1/GRASP_ancestors.fasta
    output: grasp_results/concatenated/40/SICML/1/GRASP_ancestors.fasta
    jobid: 23
    wildcards: taxon=40, method=SICML, rep=1

[Sun Jan 31 14:19:45 2021]
Finished job 23.
16 of 27 steps (59%) done
Select jobs to execute...

[Sun Jan 31 14:19:45 2021]
rule run_grasp:
    input: indelible_output/cleaned_aln/40/1.fasta, indelible_output/40/cleaned_trees/1.nwk
    output: grasp_results/40/BEP/1, grasp_results/40/BEP/1/GRASP_ancestors.fasta, grasp_results/40/BEP/1/tree.nwk
    jobid: 3
    wildcards: taxon=40, method=BEP, rep=1

Terminating processes on user request, this might take some time.
[Sun Jan 31 14:19:53 2021]
Error in rule run_grasp:
    jobid: 3
    output: grasp_results/40/BEP/1, grasp_results/40/BEP/1/GRASP_ancestors.fasta, grasp_results/40/BEP/1/tree.nwk
    shell:
        grasp -aln indelible_output/cleaned_aln/40/1.fasta -nwk indelible_output/40/cleaned_trees/1.nwk -model LG -out grasp_results/40/BEP/1 -savetree grasp_results/40/BEP/1  -indel BEP -inf joint -gap
        (one of the commands exited with non-zero exit code; note that snakemake uses bash strict mode!)

Removing output files of failed job run_grasp since they might be corrupted:
grasp_results/40/BEP/1
Complete log: /Users/gabefoley/Dropbox/PhD/20210121_Indel_Evaluation_Project/Indel_Evaluation_Snakemake/.snakemake/log/2021-01-31T141903.363819.snakemake.log
