Building DAG of jobs...
Using shell: /bin/bash
Provided cores: 1 (use --cores to define parallelism)
Rules claiming more threads will be scaled down.
Job counts:
	count	jobs
	1	compile_latex
	1	generate_latex
	2
Select jobs to execute...

[Tue Feb  2 17:35:46 2021]
rule generate_latex:
    input: output_dicts/output.p
    output: plots/plot.tex
    jobid: 1

[Tue Feb  2 17:35:47 2021]
Finished job 1.
1 of 2 steps (50%) done
Select jobs to execute...

[Tue Feb  2 17:35:47 2021]
rule compile_latex:
    input: plots/plot.tex
    output: plots/plot.pdf
    jobid: 0

Terminating processes on user request, this might take some time.
Cancelling snakemake on user request.
