Building DAG of jobs...
Using shell: /bin/bash
Provided cores: 1 (use --cores to define parallelism)
Rules claiming more threads will be scaled down.
Job counts:
	count	jobs
	1	clean_indelible
	1	compile_latex
	6	concat_fasta
	1	concat_indelible_summaries
	3	concat_summaries
	1	generate_latex
	1	generate_output_dict
	2	get_indelible_dict
	5	run_grasp
	2	summarise_indelible
	6	summarise_indels
	29
Select jobs to execute...

[Tue Feb  2 09:33:06 2021]
rule get_indelible_dict:
    input: indelible_output/25/concatenated/2.fasta, indelible_output/25/cleaned_N0_trees/2.nwk
    output: indelible_dicts/25/leaves_2.p, indelible_dicts/25/gaps_2.p
    jobid: 18
    wildcards: taxon=25, rep=2

[Tue Feb  2 09:33:07 2021]
Finished job 18.
1 of 29 steps (3%) done
Select jobs to execute...

[Tue Feb  2 09:33:07 2021]
rule summarise_indelible:
    input: indelible_output/25/cleaned_N0_trees/2.nwk, indelible_output/25/concatenated/2.fasta, indelible_output/25/cleaned_N0_trees/2.nwk, indelible_output/25/concatenated/2.fasta, indelible_dicts/25/leaves_2.p, indelible_dicts/25/gaps_2.p
    output: indelible_summaries/25/2.csv
    jobid: 35
    wildcards: taxon=25, rep=2

[Tue Feb  2 09:33:08 2021]
Finished job 35.
2 of 29 steps (7%) done
Select jobs to execute...

[Tue Feb  2 09:33:08 2021]
rule run_grasp:
    input: indelible_output/25/cleaned_aln/2.fasta, indelible_output/25/cleaned_N0_trees/2.nwk
    output: grasp_results/25/SICP/2, grasp_results/25/SICP/2/GRASP_ancestors.fasta, grasp_results/25/SICP/2/tree.nwk
    jobid: 24
    wildcards: taxon=25, method=SICP, rep=2

[Tue Feb  2 09:33:10 2021]
Finished job 24.
3 of 29 steps (10%) done
Select jobs to execute...

[Tue Feb  2 09:33:10 2021]
rule concat_fasta:
    input: indelible_output/25/cleaned_aln/2.fasta, grasp_results/25/SICP/2/GRASP_ancestors.fasta
    output: grasp_results/concatenated/25/SICP/2/GRASP_ancestors.fasta
    jobid: 25
    wildcards: taxon=25, method=SICP, rep=2

[Tue Feb  2 09:33:10 2021]
Finished job 25.
4 of 29 steps (14%) done
Select jobs to execute...

[Tue Feb  2 09:33:10 2021]
rule clean_indelible:
    input: indelible_output/25/N0_trees/1.nwk, indelible_output/25/concatenated/25_1.fasta
    output: indelible_output/25/cleaned_aln/1.fasta, indelible_output/25/concatenated/1.fasta, indelible_output/25/cleaned_trees/1.nwk, indelible_output/25/cleaned_N0_trees/1.nwk, indelible_output/25/cleaned_no_internal_trees/1.nwk
    jobid: 6
    wildcards: taxon=25, rep=1

[Tue Feb  2 09:33:11 2021]
Finished job 6.
5 of 29 steps (17%) done
Select jobs to execute...

[Tue Feb  2 09:33:11 2021]
rule get_indelible_dict:
    input: indelible_output/25/concatenated/1.fasta, indelible_output/25/cleaned_N0_trees/1.nwk
    output: indelible_dicts/25/leaves_1.p, indelible_dicts/25/gaps_1.p
    jobid: 11
    wildcards: taxon=25, rep=1

[Tue Feb  2 09:33:12 2021]
Finished job 11.
6 of 29 steps (21%) done
Select jobs to execute...

[Tue Feb  2 09:33:12 2021]
rule run_grasp:
    input: indelible_output/25/cleaned_aln/1.fasta, indelible_output/25/cleaned_N0_trees/1.nwk
    output: grasp_results/25/BEP/1, grasp_results/25/BEP/1/GRASP_ancestors.fasta, grasp_results/25/BEP/1/tree.nwk
    jobid: 5
    wildcards: taxon=25, method=BEP, rep=1

[Tue Feb  2 09:33:15 2021]
Finished job 5.
7 of 29 steps (24%) done
Select jobs to execute...

[Tue Feb  2 09:33:15 2021]
rule summarise_indels:
    input: grasp_results/25/SICP/2/tree.nwk, grasp_results/concatenated/25/SICP/2/GRASP_ancestors.fasta, indelible_output/25/cleaned_N0_trees/2.nwk, indelible_output/25/concatenated/2.fasta, indelible_dicts/25/leaves_2.p, indelible_dicts/25/gaps_2.p
    output: summaries/25/SICP/2.csv
    jobid: 23
    wildcards: taxon=25, method=SICP, rep=2

[Tue Feb  2 09:33:16 2021]
Finished job 23.
8 of 29 steps (28%) done
Select jobs to execute...

[Tue Feb  2 09:33:16 2021]
rule concat_fasta:
    input: indelible_output/25/cleaned_aln/1.fasta, grasp_results/25/BEP/1/GRASP_ancestors.fasta
    output: grasp_results/concatenated/25/BEP/1/GRASP_ancestors.fasta
    jobid: 10
    wildcards: taxon=25, method=BEP, rep=1

[Tue Feb  2 09:33:16 2021]
Finished job 10.
9 of 29 steps (31%) done
Select jobs to execute...

[Tue Feb  2 09:33:16 2021]
rule summarise_indels:
    input: grasp_results/25/BEP/1/tree.nwk, grasp_results/concatenated/25/BEP/1/GRASP_ancestors.fasta, indelible_output/25/cleaned_N0_trees/1.nwk, indelible_output/25/concatenated/1.fasta, indelible_dicts/25/leaves_1.p, indelible_dicts/25/gaps_1.p
    output: summaries/25/BEP/1.csv
    jobid: 4
    wildcards: taxon=25, method=BEP, rep=1

[Tue Feb  2 09:33:17 2021]
Finished job 4.
10 of 29 steps (34%) done
Select jobs to execute...

[Tue Feb  2 09:33:17 2021]
rule run_grasp:
    input: indelible_output/25/cleaned_aln/1.fasta, indelible_output/25/cleaned_N0_trees/1.nwk
    output: grasp_results/25/SICP/1, grasp_results/25/SICP/1/GRASP_ancestors.fasta, grasp_results/25/SICP/1/tree.nwk
    jobid: 21
    wildcards: taxon=25, method=SICP, rep=1

[Tue Feb  2 09:33:20 2021]
Finished job 21.
11 of 29 steps (38%) done
Select jobs to execute...

[Tue Feb  2 09:33:20 2021]
rule concat_fasta:
    input: indelible_output/25/cleaned_aln/1.fasta, grasp_results/25/SICP/1/GRASP_ancestors.fasta
    output: grasp_results/concatenated/25/SICP/1/GRASP_ancestors.fasta
    jobid: 22
    wildcards: taxon=25, method=SICP, rep=1

[Tue Feb  2 09:33:20 2021]
Finished job 22.
12 of 29 steps (41%) done
Select jobs to execute...

[Tue Feb  2 09:33:20 2021]
rule summarise_indels:
    input: grasp_results/25/SICP/1/tree.nwk, grasp_results/concatenated/25/SICP/1/GRASP_ancestors.fasta, indelible_output/25/cleaned_N0_trees/1.nwk, indelible_output/25/concatenated/1.fasta, indelible_dicts/25/leaves_1.p, indelible_dicts/25/gaps_1.p
    output: summaries/25/SICP/1.csv
    jobid: 20
    wildcards: taxon=25, method=SICP, rep=1

[Tue Feb  2 09:33:21 2021]
Finished job 20.
13 of 29 steps (45%) done
Select jobs to execute...

[Tue Feb  2 09:33:21 2021]
rule run_grasp:
    input: indelible_output/25/cleaned_aln/2.fasta, indelible_output/25/cleaned_N0_trees/2.nwk
    output: grasp_results/25/BEP/2, grasp_results/25/BEP/2/GRASP_ancestors.fasta, grasp_results/25/BEP/2/tree.nwk
    jobid: 13
    wildcards: taxon=25, method=BEP, rep=2

[Tue Feb  2 09:33:24 2021]
Finished job 13.
14 of 29 steps (48%) done
Select jobs to execute...

[Tue Feb  2 09:33:24 2021]
rule concat_fasta:
    input: indelible_output/25/cleaned_aln/2.fasta, grasp_results/25/BEP/2/GRASP_ancestors.fasta
    output: grasp_results/concatenated/25/BEP/2/GRASP_ancestors.fasta
    jobid: 17
    wildcards: taxon=25, method=BEP, rep=2

[Tue Feb  2 09:33:24 2021]
Finished job 17.
15 of 29 steps (52%) done
Select jobs to execute...

[Tue Feb  2 09:33:24 2021]
rule summarise_indels:
    input: grasp_results/25/BEP/2/tree.nwk, grasp_results/concatenated/25/BEP/2/GRASP_ancestors.fasta, indelible_output/25/cleaned_N0_trees/2.nwk, indelible_output/25/concatenated/2.fasta, indelible_dicts/25/leaves_2.p, indelible_dicts/25/gaps_2.p
    output: summaries/25/BEP/2.csv
    jobid: 12
    wildcards: taxon=25, method=BEP, rep=2

[Tue Feb  2 09:33:25 2021]
Finished job 12.
16 of 29 steps (55%) done
Select jobs to execute...

[Tue Feb  2 09:33:25 2021]
rule concat_summaries:
    input: summaries/25/BEP/1.csv, summaries/25/BEP/2.csv
    output: concatenated_summaries/25_BEP.csv
    jobid: 3
    wildcards: taxon=25, method=BEP

[Tue Feb  2 09:33:25 2021]
Finished job 3.
17 of 29 steps (59%) done
Select jobs to execute...

[Tue Feb  2 09:33:25 2021]
rule concat_fasta:
    input: indelible_output/25/cleaned_aln/2.fasta, grasp_results/25/SICML/2/GRASP_ancestors.fasta
    output: grasp_results/concatenated/25/SICML/2/GRASP_ancestors.fasta
    jobid: 32
    wildcards: taxon=25, method=SICML, rep=2

[Tue Feb  2 09:33:25 2021]
Finished job 32.
18 of 29 steps (62%) done
Select jobs to execute...

[Tue Feb  2 09:33:25 2021]
rule run_grasp:
    input: indelible_output/25/cleaned_aln/1.fasta, indelible_output/25/cleaned_N0_trees/1.nwk
    output: grasp_results/25/SICML/1, grasp_results/25/SICML/1/GRASP_ancestors.fasta, grasp_results/25/SICML/1/tree.nwk
    jobid: 28
    wildcards: taxon=25, method=SICML, rep=1

[Tue Feb  2 09:33:28 2021]
Finished job 28.
19 of 29 steps (66%) done
Select jobs to execute...

[Tue Feb  2 09:33:28 2021]
rule summarise_indelible:
    input: indelible_output/25/cleaned_N0_trees/1.nwk, indelible_output/25/concatenated/1.fasta, indelible_output/25/cleaned_N0_trees/1.nwk, indelible_output/25/concatenated/1.fasta, indelible_dicts/25/leaves_1.p, indelible_dicts/25/gaps_1.p
    output: indelible_summaries/25/1.csv
    jobid: 34
    wildcards: taxon=25, rep=1

[Tue Feb  2 09:33:29 2021]
Finished job 34.
20 of 29 steps (69%) done
Select jobs to execute...

[Tue Feb  2 09:33:29 2021]
rule concat_summaries:
    input: summaries/25/SICP/1.csv, summaries/25/SICP/2.csv
    output: concatenated_summaries/25_SICP.csv
    jobid: 19
    wildcards: taxon=25, method=SICP

[Tue Feb  2 09:33:29 2021]
Finished job 19.
21 of 29 steps (72%) done
Select jobs to execute...

[Tue Feb  2 09:33:29 2021]
rule summarise_indels:
    input: grasp_results/25/SICML/2/tree.nwk, grasp_results/concatenated/25/SICML/2/GRASP_ancestors.fasta, indelible_output/25/cleaned_N0_trees/2.nwk, indelible_output/25/concatenated/2.fasta, indelible_dicts/25/leaves_2.p, indelible_dicts/25/gaps_2.p
    output: summaries/25/SICML/2.csv
    jobid: 30
    wildcards: taxon=25, method=SICML, rep=2

[Tue Feb  2 09:33:30 2021]
Finished job 30.
22 of 29 steps (76%) done
Select jobs to execute...

[Tue Feb  2 09:33:30 2021]
rule concat_indelible_summaries:
    input: indelible_summaries/25/1.csv, indelible_summaries/25/2.csv
    output: concatenated_indelible_summaries/25.csv
    jobid: 33
    wildcards: taxon=25

[Tue Feb  2 09:33:30 2021]
Finished job 33.
23 of 29 steps (79%) done
Select jobs to execute...

[Tue Feb  2 09:33:30 2021]
rule concat_fasta:
    input: indelible_output/25/cleaned_aln/1.fasta, grasp_results/25/SICML/1/GRASP_ancestors.fasta
    output: grasp_results/concatenated/25/SICML/1/GRASP_ancestors.fasta
    jobid: 29
    wildcards: taxon=25, method=SICML, rep=1

[Tue Feb  2 09:33:30 2021]
Finished job 29.
24 of 29 steps (83%) done
Select jobs to execute...

[Tue Feb  2 09:33:30 2021]
rule summarise_indels:
    input: grasp_results/25/SICML/1/tree.nwk, grasp_results/concatenated/25/SICML/1/GRASP_ancestors.fasta, indelible_output/25/cleaned_N0_trees/1.nwk, indelible_output/25/concatenated/1.fasta, indelible_dicts/25/leaves_1.p, indelible_dicts/25/gaps_1.p
    output: summaries/25/SICML/1.csv
    jobid: 27
    wildcards: taxon=25, method=SICML, rep=1

[Tue Feb  2 09:33:31 2021]
Finished job 27.
25 of 29 steps (86%) done
Select jobs to execute...

[Tue Feb  2 09:33:31 2021]
rule concat_summaries:
    input: summaries/25/SICML/1.csv, summaries/25/SICML/2.csv
    output: concatenated_summaries/25_SICML.csv
    jobid: 26
    wildcards: taxon=25, method=SICML

[Tue Feb  2 09:33:31 2021]
Finished job 26.
26 of 29 steps (90%) done
Select jobs to execute...

[Tue Feb  2 09:33:31 2021]
rule generate_output_dict:
    input: concatenated_summaries/25_BEP.csv, concatenated_summaries/25_SICP.csv, concatenated_summaries/25_SICML.csv, concatenated_indelible_summaries/25.csv
    output: output_dicts/output.p
    jobid: 2

[Tue Feb  2 09:33:34 2021]
Finished job 2.
27 of 29 steps (93%) done
Select jobs to execute...

[Tue Feb  2 09:33:34 2021]
rule generate_latex:
    input: output_dicts/output.p
    output: plots/plot.tex
    jobid: 1

[Tue Feb  2 09:33:35 2021]
Finished job 1.
28 of 29 steps (97%) done
Select jobs to execute...

[Tue Feb  2 09:33:35 2021]
rule compile_latex:
    input: plots/plot.tex
    output: plots/plot.pdf
    jobid: 0

[Tue Feb  2 09:33:36 2021]
Finished job 0.
29 of 29 steps (100%) done
Complete log: /Users/gabefoley/Dropbox/PhD/20210121_Indel_Evaluation_Project/Indel_Evaluation_Snakemake/.snakemake/log/2021-02-02T093306.075673.snakemake.log
