Building DAG of jobs...
Using shell: /bin/bash
Provided cores: 1 (use --cores to define parallelism)
Rules claiming more threads will be scaled down.
Job counts:
	count	jobs
	1	create_control_files
	1	run_indelible
	2
Select jobs to execute...

[Sun Jan 24 21:54:18 2021]
rule create_control_files:
    output: indelible/40_control.txt
    jobid: 1
    wildcards: taxon=40

[Sun Jan 24 21:54:19 2021]
Finished job 1.
1 of 2 steps (50%) done
Select jobs to execute...

[Sun Jan 24 21:54:19 2021]
rule run_indelible:
    input: indelible/40_control.txt
    output: indelible_output/40/40_TRUE_1_cols_removed.fasta
    jobid: 0
    wildcards: taxon=40, rep=1_cols_removed

Waiting at most 5 seconds for missing files.
MissingOutputException in line 19 of /Users/gabefoley/Dropbox/PhD/20210121_Indel_Evaluation_Project/Indel_Evaluation_Snakemake/Snakefile:
Job Missing files after 5 seconds:
indelible_output/40/40_TRUE_1_cols_removed.fasta
This might be due to filesystem latency. If that is the case, consider to increase the wait time with --latency-wait.
Job id: 0 completed successfully, but some output files are missing. 0
  File "/Users/gabefoley/miniconda3_latest/envs/indel_snakemake/lib/python3.9/site-packages/snakemake/executors/__init__.py", line 583, in handle_job_success
  File "/Users/gabefoley/miniconda3_latest/envs/indel_snakemake/lib/python3.9/site-packages/snakemake/executors/__init__.py", line 252, in handle_job_success
Shutting down, this might take some time.
Exiting because a job execution failed. Look above for error message
Complete log: /Users/gabefoley/Dropbox/PhD/20210121_Indel_Evaluation_Project/Indel_Evaluation_Snakemake/.snakemake/log/2021-01-24T215418.893475.snakemake.log
