Building DAG of jobs...
Using shell: /bin/bash
Provided cores: 1 (use --cores to define parallelism)
Rules claiming more threads will be scaled down.
Job counts:
	count	jobs
	1	clean_fasta
	1	run_grasp
	2
Select jobs to execute...

[Mon Jan 25 12:52:14 2021]
rule clean_fasta:
    input: indelible_output/40/40_TRUE_1.fasta
    output: indelible_output/40/cleaned_aln/40_TRUE_1.fasta
    jobid: 1
    wildcards: taxon=40, rep=1

[Mon Jan 25 12:52:14 2021]
Finished job 1.
1 of 2 steps (50%) done
Select jobs to execute...

[Mon Jan 25 12:52:15 2021]
rule run_grasp:
    input: indelible_output/40/cleaned_aln/40_TRUE_1.fasta, indelible_output/40/cleaned_trees/40_tree_1.nwk
    output: grasp_results/40/40_output_1.txt
    jobid: 0
    wildcards: taxon=40, rep=1

Waiting at most 100 seconds for missing files.
Terminating processes on user request, this might take some time.
Cancelling snakemake on user request.
