Building DAG of jobs...
Using shell: /bin/bash
Provided cores: 1 (use --cores to define parallelism)
Rules claiming more threads will be scaled down.
Job counts:
	count	jobs
	2	clean_fastml_ml
	2	clean_fastml_parsimony
	2	clean_indelible
	1	compile_latex
	8	concat_fasta
	1	concat_fastml__ml_summaries
	1	concat_fastml_summaries
	2	concat_indelible
	1	concat_indelible_summaries
	4	concat_summaries
	1	create_control_files
	1	generate_latex
	1	generate_output_dict
	2	get_indelible_dict
	2	run_fastml
	8	run_grasp
	2	run_indelible
	2	summarise_fastml_ml_indels
	2	summarise_fastml_parsimony_indels
	2	summarise_indelible
	8	summarise_indels
	55
Select jobs to execute...

[Mon Mar  1 13:26:53 2021]
rule create_control_files:
    output: indelible/10_control.txt
    jobid: 8
    wildcards: taxon=10

[Mon Mar  1 13:26:53 2021]
Finished job 8.
1 of 55 steps (2%) done
Select jobs to execute...

[Mon Mar  1 13:26:53 2021]
rule run_indelible:
    input: indelible/10_control.txt
    output: indelible_output/10/trees/1.nwk, indelible_output/10/10_TRUE_1.fasta, indelible_output/10/10_ANCESTRAL_1.fasta, indelible_output/10/N0_trees/1.nwk
    jobid: 7
    wildcards: taxon=10, rep=1

[Mon Mar  1 13:26:54 2021]
Finished job 7.
2 of 55 steps (4%) done
Select jobs to execute...

[Mon Mar  1 13:26:54 2021]
rule run_indelible:
    input: indelible/10_control.txt
    output: indelible_output/10/trees/2.nwk, indelible_output/10/10_TRUE_2.fasta, indelible_output/10/10_ANCESTRAL_2.fasta, indelible_output/10/N0_trees/2.nwk
    jobid: 15
    wildcards: taxon=10, rep=2

Warning: the following output files of rule run_indelible were not present when the DAG was created:
{'indelible_output/10/N0_trees/2.nwk', 'indelible_output/10/10_TRUE_2.fasta', 'indelible_output/10/10_ANCESTRAL_2.fasta'}
[Mon Mar  1 13:26:55 2021]
Finished job 15.
3 of 55 steps (5%) done
Select jobs to execute...

[Mon Mar  1 13:26:55 2021]
rule concat_indelible:
    input: indelible_output/10/10_TRUE_2.fasta, indelible_output/10/10_ANCESTRAL_2.fasta
    output: indelible_output/10/concatenated/10_2.fasta
    jobid: 16
    wildcards: taxon=10, rep=2

[Mon Mar  1 13:26:55 2021]
Finished job 16.
4 of 55 steps (7%) done
Select jobs to execute...

[Mon Mar  1 13:26:56 2021]
rule clean_indelible:
    input: indelible_output/10/N0_trees/2.nwk, indelible_output/10/concatenated/10_2.fasta
    output: indelible_output/10/cleaned_aln/2.fasta, indelible_output/10/concatenated/2.fasta, indelible_output/10/cleaned_trees/2.nwk, indelible_output/10/cleaned_N0_trees/2.nwk, indelible_output/10/cleaned_no_internal_trees/2.nwk
    jobid: 14
    wildcards: taxon=10, rep=2

[Mon Mar  1 13:26:56 2021]
Finished job 14.
5 of 55 steps (9%) done
Select jobs to execute...

[Mon Mar  1 13:26:56 2021]
rule run_grasp:
    input: indelible_output/10/cleaned_aln/2.fasta, indelible_output/10/cleaned_N0_trees/2.nwk
    output: grasp_results/10/BEP/2, grasp_results/10/BEP/2/GRASP_ancestors.fasta, grasp_results/10/BEP/2/GRASP_ancestors.nwk
    jobid: 24
    wildcards: taxon=10, method=BEP, rep=2

[Mon Mar  1 13:26:57 2021]
Finished job 24.
6 of 55 steps (11%) done
Select jobs to execute...

[Mon Mar  1 13:26:57 2021]
rule get_indelible_dict:
    input: indelible_output/10/concatenated/2.fasta, indelible_output/10/cleaned_N0_trees/2.nwk
    output: indelible_dicts/10/leaves_2.p, indelible_dicts/10/gaps_2.p
    jobid: 18
    wildcards: taxon=10, rep=2

[Mon Mar  1 13:26:58 2021]
Finished job 18.
7 of 55 steps (13%) done
Select jobs to execute...

[Mon Mar  1 13:26:58 2021]
rule run_grasp:
    input: indelible_output/10/cleaned_aln/2.fasta, indelible_output/10/cleaned_N0_trees/2.nwk
    output: grasp_results/10/SICML/2, grasp_results/10/SICML/2/GRASP_ancestors.fasta, grasp_results/10/SICML/2/GRASP_ancestors.nwk
    jobid: 13
    wildcards: taxon=10, method=SICML, rep=2

[Mon Mar  1 13:26:58 2021]
Finished job 13.
8 of 55 steps (15%) done
Select jobs to execute...

[Mon Mar  1 13:26:58 2021]
rule concat_fasta:
    input: indelible_output/10/cleaned_aln/2.fasta, grasp_results/10/SICML/2/GRASP_ancestors.fasta
    output: grasp_results/concatenated/10/SICML/2/GRASP_ancestors.fasta
    jobid: 17
    wildcards: taxon=10, method=SICML, rep=2

[Mon Mar  1 13:26:58 2021]
Finished job 17.
9 of 55 steps (16%) done
Select jobs to execute...

[Mon Mar  1 13:26:59 2021]
rule summarise_indels:
    input: grasp_results/10/SICML/2/GRASP_ancestors.nwk, grasp_results/concatenated/10/SICML/2/GRASP_ancestors.fasta, indelible_output/10/cleaned_N0_trees/2.nwk, indelible_output/10/concatenated/2.fasta, indelible_dicts/10/leaves_2.p, indelible_dicts/10/gaps_2.p
    output: summaries/10/SICML/2.csv
    jobid: 12
    wildcards: taxon=10, method=SICML, rep=2

[Mon Mar  1 13:26:59 2021]
Finished job 12.
10 of 55 steps (18%) done
Select jobs to execute...

[Mon Mar  1 13:27:00 2021]
rule summarise_indelible:
    input: indelible_output/10/cleaned_N0_trees/2.nwk, indelible_output/10/concatenated/2.fasta, indelible_output/10/cleaned_N0_trees/2.nwk, indelible_output/10/concatenated/2.fasta, indelible_dicts/10/leaves_2.p, indelible_dicts/10/gaps_2.p
    output: indelible_summaries/10/2.csv
    jobid: 54
    wildcards: taxon=10, rep=2

[Mon Mar  1 13:27:00 2021]
Finished job 54.
11 of 55 steps (20%) done
Select jobs to execute...

[Mon Mar  1 13:27:00 2021]
rule run_fastml:
    input: indelible_output/10/cleaned_aln/2.fasta, indelible_output/10/cleaned_no_internal_trees/2.nwk
    output: fastml_results/10/2/seq.marginal_Chars_ParsimonyIndels.txt, fastml_results/10/2/seq.marginal_IndelAndChars.txt, fastml_results/10/2/tree.newick.txt, fastml_results/10/2
    jobid: 46
    wildcards: taxon=10, rep=2

[Mon Mar  1 13:27:02 2021]
Finished job 46.
12 of 55 steps (22%) done
Select jobs to execute...

[Mon Mar  1 13:27:02 2021]
rule clean_fastml_ml:
    input: fastml_results/10/2/seq.marginal_IndelAndChars.txt, fastml_results/10/2/tree.newick.txt
    output: fastml_results_ml/10/concatenated/2/FastML_ancestors.fasta, fastml_results_ml/10/cleaned_trees/2/tree.nwk, fastml_results_ml/10/cleaned_N0_trees/2/tree.nwk
    jobid: 51
    wildcards: taxon=10, rep=2

[Mon Mar  1 13:27:03 2021]
Finished job 51.
13 of 55 steps (24%) done
Select jobs to execute...

[Mon Mar  1 13:27:03 2021]
rule summarise_fastml_ml_indels:
    input: fastml_results_ml/10/concatenated/2/FastML_ancestors.fasta, fastml_results_ml/10/cleaned_N0_trees/2/tree.nwk, indelible_output/10/cleaned_N0_trees/2.nwk, indelible_output/10/concatenated/2.fasta, indelible_dicts/10/leaves_2.p, indelible_dicts/10/gaps_2.p
    output: fastml_ml_summaries/10/fastml/2.csv
    jobid: 50
    wildcards: taxon=10, rep=2

[Mon Mar  1 13:27:04 2021]
Finished job 50.
14 of 55 steps (25%) done
Select jobs to execute...

[Mon Mar  1 13:27:04 2021]
rule clean_fastml_parsimony:
    input: fastml_results/10/2/seq.marginal_Chars_ParsimonyIndels.txt, fastml_results/10/2/tree.newick.txt
    output: fastml_results_parsimony/10/concatenated/2/FastML_ancestors.fasta, fastml_results_parsimony/10/cleaned_trees/2/tree.nwk, fastml_results_parsimony/10/cleaned_N0_trees/2/tree.nwk
    jobid: 45
    wildcards: taxon=10, rep=2

[Mon Mar  1 13:27:05 2021]
Finished job 45.
15 of 55 steps (27%) done
Select jobs to execute...

[Mon Mar  1 13:27:05 2021]
rule run_grasp:
    input: indelible_output/10/cleaned_aln/2.fasta, indelible_output/10/cleaned_N0_trees/2.nwk
    output: grasp_results/10/PSP/2, grasp_results/10/PSP/2/GRASP_ancestors.fasta, grasp_results/10/PSP/2/GRASP_ancestors.nwk
    jobid: 38
    wildcards: taxon=10, method=PSP, rep=2

[Mon Mar  1 13:27:06 2021]
Finished job 38.
16 of 55 steps (29%) done
Select jobs to execute...

[Mon Mar  1 13:27:06 2021]
rule concat_fasta:
    input: indelible_output/10/cleaned_aln/2.fasta, grasp_results/10/PSP/2/GRASP_ancestors.fasta
    output: grasp_results/concatenated/10/PSP/2/GRASP_ancestors.fasta
    jobid: 39
    wildcards: taxon=10, method=PSP, rep=2

[Mon Mar  1 13:27:06 2021]
Finished job 39.
17 of 55 steps (31%) done
Select jobs to execute...

[Mon Mar  1 13:27:06 2021]
rule summarise_indels:
    input: grasp_results/10/PSP/2/GRASP_ancestors.nwk, grasp_results/concatenated/10/PSP/2/GRASP_ancestors.fasta, indelible_output/10/cleaned_N0_trees/2.nwk, indelible_output/10/concatenated/2.fasta, indelible_dicts/10/leaves_2.p, indelible_dicts/10/gaps_2.p
    output: summaries/10/PSP/2.csv
    jobid: 37
    wildcards: taxon=10, method=PSP, rep=2

[Mon Mar  1 13:27:07 2021]
Finished job 37.
18 of 55 steps (33%) done
Select jobs to execute...

[Mon Mar  1 13:27:07 2021]
rule summarise_fastml_parsimony_indels:
    input: fastml_results_parsimony/10/concatenated/2/FastML_ancestors.fasta, fastml_results_parsimony/10/cleaned_N0_trees/2/tree.nwk, indelible_output/10/cleaned_N0_trees/2.nwk, indelible_output/10/concatenated/2.fasta, indelible_dicts/10/leaves_2.p, indelible_dicts/10/gaps_2.p
    output: fastml_parsimony_summaries/10/fastml/2.csv
    jobid: 44
    wildcards: taxon=10, rep=2

[Mon Mar  1 13:27:08 2021]
Finished job 44.
19 of 55 steps (35%) done
Select jobs to execute...

[Mon Mar  1 13:27:08 2021]
rule concat_indelible:
    input: indelible_output/10/10_TRUE_1.fasta, indelible_output/10/10_ANCESTRAL_1.fasta
    output: indelible_output/10/concatenated/10_1.fasta
    jobid: 9
    wildcards: taxon=10, rep=1

[Mon Mar  1 13:27:08 2021]
Finished job 9.
20 of 55 steps (36%) done
Select jobs to execute...

[Mon Mar  1 13:27:08 2021]
rule clean_indelible:
    input: indelible_output/10/N0_trees/1.nwk, indelible_output/10/concatenated/10_1.fasta
    output: indelible_output/10/cleaned_aln/1.fasta, indelible_output/10/concatenated/1.fasta, indelible_output/10/cleaned_trees/1.nwk, indelible_output/10/cleaned_N0_trees/1.nwk, indelible_output/10/cleaned_no_internal_trees/1.nwk
    jobid: 6
    wildcards: taxon=10, rep=1

[Mon Mar  1 13:27:09 2021]
Finished job 6.
21 of 55 steps (38%) done
Select jobs to execute...

[Mon Mar  1 13:27:09 2021]
rule run_fastml:
    input: indelible_output/10/cleaned_aln/1.fasta, indelible_output/10/cleaned_no_internal_trees/1.nwk
    output: fastml_results/10/1/seq.marginal_Chars_ParsimonyIndels.txt, fastml_results/10/1/seq.marginal_IndelAndChars.txt, fastml_results/10/1/tree.newick.txt, fastml_results/10/1
    jobid: 43
    wildcards: taxon=10, rep=1

[Mon Mar  1 13:27:11 2021]
Finished job 43.
22 of 55 steps (40%) done
Select jobs to execute...

[Mon Mar  1 13:27:11 2021]
rule run_grasp:
    input: indelible_output/10/cleaned_aln/1.fasta, indelible_output/10/cleaned_N0_trees/1.nwk
    output: grasp_results/10/SICP/1, grasp_results/10/SICP/1/GRASP_ancestors.fasta, grasp_results/10/SICP/1/GRASP_ancestors.nwk
    jobid: 28
    wildcards: taxon=10, method=SICP, rep=1

[Mon Mar  1 13:27:11 2021]
Finished job 28.
23 of 55 steps (42%) done
Select jobs to execute...

[Mon Mar  1 13:27:11 2021]
rule clean_fastml_ml:
    input: fastml_results/10/1/seq.marginal_IndelAndChars.txt, fastml_results/10/1/tree.newick.txt
    output: fastml_results_ml/10/concatenated/1/FastML_ancestors.fasta, fastml_results_ml/10/cleaned_trees/1/tree.nwk, fastml_results_ml/10/cleaned_N0_trees/1/tree.nwk
    jobid: 49
    wildcards: taxon=10, rep=1

[Mon Mar  1 13:27:12 2021]
Finished job 49.
24 of 55 steps (44%) done
Select jobs to execute...

[Mon Mar  1 13:27:12 2021]
rule run_grasp:
    input: indelible_output/10/cleaned_aln/1.fasta, indelible_output/10/cleaned_N0_trees/1.nwk
    output: grasp_results/10/PSP/1, grasp_results/10/PSP/1/GRASP_ancestors.fasta, grasp_results/10/PSP/1/GRASP_ancestors.nwk
    jobid: 35
    wildcards: taxon=10, method=PSP, rep=1

[Mon Mar  1 13:27:13 2021]
Finished job 35.
25 of 55 steps (45%) done
Select jobs to execute...

[Mon Mar  1 13:27:13 2021]
rule get_indelible_dict:
    input: indelible_output/10/concatenated/1.fasta, indelible_output/10/cleaned_N0_trees/1.nwk
    output: indelible_dicts/10/leaves_1.p, indelible_dicts/10/gaps_1.p
    jobid: 11
    wildcards: taxon=10, rep=1

[Mon Mar  1 13:27:14 2021]
Finished job 11.
26 of 55 steps (47%) done
Select jobs to execute...

[Mon Mar  1 13:27:14 2021]
rule summarise_fastml_ml_indels:
    input: fastml_results_ml/10/concatenated/1/FastML_ancestors.fasta, fastml_results_ml/10/cleaned_N0_trees/1/tree.nwk, indelible_output/10/cleaned_N0_trees/1.nwk, indelible_output/10/concatenated/1.fasta, indelible_dicts/10/leaves_1.p, indelible_dicts/10/gaps_1.p
    output: fastml_ml_summaries/10/fastml/1.csv
    jobid: 48
    wildcards: taxon=10, rep=1

[Mon Mar  1 13:27:15 2021]
Finished job 48.
27 of 55 steps (49%) done
Select jobs to execute...

[Mon Mar  1 13:27:15 2021]
rule concat_fastml__ml_summaries:
    input: fastml_ml_summaries/10/fastml/1.csv, fastml_ml_summaries/10/fastml/2.csv
    output: concatenated_fastml_ml_summaries/10.csv
    jobid: 47
    wildcards: taxon=10

[Mon Mar  1 13:27:15 2021]
Finished job 47.
28 of 55 steps (51%) done
Select jobs to execute...

[Mon Mar  1 13:27:15 2021]
rule run_grasp:
    input: indelible_output/10/cleaned_aln/1.fasta, indelible_output/10/cleaned_N0_trees/1.nwk
    output: grasp_results/10/BEP/1, grasp_results/10/BEP/1/GRASP_ancestors.fasta, grasp_results/10/BEP/1/GRASP_ancestors.nwk
    jobid: 21
    wildcards: taxon=10, method=BEP, rep=1

[Mon Mar  1 13:27:15 2021]
Finished job 21.
29 of 55 steps (53%) done
Select jobs to execute...

[Mon Mar  1 13:27:15 2021]
rule summarise_indelible:
    input: indelible_output/10/cleaned_N0_trees/1.nwk, indelible_output/10/concatenated/1.fasta, indelible_output/10/cleaned_N0_trees/1.nwk, indelible_output/10/concatenated/1.fasta, indelible_dicts/10/leaves_1.p, indelible_dicts/10/gaps_1.p
    output: indelible_summaries/10/1.csv
    jobid: 53
    wildcards: taxon=10, rep=1

[Mon Mar  1 13:27:16 2021]
Finished job 53.
30 of 55 steps (55%) done
Select jobs to execute...

[Mon Mar  1 13:27:16 2021]
rule concat_fasta:
    input: indelible_output/10/cleaned_aln/1.fasta, grasp_results/10/BEP/1/GRASP_ancestors.fasta
    output: grasp_results/concatenated/10/BEP/1/GRASP_ancestors.fasta
    jobid: 22
    wildcards: taxon=10, method=BEP, rep=1

[Mon Mar  1 13:27:16 2021]
Finished job 22.
31 of 55 steps (56%) done
Select jobs to execute...

[Mon Mar  1 13:27:16 2021]
rule concat_fasta:
    input: indelible_output/10/cleaned_aln/1.fasta, grasp_results/10/PSP/1/GRASP_ancestors.fasta
    output: grasp_results/concatenated/10/PSP/1/GRASP_ancestors.fasta
    jobid: 36
    wildcards: taxon=10, method=PSP, rep=1

[Mon Mar  1 13:27:16 2021]
Finished job 36.
32 of 55 steps (58%) done
Select jobs to execute...

[Mon Mar  1 13:27:16 2021]
rule clean_fastml_parsimony:
    input: fastml_results/10/1/seq.marginal_Chars_ParsimonyIndels.txt, fastml_results/10/1/tree.newick.txt
    output: fastml_results_parsimony/10/concatenated/1/FastML_ancestors.fasta, fastml_results_parsimony/10/cleaned_trees/1/tree.nwk, fastml_results_parsimony/10/cleaned_N0_trees/1/tree.nwk
    jobid: 42
    wildcards: taxon=10, rep=1

[Mon Mar  1 13:27:17 2021]
Finished job 42.
33 of 55 steps (60%) done
Select jobs to execute...

[Mon Mar  1 13:27:17 2021]
rule summarise_fastml_parsimony_indels:
    input: fastml_results_parsimony/10/concatenated/1/FastML_ancestors.fasta, fastml_results_parsimony/10/cleaned_N0_trees/1/tree.nwk, indelible_output/10/cleaned_N0_trees/1.nwk, indelible_output/10/concatenated/1.fasta, indelible_dicts/10/leaves_1.p, indelible_dicts/10/gaps_1.p
    output: fastml_parsimony_summaries/10/fastml/1.csv
    jobid: 41
    wildcards: taxon=10, rep=1

[Mon Mar  1 13:27:18 2021]
Finished job 41.
34 of 55 steps (62%) done
Select jobs to execute...

[Mon Mar  1 13:27:18 2021]
rule concat_fasta:
    input: indelible_output/10/cleaned_aln/2.fasta, grasp_results/10/BEP/2/GRASP_ancestors.fasta
    output: grasp_results/concatenated/10/BEP/2/GRASP_ancestors.fasta
    jobid: 25
    wildcards: taxon=10, method=BEP, rep=2

[Mon Mar  1 13:27:18 2021]
Finished job 25.
35 of 55 steps (64%) done
Select jobs to execute...

[Mon Mar  1 13:27:18 2021]
rule summarise_indels:
    input: grasp_results/10/BEP/2/GRASP_ancestors.nwk, grasp_results/concatenated/10/BEP/2/GRASP_ancestors.fasta, indelible_output/10/cleaned_N0_trees/2.nwk, indelible_output/10/concatenated/2.fasta, indelible_dicts/10/leaves_2.p, indelible_dicts/10/gaps_2.p
    output: summaries/10/BEP/2.csv
    jobid: 23
    wildcards: taxon=10, method=BEP, rep=2

[Mon Mar  1 13:27:19 2021]
Finished job 23.
36 of 55 steps (65%) done
Select jobs to execute...

[Mon Mar  1 13:27:19 2021]
rule concat_fastml_summaries:
    input: fastml_parsimony_summaries/10/fastml/1.csv, fastml_parsimony_summaries/10/fastml/2.csv
    output: concatenated_fastml_parsimony_summaries/10.csv
    jobid: 40
    wildcards: taxon=10

[Mon Mar  1 13:27:19 2021]
Finished job 40.
37 of 55 steps (67%) done
Select jobs to execute...

[Mon Mar  1 13:27:19 2021]
rule summarise_indels:
    input: grasp_results/10/PSP/1/GRASP_ancestors.nwk, grasp_results/concatenated/10/PSP/1/GRASP_ancestors.fasta, indelible_output/10/cleaned_N0_trees/1.nwk, indelible_output/10/concatenated/1.fasta, indelible_dicts/10/leaves_1.p, indelible_dicts/10/gaps_1.p
    output: summaries/10/PSP/1.csv
    jobid: 34
    wildcards: taxon=10, method=PSP, rep=1

[Mon Mar  1 13:27:20 2021]
Finished job 34.
38 of 55 steps (69%) done
Select jobs to execute...

[Mon Mar  1 13:27:20 2021]
rule concat_summaries:
    input: summaries/10/PSP/1.csv, summaries/10/PSP/2.csv
    output: concatenated_summaries/10_PSP.csv
    jobid: 33
    wildcards: taxon=10, method=PSP

[Mon Mar  1 13:27:20 2021]
Finished job 33.
39 of 55 steps (71%) done
Select jobs to execute...

[Mon Mar  1 13:27:20 2021]
rule concat_fasta:
    input: indelible_output/10/cleaned_aln/1.fasta, grasp_results/10/SICP/1/GRASP_ancestors.fasta
    output: grasp_results/concatenated/10/SICP/1/GRASP_ancestors.fasta
    jobid: 29
    wildcards: taxon=10, method=SICP, rep=1

[Mon Mar  1 13:27:20 2021]
Finished job 29.
40 of 55 steps (73%) done
Select jobs to execute...

[Mon Mar  1 13:27:20 2021]
rule summarise_indels:
    input: grasp_results/10/BEP/1/GRASP_ancestors.nwk, grasp_results/concatenated/10/BEP/1/GRASP_ancestors.fasta, indelible_output/10/cleaned_N0_trees/1.nwk, indelible_output/10/concatenated/1.fasta, indelible_dicts/10/leaves_1.p, indelible_dicts/10/gaps_1.p
    output: summaries/10/BEP/1.csv
    jobid: 20
    wildcards: taxon=10, method=BEP, rep=1

[Mon Mar  1 13:27:21 2021]
Finished job 20.
41 of 55 steps (75%) done
Select jobs to execute...

[Mon Mar  1 13:27:21 2021]
rule concat_summaries:
    input: summaries/10/BEP/1.csv, summaries/10/BEP/2.csv
    output: concatenated_summaries/10_BEP.csv
    jobid: 19
    wildcards: taxon=10, method=BEP

[Mon Mar  1 13:27:21 2021]
Finished job 19.
42 of 55 steps (76%) done
Select jobs to execute...

[Mon Mar  1 13:27:21 2021]
rule run_grasp:
    input: indelible_output/10/cleaned_aln/2.fasta, indelible_output/10/cleaned_N0_trees/2.nwk
    output: grasp_results/10/SICP/2, grasp_results/10/SICP/2/GRASP_ancestors.fasta, grasp_results/10/SICP/2/GRASP_ancestors.nwk
    jobid: 31
    wildcards: taxon=10, method=SICP, rep=2

[Mon Mar  1 13:27:21 2021]
Finished job 31.
43 of 55 steps (78%) done
Select jobs to execute...

[Mon Mar  1 13:27:21 2021]
rule concat_fasta:
    input: indelible_output/10/cleaned_aln/2.fasta, grasp_results/10/SICP/2/GRASP_ancestors.fasta
    output: grasp_results/concatenated/10/SICP/2/GRASP_ancestors.fasta
    jobid: 32
    wildcards: taxon=10, method=SICP, rep=2

[Mon Mar  1 13:27:21 2021]
Finished job 32.
44 of 55 steps (80%) done
Select jobs to execute...

[Mon Mar  1 13:27:22 2021]
rule run_grasp:
    input: indelible_output/10/cleaned_aln/1.fasta, indelible_output/10/cleaned_N0_trees/1.nwk
    output: grasp_results/10/SICML/1, grasp_results/10/SICML/1/GRASP_ancestors.fasta, grasp_results/10/SICML/1/GRASP_ancestors.nwk
    jobid: 5
    wildcards: taxon=10, method=SICML, rep=1

[Mon Mar  1 13:27:22 2021]
Finished job 5.
45 of 55 steps (82%) done
Select jobs to execute...

[Mon Mar  1 13:27:22 2021]
rule concat_indelible_summaries:
    input: indelible_summaries/10/1.csv, indelible_summaries/10/2.csv
    output: concatenated_indelible_summaries/10.csv
    jobid: 52
    wildcards: taxon=10

[Mon Mar  1 13:27:22 2021]
Finished job 52.
46 of 55 steps (84%) done
Select jobs to execute...

[Mon Mar  1 13:27:22 2021]
rule summarise_indels:
    input: grasp_results/10/SICP/1/GRASP_ancestors.nwk, grasp_results/concatenated/10/SICP/1/GRASP_ancestors.fasta, indelible_output/10/cleaned_N0_trees/1.nwk, indelible_output/10/concatenated/1.fasta, indelible_dicts/10/leaves_1.p, indelible_dicts/10/gaps_1.p
    output: summaries/10/SICP/1.csv
    jobid: 27
    wildcards: taxon=10, method=SICP, rep=1

[Mon Mar  1 13:27:23 2021]
Finished job 27.
47 of 55 steps (85%) done
Select jobs to execute...

[Mon Mar  1 13:27:23 2021]
rule concat_fasta:
    input: indelible_output/10/cleaned_aln/1.fasta, grasp_results/10/SICML/1/GRASP_ancestors.fasta
    output: grasp_results/concatenated/10/SICML/1/GRASP_ancestors.fasta
    jobid: 10
    wildcards: taxon=10, method=SICML, rep=1

[Mon Mar  1 13:27:23 2021]
Finished job 10.
48 of 55 steps (87%) done
Select jobs to execute...

[Mon Mar  1 13:27:23 2021]
rule summarise_indels:
    input: grasp_results/10/SICML/1/GRASP_ancestors.nwk, grasp_results/concatenated/10/SICML/1/GRASP_ancestors.fasta, indelible_output/10/cleaned_N0_trees/1.nwk, indelible_output/10/concatenated/1.fasta, indelible_dicts/10/leaves_1.p, indelible_dicts/10/gaps_1.p
    output: summaries/10/SICML/1.csv
    jobid: 4
    wildcards: taxon=10, method=SICML, rep=1

[Mon Mar  1 13:27:24 2021]
Finished job 4.
49 of 55 steps (89%) done
Select jobs to execute...

[Mon Mar  1 13:27:24 2021]
rule concat_summaries:
    input: summaries/10/SICML/1.csv, summaries/10/SICML/2.csv
    output: concatenated_summaries/10_SICML.csv
    jobid: 3
    wildcards: taxon=10, method=SICML

[Mon Mar  1 13:27:24 2021]
Finished job 3.
50 of 55 steps (91%) done
Select jobs to execute...

[Mon Mar  1 13:27:24 2021]
rule summarise_indels:
    input: grasp_results/10/SICP/2/GRASP_ancestors.nwk, grasp_results/concatenated/10/SICP/2/GRASP_ancestors.fasta, indelible_output/10/cleaned_N0_trees/2.nwk, indelible_output/10/concatenated/2.fasta, indelible_dicts/10/leaves_2.p, indelible_dicts/10/gaps_2.p
    output: summaries/10/SICP/2.csv
    jobid: 30
    wildcards: taxon=10, method=SICP, rep=2

[Mon Mar  1 13:27:25 2021]
Finished job 30.
51 of 55 steps (93%) done
Select jobs to execute...

[Mon Mar  1 13:27:25 2021]
rule concat_summaries:
    input: summaries/10/SICP/1.csv, summaries/10/SICP/2.csv
    output: concatenated_summaries/10_SICP.csv
    jobid: 26
    wildcards: taxon=10, method=SICP

[Mon Mar  1 13:27:25 2021]
Finished job 26.
52 of 55 steps (95%) done
Select jobs to execute...

[Mon Mar  1 13:27:25 2021]
rule generate_output_dict:
    input: concatenated_summaries/10_SICML.csv, concatenated_summaries/10_BEP.csv, concatenated_summaries/10_SICP.csv, concatenated_summaries/10_PSP.csv, concatenated_fastml_parsimony_summaries/10.csv, concatenated_fastml_ml_summaries/10.csv, concatenated_indelible_summaries/10.csv
    output: output_dicts/output.p
    jobid: 2

[Mon Mar  1 13:27:29 2021]
Finished job 2.
53 of 55 steps (96%) done
Select jobs to execute...

[Mon Mar  1 13:27:29 2021]
rule generate_latex:
    input: output_dicts/output.p
    output: plots/plot.tex
    jobid: 1

[Mon Mar  1 13:27:29 2021]
Finished job 1.
54 of 55 steps (98%) done
Select jobs to execute...

[Mon Mar  1 13:27:29 2021]
rule compile_latex:
    input: plots/plot.tex
    output: plots/plot.pdf
    jobid: 0

[Mon Mar  1 13:27:31 2021]
Finished job 0.
55 of 55 steps (100%) done
Complete log: /Users/gabefoley/Dropbox/PhD/20210121_Indel_Evaluation_Project/Indel_Evaluation_Snakemake/.snakemake/log/2021-03-01T132653.278429.snakemake.log
