Building DAG of jobs...
Using shell: /bin/bash
Provided cores: 1 (use --cores to define parallelism)
Rules claiming more threads will be scaled down.
Job counts:
	count	jobs
	6	clean_fastml_ml
	6	clean_fastml_parsimony
	6	clean_indelible
	1	compile_latex
	36	concat_fasta
	3	concat_fastml__ml_summaries
	3	concat_fastml_summaries
	6	concat_indelible
	3	concat_indelible_summaries
	18	concat_summaries
	3	create_control_files
	1	generate_latex
	1	generate_output_dict
	6	get_indelible_dict
	6	run_fastml
	36	run_grasp
	6	run_indelible
	6	summarise_fastml_ml_indels
	6	summarise_fastml_parsimony_indels
	6	summarise_indelible
	36	summarise_indels
	201
Select jobs to execute...

[Tue Mar  2 12:59:50 2021]
rule create_control_files:
    output: indelible/5_control.txt
    jobid: 8
    wildcards: taxon=5

[Tue Mar  2 12:59:51 2021]
Finished job 8.
1 of 201 steps (0.50%) done
Select jobs to execute...

[Tue Mar  2 12:59:51 2021]
rule run_indelible:
    input: indelible/5_control.txt
    output: indelible_output/5/trees/1.nwk, indelible_output/5/5_TRUE_1.fasta, indelible_output/5/5_ANCESTRAL_1.fasta, indelible_output/5/N0_trees/1.nwk
    jobid: 7
    wildcards: taxon=5, rep=1

[Tue Mar  2 12:59:52 2021]
Finished job 7.
2 of 201 steps (1.00%) done
Select jobs to execute...

[Tue Mar  2 12:59:52 2021]
rule concat_indelible:
    input: indelible_output/5/5_TRUE_1.fasta, indelible_output/5/5_ANCESTRAL_1.fasta
    output: indelible_output/5/concatenated/5_1.fasta
    jobid: 9
    wildcards: taxon=5, rep=1

[Tue Mar  2 12:59:52 2021]
Finished job 9.
3 of 201 steps (1%) done
Select jobs to execute...

[Tue Mar  2 12:59:52 2021]
rule clean_indelible:
    input: indelible_output/5/N0_trees/1.nwk, indelible_output/5/concatenated/5_1.fasta
    output: indelible_output/5/cleaned_aln/1.fasta, indelible_output/5/concatenated/1.fasta, indelible_output/5/cleaned_trees/1.nwk, indelible_output/5/cleaned_N0_trees/1.nwk, indelible_output/5/cleaned_no_internal_trees/1.nwk
    jobid: 6
    wildcards: taxon=5, rep=1

[Tue Mar  2 12:59:53 2021]
Finished job 6.
4 of 201 steps (2%) done
Select jobs to execute...

[Tue Mar  2 12:59:53 2021]
rule create_control_files:
    output: indelible/15_control.txt
    jobid: 110
    wildcards: taxon=15

[Tue Mar  2 12:59:54 2021]
Finished job 110.
5 of 201 steps (2%) done
Select jobs to execute...

[Tue Mar  2 12:59:54 2021]
rule run_indelible:
    input: indelible/5_control.txt
    output: indelible_output/5/trees/2.nwk, indelible_output/5/5_TRUE_2.fasta, indelible_output/5/5_ANCESTRAL_2.fasta, indelible_output/5/N0_trees/2.nwk
    jobid: 15
    wildcards: taxon=5, rep=2

Warning: the following output files of rule run_indelible were not present when the DAG was created:
{'indelible_output/5/5_ANCESTRAL_2.fasta', 'indelible_output/5/N0_trees/2.nwk', 'indelible_output/5/5_TRUE_2.fasta'}
[Tue Mar  2 12:59:55 2021]
Finished job 15.
6 of 201 steps (3%) done
Select jobs to execute...

[Tue Mar  2 12:59:55 2021]
rule concat_indelible:
    input: indelible_output/5/5_TRUE_2.fasta, indelible_output/5/5_ANCESTRAL_2.fasta
    output: indelible_output/5/concatenated/5_2.fasta
    jobid: 16
    wildcards: taxon=5, rep=2

[Tue Mar  2 12:59:55 2021]
Finished job 16.
7 of 201 steps (3%) done
Select jobs to execute...

[Tue Mar  2 12:59:55 2021]
rule run_grasp:
    input: indelible_output/5/cleaned_aln/1.fasta, indelible_output/5/cleaned_N0_trees/1.nwk
    output: grasp_results/5/PSML/1, grasp_results/5/PSML/1/GRASP_ancestors.fasta, grasp_results/5/PSML/1/GRASP_ancestors.nwk
    jobid: 49
    wildcards: taxon=5, method=PSML, rep=1

[Tue Mar  2 12:59:56 2021]
Finished job 49.
8 of 201 steps (4%) done
Select jobs to execute...

[Tue Mar  2 12:59:56 2021]
rule run_grasp:
    input: indelible_output/5/cleaned_aln/1.fasta, indelible_output/5/cleaned_N0_trees/1.nwk
    output: grasp_results/5/BEML/1, grasp_results/5/BEML/1/GRASP_ancestors.fasta, grasp_results/5/BEML/1/GRASP_ancestors.nwk
    jobid: 42
    wildcards: taxon=5, method=BEML, rep=1

[Tue Mar  2 12:59:56 2021]
Finished job 42.
9 of 201 steps (4%) done
Select jobs to execute...

[Tue Mar  2 12:59:56 2021]
rule run_indelible:
    input: indelible/15_control.txt
    output: indelible_output/15/trees/2.nwk, indelible_output/15/15_TRUE_2.fasta, indelible_output/15/15_ANCESTRAL_2.fasta, indelible_output/15/N0_trees/2.nwk
    jobid: 117
    wildcards: taxon=15, rep=2

[Tue Mar  2 12:59:57 2021]
Finished job 117.
10 of 201 steps (5%) done
Select jobs to execute...

[Tue Mar  2 12:59:58 2021]
rule concat_indelible:
    input: indelible_output/15/15_TRUE_2.fasta, indelible_output/15/15_ANCESTRAL_2.fasta
    output: indelible_output/15/concatenated/15_2.fasta
    jobid: 118
    wildcards: taxon=15, rep=2

[Tue Mar  2 12:59:58 2021]
Finished job 118.
11 of 201 steps (5%) done
Select jobs to execute...

[Tue Mar  2 12:59:58 2021]
rule clean_indelible:
    input: indelible_output/15/N0_trees/2.nwk, indelible_output/15/concatenated/15_2.fasta
    output: indelible_output/15/cleaned_aln/2.fasta, indelible_output/15/concatenated/2.fasta, indelible_output/15/cleaned_trees/2.nwk, indelible_output/15/cleaned_N0_trees/2.nwk, indelible_output/15/cleaned_no_internal_trees/2.nwk
    jobid: 116
    wildcards: taxon=15, rep=2

[Tue Mar  2 12:59:59 2021]
Finished job 116.
12 of 201 steps (6%) done
Select jobs to execute...

[Tue Mar  2 12:59:59 2021]
rule run_grasp:
    input: indelible_output/15/cleaned_aln/2.fasta, indelible_output/15/cleaned_N0_trees/2.nwk
    output: grasp_results/15/SICML/2, grasp_results/15/SICML/2/GRASP_ancestors.fasta, grasp_results/15/SICML/2/GRASP_ancestors.nwk
    jobid: 115
    wildcards: taxon=15, method=SICML, rep=2

[Tue Mar  2 13:00:00 2021]
Finished job 115.
13 of 201 steps (6%) done
Select jobs to execute...

[Tue Mar  2 13:00:00 2021]
rule run_grasp:
    input: indelible_output/15/cleaned_aln/2.fasta, indelible_output/15/cleaned_N0_trees/2.nwk
    output: grasp_results/15/PSP/2, grasp_results/15/PSP/2/GRASP_ancestors.fasta, grasp_results/15/PSP/2/GRASP_ancestors.nwk
    jobid: 140
    wildcards: taxon=15, method=PSP, rep=2

[Tue Mar  2 13:00:01 2021]
Finished job 140.
14 of 201 steps (7%) done
Select jobs to execute...

[Tue Mar  2 13:00:01 2021]
rule run_fastml:
    input: indelible_output/5/cleaned_aln/1.fasta, indelible_output/5/cleaned_no_internal_trees/1.nwk
    output: fastml_results/5/1/seq.marginal_Chars_ParsimonyIndels.txt, fastml_results/5/1/seq.marginal_IndelAndChars.txt, fastml_results/5/1/tree.newick.txt, fastml_results/5/1
    jobid: 159
    wildcards: taxon=5, rep=1

[Tue Mar  2 13:00:03 2021]
Finished job 159.
15 of 201 steps (7%) done
Select jobs to execute...

[Tue Mar  2 13:00:03 2021]
rule clean_indelible:
    input: indelible_output/5/N0_trees/2.nwk, indelible_output/5/concatenated/5_2.fasta
    output: indelible_output/5/cleaned_aln/2.fasta, indelible_output/5/concatenated/2.fasta, indelible_output/5/cleaned_trees/2.nwk, indelible_output/5/cleaned_N0_trees/2.nwk, indelible_output/5/cleaned_no_internal_trees/2.nwk
    jobid: 14
    wildcards: taxon=5, rep=2

[Tue Mar  2 13:00:05 2021]
Finished job 14.
16 of 201 steps (8%) done
Select jobs to execute...

[Tue Mar  2 13:00:05 2021]
rule get_indelible_dict:
    input: indelible_output/5/concatenated/2.fasta, indelible_output/5/cleaned_N0_trees/2.nwk
    output: indelible_dicts/5/leaves_2.p, indelible_dicts/5/gaps_2.p
    jobid: 18
    wildcards: taxon=5, rep=2

[Tue Mar  2 13:00:06 2021]
Finished job 18.
17 of 201 steps (8%) done
Select jobs to execute...

[Tue Mar  2 13:00:06 2021]
rule summarise_indelible:
    input: indelible_output/5/cleaned_N0_trees/2.nwk, indelible_output/5/concatenated/2.fasta, indelible_output/5/cleaned_N0_trees/2.nwk, indelible_output/5/concatenated/2.fasta, indelible_dicts/5/leaves_2.p, indelible_dicts/5/gaps_2.p
    output: indelible_summaries/5/2.csv
    jobid: 194
    wildcards: taxon=5, rep=2

[Tue Mar  2 13:00:07 2021]
Finished job 194.
18 of 201 steps (9%) done
Select jobs to execute...

[Tue Mar  2 13:00:07 2021]
rule run_grasp:
    input: indelible_output/15/cleaned_aln/2.fasta, indelible_output/15/cleaned_N0_trees/2.nwk
    output: grasp_results/15/SICP/2, grasp_results/15/SICP/2/GRASP_ancestors.fasta, grasp_results/15/SICP/2/GRASP_ancestors.nwk
    jobid: 133
    wildcards: taxon=15, method=SICP, rep=2

[Tue Mar  2 13:00:08 2021]
Finished job 133.
19 of 201 steps (9%) done
Select jobs to execute...

[Tue Mar  2 13:00:08 2021]
rule create_control_files:
    output: indelible/10_control.txt
    jobid: 59
    wildcards: taxon=10

[Tue Mar  2 13:00:08 2021]
Finished job 59.
20 of 201 steps (10%) done
Select jobs to execute...

[Tue Mar  2 13:00:09 2021]
rule clean_fastml_ml:
    input: fastml_results/5/1/seq.marginal_IndelAndChars.txt, fastml_results/5/1/tree.newick.txt
    output: fastml_results_ml/5/concatenated/1/FastML_ancestors.fasta, fastml_results_ml/5/cleaned_trees/1/tree.nwk, fastml_results_ml/5/cleaned_N0_trees/1/tree.nwk
    jobid: 179
    wildcards: taxon=5, rep=1

[Tue Mar  2 13:00:10 2021]
Finished job 179.
21 of 201 steps (10%) done
Select jobs to execute...

[Tue Mar  2 13:00:10 2021]
rule run_grasp:
    input: indelible_output/5/cleaned_aln/2.fasta, indelible_output/5/cleaned_N0_trees/2.nwk
    output: grasp_results/5/SICP/2, grasp_results/5/SICP/2/GRASP_ancestors.fasta, grasp_results/5/SICP/2/GRASP_ancestors.nwk
    jobid: 31
    wildcards: taxon=5, method=SICP, rep=2

[Tue Mar  2 13:00:10 2021]
Finished job 31.
22 of 201 steps (11%) done
Select jobs to execute...

[Tue Mar  2 13:00:10 2021]
rule run_indelible:
    input: indelible/10_control.txt
    output: indelible_output/10/trees/2.nwk, indelible_output/10/10_TRUE_2.fasta, indelible_output/10/10_ANCESTRAL_2.fasta, indelible_output/10/N0_trees/2.nwk
    jobid: 66
    wildcards: taxon=10, rep=2

[Tue Mar  2 13:00:11 2021]
Finished job 66.
23 of 201 steps (11%) done
Select jobs to execute...

[Tue Mar  2 13:00:12 2021]
rule concat_fasta:
    input: indelible_output/5/cleaned_aln/1.fasta, grasp_results/5/BEML/1/GRASP_ancestors.fasta
    output: grasp_results/concatenated/5/BEML/1/GRASP_ancestors.fasta
    jobid: 43
    wildcards: taxon=5, method=BEML, rep=1

[Tue Mar  2 13:00:12 2021]
Finished job 43.
24 of 201 steps (12%) done
Select jobs to execute...

[Tue Mar  2 13:00:12 2021]
rule run_grasp:
    input: indelible_output/5/cleaned_aln/2.fasta, indelible_output/5/cleaned_N0_trees/2.nwk
    output: grasp_results/5/PSP/2, grasp_results/5/PSP/2/GRASP_ancestors.fasta, grasp_results/5/PSP/2/GRASP_ancestors.nwk
    jobid: 38
    wildcards: taxon=5, method=PSP, rep=2

[Tue Mar  2 13:00:12 2021]
Finished job 38.
25 of 201 steps (12%) done
Select jobs to execute...

[Tue Mar  2 13:00:12 2021]
rule concat_fasta:
    input: indelible_output/15/cleaned_aln/2.fasta, grasp_results/15/SICP/2/GRASP_ancestors.fasta
    output: grasp_results/concatenated/15/SICP/2/GRASP_ancestors.fasta
    jobid: 134
    wildcards: taxon=15, method=SICP, rep=2

[Tue Mar  2 13:00:12 2021]
Finished job 134.
26 of 201 steps (13%) done
Select jobs to execute...

[Tue Mar  2 13:00:12 2021]
rule concat_fasta:
    input: indelible_output/5/cleaned_aln/2.fasta, grasp_results/5/SICP/2/GRASP_ancestors.fasta
    output: grasp_results/concatenated/5/SICP/2/GRASP_ancestors.fasta
    jobid: 32
    wildcards: taxon=5, method=SICP, rep=2

[Tue Mar  2 13:00:12 2021]
Finished job 32.
27 of 201 steps (13%) done
Select jobs to execute...

[Tue Mar  2 13:00:12 2021]
rule summarise_indels:
    input: grasp_results/5/SICP/2/GRASP_ancestors.nwk, grasp_results/concatenated/5/SICP/2/GRASP_ancestors.fasta, indelible_output/5/cleaned_N0_trees/2.nwk, indelible_output/5/concatenated/2.fasta, indelible_dicts/5/leaves_2.p, indelible_dicts/5/gaps_2.p
    output: summaries/5/SICP/2.csv
    jobid: 30
    wildcards: taxon=5, method=SICP, rep=2

[Tue Mar  2 13:00:13 2021]
Finished job 30.
28 of 201 steps (14%) done
Select jobs to execute...

[Tue Mar  2 13:00:13 2021]
rule concat_indelible:
    input: indelible_output/10/10_TRUE_2.fasta, indelible_output/10/10_ANCESTRAL_2.fasta
    output: indelible_output/10/concatenated/10_2.fasta
    jobid: 67
    wildcards: taxon=10, rep=2

[Tue Mar  2 13:00:14 2021]
Finished job 67.
29 of 201 steps (14%) done
Select jobs to execute...

[Tue Mar  2 13:00:14 2021]
rule clean_fastml_parsimony:
    input: fastml_results/5/1/seq.marginal_Chars_ParsimonyIndels.txt, fastml_results/5/1/tree.newick.txt
    output: fastml_results_parsimony/5/concatenated/1/FastML_ancestors.fasta, fastml_results_parsimony/5/cleaned_trees/1/tree.nwk, fastml_results_parsimony/5/cleaned_N0_trees/1/tree.nwk
    jobid: 158
    wildcards: taxon=5, rep=1

[Tue Mar  2 13:00:15 2021]
Finished job 158.
30 of 201 steps (15%) done
Select jobs to execute...

[Tue Mar  2 13:00:15 2021]
rule concat_fasta:
    input: indelible_output/5/cleaned_aln/2.fasta, grasp_results/5/PSP/2/GRASP_ancestors.fasta
    output: grasp_results/concatenated/5/PSP/2/GRASP_ancestors.fasta
    jobid: 39
    wildcards: taxon=5, method=PSP, rep=2

[Tue Mar  2 13:00:15 2021]
Finished job 39.
31 of 201 steps (15%) done
Select jobs to execute...

[Tue Mar  2 13:00:15 2021]
rule run_grasp:
    input: indelible_output/15/cleaned_aln/2.fasta, indelible_output/15/cleaned_N0_trees/2.nwk
    output: grasp_results/15/BEML/2, grasp_results/15/BEML/2/GRASP_ancestors.fasta, grasp_results/15/BEML/2/GRASP_ancestors.nwk
    jobid: 147
    wildcards: taxon=15, method=BEML, rep=2

[Tue Mar  2 13:00:16 2021]
Finished job 147.
32 of 201 steps (16%) done
Select jobs to execute...

[Tue Mar  2 13:00:16 2021]
rule run_grasp:
    input: indelible_output/5/cleaned_aln/1.fasta, indelible_output/5/cleaned_N0_trees/1.nwk
    output: grasp_results/5/BEP/1, grasp_results/5/BEP/1/GRASP_ancestors.fasta, grasp_results/5/BEP/1/GRASP_ancestors.nwk
    jobid: 21
    wildcards: taxon=5, method=BEP, rep=1

[Tue Mar  2 13:00:16 2021]
Finished job 21.
33 of 201 steps (16%) done
Select jobs to execute...

[Tue Mar  2 13:00:16 2021]
rule run_grasp:
    input: indelible_output/15/cleaned_aln/2.fasta, indelible_output/15/cleaned_N0_trees/2.nwk
    output: grasp_results/15/BEP/2, grasp_results/15/BEP/2/GRASP_ancestors.fasta, grasp_results/15/BEP/2/GRASP_ancestors.nwk
    jobid: 126
    wildcards: taxon=15, method=BEP, rep=2

[Tue Mar  2 13:00:17 2021]
Finished job 126.
34 of 201 steps (17%) done
Select jobs to execute...

[Tue Mar  2 13:00:17 2021]
rule concat_fasta:
    input: indelible_output/15/cleaned_aln/2.fasta, grasp_results/15/BEP/2/GRASP_ancestors.fasta
    output: grasp_results/concatenated/15/BEP/2/GRASP_ancestors.fasta
    jobid: 127
    wildcards: taxon=15, method=BEP, rep=2

[Tue Mar  2 13:00:17 2021]
Finished job 127.
35 of 201 steps (17%) done
Select jobs to execute...

[Tue Mar  2 13:00:18 2021]
rule concat_fasta:
    input: indelible_output/5/cleaned_aln/1.fasta, grasp_results/5/PSML/1/GRASP_ancestors.fasta
    output: grasp_results/concatenated/5/PSML/1/GRASP_ancestors.fasta
    jobid: 50
    wildcards: taxon=5, method=PSML, rep=1

[Tue Mar  2 13:00:18 2021]
Finished job 50.
36 of 201 steps (18%) done
Select jobs to execute...

[Tue Mar  2 13:00:18 2021]
rule run_indelible:
    input: indelible/15_control.txt
    output: indelible_output/15/trees/1.nwk, indelible_output/15/15_TRUE_1.fasta, indelible_output/15/15_ANCESTRAL_1.fasta, indelible_output/15/N0_trees/1.nwk
    jobid: 109
    wildcards: taxon=15, rep=1

Warning: the following output files of rule run_indelible were not present when the DAG was created:
{'indelible_output/15/15_ANCESTRAL_1.fasta', 'indelible_output/15/15_TRUE_1.fasta', 'indelible_output/15/N0_trees/1.nwk'}
[Tue Mar  2 13:00:19 2021]
Finished job 109.
37 of 201 steps (18%) done
Select jobs to execute...

[Tue Mar  2 13:00:19 2021]
rule concat_fasta:
    input: indelible_output/15/cleaned_aln/2.fasta, grasp_results/15/SICML/2/GRASP_ancestors.fasta
    output: grasp_results/concatenated/15/SICML/2/GRASP_ancestors.fasta
    jobid: 119
    wildcards: taxon=15, method=SICML, rep=2

[Tue Mar  2 13:00:19 2021]
Finished job 119.
38 of 201 steps (19%) done
Select jobs to execute...

[Tue Mar  2 13:00:19 2021]
rule concat_fasta:
    input: indelible_output/15/cleaned_aln/2.fasta, grasp_results/15/PSP/2/GRASP_ancestors.fasta
    output: grasp_results/concatenated/15/PSP/2/GRASP_ancestors.fasta
    jobid: 141
    wildcards: taxon=15, method=PSP, rep=2

[Tue Mar  2 13:00:19 2021]
Finished job 141.
39 of 201 steps (19%) done
Select jobs to execute...

[Tue Mar  2 13:00:19 2021]
rule run_grasp:
    input: indelible_output/15/cleaned_aln/2.fasta, indelible_output/15/cleaned_N0_trees/2.nwk
    output: grasp_results/15/PSML/2, grasp_results/15/PSML/2/GRASP_ancestors.fasta, grasp_results/15/PSML/2/GRASP_ancestors.nwk
    jobid: 154
    wildcards: taxon=15, method=PSML, rep=2

[Tue Mar  2 13:00:20 2021]
Finished job 154.
40 of 201 steps (20%) done
Select jobs to execute...

[Tue Mar  2 13:00:20 2021]
rule run_fastml:
    input: indelible_output/15/cleaned_aln/2.fasta, indelible_output/15/cleaned_no_internal_trees/2.nwk
    output: fastml_results/15/2/seq.marginal_Chars_ParsimonyIndels.txt, fastml_results/15/2/seq.marginal_IndelAndChars.txt, fastml_results/15/2/tree.newick.txt, fastml_results/15/2
    jobid: 176
    wildcards: taxon=15, rep=2

[Tue Mar  2 13:00:35 2021]
Finished job 176.
41 of 201 steps (20%) done
Select jobs to execute...

[Tue Mar  2 13:00:35 2021]
rule clean_fastml_parsimony:
    input: fastml_results/15/2/seq.marginal_Chars_ParsimonyIndels.txt, fastml_results/15/2/tree.newick.txt
    output: fastml_results_parsimony/15/concatenated/2/FastML_ancestors.fasta, fastml_results_parsimony/15/cleaned_trees/2/tree.nwk, fastml_results_parsimony/15/cleaned_N0_trees/2/tree.nwk
    jobid: 175
    wildcards: taxon=15, rep=2

[Tue Mar  2 13:00:36 2021]
Finished job 175.
42 of 201 steps (21%) done
Select jobs to execute...

[Tue Mar  2 13:00:36 2021]
rule run_grasp:
    input: indelible_output/5/cleaned_aln/2.fasta, indelible_output/5/cleaned_N0_trees/2.nwk
    output: grasp_results/5/BEML/2, grasp_results/5/BEML/2/GRASP_ancestors.fasta, grasp_results/5/BEML/2/GRASP_ancestors.nwk
    jobid: 45
    wildcards: taxon=5, method=BEML, rep=2

[Tue Mar  2 13:00:37 2021]
Finished job 45.
43 of 201 steps (21%) done
Select jobs to execute...

[Tue Mar  2 13:00:37 2021]
rule run_grasp:
    input: indelible_output/5/cleaned_aln/2.fasta, indelible_output/5/cleaned_N0_trees/2.nwk
    output: grasp_results/5/PSML/2, grasp_results/5/PSML/2/GRASP_ancestors.fasta, grasp_results/5/PSML/2/GRASP_ancestors.nwk
    jobid: 52
    wildcards: taxon=5, method=PSML, rep=2

[Tue Mar  2 13:00:37 2021]
Finished job 52.
44 of 201 steps (22%) done
Select jobs to execute...

[Tue Mar  2 13:00:37 2021]
rule run_grasp:
    input: indelible_output/5/cleaned_aln/1.fasta, indelible_output/5/cleaned_N0_trees/1.nwk
    output: grasp_results/5/SICP/1, grasp_results/5/SICP/1/GRASP_ancestors.fasta, grasp_results/5/SICP/1/GRASP_ancestors.nwk
    jobid: 28
    wildcards: taxon=5, method=SICP, rep=1

[Tue Mar  2 13:00:38 2021]
Finished job 28.
45 of 201 steps (22%) done
Select jobs to execute...

[Tue Mar  2 13:00:38 2021]
rule concat_fasta:
    input: indelible_output/5/cleaned_aln/1.fasta, grasp_results/5/SICP/1/GRASP_ancestors.fasta
    output: grasp_results/concatenated/5/SICP/1/GRASP_ancestors.fasta
    jobid: 29
    wildcards: taxon=5, method=SICP, rep=1

[Tue Mar  2 13:00:38 2021]
Finished job 29.
46 of 201 steps (23%) done
Select jobs to execute...

[Tue Mar  2 13:00:38 2021]
rule concat_fasta:
    input: indelible_output/5/cleaned_aln/2.fasta, grasp_results/5/BEML/2/GRASP_ancestors.fasta
    output: grasp_results/concatenated/5/BEML/2/GRASP_ancestors.fasta
    jobid: 46
    wildcards: taxon=5, method=BEML, rep=2

[Tue Mar  2 13:00:38 2021]
Finished job 46.
47 of 201 steps (23%) done
Select jobs to execute...

[Tue Mar  2 13:00:38 2021]
rule summarise_indels:
    input: grasp_results/5/BEML/2/GRASP_ancestors.nwk, grasp_results/concatenated/5/BEML/2/GRASP_ancestors.fasta, indelible_output/5/cleaned_N0_trees/2.nwk, indelible_output/5/concatenated/2.fasta, indelible_dicts/5/leaves_2.p, indelible_dicts/5/gaps_2.p
    output: summaries/5/BEML/2.csv
    jobid: 44
    wildcards: taxon=5, method=BEML, rep=2

[Tue Mar  2 13:00:39 2021]
Finished job 44.
48 of 201 steps (24%) done
Select jobs to execute...

[Tue Mar  2 13:00:39 2021]
rule get_indelible_dict:
    input: indelible_output/15/concatenated/2.fasta, indelible_output/15/cleaned_N0_trees/2.nwk
    output: indelible_dicts/15/leaves_2.p, indelible_dicts/15/gaps_2.p
    jobid: 120
    wildcards: taxon=15, rep=2

[Tue Mar  2 13:00:41 2021]
Finished job 120.
49 of 201 steps (24%) done
Select jobs to execute...

[Tue Mar  2 13:00:41 2021]
rule summarise_indels:
    input: grasp_results/15/BEP/2/GRASP_ancestors.nwk, grasp_results/concatenated/15/BEP/2/GRASP_ancestors.fasta, indelible_output/15/cleaned_N0_trees/2.nwk, indelible_output/15/concatenated/2.fasta, indelible_dicts/15/leaves_2.p, indelible_dicts/15/gaps_2.p
    output: summaries/15/BEP/2.csv
    jobid: 125
    wildcards: taxon=15, method=BEP, rep=2

[Tue Mar  2 13:00:42 2021]
Finished job 125.
50 of 201 steps (25%) done
Select jobs to execute...

[Tue Mar  2 13:00:42 2021]
rule summarise_indels:
    input: grasp_results/15/SICP/2/GRASP_ancestors.nwk, grasp_results/concatenated/15/SICP/2/GRASP_ancestors.fasta, indelible_output/15/cleaned_N0_trees/2.nwk, indelible_output/15/concatenated/2.fasta, indelible_dicts/15/leaves_2.p, indelible_dicts/15/gaps_2.p
    output: summaries/15/SICP/2.csv
    jobid: 132
    wildcards: taxon=15, method=SICP, rep=2

[Tue Mar  2 13:00:43 2021]
Finished job 132.
51 of 201 steps (25%) done
Select jobs to execute...

[Tue Mar  2 13:00:43 2021]
rule summarise_indels:
    input: grasp_results/15/SICML/2/GRASP_ancestors.nwk, grasp_results/concatenated/15/SICML/2/GRASP_ancestors.fasta, indelible_output/15/cleaned_N0_trees/2.nwk, indelible_output/15/concatenated/2.fasta, indelible_dicts/15/leaves_2.p, indelible_dicts/15/gaps_2.p
    output: summaries/15/SICML/2.csv
    jobid: 114
    wildcards: taxon=15, method=SICML, rep=2

[Tue Mar  2 13:00:44 2021]
Finished job 114.
52 of 201 steps (26%) done
Select jobs to execute...

[Tue Mar  2 13:00:44 2021]
rule summarise_indels:
    input: grasp_results/15/PSP/2/GRASP_ancestors.nwk, grasp_results/concatenated/15/PSP/2/GRASP_ancestors.fasta, indelible_output/15/cleaned_N0_trees/2.nwk, indelible_output/15/concatenated/2.fasta, indelible_dicts/15/leaves_2.p, indelible_dicts/15/gaps_2.p
    output: summaries/15/PSP/2.csv
    jobid: 139
    wildcards: taxon=15, method=PSP, rep=2

[Tue Mar  2 13:00:46 2021]
Finished job 139.
53 of 201 steps (26%) done
Select jobs to execute...

[Tue Mar  2 13:00:46 2021]
rule summarise_fastml_parsimony_indels:
    input: fastml_results_parsimony/15/concatenated/2/FastML_ancestors.fasta, fastml_results_parsimony/15/cleaned_N0_trees/2/tree.nwk, indelible_output/15/cleaned_N0_trees/2.nwk, indelible_output/15/concatenated/2.fasta, indelible_dicts/15/leaves_2.p, indelible_dicts/15/gaps_2.p
    output: fastml_parsimony_summaries/15/fastml/2.csv
    jobid: 174
    wildcards: taxon=15, rep=2

[Tue Mar  2 13:00:47 2021]
Finished job 174.
54 of 201 steps (27%) done
Select jobs to execute...

[Tue Mar  2 13:00:47 2021]
rule summarise_indels:
    input: grasp_results/5/PSP/2/GRASP_ancestors.nwk, grasp_results/concatenated/5/PSP/2/GRASP_ancestors.fasta, indelible_output/5/cleaned_N0_trees/2.nwk, indelible_output/5/concatenated/2.fasta, indelible_dicts/5/leaves_2.p, indelible_dicts/5/gaps_2.p
    output: summaries/5/PSP/2.csv
    jobid: 37
    wildcards: taxon=5, method=PSP, rep=2

[Tue Mar  2 13:00:48 2021]
Finished job 37.
55 of 201 steps (27%) done
Select jobs to execute...

[Tue Mar  2 13:00:48 2021]
rule concat_fasta:
    input: indelible_output/15/cleaned_aln/2.fasta, grasp_results/15/BEML/2/GRASP_ancestors.fasta
    output: grasp_results/concatenated/15/BEML/2/GRASP_ancestors.fasta
    jobid: 148
    wildcards: taxon=15, method=BEML, rep=2

[Tue Mar  2 13:00:48 2021]
Finished job 148.
56 of 201 steps (28%) done
Select jobs to execute...

[Tue Mar  2 13:00:48 2021]
rule summarise_indels:
    input: grasp_results/15/BEML/2/GRASP_ancestors.nwk, grasp_results/concatenated/15/BEML/2/GRASP_ancestors.fasta, indelible_output/15/cleaned_N0_trees/2.nwk, indelible_output/15/concatenated/2.fasta, indelible_dicts/15/leaves_2.p, indelible_dicts/15/gaps_2.p
    output: summaries/15/BEML/2.csv
    jobid: 146
    wildcards: taxon=15, method=BEML, rep=2

[Tue Mar  2 13:00:49 2021]
Finished job 146.
57 of 201 steps (28%) done
Select jobs to execute...

[Tue Mar  2 13:00:49 2021]
rule concat_indelible:
    input: indelible_output/15/15_TRUE_1.fasta, indelible_output/15/15_ANCESTRAL_1.fasta
    output: indelible_output/15/concatenated/15_1.fasta
    jobid: 111
    wildcards: taxon=15, rep=1

[Tue Mar  2 13:00:49 2021]
Finished job 111.
58 of 201 steps (29%) done
Select jobs to execute...

[Tue Mar  2 13:00:49 2021]
rule clean_indelible:
    input: indelible_output/15/N0_trees/1.nwk, indelible_output/15/concatenated/15_1.fasta
    output: indelible_output/15/cleaned_aln/1.fasta, indelible_output/15/concatenated/1.fasta, indelible_output/15/cleaned_trees/1.nwk, indelible_output/15/cleaned_N0_trees/1.nwk, indelible_output/15/cleaned_no_internal_trees/1.nwk
    jobid: 108
    wildcards: taxon=15, rep=1

[Tue Mar  2 13:00:50 2021]
Finished job 108.
59 of 201 steps (29%) done
Select jobs to execute...

[Tue Mar  2 13:00:50 2021]
rule run_grasp:
    input: indelible_output/15/cleaned_aln/1.fasta, indelible_output/15/cleaned_N0_trees/1.nwk
    output: grasp_results/15/SICML/1, grasp_results/15/SICML/1/GRASP_ancestors.fasta, grasp_results/15/SICML/1/GRASP_ancestors.nwk
    jobid: 107
    wildcards: taxon=15, method=SICML, rep=1

[Tue Mar  2 13:00:51 2021]
Finished job 107.
60 of 201 steps (30%) done
Select jobs to execute...

[Tue Mar  2 13:00:51 2021]
rule get_indelible_dict:
    input: indelible_output/15/concatenated/1.fasta, indelible_output/15/cleaned_N0_trees/1.nwk
    output: indelible_dicts/15/leaves_1.p, indelible_dicts/15/gaps_1.p
    jobid: 113
    wildcards: taxon=15, rep=1

[Tue Mar  2 13:00:52 2021]
Finished job 113.
61 of 201 steps (30%) done
Select jobs to execute...

[Tue Mar  2 13:00:52 2021]
rule run_grasp:
    input: indelible_output/15/cleaned_aln/1.fasta, indelible_output/15/cleaned_N0_trees/1.nwk
    output: grasp_results/15/PSP/1, grasp_results/15/PSP/1/GRASP_ancestors.fasta, grasp_results/15/PSP/1/GRASP_ancestors.nwk
    jobid: 137
    wildcards: taxon=15, method=PSP, rep=1

[Tue Mar  2 13:00:53 2021]
Finished job 137.
62 of 201 steps (31%) done
Select jobs to execute...

[Tue Mar  2 13:00:53 2021]
rule run_grasp:
    input: indelible_output/15/cleaned_aln/1.fasta, indelible_output/15/cleaned_N0_trees/1.nwk
    output: grasp_results/15/BEML/1, grasp_results/15/BEML/1/GRASP_ancestors.fasta, grasp_results/15/BEML/1/GRASP_ancestors.nwk
    jobid: 144
    wildcards: taxon=15, method=BEML, rep=1

[Tue Mar  2 13:00:55 2021]
Finished job 144.
63 of 201 steps (31%) done
Select jobs to execute...

[Tue Mar  2 13:00:55 2021]
rule concat_fasta:
    input: indelible_output/15/cleaned_aln/1.fasta, grasp_results/15/SICML/1/GRASP_ancestors.fasta
    output: grasp_results/concatenated/15/SICML/1/GRASP_ancestors.fasta
    jobid: 112
    wildcards: taxon=15, method=SICML, rep=1

[Tue Mar  2 13:00:55 2021]
Finished job 112.
64 of 201 steps (32%) done
Select jobs to execute...

[Tue Mar  2 13:00:55 2021]
rule concat_fasta:
    input: indelible_output/15/cleaned_aln/1.fasta, grasp_results/15/PSP/1/GRASP_ancestors.fasta
    output: grasp_results/concatenated/15/PSP/1/GRASP_ancestors.fasta
    jobid: 138
    wildcards: taxon=15, method=PSP, rep=1

[Tue Mar  2 13:00:55 2021]
Finished job 138.
65 of 201 steps (32%) done
Select jobs to execute...

[Tue Mar  2 13:00:55 2021]
rule summarise_indels:
    input: grasp_results/15/PSP/1/GRASP_ancestors.nwk, grasp_results/concatenated/15/PSP/1/GRASP_ancestors.fasta, indelible_output/15/cleaned_N0_trees/1.nwk, indelible_output/15/concatenated/1.fasta, indelible_dicts/15/leaves_1.p, indelible_dicts/15/gaps_1.p
    output: summaries/15/PSP/1.csv
    jobid: 136
    wildcards: taxon=15, method=PSP, rep=1

[Tue Mar  2 13:00:56 2021]
Finished job 136.
66 of 201 steps (33%) done
Select jobs to execute...

[Tue Mar  2 13:00:56 2021]
rule run_grasp:
    input: indelible_output/15/cleaned_aln/1.fasta, indelible_output/15/cleaned_N0_trees/1.nwk
    output: grasp_results/15/PSML/1, grasp_results/15/PSML/1/GRASP_ancestors.fasta, grasp_results/15/PSML/1/GRASP_ancestors.nwk
    jobid: 151
    wildcards: taxon=15, method=PSML, rep=1

[Tue Mar  2 13:00:58 2021]
Finished job 151.
67 of 201 steps (33%) done
Select jobs to execute...

[Tue Mar  2 13:00:58 2021]
rule run_fastml:
    input: indelible_output/15/cleaned_aln/1.fasta, indelible_output/15/cleaned_no_internal_trees/1.nwk
    output: fastml_results/15/1/seq.marginal_Chars_ParsimonyIndels.txt, fastml_results/15/1/seq.marginal_IndelAndChars.txt, fastml_results/15/1/tree.newick.txt, fastml_results/15/1
    jobid: 173
    wildcards: taxon=15, rep=1

Terminating processes on user request, this might take some time.
Waiting at most 5 seconds for missing files.
MissingOutputException in line 53 of /Users/gabefoley/Dropbox/PhD/20210121_Indel_Evaluation_Project/Indel_Evaluation_Snakemake/Snakefile:
Job Missing files after 5 seconds:
fastml_results/15/1/seq.marginal_Chars_ParsimonyIndels.txt
fastml_results/15/1/seq.marginal_IndelAndChars.txt
fastml_results/15/1/tree.newick.txt
This might be due to filesystem latency. If that is the case, consider to increase the wait time with --latency-wait.
Job id: 173 completed successfully, but some output files are missing. 173
  File "/Users/gabefoley/miniconda3_latest/envs/indel_snakemake/lib/python3.9/site-packages/snakemake/executors/__init__.py", line 583, in handle_job_success
  File "/Users/gabefoley/miniconda3_latest/envs/indel_snakemake/lib/python3.9/site-packages/snakemake/executors/__init__.py", line 252, in handle_job_success
Removing output files of failed job run_fastml since they might be corrupted:
fastml_results/15/1
Complete log: /Users/gabefoley/Dropbox/PhD/20210121_Indel_Evaluation_Project/Indel_Evaluation_Snakemake/.snakemake/log/2021-03-02T125950.313391.snakemake.log
