Building DAG of jobs...
Using shell: /bin/bash
Provided cores: 1 (use --cores to define parallelism)
Rules claiming more threads will be scaled down.
Job counts:
	count	jobs
	1	create_control_files
	1	run_indelible
	2
Select jobs to execute...

[Mon Jan 25 08:06:03 2021]
rule create_control_files:
    output: indelible/20_control.txt
    jobid: 1
    wildcards: taxon=20

[Mon Jan 25 08:06:04 2021]
Finished job 1.
1 of 2 steps (50%) done
Select jobs to execute...

[Mon Jan 25 08:06:04 2021]
rule run_indelible:
    input: indelible/20_control.txt
    output: indelible_output/20/trees.txt
    jobid: 0
    wildcards: taxon=20

[Mon Jan 25 08:06:04 2021]
Finished job 0.
2 of 2 steps (100%) done
Complete log: /Users/gabefoley/Dropbox/PhD/20210121_Indel_Evaluation_Project/Indel_Evaluation_Snakemake/.snakemake/log/2021-01-25T080603.890744.snakemake.log
