Building DAG of jobs...
Using shell: /bin/bash
Provided cores: 1 (use --cores to define parallelism)
Rules claiming more threads will be scaled down.
Job counts:
	count	jobs
	2	clean_fastml
	2	clean_indelible
	1	compile_latex
	8	concat_fasta
	2	concat_fastml_summaries
	2	concat_indelible
	2	concat_indelible_summaries
	4	concat_summaries
	1	generate_latex
	1	generate_output_dict
	2	get_indelible_dict
	2	run_fastml
	8	run_grasp
	2	summarise_fastml_indels
	2	summarise_indelible
	8	summarise_indels
	49
Select jobs to execute...

[Tue Feb  2 14:56:57 2021]
rule concat_indelible:
    input: indelible_output/25/25_TRUE_1.fasta, indelible_output/25/25_ANCESTRAL_1.fasta
    output: indelible_output/25/concatenated/25_1.fasta
    jobid: 9
    wildcards: taxon=25, rep=1

[Tue Feb  2 14:56:57 2021]
Finished job 9.
1 of 49 steps (2%) done
Select jobs to execute...

[Tue Feb  2 14:56:57 2021]
rule concat_indelible:
    input: indelible_output/50/50_TRUE_1.fasta, indelible_output/50/50_ANCESTRAL_1.fasta
    output: indelible_output/50/concatenated/50_1.fasta
    jobid: 32
    wildcards: taxon=50, rep=1

[Tue Feb  2 14:56:57 2021]
Finished job 32.
2 of 49 steps (4%) done
Select jobs to execute...

[Tue Feb  2 14:56:57 2021]
rule clean_indelible:
    input: indelible_output/50/N0_trees/1.nwk, indelible_output/50/concatenated/50_1.fasta
    output: indelible_output/50/cleaned_aln/1.fasta, indelible_output/50/concatenated/1.fasta, indelible_output/50/cleaned_trees/1.nwk, indelible_output/50/cleaned_N0_trees/1.nwk, indelible_output/50/cleaned_no_internal_trees/1.nwk
    jobid: 29
    wildcards: taxon=50, rep=1

[Tue Feb  2 14:56:59 2021]
Finished job 29.
3 of 49 steps (6%) done
Select jobs to execute...

[Tue Feb  2 14:56:59 2021]
rule run_grasp:
    input: indelible_output/50/cleaned_aln/1.fasta, indelible_output/50/cleaned_N0_trees/1.nwk
    output: grasp_results/50/PSP/1, grasp_results/50/PSP/1/GRASP_ancestors.fasta, grasp_results/50/PSP/1/tree.nwk
    jobid: 44
    wildcards: taxon=50, method=PSP, rep=1

[Tue Feb  2 14:57:04 2021]
Error in rule run_grasp:
    jobid: 44
    output: grasp_results/50/PSP/1, grasp_results/50/PSP/1/GRASP_ancestors.fasta, grasp_results/50/PSP/1/tree.nwk
    shell:
        grasp -aln indelible_output/50/cleaned_aln/1.fasta -nwk indelible_output/50/cleaned_N0_trees/1.nwk -model LG -out grasp_results/50/PSP/1 -savetree grasp_results/50/PSP/1  -indel PSP -inf joint -gap
        (one of the commands exited with non-zero exit code; note that snakemake uses bash strict mode!)

Removing output files of failed job run_grasp since they might be corrupted:
grasp_results/50/PSP/1
Shutting down, this might take some time.
Exiting because a job execution failed. Look above for error message
Complete log: /Users/gabefoley/Dropbox/PhD/20210121_Indel_Evaluation_Project/Indel_Evaluation_Snakemake/.snakemake/log/2021-02-02T145656.855326.snakemake.log
