Building DAG of jobs...
Using shell: /bin/bash
Provided cores: 1 (use --cores to define parallelism)
Rules claiming more threads will be scaled down.
Job counts:
	count	jobs
	1	all
	2	create_control_files
	2	run_indelible
	4	split_trees
	9
Select jobs to execute...

[Mon Jan 25 00:03:43 2021]
rule create_control_files:
    output: indelible/40_control.txt
    jobid: 3
    wildcards: taxon=40

[Mon Jan 25 00:03:43 2021]
Finished job 3.
1 of 9 steps (11%) done
Select jobs to execute...

[Mon Jan 25 00:03:43 2021]
rule run_indelible:
    input: indelible/40_control.txt
    output: indelible_output/40/trees.txt
    jobid: 2
    wildcards: taxon=40

[Mon Jan 25 00:03:44 2021]
Finished job 2.
2 of 9 steps (22%) done
Select jobs to execute...

[Mon Jan 25 00:03:44 2021]
rule create_control_files:
    output: indelible/80_control.txt
    jobid: 7
    wildcards: taxon=80

[Mon Jan 25 00:03:44 2021]
Finished job 7.
3 of 9 steps (33%) done
Select jobs to execute...

[Mon Jan 25 00:03:44 2021]
rule run_indelible:
    input: indelible/80_control.txt
    output: indelible_output/80/trees.txt
    jobid: 6
    wildcards: taxon=80

[Mon Jan 25 00:03:44 2021]
Finished job 6.
4 of 9 steps (44%) done
Select jobs to execute...

[Mon Jan 25 00:03:44 2021]
rule split_trees:
    input: indelible_output/80/trees.txt
    output: indelible_output/80/cleaned_trees/80_tree_2.nwk
    jobid: 8
    wildcards: taxon=80, rep=2

[Mon Jan 25 00:03:45 2021]
Finished job 8.
5 of 9 steps (56%) done
Select jobs to execute...

[Mon Jan 25 00:03:45 2021]
rule split_trees:
    input: indelible_output/40/trees.txt
    output: indelible_output/40/cleaned_trees/40_tree_1.nwk
    jobid: 1
    wildcards: taxon=40, rep=1

[Mon Jan 25 00:03:45 2021]
Finished job 1.
6 of 9 steps (67%) done
Select jobs to execute...

[Mon Jan 25 00:03:45 2021]
rule split_trees:
    input: indelible_output/80/trees.txt
    output: indelible_output/80/cleaned_trees/80_tree_1.nwk
    jobid: 5
    wildcards: taxon=80, rep=1

Warning: the following output files of rule split_trees were not present when the DAG was created:
{'indelible_output/80/cleaned_trees/80_tree_1.nwk'}
[Mon Jan 25 00:03:45 2021]
Finished job 5.
7 of 9 steps (78%) done
Select jobs to execute...

[Mon Jan 25 00:03:45 2021]
rule split_trees:
    input: indelible_output/40/trees.txt
    output: indelible_output/40/cleaned_trees/40_tree_2.nwk
    jobid: 4
    wildcards: taxon=40, rep=2

Warning: the following output files of rule split_trees were not present when the DAG was created:
{'indelible_output/40/cleaned_trees/40_tree_2.nwk'}
[Mon Jan 25 00:03:46 2021]
Finished job 4.
8 of 9 steps (89%) done
Select jobs to execute...

[Mon Jan 25 00:03:46 2021]
localrule all:
    input: indelible_output/40/cleaned_trees/40_tree_1.nwk, indelible_output/40/cleaned_trees/40_tree_2.nwk, indelible_output/80/cleaned_trees/80_tree_1.nwk, indelible_output/80/cleaned_trees/80_tree_2.nwk
    jobid: 0

[Mon Jan 25 00:03:46 2021]
Finished job 0.
9 of 9 steps (100%) done
Complete log: /Users/gabefoley/Dropbox/PhD/20210121_Indel_Evaluation_Project/Indel_Evaluation_Snakemake/.snakemake/log/2021-01-25T000343.338110.snakemake.log
