Building DAG of jobs...
Using shell: /bin/bash
Provided cores: 1 (use --cores to define parallelism)
Rules claiming more threads will be scaled down.
Job counts:
	count	jobs
	1	all
	4	clean_fasta
	1	create_control_files
	2	run_indelible
	8
Select jobs to execute...

[Mon Jan 25 12:09:16 2021]
rule clean_fasta:
    input: indelible_output/40/40_TRUE_1.fasta
    output: indelible_output/40/cleaned_aln/40_TRUE_1.fasta
    jobid: 7
    wildcards: taxon=40, rep=1

[Mon Jan 25 12:09:16 2021]
Finished job 7.
1 of 8 steps (12%) done
Select jobs to execute...

[Mon Jan 25 12:09:16 2021]
rule clean_fasta:
    input: indelible_output/40/40_TRUE_2.fasta
    output: indelible_output/40/cleaned_aln/40_TRUE_2.fasta
    jobid: 8
    wildcards: taxon=40, rep=2

[Mon Jan 25 12:09:16 2021]
Finished job 8.
2 of 8 steps (25%) done
Select jobs to execute...

[Mon Jan 25 12:09:16 2021]
rule create_control_files:
    output: indelible/80_control.txt
    jobid: 5
    wildcards: taxon=80

[Mon Jan 25 12:09:17 2021]
Finished job 5.
3 of 8 steps (38%) done
Select jobs to execute...

[Mon Jan 25 12:09:17 2021]
rule run_indelible:
    input: indelible/80_control.txt
    output: indelible_output/80/cleaned_trees/80_tree_1.nwk, indelible_output/80/80_TRUE_1.fasta
    jobid: 4
    wildcards: taxon=80, rep=1

[Mon Jan 25 12:09:17 2021]
Finished job 4.
4 of 8 steps (50%) done
Select jobs to execute...

[Mon Jan 25 12:09:17 2021]
rule run_indelible:
    input: indelible/80_control.txt
    output: indelible_output/80/cleaned_trees/80_tree_2.nwk, indelible_output/80/80_TRUE_2.fasta
    jobid: 6
    wildcards: taxon=80, rep=2

Warning: the following output files of rule run_indelible were not present when the DAG was created:
{'indelible_output/80/cleaned_trees/80_tree_2.nwk', 'indelible_output/80/80_TRUE_2.fasta'}
[Mon Jan 25 12:09:18 2021]
Finished job 6.
5 of 8 steps (62%) done
Select jobs to execute...

[Mon Jan 25 12:09:18 2021]
rule clean_fasta:
    input: indelible_output/80/80_TRUE_1.fasta
    output: indelible_output/80/cleaned_aln/80_TRUE_1.fasta
    jobid: 9
    wildcards: taxon=80, rep=1

[Mon Jan 25 12:09:18 2021]
Finished job 9.
6 of 8 steps (75%) done
Select jobs to execute...

[Mon Jan 25 12:09:18 2021]
rule clean_fasta:
    input: indelible_output/80/80_TRUE_2.fasta
    output: indelible_output/80/cleaned_aln/80_TRUE_2.fasta
    jobid: 10
    wildcards: taxon=80, rep=2

[Mon Jan 25 12:09:18 2021]
Finished job 10.
7 of 8 steps (88%) done
Select jobs to execute...

[Mon Jan 25 12:09:18 2021]
localrule all:
    input: indelible_output/40/cleaned_trees/40_tree_1.nwk, indelible_output/40/cleaned_trees/40_tree_2.nwk, indelible_output/80/cleaned_trees/80_tree_1.nwk, indelible_output/80/cleaned_trees/80_tree_2.nwk, indelible_output/40/cleaned_aln/40_TRUE_1.fasta, indelible_output/40/cleaned_aln/40_TRUE_2.fasta, indelible_output/80/cleaned_aln/80_TRUE_1.fasta, indelible_output/80/cleaned_aln/80_TRUE_2.fasta
    jobid: 0

[Mon Jan 25 12:09:18 2021]
Finished job 0.
8 of 8 steps (100%) done
Complete log: /Users/gabefoley/Dropbox/PhD/20210121_Indel_Evaluation_Project/Indel_Evaluation_Snakemake/.snakemake/log/2021-01-25T120916.085765.snakemake.log
