Building DAG of jobs...
Using shell: /bin/bash
Provided cores: 1 (use --cores to define parallelism)
Rules claiming more threads will be scaled down.
Job counts:
	count	jobs
	1	clean_indelible
	1	compile_latex
	1	concat_fasta
	1	concat_indelible
	1	concat_indelible_summaries
	1	concat_summaries
	1	generate_latex
	1	generate_output_dict
	1	get_indelible_dict
	1	run_grasp
	1	summarise_indelible
	1	summarise_indels
	12
Select jobs to execute...

[Thu Feb 18 09:13:17 2021]
rule concat_indelible:
    input: indelible_output/5/5_TRUE_2.fasta, indelible_output/5/5_ANCESTRAL_2.fasta
    output: indelible_output/5/concatenated/5_2.fasta
    jobid: 16
    wildcards: taxon=5, rep=2

[Thu Feb 18 09:13:17 2021]
Finished job 16.
1 of 12 steps (8%) done
Select jobs to execute...

[Thu Feb 18 09:13:17 2021]
rule clean_indelible:
    input: indelible_output/5/N0_trees/2.nwk, indelible_output/5/concatenated/5_2.fasta
    output: indelible_output/5/cleaned_aln/2.fasta, indelible_output/5/concatenated/2.fasta, indelible_output/5/cleaned_trees/2.nwk, indelible_output/5/cleaned_N0_trees/2.nwk, indelible_output/5/cleaned_no_internal_trees/2.nwk
    jobid: 14
    wildcards: taxon=5, rep=2

[Thu Feb 18 09:13:18 2021]
Finished job 14.
2 of 12 steps (17%) done
Select jobs to execute...

[Thu Feb 18 09:13:18 2021]
rule get_indelible_dict:
    input: indelible_output/5/concatenated/2.fasta, indelible_output/5/cleaned_N0_trees/2.nwk
    output: indelible_dicts/5/leaves_2.p, indelible_dicts/5/gaps_2.p
    jobid: 18
    wildcards: taxon=5, rep=2

[Thu Feb 18 09:13:19 2021]
Finished job 18.
3 of 12 steps (25%) done
Select jobs to execute...

[Thu Feb 18 09:13:19 2021]
rule summarise_indelible:
    input: indelible_output/5/cleaned_N0_trees/2.nwk, indelible_output/5/concatenated/2.fasta, indelible_output/5/cleaned_N0_trees/2.nwk, indelible_output/5/concatenated/2.fasta, indelible_dicts/5/leaves_2.p, indelible_dicts/5/gaps_2.p
    output: indelible_summaries/5/2.csv
    jobid: 21
    wildcards: taxon=5, rep=2

[Thu Feb 18 09:13:20 2021]
Finished job 21.
4 of 12 steps (33%) done
Select jobs to execute...

[Thu Feb 18 09:13:20 2021]
rule concat_indelible_summaries:
    input: indelible_summaries/5/1.csv, indelible_summaries/5/2.csv
    output: concatenated_indelible_summaries/5.csv
    jobid: 19
    wildcards: taxon=5

[Thu Feb 18 09:13:20 2021]
Finished job 19.
5 of 12 steps (42%) done
Select jobs to execute...

[Thu Feb 18 09:13:20 2021]
rule run_grasp:
    input: indelible_output/5/cleaned_aln/2.fasta, indelible_output/5/cleaned_N0_trees/2.nwk
    output: grasp_results/5/SICML/2, grasp_results/5/SICML/2/GRASP_ancestors.fasta, grasp_results/5/SICML/2/GRASP_ancestors.nwk
    jobid: 13
    wildcards: taxon=5, method=SICML, rep=2

[Thu Feb 18 09:13:21 2021]
Finished job 13.
6 of 12 steps (50%) done
Select jobs to execute...

[Thu Feb 18 09:13:21 2021]
rule concat_fasta:
    input: indelible_output/5/cleaned_aln/2.fasta, grasp_results/5/SICML/2/GRASP_ancestors.fasta
    output: grasp_results/concatenated/5/SICML/2/GRASP_ancestors.fasta
    jobid: 17
    wildcards: taxon=5, method=SICML, rep=2

[Thu Feb 18 09:13:21 2021]
Finished job 17.
7 of 12 steps (58%) done
Select jobs to execute...

[Thu Feb 18 09:13:21 2021]
rule summarise_indels:
    input: grasp_results/5/SICML/2/GRASP_ancestors.nwk, grasp_results/concatenated/5/SICML/2/GRASP_ancestors.fasta, indelible_output/5/cleaned_N0_trees/2.nwk, indelible_output/5/concatenated/2.fasta, indelible_dicts/5/leaves_2.p, indelible_dicts/5/gaps_2.p
    output: summaries/5/SICML/2.csv
    jobid: 12
    wildcards: taxon=5, method=SICML, rep=2

[Thu Feb 18 09:13:21 2021]
Finished job 12.
8 of 12 steps (67%) done
Select jobs to execute...

[Thu Feb 18 09:13:22 2021]
rule concat_summaries:
    input: summaries/5/SICML/1.csv, summaries/5/SICML/2.csv
    output: concatenated_summaries/5_SICML.csv
    jobid: 3
    wildcards: taxon=5, method=SICML

[Thu Feb 18 09:13:22 2021]
Finished job 3.
9 of 12 steps (75%) done
Select jobs to execute...

[Thu Feb 18 09:13:22 2021]
rule generate_output_dict:
    input: concatenated_summaries/5_SICML.csv, concatenated_indelible_summaries/5.csv
    output: output_dicts/output.p
    jobid: 2

[Thu Feb 18 09:13:24 2021]
Finished job 2.
10 of 12 steps (83%) done
Select jobs to execute...

[Thu Feb 18 09:13:24 2021]
rule generate_latex:
    input: output_dicts/output.p
    output: plots/plot.tex
    jobid: 1

[Thu Feb 18 09:13:24 2021]
Finished job 1.
11 of 12 steps (92%) done
Select jobs to execute...

[Thu Feb 18 09:13:24 2021]
rule compile_latex:
    input: plots/plot.tex
    output: plots/plot.pdf
    jobid: 0

[Thu Feb 18 09:13:25 2021]
Finished job 0.
12 of 12 steps (100%) done
Complete log: /Users/gabefoley/Dropbox/PhD/20210121_Indel_Evaluation_Project/Indel_Evaluation_Snakemake/.snakemake/log/2021-02-18T091317.614176.snakemake.log
